current pwr_bound is 1e-1
cfgFile=sz.config
[SZ] Reading SZ configuration file (sz.config) ...
point count: 960
pwrLength=30
pwrErrBoundBytes_size=60
pw_relBoundRatio=0.100000
hit: 958
miss: 0
length of statenum:65536
nodecount=15
treeByteSize=106
enCodeSize=247
-------insight of tdps
dataLength=960
exactDataNum=2
realPrecision=9728.000000
medianValue=0.000000
reqLength=15
quantization_intervals=20000
pwrErrBoundBytes_size=60
radExpo=16
-----------------------
timecost, 0.004168, seconds
done
input file size: 7680
output file size: 311
sz compression ratio, 24.69 
timecost, 0.003919, second
done
Max absolute error = 9294.5546875
Max relative error = 0.27045404429733727047
Max pw_relative err = 0.097045580054313268503
../model_comparison/inputdata/sample_1/yf17_p.dat, ../model_comparison/inputdata/sample_1/yf17_p.dat.sz.out, 960
size of double: 8
98423.546875, 98304.000000, -119.546875
98116.515625, 90112.000000, -8004.515625
98064.546875, 99328.000000, 1263.453125
97625.507812, 91136.000000, -6489.507812
96732.617188, 100352.000000, 3619.382812
97020.367188, 92160.000000, -4860.367188
97397.070312, 101376.000000, 3978.929688
95673.960938, 93184.000000, -2489.960938
95073.507812, 102400.000000, 7326.492188
93467.882812, 94208.000000, 740.117188
91752.382812, 86016.000000, -5736.382812
88902.359375, 95232.000000, 6329.640625
90059.835938, 87040.000000, -3019.835938
89556.835938, 96256.000000, 6699.164062
89061.750000, 88064.000000, -997.750000
89553.117188, 97280.000000, 7726.882812
89034.265625, 89088.000000, 53.734375
88556.593750, 80896.000000, -7660.593750
88998.031250, 90112.000000, 1113.968750
87897.796875, 81920.000000, -5977.796875
87825.070312, 91136.000000, 3310.929688
87867.007812, 82944.000000, -4923.007812
88599.593750, 92160.000000, 3560.406250
88640.757812, 83968.000000, -4672.757812
88508.851562, 93184.000000, 4675.148438
88609.078125, 84992.000000, -3617.078125
88132.101562, 94208.000000, 6075.898438
88045.976562, 86016.000000, -2029.976562
87483.882812, 95232.000000, 7748.117188
87853.703125, 87040.000000, -813.703125
88038.937500, 96256.000000, 8217.062500
88089.796875, 88064.000000, -25.796875
87465.484375, 79872.000000, -7593.484375
88178.953125, 89088.000000, 909.046875
88386.812500, 80896.000000, -7490.812500
88487.617188, 90112.000000, 1624.382812
89065.679688, 81920.000000, -7145.679688
88848.781250, 91136.000000, 2287.218750
88769.343750, 82944.000000, -5825.343750
89277.718750, 92160.000000, 2882.281250
101377.085938, 101376.000000, -1.085938
101381.601562, 93184.000000, -8197.601562
101385.851562, 102400.000000, 1014.148438
101390.757812, 94208.000000, -7182.757812
101395.304688, 103424.000000, 2028.695312
101398.515625, 95232.000000, -6166.515625
101400.937500, 104448.000000, 3047.062500
101401.593750, 96256.000000, -5145.593750
101401.070312, 105472.000000, 4070.929688
101398.781250, 97280.000000, -4118.781250
101394.578125, 106496.000000, 5101.421875
101387.992188, 98304.000000, -3083.992188
101379.570312, 107520.000000, 6140.429688
101370.914062, 99328.000000, -2042.914062
101362.234375, 108544.000000, 7181.765625
101353.023438, 100352.000000, -1001.023438
101344.992188, 109568.000000, 8223.007812
101338.453125, 101376.000000, 37.546875
101333.359375, 93184.000000, -8149.359375
101329.328125, 102400.000000, 1070.671875
101327.015625, 94208.000000, -7119.015625
101326.218750, 103424.000000, 2097.781250
101325.914062, 95232.000000, -6093.914062
101325.953125, 104448.000000, 3122.046875
101325.945312, 97280.000000, -4045.945312
101325.851562, 106496.000000, 5170.148438
101336.117188, 99328.000000, -2008.117188
101335.750000, 108544.000000, 7208.250000
101335.929688, 101376.000000, 40.070312
101337.507812, 94208.000000, -7129.507812
101337.867188, 103424.000000, 2086.132812
101335.835938, 96256.000000, -5079.835938
101337.679688, 105472.000000, 4134.320312
101336.945312, 98304.000000, -3032.945312
101338.671875, 107520.000000, 6181.328125
101338.906250, 100352.000000, -986.906250
101337.312500, 93184.000000, -8153.312500
101337.984375, 102400.000000, 1062.015625
101338.023438, 95232.000000, -6106.023438
101335.632812, 104448.000000, 3112.367188
86498.398438, 80896.000000, -5602.398438
88559.546875, 90112.000000, 1552.453125
88569.125000, 82944.000000, -5625.125000
88844.781250, 92160.000000, 3315.218750
108654.632812, 101376.000000, -7278.632812
89096.328125, 94208.000000, 5111.671875
107028.546875, 103424.000000, -3604.546875
105974.210938, 112640.000000, 6665.789062
105408.085938, 105472.000000, 63.914062
89368.375000, 81920.000000, -7448.375000
104942.703125, 107520.000000, 2577.296875
104478.804688, 100352.000000, -4126.804688
104013.804688, 109568.000000, 5554.195312
86088.187500, 86016.000000, -72.187500
90200.945312, 95232.000000, 5031.054688
118408.210938, 120832.000000, 2423.789062
87666.359375, 94208.000000, 6541.640625
87160.320312, 84992.000000, -2168.320312
92551.640625, 93184.000000, 632.359375
103589.867188, 101376.000000, -2213.867188
117134.429688, 109568.000000, -7566.429688
102829.335938, 100352.000000, -2477.335938
112023.695312, 108544.000000, -3479.695312
92468.773438, 99328.000000, 6859.226562
93665.007812, 90112.000000, -3553.007812
89044.414062, 80896.000000, -8148.414062
94620.210938, 89088.000000, -5532.210938
101564.289062, 97280.000000, -4284.289062
100650.828125, 105472.000000, 4821.171875
95504.468750, 96256.000000, 751.531250
89997.000000, 87040.000000, -2957.000000
98915.484375, 95232.000000, -3683.484375
97060.101562, 103424.000000, 6363.898438
89723.148438, 94208.000000, 4484.851562
91116.390625, 84992.000000, -6124.390625
90000.132812, 93184.000000, 3183.867188
104629.273438, 101376.000000, -3253.273438
104221.835938, 109568.000000, 5346.164062
103772.750000, 100352.000000, -3420.750000
103890.953125, 108544.000000, 4653.046875
101389.906250, 99328.000000, -2061.906250
101390.570312, 107520.000000, 6129.429688
101391.476562, 98304.000000, -3087.476562
101391.843750, 106496.000000, 5104.156250
101390.515625, 97280.000000, -4110.515625
101388.820312, 105472.000000, 4083.179688
101391.218750, 96256.000000, -5135.218750
101389.359375, 104448.000000, 3058.640625
101391.835938, 93184.000000, -8207.835938
101390.039062, 101376.000000, -14.039062
101386.984375, 109568.000000, 8181.015625
101392.445312, 98304.000000, -3088.445312
101386.500000, 106496.000000, 5109.500000
101379.328125, 95232.000000, -6147.328125
101382.710938, 103424.000000, 2041.289062
101391.156250, 92160.000000, -9231.156250
101392.585938, 100352.000000, -1040.585938
101392.312500, 108544.000000, 7151.687500
101392.000000, 97280.000000, -4112.000000
101391.953125, 105472.000000, 4080.046875
101391.539062, 94208.000000, -7183.539062
101391.054688, 102400.000000, 1008.945312
101391.343750, 110592.000000, 9200.656250
101390.546875, 99328.000000, -2062.546875
101392.859375, 107520.000000, 6127.140625
101394.367188, 96256.000000, -5138.367188
101395.000000, 104448.000000, 3053.000000
101393.500000, 93184.000000, -8209.500000
101395.320312, 101376.000000, -19.320312
101396.070312, 109568.000000, 8171.929688
101393.953125, 98304.000000, -3089.953125
101396.546875, 106496.000000, 5099.453125
101395.750000, 95232.000000, -6163.750000
101396.023438, 103424.000000, 2027.976562
101394.453125, 92160.000000, -9234.453125
101396.281250, 100352.000000, -1044.281250
101395.210938, 108544.000000, 7148.789062
101393.968750, 97280.000000, -4113.968750
101393.539062, 105472.000000, 4078.460938
101391.195312, 94208.000000, -7183.195312
99852.007812, 100352.000000, 499.992188
99379.312500, 106496.000000, 7116.687500
103125.398438, 95232.000000, -7893.398438
94592.453125, 101376.000000, 6783.546875
110742.242188, 107520.000000, -3222.242188
108763.859375, 113664.000000, 4900.140625
95889.539062, 102400.000000, 6510.460938
97331.679688, 91136.000000, -6195.679688
111795.820312, 114688.000000, 2892.179688
103036.812500, 103424.000000, 387.187500
102213.203125, 109568.000000, 7354.796875
103936.718750, 98304.000000, -5632.718750
91124.148438, 87040.000000, -4084.148438
109512.460938, 110592.000000, 1079.539062
103891.226562, 99328.000000, -4563.226562
105151.156250, 105472.000000, 320.843750
91359.695312, 94208.000000, 2848.304688
93565.812500, 100352.000000, 6786.187500
102701.593750, 106496.000000, 3794.406250
104992.187500, 112640.000000, 7647.812500
94273.296875, 101376.000000, 7102.703125
112011.484375, 107520.000000, -4491.484375
103550.515625, 96256.000000, -7294.515625
93536.242188, 84992.000000, -8544.242188
96555.070312, 91136.000000, -5419.070312
98920.187500, 97280.000000, -1640.187500
93324.937500, 86016.000000, -7308.937500
93488.585938, 92160.000000, -1328.585938
102568.179688, 98304.000000, -4264.179688
111993.593750, 104448.000000, -7545.593750
112355.820312, 110592.000000, -1763.820312
105970.906250, 99328.000000, -6642.906250
93043.406250, 88064.000000, -4979.406250
114009.500000, 113664.000000, -345.500000
92174.773438, 83968.000000, -8206.773438
99472.507812, 91136.000000, -8336.507812
112114.593750, 116736.000000, 4621.406250
95172.390625, 87040.000000, -8132.390625
111844.312500, 112640.000000, 795.687500
111513.921875, 119808.000000, 8294.078125
98695.687500, 90112.000000, -8583.687500
102468.429688, 97280.000000, -5188.429688
102550.937500, 104448.000000, 1897.062500
100009.171875, 93184.000000, -6825.171875
100314.593750, 100352.000000, 37.406250
98706.851562, 107520.000000, 8813.148438
99091.406250, 96256.000000, -2835.406250
102235.390625, 103424.000000, 1188.609375
98999.640625, 92160.000000, -6839.640625
105927.140625, 99328.000000, -6599.140625
99749.210938, 106496.000000, 6746.789062
99494.085938, 95232.000000, -4262.085938
97648.570312, 102400.000000, 4751.429688
108260.210938, 109568.000000, 1307.789062
101059.585938, 98304.000000, -2755.585938
99681.953125, 105472.000000, 5790.046875
99731.523438, 94208.000000, -5523.523438
100129.445312, 101376.000000, 1246.554688
99926.406250, 108544.000000, 8617.593750
100149.835938, 97280.000000, -2869.835938
100463.078125, 104448.000000, 3984.921875
100419.148438, 93184.000000, -7235.148438
105433.875000, 100352.000000, -5081.875000
104407.257812, 107520.000000, 3112.742188
103855.414062, 96256.000000, -7599.414062
97936.078125, 103424.000000, 5487.921875
100667.976562, 92160.000000, -8507.976562
99111.156250, 99328.000000, 216.843750
99211.312500, 106496.000000, 7284.687500
99250.304688, 95232.000000, -4018.304688
99641.500000, 102400.000000, 2758.500000
100309.234375, 91136.000000, -9173.234375
98514.132812, 98304.000000, -210.132812
97758.875000, 105472.000000, 7713.125000
98957.765625, 94208.000000, -4749.765625
99149.382812, 101376.000000, 2226.617188
99741.820312, 108544.000000, 8802.179688
99295.882812, 97280.000000, -2015.882812
100852.867188, 104448.000000, 3595.132812
100651.632812, 93184.000000, -7467.632812
105207.960938, 100352.000000, -4855.960938
105596.421875, 107520.000000, 1923.578125
110051.062500, 114688.000000, 4636.937500
105057.789062, 103424.000000, -1633.789062
106233.023438, 110592.000000, 4358.976562
107222.210938, 99328.000000, -7894.210938
104747.062500, 106496.000000, 1748.937500
94183.945312, 95232.000000, 1048.054688
101999.148438, 102400.000000, 400.851562
102613.718750, 109568.000000, 6954.281250
102348.117188, 98304.000000, -4044.117188
102766.164062, 105472.000000, 2705.835938
102638.203125, 94208.000000, -8430.203125
102171.835938, 101376.000000, -795.835938
103423.351562, 108544.000000, 5120.648438
110642.820312, 115712.000000, 5069.179688
109274.468750, 104448.000000, -4826.468750
96367.867188, 93184.000000, -3183.867188
97299.054688, 100352.000000, 3052.945312
99852.796875, 107520.000000, 7667.203125
94827.625000, 96256.000000, 1428.375000
119728.226562, 121856.000000, 2127.773438
111492.718750, 110592.000000, -900.718750
114664.390625, 117760.000000, 3095.609375
109167.359375, 106496.000000, -2671.359375
111487.093750, 113664.000000, 2176.906250
116531.382812, 120832.000000, 4300.617188
120454.671875, 128000.000000, 7545.328125
100499.593750, 98304.000000, -2195.593750
101450.898438, 105472.000000, 4021.101562
102215.765625, 94208.000000, -8007.765625
99727.492188, 101376.000000, 1648.507812
101228.585938, 108544.000000, 7315.414062
100519.796875, 97280.000000, -3239.796875
118386.953125, 122880.000000, 4493.046875
94626.515625, 93184.000000, -1442.515625
95625.742188, 100352.000000, 4726.257812
100585.914062, 107520.000000, 6934.085938
103434.250000, 96256.000000, -7178.250000
103184.718750, 103424.000000, 239.281250
99405.351562, 92160.000000, -7245.351562
101338.882812, 99328.000000, -2010.882812
101300.117188, 106496.000000, 5195.882812
101231.867188, 95232.000000, -5999.867188
101463.507812, 102400.000000, 936.492188
102121.804688, 109568.000000, 7446.195312
99753.968750, 98304.000000, -1449.968750
99471.687500, 105472.000000, 6000.312500
99731.226562, 94208.000000, -5523.226562
96286.289062, 101376.000000, 5089.710938
95795.937500, 90112.000000, -5683.937500
96400.203125, 97280.000000, 879.796875
96410.328125, 104448.000000, 8037.671875
97011.765625, 93184.000000, -3827.765625
97980.765625, 100352.000000, 2371.234375
100372.351562, 107520.000000, 7147.648438
98636.476562, 96256.000000, -2380.476562
96615.914062, 103424.000000, 6808.085938
97360.289062, 92160.000000, -5200.289062
97853.007812, 99328.000000, 1474.992188
99767.359375, 106496.000000, 6728.640625
99733.312500, 95232.000000, -4501.312500
98760.812500, 102400.000000, 3639.187500
102856.968750, 109568.000000, 6711.031250
94832.929688, 98304.000000, 3471.070312
95380.929688, 87040.000000, -8340.929688
101791.914062, 94208.000000, -7583.914062
101594.976562, 101376.000000, -218.976562
101596.335938, 108544.000000, 6947.664062
101530.929688, 97280.000000, -4250.929688
101081.601562, 104448.000000, 3366.398438
101792.554688, 93184.000000, -8608.554688
99339.140625, 100352.000000, 1012.859375
101378.914062, 107520.000000, 6141.085938
99453.960938, 96256.000000, -3197.960938
99494.570312, 103424.000000, 3929.429688
102598.054688, 110592.000000, 7993.945312
103815.132812, 99328.000000, -4487.132812
102832.343750, 106496.000000, 3663.656250
103527.921875, 95232.000000, -8295.921875
94819.085938, 102400.000000, 7580.914062
94966.851562, 91136.000000, -3830.851562
100103.281250, 98304.000000, -1799.281250
101687.304688, 105472.000000, 3784.695312
101043.046875, 94208.000000, -6835.046875
101075.062500, 101376.000000, 300.937500
101773.070312, 108544.000000, 6770.929688
93484.835938, 97280.000000, 3795.164062
100219.656250, 104448.000000, 4228.343750
101207.890625, 93184.000000, -8023.890625
100927.703125, 100352.000000, -575.703125
95416.226562, 89088.000000, -6328.226562
95012.546875, 96256.000000, 1243.453125
103213.445312, 103424.000000, 210.554688
103430.429688, 110592.000000, 7161.570312
103339.851562, 99328.000000, -4011.851562
101997.492188, 106496.000000, 4498.507812
99669.101562, 95232.000000, -4437.101562
93341.609375, 102400.000000, 9058.390625
95529.304688, 91136.000000, -4393.304688
94379.351562, 98304.000000, 3924.648438
96264.656250, 105472.000000, 9207.343750
96443.414062, 94208.000000, -2235.414062
96344.710938, 101376.000000, 5031.289062
97098.882812, 90112.000000, -6986.882812
96695.093750, 97280.000000, 584.906250
97534.421875, 104448.000000, 6913.578125
99311.226562, 93184.000000, -6127.226562
99717.609375, 100352.000000, 634.390625
99328.679688, 107520.000000, 8191.320312
98616.062500, 96256.000000, -2360.062500
99237.125000, 103424.000000, 4186.875000
101701.382812, 110592.000000, 8890.617188
100318.773438, 99328.000000, -990.773438
98970.539062, 106496.000000, 7525.460938
98910.445312, 95232.000000, -3678.445312
99270.851562, 102400.000000, 3129.148438
100025.390625, 91136.000000, -8889.390625
100032.234375, 98304.000000, -1728.234375
96148.476562, 87040.000000, -9108.476562
99619.046875, 94208.000000, -5411.046875
99929.429688, 101376.000000, 1446.570312
99927.929688, 108544.000000, 8616.070312
99738.078125, 97280.000000, -2458.078125
99961.414062, 104448.000000, 4486.585938
100037.351562, 93184.000000, -6853.351562
99873.273438, 100352.000000, 478.726562
99828.312500, 107520.000000, 7691.687500
95936.328125, 96256.000000, 319.671875
108243.781250, 103424.000000, -4819.781250
97107.078125, 92160.000000, -4947.078125
95872.093750, 99328.000000, 3455.906250
100319.539062, 106496.000000, 6176.460938
98600.156250, 95232.000000, -3368.156250
98441.875000, 102400.000000, 3958.125000
98313.875000, 91136.000000, -7177.875000
97898.789062, 98304.000000, 405.210938
100003.187500, 105472.000000, 5468.812500
99968.125000, 94208.000000, -5760.125000
100037.304688, 101376.000000, 1338.695312
99471.054688, 108544.000000, 9072.945312
99528.898438, 97280.000000, -2248.898438
99514.070312, 104448.000000, 4933.929688
101038.625000, 93184.000000, -7854.625000
100571.187500, 100352.000000, -219.187500
100837.109375, 107520.000000, 6682.890625
100921.507812, 96256.000000, -4665.507812
100907.296875, 103424.000000, 2516.703125
100570.046875, 92160.000000, -8410.046875
109081.976562, 117760.000000, 8678.023438
105306.289062, 106496.000000, 1189.710938
102969.265625, 95232.000000, -7737.265625
103068.179688, 102400.000000, -668.179688
100998.867188, 109568.000000, 8569.132812
105858.140625, 98304.000000, -7554.140625
95106.031250, 87040.000000, -8066.031250
95071.132812, 94208.000000, -863.132812
96276.390625, 101376.000000, 5099.609375
96446.187500, 90112.000000, -6334.187500
96274.421875, 97280.000000, 1005.578125
100350.273438, 104448.000000, 4097.726562
100355.835938, 93184.000000, -7171.835938
100213.882812, 100352.000000, 138.117188
103801.117188, 107520.000000, 3718.882812
95946.976562, 96256.000000, 309.023438
96967.882812, 103424.000000, 6456.117188
101349.710938, 92160.000000, -9189.710938
99823.789062, 99328.000000, -495.789062
97265.554688, 88064.000000, -9201.554688
97392.335938, 95232.000000, -2160.335938
97236.273438, 102400.000000, 5163.726562
97689.671875, 91136.000000, -6553.671875
98770.398438, 98304.000000, -466.398438
98333.804688, 105472.000000, 7138.195312
99966.804688, 94208.000000, -5758.804688
97099.679688, 101376.000000, 4276.320312
98989.539062, 90112.000000, -8877.539062
96477.406250, 97280.000000, 802.593750
96898.914062, 104448.000000, 7549.085938
97051.226562, 93184.000000, -3867.226562
97501.304688, 100352.000000, 2850.695312
102948.765625, 107520.000000, 4571.234375
102828.156250, 96256.000000, -6572.156250
102901.171875, 103424.000000, 522.828125
97575.273438, 92160.000000, -5415.273438
100447.468750, 99328.000000, -1119.468750
100585.234375, 106496.000000, 5910.765625
102428.859375, 95232.000000, -7196.859375
101605.382812, 102400.000000, 794.617188
101292.765625, 109568.000000, 8275.234375
101694.148438, 98304.000000, -3390.148438
99993.078125, 105472.000000, 5478.921875
97836.156250, 94208.000000, -3628.156250
100083.492188, 101376.000000, 1292.507812
100087.312500, 108544.000000, 8456.687500
96502.445312, 97280.000000, 777.554688
96195.210938, 104448.000000, 8252.789062
100072.687500, 93184.000000, -6888.687500
100805.859375, 100352.000000, -453.859375
100111.007812, 107520.000000, 7408.992188
103104.281250, 96256.000000, -6848.281250
100449.570312, 103424.000000, 2974.429688
99682.984375, 92160.000000, -7522.984375
102527.164062, 99328.000000, -3199.164062
98903.507812, 106496.000000, 7592.492188
99159.210938, 95232.000000, -3927.210938
99230.398438, 102400.000000, 3169.601562
99115.656250, 91136.000000, -7979.656250
113557.921875, 114688.000000, 1130.078125
98726.671875, 103424.000000, 4697.328125
98937.984375, 92160.000000, -6777.984375
99275.828125, 98304.000000, -971.828125
99594.609375, 104448.000000, 4853.390625
97178.890625, 93184.000000, -3994.890625
100303.359375, 99328.000000, -975.359375
101351.656250, 105472.000000, 4120.343750
101446.101562, 94208.000000, -7238.101562
104640.960938, 100352.000000, -4288.960938
104444.976562, 106496.000000, 2051.023438
104150.609375, 112640.000000, 8489.390625
104065.601562, 101376.000000, -2689.601562
104131.437500, 107520.000000, 3388.562500
100259.492188, 96256.000000, -4003.492188
101040.703125, 102400.000000, 1359.296875
97076.031250, 91136.000000, -5940.031250
99278.031250, 97280.000000, -1998.031250
98513.835938, 103424.000000, 4910.164062
98967.062500, 92160.000000, -6807.062500
97979.000000, 98304.000000, 325.000000
96728.296875, 104448.000000, 7719.703125
100108.390625, 93184.000000, -6924.390625
100095.437500, 99328.000000, -767.437500
99773.359375, 105472.000000, 5698.640625
97631.828125, 94208.000000, -3423.828125
99293.593750, 100352.000000, 1058.406250
89032.250000, 89088.000000, 55.750000
88349.554688, 95232.000000, 6882.445312
90127.851562, 83968.000000, -6159.851562
90523.609375, 90112.000000, -411.609375
90944.296875, 96256.000000, 5311.703125
93866.156250, 102400.000000, 8533.843750
99524.445312, 108544.000000, 9019.554688
99279.117188, 96256.000000, -3023.117188
99322.031250, 102400.000000, 3077.968750
99674.664062, 108544.000000, 8869.335938
99225.609375, 96256.000000, -2969.609375
98932.828125, 102400.000000, 3467.171875
98812.710938, 90112.000000, -8700.710938
99044.921875, 96256.000000, -2788.921875
96914.195312, 102400.000000, 5485.804688
97532.085938, 90112.000000, -7420.085938
97450.460938, 96256.000000, -1194.460938
103387.546875, 102400.000000, -987.546875
100921.250000, 108544.000000, 7622.750000
100834.257812, 96256.000000, -4578.257812
99590.101562, 102400.000000, 2809.898438
100366.171875, 108544.000000, 8177.828125
100888.531250, 96256.000000, -4632.531250
100217.046875, 102400.000000, 2182.953125
100898.304688, 108544.000000, 7645.695312
totaldiff=4479189.4609375000, sz=960, average absolute error value:4665.8223551432
totaldiff=44.7069519971, sz=960, average relative error rate:0.0465697417
