current pwr_bound is 1e-2
cfgFile=sz.config
[SZ] Reading SZ configuration file (sz.config) ...
point count: 960
pwrLength=30
pwrErrBoundBytes_size=60
pw_relBoundRatio=0.010000
hit: 958
miss: 0
length of statenum:65536
nodecount=85
treeByteSize=596
enCodeSize=386
-------insight of tdps
dataLength=960
exactDataNum=2
realPrecision=992.000000
medianValue=0.000000
reqLength=19
quantization_intervals=20000
pwrErrBoundBytes_size=60
radExpo=16
-----------------------
timecost, 0.004244, seconds
done
input file size: 7680
output file size: 720
sz compression ratio, 10.67 
timecost, 0.003737, second
done
Max absolute error = 990.765625
Max relative error = 0.028829414559515879196
Max pw_relative err = 0.0097761441977029326506
../model_comparison/inputdata/sample_1/yf17_p.dat, ../model_comparison/inputdata/sample_1/yf17_p.dat.sz.out, 960
size of double: 8
98423.546875, 98304.000000, -119.546875
98116.515625, 97792.000000, -324.515625
98064.546875, 97280.000000, -784.546875
97625.507812, 96768.000000, -857.507812
96732.617188, 96256.000000, -476.617188
97020.367188, 97472.000000, 451.632812
97397.070312, 96960.000000, -437.070312
95673.960938, 96448.000000, 774.039062
95073.507812, 95936.000000, 862.492188
93467.882812, 93696.000000, 228.117188
91752.382812, 91456.000000, -296.382812
88902.359375, 89216.000000, 313.640625
90059.835938, 90432.000000, 372.164062
89556.835938, 89920.000000, 363.164062
89061.750000, 89408.000000, 346.250000
89553.117188, 88896.000000, -657.117188
89034.265625, 88384.000000, -650.265625
88556.593750, 87872.000000, -684.593750
88998.031250, 89088.000000, 89.968750
87897.796875, 88576.000000, 678.203125
87825.070312, 88064.000000, 238.929688
87867.007812, 87552.000000, -315.007812
88599.593750, 88768.000000, 168.406250
88640.757812, 88256.000000, -384.757812
88508.851562, 87744.000000, -764.851562
88609.078125, 88960.000000, 350.921875
88132.101562, 88448.000000, 315.898438
88045.976562, 87936.000000, -109.976562
87483.882812, 87424.000000, -59.882812
87853.703125, 88640.000000, 786.296875
88038.937500, 88128.000000, 89.062500
88089.796875, 87616.000000, -473.796875
87465.484375, 87104.000000, -361.484375
88178.953125, 88320.000000, 141.046875
88386.812500, 87808.000000, -578.812500
88487.617188, 89024.000000, 536.382812
89065.679688, 88512.000000, -553.679688
88848.781250, 88000.000000, -848.781250
88769.343750, 89216.000000, 446.656250
89277.718750, 88704.000000, -573.718750
101377.085938, 102016.000000, 638.914062
101381.601562, 101504.000000, 122.398438
101385.851562, 100992.000000, -393.851562
101390.757812, 102208.000000, 817.242188
101395.304688, 101696.000000, 300.695312
101398.515625, 101184.000000, -214.515625
101400.937500, 100672.000000, -728.937500
101401.593750, 101888.000000, 486.406250
101401.070312, 101376.000000, -25.070312
101398.781250, 100864.000000, -534.781250
101394.578125, 102080.000000, 685.421875
101387.992188, 101568.000000, 180.007812
101379.570312, 101056.000000, -323.570312
101370.914062, 100544.000000, -826.914062
101362.234375, 101760.000000, 397.765625
101353.023438, 101248.000000, -105.023438
101344.992188, 100736.000000, -608.992188
101338.453125, 101952.000000, 613.546875
101333.359375, 101440.000000, 106.640625
101329.328125, 100928.000000, -401.328125
101327.015625, 102144.000000, 816.984375
101326.218750, 101632.000000, 305.781250
101325.914062, 101120.000000, -205.914062
101325.953125, 100608.000000, -717.953125
101325.945312, 101760.000000, 434.054688
101325.851562, 101248.000000, -77.851562
101336.117188, 100736.000000, -600.117188
101335.750000, 101888.000000, 552.250000
101335.929688, 101376.000000, 40.070312
101337.507812, 100864.000000, -473.507812
101337.867188, 102016.000000, 678.132812
101335.835938, 101504.000000, 168.164062
101337.679688, 100992.000000, -345.679688
101336.945312, 102144.000000, 807.054688
101338.671875, 101632.000000, 293.328125
101338.906250, 101120.000000, -218.906250
101337.312500, 100608.000000, -729.312500
101337.984375, 101760.000000, 422.015625
101338.023438, 101248.000000, -90.023438
101335.632812, 100736.000000, -599.632812
86498.398438, 86912.000000, 413.601562
88559.546875, 88064.000000, -495.546875
88569.125000, 89216.000000, 646.875000
88844.781250, 88704.000000, -140.781250
108654.632812, 108160.000000, -494.632812
89096.328125, 89344.000000, 247.671875
107028.546875, 107136.000000, 107.453125
105974.210938, 106624.000000, 649.789062
105408.085938, 106112.000000, 703.914062
89368.375000, 88960.000000, -408.375000
104942.703125, 105088.000000, 145.296875
104478.804688, 104576.000000, 97.195312
104013.804688, 104064.000000, 50.195312
86088.187500, 86912.000000, 823.812500
90200.945312, 89728.000000, -472.945312
118408.210938, 119168.000000, 759.789062
87666.359375, 88128.000000, 461.640625
87160.320312, 86464.000000, -696.320312
92551.640625, 91712.000000, -839.640625
103589.867188, 103872.000000, 282.132812
117134.429688, 117760.000000, 625.570312
102829.335938, 102272.000000, -557.335938
112023.695312, 112704.000000, 680.304688
92468.773438, 92032.000000, -436.773438
93665.007812, 93824.000000, 158.992188
89044.414062, 88704.000000, -340.414062
94620.210938, 93952.000000, -668.210938
101564.289062, 100928.000000, -636.289062
100650.828125, 100992.000000, 341.171875
95504.468750, 95872.000000, 367.531250
89997.000000, 90752.000000, 755.000000
98915.484375, 99456.000000, 540.515625
97060.101562, 97792.000000, 731.898438
89723.148438, 89216.000000, -507.148438
91116.390625, 91008.000000, -108.390625
90000.132812, 89344.000000, -656.132812
104629.273438, 104960.000000, 330.726562
104221.835938, 105024.000000, 802.164062
103772.750000, 103360.000000, -412.750000
103890.953125, 103424.000000, -466.953125
101389.906250, 101760.000000, 370.093750
101390.570312, 101824.000000, 433.429688
101391.476562, 101888.000000, 496.523438
101391.843750, 101952.000000, 560.156250
101390.515625, 102016.000000, 625.484375
101388.820312, 102080.000000, 691.179688
101391.218750, 102144.000000, 752.781250
101389.359375, 102208.000000, 818.640625
101391.835938, 102272.000000, 880.164062
101390.039062, 102336.000000, 945.960938
101386.984375, 100416.000000, -970.984375
101392.445312, 100480.000000, -912.445312
101386.500000, 100544.000000, -842.500000
101379.328125, 100608.000000, -771.328125
101382.710938, 100672.000000, -710.710938
101391.156250, 100736.000000, -655.156250
101392.585938, 100800.000000, -592.585938
101392.312500, 100864.000000, -528.312500
101392.000000, 100928.000000, -464.000000
101391.953125, 100992.000000, -399.953125
101391.539062, 101056.000000, -335.539062
101391.054688, 101120.000000, -271.054688
101391.343750, 101184.000000, -207.343750
101390.546875, 101248.000000, -142.546875
101392.859375, 101312.000000, -80.859375
101394.367188, 101376.000000, -18.367188
101395.000000, 101440.000000, 45.000000
101393.500000, 101504.000000, 110.500000
101395.320312, 101568.000000, 172.679688
101396.070312, 101632.000000, 235.929688
101393.953125, 101696.000000, 302.046875
101396.546875, 101760.000000, 363.453125
101395.750000, 101824.000000, 428.250000
101396.023438, 101888.000000, 491.976562
101394.453125, 101952.000000, 557.546875
101396.281250, 102016.000000, 619.718750
101395.210938, 102080.000000, 684.789062
101393.968750, 102144.000000, 750.031250
101393.539062, 102208.000000, 814.460938
101391.195312, 102272.000000, 880.804688
99852.007812, 100544.000000, 691.992188
99379.312500, 98816.000000, -563.312500
103125.398438, 102464.000000, -661.398438
94592.453125, 95360.000000, 767.546875
110742.242188, 111552.000000, 809.757812
108763.859375, 108032.000000, -731.859375
95889.539062, 95552.000000, -337.539062
97331.679688, 97408.000000, 76.320312
111795.820312, 111808.000000, 12.179688
103036.812500, 102912.000000, -124.812500
102213.203125, 102976.000000, 762.796875
103936.718750, 104832.000000, 895.281250
91124.148438, 90560.000000, -564.148438
109512.460938, 110336.000000, 823.539062
103891.226562, 103232.000000, -659.226562
105151.156250, 105088.000000, -63.156250
91359.695312, 90816.000000, -543.695312
93565.812500, 92672.000000, -893.812500
102701.593750, 103488.000000, 786.406250
104992.187500, 105344.000000, 351.812500
94273.296875, 94656.000000, 382.703125
112011.484375, 112640.000000, 628.515625
103550.515625, 103744.000000, 193.484375
93536.242188, 93056.000000, -480.242188
96555.070312, 96704.000000, 148.929688
98920.187500, 98560.000000, -360.187500
93324.937500, 93248.000000, -76.937500
93488.585938, 93312.000000, -176.585938
102568.179688, 102336.000000, -232.179688
111993.593750, 111360.000000, -633.593750
112355.820312, 113216.000000, 860.179688
105970.906250, 106112.000000, 141.093750
93043.406250, 93632.000000, 588.593750
114009.500000, 113408.000000, -601.500000
92174.773438, 91968.000000, -206.773438
99472.507812, 99200.000000, -272.507812
112114.593750, 111808.000000, -306.593750
95172.390625, 95744.000000, 571.609375
111844.312500, 111936.000000, 91.687500
111513.921875, 112000.000000, 486.078125
98695.687500, 99520.000000, 824.312500
102468.429688, 103168.000000, 699.570312
102550.937500, 103232.000000, 681.062500
100009.171875, 99712.000000, -297.171875
100314.593750, 99776.000000, -538.593750
98706.851562, 98048.000000, -658.851562
99091.406250, 99904.000000, 812.593750
102235.390625, 101760.000000, -475.390625
98999.640625, 98240.000000, -759.640625
105927.140625, 105472.000000, -455.140625
99749.210938, 100160.000000, 410.789062
99494.085938, 100224.000000, 729.914062
97648.570312, 98496.000000, 847.429688
108260.210938, 107520.000000, -740.210938
101059.585938, 100416.000000, -643.585938
99681.953125, 100480.000000, 798.046875
99731.523438, 100544.000000, 812.476562
100129.445312, 100608.000000, 478.554688
99926.406250, 100672.000000, 745.593750
100149.835938, 100736.000000, 586.164062
100463.078125, 100800.000000, 336.921875
100419.148438, 100864.000000, 444.851562
105433.875000, 106304.000000, 870.125000
104407.257812, 104576.000000, 168.742188
103855.414062, 104704.000000, 848.585938
97936.078125, 97408.000000, -528.078125
100667.976562, 101248.000000, 580.023438
99111.156250, 99520.000000, 408.843750
99211.312500, 99648.000000, 436.687500
99250.304688, 99776.000000, 525.695312
99641.500000, 99904.000000, 262.500000
100309.234375, 100032.000000, -277.234375
98514.132812, 98304.000000, -210.132812
97758.875000, 98432.000000, 673.125000
98957.765625, 98560.000000, -397.765625
99149.382812, 98688.000000, -461.382812
99741.820312, 98816.000000, -925.820312
99295.882812, 98944.000000, -351.882812
100852.867188, 100928.000000, 75.132812
100651.632812, 101056.000000, 404.367188
105207.960938, 104896.000000, -311.960938
105596.421875, 105024.000000, -572.421875
110051.062500, 110720.000000, 668.937500
105057.789062, 105280.000000, 222.210938
106233.023438, 105408.000000, -825.023438
107222.210938, 107392.000000, 169.789062
104747.062500, 105664.000000, 916.937500
94183.945312, 94656.000000, 472.054688
101999.148438, 102208.000000, 208.851562
102613.718750, 102336.000000, -277.718750
102348.117188, 102464.000000, 115.882812
102766.164062, 102592.000000, -174.164062
102638.203125, 102720.000000, 81.796875
102171.835938, 102848.000000, 676.164062
103423.351562, 102976.000000, -447.351562
110642.820312, 110528.000000, -114.820312
109274.468750, 108800.000000, -474.468750
96367.867188, 95936.000000, -431.867188
97299.054688, 97920.000000, 620.945312
99852.796875, 99904.000000, 51.203125
94827.625000, 94464.000000, -363.625000
119728.226562, 120576.000000, 847.773438
111492.718750, 111424.000000, -68.718750
114664.390625, 115264.000000, 599.609375
109167.359375, 109824.000000, 656.640625
111487.093750, 111808.000000, 320.906250
116531.382812, 115648.000000, -883.382812
120454.671875, 121344.000000, 889.328125
100499.593750, 101056.000000, 556.406250
101450.898438, 101184.000000, -266.898438
102215.765625, 101312.000000, -903.765625
99727.492188, 99584.000000, -143.492188
101228.585938, 101568.000000, 339.414062
100519.796875, 99840.000000, -679.796875
118386.953125, 118528.000000, 141.046875
94626.515625, 94528.000000, -98.515625
95625.742188, 96512.000000, 886.257812
100585.914062, 100352.000000, -233.914062
103434.250000, 104192.000000, 757.750000
103184.718750, 102464.000000, -720.718750
99405.351562, 98880.000000, -525.351562
101338.882812, 100864.000000, -474.882812
101300.117188, 100992.000000, -308.117188
101231.867188, 101120.000000, -111.867188
101463.507812, 101248.000000, -215.507812
102121.804688, 101376.000000, -745.804688
99753.968750, 99648.000000, -105.968750
99471.687500, 99776.000000, 304.312500
99731.226562, 99904.000000, 172.773438
96286.289062, 96320.000000, 33.710938
95795.937500, 96448.000000, 652.062500
96400.203125, 96576.000000, 175.796875
96410.328125, 96704.000000, 293.671875
97011.765625, 96832.000000, -179.765625
97980.765625, 98816.000000, 835.234375
100372.351562, 100800.000000, 427.648438
98636.476562, 99072.000000, 435.523438
96615.914062, 97344.000000, 728.085938
97360.289062, 97472.000000, 111.710938
97853.007812, 97600.000000, -253.007812
99767.359375, 99584.000000, -183.359375
99733.312500, 99712.000000, -21.312500
98760.812500, 97984.000000, -776.812500
102856.968750, 103680.000000, 823.031250
94832.929688, 94528.000000, -304.929688
95380.929688, 94656.000000, -724.929688
101791.914062, 102208.000000, 416.085938
101594.976562, 102336.000000, 741.023438
101596.335938, 102464.000000, 867.664062
101530.929688, 100736.000000, -794.929688
101081.601562, 100864.000000, -217.601562
101792.554688, 100992.000000, -800.554688
99339.140625, 99264.000000, -75.140625
101378.914062, 101248.000000, -130.914062
99453.960938, 99520.000000, 66.039062
99494.570312, 99648.000000, 153.429688
102598.054688, 103488.000000, 889.945312
103815.132812, 103616.000000, -199.132812
102832.343750, 103744.000000, 911.656250
103527.921875, 103872.000000, 344.078125
94819.085938, 94720.000000, -99.085938
94966.851562, 94848.000000, -118.851562
100103.281250, 100544.000000, 440.718750
101687.304688, 102528.000000, 840.695312
101043.046875, 100800.000000, -243.046875
101075.062500, 100928.000000, -147.062500
101773.070312, 101056.000000, -717.070312
93484.835938, 93760.000000, 275.164062
100219.656250, 99456.000000, -763.656250
101207.890625, 101440.000000, 232.109375
100927.703125, 101568.000000, 640.296875
95416.226562, 96128.000000, 711.773438
95012.546875, 94400.000000, -612.546875
103213.445312, 103808.000000, 594.554688
103430.429688, 103936.000000, 505.570312
103339.851562, 104064.000000, 724.148438
101997.492188, 102336.000000, 338.507812
99669.101562, 98752.000000, -917.101562
93341.609375, 93312.000000, -29.609375
95529.304688, 95296.000000, -233.304688
94379.351562, 93568.000000, -811.351562
96264.656250, 95552.000000, -712.656250
96443.414062, 95680.000000, -763.414062
96344.710938, 95808.000000, -536.710938
97098.882812, 97792.000000, 693.117188
96695.093750, 96064.000000, -631.093750
97534.421875, 98048.000000, 513.578125
99311.226562, 100032.000000, 720.773438
99717.609375, 100160.000000, 442.390625
99328.679688, 98432.000000, -896.679688
98616.062500, 98560.000000, -56.062500
99237.125000, 98688.000000, -549.125000
101701.382812, 102528.000000, 826.617188
100318.773438, 100800.000000, 481.226562
98970.539062, 99072.000000, 101.460938
98910.445312, 99200.000000, 289.554688
99270.851562, 99328.000000, 57.148438
100025.390625, 99456.000000, -569.390625
100032.234375, 99584.000000, -448.234375
96148.476562, 96000.000000, -148.476562
99619.046875, 99840.000000, 220.953125
99929.429688, 99968.000000, 38.570312
99927.929688, 100096.000000, 168.070312
99738.078125, 100224.000000, 485.921875
99961.414062, 100352.000000, 390.585938
100037.351562, 100480.000000, 442.648438
99873.273438, 100608.000000, 734.726562
99828.312500, 100736.000000, 907.687500
95936.328125, 95296.000000, -640.328125
108243.781250, 108416.000000, 172.218750
97107.078125, 97408.000000, 300.921875
95872.093750, 95680.000000, -192.093750
100319.539062, 99520.000000, -799.539062
98600.156250, 97792.000000, -808.156250
98441.875000, 97920.000000, -521.875000
98313.875000, 98048.000000, -265.875000
97898.789062, 98176.000000, 277.210938
100003.187500, 100160.000000, 156.812500
99968.125000, 100288.000000, 319.875000
100037.304688, 100416.000000, 378.695312
99471.054688, 98688.000000, -783.054688
99528.898438, 98816.000000, -712.898438
99514.070312, 98944.000000, -570.070312
101038.625000, 100928.000000, -110.625000
100571.187500, 101056.000000, 484.812500
100837.109375, 101184.000000, 346.890625
100921.507812, 101312.000000, 390.492188
100907.296875, 101440.000000, 532.703125
100570.046875, 99712.000000, -858.046875
109081.976562, 109120.000000, 38.023438
105306.289062, 105536.000000, 229.710938
102969.265625, 103808.000000, 838.734375
103068.179688, 103936.000000, 867.820312
100998.867188, 100352.000000, -646.867188
105858.140625, 106048.000000, 189.859375
95106.031250, 95040.000000, -66.031250
95071.132812, 95168.000000, 96.867188
96276.390625, 97152.000000, 875.609375
96446.187500, 97280.000000, 833.812500
96274.421875, 95552.000000, -722.421875
100350.273438, 101248.000000, 897.726562
100355.835938, 99520.000000, -835.835938
100213.882812, 99648.000000, -565.882812
103801.117188, 103488.000000, -313.117188
95946.976562, 96192.000000, 245.023438
96967.882812, 96320.000000, -647.882812
101349.710938, 102016.000000, 666.289062
99823.789062, 100288.000000, 464.210938
97265.554688, 96704.000000, -561.554688
97392.335938, 96832.000000, -560.335938
97236.273438, 96960.000000, -276.273438
97689.671875, 97088.000000, -601.671875
98770.398438, 99072.000000, 301.601562
98333.804688, 99200.000000, 866.195312
99966.804688, 99328.000000, -638.804688
97099.679688, 97600.000000, 500.320312
98989.539062, 99712.000000, 722.460938
96477.406250, 96064.000000, -413.406250
96898.914062, 96256.000000, -642.914062
97051.226562, 96448.000000, -603.226562
97501.304688, 96640.000000, -861.304688
102948.765625, 102592.000000, -356.765625
102828.156250, 102784.000000, -44.156250
102901.171875, 102976.000000, 74.828125
97575.273438, 97408.000000, -167.273438
100447.468750, 99520.000000, -927.468750
100585.234375, 99712.000000, -873.234375
102428.859375, 101824.000000, -604.859375
101605.382812, 102016.000000, 410.617188
101292.765625, 102208.000000, 915.234375
101694.148438, 102400.000000, 705.851562
99993.078125, 100672.000000, 678.921875
97836.156250, 97024.000000, -812.156250
100083.492188, 99136.000000, -947.492188
100087.312500, 99328.000000, -759.312500
96502.445312, 95680.000000, -822.445312
96195.210938, 95872.000000, -323.210938
100072.687500, 99904.000000, -168.687500
100805.859375, 100096.000000, -709.859375
100111.007812, 100288.000000, 176.992188
103104.281250, 102400.000000, -704.281250
100449.570312, 100672.000000, 222.429688
99682.984375, 98944.000000, -738.984375
102527.164062, 102976.000000, 448.835938
98903.507812, 99328.000000, 424.492188
99159.210938, 99520.000000, 360.789062
99230.398438, 99712.000000, 481.601562
99115.656250, 99904.000000, 788.343750
113557.921875, 113920.000000, 362.078125
98726.671875, 98560.000000, -166.671875
98937.984375, 98752.000000, -185.984375
99275.828125, 98944.000000, -331.828125
99594.609375, 99136.000000, -458.609375
97178.890625, 97600.000000, 421.109375
100303.359375, 99520.000000, -783.359375
101351.656250, 101440.000000, 88.343750
101446.101562, 101632.000000, 185.898438
104640.960938, 105280.000000, 639.039062
104444.976562, 103744.000000, -700.976562
104150.609375, 103936.000000, -214.609375
104065.601562, 104128.000000, 62.398438
104131.437500, 104320.000000, 188.562500
100259.492188, 101056.000000, 796.507812
101040.703125, 101248.000000, 207.296875
97076.031250, 96256.000000, -820.031250
99278.031250, 99904.000000, 625.968750
98513.835938, 98368.000000, -145.835938
98967.062500, 98560.000000, -407.062500
97979.000000, 98752.000000, 773.000000
96728.296875, 97216.000000, 487.703125
100108.390625, 100864.000000, 755.609375
100095.437500, 99328.000000, -767.437500
99773.359375, 99520.000000, -253.359375
97631.828125, 97984.000000, 352.171875
99293.593750, 99904.000000, 610.406250
89032.250000, 89728.000000, 695.750000
88349.554688, 88192.000000, -157.554688
90127.851562, 90112.000000, -15.851562
90523.609375, 90304.000000, -219.609375
90944.296875, 90496.000000, -448.296875
93866.156250, 94400.000000, 533.843750
99524.445312, 100160.000000, 635.554688
99279.117188, 98496.000000, -783.117188
99322.031250, 98688.000000, -634.031250
99674.664062, 98880.000000, -794.664062
99225.609375, 99072.000000, -153.609375
98932.828125, 99264.000000, 331.171875
98812.710938, 99456.000000, 643.289062
99044.921875, 99648.000000, 603.078125
96914.195312, 96128.000000, -786.195312
97532.085938, 98176.000000, 643.914062
97450.460938, 98368.000000, 917.539062
103387.546875, 104128.000000, 740.453125
100921.250000, 100608.000000, -313.250000
100834.257812, 100800.000000, -34.257812
99590.101562, 99136.000000, -454.101562
100366.171875, 101184.000000, 817.828125
100888.531250, 101376.000000, 487.468750
100217.046875, 99712.000000, -505.046875
100898.304688, 101760.000000, 861.695312
totaldiff=458904.0859375000, sz=960, average absolute error value:478.0250895182
totaldiff=4.5759900813, sz=960, average relative error rate:0.0047666563
