cfgFile=sz.config
[SZ] Reading SZ configuration file (sz.config) ...
4096
4096
4099
4093
4096
4096
4095
4097
4096
4096
4097
4095
4096
4096
4096
4096
4096
4096
4096
4096
4096
4096
4096
4096
4096
4096
4095
4097
4096
4096
4093
4099
4096
4096
4100
4092
4096
4096
4095
4097
4096
4096
4096
4096
4096
4096
4093
4099
4096
4096
4097
4095
4096
4096
4097
4095
4096
4096
4097
4095
4097
4095
4092
4100
4095
4097
4101
4091
4096
4096
4093
4099
4096
4096
4099
4093
4096
4096
4096
4095
4097
4096
4097
4095
4096
4096
4094
4098
4096
4096
4098
4094
4096
4096
4096
4096
4096
4096
4096
4096
4096
4096
4096
4096
4096
4096
4093
4099
4096
4096
4099
4093
4096
4096
4094
4098
4096
4096
4097
4095
4096
4096
4097
4095
4096
4096
4091
4102
4095
4096
4097
4095
4096
4096
4099
4093
4096
4096
4096
4096
4096
4096
4095
4093
4075
4047
4133
4074
4136
4151
4138
3998
4096
4114
4245
3949
4096
4096
4096
4096
4096
4096
4095
4097
4096
4096
4066
4130
4095
4097
4112
4076
4096
4096
4096
4096
4096
4096
4037
4047
4138
4187
4271
3846
4009
4160
4247
4048
4123
4100
3905
4213
4075
3959
4628
3728
4096
4097
4090
4102
4095
4096
4101
4091
4096
4096
4083
4109
4089
4087
3259
2989
2884
5345
454
3299
3733
4197
3709
4085
2666
7216
2498
4096
4095
3944
4086
4110
4287
1551
6657
4114
4341
5391
3076
3465
4082
997
2386
3715
3672
4114
4034
4267
3958
4092
4098
4348
3871
4083
4085
2172
6538
4155
4002
4203
3484
3987
4131
2175
1839
5307
6211
4094
4093
4115
4075
4095
4096
4097
4095
4096
4096
3969
3988
3224
2104
4094
4092
3775
4381
4138
4106
4009
4461
3812
4063
3457
4891
4131
4088
4353
3685
4096
4096
3943
4367
3946
4017
4384
3919
4096
4096
2694
6577
3178
3849
4429
3849
4096
4096
5786
4560
4096
3278
3238
2171
1426
1928
1434
4097
4095
945
7188
4721
3186
7435
1101
4096
4096
3809
3839
3702
3997
1430
8082
4056
3468
3595
3214
2309
4873
4296
4145
4919
3019
4097
4082
4121
4081
4097
4096
3450
4716
4696
3616
3935
4016
2795
3957
5258
884
3126
3749
2767
3558
4530
4002
4096
4096
4032
4121
4062
4036
3388
5561
3820
3778
4214
3948
4096
4096
4091
4096
4099
4103
391
3785
5817
2397
4097
4095
1638
6778
3460
1288
841
4307
4265
5695
2263
4096
4095
3953
4259
4097
4076
4205
3987
4096
4096
4039
4177
4081
4087
4119
4069
4005
3942
4238
1442
3553
971
3898
4099
6079
2557
4097
4095
3970
4159
3922
3960
5178
3293
4116
4150
4361
3849
4096
4096
2334
7091
2937
3614
5180
3401
4144
4130
4147
3982
4096
4096
4089
4107
4092
4088
4092
4120
4087
4094
4021
4087
3924
4096
4096
4095
4097
4096
4097
3994
4257
4052
4090
4089
4090
4094
4093
4131
4069
4096
4096
4097
4095
4096
4096
4096
4096
4096
4096
4096
4096
4096
4096
4096
4096
4096
4096
4096
4096
4096
4096
2594
6364
3866
3731
3938
4083
4098
4093
4112
4081
4096
4096
4096
4096
4096
4096
4078
4115
4095
4096
4111
4081
4096
4096
4098
4094
4096
4096
4096
4096
4096
4096
4094
4098
4096
4096
4098
4094
4096
4096
4096
4096
4096
4096
4096
4096
4096
4096
4096
4096
4096
4096
4095
4097
4096
4096
4097
4095
4096
4096
4096
4096
4096
4096
4095
4097
4096
4096
4096
4095
4097
4096
4097
4095
4096
4096
4097
4095
4096
4096
4096
4096
4096
4096
4096
4096
4096
4096
4096
4096
4096
4096
4095
4097
4096
4096
4095
4097
4096
4096
4098
4094
4096
4096
timecost, 0.004186, seconds
done
5216
2516
sz compression ratio, 2.07 
timecost, 0.004908, second
done
Max absolute error = 9.5175781249512425575E-06
Max relative error = 9.5176352307626263717E-06
Max pw_relative err = 9.5177779982892073048E-06
./inputdata/full/astro_br.dat, ./inputdata/full/astro_br.dat.sz.out, 652
size of double: 8
0.999937, 0.999931, -0.000006
0.999937, 0.999931, -0.000006
0.999937, 0.999931, -0.000006
0.999937, 0.999931, -0.000006
0.999993, 0.999989, -0.000004
0.999994, 0.999989, -0.000005
0.999994, 0.999989, -0.000005
0.999994, 0.999989, -0.000005
0.999979, 0.999969, -0.000010
0.999979, 0.999969, -0.000010
0.999978, 0.999969, -0.000009
0.999978, 0.999969, -0.000009
0.999990, 0.999989, -0.000001
0.999991, 0.999989, -0.000002
0.999991, 0.999989, -0.000002
0.999991, 0.999989, -0.000002
0.999989, 0.999989, -0.000000
0.999989, 0.999989, -0.000000
0.999989, 0.999989, -0.000000
0.999989, 0.999989, -0.000000
0.999993, 0.999989, -0.000004
0.999993, 0.999989, -0.000004
0.999993, 0.999989, -0.000004
0.999993, 0.999989, -0.000004
0.999984, 0.999989, 0.000005
0.999985, 0.999989, 0.000004
0.999985, 0.999989, 0.000004
0.999985, 0.999989, 0.000004
0.999973, 0.999969, -0.000004
0.999972, 0.999969, -0.000003
0.999972, 0.999969, -0.000003
0.999971, 0.999969, -0.000002
0.999914, 0.999912, -0.000002
0.999914, 0.999912, -0.000002
0.999913, 0.999912, -0.000001
0.999913, 0.999912, -0.000001
0.999990, 0.999989, -0.000001
0.999991, 0.999989, -0.000002
0.999991, 0.999989, -0.000002
0.999991, 0.999989, -0.000002
0.999963, 0.999969, 0.000006
0.999964, 0.999969, 0.000005
0.999965, 0.999969, 0.000004
0.999966, 0.999969, 0.000003
0.999979, 0.999969, -0.000010
0.999979, 0.999969, -0.000010
0.999978, 0.999969, -0.000009
0.999978, 0.999969, -0.000009
0.999908, 0.999912, 0.000004
0.999909, 0.999912, 0.000003
0.999910, 0.999912, 0.000002
0.999911, 0.999912, 0.000001
0.999927, 0.999931, 0.000004
0.999929, 0.999931, 0.000002
0.999930, 0.999931, 0.000001
0.999932, 0.999931, -0.000001
0.999946, 0.999950, 0.000004
0.999948, 0.999950, 0.000002
0.999949, 0.999950, 0.000001
0.999950, 0.999950, 0.000000
0.999979, 0.999969, -0.000010
0.999979, 0.999969, -0.000010
0.999980, 0.999989, 0.000009
0.999980, 0.999989, 0.000009
0.999905, 0.999912, 0.000007
0.999904, 0.999912, 0.000008
0.999902, 0.999893, -0.000009
0.999900, 0.999893, -0.000007
0.999990, 0.999989, -0.000001
0.999989, 0.999989, -0.000000
0.999989, 0.999989, -0.000000
0.999989, 0.999989, -0.000000
0.999933, 0.999931, -0.000002
0.999931, 0.999931, 0.000000
0.999929, 0.999931, 0.000002
0.999927, 0.999931, 0.000004
0.999986, 0.999989, 0.000003
0.999985, 0.999989, 0.000004
0.999985, 0.999989, 0.000004
0.999985, 0.999989, 0.000004
0.999980, 0.999989, 0.000009
0.999979, 0.999969, -0.000010
0.999979, 0.999969, -0.000010
0.999978, 0.999969, -0.000009
0.999990, 0.999989, -0.000001
0.999990, 0.999989, -0.000001
0.999990, 0.999989, -0.000001
0.999990, 0.999989, -0.000001
0.999956, 0.999950, -0.000006
0.999955, 0.999950, -0.000005
0.999954, 0.999950, -0.000004
0.999952, 0.999950, -0.000002
0.999992, 0.999989, -0.000003
0.999992, 0.999989, -0.000003
0.999992, 0.999989, -0.000003
0.999992, 0.999989, -0.000003
0.999986, 0.999989, 0.000003
0.999986, 0.999989, 0.000003
0.999986, 0.999989, 0.000003
0.999986, 0.999989, 0.000003
0.999992, 0.999989, -0.000003
0.999992, 0.999989, -0.000003
0.999991, 0.999989, -0.000002
0.999991, 0.999989, -0.000002
0.999986, 0.999989, 0.000003
0.999986, 0.999989, 0.000003
0.999986, 0.999989, 0.000003
0.999985, 0.999989, 0.000004
0.999939, 0.999931, -0.000008
0.999937, 0.999931, -0.000006
0.999935, 0.999931, -0.000004
0.999932, 0.999931, -0.000001
0.999984, 0.999989, 0.000005
0.999984, 0.999989, 0.000005
0.999984, 0.999989, 0.000005
0.999985, 0.999989, 0.000004
0.999953, 0.999950, -0.000003
0.999955, 0.999950, -0.000005
0.999956, 0.999950, -0.000006
0.999958, 0.999950, -0.000008
0.999974, 0.999969, -0.000005
0.999974, 0.999969, -0.000005
0.999975, 0.999969, -0.000006
0.999976, 0.999969, -0.000007
0.999988, 0.999989, 0.000001
0.999987, 0.999989, 0.000002
0.999987, 0.999989, 0.000002
0.999987, 0.999989, 0.000002
0.999901, 0.999893, -0.000008
0.999905, 0.999912, 0.000007
0.999908, 0.999912, 0.000004
0.999911, 0.999912, 0.000001
0.999926, 0.999931, 0.000005
0.999929, 0.999931, 0.000002
0.999931, 0.999931, 0.000000
0.999933, 0.999931, -0.000002
0.999984, 0.999989, 0.000005
0.999984, 0.999989, 0.000005
0.999983, 0.999989, 0.000006
0.999983, 0.999989, 0.000006
0.999987, 0.999989, 0.000002
0.999987, 0.999989, 0.000002
0.999987, 0.999989, 0.000002
0.999987, 0.999989, 0.000002
0.999966, 0.999969, 0.000003
0.999884, 0.999893, 0.000009
0.999425, 0.999416, -0.000009
0.998010, 0.998005, -0.000005
0.997297, 0.997299, 0.000002
0.996177, 0.996174, -0.000003
0.995810, 0.995811, 0.000001
0.996500, 0.996498, -0.000002
0.997989, 0.997986, -0.000003
0.997605, 0.997604, -0.000001
0.997214, 0.997223, 0.000009
0.997185, 0.997185, -0.000000
0.999984, 0.999989, 0.000005
0.999984, 0.999989, 0.000005
0.999983, 0.999989, 0.000006
0.999983, 0.999989, 0.000006
0.999991, 0.999989, -0.000002
0.999991, 0.999989, -0.000002
0.999991, 0.999989, -0.000002
0.999990, 0.999989, -0.000001
0.999977, 0.999969, -0.000008
0.999978, 0.999969, -0.000009
0.999978, 0.999969, -0.000009
0.999979, 0.999969, -0.000010
0.999404, 0.999397, -0.000007
0.999473, 0.999474, 0.000001
0.999540, 0.999531, -0.000009
0.999610, 0.999607, -0.000003
0.999990, 0.999989, -0.000001
0.999991, 0.999989, -0.000002
0.999991, 0.999989, -0.000002
0.999991, 0.999989, -0.000002
0.999987, 0.999989, 0.000002
0.999987, 0.999989, 0.000002
0.999987, 0.999989, 0.000002
0.999986, 0.999989, 0.000003
0.998865, 0.998863, -0.000002
0.996808, 0.996803, -0.000005
0.995541, 0.995544, 0.000003
0.996023, 0.996021, -0.000002
0.999840, 0.999836, -0.000004
0.998891, 0.998882, -0.000009
0.996275, 0.996269, -0.000006
0.994869, 0.994877, 0.000008
0.996364, 0.996365, 0.000001
0.996928, 0.996937, 0.000009
0.998027, 0.998024, -0.000003
0.999184, 0.999187, 0.000003
0.997071, 0.997072, 0.000001
0.996971, 0.996965, -0.000006
0.996504, 0.996498, -0.000006
0.993673, 0.993679, 0.000006
0.999990, 0.999992, 0.000002
0.999990, 0.999989, -0.000001
0.999990, 0.999985, -0.000005
0.999991, 0.999998, 0.000007
0.999910, 0.999908, -0.000002
0.999914, 0.999922, 0.000008
0.999917, 0.999918, 0.000001
0.999921, 0.999914, -0.000007
0.999991, 0.999996, 0.000005
0.999991, 0.999992, 0.000001
0.999991, 0.999989, -0.000002
0.999991, 0.999985, -0.000006
0.999753, 0.999758, 0.000005
0.999756, 0.999754, -0.000002
0.999627, 0.999630, 0.000003
0.999358, 0.999352, -0.000006
0.984700, 0.984705, 0.000005
0.951060, 0.951056, -0.000004
0.896593, 0.896601, 0.000008
0.863580, 0.863586, 0.000006
0.950997, 0.950996, -0.000001
0.975895, 0.975887, -0.000008
0.987093, 0.987097, 0.000004
0.992073, 0.992075, 0.000002
0.998782, 0.998787, 0.000005
0.998853, 0.998856, 0.000003
0.998727, 0.998735, 0.000008
0.974061, 0.974068, 0.000007
0.999990, 0.999983, -0.000007
0.999991, 0.999990, -0.000001
0.999991, 0.999998, 0.000007
0.999991, 0.999990, -0.000001
0.997510, 0.997517, 0.000007
0.994877, 0.994882, 0.000005
0.992475, 0.992474, -0.000001
0.993159, 0.993162, 0.000003
0.952590, 0.952590, -0.000000
0.953536, 0.953538, 0.000002
0.954785, 0.954778, -0.000007
0.959993, 0.959990, -0.000003
0.986196, 0.986197, 0.000001
0.995864, 0.995867, 0.000003
0.995308, 0.995307, -0.000001
0.994513, 0.994520, 0.000007
0.846077, 0.846077, -0.000000
0.936795, 0.936790, -0.000005
0.977261, 0.977262, 0.000001
0.990002, 0.990009, 0.000007
0.996573, 0.996580, 0.000007
0.996272, 0.996277, 0.000005
0.996272, 0.996265, -0.000007
0.995253, 0.995249, -0.000004
0.997002, 0.997005, 0.000003
0.996527, 0.996523, -0.000004
0.995983, 0.995976, -0.000007
0.995464, 0.995462, -0.000002
0.999031, 0.999034, 0.000003
0.998965, 0.998958, -0.000007
0.998673, 0.998671, -0.000002
0.998201, 0.998205, 0.000004
0.966553, 0.966547, -0.000006
0.974484, 0.974480, -0.000004
0.983370, 0.983369, -0.000001
0.990738, 0.990734, -0.000004
0.999830, 0.999834, 0.000004
0.999010, 0.999012, 0.000002
0.996427, 0.996423, -0.000004
0.994393, 0.994401, 0.000008
0.961227, 0.961235, 0.000008
0.891476, 0.891478, 0.000002
0.841355, 0.841353, -0.000002
0.903220, 0.903214, -0.000006
0.999361, 0.999363, 0.000002
0.999490, 0.999489, -0.000001
0.999584, 0.999582, -0.000002
0.999633, 0.999627, -0.000006
0.999988, 0.999980, -0.000008
0.999988, 0.999992, 0.000004
0.999988, 0.999989, 0.000001
0.999988, 0.999985, -0.000003
0.999990, 0.999997, 0.000007
0.999990, 0.999993, 0.000003
0.999990, 0.999990, -0.000000
0.999990, 0.999986, -0.000004
0.997930, 0.997923, -0.000007
0.994107, 0.994109, 0.000002
0.976160, 0.976158, -0.000002
0.925908, 0.925912, 0.000004
0.999888, 0.999886, -0.000002
0.999872, 0.999870, -0.000002
0.999828, 0.999823, -0.000005
0.999718, 0.999710, -0.000008
0.993481, 0.993475, -0.000006
0.992672, 0.992676, 0.000004
0.992683, 0.992678, -0.000005
0.992864, 0.992870, 0.000006
0.991399, 0.991404, 0.000005
0.996894, 0.996899, 0.000005
0.996985, 0.996977, -0.000008
0.996427, 0.996426, -0.000001
0.983685, 0.983686, 0.000001
0.986107, 0.986111, 0.000004
0.989210, 0.989202, -0.000008
0.992134, 0.992142, 0.000008
0.999980, 0.999983, 0.000003
0.999980, 0.999985, 0.000005
0.999981, 0.999987, 0.000006
0.999981, 0.999989, 0.000008
0.997069, 0.997072, 0.000003
0.999322, 0.999325, 0.000003
0.998711, 0.998716, 0.000005
0.996608, 0.996601, -0.000007
0.999984, 0.999979, -0.000005
0.999985, 0.999981, -0.000004
0.999985, 0.999983, -0.000002
0.999985, 0.999985, -0.000000
0.973252, 0.973246, -0.000006
0.993822, 0.993828, 0.000006
0.996910, 0.996901, -0.000009
0.995270, 0.995262, -0.000008
0.999976, 0.999975, -0.000001
0.999976, 0.999977, 0.000001
0.999977, 0.999979, 0.000002
0.999978, 0.999981, 0.000003
0.993182, 0.993182, -0.000000
0.987944, 0.987944, 0.000000
0.983135, 0.983135, 0.000000
0.994098, 0.994098, -0.000000
0.047347, 0.047347, -0.000000
0.000000, 0.000000, 0.000000
0.000000, 0.000000, 0.000000
0.000000, 0.000000, 0.000000
0.995270, 0.995270, -0.000000
0.997078, 0.997078, -0.000000
0.998130, 0.998130, 0.000000
0.998390, 0.998390, 0.000000
0.967309, 0.967309, -0.000000
0.934449, 0.934449, 0.000000
0.961290, 0.961290, -0.000000
0.985664, 0.985664, -0.000000
0.997915, 0.997915, -0.000000
0.996036, 0.996036, -0.000000
0.992154, 0.992154, -0.000000
0.985813, 0.985813, -0.000000
0.999980, 0.999980, -0.000000
0.999980, 0.999980, -0.000000
0.999981, 0.999981, -0.000000
0.999981, 0.999981, -0.000000
0.997070, 0.997070, -0.000000
0.997015, 0.997015, 0.000000
0.997538, 0.997538, 0.000000
0.997220, 0.997220, 0.000000
0.999987, 0.999987, 0.000000
0.999987, 0.999987, 0.000000
0.999987, 0.999987, 0.000000
0.999987, 0.999987, 0.000000
0.995880, 0.995882, 0.000002
0.988093, 0.988100, 0.000007
0.917902, 0.917900, -0.000002
0.718292, 0.718288, -0.000004
0.993685, 0.993683, -0.000002
0.998584, 0.998581, -0.000003
0.997840, 0.997843, 0.000003
0.995694, 0.995688, -0.000006
0.955403, 0.955397, -0.000006
0.972130, 0.972125, -0.000005
0.988275, 0.988281, 0.000006
0.995455, 0.995454, -0.000001
0.912643, 0.912640, -0.000003
0.946979, 0.946976, -0.000003
0.974148, 0.974145, -0.000003
0.988698, 0.988697, -0.000001
0.977681, 0.977686, 0.000005
0.977784, 0.977790, 0.000006
0.980756, 0.980755, -0.000001
0.984423, 0.984421, -0.000002
0.999863, 0.999860, -0.000003
0.999889, 0.999892, 0.000003
0.999936, 0.999939, 0.000003
0.999786, 0.999785, -0.000001
0.999985, 0.999990, 0.000005
0.999985, 0.999979, -0.000006
0.999985, 0.999983, -0.000002
0.999986, 0.999987, 0.000001
0.990744, 0.990749, 0.000005
0.990377, 0.990381, 0.000004
0.998602, 0.998596, -0.000006
0.999951, 0.999945, -0.000006
0.998677, 0.998683, 0.000006
0.996128, 0.996124, -0.000004
0.972466, 0.972473, 0.000007
0.839064, 0.839058, -0.000006
0.964755, 0.964752, -0.000003
0.932549, 0.932549, -0.000000
0.898086, 0.898091, 0.000005
0.882476, 0.882473, -0.000003
0.957896, 0.957893, -0.000003
0.981243, 0.981239, -0.000004
0.988852, 0.988859, 0.000007
0.990852, 0.990853, 0.000001
0.971295, 0.971301, 0.000006
0.943022, 0.943027, 0.000005
0.921786, 0.921788, 0.000002
0.899020, 0.899026, 0.000006
0.999991, 0.999985, -0.000006
0.999991, 0.999985, -0.000006
0.999990, 0.999985, -0.000005
0.999990, 0.999985, -0.000005
0.998951, 0.998947, -0.000004
0.998320, 0.998315, -0.000005
0.997133, 0.997131, -0.000002
0.994973, 0.994975, 0.000002
0.981339, 0.981340, 0.000001
0.991460, 0.991457, -0.000003
0.997101, 0.997099, -0.000002
0.997586, 0.997585, -0.000001
0.999990, 0.999985, -0.000005
0.999990, 0.999985, -0.000005
0.999991, 0.999985, -0.000006
0.999991, 0.999985, -0.000006
0.999913, 0.999911, -0.000002
0.999836, 0.999837, 0.000001
0.999808, 0.999807, -0.000001
0.999876, 0.999881, 0.000005
0.911903, 0.911900, -0.000003
0.970934, 0.970932, -0.000002
0.975196, 0.975197, 0.000001
0.974865, 0.974865, 0.000000
0.999969, 0.999973, 0.000004
0.999970, 0.999967, -0.000003
0.999971, 0.999975, 0.000004
0.999972, 0.999968, -0.000004
0.765793, 0.765793, -0.000000
0.780422, 0.780418, -0.000004
0.758715, 0.758710, -0.000005
0.776651, 0.776647, -0.000004
0.994823, 0.994820, -0.000003
0.991533, 0.991531, -0.000002
0.978836, 0.978842, 0.000006
0.924642, 0.924644, 0.000002
0.970607, 0.970604, -0.000003
0.968450, 0.968448, -0.000002
0.969406, 0.969411, 0.000005
0.972868, 0.972873, 0.000005
0.999966, 0.999970, 0.000004
0.999967, 0.999973, 0.000006
0.999968, 0.999975, 0.000007
0.999969, 0.999963, -0.000006
0.997830, 0.997837, 0.000007
0.998117, 0.998120, 0.000003
0.998425, 0.998418, -0.000007
0.998416, 0.998420, 0.000004
0.999983, 0.999982, -0.000001
0.999984, 0.999984, 0.000000
0.999984, 0.999987, 0.000003
0.999984, 0.999989, 0.000005
0.999177, 0.999176, -0.000001
0.999526, 0.999522, -0.000004
0.999653, 0.999653, -0.000000
0.999662, 0.999655, -0.000007
0.999988, 0.999987, -0.000001
0.999927, 0.999932, 0.000005
0.998577, 0.998575, -0.000002
0.995021, 0.995016, -0.000005
0.732553, 0.732552, -0.000001
0.817392, 0.817390, -0.000002
0.904266, 0.904261, -0.000005
0.953160, 0.953165, 0.000005
0.994307, 0.994302, -0.000005
0.990728, 0.990735, 0.000007
0.984330, 0.984336, 0.000006
0.977973, 0.977980, 0.000007
0.999991, 0.999990, -0.000001
0.999991, 0.999986, -0.000005
0.999991, 0.999995, 0.000004
0.999990, 0.999990, 0.000000
0.998190, 0.998183, -0.000007
0.997281, 0.997277, -0.000004
0.993886, 0.993882, -0.000004
0.988537, 0.988542, 0.000005
0.998685, 0.998679, -0.000006
0.997332, 0.997330, -0.000002
0.996264, 0.996266, 0.000002
0.995980, 0.995975, -0.000005
0.999989, 0.999981, -0.000008
0.999989, 0.999982, -0.000007
0.999990, 0.999983, -0.000007
0.999990, 0.999984, -0.000006
0.971426, 0.971418, -0.000008
0.991416, 0.991409, -0.000007
0.992604, 0.992610, 0.000006
0.985990, 0.985996, 0.000006
0.996959, 0.996957, -0.000002
0.996648, 0.996650, 0.000002
0.997120, 0.997121, 0.000001
0.998150, 0.998143, -0.000007
0.999989, 0.999992, 0.000003
0.999989, 0.999993, 0.000004
0.999989, 0.999994, 0.000005
0.999989, 0.999995, 0.000006
0.999878, 0.999883, 0.000005
0.999943, 0.999949, 0.000006
0.999957, 0.999949, -0.000008
0.999818, 0.999821, 0.000003
totaldiff=0.0026345616, sz=652, average absolute error value:0.0000040407
totaldiff=0.0026585875, sz=652, average relative error rate:0.0000040776
