cfgFile=sz.config
[SZ] Reading SZ configuration file (sz.config) ...
4096
4096
4096
4096
4096
4096
4096
4096
4096
4096
4096
4096
4096
4096
4096
4096
4096
4096
4096
4096
4096
4096
4096
4096
4096
4096
4096
4096
4096
4096
4096
4096
4096
4096
4096
4096
4096
4096
4093
4099
4096
4096
4096
4096
4096
4096
4096
4095
4097
4096
4096
4096
4096
4096
4096
4096
4096
4096
4096
4096
4096
4097
4095
4096
4096
4096
4096
4096
4096
4096
4096
4096
4096
4096
4096
4096
4096
4096
4098
4094
4096
4096
4096
4096
4096
4096
4096
4096
4096
4096
4096
4096
4096
4096
4095
4097
4096
4096
4096
4096
4096
4096
4096
4096
4096
4096
4096
4096
4096
4096
4095
4097
4096
4096
4096
4096
4096
4096
4098
4094
4096
4096
4096
4096
4096
4096
4096
4096
4096
4096
4096
4096
4096
4096
4096
4096
4096
4096
4096
4096
4096
4096
4096
4096
4096
4096
4095
4097
4096
4096
4096
4096
4096
4096
4096
4096
4096
4096
4098
4094
4096
4096
4096
4096
4096
4096
4096
4096
4095
4097
4096
4096
4096
4096
4096
4096
4096
4096
4096
4096
4096
4096
4096
4096
4096
4096
4096
4096
4096
4096
4096
4096
4096
4096
4096
4095
4097
4096
4030
4100
4071
4135
3787
2427
1983
6026
5231
1653
2690
3894
4058
4085
4104
4118
4104
4086
4088
4090
4093
4090
4093
4094
4097
4096
4096
4094
4092
4090
4090
4095
4100
4108
4126
4138
4122
4083
4061
3555
4389
4107
4525
4215
3853
3995
4116
4104
4088
4091
4095
4095
4094
4094
4094
4098
4100
4093
4076
4011
3895
4054
4459
4332
3960
3963
4042
4093
4093
4072
4080
4107
4131
4165
4188
4191
4139
4045
4006
4123
3971
4097
4096
4096
4096
4095
4097
4096
4096
4096
4095
4097
4096
4096
4095
4097
4096
4077
4018
4227
4127
4039
4084
4102
4098
4079
4028
4043
4241
4156
3889
2827
3235
3528
2903
3815
4040
3816
5082
3574
4094
4034
3691
2732
3817
6513
5089
2879
3621
4654
4604
4072
3623
3203
3096
4452
6202
5133
147
4310
7560
2968
4154
4191
3991
4065
4397
4522
4403
4162
3885
4578
3161
4096
4096
4095
4097
4096
4096
4096
4096
4096
4096
4096
4096
4096
4095
4097
4096
4096
4096
4096
4096
4096
4096
4096
4096
4095
4097
4096
4096
4096
4096
4096
4096
4096
4096
4095
4097
4096
4096
2665
6048
4144
3759
3918
4046
4080
4080
4075
4064
4017
3621
2697
5917
6350
3017
3149
3844
3732
3613
4629
5298
3784
3754
4041
4021
4029
4050
4015
3929
3960
4221
4442
4392
4185
4018
3965
3991
4034
4069
822
3273
3663
4519
4886
3857
3553
4169
4365
4114
4007
4048
4077
4104
4106
4075
4062
4074
4086
4089
4082
4058
4004
3924
3862
3558
2480
3981
8029
6303
2527
3113
3728
3957
4015
4009
4005
4275
3940
4111
4080
4082
4103
4104
4091
4071
3388
3933
2592
4110
2436
3296
4000
4101
4096
4043
3526
2985
2323
3754
4052
3990
3331
4258
6012
1156
4718
6621
3817
3582
3909
3576
4207
4196
4018
4075
4093
4096
4098
4100
4085
4058
4066
4177
4158
4072
4047
4076
4132
4109
4078
4046
860
1978
4007
4087
4082
4059
3970
3660
2134
386
1050
3144
5311
2231
4097
4095
4096
4097
4095
4096
4096
4097
4095
4096
4097
4095
4097
4095
4096
4097
4095
4096
4096
4097
4095
4096
4097
4095
4096
4097
4095
4096
4097
4095
4096
4097
4095
4096
4097
4095
4096
4097
4094
4097
4097
4095
4096
4097
4095
4096
4097
4095
4096
4097
4095
4096
4097
4095
4096
4097
4095
4096
4096
4097
4095
4096
4097
4095
4096
4097
4095
4096
4097
4095
4096
4096
4097
4095
4096
4097
4095
4096
timecost, 0.004195, seconds
done
5120
2323
sz compression ratio, 2.20 
timecost, 0.004273, second
done
Max absolute error = 9.4801025390944815285E-06
Max relative error = 2.4563096520769534946E-05
Max pw_relative err = 9.5892570521187492415E-06
./inputdata/full/astro_ci.dat, ./inputdata/full/astro_ci.dat.sz.out, 640
size of double: 8
0.999993, 0.999992, -0.000001
0.999993, 0.999992, -0.000001
0.999993, 0.999992, -0.000001
0.999993, 0.999992, -0.000001
0.999993, 0.999992, -0.000001
0.999993, 0.999992, -0.000001
0.999993, 0.999992, -0.000001
0.999993, 0.999992, -0.000001
0.999993, 0.999992, -0.000001
0.999992, 0.999992, 0.000000
0.999992, 0.999992, 0.000000
0.999992, 0.999992, 0.000000
0.999992, 0.999992, 0.000000
0.999992, 0.999992, 0.000000
0.999992, 0.999992, 0.000000
0.999992, 0.999992, 0.000000
0.999991, 0.999992, 0.000001
0.999991, 0.999992, 0.000001
0.999991, 0.999992, 0.000001
0.999991, 0.999992, 0.000001
0.999991, 0.999992, 0.000001
0.999991, 0.999992, 0.000001
0.999990, 0.999992, 0.000002
0.999990, 0.999992, 0.000002
0.999990, 0.999992, 0.000002
0.999990, 0.999992, 0.000002
0.999990, 0.999992, 0.000002
0.999990, 0.999992, 0.000002
0.999989, 0.999992, 0.000003
0.999989, 0.999992, 0.000003
0.999989, 0.999992, 0.000003
0.999989, 0.999992, 0.000003
0.999989, 0.999992, 0.000003
0.999988, 0.999992, 0.000004
0.999988, 0.999992, 0.000004
0.999988, 0.999992, 0.000004
0.999988, 0.999992, 0.000004
0.999987, 0.999992, 0.000005
0.999987, 0.999992, 0.000005
0.999987, 0.999992, 0.000005
0.999931, 0.999935, 0.000004
0.999931, 0.999935, 0.000004
0.999930, 0.999935, 0.000005
0.999929, 0.999935, 0.000006
0.999928, 0.999935, 0.000007
0.999927, 0.999935, 0.000008
0.999927, 0.999935, 0.000008
0.999926, 0.999935, 0.000009
0.999926, 0.999935, 0.000009
0.999925, 0.999916, -0.000009
0.999925, 0.999916, -0.000009
0.999924, 0.999916, -0.000008
0.999924, 0.999916, -0.000008
0.999924, 0.999916, -0.000008
0.999924, 0.999916, -0.000008
0.999923, 0.999916, -0.000007
0.999923, 0.999916, -0.000007
0.999924, 0.999916, -0.000008
0.999924, 0.999916, -0.000008
0.999924, 0.999916, -0.000008
0.999924, 0.999916, -0.000008
0.999925, 0.999916, -0.000009
0.999925, 0.999916, -0.000009
0.999926, 0.999935, 0.000009
0.999926, 0.999935, 0.000009
0.999927, 0.999935, 0.000008
0.999927, 0.999935, 0.000008
0.999928, 0.999935, 0.000007
0.999929, 0.999935, 0.000006
0.999930, 0.999935, 0.000005
0.999931, 0.999935, 0.000004
0.999932, 0.999935, 0.000003
0.999933, 0.999935, 0.000002
0.999934, 0.999935, 0.000001
0.999934, 0.999935, 0.000001
0.999936, 0.999935, -0.000001
0.999937, 0.999935, -0.000002
0.999938, 0.999935, -0.000003
0.999939, 0.999935, -0.000004
0.999940, 0.999935, -0.000005
0.999975, 0.999973, -0.000002
0.999975, 0.999973, -0.000002
0.999974, 0.999973, -0.000001
0.999973, 0.999973, 0.000000
0.999973, 0.999973, 0.000000
0.999972, 0.999973, 0.000001
0.999971, 0.999973, 0.000002
0.999970, 0.999973, 0.000003
0.999970, 0.999973, 0.000003
0.999969, 0.999973, 0.000004
0.999968, 0.999973, 0.000005
0.999967, 0.999973, 0.000006
0.999966, 0.999973, 0.000007
0.999965, 0.999973, 0.000008
0.999964, 0.999973, 0.000009
0.999964, 0.999973, 0.000009
0.999963, 0.999954, -0.000009
0.999962, 0.999954, -0.000008
0.999961, 0.999954, -0.000007
0.999960, 0.999954, -0.000006
0.999958, 0.999954, -0.000004
0.999957, 0.999954, -0.000003
0.999956, 0.999954, -0.000002
0.999955, 0.999954, -0.000001
0.999954, 0.999954, 0.000000
0.999953, 0.999954, 0.000001
0.999952, 0.999954, 0.000002
0.999950, 0.999954, 0.000004
0.999949, 0.999954, 0.000005
0.999948, 0.999954, 0.000006
0.999946, 0.999954, 0.000008
0.999945, 0.999954, 0.000009
0.999944, 0.999935, -0.000009
0.999942, 0.999935, -0.000007
0.999941, 0.999935, -0.000006
0.999940, 0.999935, -0.000005
0.999938, 0.999935, -0.000003
0.999937, 0.999935, -0.000002
0.999935, 0.999935, 0.000000
0.999934, 0.999935, 0.000001
0.999982, 0.999973, -0.000009
0.999981, 0.999973, -0.000008
0.999981, 0.999973, -0.000008
0.999981, 0.999973, -0.000008
0.999980, 0.999973, -0.000007
0.999980, 0.999973, -0.000007
0.999979, 0.999973, -0.000006
0.999979, 0.999973, -0.000006
0.999978, 0.999973, -0.000005
0.999978, 0.999973, -0.000005
0.999977, 0.999973, -0.000004
0.999976, 0.999973, -0.000003
0.999976, 0.999973, -0.000003
0.999975, 0.999973, -0.000002
0.999975, 0.999973, -0.000002
0.999974, 0.999973, -0.000001
0.999973, 0.999973, 0.000000
0.999973, 0.999973, 0.000000
0.999972, 0.999973, 0.000001
0.999971, 0.999973, 0.000002
0.999970, 0.999973, 0.000003
0.999970, 0.999973, 0.000003
0.999969, 0.999973, 0.000004
0.999968, 0.999973, 0.000005
0.999967, 0.999973, 0.000006
0.999966, 0.999973, 0.000007
0.999965, 0.999973, 0.000008
0.999964, 0.999973, 0.000009
0.999963, 0.999954, -0.000009
0.999962, 0.999954, -0.000008
0.999961, 0.999954, -0.000007
0.999960, 0.999954, -0.000006
0.999959, 0.999954, -0.000005
0.999958, 0.999954, -0.000004
0.999956, 0.999954, -0.000002
0.999955, 0.999954, -0.000001
0.999954, 0.999954, 0.000000
0.999953, 0.999954, 0.000001
0.999951, 0.999954, 0.000003
0.999950, 0.999954, 0.000004
0.999986, 0.999992, 0.000006
0.999985, 0.999992, 0.000007
0.999985, 0.999992, 0.000007
0.999985, 0.999992, 0.000007
0.999984, 0.999992, 0.000008
0.999984, 0.999992, 0.000008
0.999984, 0.999992, 0.000008
0.999983, 0.999992, 0.000009
0.999983, 0.999992, 0.000009
0.999983, 0.999992, 0.000009
0.999982, 0.999973, -0.000009
0.999982, 0.999973, -0.000009
0.999981, 0.999973, -0.000008
0.999981, 0.999973, -0.000008
0.999981, 0.999973, -0.000008
0.999980, 0.999973, -0.000007
0.999980, 0.999973, -0.000007
0.999979, 0.999973, -0.000006
0.999979, 0.999973, -0.000006
0.999978, 0.999973, -0.000005
0.999978, 0.999973, -0.000005
0.999977, 0.999973, -0.000004
0.999977, 0.999973, -0.000004
0.999976, 0.999973, -0.000003
0.999975, 0.999973, -0.000002
0.999975, 0.999973, -0.000002
0.999974, 0.999973, -0.000001
0.999973, 0.999973, 0.000000
0.999973, 0.999973, 0.000000
0.999972, 0.999973, 0.000001
0.999971, 0.999973, 0.000002
0.999970, 0.999973, 0.000003
0.999969, 0.999973, 0.000004
0.999969, 0.999973, 0.000004
0.999968, 0.999973, 0.000005
0.999967, 0.999973, 0.000006
0.999966, 0.999973, 0.000007
0.999965, 0.999957, -0.000008
0.999964, 0.999957, -0.000007
0.999963, 0.999957, -0.000006
0.998888, 0.998887, -0.000001
0.997879, 0.997882, 0.000003
0.996472, 0.996471, -0.000001
0.995700, 0.995693, -0.000007
0.989908, 0.989905, -0.000003
0.957051, 0.957059, 0.000008
0.889958, 0.889956, -0.000002
0.854147, 0.854142, -0.000005
0.901957, 0.901955, -0.000002
0.968163, 0.968168, 0.000005
0.994777, 0.994775, -0.000002
0.998583, 0.998587, 0.000004
0.999131, 0.999124, -0.000007
0.999051, 0.999044, -0.000007
0.998793, 0.998787, -0.000006
0.998664, 0.998659, -0.000005
0.998881, 0.998888, 0.000007
0.999246, 0.999247, 0.000001
0.999450, 0.999443, -0.000007
0.999505, 0.999510, 0.000005
0.999486, 0.999479, -0.000007
0.999397, 0.999400, 0.000003
0.999229, 0.999224, -0.000005
0.998995, 0.998999, 0.000004
0.998736, 0.998735, -0.000001
0.998483, 0.998491, 0.000008
0.998244, 0.998247, 0.000003
0.998003, 0.998003, 0.000000
0.997730, 0.997721, -0.000009
0.997370, 0.997362, -0.000008
0.996885, 0.996889, 0.000004
0.996301, 0.996302, 0.000001
0.995700, 0.995695, -0.000005
0.995168, 0.995165, -0.000003
0.994868, 0.994864, -0.000004
0.995130, 0.995134, 0.000004
0.996198, 0.996206, 0.000008
0.997774, 0.997774, 0.000000
0.999093, 0.999094, 0.000001
0.999741, 0.999746, 0.000005
0.990082, 0.990080, -0.000002
0.985995, 0.986002, 0.000007
0.982139, 0.982134, -0.000005
0.986449, 0.986448, -0.000001
0.993029, 0.993032, 0.000003
0.994974, 0.994982, 0.000008
0.994996, 0.995005, 0.000009
0.995407, 0.995409, 0.000002
0.995963, 0.995966, 0.000003
0.996361, 0.996370, 0.000009
0.996674, 0.996679, 0.000005
0.996965, 0.996969, 0.000004
0.997242, 0.997240, -0.000002
0.997481, 0.997473, -0.000008
0.997663, 0.997667, 0.000004
0.997815, 0.997824, 0.000009
0.998013, 0.998018, 0.000005
0.998286, 0.998289, 0.000003
0.998511, 0.998503, -0.000008
0.998331, 0.998335, 0.000004
0.996551, 0.996546, -0.000005
0.990915, 0.990923, 0.000008
0.984497, 0.984499, 0.000002
0.985008, 0.984999, -0.000009
0.989993, 0.990000, 0.000007
0.992410, 0.992407, -0.000003
0.992275, 0.992277, 0.000002
0.991114, 0.991117, 0.000003
0.989892, 0.989901, 0.000009
0.988617, 0.988626, 0.000009
0.986886, 0.986895, 0.000009
0.984866, 0.984858, -0.000008
0.983022, 0.983030, 0.000008
0.981879, 0.981871, -0.000008
0.982022, 0.982027, 0.000005
0.983938, 0.983938, 0.000000
0.987665, 0.987661, -0.000004
0.992205, 0.992205, -0.000000
0.995784, 0.995775, -0.000009
0.997634, 0.997629, -0.000005
0.999989, 0.999998, 0.000009
0.999990, 0.999983, -0.000007
0.999990, 0.999987, -0.000003
0.999990, 0.999990, 0.000000
0.999990, 0.999994, 0.000004
0.999990, 0.999998, 0.000008
0.999990, 0.999983, -0.000007
0.999990, 0.999987, -0.000003
0.999990, 0.999990, 0.000000
0.999990, 0.999994, 0.000004
0.999990, 0.999998, 0.000008
0.999990, 0.999984, -0.000006
0.999990, 0.999988, -0.000002
0.999990, 0.999991, 0.000001
0.999990, 0.999995, 0.000005
0.999989, 0.999981, -0.000008
0.999989, 0.999985, -0.000004
0.999985, 0.999989, 0.000004
0.999645, 0.999648, 0.000003
0.997902, 0.997894, -0.000008
0.998508, 0.998514, 0.000006
0.999703, 0.999696, -0.000007
0.999844, 0.999845, 0.000001
0.999784, 0.999776, -0.000008
0.999820, 0.999816, -0.000004
0.999892, 0.999892, 0.000000
0.999658, 0.999660, 0.000002
0.998198, 0.998197, -0.000001
0.995775, 0.995772, -0.000003
0.995976, 0.995975, -0.000001
0.997267, 0.997266, -0.000001
0.994799, 0.994805, 0.000006
0.969348, 0.969351, 0.000003
0.928292, 0.928295, 0.000003
0.965823, 0.965820, -0.000003
0.993049, 0.993053, 0.000004
0.998671, 0.998670, -0.000001
0.999197, 0.999194, -0.000003
0.998706, 0.998704, -0.000002
0.993136, 0.993140, 0.000004
0.999333, 0.999331, -0.000002
0.999302, 0.999298, -0.000004
0.999240, 0.999242, 0.000002
0.998444, 0.998446, 0.000002
0.992818, 0.992823, 0.000005
0.970945, 0.970940, -0.000005
0.945730, 0.945730, 0.000000
0.949332, 0.949334, 0.000002
0.964776, 0.964775, -0.000001
0.965704, 0.965708, 0.000004
0.960973, 0.960979, 0.000006
0.962905, 0.962901, -0.000004
0.970881, 0.970880, -0.000001
0.978568, 0.978572, 0.000004
0.980630, 0.980626, -0.000004
0.972035, 0.972034, -0.000001
0.951519, 0.951521, 0.000002
0.935250, 0.935253, 0.000003
0.944090, 0.944089, -0.000001
0.965286, 0.965288, 0.000002
0.931350, 0.931347, -0.000003
0.850335, 0.850330, -0.000005
0.834508, 0.834507, -0.000001
0.821240, 0.821235, -0.000005
0.696991, 0.696991, -0.000000
0.614044, 0.614041, -0.000003
0.692797, 0.692795, -0.000002
0.866534, 0.866531, -0.000003
0.979203, 0.979202, -0.000001
0.984803, 0.984802, -0.000001
0.976956, 0.976955, -0.000001
0.969803, 0.969800, -0.000003
0.964375, 0.964366, -0.000009
0.957021, 0.957029, 0.000008
0.949123, 0.949131, 0.000008
0.946694, 0.946687, -0.000007
0.951970, 0.951962, -0.000008
0.962800, 0.962799, -0.000001
0.974828, 0.974833, 0.000005
0.983041, 0.983043, 0.000002
0.999983, 0.999987, 0.000004
0.999984, 0.999989, 0.000005
0.999984, 0.999990, 0.000006
0.999984, 0.999992, 0.000008
0.999985, 0.999976, -0.000009
0.999985, 0.999978, -0.000007
0.999985, 0.999980, -0.000005
0.999986, 0.999982, -0.000004
0.999986, 0.999984, -0.000002
0.999986, 0.999986, -0.000000
0.999986, 0.999988, 0.000002
0.999987, 0.999990, 0.000003
0.999987, 0.999991, 0.000004
0.999987, 0.999993, 0.000006
0.999987, 0.999995, 0.000008
0.999988, 0.999979, -0.000009
0.999988, 0.999981, -0.000007
0.999988, 0.999983, -0.000005
0.999988, 0.999985, -0.000003
0.999988, 0.999987, -0.000001
0.999989, 0.999989, -0.000000
0.999989, 0.999990, 0.000001
0.999989, 0.999992, 0.000003
0.999989, 0.999994, 0.000005
0.999989, 0.999996, 0.000007
0.999990, 0.999998, 0.000008
0.999990, 0.999982, -0.000008
0.999990, 0.999984, -0.000006
0.999990, 0.999986, -0.000004
0.999990, 0.999988, -0.000002
0.999990, 0.999990, -0.000000
0.999990, 0.999991, 0.000001
0.999990, 0.999993, 0.000003
0.999990, 0.999995, 0.000005
0.999990, 0.999997, 0.000007
0.999990, 0.999999, 0.000009
0.999990, 0.999983, -0.000007
0.999990, 0.999985, -0.000005
0.999990, 0.999987, -0.000003
0.999989, 0.999989, -0.000000
0.974063, 0.974061, -0.000002
0.983498, 0.983503, 0.000005
0.993811, 0.993815, 0.000004
0.998018, 0.998021, 0.000003
0.998998, 0.999002, 0.000004
0.999082, 0.999076, -0.000006
0.998861, 0.998860, -0.000001
0.998359, 0.998355, -0.000004
0.997465, 0.997469, 0.000004
0.995995, 0.996003, 0.000008
0.993109, 0.993106, -0.000003
0.981601, 0.981602, 0.000001
0.944750, 0.944748, -0.000002
0.940892, 0.940890, -0.000002
0.977868, 0.977875, 0.000007
0.995305, 0.995308, 0.000003
0.998284, 0.998291, 0.000007
0.997422, 0.997429, 0.000007
0.991014, 0.991013, -0.000001
0.977220, 0.977226, 0.000006
0.971567, 0.971573, 0.000006
0.984257, 0.984261, 0.000004
0.992185, 0.992188, 0.000003
0.994897, 0.994896, -0.000001
0.996767, 0.996765, -0.000002
0.997489, 0.997490, 0.000001
0.997194, 0.997192, -0.000002
0.996197, 0.996193, -0.000004
0.993951, 0.993958, 0.000007
0.989170, 0.989174, 0.000004
0.982322, 0.982315, -0.000007
0.977364, 0.977364, -0.000000
0.977687, 0.977692, 0.000005
0.982531, 0.982536, 0.000005
0.988732, 0.988739, 0.000007
0.993747, 0.993752, 0.000005
0.996767, 0.996765, -0.000002
0.998173, 0.998177, 0.000004
0.998638, 0.998642, 0.000004
0.998695, 0.998695, 0.000000
0.768368, 0.768364, -0.000004
0.904223, 0.904221, -0.000002
0.965797, 0.965790, -0.000007
0.977407, 0.977402, -0.000005
0.976462, 0.976456, -0.000006
0.968907, 0.968903, -0.000004
0.967803, 0.967804, 0.000001
0.978767, 0.978760, -0.000007
0.985614, 0.985613, -0.000001
0.983137, 0.983145, 0.000008
0.981928, 0.981930, 0.000002
0.985336, 0.985332, -0.000004
0.989052, 0.989044, -0.000008
0.991228, 0.991228, 0.000000
0.992585, 0.992588, 0.000003
0.993629, 0.993622, -0.000007
0.994797, 0.994793, -0.000004
0.996132, 0.996136, 0.000004
0.997123, 0.997118, -0.000005
0.997522, 0.997517, -0.000005
0.997537, 0.997538, 0.000001
0.997384, 0.997387, 0.000003
0.997113, 0.997116, 0.000003
0.996602, 0.996605, 0.000003
0.995437, 0.995441, 0.000004
0.992693, 0.992699, 0.000006
0.986998, 0.987003, 0.000005
0.977296, 0.977291, -0.000005
0.958350, 0.958344, -0.000006
0.911660, 0.911655, -0.000005
0.862989, 0.862993, 0.000004
0.881846, 0.881845, -0.000001
0.938590, 0.938583, -0.000007
0.968380, 0.968388, 0.000008
0.981309, 0.981318, 0.000009
0.987936, 0.987930, -0.000006
0.992155, 0.992157, 0.000002
0.994996, 0.994993, -0.000003
0.996337, 0.996336, -0.000001
0.996123, 0.996117, -0.000006
0.998978, 0.998970, -0.000008
0.999145, 0.999146, 0.000001
0.999570, 0.999578, 0.000008
0.999730, 0.999737, 0.000007
0.999653, 0.999655, 0.000002
0.999691, 0.999693, 0.000002
0.999873, 0.999868, -0.000005
0.999961, 0.999958, -0.000003
0.999618, 0.999619, 0.000001
0.861076, 0.861069, -0.000007
0.883697, 0.883690, -0.000007
0.987941, 0.987938, -0.000003
0.999833, 0.999832, -0.000001
0.999575, 0.999573, -0.000002
0.996515, 0.996515, 0.000000
0.967642, 0.967640, -0.000002
0.939007, 0.939005, -0.000002
0.982735, 0.982735, -0.000000
0.997966, 0.997969, 0.000003
0.999462, 0.999470, 0.000008
totaldiff=0.0027670936, sz=640, average absolute error value:0.0000043236
totaldiff=0.0027967224, sz=640, average relative error rate:0.0000043699
