cfgFile=sz.config
[SZ] Reading SZ configuration file (sz.config) ...
4094
4096
4099
4092
4098
4098
4093
4098
4094
4096
4098
4095
4094
4100
4090
4102
4095
4095
4095
4095
4100
4092
4097
4100
4093
4094
4096
4101
4093
4096
4094
4096
4100
4094
4096
4096
4096
4093
4102
4093
4093
4098
4097
4099
4093
4095
4095
4100
4092
4099
4095
4096
4096
4092
4101
4097
4092
4096
4098
4096
4099
4093
4093
4097
4101
4094
4095
4096
4093
4101
4094
4091
4106
4091
4092
4102
4095
4090
4105
4088
4104
4090
4100
4093
4097
4093
4102
4090
4098
4099
4095
4094
4092
4102
4099
4092
4096
4090
4107
4091
4091
4106
4086
4100
4096
4103
4084
4108
4090
4096
4095
4093
4098
4097
4099
4096
4096
4093
4093
4103
4094
4092
4101
4095
4094
4097
4096
4090
4105
4088
4106
4093
4093
4096
4098
4094
4090
4106
4097
4092
4096
4096
4096
4091
4104
4094
4094
4097
4097
4094
4089
4112
4084
4103
4093
3927
4427
3940
4046
3642
5134
3556
4096
4094
4101
4093
4096
3819
4649
3577
4579
3619
4337
4312
3891
4081
4096
3398
5491
3399
4096
4096
4062
4152
4083
4087
4098
4093
4097
4091
4106
4001
4266
4027
4085
3934
4415
1996
7979
2164
4077
3641
5039
3159
5016
1988
5962
5194
1543
5616
4881
3029
4095
4094
3863
51
3762
3870
1625
1223
4009
4419
4143
1620
6993
5954
3006
2364
7254
3267
3022
4599
4789
3707
3874
3989
4309
3991
4036
3983
4463
3937
3464
4492
5091
3302
4095
4096
3435
5418
3327
4285
3645
4396
4633
2836
5526
3615
3431
4675
4316
3884
2457
4049
4049
4330
3956
4042
4116
2822
6782
2583
4126
4401
3950
3957
4130
3780
853
2855
295
6047
3637
3970
4488
832
7026
3634
3378
4619
3779
4054
1995
4096
3981
3722
4992
3052
3099
4058
1916
2570
4197
3987
4505
3979
3472
5090
2093
6624
2808
2376
6658
4879
7005
5195
3410
3717
4001
838
2813
2218
6274
1774
6618
2713
4210
3126
5263
5528
4071
4471
3495
4930
3676
4098
3650
2481
1465
4439
3904
4084
4137
4072
4097
4090
4107
4038
4205
4040
4098
4095
758
816
4066
4095
4098
4096
4096
4084
3857
4194
4007
4993
3286
4098
4494
3912
4035
4086
4044
4228
157
4095
4089
2743
6918
2925
3866
4244
4101
4806
3499
3789
3543
5191
3552
3497
5111
2708
6241
2926
4094
3596
4083
5621
3088
3723
4684
3958
4146
4039
1342
1359
1279
3288
3496
3918
4027
4078
3741
4745
1889
8074
2051
4079
4121
4056
4162
4061
3813
4613
3908
4050
4096
4095
4077
4135
4074
4087
4099
4126
4075
4093
4049
4195
4003
4184
4051
4093
4074
4151
4066
4094
4100
4094
4097
4095
4096
4096
4095
4099
4095
4093
4100
4091
4043
4212
4036
4096
4097
4094
4099
4094
2998
6292
2998
4097
4078
3914
4512
3879
3582
5123
3585
4095
4095
4001
4285
4000
4100
4096
4095
4095
4095
4095
4102
4092
4092
4104
4091
4100
4093
4093
4101
4092
4099
4095
4099
4093
4096
4098
4090
4101
4098
4094
4094
4097
4096
4097
4095
4098
4091
4101
4092
4102
4089
4102
4090
4100
4098
4093
4094
4101
4093
4095
4099
4092
4099
4094
4099
4096
4094
4094
4097
4099
4096
4094
4096
4094
timecost, 0.004300, seconds
done
5240
3203
sz compression ratio, 1.64 
timecost, 0.000050, second
done
Max absolute error = 0
Max relative error = 0
Max pw_relative err = 0
./inputdata/full/astro_pr.dat, ./inputdata/full/astro_pr.dat.sz.out, 655
size of double: 8
0.999942, 0.999942, 0.000000
0.999969, 0.999969, 0.000000
0.999948, 0.999948, 0.000000
0.999940, 0.999940, 0.000000
0.999979, 0.999979, 0.000000
0.999939, 0.999939, 0.000000
0.999941, 0.999941, 0.000000
0.999986, 0.999986, 0.000000
0.999979, 0.999979, 0.000000
0.999994, 0.999994, 0.000000
0.999986, 0.999986, 0.000000
0.999953, 0.999953, 0.000000
0.999987, 0.999987, 0.000000
0.999991, 0.999991, 0.000000
0.999948, 0.999948, 0.000000
0.999992, 0.999992, 0.000000
0.999930, 0.999930, 0.000000
0.999963, 0.999963, 0.000000
0.999993, 0.999993, 0.000000
0.999992, 0.999992, 0.000000
0.999980, 0.999980, 0.000000
0.999947, 0.999947, 0.000000
0.999987, 0.999987, 0.000000
0.999958, 0.999958, 0.000000
0.999926, 0.999926, 0.000000
0.999987, 0.999987, 0.000000
0.999993, 0.999993, 0.000000
0.999970, 0.999970, 0.000000
0.999926, 0.999926, 0.000000
0.999992, 0.999992, 0.000000
0.999991, 0.999991, 0.000000
0.999991, 0.999991, 0.000000
0.999962, 0.999962, 0.000000
0.999924, 0.999924, 0.000000
0.999968, 0.999968, 0.000000
0.999982, 0.999982, 0.000000
0.999990, 0.999990, 0.000000
0.999992, 0.999992, 0.000000
0.999985, 0.999985, 0.000000
0.999940, 0.999940, 0.000000
0.999993, 0.999993, 0.000000
0.999993, 0.999993, 0.000000
0.999955, 0.999955, 0.000000
0.999928, 0.999928, 0.000000
0.999929, 0.999929, 0.000000
0.999990, 0.999990, 0.000000
0.999992, 0.999992, 0.000000
0.999989, 0.999989, 0.000000
0.999946, 0.999946, 0.000000
0.999993, 0.999993, 0.000000
0.999966, 0.999966, 0.000000
0.999990, 0.999990, 0.000000
0.999988, 0.999988, 0.000000
0.999981, 0.999981, 0.000000
0.999987, 0.999987, 0.000000
0.999917, 0.999917, 0.000000
0.999944, 0.999944, 0.000000
0.999992, 0.999992, 0.000000
0.999958, 0.999958, 0.000000
0.999908, 0.999908, 0.000000
0.999913, 0.999913, 0.000000
0.999918, 0.999918, 0.000000
0.999990, 0.999990, 0.000000
0.999992, 0.999992, 0.000000
0.999942, 0.999942, 0.000000
0.999909, 0.999909, 0.000000
0.999961, 0.999961, 0.000000
0.999981, 0.999981, 0.000000
0.999986, 0.999986, 0.000000
0.999989, 0.999989, 0.000000
0.999939, 0.999939, 0.000000
0.999989, 0.999989, 0.000000
0.999986, 0.999986, 0.000000
0.999901, 0.999901, 0.000000
0.999983, 0.999983, 0.000000
0.999990, 0.999990, 0.000000
0.999932, 0.999932, 0.000000
0.999960, 0.999960, 0.000000
0.999990, 0.999990, 0.000000
0.999899, 0.999899, 0.000000
0.999985, 0.999985, 0.000000
0.999906, 0.999906, 0.000000
0.999977, 0.999977, 0.000000
0.999943, 0.999943, 0.000000
0.999988, 0.999988, 0.000000
0.999980, 0.999980, 0.000000
0.999972, 0.999972, 0.000000
0.999922, 0.999922, 0.000000
0.999992, 0.999992, 0.000000
0.999939, 0.999939, 0.000000
0.999923, 0.999923, 0.000000
0.999959, 0.999959, 0.000000
0.999983, 0.999983, 0.000000
0.999968, 0.999968, 0.000000
0.999886, 0.999886, 0.000000
0.999896, 0.999896, 0.000000
0.999980, 0.999980, 0.000000
0.999988, 0.999988, 0.000000
0.999992, 0.999992, 0.000000
0.999884, 0.999884, 0.000000
0.999980, 0.999980, 0.000000
0.999988, 0.999988, 0.000000
0.999881, 0.999881, 0.000000
0.999988, 0.999988, 0.000000
0.999904, 0.999904, 0.000000
0.999877, 0.999877, 0.000000
0.999872, 0.999872, 0.000000
0.999990, 0.999990, 0.000000
0.999871, 0.999871, 0.000000
0.999985, 0.999985, 0.000000
0.999990, 0.999990, 0.000000
0.999992, 0.999992, 0.000000
0.999992, 0.999992, 0.000000
0.999920, 0.999920, 0.000000
0.999877, 0.999877, 0.000000
0.999867, 0.999867, 0.000000
0.999900, 0.999900, 0.000000
0.999950, 0.999950, 0.000000
0.999986, 0.999986, 0.000000
0.999973, 0.999973, 0.000000
0.999909, 0.999909, 0.000000
0.999969, 0.999969, 0.000000
0.999991, 0.999991, 0.000000
0.999940, 0.999940, 0.000000
0.999975, 0.999975, 0.000000
0.999988, 0.999988, 0.000000
0.999987, 0.999987, 0.000000
0.999989, 0.999989, 0.000000
0.999988, 0.999988, 0.000000
0.999870, 0.999870, 0.000000
0.999942, 0.999942, 0.000000
0.999847, 0.999847, 0.000000
0.999955, 0.999955, 0.000000
0.999990, 0.999990, 0.000000
0.999977, 0.999977, 0.000000
0.999967, 0.999967, 0.000000
0.999972, 0.999972, 0.000000
0.999969, 0.999969, 0.000000
0.999834, 0.999834, 0.000000
0.999890, 0.999890, 0.000000
0.999971, 0.999971, 0.000000
0.999972, 0.999972, 0.000000
0.999991, 0.999991, 0.000000
0.999992, 0.999992, 0.000000
0.999989, 0.999989, 0.000000
0.999905, 0.999905, 0.000000
0.999956, 0.999956, 0.000000
0.999987, 0.999987, 0.000000
0.999973, 0.999973, 0.000000
0.999979, 0.999979, 0.000000
0.999990, 0.999990, 0.000000
0.999978, 0.999978, 0.000000
0.999827, 0.999827, 0.000000
0.999991, 0.999991, 0.000000
0.999917, 0.999917, 0.000000
0.999981, 0.999981, 0.000000
0.999984, 0.999984, 0.000000
0.996759, 0.996759, 0.000000
0.999856, 0.999856, 0.000000
0.999982, 0.999982, 0.000000
0.999140, 0.999140, 0.000000
0.989650, 0.989650, 0.000000
0.999942, 0.999942, 0.000000
0.999946, 0.999946, 0.000000
0.999959, 0.999959, 0.000000
0.999927, 0.999927, 0.000000
0.999983, 0.999983, 0.000000
0.999991, 0.999991, 0.000000
0.999984, 0.999984, 0.000000
0.994710, 0.994710, 0.000000
0.999984, 0.999984, 0.000000
0.995339, 0.995339, 0.000000
0.999923, 0.999923, 0.000000
0.995417, 0.995417, 0.000000
0.995489, 0.995489, 0.000000
0.999684, 0.999684, 0.000000
0.999986, 0.999986, 0.000000
0.999990, 0.999990, 0.000000
0.999991, 0.999991, 0.000000
0.986675, 0.986675, 0.000000
0.999982, 0.999982, 0.000000
0.999987, 0.999987, 0.000000
0.999988, 0.999988, 0.000000
0.999989, 0.999989, 0.000000
0.999351, 0.999351, 0.000000
0.999762, 0.999762, 0.000000
0.999946, 0.999946, 0.000000
0.999956, 0.999956, 0.000000
0.999986, 0.999986, 0.000000
0.999982, 0.999982, 0.000000
0.999986, 0.999986, 0.000000
0.999889, 0.999889, 0.000000
0.999970, 0.999970, 0.000000
0.998337, 0.998337, 0.000000
0.999800, 0.999800, 0.000000
0.999983, 0.999983, 0.000000
0.999986, 0.999986, 0.000000
0.997053, 0.997053, 0.000000
0.999905, 0.999905, 0.000000
0.964697, 0.964697, 0.000000
0.999835, 0.999835, 0.000000
0.999991, 0.999991, 0.000000
0.999790, 0.999790, 0.000000
0.991334, 0.991334, 0.000000
0.999989, 0.999989, 0.000000
0.991650, 0.991650, 0.000000
0.999989, 0.999989, 0.000000
0.970110, 0.970110, 0.000000
0.974067, 0.974067, 0.000000
0.997920, 0.997920, 0.000000
0.975490, 0.975490, 0.000000
0.980616, 0.980616, 0.000000
0.999975, 0.999975, 0.000000
0.999990, 0.999990, 0.000000
0.913056, 0.913056, 0.000000
0.999963, 0.999963, 0.000000
0.999990, 0.999990, 0.000000
0.999990, 0.999990, 0.000000
0.999952, 0.999952, 0.000000
0.995708, 0.995708, 0.000000
0.918162, 0.918162, 0.000000
0.996731, 0.996731, 0.000000
0.999984, 0.999984, 0.000000
0.915923, 0.915923, 0.000000
0.994868, 0.994868, 0.000000
0.999983, 0.999983, 0.000000
0.999991, 0.999991, 0.000000
0.996555, 0.996555, 0.000000
0.864343, 0.864343, 0.000000
0.862782, 0.862782, 0.000000
0.999041, 0.999041, 0.000000
0.997508, 0.997508, 0.000000
0.958265, 0.958265, 0.000000
0.999990, 0.999990, 0.000000
0.997866, 0.997866, 0.000000
0.994422, 0.994422, 0.000000
0.995895, 0.995895, 0.000000
0.998096, 0.998096, 0.000000
0.910796, 0.910796, 0.000000
0.785703, 0.785703, 0.000000
0.983057, 0.983057, 0.000000
0.968328, 0.968328, 0.000000
0.997796, 0.997796, 0.000000
0.947660, 0.947660, 0.000000
0.997986, 0.997986, 0.000000
0.984622, 0.984622, 0.000000
0.999607, 0.999607, 0.000000
0.997957, 0.997957, 0.000000
0.969878, 0.969878, 0.000000
0.989986, 0.989986, 0.000000
0.997448, 0.997448, 0.000000
0.988528, 0.988528, 0.000000
0.987281, 0.987281, 0.000000
0.996598, 0.996598, 0.000000
0.999985, 0.999985, 0.000000
0.999982, 0.999982, 0.000000
0.998709, 0.998709, 0.000000
0.999977, 0.999977, 0.000000
0.999990, 0.999990, 0.000000
0.999276, 0.999276, 0.000000
0.997229, 0.997229, 0.000000
0.999556, 0.999556, 0.000000
0.999984, 0.999984, 0.000000
0.992879, 0.992879, 0.000000
0.990490, 0.990490, 0.000000
0.999977, 0.999977, 0.000000
0.999988, 0.999988, 0.000000
0.999989, 0.999989, 0.000000
0.999990, 0.999990, 0.000000
0.992105, 0.992105, 0.000000
0.999990, 0.999990, 0.000000
0.998696, 0.998696, 0.000000
0.999658, 0.999658, 0.000000
0.995249, 0.995249, 0.000000
0.994423, 0.994423, 0.000000
0.999988, 0.999988, 0.000000
0.990528, 0.990528, 0.000000
0.998123, 0.998123, 0.000000
0.999986, 0.999986, 0.000000
0.993921, 0.993921, 0.000000
0.994749, 0.994749, 0.000000
0.998213, 0.998213, 0.000000
0.999133, 0.999133, 0.000000
0.614848, 0.614848, 0.000000
0.975981, 0.975981, 0.000000
0.999983, 0.999983, 0.000000
0.974959, 0.974959, 0.000000
0.999976, 0.999976, 0.000000
0.999984, 0.999984, 0.000000
0.999276, 0.999276, 0.000000
0.997851, 0.997851, 0.000000
0.999985, 0.999985, 0.000000
0.999990, 0.999990, 0.000000
0.999185, 0.999185, 0.000000
0.998673, 0.998673, 0.000000
0.978722, 0.978722, 0.000000
0.999756, 0.999756, 0.000000
0.997695, 0.997695, 0.000000
0.996105, 0.996105, 0.000000
0.999166, 0.999166, 0.000000
0.999990, 0.999990, 0.000000
0.998703, 0.998703, 0.000000
0.926866, 0.926866, 0.000000
0.992826, 0.992826, 0.000000
0.934688, 0.934688, 0.000000
0.999982, 0.999982, 0.000000
0.999731, 0.999731, 0.000000
0.999990, 0.999990, 0.000000
0.995434, 0.995434, 0.000000
0.941394, 0.941394, 0.000000
0.978508, 0.978508, 0.000000
0.996686, 0.996686, 0.000000
0.956851, 0.956851, 0.000000
0.999151, 0.999151, 0.000000
0.782895, 0.782895, 0.000000
0.872511, 0.872511, 0.000000
0.991894, 0.991894, 0.000000
0.999146, 0.999146, 0.000000
0.999401, 0.999401, 0.000000
0.997726, 0.997726, 0.000000
0.999982, 0.999982, 0.000000
0.969548, 0.969548, 0.000000
0.997280, 0.997280, 0.000000
0.980164, 0.980164, 0.000000
0.992393, 0.992393, 0.000000
0.999988, 0.999988, 0.000000
0.606979, 0.606979, 0.000000
0.975004, 0.975004, 0.000000
0.997203, 0.997203, 0.000000
0.929099, 0.929099, 0.000000
0.991675, 0.991675, 0.000000
0.994680, 0.994680, 0.000000
0.935207, 0.935207, 0.000000
0.647654, 0.647654, 0.000000
0.502345, 0.502345, 0.000000
0.999718, 0.999718, 0.000000
0.974979, 0.974979, 0.000000
0.504073, 0.504073, 0.000000
0.502829, 0.502829, 0.000000
0.995416, 0.995416, 0.000000
0.999990, 0.999990, 0.000000
0.997374, 0.997374, 0.000000
0.999990, 0.999990, 0.000000
0.999436, 0.999436, 0.000000
0.998468, 0.998468, 0.000000
0.976458, 0.976458, 0.000000
0.895469, 0.895469, 0.000000
0.000000, 0.000000, 0.000000
0.999985, 0.999985, 0.000000
0.999985, 0.999985, 0.000000
0.999987, 0.999987, 0.000000
0.998833, 0.998833, 0.000000
0.991624, 0.991624, 0.000000
0.998930, 0.998930, 0.000000
0.989316, 0.989316, 0.000000
0.898553, 0.898553, 0.000000
0.983914, 0.983914, 0.000000
0.999990, 0.999990, 0.000000
0.999893, 0.999893, 0.000000
0.999187, 0.999187, 0.000000
0.913135, 0.913135, 0.000000
0.973317, 0.973317, 0.000000
0.998152, 0.998152, 0.000000
0.998246, 0.998246, 0.000000
0.999986, 0.999986, 0.000000
0.999950, 0.999950, 0.000000
0.925614, 0.925614, 0.000000
0.958124, 0.958124, 0.000000
0.997254, 0.997254, 0.000000
0.871313, 0.871313, 0.000000
0.972850, 0.972850, 0.000000
0.999977, 0.999977, 0.000000
0.816728, 0.816728, 0.000000
0.985384, 0.985384, 0.000000
0.991482, 0.991482, 0.000000
0.995677, 0.995677, 0.000000
0.989766, 0.989766, 0.000000
0.999949, 0.999949, 0.000000
0.977684, 0.977684, 0.000000
0.996387, 0.996387, 0.000000
0.994224, 0.994224, 0.000000
0.964166, 0.964166, 0.000000
0.975646, 0.975646, 0.000000
0.999815, 0.999815, 0.000000
0.939007, 0.939007, 0.000000
0.918432, 0.918432, 0.000000
0.712997, 0.712997, 0.000000
0.911125, 0.911125, 0.000000
0.997111, 0.997111, 0.000000
0.782750, 0.782750, 0.000000
0.996327, 0.996327, 0.000000
0.990565, 0.990565, 0.000000
0.999990, 0.999990, 0.000000
0.999942, 0.999942, 0.000000
0.929606, 0.929606, 0.000000
0.967399, 0.967399, 0.000000
0.999942, 0.999942, 0.000000
0.901176, 0.901176, 0.000000
0.999629, 0.999629, 0.000000
0.907338, 0.907338, 0.000000
0.999650, 0.999650, 0.000000
0.999986, 0.999986, 0.000000
0.999000, 0.999000, 0.000000
0.952980, 0.952980, 0.000000
0.999250, 0.999250, 0.000000
0.960831, 0.960831, 0.000000
0.989286, 0.989286, 0.000000
0.999990, 0.999990, 0.000000
0.984742, 0.984742, 0.000000
0.999602, 0.999602, 0.000000
0.982357, 0.982357, 0.000000
0.999981, 0.999981, 0.000000
0.998480, 0.998480, 0.000000
0.998558, 0.998558, 0.000000
0.903562, 0.903562, 0.000000
0.994700, 0.994700, 0.000000
0.999979, 0.999979, 0.000000
0.990461, 0.990461, 0.000000
0.905699, 0.905699, 0.000000
0.943944, 0.943944, 0.000000
0.999985, 0.999985, 0.000000
0.984084, 0.984084, 0.000000
0.990012, 0.990012, 0.000000
0.995564, 0.995564, 0.000000
0.857286, 0.857286, 0.000000
0.999983, 0.999983, 0.000000
0.992217, 0.992217, 0.000000
0.766906, 0.766906, 0.000000
0.999974, 0.999974, 0.000000
0.997086, 0.997086, 0.000000
0.999929, 0.999929, 0.000000
0.993596, 0.993596, 0.000000
0.999988, 0.999988, 0.000000
0.999973, 0.999973, 0.000000
0.999980, 0.999980, 0.000000
0.993195, 0.993195, 0.000000
0.961756, 0.961756, 0.000000
0.999522, 0.999522, 0.000000
0.997138, 0.997138, 0.000000
0.999976, 0.999976, 0.000000
0.999889, 0.999889, 0.000000
0.999627, 0.999627, 0.000000
0.999980, 0.999980, 0.000000
0.999983, 0.999983, 0.000000
0.999984, 0.999984, 0.000000
0.999897, 0.999897, 0.000000
0.999979, 0.999979, 0.000000
0.999188, 0.999188, 0.000000
0.999988, 0.999988, 0.000000
0.999973, 0.999973, 0.000000
0.999987, 0.999987, 0.000000
0.999990, 0.999990, 0.000000
0.950636, 0.950636, 0.000000
0.999564, 0.999564, 0.000000
0.999991, 0.999991, 0.000000
0.999990, 0.999990, 0.000000
0.999973, 0.999973, 0.000000
0.999979, 0.999979, 0.000000
0.999977, 0.999977, 0.000000
0.999991, 0.999991, 0.000000
0.999829, 0.999829, 0.000000
0.996122, 0.996122, 0.000000
0.993868, 0.993868, 0.000000
0.990291, 0.990291, 0.000000
0.999990, 0.999990, 0.000000
0.997704, 0.997704, 0.000000
0.995443, 0.995443, 0.000000
0.999073, 0.999073, 0.000000
0.999983, 0.999983, 0.000000
0.999987, 0.999987, 0.000000
0.999861, 0.999861, 0.000000
0.998938, 0.998938, 0.000000
0.999988, 0.999988, 0.000000
0.942803, 0.942803, 0.000000
0.742084, 0.742084, 0.000000
0.999968, 0.999968, 0.000000
0.999991, 0.999991, 0.000000
0.999991, 0.999991, 0.000000
0.999907, 0.999907, 0.000000
0.979812, 0.979812, 0.000000
0.997387, 0.997387, 0.000000
0.999334, 0.999334, 0.000000
0.998213, 0.998213, 0.000000
0.999060, 0.999060, 0.000000
0.999985, 0.999985, 0.000000
0.817068, 0.817068, 0.000000
0.999963, 0.999963, 0.000000
0.994875, 0.994875, 0.000000
0.999264, 0.999264, 0.000000
0.850036, 0.850036, 0.000000
0.989607, 0.989607, 0.000000
0.998786, 0.998786, 0.000000
0.999991, 0.999991, 0.000000
0.997097, 0.997097, 0.000000
0.677196, 0.677196, 0.000000
0.999988, 0.999988, 0.000000
0.999989, 0.999989, 0.000000
0.992613, 0.992613, 0.000000
0.999852, 0.999852, 0.000000
0.999833, 0.999833, 0.000000
totaldiff=0.0000000000, sz=655, average absolute error value:0.0000000000
totaldiff=0.0000000000, sz=655, average relative error rate:0.0000000000
