cfgFile=sz.config
[SZ] Reading SZ configuration file (sz.config) ...
4168
4024
4132
4096
4007
4185
4096
4214
3978
4096
4094
4098
4096
4117
4075
4096
4122
4070
4096
4123
4069
4096
4126
4066
4096
4131
4061
4096
4139
4053
4096
4151
4041
4096
4164
4028
4096
4178
4014
4096
4184
4008
4096
4185
4007
4096
4184
4008
4096
4190
4002
4096
4241
3951
4096
4321
3871
4096
4388
3804
4096
4415
3794
4095
4392
3801
4096
4434
3758
4096
4603
3589
4096
4798
3394
4095
4905
3287
4097
5015
3176
4097
5202
2990
4096
5300
2891
4097
4907
3285
4096
4325
3867
4095
3787
4406
4096
3262
4930
4096
2415
5777
4096
609
7583
4096
156
8036
4097
1127
7064
4096
1525
6667
4096
1856
6336
4096
2119
6073
4096
2337
5855
4096
2519
5673
4096
2302
5890
4096
2470
5722
4096
2617
5575
4096
2746
5446
4096
2861
5331
4096
2962
5230
4096
3054
5138
4096
3136
5056
4096
3209
4984
4095
3277
4915
4096
3338
4926
4096
3328
4864
4096
3383
4809
4096
3435
4757
4096
3480
4712
4096
3524
4668
4096
3560
4632
4096
3607
4585
4096
3659
4533
4096
3853
4339
4097
4230
3961
4097
5426
2766
4095
8146
46
4097
4096
7384
808
4096
6355
1837
4096
5661
2531
4096
5265
2927
4096
4973
3219
4096
4789
3403
4096
4674
3518
4096
4592
3600
4096
4403
3789
4096
4393
3799
4096
4348
3844
4096
4356
3836
4096
4341
3851
4096
4350
3842
4096
4345
3847
4096
4348
3844
4096
4355
3837
4096
4362
3830
4096
4355
3854
4095
4344
3848
4096
4351
3841
4096
4357
3836
4095
4345
3847
4096
4350
3842
4096
4354
3838
4096
4358
3834
4096
4342
3851
4095
4341
3851
4097
4346
3845
4096
4332
3860
4096
4315
3877
4096
4314
3878
4096
4315
3877
4096
4313
3879
4096
4294
3898
4096
4287
3905
4096
4295
3897
4096
4290
3902
4096
4266
3927
4095
4245
3947
4096
4274
3918
4096
4255
3937
4096
4232
3960
4096
4251
3941
4096
4209
3983
4096
4253
3940
4095
4190
4002
4097
4206
3985
4097
4194
3997
4097
4329
3862
4096
4310
3894
4096
4325
3868
4095
4406
3786
4096
4435
3757
4096
4464
3728
4096
4482
3710
4096
4484
3708
4096
4472
3720
4096
4448
3744
4096
4410
3782
4096
4364
3828
4096
4297
3895
4096
4243
3949
4096
4185
4007
4096
4131
4061
4096
4080
4112
4096
4035
4157
4096
3997
4195
4096
3966
4226
4096
3943
4249
4096
3925
4267
4096
3915
4277
4096
3899
4293
4096
3897
4295
4096
3901
4291
4096
3906
4286
4096
3913
4279
4096
3923
4269
4096
3932
4260
4096
3943
4249
4096
3954
4238
4096
3965
4227
4096
3975
4217
4096
3985
4207
4096
3994
4198
4096
4003
4189
4096
4011
4181
4096
4019
4173
4096
4026
4166
4096
4032
4160
4096
4038
4154
4096
4043
4149
4096
4048
4144
4096
4052
4141
4095
4055
4137
4096
4059
4134
4095
4061
4131
4097
4063
4128
4096
4066
4126
4096
4067
4125
4097
4067
4124
4096
4068
4124
4096
4069
4123
4096
4067
4125
4096
4062
4130
4096
4057
4135
4096
4050
4143
4095
4035
4157
4096
4007
4186
4095
3985
4207
4096
3951
4241
4096
3747
4445
4096
3328
4864
4096
1922
6270
4097
4111
4064
4128
4096
4096
3987
4205
4096
4218
timecost, 0.004030, seconds
done
4448
1689
sz compression ratio, 2.63 
timecost, 0.000047, second
done
Max absolute error = 0
Max relative error = 0
Max pw_relative err = 0
./inputdata/full/bump_pf.dat, ./inputdata/full/bump_pf.dat.sz.out, 556
size of double: 8
0.878264, 0.878264, 0.000000
0.877647, 0.877647, 0.000000
0.878264, 0.878264, 0.000000
0.877647, 0.877647, 0.000000
0.877647, 0.877647, 0.000000
0.877647, 0.877647, 0.000000
0.876108, 0.876108, 0.000000
0.876108, 0.876108, 0.000000
0.876108, 0.876108, 0.000000
0.878142, 0.878142, 0.000000
0.878142, 0.878142, 0.000000
0.878142, 0.878142, 0.000000
0.878108, 0.878108, 0.000000
0.878108, 0.878108, 0.000000
0.878108, 0.878108, 0.000000
0.878462, 0.878462, 0.000000
0.878462, 0.878462, 0.000000
0.878462, 0.878462, 0.000000
0.878907, 0.878907, 0.000000
0.878907, 0.878907, 0.000000
0.878907, 0.878907, 0.000000
0.879378, 0.879378, 0.000000
0.879378, 0.879378, 0.000000
0.879378, 0.879378, 0.000000
0.879893, 0.879893, 0.000000
0.879893, 0.879893, 0.000000
0.879893, 0.879893, 0.000000
0.880489, 0.880489, 0.000000
0.880489, 0.880489, 0.000000
0.880489, 0.880489, 0.000000
0.881238, 0.881238, 0.000000
0.881238, 0.881238, 0.000000
0.881238, 0.881238, 0.000000
0.882170, 0.882170, 0.000000
0.882170, 0.882170, 0.000000
0.882170, 0.882170, 0.000000
0.883345, 0.883345, 0.000000
0.883345, 0.883345, 0.000000
0.883345, 0.883345, 0.000000
0.884758, 0.884758, 0.000000
0.884758, 0.884758, 0.000000
0.884758, 0.884758, 0.000000
0.886264, 0.886264, 0.000000
0.886264, 0.886264, 0.000000
0.886264, 0.886264, 0.000000
0.887784, 0.887784, 0.000000
0.887784, 0.887784, 0.000000
0.887784, 0.887784, 0.000000
0.889306, 0.889306, 0.000000
0.889306, 0.889306, 0.000000
0.889306, 0.889306, 0.000000
0.890908, 0.890908, 0.000000
0.890908, 0.890908, 0.000000
0.890908, 0.890908, 0.000000
0.893410, 0.893410, 0.000000
0.893410, 0.893410, 0.000000
0.893410, 0.893410, 0.000000
0.897265, 0.897265, 0.000000
0.897265, 0.897265, 0.000000
0.897265, 0.897265, 0.000000
0.902269, 0.902269, 0.000000
0.902269, 0.902269, 0.000000
0.902269, 0.902269, 0.000000
0.907751, 0.907751, 0.000000
0.907751, 0.907751, 0.000000
0.907751, 0.907751, 0.000000
0.913092, 0.913092, 0.000000
0.913092, 0.913092, 0.000000
0.913092, 0.913092, 0.000000
0.919233, 0.919233, 0.000000
0.919233, 0.919233, 0.000000
0.919233, 0.919233, 0.000000
0.928425, 0.928425, 0.000000
0.928425, 0.928425, 0.000000
0.928425, 0.928425, 0.000000
0.941154, 0.941154, 0.000000
0.941154, 0.941154, 0.000000
0.941154, 0.941154, 0.000000
0.955785, 0.955785, 0.000000
0.955785, 0.955785, 0.000000
0.955785, 0.955785, 0.000000
0.972430, 0.972430, 0.000000
0.972430, 0.972430, 0.000000
0.972430, 0.972430, 0.000000
0.992474, 0.992474, 0.000000
0.992474, 0.992474, 0.000000
0.992474, 0.992474, 0.000000
1.014292, 1.014292, 0.000000
1.014292, 1.014292, 0.000000
1.014292, 1.014292, 0.000000
1.028987, 1.028987, 0.000000
1.028987, 1.028987, 0.000000
1.028987, 1.028987, 0.000000
1.033146, 1.033146, 0.000000
1.033146, 1.033146, 0.000000
1.033146, 1.033146, 0.000000
1.028845, 1.028845, 0.000000
1.028845, 1.028845, 0.000000
1.028845, 1.028845, 0.000000
1.017315, 1.017315, 0.000000
1.017315, 1.017315, 0.000000
1.017315, 1.017315, 0.000000
0.994072, 0.994072, 0.000000
0.994072, 0.994072, 0.000000
0.994072, 0.994072, 0.000000
0.945851, 0.945851, 0.000000
0.945851, 0.945851, 0.000000
0.945851, 0.945851, 0.000000
0.891370, 0.891370, 0.000000
0.891370, 0.891370, 0.000000
0.891370, 0.891370, 0.000000
0.850339, 0.850339, 0.000000
0.850339, 0.850339, 0.000000
0.850339, 0.850339, 0.000000
0.814785, 0.814785, 0.000000
0.814785, 0.814785, 0.000000
0.814785, 0.814785, 0.000000
0.783797, 0.783797, 0.000000
0.783797, 0.783797, 0.000000
0.783797, 0.783797, 0.000000
0.756466, 0.756466, 0.000000
0.756466, 0.756466, 0.000000
0.756466, 0.756466, 0.000000
0.732139, 0.732139, 0.000000
0.732139, 0.732139, 0.000000
0.732139, 0.732139, 0.000000
0.710324, 0.710324, 0.000000
0.710324, 0.710324, 0.000000
0.710324, 0.710324, 0.000000
0.690647, 0.690647, 0.000000
0.690647, 0.690647, 0.000000
0.690647, 0.690647, 0.000000
0.672817, 0.672817, 0.000000
0.672817, 0.672817, 0.000000
0.672817, 0.672817, 0.000000
0.656599, 0.656599, 0.000000
0.656599, 0.656599, 0.000000
0.656599, 0.656599, 0.000000
0.641790, 0.641790, 0.000000
0.641790, 0.641790, 0.000000
0.641790, 0.641790, 0.000000
0.628241, 0.628241, 0.000000
0.628241, 0.628241, 0.000000
0.628241, 0.628241, 0.000000
0.615806, 0.615806, 0.000000
0.615806, 0.615806, 0.000000
0.615806, 0.615806, 0.000000
0.604377, 0.604377, 0.000000
0.604377, 0.604377, 0.000000
0.604377, 0.604377, 0.000000
0.593841, 0.593841, 0.000000
0.593841, 0.593841, 0.000000
0.593841, 0.593841, 0.000000
0.584121, 0.584121, 0.000000
0.584121, 0.584121, 0.000000
0.584121, 0.584121, 0.000000
0.575142, 0.575142, 0.000000
0.575142, 0.575142, 0.000000
0.575142, 0.575142, 0.000000
0.566828, 0.566828, 0.000000
0.566828, 0.566828, 0.000000
0.566828, 0.566828, 0.000000
0.559127, 0.559127, 0.000000
0.559127, 0.559127, 0.000000
0.559127, 0.559127, 0.000000
0.551982, 0.551982, 0.000000
0.551982, 0.551982, 0.000000
0.551982, 0.551982, 0.000000
0.545354, 0.545354, 0.000000
0.545354, 0.545354, 0.000000
0.545354, 0.545354, 0.000000
0.539183, 0.539183, 0.000000
0.539183, 0.539183, 0.000000
0.539183, 0.539183, 0.000000
0.533445, 0.533445, 0.000000
0.533445, 0.533445, 0.000000
0.533445, 0.533445, 0.000000
0.528072, 0.528072, 0.000000
0.528072, 0.528072, 0.000000
0.528072, 0.528072, 0.000000
0.523165, 0.523165, 0.000000
0.523165, 0.523165, 0.000000
0.523165, 0.523165, 0.000000
0.518782, 0.518782, 0.000000
0.518782, 0.518782, 0.000000
0.518782, 0.518782, 0.000000
0.516349, 0.516349, 0.000000
0.516349, 0.516349, 0.000000
0.516349, 0.516349, 0.000000
0.517702, 0.517702, 0.000000
0.517702, 0.517702, 0.000000
0.517702, 0.517702, 0.000000
0.531669, 0.531669, 0.000000
0.531669, 0.531669, 0.000000
0.531669, 0.531669, 0.000000
0.574154, 0.574154, 0.000000
0.574154, 0.574154, 0.000000
0.574154, 0.574154, 0.000000
0.619296, 0.619296, 0.000000
0.619296, 0.619296, 0.000000
0.619296, 0.619296, 0.000000
0.653784, 0.653784, 0.000000
0.653784, 0.653784, 0.000000
0.653784, 0.653784, 0.000000
0.677486, 0.677486, 0.000000
0.677486, 0.677486, 0.000000
0.677486, 0.677486, 0.000000
0.693901, 0.693901, 0.000000
0.693901, 0.693901, 0.000000
0.693901, 0.693901, 0.000000
0.706171, 0.706171, 0.000000
0.706171, 0.706171, 0.000000
0.706171, 0.706171, 0.000000
0.715365, 0.715365, 0.000000
0.715365, 0.715365, 0.000000
0.715365, 0.715365, 0.000000
0.722633, 0.722633, 0.000000
0.722633, 0.722633, 0.000000
0.722633, 0.722633, 0.000000
0.728703, 0.728703, 0.000000
0.728703, 0.728703, 0.000000
0.728703, 0.728703, 0.000000
0.733906, 0.733906, 0.000000
0.733906, 0.733906, 0.000000
0.733906, 0.733906, 0.000000
0.738288, 0.738288, 0.000000
0.738288, 0.738288, 0.000000
0.738288, 0.738288, 0.000000
0.742537, 0.742537, 0.000000
0.742537, 0.742537, 0.000000
0.742537, 0.742537, 0.000000
0.746153, 0.746153, 0.000000
0.746153, 0.746153, 0.000000
0.746153, 0.746153, 0.000000
0.749860, 0.749860, 0.000000
0.749860, 0.749860, 0.000000
0.749860, 0.749860, 0.000000
0.753369, 0.753369, 0.000000
0.753369, 0.753369, 0.000000
0.753369, 0.753369, 0.000000
0.757007, 0.757007, 0.000000
0.757007, 0.757007, 0.000000
0.757007, 0.757007, 0.000000
0.760574, 0.760574, 0.000000
0.760574, 0.760574, 0.000000
0.760574, 0.760574, 0.000000
0.764180, 0.764180, 0.000000
0.764180, 0.764180, 0.000000
0.764180, 0.764180, 0.000000
0.767885, 0.767885, 0.000000
0.767885, 0.767885, 0.000000
0.767885, 0.767885, 0.000000
0.771678, 0.771678, 0.000000
0.771678, 0.771678, 0.000000
0.771678, 0.771678, 0.000000
0.775394, 0.775394, 0.000000
0.775394, 0.775394, 0.000000
0.775394, 0.775394, 0.000000
0.779178, 0.779178, 0.000000
0.779178, 0.779178, 0.000000
0.779178, 0.779178, 0.000000
0.783054, 0.783054, 0.000000
0.783054, 0.783054, 0.000000
0.783054, 0.783054, 0.000000
0.787041, 0.787041, 0.000000
0.787041, 0.787041, 0.000000
0.787041, 0.787041, 0.000000
0.790834, 0.790834, 0.000000
0.790834, 0.790834, 0.000000
0.790834, 0.790834, 0.000000
0.794702, 0.794702, 0.000000
0.794702, 0.794702, 0.000000
0.794702, 0.794702, 0.000000
0.798633, 0.798633, 0.000000
0.798633, 0.798633, 0.000000
0.798633, 0.798633, 0.000000
0.802621, 0.802621, 0.000000
0.802621, 0.802621, 0.000000
0.802621, 0.802621, 0.000000
0.806376, 0.806376, 0.000000
0.806376, 0.806376, 0.000000
0.806376, 0.806376, 0.000000
0.810119, 0.810119, 0.000000
0.810119, 0.810119, 0.000000
0.810119, 0.810119, 0.000000
0.813954, 0.813954, 0.000000
0.813954, 0.813954, 0.000000
0.813954, 0.813954, 0.000000
0.817763, 0.817763, 0.000000
0.817763, 0.817763, 0.000000
0.817763, 0.817763, 0.000000
0.821310, 0.821310, 0.000000
0.821310, 0.821310, 0.000000
0.821310, 0.821310, 0.000000
0.824831, 0.824831, 0.000000
0.824831, 0.824831, 0.000000
0.824831, 0.824831, 0.000000
0.828379, 0.828379, 0.000000
0.828379, 0.828379, 0.000000
0.828379, 0.828379, 0.000000
0.831891, 0.831891, 0.000000
0.831891, 0.831891, 0.000000
0.831891, 0.831891, 0.000000
0.835091, 0.835091, 0.000000
0.835091, 0.835091, 0.000000
0.835091, 0.835091, 0.000000
0.838175, 0.838175, 0.000000
0.838175, 0.838175, 0.000000
0.838175, 0.838175, 0.000000
0.841390, 0.841390, 0.000000
0.841390, 0.841390, 0.000000
0.841390, 0.841390, 0.000000
0.844532, 0.844532, 0.000000
0.844532, 0.844532, 0.000000
0.844532, 0.844532, 0.000000
0.847289, 0.847289, 0.000000
0.847289, 0.847289, 0.000000
0.847289, 0.847289, 0.000000
0.849704, 0.849704, 0.000000
0.849704, 0.849704, 0.000000
0.849704, 0.849704, 0.000000
0.852580, 0.852580, 0.000000
0.852580, 0.852580, 0.000000
0.852580, 0.852580, 0.000000
0.855144, 0.855144, 0.000000
0.855144, 0.855144, 0.000000
0.855144, 0.855144, 0.000000
0.857340, 0.857340, 0.000000
0.857340, 0.857340, 0.000000
0.857340, 0.857340, 0.000000
0.859847, 0.859847, 0.000000
0.859847, 0.859847, 0.000000
0.859847, 0.859847, 0.000000
0.861671, 0.861671, 0.000000
0.861671, 0.861671, 0.000000
0.861671, 0.861671, 0.000000
0.864216, 0.864216, 0.000000
0.864216, 0.864216, 0.000000
0.864216, 0.864216, 0.000000
0.865745, 0.865745, 0.000000
0.865745, 0.865745, 0.000000
0.865745, 0.865745, 0.000000
0.867552, 0.867552, 0.000000
0.867552, 0.867552, 0.000000
0.867552, 0.867552, 0.000000
0.869166, 0.869166, 0.000000
0.869166, 0.869166, 0.000000
0.869166, 0.869166, 0.000000
0.872965, 0.872965, 0.000000
0.872965, 0.872965, 0.000000
0.872965, 0.872965, 0.000000
0.876421, 0.876421, 0.000000
0.876421, 0.876421, 0.000000
0.876421, 0.876421, 0.000000
0.880361, 0.880361, 0.000000
0.880361, 0.880361, 0.000000
0.880361, 0.880361, 0.000000
0.885686, 0.885686, 0.000000
0.885686, 0.885686, 0.000000
0.885686, 0.885686, 0.000000
0.891505, 0.891505, 0.000000
0.891505, 0.891505, 0.000000
0.891505, 0.891505, 0.000000
0.897821, 0.897821, 0.000000
0.897821, 0.897821, 0.000000
0.897821, 0.897821, 0.000000
0.904444, 0.904444, 0.000000
0.904444, 0.904444, 0.000000
0.904444, 0.904444, 0.000000
0.911096, 0.911096, 0.000000
0.911096, 0.911096, 0.000000
0.911096, 0.911096, 0.000000
0.917549, 0.917549, 0.000000
0.917549, 0.917549, 0.000000
0.917549, 0.917549, 0.000000
0.923586, 0.923586, 0.000000
0.923586, 0.923586, 0.000000
0.923586, 0.923586, 0.000000
0.928984, 0.928984, 0.000000
0.928984, 0.928984, 0.000000
0.928984, 0.928984, 0.000000
0.933575, 0.933575, 0.000000
0.933575, 0.933575, 0.000000
0.933575, 0.933575, 0.000000
0.937222, 0.937222, 0.000000
0.937222, 0.937222, 0.000000
0.937222, 0.937222, 0.000000
0.939870, 0.939870, 0.000000
0.939870, 0.939870, 0.000000
0.939870, 0.939870, 0.000000
0.941490, 0.941490, 0.000000
0.941490, 0.941490, 0.000000
0.941490, 0.941490, 0.000000
0.942119, 0.942119, 0.000000
0.942119, 0.942119, 0.000000
0.942119, 0.942119, 0.000000
0.941828, 0.941828, 0.000000
0.941828, 0.941828, 0.000000
0.941828, 0.941828, 0.000000
0.940722, 0.940722, 0.000000
0.940722, 0.940722, 0.000000
0.940722, 0.940722, 0.000000
0.938924, 0.938924, 0.000000
0.938924, 0.938924, 0.000000
0.938924, 0.938924, 0.000000
0.936566, 0.936566, 0.000000
0.936566, 0.936566, 0.000000
0.936566, 0.936566, 0.000000
0.933779, 0.933779, 0.000000
0.933779, 0.933779, 0.000000
0.933779, 0.933779, 0.000000
0.930685, 0.930685, 0.000000
0.930685, 0.930685, 0.000000
0.930685, 0.930685, 0.000000
0.927397, 0.927397, 0.000000
0.927397, 0.927397, 0.000000
0.927397, 0.927397, 0.000000
0.924010, 0.924010, 0.000000
0.924010, 0.924010, 0.000000
0.924010, 0.924010, 0.000000
0.920604, 0.920604, 0.000000
0.920604, 0.920604, 0.000000
0.920604, 0.920604, 0.000000
0.917244, 0.917244, 0.000000
0.917244, 0.917244, 0.000000
0.917244, 0.917244, 0.000000
0.913978, 0.913978, 0.000000
0.913978, 0.913978, 0.000000
0.913978, 0.913978, 0.000000
0.910841, 0.910841, 0.000000
0.910841, 0.910841, 0.000000
0.910841, 0.910841, 0.000000
0.907860, 0.907860, 0.000000
0.907860, 0.907860, 0.000000
0.907860, 0.907860, 0.000000
0.905052, 0.905052, 0.000000
0.905052, 0.905052, 0.000000
0.905052, 0.905052, 0.000000
0.902425, 0.902425, 0.000000
0.902425, 0.902425, 0.000000
0.902425, 0.902425, 0.000000
0.899983, 0.899983, 0.000000
0.899983, 0.899983, 0.000000
0.899983, 0.899983, 0.000000
0.897724, 0.897724, 0.000000
0.897724, 0.897724, 0.000000
0.897724, 0.897724, 0.000000
0.895642, 0.895642, 0.000000
0.895642, 0.895642, 0.000000
0.895642, 0.895642, 0.000000
0.893731, 0.893731, 0.000000
0.893731, 0.893731, 0.000000
0.893731, 0.893731, 0.000000
0.891982, 0.891982, 0.000000
0.891982, 0.891982, 0.000000
0.891982, 0.891982, 0.000000
0.890384, 0.890384, 0.000000
0.890384, 0.890384, 0.000000
0.890384, 0.890384, 0.000000
0.888927, 0.888927, 0.000000
0.888927, 0.888927, 0.000000
0.888927, 0.888927, 0.000000
0.887600, 0.887600, 0.000000
0.887600, 0.887600, 0.000000
0.887600, 0.887600, 0.000000
0.886393, 0.886393, 0.000000
0.886393, 0.886393, 0.000000
0.886393, 0.886393, 0.000000
0.885296, 0.885296, 0.000000
0.885296, 0.885296, 0.000000
0.885296, 0.885296, 0.000000
0.884298, 0.884298, 0.000000
0.884298, 0.884298, 0.000000
0.884298, 0.884298, 0.000000
0.883389, 0.883389, 0.000000
0.883389, 0.883389, 0.000000
0.883389, 0.883389, 0.000000
0.882561, 0.882561, 0.000000
0.882561, 0.882561, 0.000000
0.882561, 0.882561, 0.000000
0.881806, 0.881806, 0.000000
0.881806, 0.881806, 0.000000
0.881806, 0.881806, 0.000000
0.881114, 0.881114, 0.000000
0.881114, 0.881114, 0.000000
0.881114, 0.881114, 0.000000
0.880478, 0.880478, 0.000000
0.880478, 0.880478, 0.000000
0.880478, 0.880478, 0.000000
0.879891, 0.879891, 0.000000
0.879891, 0.879891, 0.000000
0.879891, 0.879891, 0.000000
0.879344, 0.879344, 0.000000
0.879344, 0.879344, 0.000000
0.879344, 0.879344, 0.000000
0.878829, 0.878829, 0.000000
0.878829, 0.878829, 0.000000
0.878829, 0.878829, 0.000000
0.878337, 0.878337, 0.000000
0.878337, 0.878337, 0.000000
totaldiff=0.0000000000, sz=556, average absolute error value:0.0000000000
totaldiff=0.0000000000, sz=556, average relative error rate:0.0000000000
