cfgFile=sz.config
[SZ] Reading SZ configuration file (sz.config) ...
26840
45238
55889
14919
44418
18614
61152
56466
31149
60849
34433
12585
36420
46519
13164
8511
15950
16936
54650
25030
43211
15964
3103
8731
46212
59943
18631
10711
13526
63632
63856
21826
20946
21805
63692
39001
31078
33211
7490
20482
50175
22675
18892
7167
34627
25586
1381
31933
29498
52743
56494
28607
8927
59993
65085
20479
35411
28165
41062
16883
59659
57536
7114
32639
33672
10759
65302
11663
14760
52505
28930
42675
8622
16071
51920
15151
43724
33231
1973
42400
58947
30926
31646
43924
8617
63792
19167
27852
18409
9338
50781
46193
44580
18667
42939
35424
13198
527
47865
58427
47120
26841
44291
28876
24622
50084
18990
25425
64546
20918
63866
1651
54414
16744
36260
56260
17621
4073
29808
34504
20383
34506
59224
127
41573
51158
53052
15444
4488
26675
41772
19312
6323
39381
21188
47219
53409
39966
1549
50175
50196
4610
26624
47403
32639
40132
11820
1038
45349
37216
30947
32767
19758
33399
57844
57775
27644
27759
11855
39569
42180
37283
16853
19815
56909
48819
41190
22548
56883
36898
46420
22266
54280
17625
23487
55281
11835
7204
45036
20914
38158
28847
43890
20169
50963
49836
3136
29360
40138
36248
20040
37087
42852
8673
28876
22747
35543
13619
40370
52267
30980
6627
45369
52330
60828
32239
54229
5727
44442
31386
29471
16370
37523
29355
42658
22096
52574
7768
41943
41119
38667
6115
39075
63851
32073
17843
42958
52516
36786
1395
16972
62767
26853
14045
11091
9380
5958
63814
27692
24838
45282
48779
55505
34407
4542
19080
62391
30226
38777
47110
4225
24656
12816
36694
9505
65032
56439
59942
59290
58259
57972
39829
19995
18227
27989
45712
63847
49198
51438
11719
40305
18972
39677
4910
60964
27422
6443
7230
20373
51899
42139
17826
37604
23230
54853
6864
39375
36563
55138
2386
54910
50350
58830
6262
28690
36644
123
34239
63691
52658
44793
29505
35720
53909
6800
56021
52962
24186
26307
41397
62842
35529
41742
48516
48464
57008
41276
271
50918
53337
19333
23481
38908
14483
41017
11886
64272
50302
61400
465
51687
34292
13635
49295
27218
58298
15995
18786
1796
61434
3301
50700
55280
10981
34831
14163
2318
36924
13952
53320
46399
55958
18892
59502
41697
50604
21613
13477
41196
62741
4641
31350
2964
30184
8348
60694
59194
9100
32877
1659
36728
2676
25824
21545
43793
233
1766
9848
44358
32355
4378
23650
40260
12096
9468
41138
57533
4456
52937
7012
47879
49664
8928
62562
60457
17922
18021
16996
64428
36038
8360
24172
2801
22759
19346
27525
51397
64883
19617
52480
54031
48849
50772
16718
53435
31259
15490
21217
61859
41733
31956
49151
46793
9676
54615
12388
34514
63516
45750
59576
36901
26368
15240
22870
16644
39025
62558
48960
1202
8544
11670
2746
58697
51603
63029
55277
47226
64352
55299
5303
29181
54743
29976
13311
45572
38526
43852
24632
39061
34637
62520
544
9613
21290
4335
56328
4777
39352
47170
49655
44891
25282
39615
35436
53607
57884
27533
46507
22504
48815
9288
32924
35059
50945
42400
38176
66
18169
58705
50833
41662
30262
63366
4934
3901
30531
50442
32911
43654
53915
41573
33571
6868
12169
13669
57199
2401
6539
29841
29074
31149
56210
23419
63396
56295
50185
43505
59843
37549
52705
14583
61780
5226
64512
51685
4420
33419
10625
43177
57534
32360
45047
4543
18941
24335
16127
9241
7194
64784
56848
6787
35796
5590
43537
35120
11117
12070
36406
14045
34276
53642
16792
61876
2137
60251
39047
22710
32635
11045
37114
60059
32845
16639
60343
15046
2491
63693
43309
19509
28587
11042
24958
36936
52337
22637
6978
50768
62582
9394
54170
2827
62991
34433
53071
19177
64278
22276
20883
48531
43709
63147
61229
60878
42403
22532
2576
30821
45182
38429
49506
17287
51058
48198
2573
64696
8608
87
49116
11964
60941
22158
21052
19459
16475
44483
14702
60248
8655
11017
58312
15867
52166
33098
64770
34749
23538
2240
12079
13089
24700
28369
55869
29243
57950
42892
29747
49946
59454
27464
31696
20672
46721
31710
34862
63981
31041
43253
21564
15777
62161
43645
26777
8282
31843
52040
45251
15104
20528
34916
49489
52411
62232
1940
57461
27314
39186
1212
1403
36952
59619
35626
32844
34884
14976
62874
23184
35524
56577
39680
18260
7040
50289
36426
27120
44161
64188
2477
57835
32469
4903
64330
49880
35671
1430
64226
35848
12200
30482
39820
17710
61880
36887
55917
15977
26719
19191
37675
19443
9861
45547
37559
46996
30007
18933
9632
38496
41922
20255
34376
61861
32025
5603
50745
25201
42099
65323
5514
44650
63103
29336
6892
39690
54470
33989
58843
17372
11769
36408
22286
31434
7881
50249
51970
22180
56059
19187
54173
26707
46947
21589
16793
55572
47324
40600
5720
30300
56978
41902
58471
14673
9611
63251
46014
18569
54605
27917
42170
64801
44112
7869
57271
16408
39334
56531
57449
40449
992
59816
64077
29206
32030
36284
57585
16098
45080
44940
45537
27875
15793
61988
33119
5210
35807
37189
34399
20262
52029
2558
24164
34531
58531
47885
21370
39279
2015
58362
37980
57869
47054
53753
14139
50634
15699
43950
56356
21507
14624
54657
31741
52121
28137
881
26444
30194
39431
2650
1998
57393
35707
37442
15053
61448
14846
56244
9117
32105
55738
63679
41171
21221
44320
34567
59161
27420
57391
46180
62564
33069
24430
10822
25655
38877
64670
2032
10691
60764
32117
46900
43333
47291
5777
45051
9549
12317
60336
14662
53218
6573
1227
54655
21520
58462
52133
32439
44575
2336
31706
22079
62922
20019
14627
13748
5551
1479
57943
23107
53286
10388
43632
43391
60116
22997
30632
58059
55752
1297
55070
28883
44578
26128
31839
60431
49863
60667
16786
34893
1822
17604
50427
13270
37580
45257
3621
37708
38284
24098
60721
59938
24010
40305
23473
461
12210
18138
45455
38971
29478
23488
49749
2836
29419
38653
21307
14060
32622
37218
25358
46175
31326
30882
38379
603
43400
65136
46303
34348
920
60945
33323
28887
63516
1390
57162
61492
25462
31426
11425
2438
2830
12737
31762
31089
36407
12987
2523
40920
30241
44299
33442
28148
1237
19540
50382
33385
7350
31383
48662
54801
10336
51135
9346
timecost, 0.004980, seconds
done
22592
14837
sz compression ratio, 1.52 
timecost, 0.000175, second
done
Max absolute error = 0
Max relative error = 0
Max pw_relative err = 0
./inputdata/small/eddy_br.dat, ./inputdata/small/eddy_br.dat.sz.out, 2824
size of double: 8
571427.000000, 571427.000000, 0.000000
1724880.000000, 1724880.000000, 0.000000
1377660.000000, 1377660.000000, 0.000000
108209000.000000, 108209000.000000, 0.000000
3080080.000000, 3080080.000000, 0.000000
2302010.000000, 2302010.000000, 0.000000
1480960.000000, 1480960.000000, 0.000000
43393800.000000, 43393800.000000, 0.000000
31610900.000000, 31610900.000000, 0.000000
8957520.000000, 8957520.000000, 0.000000
914797.000000, 914797.000000, 0.000000
4538900.000000, 4538900.000000, 0.000000
7373200.000000, 7373200.000000, 0.000000
746429.000000, 746429.000000, 0.000000
1533510.000000, 1533510.000000, 0.000000
1384410.000000, 1384410.000000, 0.000000
1325720.000000, 1325720.000000, 0.000000
1556480.000000, 1556480.000000, 0.000000
2123980.000000, 2123980.000000, 0.000000
2859110.000000, 2859110.000000, 0.000000
1513770.000000, 1513770.000000, 0.000000
2223640.000000, 2223640.000000, 0.000000
1358070.000000, 1358070.000000, 0.000000
363094.000000, 363094.000000, 0.000000
2634790.000000, 2634790.000000, 0.000000
2331840.000000, 2331840.000000, 0.000000
1120410.000000, 1120410.000000, 0.000000
16687400.000000, 16687400.000000, 0.000000
6263310.000000, 6263310.000000, 0.000000
1590160.000000, 1590160.000000, 0.000000
1865010.000000, 1865010.000000, 0.000000
2410310.000000, 2410310.000000, 0.000000
1426940.000000, 1426940.000000, 0.000000
2718610.000000, 2718610.000000, 0.000000
7346930.000000, 7346930.000000, 0.000000
4040530.000000, 4040530.000000, 0.000000
2239620.000000, 2239620.000000, 0.000000
9253420.000000, 9253420.000000, 0.000000
47084000.000000, 47084000.000000, 0.000000
1793660.000000, 1793660.000000, 0.000000
1671150.000000, 1671150.000000, 0.000000
4144040.000000, 4144040.000000, 0.000000
8827160.000000, 8827160.000000, 0.000000
1487820.000000, 1487820.000000, 0.000000
1112470.000000, 1112470.000000, 0.000000
2894920.000000, 2894920.000000, 0.000000
2420560.000000, 2420560.000000, 0.000000
1277520.000000, 1277520.000000, 0.000000
2509960.000000, 2509960.000000, 0.000000
2621970.000000, 2621970.000000, 0.000000
5172460.000000, 5172460.000000, 0.000000
5217050.000000, 5217050.000000, 0.000000
2432510.000000, 2432510.000000, 0.000000
1094930.000000, 1094930.000000, 0.000000
4565430.000000, 4565430.000000, 0.000000
2323710.000000, 2323710.000000, 0.000000
2781830.000000, 2781830.000000, 0.000000
27219000.000000, 27219000.000000, 0.000000
998661.000000, 998661.000000, 0.000000
7636730.000000, 7636730.000000, 0.000000
85996200.000000, 85996200.000000, 0.000000
2739050.000000, 2739050.000000, 0.000000
1929660.000000, 1929660.000000, 0.000000
2092040.000000, 2092040.000000, 0.000000
10613600.000000, 10613600.000000, 0.000000
4366320.000000, 4366320.000000, 0.000000
634201.000000, 634201.000000, 0.000000
14168500.000000, 14168500.000000, 0.000000
2909100.000000, 2909100.000000, 0.000000
8554450.000000, 8554450.000000, 0.000000
1820840.000000, 1820840.000000, 0.000000
5990820.000000, 5990820.000000, 0.000000
5354730.000000, 5354730.000000, 0.000000
18021800.000000, 18021800.000000, 0.000000
6306080.000000, 6306080.000000, 0.000000
3348010.000000, 3348010.000000, 0.000000
2184030.000000, 2184030.000000, 0.000000
2281300.000000, 2281300.000000, 0.000000
4584460.000000, 4584460.000000, 0.000000
1269780.000000, 1269780.000000, 0.000000
3467350.000000, 3467350.000000, 0.000000
1053620.000000, 1053620.000000, 0.000000
3310800.000000, 3310800.000000, 0.000000
2609320.000000, 2609320.000000, 0.000000
3111990.000000, 3111990.000000, 0.000000
5202590.000000, 5202590.000000, 0.000000
15021400.000000, 15021400.000000, 0.000000
22615800.000000, 22615800.000000, 0.000000
9621920.000000, 9621920.000000, 0.000000
4596860.000000, 4596860.000000, 0.000000
2957660.000000, 2957660.000000, 0.000000
3810610.000000, 3810610.000000, 0.000000
2835170.000000, 2835170.000000, 0.000000
7194380.000000, 7194380.000000, 0.000000
9645470.000000, 9645470.000000, 0.000000
7588650.000000, 7588650.000000, 0.000000
2947200.000000, 2947200.000000, 0.000000
15924200.000000, 15924200.000000, 0.000000
3443220.000000, 3443220.000000, 0.000000
132322000.000000, 132322000.000000, 0.000000
3900050.000000, 3900050.000000, 0.000000
4284460.000000, 4284460.000000, 0.000000
18717600.000000, 18717600.000000, 0.000000
8149900.000000, 8149900.000000, 0.000000
12119600.000000, 12119600.000000, 0.000000
8559090.000000, 8559090.000000, 0.000000
34329500.000000, 34329500.000000, 0.000000
32232100.000000, 32232100.000000, 0.000000
12137600.000000, 12137600.000000, 0.000000
10181200.000000, 10181200.000000, 0.000000
4032680.000000, 4032680.000000, 0.000000
4720550.000000, 4720550.000000, 0.000000
6084140.000000, 6084140.000000, 0.000000
41750900.000000, 41750900.000000, 0.000000
4867830.000000, 4867830.000000, 0.000000
8514860.000000, 8514860.000000, 0.000000
8232580.000000, 8232580.000000, 0.000000
5929590.000000, 5929590.000000, 0.000000
34985200.000000, 34985200.000000, 0.000000
4175770.000000, 4175770.000000, 0.000000
20378600.000000, 20378600.000000, 0.000000
23071300.000000, 23071300.000000, 0.000000
3231210.000000, 3231210.000000, 0.000000
7168880.000000, 7168880.000000, 0.000000
5115190.000000, 5115190.000000, 0.000000
9015400.000000, 9015400.000000, 0.000000
23462100.000000, 23462100.000000, 0.000000
14409400.000000, 14409400.000000, 0.000000
9531280.000000, 9531280.000000, 0.000000
16261800.000000, 16261800.000000, 0.000000
14873400.000000, 14873400.000000, 0.000000
12522500.000000, 12522500.000000, 0.000000
12101800.000000, 12101800.000000, 0.000000
43033100.000000, 43033100.000000, 0.000000
33829900.000000, 33829900.000000, 0.000000
45486200.000000, 45486200.000000, 0.000000
8502070.000000, 8502070.000000, 0.000000
4127040.000000, 4127040.000000, 0.000000
9636200.000000, 9636200.000000, 0.000000
17991500.000000, 17991500.000000, 0.000000
41362600.000000, 41362600.000000, 0.000000
6237180.000000, 6237180.000000, 0.000000
43973900.000000, 43973900.000000, 0.000000
3415330.000000, 3415330.000000, 0.000000
17985200.000000, 17985200.000000, 0.000000
40655000.000000, 40655000.000000, 0.000000
10883900.000000, 10883900.000000, 0.000000
41578200.000000, 41578200.000000, 0.000000
20308800.000000, 20308800.000000, 0.000000
17539700.000000, 17539700.000000, 0.000000
10147800.000000, 10147800.000000, 0.000000
22351500.000000, 22351500.000000, 0.000000
3603960.000000, 3603960.000000, 0.000000
16040500.000000, 16040500.000000, 0.000000
5744610.000000, 5744610.000000, 0.000000
18161300.000000, 18161300.000000, 0.000000
16975300.000000, 16975300.000000, 0.000000
7777330.000000, 7777330.000000, 0.000000
4945460.000000, 4945460.000000, 0.000000
8595980.000000, 8595980.000000, 0.000000
42295000.000000, 42295000.000000, 0.000000
22126500.000000, 22126500.000000, 0.000000
23713400.000000, 23713400.000000, 0.000000
15114400.000000, 15114400.000000, 0.000000
66318700.000000, 66318700.000000, 0.000000
7618600.000000, 7618600.000000, 0.000000
5453000.000000, 5453000.000000, 0.000000
23868400.000000, 23868400.000000, 0.000000
18562300.000000, 18562300.000000, 0.000000
5357990.000000, 5357990.000000, 0.000000
17327300.000000, 17327300.000000, 0.000000
22024400.000000, 22024400.000000, 0.000000
17666700.000000, 17666700.000000, 0.000000
6182050.000000, 6182050.000000, 0.000000
9270280.000000, 9270280.000000, 0.000000
15685700.000000, 15685700.000000, 0.000000
10693200.000000, 10693200.000000, 0.000000
10154500.000000, 10154500.000000, 0.000000
14322500.000000, 14322500.000000, 0.000000
7170310.000000, 7170310.000000, 0.000000
52152800.000000, 52152800.000000, 0.000000
39487500.000000, 39487500.000000, 0.000000
4351410.000000, 4351410.000000, 0.000000
19120800.000000, 19120800.000000, 0.000000
18045000.000000, 18045000.000000, 0.000000
22352800.000000, 22352800.000000, 0.000000
7720310.000000, 7720310.000000, 0.000000
23832400.000000, 23832400.000000, 0.000000
1191310.000000, 1191310.000000, 0.000000
1820430.000000, 1820430.000000, 0.000000
7501650.000000, 7501650.000000, 0.000000
35835200.000000, 35835200.000000, 0.000000
9571320.000000, 9571320.000000, 0.000000
3833550.000000, 3833550.000000, 0.000000
5394290.000000, 5394290.000000, 0.000000
12186800.000000, 12186800.000000, 0.000000
5696770.000000, 5696770.000000, 0.000000
7693550.000000, 7693550.000000, 0.000000
51692100.000000, 51692100.000000, 0.000000
11937700.000000, 11937700.000000, 0.000000
17607000.000000, 17607000.000000, 0.000000
11458400.000000, 11458400.000000, 0.000000
18039400.000000, 18039400.000000, 0.000000
26137100.000000, 26137100.000000, 0.000000
7655970.000000, 7655970.000000, 0.000000
8686560.000000, 8686560.000000, 0.000000
16637500.000000, 16637500.000000, 0.000000
3655970.000000, 3655970.000000, 0.000000
3264280.000000, 3264280.000000, 0.000000
5023320.000000, 5023320.000000, 0.000000
16631300.000000, 16631300.000000, 0.000000
15241600.000000, 15241600.000000, 0.000000
13748300.000000, 13748300.000000, 0.000000
8499980.000000, 8499980.000000, 0.000000
10963800.000000, 10963800.000000, 0.000000
35410000.000000, 35410000.000000, 0.000000
7319580.000000, 7319580.000000, 0.000000
16475800.000000, 16475800.000000, 0.000000
7651450.000000, 7651450.000000, 0.000000
12496600.000000, 12496600.000000, 0.000000
11543000.000000, 11543000.000000, 0.000000
16982600.000000, 16982600.000000, 0.000000
14975300.000000, 14975300.000000, 0.000000
6168980.000000, 6168980.000000, 0.000000
15424300.000000, 15424300.000000, 0.000000
16238900.000000, 16238900.000000, 0.000000
9755380.000000, 9755380.000000, 0.000000
21962200.000000, 21962200.000000, 0.000000
13770200.000000, 13770200.000000, 0.000000
8010670.000000, 8010670.000000, 0.000000
17410500.000000, 17410500.000000, 0.000000
3029320.000000, 3029320.000000, 0.000000
2775840.000000, 2775840.000000, 0.000000
4038720.000000, 4038720.000000, 0.000000
26188200.000000, 26188200.000000, 0.000000
11030600.000000, 11030600.000000, 0.000000
15106600.000000, 15106600.000000, 0.000000
5581180.000000, 5581180.000000, 0.000000
13727400.000000, 13727400.000000, 0.000000
11242000.000000, 11242000.000000, 0.000000
18004000.000000, 18004000.000000, 0.000000
19312100.000000, 19312100.000000, 0.000000
14977200.000000, 14977200.000000, 0.000000
28367700.000000, 28367700.000000, 0.000000
12113700.000000, 12113700.000000, 0.000000
3407870.000000, 3407870.000000, 0.000000
4294950.000000, 4294950.000000, 0.000000
10868400.000000, 10868400.000000, 0.000000
14775400.000000, 14775400.000000, 0.000000
8867860.000000, 8867860.000000, 0.000000
8577300.000000, 8577300.000000, 0.000000
13358100.000000, 13358100.000000, 0.000000
10984200.000000, 10984200.000000, 0.000000
21641700.000000, 21641700.000000, 0.000000
4932440.000000, 4932440.000000, 0.000000
10761000.000000, 10761000.000000, 0.000000
5826880.000000, 5826880.000000, 0.000000
23496300.000000, 23496300.000000, 0.000000
19754700.000000, 19754700.000000, 0.000000
16069700.000000, 16069700.000000, 0.000000
1762430.000000, 1762430.000000, 0.000000
28138600.000000, 28138600.000000, 0.000000
5866850.000000, 5866850.000000, 0.000000
4991190.000000, 4991190.000000, 0.000000
13348000.000000, 13348000.000000, 0.000000
10460700.000000, 10460700.000000, 0.000000
11942500.000000, 11942500.000000, 0.000000
30252600.000000, 30252600.000000, 0.000000
30108200.000000, 30108200.000000, 0.000000
7268010.000000, 7268010.000000, 0.000000
39427500.000000, 39427500.000000, 0.000000
44035900.000000, 44035900.000000, 0.000000
3257050.000000, 3257050.000000, 0.000000
4874460.000000, 4874460.000000, 0.000000
5805640.000000, 5805640.000000, 0.000000
6860990.000000, 6860990.000000, 0.000000
12580900.000000, 12580900.000000, 0.000000
13306300.000000, 13306300.000000, 0.000000
20483700.000000, 20483700.000000, 0.000000
9079600.000000, 9079600.000000, 0.000000
24222300.000000, 24222300.000000, 0.000000
10982900.000000, 10982900.000000, 0.000000
9929240.000000, 9929240.000000, 0.000000
4690790.000000, 4690790.000000, 0.000000
9540180.000000, 9540180.000000, 0.000000
14857100.000000, 14857100.000000, 0.000000
8184990.000000, 8184990.000000, 0.000000
26218100.000000, 26218100.000000, 0.000000
27263100.000000, 27263100.000000, 0.000000
8526970.000000, 8526970.000000, 0.000000
4514360.000000, 4514360.000000, 0.000000
12574200.000000, 12574200.000000, 0.000000
7427380.000000, 7427380.000000, 0.000000
14918400.000000, 14918400.000000, 0.000000
43334800.000000, 43334800.000000, 0.000000
4019310.000000, 4019310.000000, 0.000000
9739500.000000, 9739500.000000, 0.000000
23989700.000000, 23989700.000000, 0.000000
10581900.000000, 10581900.000000, 0.000000
26076200.000000, 26076200.000000, 0.000000
8931490.000000, 8931490.000000, 0.000000
10293500.000000, 10293500.000000, 0.000000
18273100.000000, 18273100.000000, 0.000000
13376500.000000, 13376500.000000, 0.000000
5105540.000000, 5105540.000000, 0.000000
667637.000000, 667637.000000, 0.000000
1349210.000000, 1349210.000000, 0.000000
9816820.000000, 9816820.000000, 0.000000
6961370.000000, 6961370.000000, 0.000000
10079300.000000, 10079300.000000, 0.000000
6154440.000000, 6154440.000000, 0.000000
15580800.000000, 15580800.000000, 0.000000
7086360.000000, 7086360.000000, 0.000000
28273200.000000, 28273200.000000, 0.000000
21937100.000000, 21937100.000000, 0.000000
5405020.000000, 5405020.000000, 0.000000
3210490.000000, 3210490.000000, 0.000000
17256000.000000, 17256000.000000, 0.000000
6054270.000000, 6054270.000000, 0.000000
2342270.000000, 2342270.000000, 0.000000
8206540.000000, 8206540.000000, 0.000000
13541500.000000, 13541500.000000, 0.000000
14463300.000000, 14463300.000000, 0.000000
28640000.000000, 28640000.000000, 0.000000
6424590.000000, 6424590.000000, 0.000000
2550490.000000, 2550490.000000, 0.000000
76685300.000000, 76685300.000000, 0.000000
1365290.000000, 1365290.000000, 0.000000
10338900.000000, 10338900.000000, 0.000000
7215450.000000, 7215450.000000, 0.000000
6972560.000000, 6972560.000000, 0.000000
6074730.000000, 6074730.000000, 0.000000
4722820.000000, 4722820.000000, 0.000000
8798290.000000, 8798290.000000, 0.000000
12446300.000000, 12446300.000000, 0.000000
4468090.000000, 4468090.000000, 0.000000
8025770.000000, 8025770.000000, 0.000000
16529200.000000, 16529200.000000, 0.000000
16371200.000000, 16371200.000000, 0.000000
7138230.000000, 7138230.000000, 0.000000
11327500.000000, 11327500.000000, 0.000000
28147300.000000, 28147300.000000, 0.000000
5665170.000000, 5665170.000000, 0.000000
16155300.000000, 16155300.000000, 0.000000
6552070.000000, 6552070.000000, 0.000000
7275970.000000, 7275970.000000, 0.000000
15049900.000000, 15049900.000000, 0.000000
8035070.000000, 8035070.000000, 0.000000
12282200.000000, 12282200.000000, 0.000000
22661800.000000, 22661800.000000, 0.000000
5912450.000000, 5912450.000000, 0.000000
15337400.000000, 15337400.000000, 0.000000
14150000.000000, 14150000.000000, 0.000000
8287880.000000, 8287880.000000, 0.000000
21539800.000000, 21539800.000000, 0.000000
2421260.000000, 2421260.000000, 0.000000
3342790.000000, 3342790.000000, 0.000000
9737330.000000, 9737330.000000, 0.000000
13877600.000000, 13877600.000000, 0.000000
6224660.000000, 6224660.000000, 0.000000
10921800.000000, 10921800.000000, 0.000000
7650830.000000, 7650830.000000, 0.000000
13908200.000000, 13908200.000000, 0.000000
15885000.000000, 15885000.000000, 0.000000
54165700.000000, 54165700.000000, 0.000000
144298000.000000, 144298000.000000, 0.000000
4742910.000000, 4742910.000000, 0.000000
1680280.000000, 1680280.000000, 0.000000
5902400.000000, 5902400.000000, 0.000000
36618500.000000, 36618500.000000, 0.000000
22652300.000000, 22652300.000000, 0.000000
7937390.000000, 7937390.000000, 0.000000
4794150.000000, 4794150.000000, 0.000000
18692200.000000, 18692200.000000, 0.000000
729722.000000, 729722.000000, 0.000000
398505.000000, 398505.000000, 0.000000
5007880.000000, 5007880.000000, 0.000000
9786840.000000, 9786840.000000, 0.000000
2131480.000000, 2131480.000000, 0.000000
3530440.000000, 3530440.000000, 0.000000
6800910.000000, 6800910.000000, 0.000000
7825950.000000, 7825950.000000, 0.000000
10185100.000000, 10185100.000000, 0.000000
8146680.000000, 8146680.000000, 0.000000
6925610.000000, 6925610.000000, 0.000000
8978490.000000, 8978490.000000, 0.000000
3290600.000000, 3290600.000000, 0.000000
50462000.000000, 50462000.000000, 0.000000
7065520.000000, 7065520.000000, 0.000000
9287860.000000, 9287860.000000, 0.000000
11386400.000000, 11386400.000000, 0.000000
5904870.000000, 5904870.000000, 0.000000
9474500.000000, 9474500.000000, 0.000000
4443150.000000, 4443150.000000, 0.000000
4725170.000000, 4725170.000000, 0.000000
57907100.000000, 57907100.000000, 0.000000
6926090.000000, 6926090.000000, 0.000000
29955300.000000, 29955300.000000, 0.000000
5131720.000000, 5131720.000000, 0.000000
9758950.000000, 9758950.000000, 0.000000
15627800.000000, 15627800.000000, 0.000000
14475500.000000, 14475500.000000, 0.000000
27258000.000000, 27258000.000000, 0.000000
4430630.000000, 4430630.000000, 0.000000
35632200.000000, 35632200.000000, 0.000000
9819420.000000, 9819420.000000, 0.000000
31000700.000000, 31000700.000000, 0.000000
31322700.000000, 31322700.000000, 0.000000
7674270.000000, 7674270.000000, 0.000000
7574120.000000, 7574120.000000, 0.000000
12438600.000000, 12438600.000000, 0.000000
8400960.000000, 8400960.000000, 0.000000
10037700.000000, 10037700.000000, 0.000000
2385570.000000, 2385570.000000, 0.000000
11816600.000000, 11816600.000000, 0.000000
814194.000000, 814194.000000, 0.000000
3044730.000000, 3044730.000000, 0.000000
20806200.000000, 20806200.000000, 0.000000
10483300.000000, 10483300.000000, 0.000000
5551340.000000, 5551340.000000, 0.000000
16061900.000000, 16061900.000000, 0.000000
8952370.000000, 8952370.000000, 0.000000
11468200.000000, 11468200.000000, 0.000000
17034500.000000, 17034500.000000, 0.000000
3063390.000000, 3063390.000000, 0.000000
6331090.000000, 6331090.000000, 0.000000
4981240.000000, 4981240.000000, 0.000000
11898600.000000, 11898600.000000, 0.000000
7895540.000000, 7895540.000000, 0.000000
24450200.000000, 24450200.000000, 0.000000
13709000.000000, 13709000.000000, 0.000000
35773600.000000, 35773600.000000, 0.000000
10455900.000000, 10455900.000000, 0.000000
10243200.000000, 10243200.000000, 0.000000
25337600.000000, 25337600.000000, 0.000000
18321600.000000, 18321600.000000, 0.000000
6392900.000000, 6392900.000000, 0.000000
7500390.000000, 7500390.000000, 0.000000
1755610.000000, 1755610.000000, 0.000000
7196250.000000, 7196250.000000, 0.000000
10537700.000000, 10537700.000000, 0.000000
11504800.000000, 11504800.000000, 0.000000
19801800.000000, 19801800.000000, 0.000000
3232560.000000, 3232560.000000, 0.000000
6097160.000000, 6097160.000000, 0.000000
3586340.000000, 3586340.000000, 0.000000
8360790.000000, 8360790.000000, 0.000000
18313700.000000, 18313700.000000, 0.000000
4421440.000000, 4421440.000000, 0.000000
24274300.000000, 24274300.000000, 0.000000
6010930.000000, 6010930.000000, 0.000000
10854500.000000, 10854500.000000, 0.000000
3014290.000000, 3014290.000000, 0.000000
21565200.000000, 21565200.000000, 0.000000
25462100.000000, 25462100.000000, 0.000000
10081800.000000, 10081800.000000, 0.000000
7974430.000000, 7974430.000000, 0.000000
6493660.000000, 6493660.000000, 0.000000
15684200.000000, 15684200.000000, 0.000000
12090700.000000, 12090700.000000, 0.000000
15874100.000000, 15874100.000000, 0.000000
5294120.000000, 5294120.000000, 0.000000
23476700.000000, 23476700.000000, 0.000000
9751220.000000, 9751220.000000, 0.000000
7319960.000000, 7319960.000000, 0.000000
33155800.000000, 33155800.000000, 0.000000
25678400.000000, 25678400.000000, 0.000000
14922200.000000, 14922200.000000, 0.000000
9728460.000000, 9728460.000000, 0.000000
21494700.000000, 21494700.000000, 0.000000
24359200.000000, 24359200.000000, 0.000000
19357200.000000, 19357200.000000, 0.000000
38923600.000000, 38923600.000000, 0.000000
22239800.000000, 22239800.000000, 0.000000
12040700.000000, 12040700.000000, 0.000000
13181300.000000, 13181300.000000, 0.000000
31510000.000000, 31510000.000000, 0.000000
8218950.000000, 8218950.000000, 0.000000
17896400.000000, 17896400.000000, 0.000000
11452100.000000, 11452100.000000, 0.000000
41094600.000000, 41094600.000000, 0.000000
7787160.000000, 7787160.000000, 0.000000
7089250.000000, 7089250.000000, 0.000000
21330600.000000, 21330600.000000, 0.000000
4827610.000000, 4827610.000000, 0.000000
18527500.000000, 18527500.000000, 0.000000
13003600.000000, 13003600.000000, 0.000000
3806680.000000, 3806680.000000, 0.000000
14895700.000000, 14895700.000000, 0.000000
7371040.000000, 7371040.000000, 0.000000
29757100.000000, 29757100.000000, 0.000000
2642350.000000, 2642350.000000, 0.000000
8486950.000000, 8486950.000000, 0.000000
8444630.000000, 8444630.000000, 0.000000
3328290.000000, 3328290.000000, 0.000000
16803800.000000, 16803800.000000, 0.000000
20969800.000000, 20969800.000000, 0.000000
6571710.000000, 6571710.000000, 0.000000
3788000.000000, 3788000.000000, 0.000000
10632400.000000, 10632400.000000, 0.000000
totaldiff=0.0000000000, sz=2824, average absolute error value:0.0000000000
totaldiff=0.0000000000, sz=2824, average relative error rate:0.0000000000
