cfgFile=sz.config
[SZ] Reading SZ configuration file (sz.config) ...
172
169
179
178
170
171
81
172
176
173
158
160
172
177
104
176
175
156
161
160
156
177
128
186
154
159
160
160
158
154
168
167
154
159
160
159
160
153
186
130
174
158
160
160
156
176
176
103
177
173
159
158
174
176
172
80
172
169
178
180
168
173
138
122
161
164
161
153
162
173
258
53
150
163
172
163
165
160
225
75
163
169
159
168
166
158
202
90
179
164
160
163
161
159
190
108
174
172
159
156
161
161
168
141
167
169
156
159
160
160
149
177
155
160
160
159
160
160
143
187
154
156
161
159
160
160
267
40
162
161
161
162
161
160
213
103
161
159
159
161
161
160
224
97
161
158
156
159
162
164
228
92
161
158
154
161
163
166
223
92
161
159
158
162
163
163
217
94
161
160
165
162
161
160
213
95
161
165
166
163
158
160
207
97
165
167
165
160
160
162
271
42
160
161
160
160
161
161
196
121
161
160
161
160
160
160
195
124
161
160
160
160
160
160
193
127
160
161
159
161
159
159
193
128
161
160
160
160
159
159
190
132
160
160
161
159
159
159
190
131
161
160
161
160
159
158
188
133
161
160
161
159
160
158
237
85
160
161
159
161
159
161
182
137
161
159
161
159
161
160
182
137
160
161
160
160
160
160
180
140
159
161
160
160
160
160
180
139
161
160
161
159
160
160
179
140
161
160
161
159
161
159
177
143
160
161
159
161
159
161
175
144
161
159
161
159
161
160
204
115
161
159
162
158
161
160
173
146
161
160
160
160
160
160
173
146
162
158
161
160
160
160
173
146
161
160
160
161
159
160
172
147
162
159
160
160
160
160
172
148
160
160
160
160
161
159
172
147
161
160
161
159
160
160
172
147
161
161
159
160
161
159
171
149
160
160
160
161
159
160
171
149
160
160
161
159
160
160
171
149
161
159
160
160
161
159
171
149
160
160
161
159
160
161
169
150
161
159
160
160
161
159
171
149
160
161
159
160
161
159
170
151
159
160
161
159
161
159
170
150
161
159
161
159
161
159
181
139
160
161
159
160
161
159
171
148
162
159
160
161
159
161
169
150
160
161
159
160
161
159
170
150
160
161
159
161
159
161
169
150
160
160
161
159
161
160
168
151
160
161
159
161
159
161
169
149
162
160
159
161
159
161
168
151
160
161
159
161
160
159
170
150
161
159
161
159
161
159
170
150
161
159
161
159
161
159
170
150
161
159
161
159
161
159
169
151
161
160
159
160
162
158
169
151
161
159
162
157
163
158
168
153
159
161
160
159
161
159
169
152
160
159
161
159
162
158
168
152
161
159
161
160
160
159
176
143
161
159
160
161
159
161
176
143
160
160
161
159
161
159
178
142
160
160
160
161
159
161
176
143
161
159
160
161
159
160
178
142
161
159
160
161
159
160
178
143
159
160
161
159
160
160
178
143
159
161
159
160
160
160
178
143
160
159
161
159
160
160
195
127
159
161
159
161
159
161
168
151
160
161
159
161
159
161
168
152
159
161
159
161
159
161
168
152
159
161
159
160
161
160
168
152
159
160
161
159
161
159
170
150
161
159
161
159
161
159
170
150
161
159
160
161
160
159
170
150
160
161
160
159
160
161
168
151
161
160
159
161
160
160
166
153
161
160
159
161
160
159
169
152
159
161
159
161
160
160
167
152
161
159
161
159
161
160
168
151
161
159
161
159
161
160
167
153
159
161
159
161
159
161
168
152
159
161
159
161
159
161
168
152
159
161
159
161
159
161
178
142
159
161
159
161
159
161
168
151
161
159
161
timecost, 0.004174, seconds
done
6248
1122
sz compression ratio, 5.57 
timecost, 0.004531, second
done
Max absolute error = 4.5821070671081542969E-07
Max relative error = 0.0036011242534254596891
Max pw_relative err = 9.7963669814645572319E-06
./inputdata/full/sedov_p_pf.dat, ./inputdata/full/sedov_p_pf.dat.sz.out, 781
size of double: 8
0.046810, 0.046810, -0.000000
0.046774, 0.046773, -0.000000
0.046748, 0.046748, 0.000000
0.046731, 0.046730, -0.000000
0.046731, 0.046731, 0.000000
0.046748, 0.046748, -0.000000
0.046774, 0.046774, 0.000000
0.046810, 0.046810, -0.000000
0.046774, 0.046773, -0.000000
0.046747, 0.046748, 0.000000
0.046736, 0.046737, 0.000000
0.046738, 0.046738, 0.000000
0.046738, 0.046737, -0.000000
0.046736, 0.046737, 0.000000
0.046747, 0.046747, -0.000000
0.046774, 0.046773, -0.000000
0.046748, 0.046747, -0.000000
0.046736, 0.046737, 0.000000
0.046739, 0.046740, 0.000000
0.046739, 0.046739, -0.000000
0.046739, 0.046739, 0.000000
0.046739, 0.046739, 0.000000
0.046736, 0.046736, -0.000000
0.046748, 0.046748, 0.000000
0.046731, 0.046731, 0.000000
0.046738, 0.046738, -0.000000
0.046739, 0.046739, -0.000000
0.046739, 0.046739, -0.000000
0.046739, 0.046739, -0.000000
0.046739, 0.046739, 0.000000
0.046738, 0.046738, 0.000000
0.046731, 0.046731, 0.000000
0.046731, 0.046731, 0.000000
0.046738, 0.046738, 0.000000
0.046739, 0.046739, -0.000000
0.046739, 0.046739, -0.000000
0.046739, 0.046739, -0.000000
0.046739, 0.046739, -0.000000
0.046738, 0.046738, 0.000000
0.046731, 0.046731, 0.000000
0.046748, 0.046748, -0.000000
0.046736, 0.046737, 0.000000
0.046739, 0.046739, -0.000000
0.046739, 0.046739, 0.000000
0.046739, 0.046739, 0.000000
0.046739, 0.046740, 0.000000
0.046736, 0.046736, -0.000000
0.046748, 0.046747, -0.000000
0.046774, 0.046774, 0.000000
0.046747, 0.046747, -0.000000
0.046736, 0.046736, -0.000000
0.046738, 0.046737, -0.000000
0.046738, 0.046738, -0.000000
0.046736, 0.046736, -0.000000
0.046747, 0.046747, 0.000000
0.046774, 0.046773, -0.000000
0.046810, 0.046811, 0.000000
0.046774, 0.046774, 0.000000
0.046748, 0.046748, 0.000000
0.046731, 0.046731, 0.000000
0.046731, 0.046730, -0.000000
0.046748, 0.046748, 0.000000
0.046774, 0.046773, -0.000000
0.046810, 0.046810, 0.000000
0.046828, 0.046827, -0.000000
0.046809, 0.046809, -0.000000
0.046792, 0.046792, -0.000000
0.046778, 0.046778, 0.000000
0.046765, 0.046765, 0.000000
0.046746, 0.046746, 0.000000
0.046729, 0.046729, -0.000000
0.046724, 0.046724, -0.000000
0.046809, 0.046809, -0.000000
0.046795, 0.046795, -0.000000
0.046772, 0.046772, 0.000000
0.046753, 0.046752, -0.000000
0.046744, 0.046743, -0.000000
0.046737, 0.046737, 0.000000
0.046735, 0.046735, 0.000000
0.046734, 0.046734, 0.000000
0.046792, 0.046792, 0.000000
0.046772, 0.046772, 0.000000
0.046755, 0.046755, -0.000000
0.046746, 0.046746, 0.000000
0.046736, 0.046736, 0.000000
0.046733, 0.046733, 0.000000
0.046737, 0.046736, -0.000000
0.046737, 0.046738, 0.000000
0.046778, 0.046778, -0.000000
0.046753, 0.046753, 0.000000
0.046746, 0.046746, 0.000000
0.046742, 0.046742, -0.000000
0.046739, 0.046739, -0.000000
0.046738, 0.046738, 0.000000
0.046738, 0.046738, 0.000000
0.046738, 0.046738, -0.000000
0.046765, 0.046765, -0.000000
0.046744, 0.046744, -0.000000
0.046736, 0.046736, -0.000000
0.046739, 0.046739, -0.000000
0.046740, 0.046741, 0.000000
0.046739, 0.046739, 0.000000
0.046739, 0.046738, -0.000000
0.046739, 0.046739, -0.000000
0.046746, 0.046746, 0.000000
0.046737, 0.046736, -0.000000
0.046733, 0.046733, -0.000000
0.046738, 0.046738, -0.000000
0.046739, 0.046739, 0.000000
0.046739, 0.046739, -0.000000
0.046739, 0.046739, -0.000000
0.046739, 0.046740, 0.000000
0.046729, 0.046730, 0.000000
0.046735, 0.046735, 0.000000
0.046737, 0.046737, -0.000000
0.046738, 0.046738, -0.000000
0.046739, 0.046739, 0.000000
0.046739, 0.046739, -0.000000
0.046739, 0.046739, -0.000000
0.046739, 0.046740, 0.000000
0.046724, 0.046724, 0.000000
0.046734, 0.046734, -0.000000
0.046737, 0.046738, 0.000000
0.046738, 0.046738, -0.000000
0.046739, 0.046739, 0.000000
0.046739, 0.046739, -0.000000
0.046739, 0.046739, 0.000000
0.046739, 0.046740, 0.000000
0.046838, 0.046839, 0.000000
0.046827, 0.046827, 0.000000
0.046817, 0.046817, -0.000000
0.046808, 0.046808, -0.000000
0.046800, 0.046800, -0.000000
0.046794, 0.046794, 0.000000
0.046788, 0.046789, 0.000000
0.046783, 0.046783, 0.000000
0.046827, 0.046827, -0.000000
0.046818, 0.046818, -0.000000
0.046810, 0.046810, -0.000000
0.046801, 0.046801, -0.000000
0.046791, 0.046791, -0.000000
0.046782, 0.046782, -0.000000
0.046774, 0.046774, 0.000000
0.046766, 0.046766, -0.000000
0.046817, 0.046817, -0.000000
0.046810, 0.046810, -0.000000
0.046804, 0.046803, -0.000000
0.046795, 0.046795, 0.000000
0.046783, 0.046784, 0.000000
0.046771, 0.046771, 0.000000
0.046760, 0.046760, 0.000000
0.046753, 0.046753, 0.000000
0.046808, 0.046809, 0.000000
0.046801, 0.046801, 0.000000
0.046795, 0.046795, -0.000000
0.046787, 0.046787, -0.000000
0.046774, 0.046773, -0.000000
0.046760, 0.046761, 0.000000
0.046751, 0.046751, -0.000000
0.046747, 0.046746, -0.000000
0.046800, 0.046800, -0.000000
0.046791, 0.046791, -0.000000
0.046783, 0.046783, -0.000000
0.046774, 0.046774, 0.000000
0.046763, 0.046763, 0.000000
0.046754, 0.046754, 0.000000
0.046748, 0.046748, 0.000000
0.046745, 0.046745, 0.000000
0.046794, 0.046794, 0.000000
0.046782, 0.046782, 0.000000
0.046771, 0.046771, 0.000000
0.046760, 0.046760, 0.000000
0.046754, 0.046754, 0.000000
0.046750, 0.046750, -0.000000
0.046747, 0.046746, -0.000000
0.046743, 0.046743, -0.000000
0.046788, 0.046788, 0.000000
0.046774, 0.046774, 0.000000
0.046760, 0.046760, 0.000000
0.046751, 0.046751, 0.000000
0.046748, 0.046748, 0.000000
0.046747, 0.046747, 0.000000
0.046745, 0.046745, -0.000000
0.046742, 0.046742, 0.000000
0.046783, 0.046783, 0.000000
0.046766, 0.046766, -0.000000
0.046753, 0.046753, 0.000000
0.046747, 0.046747, -0.000000
0.046745, 0.046745, 0.000000
0.046743, 0.046743, 0.000000
0.046742, 0.046742, 0.000000
0.046742, 0.046742, 0.000000
0.046845, 0.046845, 0.000000
0.046838, 0.046839, 0.000000
0.046832, 0.046832, 0.000000
0.046827, 0.046827, 0.000000
0.046822, 0.046822, 0.000000
0.046817, 0.046816, -0.000000
0.046813, 0.046812, -0.000000
0.046809, 0.046809, 0.000000
0.046838, 0.046838, 0.000000
0.046832, 0.046832, -0.000000
0.046827, 0.046827, -0.000000
0.046822, 0.046822, -0.000000
0.046817, 0.046817, -0.000000
0.046813, 0.046813, 0.000000
0.046808, 0.046808, 0.000000
0.046804, 0.046804, 0.000000
0.046832, 0.046832, -0.000000
0.046827, 0.046827, -0.000000
0.046823, 0.046822, -0.000000
0.046818, 0.046818, -0.000000
0.046814, 0.046814, -0.000000
0.046809, 0.046809, -0.000000
0.046805, 0.046805, -0.000000
0.046800, 0.046800, 0.000000
0.046827, 0.046827, -0.000000
0.046822, 0.046822, 0.000000
0.046818, 0.046818, -0.000000
0.046814, 0.046814, 0.000000
0.046810, 0.046810, -0.000000
0.046806, 0.046806, 0.000000
0.046802, 0.046802, 0.000000
0.046797, 0.046797, -0.000000
0.046822, 0.046822, 0.000000
0.046817, 0.046818, 0.000000
0.046814, 0.046814, 0.000000
0.046810, 0.046811, 0.000000
0.046807, 0.046807, 0.000000
0.046803, 0.046804, 0.000000
0.046799, 0.046799, 0.000000
0.046794, 0.046794, -0.000000
0.046817, 0.046816, -0.000000
0.046813, 0.046813, 0.000000
0.046809, 0.046810, 0.000000
0.046806, 0.046806, -0.000000
0.046803, 0.046804, 0.000000
0.046800, 0.046800, -0.000000
0.046796, 0.046796, -0.000000
0.046791, 0.046790, -0.000000
0.046813, 0.046813, 0.000000
0.046808, 0.046808, 0.000000
0.046805, 0.046805, 0.000000
0.046802, 0.046802, -0.000000
0.046799, 0.046799, 0.000000
0.046796, 0.046797, 0.000000
0.046793, 0.046793, 0.000000
0.046787, 0.046788, 0.000000
0.046808, 0.046808, -0.000000
0.046804, 0.046804, 0.000000
0.046800, 0.046800, 0.000000
0.046797, 0.046797, -0.000000
0.046794, 0.046794, 0.000000
0.046791, 0.046791, 0.000000
0.046787, 0.046788, 0.000000
0.046782, 0.046782, -0.000000
0.046848, 0.046848, -0.000000
0.046845, 0.046845, -0.000000
0.046841, 0.046841, -0.000000
0.046838, 0.046839, 0.000000
0.046835, 0.046835, -0.000000
0.046832, 0.046833, 0.000000
0.046829, 0.046829, -0.000000
0.046827, 0.046827, 0.000000
0.046845, 0.046844, -0.000000
0.046841, 0.046841, -0.000000
0.046838, 0.046838, 0.000000
0.046835, 0.046835, -0.000000
0.046832, 0.046832, 0.000000
0.046829, 0.046829, -0.000000
0.046827, 0.046826, -0.000000
0.046824, 0.046824, -0.000000
0.046841, 0.046842, 0.000000
0.046838, 0.046838, 0.000000
0.046835, 0.046835, -0.000000
0.046832, 0.046832, -0.000000
0.046830, 0.046830, 0.000000
0.046827, 0.046827, 0.000000
0.046824, 0.046825, 0.000000
0.046822, 0.046822, 0.000000
0.046838, 0.046838, -0.000000
0.046835, 0.046836, 0.000000
0.046832, 0.046832, -0.000000
0.046830, 0.046830, -0.000000
0.046827, 0.046827, -0.000000
0.046825, 0.046825, -0.000000
0.046822, 0.046822, -0.000000
0.046820, 0.046819, -0.000000
0.046835, 0.046835, 0.000000
0.046832, 0.046832, -0.000000
0.046830, 0.046829, -0.000000
0.046827, 0.046827, -0.000000
0.046825, 0.046825, 0.000000
0.046822, 0.046823, 0.000000
0.046820, 0.046820, 0.000000
0.046818, 0.046818, -0.000000
0.046832, 0.046833, 0.000000
0.046829, 0.046829, -0.000000
0.046827, 0.046827, -0.000000
0.046825, 0.046824, -0.000000
0.046822, 0.046823, 0.000000
0.046820, 0.046820, -0.000000
0.046818, 0.046818, 0.000000
0.046816, 0.046816, -0.000000
0.046829, 0.046829, -0.000000
0.046827, 0.046827, -0.000000
0.046824, 0.046824, -0.000000
0.046822, 0.046822, 0.000000
0.046820, 0.046820, -0.000000
0.046818, 0.046818, 0.000000
0.046816, 0.046816, -0.000000
0.046814, 0.046814, 0.000000
0.046827, 0.046826, -0.000000
0.046824, 0.046824, -0.000000
0.046822, 0.046822, 0.000000
0.046820, 0.046820, -0.000000
0.046818, 0.046818, 0.000000
0.046816, 0.046816, -0.000000
0.046814, 0.046814, -0.000000
0.046812, 0.046812, 0.000000
0.046851, 0.046851, 0.000000
0.046848, 0.046849, 0.000000
0.046847, 0.046847, 0.000000
0.046845, 0.046845, -0.000000
0.046844, 0.046844, 0.000000
0.046842, 0.046841, -0.000000
0.046840, 0.046840, -0.000000
0.046838, 0.046838, -0.000000
0.046848, 0.046849, 0.000000
0.046846, 0.046846, 0.000000
0.046844, 0.046844, 0.000000
0.046842, 0.046843, 0.000000
0.046841, 0.046841, 0.000000
0.046839, 0.046840, 0.000000
0.046838, 0.046838, 0.000000
0.046837, 0.046836, -0.000000
0.046847, 0.046847, -0.000000
0.046844, 0.046844, -0.000000
0.046843, 0.046844, 0.000000
0.046841, 0.046841, -0.000000
0.046840, 0.046839, -0.000000
0.046838, 0.046838, -0.000000
0.046837, 0.046836, -0.000000
0.046835, 0.046835, -0.000000
0.046845, 0.046845, 0.000000
0.046842, 0.046843, 0.000000
0.046841, 0.046841, -0.000000
0.046840, 0.046839, -0.000000
0.046838, 0.046838, -0.000000
0.046837, 0.046837, 0.000000
0.046835, 0.046835, 0.000000
0.046834, 0.046834, -0.000000
0.046844, 0.046843, -0.000000
0.046841, 0.046841, -0.000000
0.046840, 0.046840, 0.000000
0.046838, 0.046838, 0.000000
0.046837, 0.046837, 0.000000
0.046835, 0.046835, 0.000000
0.046834, 0.046834, -0.000000
0.046832, 0.046832, -0.000000
0.046842, 0.046841, -0.000000
0.046839, 0.046840, 0.000000
0.046838, 0.046838, 0.000000
0.046837, 0.046837, -0.000000
0.046835, 0.046835, -0.000000
0.046834, 0.046833, -0.000000
0.046832, 0.046833, 0.000000
0.046831, 0.046831, 0.000000
0.046840, 0.046841, 0.000000
0.046838, 0.046838, 0.000000
0.046837, 0.046836, -0.000000
0.046835, 0.046835, -0.000000
0.046834, 0.046834, 0.000000
0.046832, 0.046833, 0.000000
0.046831, 0.046831, -0.000000
0.046830, 0.046829, -0.000000
0.046838, 0.046839, 0.000000
0.046837, 0.046836, -0.000000
0.046835, 0.046835, -0.000000
0.046834, 0.046834, 0.000000
0.046832, 0.046832, 0.000000
0.046831, 0.046831, -0.000000
0.046830, 0.046830, 0.000000
0.046828, 0.046828, 0.000000
0.046837, 0.046837, 0.000000
0.046835, 0.046835, 0.000000
0.046834, 0.046834, -0.000000
0.046832, 0.046832, -0.000000
0.046831, 0.046831, -0.000000
0.046830, 0.046830, 0.000000
0.046828, 0.046828, 0.000000
0.046827, 0.046827, -0.000000
0.046835, 0.046835, 0.000000
0.046833, 0.046834, 0.000000
0.046832, 0.046832, -0.000000
0.046831, 0.046830, -0.000000
0.046829, 0.046830, 0.000000
0.046828, 0.046828, 0.000000
0.046827, 0.046827, -0.000000
0.046825, 0.046825, -0.000000
0.046834, 0.046833, -0.000000
0.046832, 0.046832, -0.000000
0.046831, 0.046831, 0.000000
0.046829, 0.046830, 0.000000
0.046828, 0.046828, -0.000000
0.046826, 0.046826, -0.000000
0.046825, 0.046826, 0.000000
0.046824, 0.046824, 0.000000
0.046832, 0.046833, 0.000000
0.046831, 0.046831, 0.000000
0.046830, 0.046829, -0.000000
0.046828, 0.046828, -0.000000
0.046827, 0.046827, 0.000000
0.046825, 0.046825, 0.000000
0.046824, 0.046824, -0.000000
0.046823, 0.046823, 0.000000
0.046831, 0.046831, -0.000000
0.046829, 0.046829, -0.000000
0.046828, 0.046829, 0.000000
0.046827, 0.046827, 0.000000
0.046826, 0.046825, -0.000000
0.046824, 0.046824, -0.000000
0.046823, 0.046823, -0.000000
0.046822, 0.046821, -0.000000
0.046830, 0.046830, 0.000000
0.046828, 0.046828, 0.000000
0.046827, 0.046827, -0.000000
0.046826, 0.046826, 0.000000
0.046824, 0.046824, -0.000000
0.046823, 0.046823, -0.000000
0.046822, 0.046822, -0.000000
0.046821, 0.046821, -0.000000
0.046828, 0.046828, -0.000000
0.046827, 0.046827, 0.000000
0.046826, 0.046826, 0.000000
0.046824, 0.046824, -0.000000
0.046823, 0.046824, 0.000000
0.046822, 0.046822, 0.000000
0.046821, 0.046821, 0.000000
0.046820, 0.046820, 0.000000
0.046827, 0.046827, 0.000000
0.046826, 0.046826, -0.000000
0.046825, 0.046825, 0.000000
0.046823, 0.046823, 0.000000
0.046822, 0.046823, 0.000000
0.046821, 0.046821, 0.000000
0.046820, 0.046820, 0.000000
0.046819, 0.046819, 0.000000
0.046837, 0.046837, -0.000000
0.046835, 0.046835, -0.000000
0.046834, 0.046833, -0.000000
0.046832, 0.046833, 0.000000
0.046831, 0.046831, 0.000000
0.046830, 0.046829, -0.000000
0.046828, 0.046829, 0.000000
0.046827, 0.046827, -0.000000
0.046835, 0.046836, 0.000000
0.046833, 0.046833, -0.000000
0.046832, 0.046833, 0.000000
0.046831, 0.046831, -0.000000
0.046829, 0.046829, -0.000000
0.046828, 0.046829, 0.000000
0.046827, 0.046827, -0.000000
0.046826, 0.046826, 0.000000
0.046834, 0.046834, 0.000000
0.046832, 0.046832, 0.000000
0.046831, 0.046831, -0.000000
0.046830, 0.046830, 0.000000
0.046828, 0.046828, 0.000000
0.046827, 0.046827, -0.000000
0.046826, 0.046826, 0.000000
0.046825, 0.046825, -0.000000
0.046832, 0.046832, -0.000000
0.046831, 0.046831, -0.000000
0.046829, 0.046829, -0.000000
0.046828, 0.046828, 0.000000
0.046827, 0.046827, -0.000000
0.046826, 0.046826, 0.000000
0.046824, 0.046824, -0.000000
0.046823, 0.046824, 0.000000
0.046831, 0.046831, 0.000000
0.046829, 0.046830, 0.000000
0.046828, 0.046828, 0.000000
0.046827, 0.046826, -0.000000
0.046826, 0.046826, 0.000000
0.046824, 0.046824, -0.000000
0.046823, 0.046823, 0.000000
0.046822, 0.046823, 0.000000
0.046830, 0.046829, -0.000000
0.046828, 0.046828, 0.000000
0.046826, 0.046826, -0.000000
0.046825, 0.046826, 0.000000
0.046824, 0.046824, -0.000000
0.046823, 0.046823, 0.000000
0.046822, 0.046822, -0.000000
0.046821, 0.046821, 0.000000
0.046828, 0.046829, 0.000000
0.046827, 0.046826, -0.000000
0.046825, 0.046825, 0.000000
0.046824, 0.046825, 0.000000
totaldiff=0.0001832247, sz=781, average absolute error value:0.0000002346
totaldiff=0.0039147031, sz=781, average relative error rate:0.0000050124
