cfgFile=sz.config
[SZ] Reading SZ configuration file (sz.config) ...
210
93
177
153
151
169
167
160
153
157
160
162
153
164
172
152
169
175
129
166
151
180
114
193
155
190
151
144
155
170
165
150
161
162
161
161
161
161
149
159
171
166
140
179
159
158
158
159
160
159
158
162
165
158
152
166
167
154
161
151
176
153
148
175
156
156
164
161
157
162
158
160
162
157
164
157
162
160
159
161
158
161
160
161
155
220
75
193
138
178
162
142
177
158
171
146
164
160
162
150
167
167
156
143
188
146
161
140
183
176
141
161
157
164
158
161
159
160
160
159
162
159
161
160
159
161
158
165
154
161
160
162
158
161
161
159
160
160
160
160
160
160
161
158
161
161
159
160
160
160
160
161
159
160
160
160
160
160
160
159
161
161
160
159
160
160
160
160
160
161
159
160
160
160
160
160
160
160
160
160
161
159
160
157
142
192
140
171
159
169
136
187
153
154
162
156
161
163
158
176
142
160
198
115
154
150
193
145
167
175
144
147
184
142
170
158
160
159
160
164
157
160
160
160
160
161
159
160
159
162
159
160
160
154
170
156
160
163
157
161
157
162
164
221
79
136
249
75
213
159
143
176
117
204
177
120
166
142
212
121
153
182
146
94
223
173
183
151
142
157
163
147
167
162
176
102
204
161
161
158
162
159
160
160
161
159
160
160
159
162
159
160
160
160
162
157
161
160
160
160
160
160
160
160
160
161
159
160
160
160
160
160
160
160
161
159
160
160
160
160
160
160
160
160
161
158
161
160
161
159
160
160
162
151
168
157
167
158
157
162
158
151
166
172
150
161
156
159
166
167
159
155
156
165
161
151
179
165
96
209
156
159
161
159
163
159
159
160
159
162
157
159
168
154
159
148
189
140
175
130
198
143
144
170
169
168
150
149
164
175
151
160
161
160
158
161
159
159
162
159
161
159
159
162
185
107
189
159
157
159
169
187
126
145
164
162
175
155
168
148
151
174
158
165
153
170
150
166
162
152
163
160
161
158
161
162
157
161
161
159
160
160
160
160
160
161
159
159
161
161
159
159
161
160
160
161
159
160
160
160
160
161
158
161
160
161
159
160
161
159
160
160
160
160
160
159
162
159
160
213
70
208
168
140
146
186
153
157
163
136
198
97
208
159
163
149
163
231
97
150
166
171
122
217
113
187
138
107
229
207
98
161
149
207
80
214
159
151
174
162
152
163
157
154
172
155
160
160
160
161
153
167
163
152
161
170
154
159
160
160
160
160
160
157
166
157
160
160
158
164
158
161
163
166
149
150
179
159
151
154
158
171
157
162
171
153
169
140
149
176
164
158
160
159
164
155
157
154
173
152
179
142
170
145
193
137
160
160
160
160
160
160
160
160
161
159
160
160
160
160
160
160
160
161
159
159
162
158
162
159
160
160
161
158
161
161
159
160
159
161
160
160
160
160
162
158
160
160
160
159
162
159
160
160
160
155
173
148
165
159
160
160
159
161
161
159
159
155
171
152
163
149
179
158
150
167
160
157
159
160
150
169
161
172
153
148
171
161
160
155
160
159
158
173
153
152
174
149
163
161
158
165
155
154
172
153
158
170
162
161
151
151
164
172
172
136
171
145
149
179
162
159
160
160
160
160
160
159
161
160
160
163
151
172
151
157
172
147
171
163
145
173
156
156
163
161
158
161
158
153
164
176
147
156
169
164
152
162
165
160
148
178
148
165
155
170
166
134
144
186
161
170
167
117
220
109
200
145
141
168
180
143
147
182
153
139
188
126
222
101
211
126
172
147
155
196
123
177
171
timecost, 0.004554, seconds
done
6248
1283
sz compression ratio, 4.87 
timecost, 0.003911, second
done
Max absolute error = 4.6193599700927734375E-07
Max relative error = 0.0037972745368243759727
Max pw_relative err = 9.8832343681504803074E-06
./inputdata/full/sedov_p_pr.dat, ./inputdata/full/sedov_p_pr.dat.sz.out, 781
size of double: 8
0.046755, 0.046755, -0.000000
0.046760, 0.046760, -0.000000
0.046810, 0.046810, 0.000000
0.046799, 0.046799, 0.000000
0.046804, 0.046804, 0.000000
0.046802, 0.046802, -0.000000
0.046792, 0.046791, -0.000000
0.046790, 0.046790, -0.000000
0.046794, 0.046794, 0.000000
0.046798, 0.046799, 0.000000
0.046796, 0.046797, 0.000000
0.046792, 0.046792, -0.000000
0.046788, 0.046787, -0.000000
0.046784, 0.046784, -0.000000
0.046775, 0.046775, 0.000000
0.046769, 0.046769, 0.000000
0.046774, 0.046775, 0.000000
0.046773, 0.046773, 0.000000
0.046779, 0.046779, 0.000000
0.046799, 0.046800, 0.000000
0.046791, 0.046791, -0.000000
0.046788, 0.046788, -0.000000
0.046777, 0.046777, 0.000000
0.046785, 0.046784, -0.000000
0.046749, 0.046749, 0.000000
0.046744, 0.046745, 0.000000
0.046735, 0.046735, 0.000000
0.046754, 0.046754, -0.000000
0.046763, 0.046764, 0.000000
0.046759, 0.046759, 0.000000
0.046750, 0.046750, -0.000000
0.046750, 0.046750, -0.000000
0.046754, 0.046754, 0.000000
0.046750, 0.046749, -0.000000
0.046745, 0.046746, 0.000000
0.046743, 0.046744, 0.000000
0.046742, 0.046743, 0.000000
0.046742, 0.046743, 0.000000
0.046743, 0.046743, -0.000000
0.046745, 0.046745, 0.000000
0.046737, 0.046737, -0.000000
0.046727, 0.046727, 0.000000
0.046729, 0.046728, -0.000000
0.046735, 0.046735, -0.000000
0.046722, 0.046723, 0.000000
0.046728, 0.046728, -0.000000
0.046733, 0.046732, -0.000000
0.046736, 0.046735, -0.000000
0.046736, 0.046736, 0.000000
0.046736, 0.046736, 0.000000
0.046735, 0.046736, 0.000000
0.046735, 0.046735, -0.000000
0.046732, 0.046732, 0.000000
0.046731, 0.046731, 0.000000
0.046735, 0.046735, -0.000000
0.046737, 0.046736, -0.000000
0.046731, 0.046731, -0.000000
0.046730, 0.046731, 0.000000
0.046737, 0.046737, -0.000000
0.046738, 0.046738, -0.000000
0.046739, 0.046740, 0.000000
0.046733, 0.046733, -0.000000
0.046741, 0.046741, 0.000000
0.046743, 0.046743, 0.000000
0.046734, 0.046734, -0.000000
0.046738, 0.046738, -0.000000
0.046739, 0.046739, 0.000000
0.046736, 0.046736, -0.000000
0.046737, 0.046737, -0.000000
0.046739, 0.046739, -0.000000
0.046738, 0.046738, -0.000000
0.046739, 0.046739, -0.000000
0.046738, 0.046738, -0.000000
0.046736, 0.046737, 0.000000
0.046738, 0.046737, -0.000000
0.046736, 0.046735, -0.000000
0.046737, 0.046737, -0.000000
0.046737, 0.046736, -0.000000
0.046737, 0.046737, -0.000000
0.046738, 0.046738, -0.000000
0.046738, 0.046738, -0.000000
0.046738, 0.046739, 0.000000
0.046738, 0.046738, -0.000000
0.046738, 0.046737, -0.000000
0.046738, 0.046737, -0.000000
0.046738, 0.046738, 0.000000
0.046734, 0.046734, 0.000000
0.046786, 0.046786, -0.000000
0.046759, 0.046759, 0.000000
0.046763, 0.046763, -0.000000
0.046746, 0.046746, -0.000000
0.046746, 0.046746, -0.000000
0.046748, 0.046748, -0.000000
0.046733, 0.046733, -0.000000
0.046734, 0.046734, -0.000000
0.046733, 0.046733, -0.000000
0.046742, 0.046742, 0.000000
0.046738, 0.046738, 0.000000
0.046738, 0.046738, -0.000000
0.046738, 0.046738, 0.000000
0.046740, 0.046740, -0.000000
0.046732, 0.046732, 0.000000
0.046732, 0.046731, -0.000000
0.046736, 0.046737, 0.000000
0.046738, 0.046738, -0.000000
0.046725, 0.046724, -0.000000
0.046736, 0.046736, 0.000000
0.046735, 0.046735, 0.000000
0.046735, 0.046735, -0.000000
0.046717, 0.046717, -0.000000
0.046719, 0.046719, 0.000000
0.046736, 0.046737, 0.000000
0.046736, 0.046737, 0.000000
0.046738, 0.046738, -0.000000
0.046735, 0.046736, 0.000000
0.046737, 0.046737, -0.000000
0.046737, 0.046737, -0.000000
0.046738, 0.046738, -0.000000
0.046738, 0.046738, -0.000000
0.046738, 0.046738, 0.000000
0.046738, 0.046738, -0.000000
0.046737, 0.046737, -0.000000
0.046738, 0.046738, 0.000000
0.046738, 0.046738, -0.000000
0.046738, 0.046738, 0.000000
0.046739, 0.046739, 0.000000
0.046739, 0.046739, -0.000000
0.046740, 0.046740, -0.000000
0.046739, 0.046739, -0.000000
0.046742, 0.046743, 0.000000
0.046740, 0.046741, 0.000000
0.046739, 0.046740, 0.000000
0.046739, 0.046739, -0.000000
0.046739, 0.046739, 0.000000
0.046739, 0.046738, -0.000000
0.046739, 0.046738, -0.000000
0.046739, 0.046739, 0.000000
0.046739, 0.046739, 0.000000
0.046739, 0.046739, 0.000000
0.046739, 0.046739, 0.000000
0.046739, 0.046739, -0.000000
0.046739, 0.046739, -0.000000
0.046739, 0.046739, -0.000000
0.046739, 0.046739, -0.000000
0.046739, 0.046739, 0.000000
0.046738, 0.046738, -0.000000
0.046739, 0.046738, -0.000000
0.046739, 0.046739, 0.000000
0.046739, 0.046739, 0.000000
0.046739, 0.046739, 0.000000
0.046739, 0.046739, -0.000000
0.046739, 0.046739, -0.000000
0.046739, 0.046739, -0.000000
0.046739, 0.046740, 0.000000
0.046739, 0.046739, 0.000000
0.046739, 0.046739, 0.000000
0.046739, 0.046739, -0.000000
0.046739, 0.046739, -0.000000
0.046739, 0.046739, 0.000000
0.046739, 0.046739, 0.000000
0.046739, 0.046739, 0.000000
0.046738, 0.046738, -0.000000
0.046738, 0.046738, -0.000000
0.046739, 0.046739, -0.000000
0.046740, 0.046739, -0.000000
0.046739, 0.046739, -0.000000
0.046739, 0.046739, -0.000000
0.046739, 0.046739, -0.000000
0.046739, 0.046739, -0.000000
0.046739, 0.046739, -0.000000
0.046739, 0.046739, -0.000000
0.046740, 0.046740, 0.000000
0.046740, 0.046740, 0.000000
0.046740, 0.046740, 0.000000
0.046739, 0.046740, 0.000000
0.046739, 0.046739, 0.000000
0.046739, 0.046739, 0.000000
0.046739, 0.046739, -0.000000
0.046739, 0.046739, -0.000000
0.046739, 0.046739, -0.000000
0.046739, 0.046739, -0.000000
0.046739, 0.046739, -0.000000
0.046739, 0.046740, 0.000000
0.046739, 0.046740, 0.000000
0.046739, 0.046740, 0.000000
0.046737, 0.046737, 0.000000
0.046717, 0.046717, 0.000000
0.046727, 0.046727, 0.000000
0.046719, 0.046719, 0.000000
0.046720, 0.046721, 0.000000
0.046721, 0.046721, 0.000000
0.046731, 0.046731, -0.000000
0.046717, 0.046718, 0.000000
0.046729, 0.046730, 0.000000
0.046735, 0.046735, 0.000000
0.046734, 0.046735, 0.000000
0.046737, 0.046737, -0.000000
0.046734, 0.046735, 0.000000
0.046734, 0.046734, 0.000000
0.046735, 0.046735, 0.000000
0.046735, 0.046735, -0.000000
0.046750, 0.046750, -0.000000
0.046748, 0.046748, 0.000000
0.046747, 0.046746, -0.000000
0.046779, 0.046779, 0.000000
0.046771, 0.046771, 0.000000
0.046757, 0.046757, -0.000000
0.046733, 0.046734, 0.000000
0.046741, 0.046741, -0.000000
0.046735, 0.046735, -0.000000
0.046734, 0.046734, 0.000000
0.046748, 0.046748, -0.000000
0.046748, 0.046747, -0.000000
0.046734, 0.046734, 0.000000
0.046743, 0.046743, 0.000000
0.046736, 0.046736, -0.000000
0.046737, 0.046738, 0.000000
0.046738, 0.046738, -0.000000
0.046738, 0.046737, -0.000000
0.046737, 0.046736, -0.000000
0.046736, 0.046735, -0.000000
0.046738, 0.046738, -0.000000
0.046738, 0.046738, 0.000000
0.046738, 0.046738, -0.000000
0.046738, 0.046738, 0.000000
0.046738, 0.046738, -0.000000
0.046738, 0.046738, -0.000000
0.046739, 0.046738, -0.000000
0.046738, 0.046738, 0.000000
0.046738, 0.046738, 0.000000
0.046738, 0.046737, -0.000000
0.046738, 0.046738, -0.000000
0.046738, 0.046738, -0.000000
0.046738, 0.046738, -0.000000
0.046738, 0.046738, -0.000000
0.046732, 0.046732, -0.000000
0.046736, 0.046736, 0.000000
0.046736, 0.046736, -0.000000
0.046735, 0.046736, 0.000000
0.046738, 0.046738, 0.000000
0.046739, 0.046738, -0.000000
0.046739, 0.046739, -0.000000
0.046737, 0.046737, -0.000000
0.046737, 0.046737, -0.000000
0.046740, 0.046741, 0.000000
0.046800, 0.046801, 0.000000
0.046786, 0.046786, -0.000000
0.046748, 0.046749, 0.000000
0.046794, 0.046794, -0.000000
0.046761, 0.046761, -0.000000
0.046776, 0.046776, 0.000000
0.046791, 0.046791, -0.000000
0.046790, 0.046790, 0.000000
0.046803, 0.046804, 0.000000
0.046778, 0.046778, -0.000000
0.046792, 0.046792, 0.000000
0.046823, 0.046823, 0.000000
0.046817, 0.046816, -0.000000
0.046815, 0.046815, -0.000000
0.046797, 0.046798, 0.000000
0.046828, 0.046828, -0.000000
0.046822, 0.046822, 0.000000
0.046810, 0.046810, 0.000000
0.046818, 0.046818, 0.000000
0.046814, 0.046814, 0.000000
0.046748, 0.046748, 0.000000
0.046741, 0.046741, -0.000000
0.046745, 0.046745, 0.000000
0.046771, 0.046771, -0.000000
0.046788, 0.046788, 0.000000
0.046789, 0.046789, 0.000000
0.046788, 0.046787, -0.000000
0.046788, 0.046788, 0.000000
0.046777, 0.046777, 0.000000
0.046772, 0.046772, -0.000000
0.046769, 0.046769, 0.000000
0.046782, 0.046781, -0.000000
0.046739, 0.046740, 0.000000
0.046739, 0.046739, -0.000000
0.046739, 0.046738, -0.000000
0.046739, 0.046739, 0.000000
0.046739, 0.046738, -0.000000
0.046739, 0.046739, 0.000000
0.046739, 0.046739, -0.000000
0.046739, 0.046739, -0.000000
0.046739, 0.046739, -0.000000
0.046739, 0.046740, 0.000000
0.046739, 0.046740, 0.000000
0.046739, 0.046739, 0.000000
0.046739, 0.046739, 0.000000
0.046739, 0.046738, -0.000000
0.046739, 0.046739, 0.000000
0.046739, 0.046739, 0.000000
0.046739, 0.046739, -0.000000
0.046739, 0.046739, 0.000000
0.046739, 0.046739, -0.000000
0.046740, 0.046741, 0.000000
0.046739, 0.046740, 0.000000
0.046739, 0.046740, 0.000000
0.046739, 0.046739, 0.000000
0.046739, 0.046739, 0.000000
0.046739, 0.046739, 0.000000
0.046739, 0.046739, 0.000000
0.046739, 0.046739, 0.000000
0.046739, 0.046739, 0.000000
0.046739, 0.046739, -0.000000
0.046739, 0.046739, -0.000000
0.046739, 0.046740, 0.000000
0.046740, 0.046740, -0.000000
0.046739, 0.046739, -0.000000
0.046739, 0.046739, -0.000000
0.046740, 0.046739, -0.000000
0.046740, 0.046739, -0.000000
0.046739, 0.046739, -0.000000
0.046739, 0.046739, -0.000000
0.046739, 0.046739, -0.000000
0.046739, 0.046740, 0.000000
0.046739, 0.046740, 0.000000
0.046739, 0.046740, 0.000000
0.046739, 0.046739, 0.000000
0.046739, 0.046739, 0.000000
0.046739, 0.046739, 0.000000
0.046739, 0.046739, -0.000000
0.046739, 0.046739, -0.000000
0.046739, 0.046739, -0.000000
0.046739, 0.046739, -0.000000
0.046739, 0.046740, 0.000000
0.046739, 0.046739, -0.000000
0.046738, 0.046739, 0.000000
0.046738, 0.046739, 0.000000
0.046739, 0.046739, 0.000000
0.046739, 0.046739, 0.000000
0.046739, 0.046739, 0.000000
0.046739, 0.046739, -0.000000
0.046741, 0.046741, -0.000000
0.046734, 0.046734, 0.000000
0.046735, 0.046735, -0.000000
0.046733, 0.046733, -0.000000
0.046738, 0.046738, -0.000000
0.046740, 0.046740, 0.000000
0.046740, 0.046740, 0.000000
0.046742, 0.046742, 0.000000
0.046742, 0.046742, 0.000000
0.046734, 0.046734, -0.000000
0.046731, 0.046731, -0.000000
0.046739, 0.046739, 0.000000
0.046738, 0.046738, -0.000000
0.046738, 0.046738, 0.000000
0.046734, 0.046734, -0.000000
0.046730, 0.046729, -0.000000
0.046731, 0.046730, -0.000000
0.046738, 0.046738, -0.000000
0.046744, 0.046744, -0.000000
0.046746, 0.046746, 0.000000
0.046744, 0.046744, -0.000000
0.046746, 0.046746, 0.000000
0.046750, 0.046750, 0.000000
0.046745, 0.046745, -0.000000
0.046758, 0.046758, 0.000000
0.046775, 0.046776, 0.000000
0.046734, 0.046734, -0.000000
0.046738, 0.046738, -0.000000
0.046738, 0.046737, -0.000000
0.046736, 0.046736, 0.000000
0.046736, 0.046736, 0.000000
0.046736, 0.046735, -0.000000
0.046738, 0.046737, -0.000000
0.046738, 0.046738, -0.000000
0.046738, 0.046738, 0.000000
0.046738, 0.046738, -0.000000
0.046737, 0.046737, -0.000000
0.046737, 0.046738, 0.000000
0.046735, 0.046736, 0.000000
0.046733, 0.046733, -0.000000
0.046737, 0.046737, 0.000000
0.046736, 0.046736, 0.000000
0.046734, 0.046734, -0.000000
0.046721, 0.046721, 0.000000
0.046735, 0.046735, -0.000000
0.046730, 0.046730, -0.000000
0.046739, 0.046740, 0.000000
0.046721, 0.046721, 0.000000
0.046737, 0.046738, 0.000000
0.046738, 0.046738, 0.000000
0.046725, 0.046724, -0.000000
0.046720, 0.046720, 0.000000
0.046723, 0.046723, 0.000000
0.046735, 0.046734, -0.000000
0.046737, 0.046736, -0.000000
0.046728, 0.046728, 0.000000
0.046723, 0.046723, -0.000000
0.046732, 0.046732, 0.000000
0.046733, 0.046733, 0.000000
0.046734, 0.046734, -0.000000
0.046735, 0.046736, 0.000000
0.046737, 0.046737, 0.000000
0.046737, 0.046737, 0.000000
0.046738, 0.046738, -0.000000
0.046738, 0.046738, -0.000000
0.046737, 0.046737, -0.000000
0.046738, 0.046738, -0.000000
0.046738, 0.046738, -0.000000
0.046738, 0.046739, 0.000000
0.046738, 0.046738, 0.000000
0.046738, 0.046737, -0.000000
0.046738, 0.046738, -0.000000
0.046762, 0.046762, 0.000000
0.046737, 0.046737, -0.000000
0.046738, 0.046739, 0.000000
0.046739, 0.046740, 0.000000
0.046738, 0.046738, 0.000000
0.046735, 0.046735, 0.000000
0.046740, 0.046740, 0.000000
0.046771, 0.046771, -0.000000
0.046769, 0.046770, 0.000000
0.046755, 0.046755, 0.000000
0.046744, 0.046744, -0.000000
0.046735, 0.046734, -0.000000
0.046739, 0.046739, 0.000000
0.046739, 0.046739, 0.000000
0.046746, 0.046746, 0.000000
0.046742, 0.046742, 0.000000
0.046731, 0.046730, -0.000000
0.046731, 0.046731, -0.000000
0.046730, 0.046730, 0.000000
0.046733, 0.046734, 0.000000
0.046731, 0.046731, -0.000000
0.046737, 0.046737, 0.000000
0.046734, 0.046734, 0.000000
0.046737, 0.046737, 0.000000
0.046742, 0.046742, -0.000000
0.046739, 0.046739, -0.000000
0.046739, 0.046739, -0.000000
0.046739, 0.046739, -0.000000
0.046739, 0.046739, 0.000000
0.046738, 0.046738, -0.000000
0.046738, 0.046738, 0.000000
0.046740, 0.046740, 0.000000
0.046739, 0.046739, -0.000000
0.046739, 0.046739, -0.000000
0.046740, 0.046740, 0.000000
0.046739, 0.046740, 0.000000
0.046739, 0.046740, 0.000000
0.046739, 0.046739, 0.000000
0.046739, 0.046739, 0.000000
0.046739, 0.046739, 0.000000
0.046739, 0.046739, -0.000000
0.046740, 0.046740, 0.000000
0.046740, 0.046740, 0.000000
0.046739, 0.046739, -0.000000
0.046739, 0.046739, -0.000000
0.046739, 0.046740, 0.000000
0.046739, 0.046740, 0.000000
0.046739, 0.046739, 0.000000
0.046739, 0.046739, -0.000000
0.046738, 0.046738, -0.000000
0.046739, 0.046738, -0.000000
0.046739, 0.046739, 0.000000
0.046739, 0.046739, 0.000000
0.046739, 0.046739, -0.000000
0.046739, 0.046739, -0.000000
0.046739, 0.046739, -0.000000
0.046739, 0.046739, -0.000000
0.046739, 0.046740, 0.000000
0.046739, 0.046739, -0.000000
0.046739, 0.046738, -0.000000
0.046739, 0.046738, -0.000000
0.046740, 0.046739, -0.000000
0.046739, 0.046739, -0.000000
0.046739, 0.046739, -0.000000
0.046739, 0.046740, 0.000000
0.046739, 0.046740, 0.000000
0.046739, 0.046740, 0.000000
0.046739, 0.046740, 0.000000
0.046739, 0.046739, 0.000000
0.046739, 0.046739, 0.000000
0.046739, 0.046739, 0.000000
0.046738, 0.046738, -0.000000
0.046739, 0.046739, 0.000000
0.046739, 0.046739, -0.000000
0.046739, 0.046739, -0.000000
0.046788, 0.046788, -0.000000
0.046754, 0.046754, -0.000000
0.046763, 0.046764, 0.000000
0.046781, 0.046781, 0.000000
0.046780, 0.046780, -0.000000
0.046766, 0.046766, -0.000000
0.046776, 0.046776, 0.000000
0.046780, 0.046780, 0.000000
0.046781, 0.046781, -0.000000
0.046784, 0.046784, -0.000000
0.046766, 0.046766, -0.000000
0.046782, 0.046782, 0.000000
0.046740, 0.046741, 0.000000
0.046743, 0.046743, -0.000000
0.046745, 0.046745, 0.000000
0.046750, 0.046750, -0.000000
0.046743, 0.046744, 0.000000
0.046741, 0.046741, -0.000000
0.046803, 0.046804, 0.000000
totaldiff=0.0001820475, sz=781, average absolute error value:0.0000002331
totaldiff=0.0038944661, sz=781, average relative error rate:0.0000049865
