cfgFile=sz.config
[SZ] Reading SZ configuration file (sz.config) ...
161
160
172
151
160
160
152
169
158
162
152
166
161
159
171
150
160
160
142
178
161
159
153
167
160
160
190
127
160
161
153
168
159
161
137
185
159
161
157
164
158
161
155
164
161
159
157
164
160
159
148
173
161
159
179
141
159
161
163
157
161
159
157
163
160
160
163
157
161
159
155
165
160
160
165
155
160
160
161
159
160
160
167
152
161
160
161
159
159
161
161
158
161
159
161
160
160
160
162
158
160
160
160
160
160
160
161
159
160
160
160
160
161
159
185
131
161
160
182
139
160
160
127
196
162
158
162
156
161
160
154
167
160
160
161
159
159
160
161
159
160
161
158
161
160
161
159
161
159
161
161
158
160
160
160
161
159
160
160
160
160
160
166
154
160
159
158
163
161
159
160
160
160
161
159
160
160
160
160
160
160
161
159
160
161
159
159
161
161
159
160
161
159
160
160
160
160
161
159
160
160
160
139
181
161
159
165
155
161
159
165
155
160
161
159
160
160
161
153
167
159
161
169
150
161
159
161
160
159
160
157
167
160
162
144
170
161
159
157
162
161
160
165
155
161
159
160
160
160
160
161
159
160
160
160
160
160
161
152
167
159
161
169
151
162
158
210
113
160
159
162
159
160
160
171
148
159
160
175
146
160
160
108
213
158
162
93
224
162
158
203
123
160
161
104
211
160
162
179
139
161
158
108
211
160
160
161
159
161
159
160
160
160
160
160
161
159
160
160
160
160
160
161
159
160
160
160
160
161
159
160
160
160
161
159
160
160
160
161
159
160
160
160
160
160
161
159
160
160
160
160
160
161
159
160
160
160
160
159
162
159
160
161
159
160
160
161
159
160
160
162
158
160
160
150
171
159
161
166
153
160
161
151
168
161
159
202
121
160
159
144
176
161
160
120
199
161
160
158
160
160
160
150
169
160
160
160
160
161
159
159
161
160
159
162
159
160
160
162
158
161
159
160
160
160
160
158
162
159
161
154
166
160
159
152
173
159
160
159
159
160
160
162
157
161
159
161
159
160
161
159
160
160
160
160
160
160
160
163
157
160
161
165
149
161
163
196
120
162
159
182
140
159
161
134
188
161
159
159
162
159
160
161
159
161
159
159
161
161
159
161
159
160
160
161
159
160
160
160
160
161
159
160
160
160
160
161
159
160
160
160
160
160
161
158
162
159
160
160
161
159
160
160
160
160
160
160
160
160
160
219
98
159
160
177
144
159
160
158
165
159
160
164
157
159
160
141
179
162
159
216
101
160
161
176
144
162
159
159
161
161
160
183
137
161
159
161
159
160
161
199
120
159
161
169
151
159
160
130
191
160
160
167
153
160
160
183
137
159
161
148
172
160
161
159
160
160
160
142
177
161
159
121
201
159
161
157
163
160
161
154
166
160
160
160
159
160
160
166
154
159
161
198
121
161
159
134
180
162
160
173
152
159
160
162
159
161
159
162
157
160
160
160
160
161
159
170
151
160
161
159
160
160
160
160
161
159
160
160
160
161
159
160
160
160
160
160
160
160
160
160
160
161
159
161
159
160
160
160
160
160
160
160
160
160
160
161
160
159
160
160
160
160
160
161
159
160
160
159
162
159
160
160
160
160
160
149
170
161
159
156
164
160
158
189
133
160
158
159
163
161
161
172
148
160
160
147
172
157
162
183
141
160
161
175
143
161
160
109
211
162
160
143
172
160
160
160
160
160
161
160
159
160
161
155
165
159
159
154
167
160
161
149
171
159
161
205
116
163
159
137
184
161
161
158
157
160
160
timecost, 0.004618, seconds
done
6240
1000
sz compression ratio, 6.24 
timecost, 0.003665, second
done
Max absolute error = 4.6193599700927734375E-07
Max relative error = 0.0037194792729017935387
Max pw_relative err = 9.8850244112272199194E-06
./inputdata/full/sedov_p_bi.dat, ./inputdata/full/sedov_p_bi.dat.sz.out, 780
size of double: 8
0.046827, 0.046827, -0.000000
0.046822, 0.046822, -0.000000
0.046818, 0.046818, 0.000000
0.046814, 0.046814, 0.000000
0.046821, 0.046821, -0.000000
0.046820, 0.046820, 0.000000
0.046819, 0.046819, -0.000000
0.046818, 0.046818, 0.000000
0.046810, 0.046810, -0.000000
0.046809, 0.046810, 0.000000
0.046808, 0.046808, -0.000000
0.046807, 0.046807, 0.000000
0.046800, 0.046800, 0.000000
0.046798, 0.046798, -0.000000
0.046797, 0.046797, 0.000000
0.046795, 0.046795, -0.000000
0.046803, 0.046803, -0.000000
0.046802, 0.046802, -0.000000
0.046801, 0.046801, -0.000000
0.046800, 0.046800, -0.000000
0.046782, 0.046782, 0.000000
0.046781, 0.046781, -0.000000
0.046780, 0.046781, 0.000000
0.046780, 0.046780, 0.000000
0.046772, 0.046772, 0.000000
0.046771, 0.046771, -0.000000
0.046770, 0.046770, -0.000000
0.046769, 0.046769, -0.000000
0.046795, 0.046796, 0.000000
0.046792, 0.046792, -0.000000
0.046788, 0.046788, -0.000000
0.046785, 0.046785, 0.000000
0.046775, 0.046776, 0.000000
0.046774, 0.046774, 0.000000
0.046771, 0.046771, -0.000000
0.046769, 0.046769, -0.000000
0.046746, 0.046745, -0.000000
0.046745, 0.046745, 0.000000
0.046745, 0.046744, -0.000000
0.046744, 0.046744, 0.000000
0.046742, 0.046741, -0.000000
0.046742, 0.046742, 0.000000
0.046741, 0.046741, -0.000000
0.046741, 0.046741, -0.000000
0.046736, 0.046736, 0.000000
0.046735, 0.046735, -0.000000
0.046734, 0.046735, 0.000000
0.046734, 0.046734, -0.000000
0.046730, 0.046730, -0.000000
0.046730, 0.046730, -0.000000
0.046729, 0.046730, 0.000000
0.046729, 0.046728, -0.000000
0.046716, 0.046716, -0.000000
0.046716, 0.046716, -0.000000
0.046717, 0.046717, 0.000000
0.046717, 0.046717, 0.000000
0.046735, 0.046734, -0.000000
0.046734, 0.046734, 0.000000
0.046733, 0.046733, -0.000000
0.046733, 0.046733, 0.000000
0.046736, 0.046735, -0.000000
0.046736, 0.046735, -0.000000
0.046736, 0.046736, 0.000000
0.046736, 0.046736, 0.000000
0.046733, 0.046733, -0.000000
0.046733, 0.046733, -0.000000
0.046733, 0.046733, -0.000000
0.046733, 0.046733, -0.000000
0.046736, 0.046735, -0.000000
0.046735, 0.046735, -0.000000
0.046735, 0.046736, 0.000000
0.046735, 0.046736, 0.000000
0.046731, 0.046731, -0.000000
0.046731, 0.046731, -0.000000
0.046731, 0.046731, -0.000000
0.046730, 0.046730, -0.000000
0.046735, 0.046735, 0.000000
0.046735, 0.046735, 0.000000
0.046734, 0.046735, 0.000000
0.046734, 0.046734, 0.000000
0.046735, 0.046735, 0.000000
0.046735, 0.046735, 0.000000
0.046735, 0.046735, 0.000000
0.046735, 0.046735, -0.000000
0.046741, 0.046741, 0.000000
0.046740, 0.046740, -0.000000
0.046740, 0.046740, -0.000000
0.046740, 0.046740, 0.000000
0.046741, 0.046741, -0.000000
0.046740, 0.046740, 0.000000
0.046739, 0.046739, -0.000000
0.046739, 0.046739, 0.000000
0.046740, 0.046740, 0.000000
0.046739, 0.046739, -0.000000
0.046738, 0.046739, 0.000000
0.046738, 0.046738, -0.000000
0.046737, 0.046737, 0.000000
0.046737, 0.046737, 0.000000
0.046737, 0.046737, -0.000000
0.046737, 0.046737, -0.000000
0.046738, 0.046739, 0.000000
0.046738, 0.046739, 0.000000
0.046738, 0.046738, 0.000000
0.046738, 0.046738, 0.000000
0.046738, 0.046738, 0.000000
0.046738, 0.046738, 0.000000
0.046738, 0.046738, 0.000000
0.046738, 0.046738, -0.000000
0.046738, 0.046738, 0.000000
0.046738, 0.046738, 0.000000
0.046738, 0.046738, -0.000000
0.046738, 0.046738, -0.000000
0.046738, 0.046738, -0.000000
0.046738, 0.046738, -0.000000
0.046738, 0.046738, 0.000000
0.046738, 0.046738, 0.000000
0.046761, 0.046761, -0.000000
0.046757, 0.046757, -0.000000
0.046754, 0.046755, 0.000000
0.046752, 0.046752, -0.000000
0.046769, 0.046769, -0.000000
0.046767, 0.046767, -0.000000
0.046765, 0.046765, 0.000000
0.046763, 0.046763, 0.000000
0.046730, 0.046731, 0.000000
0.046731, 0.046731, 0.000000
0.046734, 0.046734, -0.000000
0.046735, 0.046735, 0.000000
0.046737, 0.046737, -0.000000
0.046737, 0.046736, -0.000000
0.046736, 0.046736, -0.000000
0.046736, 0.046736, 0.000000
0.046731, 0.046730, -0.000000
0.046731, 0.046731, -0.000000
0.046732, 0.046732, -0.000000
0.046733, 0.046733, -0.000000
0.046735, 0.046734, -0.000000
0.046735, 0.046735, 0.000000
0.046735, 0.046735, 0.000000
0.046735, 0.046735, -0.000000
0.046735, 0.046736, 0.000000
0.046735, 0.046735, 0.000000
0.046735, 0.046735, -0.000000
0.046736, 0.046736, 0.000000
0.046735, 0.046735, 0.000000
0.046735, 0.046735, -0.000000
0.046735, 0.046735, -0.000000
0.046735, 0.046735, 0.000000
0.046736, 0.046735, -0.000000
0.046736, 0.046736, 0.000000
0.046736, 0.046736, -0.000000
0.046736, 0.046737, 0.000000
0.046738, 0.046738, 0.000000
0.046738, 0.046738, -0.000000
0.046738, 0.046738, -0.000000
0.046738, 0.046738, -0.000000
0.046738, 0.046738, -0.000000
0.046738, 0.046739, 0.000000
0.046738, 0.046738, 0.000000
0.046738, 0.046738, 0.000000
0.046738, 0.046738, 0.000000
0.046738, 0.046738, -0.000000
0.046738, 0.046738, -0.000000
0.046738, 0.046738, -0.000000
0.046743, 0.046743, -0.000000
0.046743, 0.046743, -0.000000
0.046743, 0.046743, -0.000000
0.046742, 0.046742, -0.000000
0.046739, 0.046739, -0.000000
0.046739, 0.046739, -0.000000
0.046739, 0.046739, 0.000000
0.046739, 0.046739, 0.000000
0.046739, 0.046739, -0.000000
0.046739, 0.046739, -0.000000
0.046739, 0.046739, -0.000000
0.046739, 0.046740, 0.000000
0.046739, 0.046739, 0.000000
0.046739, 0.046739, -0.000000
0.046739, 0.046739, -0.000000
0.046739, 0.046739, -0.000000
0.046739, 0.046739, -0.000000
0.046739, 0.046739, -0.000000
0.046739, 0.046739, -0.000000
0.046739, 0.046739, 0.000000
0.046739, 0.046739, -0.000000
0.046739, 0.046739, -0.000000
0.046739, 0.046740, 0.000000
0.046739, 0.046740, 0.000000
0.046739, 0.046739, -0.000000
0.046739, 0.046738, -0.000000
0.046739, 0.046739, 0.000000
0.046739, 0.046739, -0.000000
0.046739, 0.046739, -0.000000
0.046739, 0.046740, 0.000000
0.046739, 0.046739, 0.000000
0.046739, 0.046739, 0.000000
0.046739, 0.046739, -0.000000
0.046739, 0.046739, -0.000000
0.046739, 0.046739, -0.000000
0.046739, 0.046740, 0.000000
0.046739, 0.046740, 0.000000
0.046739, 0.046739, 0.000000
0.046739, 0.046739, -0.000000
0.046739, 0.046739, -0.000000
0.046720, 0.046720, -0.000000
0.046720, 0.046719, -0.000000
0.046720, 0.046720, 0.000000
0.046720, 0.046720, 0.000000
0.046724, 0.046724, -0.000000
0.046725, 0.046724, -0.000000
0.046725, 0.046725, 0.000000
0.046725, 0.046725, 0.000000
0.046729, 0.046729, 0.000000
0.046729, 0.046729, 0.000000
0.046729, 0.046729, -0.000000
0.046729, 0.046730, 0.000000
0.046729, 0.046730, 0.000000
0.046730, 0.046730, 0.000000
0.046730, 0.046729, -0.000000
0.046730, 0.046730, 0.000000
0.046724, 0.046725, 0.000000
0.046725, 0.046725, 0.000000
0.046726, 0.046725, -0.000000
0.046726, 0.046726, -0.000000
0.046735, 0.046735, 0.000000
0.046735, 0.046735, -0.000000
0.046735, 0.046736, 0.000000
0.046736, 0.046735, -0.000000
0.046736, 0.046736, -0.000000
0.046737, 0.046737, 0.000000
0.046737, 0.046737, -0.000000
0.046737, 0.046737, -0.000000
0.046734, 0.046734, 0.000000
0.046737, 0.046737, 0.000000
0.046741, 0.046741, -0.000000
0.046746, 0.046746, 0.000000
0.046737, 0.046737, -0.000000
0.046737, 0.046737, -0.000000
0.046737, 0.046738, 0.000000
0.046737, 0.046737, 0.000000
0.046734, 0.046734, 0.000000
0.046734, 0.046733, -0.000000
0.046734, 0.046733, -0.000000
0.046733, 0.046733, -0.000000
0.046738, 0.046738, -0.000000
0.046738, 0.046737, -0.000000
0.046738, 0.046738, 0.000000
0.046738, 0.046738, 0.000000
0.046737, 0.046738, 0.000000
0.046737, 0.046738, 0.000000
0.046737, 0.046738, 0.000000
0.046737, 0.046737, 0.000000
0.046738, 0.046738, 0.000000
0.046738, 0.046738, -0.000000
0.046738, 0.046738, -0.000000
0.046738, 0.046738, -0.000000
0.046738, 0.046738, -0.000000
0.046738, 0.046737, -0.000000
0.046738, 0.046737, -0.000000
0.046738, 0.046738, 0.000000
0.046731, 0.046732, 0.000000
0.046731, 0.046731, 0.000000
0.046731, 0.046730, -0.000000
0.046730, 0.046730, -0.000000
0.046738, 0.046738, 0.000000
0.046739, 0.046738, -0.000000
0.046739, 0.046740, 0.000000
0.046740, 0.046740, -0.000000
0.046786, 0.046786, -0.000000
0.046788, 0.046788, 0.000000
0.046791, 0.046791, 0.000000
0.046793, 0.046793, -0.000000
0.046797, 0.046796, -0.000000
0.046799, 0.046799, -0.000000
0.046802, 0.046801, -0.000000
0.046804, 0.046804, 0.000000
0.046817, 0.046817, -0.000000
0.046818, 0.046819, 0.000000
0.046819, 0.046819, -0.000000
0.046820, 0.046820, -0.000000
0.046835, 0.046835, -0.000000
0.046837, 0.046836, -0.000000
0.046838, 0.046838, 0.000000
0.046840, 0.046840, 0.000000
0.046794, 0.046794, -0.000000
0.046796, 0.046796, 0.000000
0.046797, 0.046797, 0.000000
0.046799, 0.046800, 0.000000
0.046740, 0.046740, 0.000000
0.046740, 0.046740, -0.000000
0.046742, 0.046742, 0.000000
0.046742, 0.046742, 0.000000
0.046782, 0.046781, -0.000000
0.046787, 0.046787, -0.000000
0.046792, 0.046792, -0.000000
0.046798, 0.046798, -0.000000
0.046753, 0.046753, -0.000000
0.046755, 0.046755, -0.000000
0.046757, 0.046756, -0.000000
0.046760, 0.046760, 0.000000
0.046781, 0.046781, -0.000000
0.046782, 0.046783, 0.000000
0.046785, 0.046785, 0.000000
0.046786, 0.046786, 0.000000
0.046739, 0.046739, -0.000000
0.046739, 0.046739, -0.000000
0.046739, 0.046739, -0.000000
0.046739, 0.046738, -0.000000
0.046739, 0.046739, -0.000000
0.046739, 0.046739, -0.000000
0.046739, 0.046740, 0.000000
0.046739, 0.046740, 0.000000
0.046739, 0.046739, 0.000000
0.046739, 0.046739, -0.000000
0.046739, 0.046739, -0.000000
0.046739, 0.046739, -0.000000
0.046739, 0.046739, -0.000000
0.046739, 0.046740, 0.000000
0.046739, 0.046739, 0.000000
0.046739, 0.046739, 0.000000
0.046739, 0.046739, -0.000000
0.046739, 0.046739, -0.000000
0.046739, 0.046739, -0.000000
0.046739, 0.046739, -0.000000
0.046739, 0.046740, 0.000000
0.046739, 0.046739, 0.000000
0.046739, 0.046739, 0.000000
0.046739, 0.046739, -0.000000
0.046739, 0.046739, -0.000000
0.046739, 0.046739, -0.000000
0.046739, 0.046740, 0.000000
0.046739, 0.046739, 0.000000
0.046739, 0.046739, -0.000000
0.046739, 0.046739, -0.000000
0.046739, 0.046739, -0.000000
0.046739, 0.046740, 0.000000
0.046739, 0.046740, 0.000000
0.046739, 0.046739, 0.000000
0.046739, 0.046739, -0.000000
0.046739, 0.046739, -0.000000
0.046740, 0.046740, 0.000000
0.046740, 0.046740, 0.000000
0.046740, 0.046740, 0.000000
0.046740, 0.046739, -0.000000
0.046739, 0.046739, -0.000000
0.046739, 0.046739, -0.000000
0.046739, 0.046739, -0.000000
0.046739, 0.046740, 0.000000
0.046739, 0.046740, 0.000000
0.046739, 0.046739, 0.000000
0.046739, 0.046739, 0.000000
0.046739, 0.046739, -0.000000
0.046739, 0.046739, -0.000000
0.046739, 0.046739, -0.000000
0.046739, 0.046740, 0.000000
0.046739, 0.046740, 0.000000
0.046739, 0.046739, 0.000000
0.046739, 0.046739, 0.000000
0.046739, 0.046739, -0.000000
0.046739, 0.046739, -0.000000
0.046738, 0.046738, -0.000000
0.046738, 0.046739, 0.000000
0.046738, 0.046738, 0.000000
0.046738, 0.046738, 0.000000
0.046739, 0.046739, 0.000000
0.046739, 0.046739, -0.000000
0.046739, 0.046739, -0.000000
0.046739, 0.046739, -0.000000
0.046739, 0.046739, 0.000000
0.046739, 0.046739, -0.000000
0.046739, 0.046739, -0.000000
0.046739, 0.046739, -0.000000
0.046740, 0.046741, 0.000000
0.046740, 0.046741, 0.000000
0.046740, 0.046740, 0.000000
0.046740, 0.046740, 0.000000
0.046731, 0.046731, 0.000000
0.046732, 0.046732, -0.000000
0.046732, 0.046731, -0.000000
0.046732, 0.046732, 0.000000
0.046738, 0.046739, 0.000000
0.046738, 0.046738, 0.000000
0.046738, 0.046738, -0.000000
0.046739, 0.046739, 0.000000
0.046731, 0.046732, 0.000000
0.046731, 0.046731, -0.000000
0.046732, 0.046732, 0.000000
0.046732, 0.046732, -0.000000
0.046771, 0.046771, -0.000000
0.046773, 0.046773, 0.000000
0.046776, 0.046776, 0.000000
0.046778, 0.046778, 0.000000
0.046764, 0.046764, 0.000000
0.046766, 0.046766, -0.000000
0.046769, 0.046769, -0.000000
0.046771, 0.046771, 0.000000
0.046737, 0.046737, 0.000000
0.046739, 0.046739, -0.000000
0.046742, 0.046741, -0.000000
0.046744, 0.046744, 0.000000
0.046745, 0.046745, -0.000000
0.046746, 0.046746, -0.000000
0.046747, 0.046746, -0.000000
0.046748, 0.046747, -0.000000
0.046738, 0.046739, 0.000000
0.046738, 0.046739, 0.000000
0.046738, 0.046738, 0.000000
0.046738, 0.046738, -0.000000
0.046738, 0.046738, -0.000000
0.046738, 0.046738, -0.000000
0.046738, 0.046739, 0.000000
0.046738, 0.046739, 0.000000
0.046737, 0.046737, 0.000000
0.046737, 0.046737, 0.000000
0.046737, 0.046737, 0.000000
0.046737, 0.046736, -0.000000
0.046737, 0.046737, -0.000000
0.046737, 0.046737, 0.000000
0.046736, 0.046737, 0.000000
0.046736, 0.046736, 0.000000
0.046739, 0.046738, -0.000000
0.046738, 0.046738, -0.000000
0.046738, 0.046739, 0.000000
0.046738, 0.046739, 0.000000
0.046739, 0.046738, -0.000000
0.046738, 0.046738, -0.000000
0.046738, 0.046738, -0.000000
0.046738, 0.046738, -0.000000
0.046736, 0.046736, -0.000000
0.046736, 0.046736, 0.000000
0.046735, 0.046735, -0.000000
0.046734, 0.046735, 0.000000
0.046729, 0.046729, -0.000000
0.046729, 0.046729, -0.000000
0.046728, 0.046729, 0.000000
0.046727, 0.046728, 0.000000
0.046719, 0.046719, 0.000000
0.046722, 0.046723, 0.000000
0.046725, 0.046725, -0.000000
0.046728, 0.046728, -0.000000
0.046730, 0.046730, -0.000000
0.046731, 0.046730, -0.000000
0.046731, 0.046731, 0.000000
0.046732, 0.046732, 0.000000
0.046735, 0.046735, 0.000000
0.046735, 0.046734, -0.000000
0.046735, 0.046735, -0.000000
0.046735, 0.046735, -0.000000
0.046736, 0.046736, 0.000000
0.046736, 0.046736, -0.000000
0.046736, 0.046736, -0.000000
0.046736, 0.046736, 0.000000
0.046736, 0.046736, 0.000000
0.046736, 0.046736, 0.000000
0.046736, 0.046736, 0.000000
0.046735, 0.046736, 0.000000
0.046736, 0.046736, 0.000000
0.046735, 0.046735, -0.000000
0.046735, 0.046735, -0.000000
0.046735, 0.046735, 0.000000
0.046738, 0.046738, 0.000000
0.046738, 0.046738, -0.000000
0.046738, 0.046737, -0.000000
0.046738, 0.046738, 0.000000
0.046743, 0.046744, 0.000000
0.046738, 0.046739, 0.000000
0.046735, 0.046735, -0.000000
0.046734, 0.046734, 0.000000
0.046766, 0.046766, -0.000000
0.046762, 0.046761, -0.000000
0.046758, 0.046758, 0.000000
0.046755, 0.046755, -0.000000
0.046771, 0.046771, -0.000000
0.046769, 0.046769, 0.000000
0.046766, 0.046766, -0.000000
0.046764, 0.046764, -0.000000
0.046738, 0.046738, 0.000000
0.046738, 0.046738, -0.000000
0.046738, 0.046739, 0.000000
0.046739, 0.046739, 0.000000
0.046738, 0.046738, -0.000000
0.046738, 0.046738, 0.000000
0.046738, 0.046738, -0.000000
0.046738, 0.046738, -0.000000
0.046738, 0.046739, 0.000000
0.046739, 0.046739, -0.000000
0.046739, 0.046739, 0.000000
0.046739, 0.046739, -0.000000
0.046738, 0.046738, -0.000000
0.046738, 0.046738, -0.000000
0.046739, 0.046739, 0.000000
0.046739, 0.046739, 0.000000
0.046739, 0.046739, 0.000000
0.046739, 0.046739, 0.000000
0.046739, 0.046739, -0.000000
0.046739, 0.046739, -0.000000
0.046739, 0.046740, 0.000000
0.046739, 0.046740, 0.000000
0.046739, 0.046739, 0.000000
0.046739, 0.046739, 0.000000
totaldiff=0.0001854151, sz=780, average absolute error value:0.0000002377
totaldiff=0.0039662463, sz=780, average relative error rate:0.0000050849
