cfgFile=sz.config
[SZ] Reading SZ configuration file (sz.config) ...
3903
4630
3135
4623
6407
6441
4096
4546
3739
5087
3202
3274
3647
5663
3499
4090
4077
4322
4479
4136
3063
4761
4141
3948
3889
3549
4463
4323
3950
4745
3421
5943
1870
3667
6599
2152
5412
3276
3144
4900
4364
3846
4823
4302
2488
4854
4566
3317
4524
4795
2613
5572
3615
2762
5189
4097
4096
4096
4095
4097
4095
4096
4097
4096
4095
4106
4089
4082
4108
4096
4095
4104
4091
4090
4099
4099
4088
4102
4099
4095
4090
4096
4102
4092
4101
4090
4107
4086
4098
4096
5884
1473
7457
6630
2569
6082
2484
3012
2916
5630
6425
5561
5634
5828
5967
4028
4660
5230
2062
3578
5305
4017
4035
4285
3928
4077
4304
3819
4258
4082
4103
4079
4113
4087
4092
4098
4114
4088
4102
4082
4097
4435
3562
4391
3391
5011
4940
3345
2967
5225
2888
5052
3612
5083
3319
6124
224
5802
4217
6458
6558
2544
6356
2545
3190
6038
4509
3243
2608
6167
2510
5208
3992
3671
3021
5829
3240
4632
4372
3955
3156
4733
4505
3760
3805
4330
4135
4210
3784
3901
4649
4056
3816
3993
4770
3661
3907
4053
4228
4501
3645
4600
3603
4103
3744
4793
3981
3674
4610
3268
4755
4321
3591
4694
3615
3958
4507
4003
4011
4158
4378
3064
5332
3511
4169
4265
3238
5580
2495
5255
3926
3556
4349
4763
3419
4116
4116
4122
4057
4074
4367
4123
3312
5080
3476
4447
4735
3676
2911
4402
4878
3886
5045
2113
4922
4477
3505
5035
4252
2817
4117
5135
3463
4863
2800
4442
5342
2575
5243
3512
3972
4166
4225
3517
4928
4384
3482
2947
6466
1978
6196
2035
4747
4342
3433
5253
2625
6263
2991
2792
6446
2644
4900
3336
3903
5335
2346
5456
3620
4586
3402
4778
3735
4070
5987
73
6422
3514
4055
5211
3754
3120
4080
4914
4323
3723
3580
3927
5776
3249
4182
3851
4290
3671
3606
4868
3342
5244
3942
3715
4468
2860
5293
4600
2934
3705
6115
2592
4182
4159
4233
4104
4533
2120
6337
3804
3521
3731
4756
4119
4413
3142
4319
4609
4098
3496
3869
5463
3392
3244
5127
3736
4142
4990
4255
2624
5087
3926
3203
4843
5789
916
7032
2670
3593
4886
2921
6269
3237
3963
3177
4402
5512
2675
4052
5056
2963
4625
3839
4955
3928
3375
4566
3773
4645
4099
3060
5050
4123
3475
3843
4931
4207
3736
5524
1264
4772
5423
3524
5024
2391
4474
4709
3882
4337
3666
4371
3762
4657
3653
4462
4291
3192
4276
4313
4035
4421
3390
5595
3250
3351
4978
3240
4824
3972
4130
4509
3746
3472
4973
3815
2927
6078
2504
3188
4193
4065
4788
3302
4278
4548
3659
4250
4496
3313
4730
4431
3418
4172
3647
4280
5107
3426
3124
5766
2621
5070
4621
2941
4408
4149
4281
4285
5538
1237
6071
5660
7960
2895
4191
5253
4661
657
7225
2090
4981
3997
4742
3287
4475
4234
3551
4726
4052
3378
4755
4361
3685
3344
5014
3878
4173
3985
5733
899
5709
4451
3733
3645
4843
3869
3915
4445
3567
4454
4101
4495
3090
4258
4359
4760
3463
4113
6243
6399
4229
3340
4421
5042
2365
4242
5266
3430
3896
4566
3640
5314
2583
5351
3831
3326
4716
3127
5892
3355
4201
2868
4765
4327
4072
4131
5266
1723
5019
4413
4054
3972
5687
1026
5732
4052
4103
4040
3995
6259
6006
4174
5239
2902
3632
4618
4078
3819
4287
4768
3930
3424
5052
3000
4149
5061
3891
3599
4002
4217
4234
4098
4095
3912
3634
6016
2415
4500
4181
4008
3777
4728
3074
5682
3018
4102
4292
4186
3981
4176
3471
4594
4762
2913
4929
4774
3274
3275
4729
4165
3688
5631
2577
4411
4026
4425
3797
4333
4028
3631
4669
4240
3786
4503
3336
4446
4333
4193
3274
4609
4023
4263
3947
4184
4007
5600
1760
4345
4873
3826
4204
4162
4029
4059
4474
3705
4292
3705
4421
3991
3791
4812
3453
4764
3893
3645
4362
4105
4077
4129
4073
4103
4088
4102
4102
4086
4322
3520
4588
3959
4090
4107
4088
4098
4089
4273
3768
4247
4097
4102
4096
4096
4096
4098
4092
4098
4352
3723
4080
4228
4221
5116
1777
5183
4661
3272
4473
4011
4221
3821
4411
3564
4980
3724
3901
4255
3941
4177
4092
3897
4646
3624
3978
4683
3861
3937
4296
3903
4176
4052
4059
4237
3943
4194
3911
4353
4056
4030
4056
4148
4102
4087
4102
4094
4088
4103
4099
4103
4073
4109
4102
4088
4101
4096
4087
4098
4100
4104
4080
4104
4096
4098
4092
4100
4092
4098
4101
4089
4096
4097
4097
4096
4105
4083
4110
4071
4131
4069
4105
4085
4099
4102
4096
4115
4064
4107
4099
4095
4088
4109
4097
4085
4102
4096
4096
4089
4102
4108
4083
4097
4093
4097
4100
4086
4121
4071
4102
4101
4093
4096
4093
4097
4100
4098
4088
4099
4100
4092
4098
4096
4095
4096
4096
4095
4098
4094
4098
4095
4095
4088
4105
4105
4084
4093
4101
4099
4104
4076
4106
4095
4106
4083
4099
4095
4098
4098
4094
4094
4101
4096
4091
4096
4099
4095
4103
4072
4110
4097
4117
4074
4093
4105
4092
4098
4092
4099
4096
4104
4081
4102
4097
4096
4096
4099
4091
4099
4094
4096
4101
4088
4099
4101
4090
4097
4102
4093
4088
4109
4087
4097
4092
4102
4098
4099
4090
4095
4096
4099
4093
4097
4098
4094
4095
4097
4096
4093
4098
4097
4096
4095
4101
4092
4096
4098
4093
4095
4097
4098
4093
4096
4105
4083
4102
4096
4097
4097
4096
4094
4091
4100
4097
4090
4113
4077
4104
4094
4100
4092
4107
4084
4097
4102
4092
4094
4097
4099
4098
4087
4098
4105
4089
4099
4092
4098
4089
4109
4100
4071
4112
4101
4086
4100
timecost, 0.004265, seconds
done
7768
3490
sz compression ratio, 2.23 
timecost, 0.000117, second
done
Max absolute error = 0
Max relative error = 0
Max pw_relative err = 0
./inputdata/full/yf17_t_pi.dat, ./inputdata/full/yf17_t_pi.dat.sz.out, 971
size of double: 8
304.968872, 304.968872, 0.000000
304.818268, 304.818268, 0.000000
303.530426, 303.530426, 0.000000
305.380859, 305.380859, 0.000000
301.591492, 301.591492, 0.000000
300.895630, 300.895630, 0.000000
313.740173, 313.740173, 0.000000
300.002747, 300.002747, 0.000000
300.002594, 300.002594, 0.000000
300.003571, 300.003571, 0.000000
302.641998, 302.641998, 0.000000
303.190979, 303.190979, 0.000000
309.547485, 309.547485, 0.000000
310.662567, 310.662567, 0.000000
306.960236, 306.960236, 0.000000
300.624939, 300.624939, 0.000000
303.473724, 303.473724, 0.000000
302.829132, 302.829132, 0.000000
302.143188, 302.143188, 0.000000
301.349335, 301.349335, 0.000000
301.876282, 301.876282, 0.000000
304.651947, 304.651947, 0.000000
307.657257, 307.657257, 0.000000
304.615631, 304.615631, 0.000000
305.468750, 305.468750, 0.000000
306.581940, 306.581940, 0.000000
306.827698, 306.827698, 0.000000
305.862762, 305.862762, 0.000000
301.693939, 301.693939, 0.000000
299.675873, 299.675873, 0.000000
298.986938, 298.986938, 0.000000
297.441864, 297.441864, 0.000000
299.696320, 299.696320, 0.000000
297.999664, 297.999664, 0.000000
307.128113, 307.128113, 0.000000
303.208344, 303.208344, 0.000000
296.779877, 296.779877, 0.000000
305.009125, 305.009125, 0.000000
301.854736, 301.854736, 0.000000
306.411041, 306.411041, 0.000000
306.160248, 306.160248, 0.000000
300.332733, 300.332733, 0.000000
299.215576, 299.215576, 0.000000
299.666779, 299.666779, 0.000000
298.654022, 298.654022, 0.000000
301.902130, 301.902130, 0.000000
306.358429, 306.358429, 0.000000
301.390686, 301.390686, 0.000000
300.867493, 300.867493, 0.000000
303.092834, 303.092834, 0.000000
300.759674, 300.759674, 0.000000
300.930084, 300.930084, 0.000000
305.198395, 305.198395, 0.000000
300.775635, 300.775635, 0.000000
305.004730, 305.004730, 0.000000
306.414368, 306.414368, 0.000000
300.002625, 300.002625, 0.000000
300.002625, 300.002625, 0.000000
300.002106, 300.002106, 0.000000
300.002014, 300.002014, 0.000000
300.002960, 300.002960, 0.000000
300.002716, 300.002716, 0.000000
300.002380, 300.002380, 0.000000
299.997406, 299.997406, 0.000000
299.997375, 299.997375, 0.000000
299.997955, 299.997955, 0.000000
299.997620, 299.997620, 0.000000
299.998871, 299.998871, 0.000000
300.049805, 300.049805, 0.000000
300.066193, 300.066193, 0.000000
299.998535, 299.998535, 0.000000
299.997772, 299.997772, 0.000000
299.997864, 299.997864, 0.000000
299.997375, 299.997375, 0.000000
300.040924, 300.040924, 0.000000
300.053711, 300.053711, 0.000000
300.028809, 300.028809, 0.000000
300.024719, 300.024719, 0.000000
300.038788, 300.038788, 0.000000
300.007660, 300.007660, 0.000000
300.010712, 300.010712, 0.000000
300.028320, 300.028320, 0.000000
300.044220, 300.044220, 0.000000
300.020752, 300.020752, 0.000000
299.997711, 299.997711, 0.000000
300.015350, 300.015350, 0.000000
300.001648, 300.001648, 0.000000
300.023651, 300.023651, 0.000000
300.008331, 300.008331, 0.000000
300.053925, 300.053925, 0.000000
300.047302, 300.047302, 0.000000
300.047791, 300.047791, 0.000000
300.051636, 300.051636, 0.000000
310.531281, 310.531281, 0.000000
305.638153, 305.638153, 0.000000
320.439911, 320.439911, 0.000000
307.658173, 307.658173, 0.000000
309.718170, 309.718170, 0.000000
302.831604, 302.831604, 0.000000
307.586212, 307.586212, 0.000000
302.893219, 302.893219, 0.000000
326.715881, 326.715881, 0.000000
304.680389, 304.680389, 0.000000
309.919647, 309.919647, 0.000000
308.803528, 308.803528, 0.000000
300.774750, 300.774750, 0.000000
301.737701, 301.737701, 0.000000
316.344635, 316.344635, 0.000000
301.761292, 301.761292, 0.000000
322.265137, 322.265137, 0.000000
307.406433, 307.406433, 0.000000
301.130981, 301.130981, 0.000000
303.872467, 303.872467, 0.000000
316.759125, 316.759125, 0.000000
304.447083, 304.447083, 0.000000
303.097687, 303.097687, 0.000000
301.348602, 301.348602, 0.000000
302.903412, 302.903412, 0.000000
311.104004, 311.104004, 0.000000
307.385803, 307.385803, 0.000000
300.637756, 300.637756, 0.000000
300.968262, 300.968262, 0.000000
300.835846, 300.835846, 0.000000
300.350281, 300.350281, 0.000000
300.970276, 300.970276, 0.000000
300.603058, 300.603058, 0.000000
300.126312, 300.126312, 0.000000
300.869263, 300.869263, 0.000000
299.990875, 299.990875, 0.000000
300.054321, 300.054321, 0.000000
300.045746, 300.045746, 0.000000
300.070740, 300.070740, 0.000000
299.998444, 299.998444, 0.000000
300.026367, 300.026367, 0.000000
300.000336, 300.000336, 0.000000
299.951385, 299.951385, 0.000000
299.915588, 299.915588, 0.000000
299.984283, 299.984283, 0.000000
300.001556, 300.001556, 0.000000
300.063202, 300.063202, 0.000000
300.032898, 300.032898, 0.000000
300.016388, 300.016388, 0.000000
301.980682, 301.980682, 0.000000
300.821472, 300.821472, 0.000000
301.384186, 301.384186, 0.000000
297.823822, 297.823822, 0.000000
299.618683, 299.618683, 0.000000
306.362305, 306.362305, 0.000000
308.705597, 308.705597, 0.000000
304.428558, 304.428558, 0.000000
306.771515, 306.771515, 0.000000
302.032684, 302.032684, 0.000000
302.901917, 302.901917, 0.000000
300.930298, 300.930298, 0.000000
304.739777, 304.739777, 0.000000
303.999786, 303.999786, 0.000000
315.147247, 315.147247, 0.000000
303.601471, 303.601471, 0.000000
302.049957, 302.049957, 0.000000
301.209045, 301.209045, 0.000000
314.212097, 314.212097, 0.000000
302.670898, 302.670898, 0.000000
305.557343, 305.557343, 0.000000
299.345367, 299.345367, 0.000000
306.379669, 306.379669, 0.000000
304.322083, 304.322083, 0.000000
296.959320, 296.959320, 0.000000
300.977539, 300.977539, 0.000000
307.414551, 307.414551, 0.000000
308.850739, 308.850739, 0.000000
301.568176, 301.568176, 0.000000
306.422577, 306.422577, 0.000000
301.981598, 301.981598, 0.000000
304.055725, 304.055725, 0.000000
305.527710, 305.527710, 0.000000
304.503418, 304.503418, 0.000000
297.177795, 297.177795, 0.000000
300.013367, 300.013367, 0.000000
297.828735, 297.828735, 0.000000
298.784882, 298.784882, 0.000000
301.361816, 301.361816, 0.000000
303.106415, 303.106415, 0.000000
299.347687, 299.347687, 0.000000
299.322784, 299.322784, 0.000000
301.688232, 301.688232, 0.000000
302.090790, 302.090790, 0.000000
300.787018, 300.787018, 0.000000
300.854095, 300.854095, 0.000000
301.147919, 301.147919, 0.000000
302.109863, 302.109863, 0.000000
301.245911, 301.245911, 0.000000
299.238007, 299.238007, 0.000000
300.469818, 300.469818, 0.000000
301.467072, 301.467072, 0.000000
300.823853, 300.823853, 0.000000
299.576813, 299.576813, 0.000000
302.279907, 302.279907, 0.000000
302.436035, 302.436035, 0.000000
301.484467, 301.484467, 0.000000
300.279327, 300.279327, 0.000000
299.843719, 299.843719, 0.000000
301.786682, 301.786682, 0.000000
301.084351, 301.084351, 0.000000
303.339447, 303.339447, 0.000000
302.702179, 302.702179, 0.000000
302.103027, 302.103027, 0.000000
299.449677, 299.449677, 0.000000
300.873657, 300.873657, 0.000000
301.627136, 301.627136, 0.000000
299.904755, 299.904755, 0.000000
301.195862, 301.195862, 0.000000
297.637451, 297.637451, 0.000000
297.933105, 297.933105, 0.000000
299.556244, 299.556244, 0.000000
298.214142, 298.214142, 0.000000
300.377594, 300.377594, 0.000000
299.725220, 299.725220, 0.000000
298.262268, 298.262268, 0.000000
299.204437, 299.204437, 0.000000
299.605652, 299.605652, 0.000000
299.507446, 299.507446, 0.000000
299.773407, 299.773407, 0.000000
301.691742, 301.691742, 0.000000
297.563354, 297.563354, 0.000000
300.678345, 300.678345, 0.000000
300.362305, 300.362305, 0.000000
300.477844, 300.477844, 0.000000
301.580231, 301.580231, 0.000000
297.654175, 297.654175, 0.000000
302.428497, 302.428497, 0.000000
297.816010, 297.816010, 0.000000
300.002716, 300.002716, 0.000000
301.186035, 301.186035, 0.000000
299.205505, 299.205505, 0.000000
298.710480, 298.710480, 0.000000
302.120148, 302.120148, 0.000000
301.568695, 301.568695, 0.000000
301.130951, 301.130951, 0.000000
300.811646, 300.811646, 0.000000
300.641022, 300.641022, 0.000000
300.246765, 300.246765, 0.000000
299.720703, 299.720703, 0.000000
300.784821, 300.784821, 0.000000
302.001770, 302.001770, 0.000000
298.632477, 298.632477, 0.000000
301.023224, 301.023224, 0.000000
299.782104, 299.782104, 0.000000
300.597504, 300.597504, 0.000000
305.161102, 305.161102, 0.000000
307.262482, 307.262482, 0.000000
302.418823, 302.418823, 0.000000
299.362549, 299.362549, 0.000000
300.898834, 300.898834, 0.000000
301.198486, 301.198486, 0.000000
307.057648, 307.057648, 0.000000
301.302856, 301.302856, 0.000000
300.380219, 300.380219, 0.000000
301.697388, 301.697388, 0.000000
299.547852, 299.547852, 0.000000
302.903778, 302.903778, 0.000000
307.168610, 307.168610, 0.000000
303.943970, 303.943970, 0.000000
300.842682, 300.842682, 0.000000
303.821747, 303.821747, 0.000000
303.099304, 303.099304, 0.000000
306.867950, 306.867950, 0.000000
303.042419, 303.042419, 0.000000
301.246948, 301.246948, 0.000000
306.749695, 306.749695, 0.000000
303.343048, 303.343048, 0.000000
306.654755, 306.654755, 0.000000
306.545990, 306.545990, 0.000000
305.708374, 305.708374, 0.000000
305.283356, 305.283356, 0.000000
305.616791, 305.616791, 0.000000
302.553223, 302.553223, 0.000000
304.365936, 304.365936, 0.000000
307.864502, 307.864502, 0.000000
307.766327, 307.766327, 0.000000
300.935028, 300.935028, 0.000000
307.993164, 307.993164, 0.000000
302.643280, 302.643280, 0.000000
309.593811, 309.593811, 0.000000
304.469269, 304.469269, 0.000000
303.154175, 303.154175, 0.000000
303.285797, 303.285797, 0.000000
299.533691, 299.533691, 0.000000
302.560791, 302.560791, 0.000000
296.964935, 296.964935, 0.000000
304.066742, 304.066742, 0.000000
304.695312, 304.695312, 0.000000
297.687622, 297.687622, 0.000000
304.443024, 304.443024, 0.000000
302.693451, 302.693451, 0.000000
305.653198, 305.653198, 0.000000
304.159607, 304.159607, 0.000000
301.538055, 301.538055, 0.000000
306.178223, 306.178223, 0.000000
300.557556, 300.557556, 0.000000
302.908875, 302.908875, 0.000000
302.475128, 302.475128, 0.000000
304.908997, 304.908997, 0.000000
303.275513, 303.275513, 0.000000
305.635895, 305.635895, 0.000000
305.886322, 305.886322, 0.000000
305.981750, 305.981750, 0.000000
317.158661, 317.158661, 0.000000
304.761078, 304.761078, 0.000000
305.993073, 305.993073, 0.000000
303.815460, 303.815460, 0.000000
301.394745, 301.394745, 0.000000
305.513336, 305.513336, 0.000000
307.622955, 307.622955, 0.000000
304.017639, 304.017639, 0.000000
300.316284, 300.316284, 0.000000
301.405243, 301.405243, 0.000000
303.830261, 303.830261, 0.000000
304.066772, 304.066772, 0.000000
301.274750, 301.274750, 0.000000
297.499390, 297.499390, 0.000000
303.567383, 303.567383, 0.000000
304.670349, 304.670349, 0.000000
306.274414, 306.274414, 0.000000
306.447174, 306.447174, 0.000000
307.756348, 307.756348, 0.000000
306.578888, 306.578888, 0.000000
302.522064, 302.522064, 0.000000
302.992462, 302.992462, 0.000000
299.046692, 299.046692, 0.000000
301.823395, 301.823395, 0.000000
303.701080, 303.701080, 0.000000
303.347961, 303.347961, 0.000000
305.173096, 305.173096, 0.000000
299.752808, 299.752808, 0.000000
301.351715, 301.351715, 0.000000
305.899109, 305.899109, 0.000000
303.641174, 303.641174, 0.000000
299.090515, 299.090515, 0.000000
306.367218, 306.367218, 0.000000
304.835541, 304.835541, 0.000000
303.802948, 303.802948, 0.000000
303.141968, 303.141968, 0.000000
303.286682, 303.286682, 0.000000
303.473724, 303.473724, 0.000000
306.225677, 306.225677, 0.000000
297.398102, 297.398102, 0.000000
301.699341, 301.699341, 0.000000
304.293427, 304.293427, 0.000000
303.517883, 303.517883, 0.000000
300.598114, 300.598114, 0.000000
301.548492, 301.548492, 0.000000
302.634277, 302.634277, 0.000000
305.579803, 305.579803, 0.000000
302.935425, 302.935425, 0.000000
301.593018, 301.593018, 0.000000
303.258453, 303.258453, 0.000000
304.936157, 304.936157, 0.000000
303.098938, 303.098938, 0.000000
299.934570, 299.934570, 0.000000
304.775085, 304.775085, 0.000000
305.490479, 305.490479, 0.000000
301.215424, 301.215424, 0.000000
302.981934, 302.981934, 0.000000
302.634583, 302.634583, 0.000000
302.564545, 302.564545, 0.000000
332.907196, 332.907196, 0.000000
301.076233, 301.076233, 0.000000
299.015228, 299.015228, 0.000000
302.191376, 302.191376, 0.000000
306.298615, 306.298615, 0.000000
301.781708, 301.781708, 0.000000
303.065887, 303.065887, 0.000000
303.361450, 303.361450, 0.000000
298.423431, 298.423431, 0.000000
297.857483, 297.857483, 0.000000
307.219055, 307.219055, 0.000000
297.939667, 297.939667, 0.000000
305.869690, 305.869690, 0.000000
305.440826, 305.440826, 0.000000
302.065063, 302.065063, 0.000000
303.317657, 303.317657, 0.000000
297.688934, 297.688934, 0.000000
304.789978, 304.789978, 0.000000
306.857361, 306.857361, 0.000000
308.147827, 308.147827, 0.000000
304.055115, 304.055115, 0.000000
301.749634, 301.749634, 0.000000
307.743500, 307.743500, 0.000000
305.409729, 305.409729, 0.000000
302.824615, 302.824615, 0.000000
305.857361, 305.857361, 0.000000
302.251923, 302.251923, 0.000000
301.748260, 301.748260, 0.000000
299.738922, 299.738922, 0.000000
302.764557, 302.764557, 0.000000
304.802795, 304.802795, 0.000000
302.616669, 302.616669, 0.000000
303.184570, 303.184570, 0.000000
301.861084, 301.861084, 0.000000
303.753845, 303.753845, 0.000000
305.661194, 305.661194, 0.000000
301.505920, 301.505920, 0.000000
302.931580, 302.931580, 0.000000
304.520721, 304.520721, 0.000000
302.469238, 302.469238, 0.000000
298.935486, 298.935486, 0.000000
300.298096, 300.298096, 0.000000
302.308655, 302.308655, 0.000000
302.207062, 302.207062, 0.000000
310.474609, 310.474609, 0.000000
302.150208, 302.150208, 0.000000
297.782684, 297.782684, 0.000000
301.192139, 301.192139, 0.000000
301.252960, 301.252960, 0.000000
306.745667, 306.745667, 0.000000
302.251617, 302.251617, 0.000000
299.977264, 299.977264, 0.000000
301.285767, 301.285767, 0.000000
301.345520, 301.345520, 0.000000
302.813751, 302.813751, 0.000000
301.769684, 301.769684, 0.000000
302.327759, 302.327759, 0.000000
300.934143, 300.934143, 0.000000
302.830811, 302.830811, 0.000000
302.123413, 302.123413, 0.000000
303.565430, 303.565430, 0.000000
306.148193, 306.148193, 0.000000
303.435272, 303.435272, 0.000000
301.781006, 301.781006, 0.000000
301.394989, 301.394989, 0.000000
300.649353, 300.649353, 0.000000
301.809235, 301.809235, 0.000000
298.833679, 298.833679, 0.000000
304.639923, 304.639923, 0.000000
305.487732, 305.487732, 0.000000
301.974731, 301.974731, 0.000000
303.623291, 303.623291, 0.000000
300.259491, 300.259491, 0.000000
301.165344, 301.165344, 0.000000
301.339233, 301.339233, 0.000000
301.716064, 301.716064, 0.000000
304.508209, 304.508209, 0.000000
305.253174, 305.253174, 0.000000
302.339661, 302.339661, 0.000000
304.566803, 304.566803, 0.000000
305.150116, 305.150116, 0.000000
298.879761, 298.879761, 0.000000
304.220459, 304.220459, 0.000000
300.239288, 300.239288, 0.000000
329.093689, 329.093689, 0.000000
301.960022, 301.960022, 0.000000
305.411896, 305.411896, 0.000000
303.540039, 303.540039, 0.000000
302.242859, 302.242859, 0.000000
300.760040, 300.760040, 0.000000
303.330078, 303.330078, 0.000000
301.249725, 301.249725, 0.000000
300.233856, 300.233856, 0.000000
301.871735, 301.871735, 0.000000
300.945435, 300.945435, 0.000000
300.922119, 300.922119, 0.000000
303.244934, 303.244934, 0.000000
300.974304, 300.974304, 0.000000
302.422211, 302.422211, 0.000000
305.832642, 305.832642, 0.000000
305.267670, 305.267670, 0.000000
305.153046, 305.153046, 0.000000
302.407135, 302.407135, 0.000000
300.732880, 300.732880, 0.000000
304.989746, 304.989746, 0.000000
305.314240, 305.314240, 0.000000
299.947968, 299.947968, 0.000000
304.365356, 304.365356, 0.000000
300.143219, 300.143219, 0.000000
301.626312, 301.626312, 0.000000
306.183716, 306.183716, 0.000000
303.973480, 303.973480, 0.000000
303.593689, 303.593689, 0.000000
303.522369, 303.522369, 0.000000
304.538300, 304.538300, 0.000000
330.404938, 330.404938, 0.000000
301.808960, 301.808960, 0.000000
301.193085, 301.193085, 0.000000
301.680664, 301.680664, 0.000000
310.622528, 310.622528, 0.000000
302.806641, 302.806641, 0.000000
306.571136, 306.571136, 0.000000
319.489471, 319.489471, 0.000000
301.262421, 301.262421, 0.000000
305.671875, 305.671875, 0.000000
303.042206, 303.042206, 0.000000
300.976654, 300.976654, 0.000000
305.685272, 305.685272, 0.000000
313.703735, 313.703735, 0.000000
301.571747, 301.571747, 0.000000
307.776001, 307.776001, 0.000000
302.222473, 302.222473, 0.000000
301.859436, 301.859436, 0.000000
300.912689, 300.912689, 0.000000
303.754578, 303.754578, 0.000000
totaldiff=0.0000000000, sz=971, average absolute error value:0.0000000000
totaldiff=0.0000000000, sz=971, average relative error rate:0.0000000000
