cfgFile=sz.config
[SZ] Reading SZ configuration file (sz.config) ...
4111
4078
4631
3658
4058
4040
3686
4642
3974
4008
3532
4715
4103
4188
3300
4793
4097
4095
5285
3034
4095
4084
6670
1783
4886
3111
4051
4538
2590
5739
4079
3555
4021
4329
3738
4130
2834
5416
4054
4275
4804
3130
4320
4155
3610
4310
5499
1889
5450
3903
3628
4423
5459
2534
4517
3569
3484
5019
3887
4457
4288
3620
4351
4318
3022
4800
4193
3922
4032
4244
4096
4096
4095
4097
4096
4096
4098
4093
4098
4095
4096
4100
4088
4100
4094
4098
4096
4096
4096
4096
4096
4096
4105
4088
4095
4095
4096
4097
4098
4092
4099
4096
4095
4096
6617
301
5911
2487
4792
4680
3505
4875
3158
4646
4063
4176
4025
4117
4039
4027
4518
3826
3819
4351
4043
4134
4101
4089
4103
4094
4096
4094
4720
2508
5643
3191
4564
4071
3970
3765
4220
4340
4563
4357
3125
4263
4287
3522
3884
5736
2463
5320
3683
3671
3524
6072
1915
5381
3836
5894
1992
3357
4056
7094
2231
3845
3206
5877
2420
6428
2059
5824
1617
6129
3028
4646
7282
8187
3518
4410
4747
4338
3615
3616
5105
3954
3788
4985
3033
3775
5126
2456
6253
2561
5212
3338
3601
6230
1332
5298
4846
3214
4044
4401
4338
3990
3553
4799
3460
4911
3634
4072
3690
4770
3842
4086
4207
3816
4252
3628
4620
3999
4166
4361
4166
3848
3447
4732
3683
4429
4067
5034
2811
4484
3538
4638
4020
4193
4031
4161
4772
3122
4483
4173
3487
4527
4073
4141
3930
4171
4171
4031
5453
1944
4603
4677
5160
1787
5224
3160
6540
2129
3069
5835
3332
4556
4846
2821
4305
4629
3423
4436
3793
4415
5054
3131
4774
3384
4280
2654
6188
3334
3966
4326
3810
4283
4199
3801
4516
3922
4022
4123
4921
2945
3867
4161
4807
3887
4576
3591
3927
4165
3314
6517
1686
5817
3253
3420
5883
1267
5757
4130
4180
4103
4345
3712
4228
4024
3738
5528
1653
6094
3464
4034
4266
4017
4171
3886
4652
3233
3949
5226
2705
5343
3659
4486
4220
3022
4877
3881
4057
4483
2636
6498
2326
4926
3715
2672
7102
1918
5468
2336
5177
4086
4186
4324
2963
4494
5184
3243
4368
4339
3638
3287
5766
3253
4257
3040
5573
4638
1885
5273
4064
4520
3531
4173
3797
4055
5109
3533
3701
4524
4190
3946
4686
3429
3703
4780
3947
4295
3770
3731
4729
3778
4072
4234
3486
4610
4436
3806
4718
2668
6180
2083
6063
2903
2754
5171
3738
4597
5221
2614
4419
4883
3143
4338
4124
4038
4570
3688
3926
4233
5904
888
4832
5737
3000
3811
4818
3402
4592
3894
4757
3186
4639
5579
1122
4421
6012
3125
3805
4602
3690
4952
3294
4065
4626
3778
4607
3485
4527
3574
3473
5297
3655
4548
3773
3682
5402
3092
7005
7411
3748
5491
3367
4078
4068
4291
3940
4063
4114
3932
4268
4065
4165
4143
4034
4021
4163
4327
3817
4242
3621
4650
3807
4338
3823
4092
4265
4002
4156
4327
3755
4341
4036
4668
3317
4209
4295
3243
4378
4485
4056
4115
4235
3830
4487
5230
2636
4541
3239
3299
5603
3881
3996
4483
3695
3616
4987
4738
2936
4338
3083
4968
4267
3316
6191
3028
3754
3978
4249
4617
2392
6394
2919
3371
4861
4109
4133
3731
5345
2978
4247
3921
4453
4118
3852
4743
2951
4639
3432
5445
3129
4406
4117
4308
3525
4435
4638
2778
5422
3580
4077
7004
6785
4329
3909
4245
4043
4114
4440
3748
4223
3943
3788
4424
4085
4199
4199
3909
4139
4035
4105
4049
4169
4219
3788
4653
3535
4501
3179
4384
4550
4087
4681
3498
4044
4127
3685
4456
4644
3960
3184
4587
4093
4147
4166
4421
3240
4475
4303
3992
4057
4128
4003
4447
3801
4083
3921
4270
4152
4050
4146
4076
4108
4035
4188
4070
4080
4091
4099
4098
4095
4096
4105
4085
4096
4099
4104
4090
4088
4105
4094
4103
4087
4090
4106
4098
4090
4325
3640
4332
4090
4087
4102
4098
4102
4086
4101
4092
3579
4700
4638
3399
4124
4225
3852
4252
4098
4094
4233
3979
3928
4137
4518
3263
4980
3911
3821
4188
4104
4066
4165
3984
4166
4473
3435
4352
4132
4072
3972
4235
4111
4085
4073
4114
4100
4092
4110
4086
4088
4103
4074
4116
4096
4096
4101
4092
4089
4111
4079
4104
4095
4098
4096
4095
4095
4097
4107
4083
4099
4095
4097
4089
4101
4095
4095
4099
4096
4096
4109
4085
4093
4096
4084
4109
4096
4096
4096
4096
4096
4096
4097
4095
4095
4097
4101
4092
4096
4094
4101
4090
4099
4094
4091
4102
4096
4097
4103
4086
4098
4097
4086
4105
4099
4095
4096
4093
4097
4097
4095
4096
4096
4095
4102
4091
4096
4095
4096
4097
4096
4096
4096
4096
4096
4096
4095
4097
4096
4095
4098
4095
4096
4096
4096
4096
4096
4096
4087
4105
4096
4096
4097
4094
4097
4096
4102
4081
4108
4103
4080
4101
4098
4094
4097
4097
4093
4098
4096
4096
4097
4095
4100
4090
4098
4095
4099
4095
4094
4098
4101
4084
4105
4092
4087
4107
4095
4096
4096
4096
4096
4096
4095
4098
4094
4096
4099
4094
4096
4096
4096
4096
4096
4096
4096
4096
4096
4096
4096
4096
4096
4096
4095
4097
4097
4096
4095
4096
4096
4096
4097
4095
4097
4095
4100
4092
4095
4096
4097
4096
4096
4094
4097
4100
4094
4087
4115
4085
4096
4096
4097
4095
4096
4096
4097
4096
4094
4096
4097
4095
4089
4113
4085
4097
4097
4096
4099
4095
4092
4099
4097
4094
4095
4097
4093
4097
4099
4095
4093
4100
4095
4096
4095
4097
4097
4095
4094
4097
4097
4096
4097
4092
4103
4084
4111
4089
4095
4098
4099
4092
4094
4098
4092
4096
4099
4097
4099
4102
4087
4087
4105
4103
4091
4088
4099
4103
4089
4107
timecost, 0.005003, seconds
done
7744
3376
sz compression ratio, 2.29 
timecost, 0.000084, second
done
Max absolute error = 0
Max relative error = 0
Max pw_relative err = 0
./inputdata/full/yf17_t_bi.dat, ./inputdata/full/yf17_t_bi.dat.sz.out, 968
size of double: 8
303.825684, 303.825684, 0.000000
303.933136, 303.933136, 0.000000
304.125122, 304.125122, 0.000000
304.216278, 304.216278, 0.000000
307.440186, 307.440186, 0.000000
308.099731, 308.099731, 0.000000
308.532867, 308.532867, 0.000000
308.640900, 308.640900, 0.000000
306.349030, 306.349030, 0.000000
307.249023, 307.249023, 0.000000
307.441559, 307.441559, 0.000000
307.114014, 307.114014, 0.000000
303.484741, 303.484741, 0.000000
303.481384, 303.481384, 0.000000
303.517365, 303.517365, 0.000000
304.091522, 304.091522, 0.000000
300.003754, 300.003754, 0.000000
300.002899, 300.002899, 0.000000
300.001465, 300.001465, 0.000000
300.002777, 300.002777, 0.000000
306.963806, 306.963806, 0.000000
307.702789, 307.702789, 0.000000
308.435883, 308.435883, 0.000000
309.102814, 309.102814, 0.000000
324.848022, 324.848022, 0.000000
327.042694, 327.042694, 0.000000
333.862305, 333.862305, 0.000000
334.914581, 334.914581, 0.000000
304.696503, 304.696503, 0.000000
304.918121, 304.918121, 0.000000
304.878540, 304.878540, 0.000000
307.424500, 307.424500, 0.000000
301.152283, 301.152283, 0.000000
304.504822, 304.504822, 0.000000
307.754578, 307.754578, 0.000000
307.838837, 307.838837, 0.000000
307.477570, 307.477570, 0.000000
308.484985, 308.484985, 0.000000
307.399261, 307.399261, 0.000000
306.504547, 306.504547, 0.000000
298.219269, 298.219269, 0.000000
297.671204, 297.671204, 0.000000
296.873474, 296.873474, 0.000000
297.125610, 297.125610, 0.000000
301.527527, 301.527527, 0.000000
300.264191, 300.264191, 0.000000
300.315460, 300.315460, 0.000000
300.718781, 300.718781, 0.000000
298.269348, 298.269348, 0.000000
297.069427, 297.069427, 0.000000
304.099426, 304.099426, 0.000000
298.191711, 298.191711, 0.000000
300.219360, 300.219360, 0.000000
301.116455, 301.116455, 0.000000
299.268127, 299.268127, 0.000000
299.340393, 299.340393, 0.000000
307.398468, 307.398468, 0.000000
306.302307, 306.302307, 0.000000
307.669006, 307.669006, 0.000000
305.956543, 305.956543, 0.000000
300.649628, 300.649628, 0.000000
300.757568, 300.757568, 0.000000
299.637604, 299.637604, 0.000000
300.634430, 300.634430, 0.000000
302.756348, 302.756348, 0.000000
302.085449, 302.085449, 0.000000
302.911591, 302.911591, 0.000000
305.042664, 305.042664, 0.000000
300.876984, 300.876984, 0.000000
300.835846, 300.835846, 0.000000
301.360443, 301.360443, 0.000000
300.867645, 300.867645, 0.000000
300.002838, 300.002838, 0.000000
300.002655, 300.002655, 0.000000
300.002991, 300.002991, 0.000000
300.002930, 300.002930, 0.000000
299.997559, 299.997559, 0.000000
299.997437, 299.997437, 0.000000
299.997498, 299.997498, 0.000000
299.997711, 299.997711, 0.000000
300.006348, 300.006348, 0.000000
300.004028, 300.004028, 0.000000
300.008881, 300.008881, 0.000000
300.010590, 300.010590, 0.000000
300.010132, 300.010132, 0.000000
300.030487, 300.030487, 0.000000
300.005493, 300.005493, 0.000000
300.007446, 300.007446, 0.000000
299.995697, 299.995697, 0.000000
299.995789, 299.995789, 0.000000
299.995758, 299.995758, 0.000000
299.995453, 299.995453, 0.000000
299.995422, 299.995422, 0.000000
299.995239, 299.995239, 0.000000
299.995728, 299.995728, 0.000000
299.995819, 299.995819, 0.000000
300.046906, 300.046906, 0.000000
300.054382, 300.054382, 0.000000
300.054077, 300.054077, 0.000000
300.047089, 300.047089, 0.000000
300.040527, 300.040527, 0.000000
300.040253, 300.040253, 0.000000
300.054382, 300.054382, 0.000000
300.040161, 300.040161, 0.000000
300.046997, 300.046997, 0.000000
300.052826, 300.052826, 0.000000
300.052429, 300.052429, 0.000000
300.052582, 300.052582, 0.000000
314.827942, 314.827942, 0.000000
307.358765, 307.358765, 0.000000
310.531281, 310.531281, 0.000000
304.274475, 304.274475, 0.000000
302.095734, 302.095734, 0.000000
303.333801, 303.333801, 0.000000
301.114105, 301.114105, 0.000000
303.460480, 303.460480, 0.000000
300.308716, 300.308716, 0.000000
300.376587, 300.376587, 0.000000
300.256836, 300.256836, 0.000000
300.596863, 300.596863, 0.000000
300.529449, 300.529449, 0.000000
300.580139, 300.580139, 0.000000
300.301331, 300.301331, 0.000000
299.617828, 299.617828, 0.000000
301.401642, 301.401642, 0.000000
301.607941, 301.607941, 0.000000
300.192047, 300.192047, 0.000000
300.268158, 300.268158, 0.000000
300.032898, 300.032898, 0.000000
300.021667, 300.021667, 0.000000
300.036041, 300.036041, 0.000000
300.016296, 300.016296, 0.000000
300.028992, 300.028992, 0.000000
300.035278, 300.035278, 0.000000
300.042816, 300.042816, 0.000000
300.038971, 300.038971, 0.000000
303.688538, 303.688538, 0.000000
298.035431, 298.035431, 0.000000
301.444397, 301.444397, 0.000000
299.552643, 299.552643, 0.000000
300.398102, 300.398102, 0.000000
301.101746, 301.101746, 0.000000
301.068176, 301.068176, 0.000000
299.091949, 299.091949, 0.000000
297.845825, 297.845825, 0.000000
298.028107, 298.028107, 0.000000
300.942444, 300.942444, 0.000000
305.393097, 305.393097, 0.000000
304.149597, 304.149597, 0.000000
303.883972, 303.883972, 0.000000
304.739716, 304.739716, 0.000000
302.234192, 302.234192, 0.000000
298.484406, 298.484406, 0.000000
304.342773, 304.342773, 0.000000
300.636139, 300.636139, 0.000000
304.098053, 304.098053, 0.000000
305.141785, 305.141785, 0.000000
303.690552, 303.690552, 0.000000
298.897156, 298.897156, 0.000000
305.674042, 305.674042, 0.000000
299.673218, 299.673218, 0.000000
301.205841, 301.205841, 0.000000
301.206604, 301.206604, 0.000000
311.748810, 311.748810, 0.000000
309.964142, 309.964142, 0.000000
303.846802, 303.846802, 0.000000
297.496460, 297.496460, 0.000000
308.708282, 308.708282, 0.000000
308.996857, 308.996857, 0.000000
307.813568, 307.813568, 0.000000
301.413971, 301.413971, 0.000000
305.452240, 305.452240, 0.000000
299.668335, 299.668335, 0.000000
307.551117, 307.551117, 0.000000
303.495789, 303.495789, 0.000000
309.567230, 309.567230, 0.000000
301.108856, 301.108856, 0.000000
304.564941, 304.564941, 0.000000
301.768494, 301.768494, 0.000000
302.187500, 302.187500, 0.000000
321.275177, 321.275177, 0.000000
299.117401, 299.117401, 0.000000
300.927673, 300.927673, 0.000000
299.349365, 299.349365, 0.000000
299.616547, 299.616547, 0.000000
334.664429, 334.664429, 0.000000
304.492645, 304.492645, 0.000000
301.215515, 301.215515, 0.000000
301.750214, 301.750214, 0.000000
303.707703, 303.707703, 0.000000
302.843323, 302.843323, 0.000000
299.168701, 299.168701, 0.000000
301.402710, 301.402710, 0.000000
302.806763, 302.806763, 0.000000
302.408844, 302.408844, 0.000000
307.215179, 307.215179, 0.000000
305.798920, 305.798920, 0.000000
302.497894, 302.497894, 0.000000
305.229065, 305.229065, 0.000000
298.356171, 298.356171, 0.000000
304.119293, 304.119293, 0.000000
300.888519, 300.888519, 0.000000
304.196381, 304.196381, 0.000000
303.066925, 303.066925, 0.000000
299.029633, 299.029633, 0.000000
307.499054, 307.499054, 0.000000
299.780243, 299.780243, 0.000000
299.096619, 299.096619, 0.000000
302.809601, 302.809601, 0.000000
301.350616, 301.350616, 0.000000
299.591187, 299.591187, 0.000000
299.623505, 299.623505, 0.000000
301.067108, 301.067108, 0.000000
301.888672, 301.888672, 0.000000
299.533203, 299.533203, 0.000000
301.294067, 301.294067, 0.000000
299.328613, 299.328613, 0.000000
302.142761, 302.142761, 0.000000
302.242493, 302.242493, 0.000000
302.204742, 302.204742, 0.000000
299.793365, 299.793365, 0.000000
301.322113, 301.322113, 0.000000
301.367035, 301.367035, 0.000000
301.355164, 301.355164, 0.000000
301.991333, 301.991333, 0.000000
300.989136, 300.989136, 0.000000
300.899536, 300.899536, 0.000000
298.067474, 298.067474, 0.000000
298.305023, 298.305023, 0.000000
297.972290, 297.972290, 0.000000
298.053497, 298.053497, 0.000000
299.686676, 299.686676, 0.000000
301.732697, 301.732697, 0.000000
302.322205, 302.322205, 0.000000
299.107727, 299.107727, 0.000000
299.618530, 299.618530, 0.000000
297.713257, 297.713257, 0.000000
297.759979, 297.759979, 0.000000
297.636047, 297.636047, 0.000000
303.005615, 303.005615, 0.000000
300.849396, 300.849396, 0.000000
300.964325, 300.964325, 0.000000
297.810547, 297.810547, 0.000000
297.827484, 297.827484, 0.000000
297.405243, 297.405243, 0.000000
297.550049, 297.550049, 0.000000
297.315918, 297.315918, 0.000000
297.461365, 297.461365, 0.000000
301.566895, 301.566895, 0.000000
299.961975, 299.961975, 0.000000
300.631042, 300.631042, 0.000000
301.746643, 301.746643, 0.000000
299.296112, 299.296112, 0.000000
299.370300, 299.370300, 0.000000
299.309235, 299.309235, 0.000000
299.512695, 299.512695, 0.000000
298.742126, 298.742126, 0.000000
298.410645, 298.410645, 0.000000
298.523560, 298.523560, 0.000000
298.251953, 298.251953, 0.000000
305.927368, 305.927368, 0.000000
301.001892, 301.001892, 0.000000
299.039368, 299.039368, 0.000000
300.487274, 300.487274, 0.000000
308.168701, 308.168701, 0.000000
302.315765, 302.315765, 0.000000
303.077698, 303.077698, 0.000000
298.352753, 298.352753, 0.000000
307.949249, 307.949249, 0.000000
306.019043, 306.019043, 0.000000
298.072815, 298.072815, 0.000000
300.312531, 300.312531, 0.000000
298.079712, 298.079712, 0.000000
298.539307, 298.539307, 0.000000
303.394348, 303.394348, 0.000000
300.780792, 300.780792, 0.000000
299.389923, 299.389923, 0.000000
301.120544, 301.120544, 0.000000
298.911163, 298.911163, 0.000000
298.691071, 298.691071, 0.000000
296.698486, 296.698486, 0.000000
296.574768, 296.574768, 0.000000
302.061646, 302.061646, 0.000000
301.897064, 301.897064, 0.000000
305.702148, 305.702148, 0.000000
305.337402, 305.337402, 0.000000
306.046570, 306.046570, 0.000000
298.315369, 298.315369, 0.000000
302.833466, 302.833466, 0.000000
302.888245, 302.888245, 0.000000
302.187042, 302.187042, 0.000000
302.826538, 302.826538, 0.000000
301.797180, 301.797180, 0.000000
301.856384, 301.856384, 0.000000
302.522797, 302.522797, 0.000000
301.463623, 301.463623, 0.000000
302.858551, 302.858551, 0.000000
303.237305, 303.237305, 0.000000
303.182465, 303.182465, 0.000000
303.288910, 303.288910, 0.000000
308.222870, 308.222870, 0.000000
306.420105, 306.420105, 0.000000
303.268738, 303.268738, 0.000000
300.503479, 300.503479, 0.000000
301.902802, 301.902802, 0.000000
302.072845, 302.072845, 0.000000
305.062317, 305.062317, 0.000000
305.085815, 305.085815, 0.000000
304.126343, 304.126343, 0.000000
303.565765, 303.565765, 0.000000
298.428467, 298.428467, 0.000000
307.472412, 307.472412, 0.000000
302.395325, 302.395325, 0.000000
307.404266, 307.404266, 0.000000
307.470062, 307.470062, 0.000000
303.576660, 303.576660, 0.000000
310.156769, 310.156769, 0.000000
300.157135, 300.157135, 0.000000
299.893494, 299.893494, 0.000000
299.824463, 299.824463, 0.000000
300.250824, 300.250824, 0.000000
300.717834, 300.717834, 0.000000
302.641937, 302.641937, 0.000000
302.319946, 302.319946, 0.000000
302.770691, 302.770691, 0.000000
302.795197, 302.795197, 0.000000
300.726807, 300.726807, 0.000000
307.047394, 307.047394, 0.000000
299.054840, 299.054840, 0.000000
302.768311, 302.768311, 0.000000
302.777924, 302.777924, 0.000000
302.419830, 302.419830, 0.000000
303.065979, 303.065979, 0.000000
303.244659, 303.244659, 0.000000
303.861053, 303.861053, 0.000000
303.249878, 303.249878, 0.000000
305.899109, 305.899109, 0.000000
303.490540, 303.490540, 0.000000
300.219391, 300.219391, 0.000000
303.568054, 303.568054, 0.000000
298.766479, 298.766479, 0.000000
301.271118, 301.271118, 0.000000
301.215851, 301.215851, 0.000000
303.449524, 303.449524, 0.000000
306.406830, 306.406830, 0.000000
303.069550, 303.069550, 0.000000
304.308228, 304.308228, 0.000000
304.289978, 304.289978, 0.000000
304.041992, 304.041992, 0.000000
306.061462, 306.061462, 0.000000
299.522552, 299.522552, 0.000000
307.067108, 307.067108, 0.000000
304.233398, 304.233398, 0.000000
306.261383, 306.261383, 0.000000
306.061279, 306.061279, 0.000000
297.518127, 297.518127, 0.000000
306.583374, 306.583374, 0.000000
302.891571, 302.891571, 0.000000
307.238617, 307.238617, 0.000000
301.270569, 301.270569, 0.000000
301.638550, 301.638550, 0.000000
301.944458, 301.944458, 0.000000
302.781097, 302.781097, 0.000000
304.954132, 304.954132, 0.000000
300.487305, 300.487305, 0.000000
298.354889, 298.354889, 0.000000
302.596313, 302.596313, 0.000000
301.837646, 301.837646, 0.000000
302.673798, 302.673798, 0.000000
304.933136, 304.933136, 0.000000
304.507568, 304.507568, 0.000000
299.345795, 299.345795, 0.000000
303.965515, 303.965515, 0.000000
303.645477, 303.645477, 0.000000
304.270996, 304.270996, 0.000000
298.707245, 298.707245, 0.000000
301.800995, 301.800995, 0.000000
308.070038, 308.070038, 0.000000
301.381012, 301.381012, 0.000000
301.588318, 301.588318, 0.000000
301.611145, 301.611145, 0.000000
304.115295, 304.115295, 0.000000
303.313812, 303.313812, 0.000000
302.960938, 302.960938, 0.000000
300.851807, 300.851807, 0.000000
298.505035, 298.505035, 0.000000
302.095825, 302.095825, 0.000000
302.387726, 302.387726, 0.000000
300.366699, 300.366699, 0.000000
300.849823, 300.849823, 0.000000
301.887634, 301.887634, 0.000000
302.041290, 302.041290, 0.000000
305.652649, 305.652649, 0.000000
305.358276, 305.358276, 0.000000
302.761688, 302.761688, 0.000000
304.174561, 304.174561, 0.000000
304.708313, 304.708313, 0.000000
306.412170, 306.412170, 0.000000
306.205048, 306.205048, 0.000000
303.857971, 303.857971, 0.000000
305.220856, 305.220856, 0.000000
304.723511, 304.723511, 0.000000
304.080902, 304.080902, 0.000000
304.248291, 304.248291, 0.000000
300.841248, 300.841248, 0.000000
300.447510, 300.447510, 0.000000
302.049377, 302.049377, 0.000000
301.942505, 301.942505, 0.000000
305.489563, 305.489563, 0.000000
300.665375, 300.665375, 0.000000
308.052887, 308.052887, 0.000000
303.641479, 303.641479, 0.000000
310.759033, 310.759033, 0.000000
310.887482, 310.887482, 0.000000
303.150940, 303.150940, 0.000000
301.714600, 301.714600, 0.000000
298.177032, 298.177032, 0.000000
297.581024, 297.581024, 0.000000
303.569427, 303.569427, 0.000000
300.880310, 300.880310, 0.000000
300.080566, 300.080566, 0.000000
303.891876, 303.891876, 0.000000
302.122803, 302.122803, 0.000000
301.769440, 301.769440, 0.000000
301.575226, 301.575226, 0.000000
301.051666, 301.051666, 0.000000
303.296814, 303.296814, 0.000000
303.153870, 303.153870, 0.000000
302.018280, 302.018280, 0.000000
301.677124, 301.677124, 0.000000
311.938416, 311.938416, 0.000000
303.400818, 303.400818, 0.000000
299.170197, 299.170197, 0.000000
304.557648, 304.557648, 0.000000
303.529999, 303.529999, 0.000000
300.827057, 300.827057, 0.000000
302.349426, 302.349426, 0.000000
299.813995, 299.813995, 0.000000
300.179108, 300.179108, 0.000000
299.363403, 299.363403, 0.000000
302.421417, 302.421417, 0.000000
300.147461, 300.147461, 0.000000
301.050232, 301.050232, 0.000000
310.646179, 310.646179, 0.000000
302.813751, 302.813751, 0.000000
296.890228, 296.890228, 0.000000
302.191864, 302.191864, 0.000000
301.802826, 301.802826, 0.000000
299.710236, 299.710236, 0.000000
300.582428, 300.582428, 0.000000
299.070923, 299.070923, 0.000000
302.577240, 302.577240, 0.000000
301.387207, 301.387207, 0.000000
300.014801, 300.014801, 0.000000
301.746887, 301.746887, 0.000000
301.617462, 301.617462, 0.000000
304.482117, 304.482117, 0.000000
303.761963, 303.761963, 0.000000
305.573944, 305.573944, 0.000000
304.320312, 304.320312, 0.000000
299.419342, 299.419342, 0.000000
301.558167, 301.558167, 0.000000
301.110565, 301.110565, 0.000000
303.309906, 303.309906, 0.000000
303.623291, 303.623291, 0.000000
301.506195, 301.506195, 0.000000
307.037659, 307.037659, 0.000000
306.691101, 306.691101, 0.000000
323.389008, 323.389008, 0.000000
302.218964, 302.218964, 0.000000
300.473907, 300.473907, 0.000000
296.687317, 296.687317, 0.000000
301.073425, 301.073425, 0.000000
301.194611, 301.194611, 0.000000
301.205688, 301.205688, 0.000000
301.050873, 301.050873, 0.000000
302.041962, 302.041962, 0.000000
302.118011, 302.118011, 0.000000
302.001404, 302.001404, 0.000000
301.991272, 301.991272, 0.000000
301.020325, 301.020325, 0.000000
301.055145, 301.055145, 0.000000
300.904114, 300.904114, 0.000000
301.162323, 301.162323, 0.000000
301.699921, 301.699921, 0.000000
301.869446, 301.869446, 0.000000
301.599670, 301.599670, 0.000000
301.721954, 301.721954, 0.000000
303.197632, 303.197632, 0.000000
303.038696, 303.038696, 0.000000
303.736084, 303.736084, 0.000000
301.649475, 301.649475, 0.000000
302.808838, 302.808838, 0.000000
302.278259, 302.278259, 0.000000
303.164429, 303.164429, 0.000000
302.444824, 302.444824, 0.000000
301.710022, 301.710022, 0.000000
301.960846, 301.960846, 0.000000
301.663727, 301.663727, 0.000000
301.714386, 301.714386, 0.000000
totaldiff=0.0000000000, sz=968, average absolute error value:0.0000000000
totaldiff=0.0000000000, sz=968, average relative error rate:0.0000000000
