cfgFile=sz.config
[SZ] Reading SZ configuration file (sz.config) ...
3329
3470
5752
5116
2787
2396
5007
3753
4328
4632
3579
5816
3310
4096
4094
3396
1936
2003
6876
4978
3516
4017
3220
7805
1606
1984
1366
3327
6397
4445
1666
6124
3627
4140
1317
5446
4095
4096
4096
4097
4095
4096
4096
4097
4095
4096
4121
4074
4094
4094
4107
4084
4097
4100
4058
4141
4077
4105
4103
4091
4091
4102
4100
4073
4112
4097
681
6613
6084
6421
7782
6767
4390
2191
3910
69
5492
4603
3342
4281
4086
4111
4094
4137
4034
4121
4017
4163
4065
4131
4125
4067
4085
4103
4110
4092
4091
4097
4035
4176
4058
4113
4203
3377
5259
4782
4796
1647
2883
6677
5580
7879
4663
6835
1971
2980
6706
2617
4365
7157
1333
5476
6546
5046
2484
3995
2827
2911
5296
3676
1579
5164
4569
5686
4299
3935
5941
1193
3996
4756
3954
4201
3426
4467
4914
5975
6551
3988
3358
5675
3705
3226
4456
4193
5480
2000
5070
1915
5960
5010
2160
6040
3226
4621
2915
3936
5453
3558
4027
4519
1872
7103
3337
1742
7961
853
4815
7443
308
4089
5152
478
1627
3211
2233
3273
7991
2523
6968
2143
3340
4358
4387
3684
3830
6251
4126
2394
6379
2332
853
806
1115
2718
5761
5059
2659
3845
5073
4881
3057
3930
3995
2659
1386
2269
1748
7696
3782
5127
3981
4634
3190
5195
2150
7370
2309
4048
4527
3642
4101
4050
3498
7701
2102
6131
3911
3345
2987
5462
5363
2711
5098
3600
5040
3412
6967
1493
1846
4223
5110
5154
4049
5165
402
1192
5650
5428
5948
3674
5175
3041
2913
5637
2878
2905
1485
1545
7321
3080
4279
4582
3820
3228
2199
1413
4128
4945
4908
3026
8058
1023
4203
2570
5563
6363
1696
1562
3563
2393
5488
4132
4699
3211
5420
6425
5875
4233
4971
5348
2855
4478
3409
4751
1424
6713
3331
1225
7050
3526
6567
5551
4141
6057
2533
4723
3663
4075
3409
2069
5792
6397
715
940
4387
4305
2540
5194
4416
4063
4131
3969
3918
4433
1407
1970
4370
1661
6512
4836
2936
1451
7500
3119
7028
4412
1509
3507
1484
6885
4336
4294
4073
3764
2997
545
1125
7204
5932
5376
2233
5605
4244
4440
7699
5599
1346
4029
4268
3203
4284
646
5679
5894
4059
6433
1434
4159
3029
4998
4369
3961
4557
7600
2095
5527
1100
5724
7040
3903
4259
3833
4327
4838
3148
3063
1431
7755
3453
7567
4493
4073
6104
589
1255
2114
4278
3325
4429
4574
4053
5807
2315
4047
4085
1813
6024
5161
3894
5933
1543
4646
3267
1735
7015
4122
3756
2101
6591
3954
4306
3982
4171
1707
6565
3863
3365
4657
4576
4368
2779
8167
726
4228
1972
2072
4646
3510
4072
4116
4073
2156
6995
3578
3068
5488
3499
3905
4168
4160
5009
3027
4228
2821
5846
3633
4038
4072
2593
7202
2669
3917
3031
6826
787
5871
5554
2501
4197
3937
3883
4408
4111
4186
4589
3714
2281
5287
6022
2592
3994
4160
2359
6411
3500
4091
5065
1241
6148
4196
5588
2385
3553
4657
4071
4131
5185
2461
4007
4717
4102
4076
4084
4153
4025
4140
4062
4131
3452
5343
3503
4089
4114
4095
4058
4145
4070
4080
4123
4058
4142
4059
4113
4099
4108
4082
4083
4113
4097
4113
4058
4137
4046
3625
5277
3416
4331
3671
3809
4833
3529
4472
3462
4635
5033
3061
3544
4927
3797
4867
3186
4199
4189
4901
3566
3428
4700
3769
4600
3792
3823
4312
4279
4070
3975
4069
4098
4291
3914
4115
4063
4056
4192
4083
4167
4031
4081
4115
4019
4165
4107
4079
4088
4062
4257
3907
4166
4100
4096
4096
4110
4084
4093
4095
4107
4085
4100
4095
4082
4109
4099
4093
4105
4082
4105
4092
4080
4112
4096
4096
4095
4100
4091
4098
4108
4054
4135
4109
4125
4044
4092
4112
4021
4162
4096
4094
4094
4103
4088
4096
4104
4092
4094
4100
4080
4116
4083
4105
4092
4095
4099
4095
4131
4061
4096
4096
4062
4131
4095
4096
4096
4096
4096
4097
4128
4067
4092
4095
4061
4131
4097
4096
4114
4077
4082
4112
4125
4066
4096
4096
4098
4095
4094
4097
4095
4098
4095
4096
4082
4112
4094
4097
4108
4083
4096
4096
4093
4099
4096
4095
4085
4103
4098
4097
4097
4098
4091
4102
4091
4097
4097
4099
4102
4093
4083
4100
4100
4096
4096
4095
4102
4092
4094
4097
4077
4113
4104
4095
4115
4070
4099
4092
4122
4073
4096
4094
4097
4095
4097
4095
4102
4093
4094
4097
4091
4103
4095
4093
4107
4085
4068
4112
4149
4055
4106
4085
4081
4137
4065
4102
4098
4093
4100
4096
4087
4106
4088
4101
4095
4098
4094
4099
4125
4033
4167
4028
4126
4099
4092
4096
4094
4102
4049
4208
timecost, 0.004534, seconds
done
7744
3712
sz compression ratio, 2.09 
timecost, 0.000084, second
done
Max absolute error = 0
Max relative error = 0
Max pw_relative err = 0
./inputdata/full/yf17_p_br.dat, ./inputdata/full/yf17_p_br.dat.sz.out, 968
size of double: 8
131016.812500, 131016.812500, 0.000000
142830.437500, 142830.437500, 0.000000
153348.187500, 153348.187500, 0.000000
143320.359375, 143320.359375, 0.000000
91007.945312, 91007.945312, 0.000000
90510.664062, 90510.664062, 0.000000
88956.945312, 88956.945312, 0.000000
90197.359375, 90197.359375, 0.000000
111718.734375, 111718.734375, 0.000000
110956.648438, 110956.648438, 0.000000
111915.992188, 111915.992188, 0.000000
110665.375000, 110665.375000, 0.000000
126089.835938, 126089.835938, 0.000000
126125.554688, 126125.554688, 0.000000
88512.171875, 88512.171875, 0.000000
89944.648438, 89944.648438, 0.000000
88508.851562, 88508.851562, 0.000000
88609.078125, 88609.078125, 0.000000
88132.101562, 88132.101562, 0.000000
88045.976562, 88045.976562, 0.000000
106400.109375, 106400.109375, 0.000000
105379.601562, 105379.601562, 0.000000
105263.101562, 105263.101562, 0.000000
104275.054688, 104275.054688, 0.000000
87990.046875, 87990.046875, 0.000000
86111.304688, 86111.304688, 0.000000
87135.523438, 87135.523438, 0.000000
86833.195312, 86833.195312, 0.000000
101337.312500, 101337.312500, 0.000000
101337.984375, 101337.984375, 0.000000
101338.023438, 101338.023438, 0.000000
101335.632812, 101335.632812, 0.000000
116421.171875, 116421.171875, 0.000000
119324.031250, 119324.031250, 0.000000
121002.546875, 121002.546875, 0.000000
118899.726562, 118899.726562, 0.000000
157847.250000, 157847.250000, 0.000000
138802.609375, 138802.609375, 0.000000
141605.203125, 141605.203125, 0.000000
161599.562500, 161599.562500, 0.000000
106465.507812, 106465.507812, 0.000000
110106.085938, 110106.085938, 0.000000
88475.812500, 88475.812500, 0.000000
91734.679688, 91734.679688, 0.000000
104753.187500, 104753.187500, 0.000000
105025.109375, 105025.109375, 0.000000
101633.562500, 101633.562500, 0.000000
103108.742188, 103108.742188, 0.000000
135006.343750, 135006.343750, 0.000000
93579.992188, 93579.992188, 0.000000
94322.242188, 94322.242188, 0.000000
130567.171875, 130567.171875, 0.000000
91878.109375, 91878.109375, 0.000000
91405.687500, 91405.687500, 0.000000
92477.000000, 92477.000000, 0.000000
92532.875000, 92532.875000, 0.000000
92451.039062, 92451.039062, 0.000000
138843.500000, 138843.500000, 0.000000
125338.859375, 125338.859375, 0.000000
123661.132812, 123661.132812, 0.000000
100032.929688, 100032.929688, 0.000000
95225.148438, 95225.148438, 0.000000
88884.796875, 88884.796875, 0.000000
89033.414062, 89033.414062, 0.000000
100925.835938, 100925.835938, 0.000000
104861.992188, 104861.992188, 0.000000
104439.859375, 104439.859375, 0.000000
100321.968750, 100321.968750, 0.000000
91428.015625, 91428.015625, 0.000000
90786.828125, 90786.828125, 0.000000
88800.476562, 88800.476562, 0.000000
94377.781250, 94377.781250, 0.000000
127298.367188, 127298.367188, 0.000000
92800.218750, 92800.218750, 0.000000
92808.828125, 92808.828125, 0.000000
125688.867188, 125688.867188, 0.000000
114688.765625, 114688.765625, 0.000000
107715.453125, 107715.453125, 0.000000
108778.070312, 108778.070312, 0.000000
110451.929688, 110451.929688, 0.000000
107872.859375, 107872.859375, 0.000000
108841.054688, 108841.054688, 0.000000
108991.179688, 108991.179688, 0.000000
109217.375000, 109217.375000, 0.000000
94627.406250, 94627.406250, 0.000000
93858.234375, 93858.234375, 0.000000
88225.875000, 88225.875000, 0.000000
103686.148438, 103686.148438, 0.000000
101324.984375, 101324.984375, 0.000000
101325.156250, 101325.156250, 0.000000
101325.054688, 101325.054688, 0.000000
101324.914062, 101324.914062, 0.000000
101324.601562, 101324.601562, 0.000000
101325.382812, 101325.382812, 0.000000
101325.328125, 101325.328125, 0.000000
101325.296875, 101325.296875, 0.000000
101324.851562, 101324.851562, 0.000000
101325.671875, 101325.671875, 0.000000
101325.648438, 101325.648438, 0.000000
101325.062500, 101325.062500, 0.000000
101369.812500, 101369.812500, 0.000000
101373.515625, 101373.515625, 0.000000
101375.734375, 101375.734375, 0.000000
101373.835938, 101373.835938, 0.000000
101390.117188, 101390.117188, 0.000000
101385.960938, 101385.960938, 0.000000
101383.593750, 101383.593750, 0.000000
101388.531250, 101388.531250, 0.000000
101325.648438, 101325.648438, 0.000000
101342.453125, 101342.453125, 0.000000
101325.476562, 101325.476562, 0.000000
101325.343750, 101325.343750, 0.000000
101337.539062, 101337.539062, 0.000000
101340.601562, 101340.601562, 0.000000
101334.882812, 101334.882812, 0.000000
101339.687500, 101339.687500, 0.000000
101352.085938, 101352.085938, 0.000000
101323.218750, 101323.218750, 0.000000
101323.062500, 101323.062500, 0.000000
101323.421875, 101323.421875, 0.000000
95134.710938, 95134.710938, 0.000000
93509.773438, 93509.773438, 0.000000
109814.390625, 109814.390625, 0.000000
97577.593750, 97577.593750, 0.000000
114373.835938, 114373.835938, 0.000000
93755.390625, 93755.390625, 0.000000
100678.507812, 100678.507812, 0.000000
94841.906250, 94841.906250, 0.000000
101739.421875, 101739.421875, 0.000000
112489.265625, 112489.265625, 0.000000
102917.265625, 102917.265625, 0.000000
108096.117188, 108096.117188, 0.000000
101928.617188, 101928.617188, 0.000000
100265.554688, 100265.554688, 0.000000
105743.882812, 105743.882812, 0.000000
101237.218750, 101237.218750, 0.000000
101903.703125, 101903.703125, 0.000000
103142.554688, 103142.554688, 0.000000
100687.453125, 100687.453125, 0.000000
97873.554688, 97873.554688, 0.000000
103098.976562, 103098.976562, 0.000000
100520.531250, 100520.531250, 0.000000
100647.906250, 100647.906250, 0.000000
101757.421875, 101757.421875, 0.000000
101407.078125, 101407.078125, 0.000000
101413.851562, 101413.851562, 0.000000
101402.179688, 101402.179688, 0.000000
101419.460938, 101419.460938, 0.000000
101432.445312, 101432.445312, 0.000000
101523.445312, 101523.445312, 0.000000
101497.273438, 101497.273438, 0.000000
101517.804688, 101517.804688, 0.000000
101385.296875, 101385.296875, 0.000000
101382.109375, 101382.109375, 0.000000
101320.484375, 101320.484375, 0.000000
101324.648438, 101324.648438, 0.000000
101387.156250, 101387.156250, 0.000000
101390.976562, 101390.976562, 0.000000
101376.390625, 101376.390625, 0.000000
101373.335938, 101373.335938, 0.000000
101396.257812, 101396.257812, 0.000000
101411.070312, 101411.070312, 0.000000
101418.015625, 101418.015625, 0.000000
101426.968750, 101426.968750, 0.000000
101324.671875, 101324.671875, 0.000000
101367.210938, 101367.210938, 0.000000
101341.898438, 101341.898438, 0.000000
101346.156250, 101346.156250, 0.000000
101545.320312, 101545.320312, 0.000000
100440.843750, 100440.843750, 0.000000
101444.125000, 101444.125000, 0.000000
92670.968750, 92670.968750, 0.000000
99794.460938, 99794.460938, 0.000000
108160.718750, 108160.718750, 0.000000
105404.281250, 105404.281250, 0.000000
103916.929688, 103916.929688, 0.000000
97989.273438, 97989.273438, 0.000000
106101.664062, 106101.664062, 0.000000
105328.867188, 105328.867188, 0.000000
102356.671875, 102356.671875, 0.000000
104063.648438, 104063.648438, 0.000000
94088.062500, 94088.062500, 0.000000
103968.046875, 103968.046875, 0.000000
103442.273438, 103442.273438, 0.000000
112727.539062, 112727.539062, 0.000000
101622.765625, 101622.765625, 0.000000
93208.601562, 93208.601562, 0.000000
110680.875000, 110680.875000, 0.000000
100162.914062, 100162.914062, 0.000000
96501.867188, 96501.867188, 0.000000
93868.195312, 93868.195312, 0.000000
109947.460938, 109947.460938, 0.000000
99346.218750, 99346.218750, 0.000000
93880.281250, 93880.281250, 0.000000
107468.703125, 107468.703125, 0.000000
111844.421875, 111844.421875, 0.000000
101285.398438, 101285.398438, 0.000000
103228.335938, 103228.335938, 0.000000
101186.671875, 101186.671875, 0.000000
97053.367188, 97053.367188, 0.000000
97812.960938, 97812.960938, 0.000000
95799.218750, 95799.218750, 0.000000
94291.562500, 94291.562500, 0.000000
98521.421875, 98521.421875, 0.000000
97572.062500, 97572.062500, 0.000000
99208.750000, 99208.750000, 0.000000
105440.445312, 105440.445312, 0.000000
100906.843750, 100906.843750, 0.000000
98155.250000, 98155.250000, 0.000000
106426.773438, 106426.773438, 0.000000
102308.960938, 102308.960938, 0.000000
95167.500000, 95167.500000, 0.000000
100835.335938, 100835.335938, 0.000000
97659.929688, 97659.929688, 0.000000
102392.078125, 102392.078125, 0.000000
98497.664062, 98497.664062, 0.000000
106300.937500, 106300.937500, 0.000000
94875.601562, 94875.601562, 0.000000
98459.703125, 98459.703125, 0.000000
101854.765625, 101854.765625, 0.000000
102869.062500, 102869.062500, 0.000000
101663.671875, 101663.671875, 0.000000
102705.929688, 102705.929688, 0.000000
102962.546875, 102962.546875, 0.000000
98498.804688, 98498.804688, 0.000000
96037.953125, 96037.953125, 0.000000
94463.617188, 94463.617188, 0.000000
101820.171875, 101820.171875, 0.000000
98751.921875, 98751.921875, 0.000000
98664.140625, 98664.140625, 0.000000
98958.289062, 98958.289062, 0.000000
98950.507812, 98950.507812, 0.000000
102400.984375, 102400.984375, 0.000000
97843.710938, 97843.710938, 0.000000
102296.054688, 102296.054688, 0.000000
101305.000000, 101305.000000, 0.000000
100127.867188, 100127.867188, 0.000000
100187.312500, 100187.312500, 0.000000
99979.445312, 99979.445312, 0.000000
99969.664062, 99969.664062, 0.000000
98704.109375, 98704.109375, 0.000000
98133.234375, 98133.234375, 0.000000
99095.468750, 99095.468750, 0.000000
103582.367188, 103582.367188, 0.000000
99214.648438, 99214.648438, 0.000000
99449.226562, 99449.226562, 0.000000
99481.953125, 99481.953125, 0.000000
98131.625000, 98131.625000, 0.000000
99741.679688, 99741.679688, 0.000000
100617.953125, 100617.953125, 0.000000
99864.226562, 99864.226562, 0.000000
99784.140625, 99784.140625, 0.000000
99886.234375, 99886.234375, 0.000000
102583.859375, 102583.859375, 0.000000
101350.117188, 101350.117188, 0.000000
101944.703125, 101944.703125, 0.000000
98585.140625, 98585.140625, 0.000000
98602.890625, 98602.890625, 0.000000
100279.921875, 100279.921875, 0.000000
98446.210938, 98446.210938, 0.000000
100135.156250, 100135.156250, 0.000000
100248.421875, 100248.421875, 0.000000
101313.078125, 101313.078125, 0.000000
100237.562500, 100237.562500, 0.000000
98872.929688, 98872.929688, 0.000000
99966.281250, 99966.281250, 0.000000
100083.945312, 100083.945312, 0.000000
100078.164062, 100078.164062, 0.000000
100838.757812, 100838.757812, 0.000000
97568.265625, 97568.265625, 0.000000
99747.000000, 99747.000000, 0.000000
100549.953125, 100549.953125, 0.000000
97088.007812, 97088.007812, 0.000000
100629.890625, 100629.890625, 0.000000
98294.273438, 98294.273438, 0.000000
97263.382812, 97263.382812, 0.000000
102296.570312, 102296.570312, 0.000000
100464.718750, 100464.718750, 0.000000
98620.156250, 98620.156250, 0.000000
98689.820312, 98689.820312, 0.000000
92203.007812, 92203.007812, 0.000000
98295.007812, 98295.007812, 0.000000
99913.242188, 99913.242188, 0.000000
99926.179688, 99926.179688, 0.000000
96563.414062, 96563.414062, 0.000000
91707.343750, 91707.343750, 0.000000
93913.242188, 93913.242188, 0.000000
93267.007812, 93267.007812, 0.000000
97825.312500, 97825.312500, 0.000000
98845.640625, 98845.640625, 0.000000
98494.320312, 98494.320312, 0.000000
98618.101562, 98618.101562, 0.000000
99270.203125, 99270.203125, 0.000000
99174.664062, 99174.664062, 0.000000
98596.093750, 98596.093750, 0.000000
101924.359375, 101924.359375, 0.000000
95854.757812, 95854.757812, 0.000000
97263.281250, 97263.281250, 0.000000
98725.890625, 98725.890625, 0.000000
92651.429688, 92651.429688, 0.000000
94748.648438, 94748.648438, 0.000000
93761.250000, 93761.250000, 0.000000
96911.289062, 96911.289062, 0.000000
96864.132812, 96864.132812, 0.000000
90939.023438, 90939.023438, 0.000000
112391.414062, 112391.414062, 0.000000
107825.398438, 107825.398438, 0.000000
115459.109375, 115459.109375, 0.000000
102748.742188, 102748.742188, 0.000000
112042.375000, 112042.375000, 0.000000
115372.546875, 115372.546875, 0.000000
113299.578125, 113299.578125, 0.000000
98560.062500, 98560.062500, 0.000000
98369.945312, 98369.945312, 0.000000
95681.765625, 95681.765625, 0.000000
96012.226562, 96012.226562, 0.000000
98086.710938, 98086.710938, 0.000000
97558.179688, 97558.179688, 0.000000
96574.656250, 96574.656250, 0.000000
97360.656250, 97360.656250, 0.000000
99619.046875, 99619.046875, 0.000000
99929.429688, 99929.429688, 0.000000
99927.929688, 99927.929688, 0.000000
99738.078125, 99738.078125, 0.000000
96854.265625, 96854.265625, 0.000000
103762.125000, 103762.125000, 0.000000
105589.195312, 105589.195312, 0.000000
103990.023438, 103990.023438, 0.000000
97988.335938, 97988.335938, 0.000000
98736.226562, 98736.226562, 0.000000
109049.734375, 109049.734375, 0.000000
107677.757812, 107677.757812, 0.000000
105718.070312, 105718.070312, 0.000000
105689.921875, 105689.921875, 0.000000
105447.187500, 105447.187500, 0.000000
106211.937500, 106211.937500, 0.000000
97838.523438, 97838.523438, 0.000000
98598.640625, 98598.640625, 0.000000
97658.968750, 97658.968750, 0.000000
98781.828125, 98781.828125, 0.000000
96254.679688, 96254.679688, 0.000000
99867.046875, 99867.046875, 0.000000
100126.960938, 100126.960938, 0.000000
100298.289062, 100298.289062, 0.000000
101277.851562, 101277.851562, 0.000000
101405.796875, 101405.796875, 0.000000
101544.890625, 101544.890625, 0.000000
101595.937500, 101595.937500, 0.000000
100526.101562, 100526.101562, 0.000000
113494.171875, 113494.171875, 0.000000
106861.148438, 106861.148438, 0.000000
106986.617188, 106986.617188, 0.000000
103374.750000, 103374.750000, 0.000000
103578.742188, 103578.742188, 0.000000
103434.039062, 103434.039062, 0.000000
101883.687500, 101883.687500, 0.000000
98251.453125, 98251.453125, 0.000000
97181.640625, 97181.640625, 0.000000
98486.867188, 98486.867188, 0.000000
97196.367188, 97196.367188, 0.000000
97784.492188, 97784.492188, 0.000000
97441.273438, 97441.273438, 0.000000
98869.265625, 98869.265625, 0.000000
99014.648438, 99014.648438, 0.000000
104543.476562, 104543.476562, 0.000000
105190.093750, 105190.093750, 0.000000
101618.890625, 101618.890625, 0.000000
98286.210938, 98286.210938, 0.000000
96854.656250, 96854.656250, 0.000000
97405.812500, 97405.812500, 0.000000
97871.312500, 97871.312500, 0.000000
100338.312500, 100338.312500, 0.000000
95880.476562, 95880.476562, 0.000000
101387.289062, 101387.289062, 0.000000
101448.265625, 101448.265625, 0.000000
104423.382812, 104423.382812, 0.000000
99248.687500, 99248.687500, 0.000000
96570.929688, 96570.929688, 0.000000
97363.828125, 97363.828125, 0.000000
97367.539062, 97367.539062, 0.000000
99394.015625, 99394.015625, 0.000000
99441.882812, 99441.882812, 0.000000
97270.820312, 97270.820312, 0.000000
97990.718750, 97990.718750, 0.000000
146673.218750, 146673.218750, 0.000000
139198.218750, 139198.218750, 0.000000
98223.398438, 98223.398438, 0.000000
96158.312500, 96158.312500, 0.000000
91885.859375, 91885.859375, 0.000000
98941.335938, 98941.335938, 0.000000
103838.507812, 103838.507812, 0.000000
104001.820312, 104001.820312, 0.000000
99542.656250, 99542.656250, 0.000000
100929.968750, 100929.968750, 0.000000
100473.617188, 100473.617188, 0.000000
100350.187500, 100350.187500, 0.000000
101106.875000, 101106.875000, 0.000000
101364.828125, 101364.828125, 0.000000
100049.218750, 100049.218750, 0.000000
95294.226562, 95294.226562, 0.000000
100350.250000, 100350.250000, 0.000000
100544.078125, 100544.078125, 0.000000
100795.843750, 100795.843750, 0.000000
102586.312500, 102586.312500, 0.000000
93697.632812, 93697.632812, 0.000000
100291.796875, 100291.796875, 0.000000
99026.835938, 99026.835938, 0.000000
99233.539062, 99233.539062, 0.000000
97501.304688, 97501.304688, 0.000000
102948.765625, 102948.765625, 0.000000
102828.156250, 102828.156250, 0.000000
102901.171875, 102901.171875, 0.000000
100207.726562, 100207.726562, 0.000000
100172.328125, 100172.328125, 0.000000
104247.335938, 104247.335938, 0.000000
103971.546875, 103971.546875, 0.000000
99104.640625, 99104.640625, 0.000000
105767.601562, 105767.601562, 0.000000
104680.406250, 104680.406250, 0.000000
92738.804688, 92738.804688, 0.000000
96010.359375, 96010.359375, 0.000000
98315.695312, 98315.695312, 0.000000
97533.632812, 97533.632812, 0.000000
99275.328125, 99275.328125, 0.000000
101082.781250, 101082.781250, 0.000000
93302.312500, 93302.312500, 0.000000
101143.960938, 101143.960938, 0.000000
99776.609375, 99776.609375, 0.000000
99501.992188, 99501.992188, 0.000000
97623.046875, 97623.046875, 0.000000
98145.679688, 98145.679688, 0.000000
102887.671875, 102887.671875, 0.000000
98425.335938, 98425.335938, 0.000000
97187.007812, 97187.007812, 0.000000
96197.593750, 96197.593750, 0.000000
96792.460938, 96792.460938, 0.000000
99657.984375, 99657.984375, 0.000000
100275.406250, 100275.406250, 0.000000
101582.312500, 101582.312500, 0.000000
101646.734375, 101646.734375, 0.000000
102896.140625, 102896.140625, 0.000000
99303.867188, 99303.867188, 0.000000
100454.328125, 100454.328125, 0.000000
100218.765625, 100218.765625, 0.000000
94778.289062, 94778.289062, 0.000000
94693.203125, 94693.203125, 0.000000
93575.796875, 93575.796875, 0.000000
100872.195312, 100872.195312, 0.000000
99957.515625, 99957.515625, 0.000000
103830.617188, 103830.617188, 0.000000
110523.539062, 110523.539062, 0.000000
100710.046875, 100710.046875, 0.000000
100073.781250, 100073.781250, 0.000000
99524.500000, 99524.500000, 0.000000
102774.796875, 102774.796875, 0.000000
102996.671875, 102996.671875, 0.000000
104434.265625, 104434.265625, 0.000000
105032.101562, 105032.101562, 0.000000
105589.468750, 105589.468750, 0.000000
104815.109375, 104815.109375, 0.000000
100114.625000, 100114.625000, 0.000000
98698.703125, 98698.703125, 0.000000
101742.101562, 101742.101562, 0.000000
98233.601562, 98233.601562, 0.000000
104004.390625, 104004.390625, 0.000000
103659.867188, 103659.867188, 0.000000
103877.437500, 103877.437500, 0.000000
104501.695312, 104501.695312, 0.000000
102110.843750, 102110.843750, 0.000000
101846.539062, 101846.539062, 0.000000
102204.117188, 102204.117188, 0.000000
102496.382812, 102496.382812, 0.000000
102855.140625, 102855.140625, 0.000000
102970.273438, 102970.273438, 0.000000
102739.546875, 102739.546875, 0.000000
103161.859375, 103161.859375, 0.000000
98374.250000, 98374.250000, 0.000000
102405.070312, 102405.070312, 0.000000
102317.921875, 102317.921875, 0.000000
102760.328125, 102760.328125, 0.000000
98790.671875, 98790.671875, 0.000000
99198.539062, 99198.539062, 0.000000
100948.468750, 100948.468750, 0.000000
100597.296875, 100597.296875, 0.000000
95450.000000, 95450.000000, 0.000000
96473.046875, 96473.046875, 0.000000
95725.132812, 95725.132812, 0.000000
100291.976562, 100291.976562, 0.000000
105431.625000, 105431.625000, 0.000000
105881.851562, 105881.851562, 0.000000
105265.593750, 105265.593750, 0.000000
99913.460938, 99913.460938, 0.000000
99616.578125, 99616.578125, 0.000000
99754.945312, 99754.945312, 0.000000
100253.625000, 100253.625000, 0.000000
120369.976562, 120369.976562, 0.000000
104165.265625, 104165.265625, 0.000000
104389.367188, 104389.367188, 0.000000
104570.804688, 104570.804688, 0.000000
104152.703125, 104152.703125, 0.000000
totaldiff=0.0000000000, sz=968, average absolute error value:0.0000000000
totaldiff=0.0000000000, sz=968, average relative error rate:0.0000000000
