cfgFile=sz.config
[SZ] Reading SZ configuration file (sz.config) ...
4155
3916
4603
4875
4218
1508
6481
4971
5876
4296
6382
4075
6419
5981
681
2771
4974
1703
7700
2472
7420
6077
4931
4345
5828
548
2737
2103
4209
4222
126
3768
5
4095
4136
4043
4112
4094
4095
4097
4096
4102
4092
4092
4096
4098
4102
4097
4088
4095
4097
4098
4095
4097
4108
4083
4095
4106
4078
4108
4091
4099
4101
4101
4083
4093
4104
4099
4091
4092
4100
4092
4101
4096
4097
4094
4098
4094
4097
4096
4097
4094
4097
4096
4096
4097
4095
4096
4096
4095
4097
4097
4095
4096
4096
4096
4096
4096
4096
4097
4094
4097
4096
4096
4096
4096
4096
4096
4096
4096
4097
4104
4095
4092
4083
4110
4095
4084
4100
4100
4093
4099
4093
4099
4114
4075
4095
4100
4104
4072
4124
4088
4096
4092
4094
4103
4088
4097
4095
4105
4084
4105
4093
4099
4095
4088
4100
4094
4100
4114
4061
4672
4973
2357
4177
6318
8001
4339
113
5774
1222
2004
5620
7278
2915
2272
3057
6101
759
3484
3051
6023
6412
297
1250
2314
5299
4803
2380
6000
2951
4164
262
7843
4417
3866
5489
1767
4851
4644
4563
3002
4747
3877
3965
4221
5140
2171
5410
2388
5904
2999
4631
3578
6612
8094
7922
2527
7279
3296
5679
4758
812
5881
8012
5006
788
5276
7953
436
6478
344
780
5182
3933
5264
3834
4201
4094
4349
3488
4668
4208
3751
4066
4027
4006
4523
4065
3911
5468
2025
3582
6893
2566
4199
1611
2214
4004
4021
4200
2088
5687
5263
3475
4084
5430
2547
4363
4223
3775
5191
1638
6065
2631
5799
4264
3123
7739
6979
3572
2620
4610
3877
3092
2790
7486
7609
3325
2893
5333
3293
5588
1690
5715
4383
1944
3611
6345
2876
4897
5223
5030
2398
617
6815
7522
929
3893
4358
3126
5562
3475
4402
4010
3576
5012
2503
5278
3997
3949
3985
3953
5312
3202
3905
4614
3424
3944
4556
4192
3507
6236
1542
3970
4197
4264
3903
6347
3393
4638
3529
4452
6414
2446
3583
3745
4581
4313
7240
5312
4116
4194
4067
4106
4903
3316
4324
3849
3455
4545
4934
887
5574
7626
4916
5508
2731
4815
3341
1970
6048
5458
2715
4846
2552
2488
6624
4483
3586
5355
2921
4124
4116
4105
4075
4049
6892
6671
3797
4856
4403
3101
3992
4535
3904
1149
101
7029
2469
4528
3101
5417
2429
5704
4300
3685
3794
3273
5941
3204
4045
3176
379
4326
2583
5772
4461
3602
6430
2750
5821
860
6543
2818
4036
4667
3563
3947
4986
3627
3602
4206
1183
4104
808
3825
4275
4041
4009
3258
5463
3404
4426
4241
3593
4786
4088
664
4757
7720
3777
4603
4542
2705
4748
4073
5727
5558
5218
2569
4435
3041
2380
4011
3400
5810
843
5294
6258
3912
3018
3009
3961
7629
1921
3996
4171
4005
4122
3705
5074
226
2049
4725
2964
4417
4026
5727
8092
7736
6022
2621
4139
5106
2797
4129
4299
4078
301
7968
5291
3224
3507
4020
3956
4385
3368
5724
2699
4615
3829
675
2287
4338
5374
4086
4735
2124
26
3646
4491
4434
4826
3712
3617
5222
4029
4435
440
7220
6230
1649
4076
4143
4256
1224
7091
5947
1866
4274
3942
4124
4018
4183
4805
3286
1069
4097
5410
1881
3468
587
7590
3062
1300
6297
4160
4473
2280
2594
5026
3263
3457
4790
3829
4491
3765
4083
3414
4435
1435
7292
7645
4607
5178
1787
6252
3083
2889
1670
7375
5793
192
7654
1480
3675
6001
2634
5469
5227
2712
4320
2107
1007
2011
7740
3064
4047
5363
3497
3655
2601
6366
3649
3218
4413
4246
4316
3845
4264
3372
4953
2235
7142
2763
2308
5897
4139
4027
3653
4283
4834
4002
4514
1339
6227
3438
5244
3293
3703
3944
6767
1231
5213
1908
5419
4745
2917
6517
2802
4533
3511
4139
4105
4042
4098
4426
3608
3925
4459
3783
4300
4610
3338
4400
4290
3909
5430
1142
7808
6922
3457
3963
4878
3557
4069
4100
4052
4136
4122
4039
4124
4133
4055
4078
4139
4070
4079
5272
1817
5233
4064
4137
4044
4131
3507
4474
4289
3960
4452
4131
4084
4179
3773
4122
4045
4134
4147
4025
4091
4111
4136
4041
4085
4147
4120
4063
4085
4089
4068
4111
4132
4098
4173
4001
4094
4101
4092
4111
4077
4107
4089
4053
4133
4102
4112
4098
4078
4111
4088
4094
4098
4093
4097
4096
4099
4091
4095
4102
4096
4094
4097
4089
4081
4115
4098
4095
4097
4095
4095
4097
4097
4095
4096
4095
4098
4095
4096
4096
4097
4094
4097
4086
4110
4088
4097
4105
4088
4097
4097
4092
4103
4090
4107
4087
4099
4097
4091
4108
4073
4101
4103
4095
timecost, 0.005763, seconds
done
7680
3686
sz compression ratio, 2.08 
timecost, 0.000095, second
done
Max absolute error = 0
Max relative error = 0
Max pw_relative err = 0
./inputdata/full/yf17_p_ci.dat, ./inputdata/full/yf17_p_ci.dat.sz.out, 960
size of double: 8
121435.890625, 121435.890625, 0.000000
91733.226562, 91733.226562, 0.000000
91505.140625, 91505.140625, 0.000000
91384.531250, 91384.531250, 0.000000
90937.015625, 90937.015625, 0.000000
91408.718750, 91408.718750, 0.000000
93292.601562, 93292.601562, 0.000000
95396.421875, 95396.421875, 0.000000
92810.164062, 92810.164062, 0.000000
122178.687500, 122178.687500, 0.000000
93678.320312, 93678.320312, 0.000000
90962.421875, 90962.421875, 0.000000
92568.718750, 92568.718750, 0.000000
95762.171875, 95762.171875, 0.000000
121755.500000, 121755.500000, 0.000000
92359.007812, 92359.007812, 0.000000
90880.125000, 90880.125000, 0.000000
121938.992188, 121938.992188, 0.000000
95797.351562, 95797.351562, 0.000000
92237.023438, 92237.023438, 0.000000
91904.023438, 91904.023438, 0.000000
91931.507812, 91931.507812, 0.000000
96104.421875, 96104.421875, 0.000000
100237.343750, 100237.343750, 0.000000
93345.164062, 93345.164062, 0.000000
90661.375000, 90661.375000, 0.000000
91396.578125, 91396.578125, 0.000000
114580.398438, 114580.398438, 0.000000
91918.250000, 91918.250000, 0.000000
109202.203125, 109202.203125, 0.000000
114082.468750, 114082.468750, 0.000000
105702.382812, 105702.382812, 0.000000
91345.593750, 91345.593750, 0.000000
92810.492188, 92810.492188, 0.000000
91955.843750, 91955.843750, 0.000000
101455.835938, 101455.835938, 0.000000
91376.429688, 91376.429688, 0.000000
107621.484375, 107621.484375, 0.000000
96711.750000, 96711.750000, 0.000000
94500.164062, 94500.164062, 0.000000
93824.765625, 93824.765625, 0.000000
88962.054688, 88962.054688, 0.000000
90405.992188, 90405.992188, 0.000000
111218.421875, 111218.421875, 0.000000
95393.851562, 95393.851562, 0.000000
91076.734375, 91076.734375, 0.000000
109331.437500, 109331.437500, 0.000000
96061.960938, 96061.960938, 0.000000
94876.375000, 94876.375000, 0.000000
116328.273438, 116328.273438, 0.000000
108143.000000, 108143.000000, 0.000000
97115.367188, 97115.367188, 0.000000
91906.007812, 91906.007812, 0.000000
106761.296875, 106761.296875, 0.000000
95343.804688, 95343.804688, 0.000000
106866.335938, 106866.335938, 0.000000
97685.195312, 97685.195312, 0.000000
91970.367188, 91970.367188, 0.000000
106202.648438, 106202.648438, 0.000000
96211.328125, 96211.328125, 0.000000
114105.414062, 114105.414062, 0.000000
105741.687500, 105741.687500, 0.000000
98840.031250, 98840.031250, 0.000000
92372.414062, 92372.414062, 0.000000
104915.304688, 104915.304688, 0.000000
97207.242188, 97207.242188, 0.000000
99459.562500, 99459.562500, 0.000000
104851.750000, 104851.750000, 0.000000
103812.265625, 103812.265625, 0.000000
100309.679688, 100309.679688, 0.000000
93194.789062, 93194.789062, 0.000000
112517.500000, 112517.500000, 0.000000
101184.242188, 101184.242188, 0.000000
101980.062500, 101980.062500, 0.000000
102980.351562, 102980.351562, 0.000000
104209.312500, 104209.312500, 0.000000
98244.125000, 98244.125000, 0.000000
103367.859375, 103367.859375, 0.000000
98944.742188, 98944.742188, 0.000000
93927.585938, 93927.585938, 0.000000
101339.359375, 101339.359375, 0.000000
101335.648438, 101335.648438, 0.000000
101330.937500, 101330.937500, 0.000000
101398.296875, 101398.296875, 0.000000
101370.281250, 101370.281250, 0.000000
101371.453125, 101371.453125, 0.000000
101368.296875, 101368.296875, 0.000000
101363.851562, 101363.851562, 0.000000
101361.281250, 101361.281250, 0.000000
101357.054688, 101357.054688, 0.000000
101365.414062, 101365.414062, 0.000000
101367.125000, 101367.125000, 0.000000
101359.765625, 101359.765625, 0.000000
101352.523438, 101352.523438, 0.000000
101350.109375, 101350.109375, 0.000000
101358.148438, 101358.148438, 0.000000
101368.578125, 101368.578125, 0.000000
101362.695312, 101362.695312, 0.000000
101355.101562, 101355.101562, 0.000000
101348.320312, 101348.320312, 0.000000
101346.023438, 101346.023438, 0.000000
101341.828125, 101341.828125, 0.000000
101339.820312, 101339.820312, 0.000000
101361.203125, 101361.203125, 0.000000
101357.984375, 101357.984375, 0.000000
101350.820312, 101350.820312, 0.000000
101365.460938, 101365.460938, 0.000000
101344.039062, 101344.039062, 0.000000
101346.343750, 101346.343750, 0.000000
101338.054688, 101338.054688, 0.000000
101336.414062, 101336.414062, 0.000000
101343.500000, 101343.500000, 0.000000
101360.554688, 101360.554688, 0.000000
101353.109375, 101353.109375, 0.000000
101340.156250, 101340.156250, 0.000000
101341.867188, 101341.867188, 0.000000
101348.507812, 101348.507812, 0.000000
101347.273438, 101347.273438, 0.000000
101337.546875, 101337.546875, 0.000000
101334.570312, 101334.570312, 0.000000
101325.601562, 101325.601562, 0.000000
101325.632812, 101325.632812, 0.000000
101325.484375, 101325.484375, 0.000000
101325.695312, 101325.695312, 0.000000
101325.265625, 101325.265625, 0.000000
101325.507812, 101325.507812, 0.000000
101325.273438, 101325.273438, 0.000000
101325.007812, 101325.007812, 0.000000
101325.054688, 101325.054688, 0.000000
101325.562500, 101325.562500, 0.000000
101324.734375, 101324.734375, 0.000000
101324.429688, 101324.429688, 0.000000
101324.601562, 101324.601562, 0.000000
101324.843750, 101324.843750, 0.000000
101325.867188, 101325.867188, 0.000000
101325.820312, 101325.820312, 0.000000
101325.882812, 101325.882812, 0.000000
101326.039062, 101326.039062, 0.000000
101324.265625, 101324.265625, 0.000000
101324.437500, 101324.437500, 0.000000
101326.078125, 101326.078125, 0.000000
101326.039062, 101326.039062, 0.000000
101326.164062, 101326.164062, 0.000000
101325.937500, 101325.937500, 0.000000
101326.117188, 101326.117188, 0.000000
101325.820312, 101325.820312, 0.000000
101325.843750, 101325.843750, 0.000000
101326.039062, 101326.039062, 0.000000
101326.125000, 101326.125000, 0.000000
101325.203125, 101325.203125, 0.000000
101325.398438, 101325.398438, 0.000000
101325.125000, 101325.125000, 0.000000
101325.062500, 101325.062500, 0.000000
101325.109375, 101325.109375, 0.000000
101325.437500, 101325.437500, 0.000000
101324.976562, 101324.976562, 0.000000
101325.328125, 101325.328125, 0.000000
101325.445312, 101325.445312, 0.000000
101325.140625, 101325.140625, 0.000000
101325.507812, 101325.507812, 0.000000
101345.164062, 101345.164062, 0.000000
101359.796875, 101359.796875, 0.000000
101368.312500, 101368.312500, 0.000000
101350.914062, 101350.914062, 0.000000
101360.187500, 101360.187500, 0.000000
101367.648438, 101367.648438, 0.000000
101351.679688, 101351.679688, 0.000000
101343.632812, 101343.632812, 0.000000
101343.789062, 101343.789062, 0.000000
101337.203125, 101337.203125, 0.000000
101336.968750, 101336.968750, 0.000000
101331.859375, 101331.859375, 0.000000
101332.359375, 101332.359375, 0.000000
101367.750000, 101367.750000, 0.000000
101360.843750, 101360.843750, 0.000000
101352.921875, 101352.921875, 0.000000
101353.953125, 101353.953125, 0.000000
101368.828125, 101368.828125, 0.000000
101337.593750, 101337.593750, 0.000000
101361.804688, 101361.804688, 0.000000
101369.437500, 101369.437500, 0.000000
101377.773438, 101377.773438, 0.000000
101377.789062, 101377.789062, 0.000000
101372.562500, 101372.562500, 0.000000
101382.601562, 101382.601562, 0.000000
101377.492188, 101377.492188, 0.000000
101373.039062, 101373.039062, 0.000000
101366.726562, 101366.726562, 0.000000
101378.148438, 101378.148438, 0.000000
101366.742188, 101366.742188, 0.000000
101372.039062, 101372.039062, 0.000000
101371.507812, 101371.507812, 0.000000
101377.351562, 101377.351562, 0.000000
101382.421875, 101382.421875, 0.000000
101371.140625, 101371.140625, 0.000000
101365.750000, 101365.750000, 0.000000
101359.734375, 101359.734375, 0.000000
101359.093750, 101359.093750, 0.000000
101391.937500, 101391.937500, 0.000000
101360.406250, 101360.406250, 0.000000
102409.406250, 102409.406250, 0.000000
105100.523438, 105100.523438, 0.000000
99152.867188, 99152.867188, 0.000000
102307.687500, 102307.687500, 0.000000
102202.062500, 102202.062500, 0.000000
102247.937500, 102247.937500, 0.000000
106460.539062, 106460.539062, 0.000000
99912.093750, 99912.093750, 0.000000
100684.546875, 100684.546875, 0.000000
101913.820312, 101913.820312, 0.000000
95675.078125, 95675.078125, 0.000000
97770.367188, 97770.367188, 0.000000
103011.750000, 103011.750000, 0.000000
102864.539062, 102864.539062, 0.000000
98793.843750, 98793.843750, 0.000000
97580.960938, 97580.960938, 0.000000
102335.406250, 102335.406250, 0.000000
97331.125000, 97331.125000, 0.000000
102046.437500, 102046.437500, 0.000000
104546.750000, 104546.750000, 0.000000
103626.890625, 103626.890625, 0.000000
100759.062500, 100759.062500, 0.000000
101651.945312, 101651.945312, 0.000000
96287.203125, 96287.203125, 0.000000
99745.859375, 99745.859375, 0.000000
102094.742188, 102094.742188, 0.000000
102551.289062, 102551.289062, 0.000000
106498.867188, 106498.867188, 0.000000
102205.906250, 102205.906250, 0.000000
102109.093750, 102109.093750, 0.000000
95129.007812, 95129.007812, 0.000000
101423.078125, 101423.078125, 0.000000
102559.695312, 102559.695312, 0.000000
100465.007812, 100465.007812, 0.000000
100551.445312, 100551.445312, 0.000000
101921.257812, 101921.257812, 0.000000
100178.007812, 100178.007812, 0.000000
101887.132812, 101887.132812, 0.000000
101521.835938, 101521.835938, 0.000000
101277.132812, 101277.132812, 0.000000
94086.023438, 94086.023438, 0.000000
93685.023438, 93685.023438, 0.000000
93865.507812, 93865.507812, 0.000000
93629.609375, 93629.609375, 0.000000
95918.070312, 95918.070312, 0.000000
93985.906250, 93985.906250, 0.000000
93423.359375, 93423.359375, 0.000000
93852.492188, 93852.492188, 0.000000
95126.726562, 95126.726562, 0.000000
94421.265625, 94421.265625, 0.000000
94893.085938, 94893.085938, 0.000000
94968.960938, 94968.960938, 0.000000
94807.914062, 94807.914062, 0.000000
94873.406250, 94873.406250, 0.000000
96829.343750, 96829.343750, 0.000000
95298.046875, 95298.046875, 0.000000
96147.070312, 96147.070312, 0.000000
93902.437500, 93902.437500, 0.000000
94933.820312, 94933.820312, 0.000000
93976.171875, 93976.171875, 0.000000
93987.648438, 93987.648438, 0.000000
93062.289062, 93062.289062, 0.000000
102413.156250, 102413.156250, 0.000000
92189.500000, 92189.500000, 0.000000
93207.968750, 93207.968750, 0.000000
98786.562500, 98786.562500, 0.000000
92229.773438, 92229.773438, 0.000000
92919.578125, 92919.578125, 0.000000
100545.195312, 100545.195312, 0.000000
105325.093750, 105325.093750, 0.000000
93758.609375, 93758.609375, 0.000000
97214.148438, 97214.148438, 0.000000
92220.273438, 92220.273438, 0.000000
92994.429688, 92994.429688, 0.000000
92320.687500, 92320.687500, 0.000000
94514.625000, 94514.625000, 0.000000
107523.671875, 107523.671875, 0.000000
99613.375000, 99613.375000, 0.000000
92902.039062, 92902.039062, 0.000000
100799.835938, 100799.835938, 0.000000
102744.257812, 102744.257812, 0.000000
96022.828125, 96022.828125, 0.000000
92536.757812, 92536.757812, 0.000000
96146.937500, 96146.937500, 0.000000
101407.640625, 101407.640625, 0.000000
100671.968750, 100671.968750, 0.000000
102075.929688, 102075.929688, 0.000000
95926.695312, 95926.695312, 0.000000
98903.617188, 98903.617188, 0.000000
107666.125000, 107666.125000, 0.000000
109119.398438, 109119.398438, 0.000000
77928.859375, 77928.859375, 0.000000
101605.320312, 101605.320312, 0.000000
101623.843750, 101623.843750, 0.000000
96152.171875, 96152.171875, 0.000000
100812.335938, 100812.335938, 0.000000
92923.398438, 92923.398438, 0.000000
102596.812500, 102596.812500, 0.000000
100690.070312, 100690.070312, 0.000000
91399.312500, 91399.312500, 0.000000
108827.046875, 108827.046875, 0.000000
101064.664062, 101064.664062, 0.000000
96875.046875, 96875.046875, 0.000000
87057.382812, 87057.382812, 0.000000
103001.734375, 103001.734375, 0.000000
94966.484375, 94966.484375, 0.000000
101029.226562, 101029.226562, 0.000000
102117.484375, 102117.484375, 0.000000
95744.843750, 95744.843750, 0.000000
100758.921875, 100758.921875, 0.000000
114598.367188, 114598.367188, 0.000000
101761.460938, 101761.460938, 0.000000
102047.617188, 102047.617188, 0.000000
110858.023438, 110858.023438, 0.000000
95426.382812, 95426.382812, 0.000000
101397.992188, 101397.992188, 0.000000
98593.171875, 98593.171875, 0.000000
97417.187500, 97417.187500, 0.000000
104063.328125, 104063.328125, 0.000000
102339.671875, 102339.671875, 0.000000
100310.640625, 100310.640625, 0.000000
100470.851562, 100470.851562, 0.000000
100141.070312, 100141.070312, 0.000000
100008.062500, 100008.062500, 0.000000
99869.960938, 99869.960938, 0.000000
100207.296875, 100207.296875, 0.000000
99405.117188, 99405.117188, 0.000000
99673.687500, 99673.687500, 0.000000
100154.320312, 100154.320312, 0.000000
99985.468750, 99985.468750, 0.000000
99763.078125, 99763.078125, 0.000000
99410.601562, 99410.601562, 0.000000
98888.046875, 98888.046875, 0.000000
99167.898438, 99167.898438, 0.000000
99387.492188, 99387.492188, 0.000000
99262.437500, 99262.437500, 0.000000
101708.039062, 101708.039062, 0.000000
100272.601562, 100272.601562, 0.000000
97870.828125, 97870.828125, 0.000000
100715.945312, 100715.945312, 0.000000
100691.632812, 100691.632812, 0.000000
100859.507812, 100859.507812, 0.000000
96368.437500, 96368.437500, 0.000000
100010.734375, 100010.734375, 0.000000
100123.218750, 100123.218750, 0.000000
100064.953125, 100064.953125, 0.000000
99865.500000, 99865.500000, 0.000000
99860.820312, 99860.820312, 0.000000
96089.968750, 96089.968750, 0.000000
95303.351562, 95303.351562, 0.000000
96706.132812, 96706.132812, 0.000000
96941.953125, 96941.953125, 0.000000
97158.093750, 97158.093750, 0.000000
99791.335938, 99791.335938, 0.000000
99616.445312, 99616.445312, 0.000000
99926.335938, 99926.335938, 0.000000
100466.640625, 100466.640625, 0.000000
100424.101562, 100424.101562, 0.000000
102366.851562, 102366.851562, 0.000000
99855.164062, 99855.164062, 0.000000
100910.039062, 100910.039062, 0.000000
99312.804688, 99312.804688, 0.000000
100800.492188, 100800.492188, 0.000000
102592.156250, 102592.156250, 0.000000
102620.664062, 102620.664062, 0.000000
94091.109375, 94091.109375, 0.000000
92164.437500, 92164.437500, 0.000000
95463.054688, 95463.054688, 0.000000
97812.859375, 97812.859375, 0.000000
97485.593750, 97485.593750, 0.000000
98091.265625, 98091.265625, 0.000000
98299.914062, 98299.914062, 0.000000
123908.054688, 123908.054688, 0.000000
100270.406250, 100270.406250, 0.000000
108019.000000, 108019.000000, 0.000000
103234.515625, 103234.515625, 0.000000
96630.398438, 96630.398438, 0.000000
102873.859375, 102873.859375, 0.000000
106749.375000, 106749.375000, 0.000000
99010.460938, 99010.460938, 0.000000
100802.257812, 100802.257812, 0.000000
108739.132812, 108739.132812, 0.000000
103490.304688, 103490.304688, 0.000000
104608.632812, 104608.632812, 0.000000
104281.687500, 104281.687500, 0.000000
94066.117188, 94066.117188, 0.000000
95518.617188, 95518.617188, 0.000000
94716.218750, 94716.218750, 0.000000
96232.140625, 96232.140625, 0.000000
96241.429688, 96241.429688, 0.000000
99051.218750, 99051.218750, 0.000000
97347.109375, 97347.109375, 0.000000
98680.656250, 98680.656250, 0.000000
100550.257812, 100550.257812, 0.000000
98385.421875, 98385.421875, 0.000000
95312.343750, 95312.343750, 0.000000
96455.734375, 96455.734375, 0.000000
95310.828125, 95310.828125, 0.000000
95667.898438, 95667.898438, 0.000000
98139.390625, 98139.390625, 0.000000
102360.390625, 102360.390625, 0.000000
103398.945312, 103398.945312, 0.000000
97914.812500, 97914.812500, 0.000000
97527.492188, 97527.492188, 0.000000
103563.585938, 103563.585938, 0.000000
103662.109375, 103662.109375, 0.000000
103381.460938, 103381.460938, 0.000000
103590.695312, 103590.695312, 0.000000
101981.476562, 101981.476562, 0.000000
103119.664062, 103119.664062, 0.000000
103096.234375, 103096.234375, 0.000000
103643.796875, 103643.796875, 0.000000
104031.085938, 104031.085938, 0.000000
103444.210938, 103444.210938, 0.000000
104574.437500, 104574.437500, 0.000000
102716.593750, 102716.593750, 0.000000
103075.835938, 103075.835938, 0.000000
103250.515625, 103250.515625, 0.000000
103149.132812, 103149.132812, 0.000000
102839.367188, 102839.367188, 0.000000
102259.929688, 102259.929688, 0.000000
103961.578125, 103961.578125, 0.000000
103988.734375, 103988.734375, 0.000000
94561.851562, 94561.851562, 0.000000
95181.289062, 95181.289062, 0.000000
95442.242188, 95442.242188, 0.000000
96674.523438, 96674.523438, 0.000000
96647.109375, 96647.109375, 0.000000
96335.390625, 96335.390625, 0.000000
96885.765625, 96885.765625, 0.000000
97614.882812, 97614.882812, 0.000000
97240.562500, 97240.562500, 0.000000
100879.382812, 100879.382812, 0.000000
94049.554688, 94049.554688, 0.000000
98907.382812, 98907.382812, 0.000000
98976.007812, 98976.007812, 0.000000
98808.257812, 98808.257812, 0.000000
98829.257812, 98829.257812, 0.000000
99167.156250, 99167.156250, 0.000000
99141.273438, 99141.273438, 0.000000
103336.968750, 103336.968750, 0.000000
97003.750000, 97003.750000, 0.000000
104128.664062, 104128.664062, 0.000000
102201.406250, 102201.406250, 0.000000
98955.796875, 98955.796875, 0.000000
105518.898438, 105518.898438, 0.000000
97387.765625, 97387.765625, 0.000000
97016.531250, 97016.531250, 0.000000
97628.718750, 97628.718750, 0.000000
97210.937500, 97210.937500, 0.000000
97439.734375, 97439.734375, 0.000000
101870.546875, 101870.546875, 0.000000
92856.250000, 92856.250000, 0.000000
105793.023438, 105793.023438, 0.000000
97418.976562, 97418.976562, 0.000000
96716.312500, 96716.312500, 0.000000
93023.070312, 93023.070312, 0.000000
101475.273438, 101475.273438, 0.000000
94213.304688, 94213.304688, 0.000000
95239.226562, 95239.226562, 0.000000
95335.148438, 95335.148438, 0.000000
94794.578125, 94794.578125, 0.000000
95134.640625, 95134.640625, 0.000000
95867.296875, 95867.296875, 0.000000
102296.671875, 102296.671875, 0.000000
100034.445312, 100034.445312, 0.000000
99974.890625, 99974.890625, 0.000000
99952.007812, 99952.007812, 0.000000
100105.062500, 100105.062500, 0.000000
100207.843750, 100207.843750, 0.000000
100326.906250, 100326.906250, 0.000000
101910.343750, 101910.343750, 0.000000
102079.570312, 102079.570312, 0.000000
102660.117188, 102660.117188, 0.000000
102795.250000, 102795.250000, 0.000000
101768.656250, 101768.656250, 0.000000
101553.851562, 101553.851562, 0.000000
102860.031250, 102860.031250, 0.000000
98348.804688, 98348.804688, 0.000000
96516.421875, 96516.421875, 0.000000
101082.781250, 101082.781250, 0.000000
93302.312500, 93302.312500, 0.000000
101143.960938, 101143.960938, 0.000000
99776.609375, 99776.609375, 0.000000
99895.593750, 99895.593750, 0.000000
102573.453125, 102573.453125, 0.000000
102778.164062, 102778.164062, 0.000000
104285.703125, 104285.703125, 0.000000
104426.335938, 104426.335938, 0.000000
100711.710938, 100711.710938, 0.000000
100535.742188, 100535.742188, 0.000000
102828.242188, 102828.242188, 0.000000
102617.484375, 102617.484375, 0.000000
103765.359375, 103765.359375, 0.000000
102116.343750, 102116.343750, 0.000000
97551.515625, 97551.515625, 0.000000
97569.710938, 97569.710938, 0.000000
98289.359375, 98289.359375, 0.000000
98084.117188, 98084.117188, 0.000000
100160.632812, 100160.632812, 0.000000
totaldiff=0.0000000000, sz=960, average absolute error value:0.0000000000
totaldiff=0.0000000000, sz=960, average relative error rate:0.0000000000
