cfgFile=sz.config
[SZ] Reading SZ configuration file (sz.config) ...
2260
6354
6277
1563
2378
4754
7203
4020
1539
4849
233
4308
4096
4088
4103
4097
4096
4125
4071
4094
4091
4086
4090
4134
4075
4090
4106
4104
4072
4129
4071
4071
4128
4101
4084
4128
4072
4098
4083
4091
70
6512
5055
7912
714
5527
2738
5886
4380
2379
1346
5708
4562
4142
2029
5762
3927
3816
4358
5076
3019
4341
4045
6938
1380
6656
2778
870
3121
2203
2540
7248
3564
8087
2818
6737
7059
6021
2944
4870
500
4079
484
6985
3173
3918
4410
3166
5579
3239
1406
4621
4780
4539
3007
3573
5362
3465
5837
1060
5744
3397
2087
1880
3540
2987
6065
3205
3545
7935
5316
5955
1053
2389
5517
3606
5384
1366
7303
771
6708
3371
4689
6103
1609
4714
3189
4835
4081
4722
3235
4278
4438
3146
5752
3159
3316
5382
3538
3746
4406
5826
1705
6033
605
6636
3940
3635
5182
666
7987
1678
4204
5991
6856
1756
6594
3127
1827
7974
2630
3569
2657
1205
3412
8112
988
4881
2894
7124
2467
7564
522
2380
199
228
727
478
7834
2606
2583
5789
4227
5114
2218
4735
6796
5487
6558
1014
4088
6517
3170
5668
2594
4710
752
6030
2435
5792
953
1361
4735
4162
370
3678
3244
6286
2323
1926
4915
7187
1303
7863
5968
4588
2839
8125
170
5851
5537
6875
6623
988
7572
2802
5823
3100
8079
1159
527
3598
1527
3884
5738
7213
5558
692
6883
3709
4352
2960
4036
2001
7201
6864
1894
5719
5114
3939
46
7632
3916
4464
2837
2211
7856
4289
7055
2931
2265
5144
7980
3078
1329
5321
110
6629
5543
1895
6246
4782
602
1450
6823
2143
7833
2122
4975
6310
1662
6252
1041
5036
1789
5136
2954
6536
3178
6343
3686
54
7285
4837
4692
1487
6892
2871
6285
1596
7630
1863
4416
2579
2150
3641
2563
1859
1329
7378
2688
4265
348
636
5944
609
3182
2520
4043
5073
2666
5482
2668
2935
6365
6358
801
7199
3282
2249
4187
6528
2086
4500
6515
1374
5807
2482
4255
3353
5827
2438
3362
6450
3454
3387
4452
3676
3281
6285
3840
1889
7685
6843
3105
3619
4767
3497
5526
1731
5910
6961
5282
5130
2454
4781
2757
5989
7172
895
4190
2460
4859
5898
4322
384
5975
5447
3255
3561
5573
3049
3637
4740
4005
2831
7160
1567
3981
6420
1609
5411
3394
4757
3505
3880
3075
5217
7098
54
6535
3080
4468
3409
4626
3531
4644
3923
4108
4084
4082
4117
4081
4137
4063
4081
4088
4151
4032
4597
3156
4594
4267
4507
2671
4904
4125
4056
4102
4100
4112
4080
4121
4080
4101
4095
4070
4109
4130
4063
4092
4130
3670
4887
3652
4222
4027
3994
2476
8135
1197
4132
4635
4743
3422
4438
4122
3596
4028
4005
4362
4420
4250
3388
3746
5139
2975
5001
3598
5558
2174
5292
3610
4210
4041
4200
3888
4220
4055
4152
4040
4138
4118
3976
4189
4077
4087
4109
4122
4072
4096
4057
4136
4102
4074
4109
4097
4134
4017
4135
4099
4099
4080
4109
4115
4075
4099
4066
4125
4090
4103
4085
4106
4092
4096
4097
4096
4100
4114
4078
4065
4140
4049
4139
4113
4067
4075
4105
4100
4108
4092
4162
3984
4174
4112
3901
4285
4081
4071
4067
4122
4092
4102
4111
4073
4124
4071
4071
4121
4116
4067
4121
4070
4136
4076
4074
4088
4134
4097
4097
4075
4082
4119
4095
4091
4107
4074
4109
4065
4158
4062
4095
4105
4088
4064
4133
4104
4117
4057
4069
4161
4064
4068
4155
4035
4129
4094
4122
4068
4098
4102
4096
4069
4119
4089
4099
4105
4082
4113
4076
4117
4080
4101
4097
4098
4092
4095
4096
4087
4091
4097
4134
4107
4070
4087
4099
4065
4135
4070
4125
4070
4136
4044
4119
4098
4097
4096
4095
4097
4095
4098
4093
4102
4100
4086
4082
4110
4111
4078
4093
4128
4071
4093
4093
4104
4111
4080
4093
4096
4094
4110
4084
4096
4120
4058
4111
4089
4107
4092
4097
4089
4103
4103
4083
4055
4109
4210
4024
4080
4107
4102
4077
4113
4101
4069
4113
4094
4094
4101
4080
4109
4095
4099
4102
4094
4093
4093
4096
4084
4121
4066
4111
4095
4103
4063
4107
4151
4045
4121
4086
4103
4082
4123
4064
4109
4104
4075
4108
4121
4063
4089
4088
4152
4060
4103
4095
4087
4103
4095
4068
4149
4082
4041
4138
4098
timecost, 0.005705, seconds
done
7768
3761
sz compression ratio, 2.07 
timecost, 0.000083, second
done
Max absolute error = 0
Max relative error = 0
Max pw_relative err = 0
./inputdata/full/yf17_p_pi.dat, ./inputdata/full/yf17_p_pi.dat.sz.out, 971
size of double: 8
58933.808594, 58933.808594, 0.000000
171879.359375, 171879.359375, 0.000000
100238.492188, 100238.492188, 0.000000
142484.640625, 142484.640625, 0.000000
94445.906250, 94445.906250, 0.000000
120016.125000, 120016.125000, 0.000000
94877.687500, 94877.687500, 0.000000
101515.890625, 101515.890625, 0.000000
88203.312500, 88203.312500, 0.000000
98907.875000, 98907.875000, 0.000000
87867.007812, 87867.007812, 0.000000
88089.796875, 88089.796875, 0.000000
107584.960938, 107584.960938, 0.000000
98871.156250, 98871.156250, 0.000000
88091.367188, 88091.367188, 0.000000
114852.281250, 114852.281250, 0.000000
100428.687500, 100428.687500, 0.000000
98940.640625, 98940.640625, 0.000000
99992.554688, 99992.554688, 0.000000
103498.671875, 103498.671875, 0.000000
104155.414062, 104155.414062, 0.000000
96938.078125, 96938.078125, 0.000000
141577.078125, 141577.078125, 0.000000
114139.492188, 114139.492188, 0.000000
102294.664062, 102294.664062, 0.000000
121771.960938, 121771.960938, 0.000000
121002.546875, 121002.546875, 0.000000
89947.687500, 89947.687500, 0.000000
92315.992188, 92315.992188, 0.000000
113003.250000, 113003.250000, 0.000000
96133.687500, 96133.687500, 0.000000
141640.453125, 141640.453125, 0.000000
133648.906250, 133648.906250, 0.000000
94468.703125, 94468.703125, 0.000000
96141.906250, 96141.906250, 0.000000
88983.179688, 88983.179688, 0.000000
93667.781250, 93667.781250, 0.000000
95453.507812, 95453.507812, 0.000000
98349.460938, 98349.460938, 0.000000
92691.289062, 92691.289062, 0.000000
92275.890625, 92275.890625, 0.000000
91733.226562, 91733.226562, 0.000000
115126.093750, 115126.093750, 0.000000
87198.437500, 87198.437500, 0.000000
91279.828125, 91279.828125, 0.000000
91046.437500, 91046.437500, 0.000000
115535.906250, 115535.906250, 0.000000
91683.507812, 91683.507812, 0.000000
90626.695312, 90626.695312, 0.000000
123401.046875, 123401.046875, 0.000000
124828.546875, 124828.546875, 0.000000
127526.445312, 127526.445312, 0.000000
123054.562500, 123054.562500, 0.000000
91999.000000, 91999.000000, 0.000000
86439.335938, 86439.335938, 0.000000
90960.203125, 90960.203125, 0.000000
88962.054688, 88962.054688, 0.000000
115644.453125, 115644.453125, 0.000000
90373.570312, 90373.570312, 0.000000
88887.820312, 88887.820312, 0.000000
118256.625000, 118256.625000, 0.000000
101253.148438, 101253.148438, 0.000000
92180.953125, 92180.953125, 0.000000
101732.125000, 101732.125000, 0.000000
101335.796875, 101335.796875, 0.000000
101336.765625, 101336.765625, 0.000000
101337.812500, 101337.812500, 0.000000
101324.265625, 101324.265625, 0.000000
101324.234375, 101324.234375, 0.000000
101324.960938, 101324.960938, 0.000000
101325.531250, 101325.531250, 0.000000
101381.398438, 101381.398438, 0.000000
101391.289062, 101391.289062, 0.000000
101395.843750, 101395.843750, 0.000000
101391.226562, 101391.226562, 0.000000
101368.773438, 101368.773438, 0.000000
101333.507812, 101333.507812, 0.000000
101370.203125, 101370.203125, 0.000000
101367.468750, 101367.468750, 0.000000
101355.101562, 101355.101562, 0.000000
101360.320312, 101360.320312, 0.000000
101378.773438, 101378.773438, 0.000000
101353.953125, 101353.953125, 0.000000
101391.937500, 101391.937500, 0.000000
101382.257812, 101382.257812, 0.000000
101323.765625, 101323.765625, 0.000000
101327.921875, 101327.921875, 0.000000
101340.125000, 101340.125000, 0.000000
101329.929688, 101329.929688, 0.000000
101379.937500, 101379.937500, 0.000000
101385.210938, 101385.210938, 0.000000
101393.289062, 101393.289062, 0.000000
101378.390625, 101378.390625, 0.000000
101353.703125, 101353.703125, 0.000000
93778.937500, 93778.937500, 0.000000
100866.406250, 100866.406250, 0.000000
112482.601562, 112482.601562, 0.000000
96502.796875, 96502.796875, 0.000000
105789.070312, 105789.070312, 0.000000
101538.210938, 101538.210938, 0.000000
99085.726562, 99085.726562, 0.000000
103786.632812, 103786.632812, 0.000000
102148.179688, 102148.179688, 0.000000
103192.882812, 103192.882812, 0.000000
101689.492188, 101689.492188, 0.000000
103544.054688, 103544.054688, 0.000000
105929.945312, 105929.945312, 0.000000
97081.429688, 97081.429688, 0.000000
102436.875000, 102436.875000, 0.000000
104572.250000, 104572.250000, 0.000000
101552.039062, 101552.039062, 0.000000
101555.820312, 101555.820312, 0.000000
102431.156250, 102431.156250, 0.000000
103393.515625, 103393.515625, 0.000000
100480.820312, 100480.820312, 0.000000
100690.898438, 100690.898438, 0.000000
100584.929688, 100584.929688, 0.000000
99954.031250, 99954.031250, 0.000000
99812.148438, 99812.148438, 0.000000
101510.437500, 101510.437500, 0.000000
101187.531250, 101187.531250, 0.000000
101325.328125, 101325.328125, 0.000000
101367.109375, 101367.109375, 0.000000
106737.953125, 106737.953125, 0.000000
104393.421875, 104393.421875, 0.000000
96956.320312, 96956.320312, 0.000000
100427.578125, 100427.578125, 0.000000
108698.375000, 108698.375000, 0.000000
95558.062500, 95558.062500, 0.000000
101985.148438, 101985.148438, 0.000000
97835.625000, 97835.625000, 0.000000
103839.640625, 103839.640625, 0.000000
92939.156250, 92939.156250, 0.000000
109604.765625, 109604.765625, 0.000000
96144.015625, 96144.015625, 0.000000
107164.914062, 107164.914062, 0.000000
101077.515625, 101077.515625, 0.000000
92601.585938, 92601.585938, 0.000000
99106.875000, 99106.875000, 0.000000
92152.906250, 92152.906250, 0.000000
100883.351562, 100883.351562, 0.000000
103767.054688, 103767.054688, 0.000000
93283.656250, 93283.656250, 0.000000
94875.632812, 94875.632812, 0.000000
94700.585938, 94700.585938, 0.000000
102356.671875, 102356.671875, 0.000000
97987.523438, 97987.523438, 0.000000
108427.093750, 108427.093750, 0.000000
102837.695312, 102837.695312, 0.000000
93817.062500, 93817.062500, 0.000000
95668.515625, 95668.515625, 0.000000
94700.656250, 94700.656250, 0.000000
99444.914062, 99444.914062, 0.000000
103224.421875, 103224.421875, 0.000000
91859.078125, 91859.078125, 0.000000
99535.734375, 99535.734375, 0.000000
94891.156250, 94891.156250, 0.000000
110317.039062, 110317.039062, 0.000000
103674.820312, 103674.820312, 0.000000
104266.359375, 104266.359375, 0.000000
117550.820312, 117550.820312, 0.000000
37248.417969, 37248.417969, 0.000000
108267.039062, 108267.039062, 0.000000
104004.640625, 104004.640625, 0.000000
96038.203125, 96038.203125, 0.000000
92905.468750, 92905.468750, 0.000000
66730.593750, 66730.593750, 0.000000
103474.328125, 103474.328125, 0.000000
106408.617188, 106408.617188, 0.000000
104233.484375, 104233.484375, 0.000000
101139.367188, 101139.367188, 0.000000
99944.515625, 99944.515625, 0.000000
100878.664062, 100878.664062, 0.000000
103196.210938, 103196.210938, 0.000000
99087.679688, 99087.679688, 0.000000
99900.968750, 99900.968750, 0.000000
99886.406250, 99886.406250, 0.000000
100428.023438, 100428.023438, 0.000000
98384.445312, 98384.445312, 0.000000
103638.437500, 103638.437500, 0.000000
94364.140625, 94364.140625, 0.000000
100281.984375, 100281.984375, 0.000000
106187.304688, 106187.304688, 0.000000
98422.093750, 98422.093750, 0.000000
100559.234375, 100559.234375, 0.000000
96702.281250, 96702.281250, 0.000000
100890.164062, 100890.164062, 0.000000
101831.125000, 101831.125000, 0.000000
100175.968750, 100175.968750, 0.000000
100597.000000, 100597.000000, 0.000000
100355.570312, 100355.570312, 0.000000
99985.515625, 99985.515625, 0.000000
100183.554688, 100183.554688, 0.000000
98697.140625, 98697.140625, 0.000000
99898.789062, 99898.789062, 0.000000
99547.523438, 99547.523438, 0.000000
94319.750000, 94319.750000, 0.000000
100583.257812, 100583.257812, 0.000000
99106.078125, 99106.078125, 0.000000
98580.554688, 98580.554688, 0.000000
99294.132812, 99294.132812, 0.000000
100811.367188, 100811.367188, 0.000000
100354.171875, 100354.171875, 0.000000
98949.914062, 98949.914062, 0.000000
99838.828125, 99838.828125, 0.000000
99585.156250, 99585.156250, 0.000000
102487.281250, 102487.281250, 0.000000
99887.039062, 99887.039062, 0.000000
100271.820312, 100271.820312, 0.000000
99391.843750, 99391.843750, 0.000000
94868.867188, 94868.867188, 0.000000
99635.601562, 99635.601562, 0.000000
100384.304688, 100384.304688, 0.000000
100127.687500, 100127.687500, 0.000000
97857.882812, 97857.882812, 0.000000
99159.312500, 99159.312500, 0.000000
98845.023438, 98845.023438, 0.000000
97531.296875, 97531.296875, 0.000000
103177.578125, 103177.578125, 0.000000
100304.546875, 100304.546875, 0.000000
99642.953125, 99642.953125, 0.000000
102350.843750, 102350.843750, 0.000000
99543.718750, 99543.718750, 0.000000
93642.804688, 93642.804688, 0.000000
101728.945312, 101728.945312, 0.000000
99647.140625, 99647.140625, 0.000000
100318.640625, 100318.640625, 0.000000
100040.335938, 100040.335938, 0.000000
102257.414062, 102257.414062, 0.000000
99185.343750, 99185.343750, 0.000000
102328.085938, 102328.085938, 0.000000
99028.476562, 99028.476562, 0.000000
104346.773438, 104346.773438, 0.000000
99456.812500, 99456.812500, 0.000000
99627.976562, 99627.976562, 0.000000
98393.281250, 98393.281250, 0.000000
98308.843750, 98308.843750, 0.000000
102112.437500, 102112.437500, 0.000000
101096.328125, 101096.328125, 0.000000
101278.609375, 101278.609375, 0.000000
99704.132812, 99704.132812, 0.000000
99561.078125, 99561.078125, 0.000000
99388.976562, 99388.976562, 0.000000
100429.703125, 100429.703125, 0.000000
99802.726562, 99802.726562, 0.000000
99527.953125, 99527.953125, 0.000000
99915.164062, 99915.164062, 0.000000
98463.171875, 98463.171875, 0.000000
100218.531250, 100218.531250, 0.000000
100157.914062, 100157.914062, 0.000000
98587.484375, 98587.484375, 0.000000
99508.109375, 99508.109375, 0.000000
99347.429688, 99347.429688, 0.000000
98509.210938, 98509.210938, 0.000000
98271.117188, 98271.117188, 0.000000
101384.281250, 101384.281250, 0.000000
100164.820312, 100164.820312, 0.000000
102454.515625, 102454.515625, 0.000000
98419.265625, 98419.265625, 0.000000
98986.445312, 98986.445312, 0.000000
99270.203125, 99270.203125, 0.000000
98719.203125, 98719.203125, 0.000000
100136.046875, 100136.046875, 0.000000
93343.296875, 93343.296875, 0.000000
117822.484375, 117822.484375, 0.000000
99273.148438, 99273.148438, 0.000000
100361.562500, 100361.562500, 0.000000
95233.500000, 95233.500000, 0.000000
97157.984375, 97157.984375, 0.000000
94698.562500, 94698.562500, 0.000000
101351.648438, 101351.648438, 0.000000
93339.820312, 93339.820312, 0.000000
95076.015625, 95076.015625, 0.000000
97007.328125, 97007.328125, 0.000000
102373.953125, 102373.953125, 0.000000
95034.164062, 95034.164062, 0.000000
102361.195312, 102361.195312, 0.000000
96555.648438, 96555.648438, 0.000000
101345.023438, 101345.023438, 0.000000
98183.960938, 98183.960938, 0.000000
100025.500000, 100025.500000, 0.000000
97625.023438, 97625.023438, 0.000000
99751.835938, 99751.835938, 0.000000
100123.593750, 100123.593750, 0.000000
96382.273438, 96382.273438, 0.000000
99670.742188, 99670.742188, 0.000000
100300.812500, 100300.812500, 0.000000
99976.148438, 99976.148438, 0.000000
97044.125000, 97044.125000, 0.000000
102302.843750, 102302.843750, 0.000000
97128.632812, 97128.632812, 0.000000
103160.546875, 103160.546875, 0.000000
101162.226562, 101162.226562, 0.000000
108153.507812, 108153.507812, 0.000000
99093.320312, 99093.320312, 0.000000
102360.390625, 102360.390625, 0.000000
100387.734375, 100387.734375, 0.000000
97174.148438, 97174.148438, 0.000000
101240.468750, 101240.468750, 0.000000
99673.734375, 99673.734375, 0.000000
99529.906250, 99529.906250, 0.000000
97206.585938, 97206.585938, 0.000000
100372.351562, 100372.351562, 0.000000
100584.757812, 100584.757812, 0.000000
93225.460938, 93225.460938, 0.000000
95315.476562, 95315.476562, 0.000000
103691.851562, 103691.851562, 0.000000
105589.195312, 105589.195312, 0.000000
104375.929688, 104375.929688, 0.000000
96101.632812, 96101.632812, 0.000000
102538.656250, 102538.656250, 0.000000
101966.234375, 101966.234375, 0.000000
95286.593750, 95286.593750, 0.000000
106375.195312, 106375.195312, 0.000000
98706.203125, 98706.203125, 0.000000
101192.765625, 101192.765625, 0.000000
97122.500000, 97122.500000, 0.000000
99825.304688, 99825.304688, 0.000000
99829.273438, 99829.273438, 0.000000
97090.953125, 97090.953125, 0.000000
97526.718750, 97526.718750, 0.000000
98208.789062, 98208.789062, 0.000000
100798.171875, 100798.171875, 0.000000
99867.562500, 99867.562500, 0.000000
100133.937500, 100133.937500, 0.000000
105463.453125, 105463.453125, 0.000000
101031.617188, 101031.617188, 0.000000
99208.078125, 99208.078125, 0.000000
102000.531250, 102000.531250, 0.000000
99014.648438, 99014.648438, 0.000000
96013.828125, 96013.828125, 0.000000
97551.812500, 97551.812500, 0.000000
97353.968750, 97353.968750, 0.000000
100101.859375, 100101.859375, 0.000000
100034.882812, 100034.882812, 0.000000
101120.046875, 101120.046875, 0.000000
95935.210938, 95935.210938, 0.000000
103216.375000, 103216.375000, 0.000000
100587.531250, 100587.531250, 0.000000
101585.375000, 101585.375000, 0.000000
99467.414062, 99467.414062, 0.000000
100530.695312, 100530.695312, 0.000000
95700.867188, 95700.867188, 0.000000
100206.164062, 100206.164062, 0.000000
99583.101562, 99583.101562, 0.000000
100157.976562, 100157.976562, 0.000000
100855.132812, 100855.132812, 0.000000
144759.687500, 144759.687500, 0.000000
96551.023438, 96551.023438, 0.000000
102508.703125, 102508.703125, 0.000000
101479.367188, 101479.367188, 0.000000
99667.109375, 99667.109375, 0.000000
96311.101562, 96311.101562, 0.000000
103121.718750, 103121.718750, 0.000000
98325.101562, 98325.101562, 0.000000
97497.039062, 97497.039062, 0.000000
151176.421875, 151176.421875, 0.000000
94820.484375, 94820.484375, 0.000000
99404.906250, 99404.906250, 0.000000
100776.406250, 100776.406250, 0.000000
98214.093750, 98214.093750, 0.000000
109246.546875, 109246.546875, 0.000000
97676.453125, 97676.453125, 0.000000
95311.757812, 95311.757812, 0.000000
94432.179688, 94432.179688, 0.000000
99154.812500, 99154.812500, 0.000000
98813.578125, 98813.578125, 0.000000
105301.296875, 105301.296875, 0.000000
100877.914062, 100877.914062, 0.000000
99846.960938, 99846.960938, 0.000000
99706.890625, 99706.890625, 0.000000
97290.132812, 97290.132812, 0.000000
102174.515625, 102174.515625, 0.000000
99944.296875, 99944.296875, 0.000000
100892.984375, 100892.984375, 0.000000
104455.218750, 104455.218750, 0.000000
97899.484375, 97899.484375, 0.000000
96380.843750, 96380.843750, 0.000000
99440.859375, 99440.859375, 0.000000
96870.031250, 96870.031250, 0.000000
100598.593750, 100598.593750, 0.000000
101980.000000, 101980.000000, 0.000000
93638.992188, 93638.992188, 0.000000
103173.671875, 103173.671875, 0.000000
99868.484375, 99868.484375, 0.000000
99693.617188, 99693.617188, 0.000000
97713.367188, 97713.367188, 0.000000
102951.945312, 102951.945312, 0.000000
102867.703125, 102867.703125, 0.000000
96314.640625, 96314.640625, 0.000000
99983.460938, 99983.460938, 0.000000
102749.507812, 102749.507812, 0.000000
100859.609375, 100859.609375, 0.000000
98586.671875, 98586.671875, 0.000000
99288.632812, 99288.632812, 0.000000
105639.343750, 105639.343750, 0.000000
100304.507812, 100304.507812, 0.000000
118213.429688, 118213.429688, 0.000000
99527.710938, 99527.710938, 0.000000
99728.351562, 99728.351562, 0.000000
102578.882812, 102578.882812, 0.000000
99259.328125, 99259.328125, 0.000000
100992.390625, 100992.390625, 0.000000
102022.609375, 102022.609375, 0.000000
103517.195312, 103517.195312, 0.000000
102953.312500, 102953.312500, 0.000000
102281.117188, 102281.117188, 0.000000
97809.992188, 97809.992188, 0.000000
106505.773438, 106505.773438, 0.000000
105865.250000, 105865.250000, 0.000000
110852.398438, 110852.398438, 0.000000
103096.312500, 103096.312500, 0.000000
100357.460938, 100357.460938, 0.000000
93625.679688, 93625.679688, 0.000000
101138.679688, 101138.679688, 0.000000
98989.195312, 98989.195312, 0.000000
99984.687500, 99984.687500, 0.000000
102951.312500, 102951.312500, 0.000000
105615.015625, 105615.015625, 0.000000
100431.273438, 100431.273438, 0.000000
102099.234375, 102099.234375, 0.000000
103416.296875, 103416.296875, 0.000000
105447.976562, 105447.976562, 0.000000
105041.312500, 105041.312500, 0.000000
100980.453125, 100980.453125, 0.000000
104206.984375, 104206.984375, 0.000000
107806.015625, 107806.015625, 0.000000
100443.085938, 100443.085938, 0.000000
98813.687500, 98813.687500, 0.000000
109208.812500, 109208.812500, 0.000000
98422.625000, 98422.625000, 0.000000
101021.281250, 101021.281250, 0.000000
101363.265625, 101363.265625, 0.000000
98156.406250, 98156.406250, 0.000000
96980.687500, 96980.687500, 0.000000
103910.742188, 103910.742188, 0.000000
99585.328125, 99585.328125, 0.000000
102785.156250, 102785.156250, 0.000000
104012.812500, 104012.812500, 0.000000
99879.226562, 99879.226562, 0.000000
103869.554688, 103869.554688, 0.000000
134903.171875, 134903.171875, 0.000000
102267.601562, 102267.601562, 0.000000
102040.562500, 102040.562500, 0.000000
104186.531250, 104186.531250, 0.000000
98610.468750, 98610.468750, 0.000000
97942.593750, 97942.593750, 0.000000
100076.351562, 100076.351562, 0.000000
98634.015625, 98634.015625, 0.000000
100686.843750, 100686.843750, 0.000000
103853.062500, 103853.062500, 0.000000
101341.859375, 101341.859375, 0.000000
106504.960938, 106504.960938, 0.000000
103807.179688, 103807.179688, 0.000000
96810.031250, 96810.031250, 0.000000
113115.304688, 113115.304688, 0.000000
99629.570312, 99629.570312, 0.000000
97134.523438, 97134.523438, 0.000000
99070.914062, 99070.914062, 0.000000
97833.101562, 97833.101562, 0.000000
102669.804688, 102669.804688, 0.000000
104297.390625, 104297.390625, 0.000000
107353.429688, 107353.429688, 0.000000
101001.156250, 101001.156250, 0.000000
98246.335938, 98246.335938, 0.000000
91538.523438, 91538.523438, 0.000000
108335.859375, 108335.859375, 0.000000
100341.703125, 100341.703125, 0.000000
104969.757812, 104969.757812, 0.000000
83252.781250, 83252.781250, 0.000000
84840.343750, 84840.343750, 0.000000
98953.976562, 98953.976562, 0.000000
100188.085938, 100188.085938, 0.000000
104926.437500, 104926.437500, 0.000000
104699.093750, 104699.093750, 0.000000
106000.187500, 106000.187500, 0.000000
103552.640625, 103552.640625, 0.000000
102793.687500, 102793.687500, 0.000000
100179.937500, 100179.937500, 0.000000
101532.265625, 101532.265625, 0.000000
101391.531250, 101391.531250, 0.000000
123299.179688, 123299.179688, 0.000000
115720.023438, 115720.023438, 0.000000
92206.171875, 92206.171875, 0.000000
101104.609375, 101104.609375, 0.000000
99633.515625, 99633.515625, 0.000000
101814.414062, 101814.414062, 0.000000
103328.515625, 103328.515625, 0.000000
92417.812500, 92417.812500, 0.000000
101859.875000, 101859.875000, 0.000000
103988.023438, 103988.023438, 0.000000
99548.562500, 99548.562500, 0.000000
100289.843750, 100289.843750, 0.000000
83798.421875, 83798.421875, 0.000000
100529.070312, 100529.070312, 0.000000
99572.132812, 99572.132812, 0.000000
99818.906250, 99818.906250, 0.000000
101035.039062, 101035.039062, 0.000000
98011.250000, 98011.250000, 0.000000
99530.195312, 99530.195312, 0.000000
totaldiff=0.0000000000, sz=971, average absolute error value:0.0000000000
totaldiff=0.0000000000, sz=971, average relative error rate:0.0000000000
