current pwr_bound is 5e-2
cfgFile=sz.config
[SZ] Reading SZ configuration file (sz.config) ...
point count: 640
pwrLength=20
pwrErrBoundBytes_size=40
pw_relBoundRatio=0.050000
hit: 638
miss: 0
length of statenum:65536
nodecount=69
treeByteSize=484
enCodeSize=184
-------insight of tdps
dataLength=640
exactDataNum=2
realPrecision=0.048828
medianValue=0.000000
reqLength=23
quantization_intervals=20000
pwrErrBoundBytes_size=40
radExpo=6
-----------------------
timecost, 0.004810, seconds
done
input file size: 5120
output file size: 371
sz compression ratio, 13.80 
timecost, 0.003809, second
done
Max absolute error = 4.33984375
Max relative error = 0.0350768141185218707
Max pw_relative err = 0.039059207874535033234
../model_comparison/inputdata/sample_1/fish.dat, ../model_comparison/inputdata/sample_1/fish.dat.sz.out, 640
size of double: 8
0.000000, 0.000000, 0.000000
0.000000, 0.000000, 0.000000
0.000000, 0.000000, 0.000000
0.000000, 0.000000, 0.000000
0.000000, 0.000000, 0.000000
0.000000, 0.000000, 0.000000
0.000000, 0.000000, 0.000000
0.000000, 0.000000, 0.000000
0.000000, 0.000000, 0.000000
0.000000, 0.000000, 0.000000
0.000000, 0.000000, 0.000000
0.000000, 0.000000, 0.000000
0.000000, 0.000000, 0.000000
0.000000, 0.000000, 0.000000
0.000000, 0.000000, 0.000000
0.000000, 0.000000, 0.000000
0.000000, 0.000000, 0.000000
0.000000, 0.000000, 0.000000
0.000000, 0.000000, 0.000000
0.000000, 0.000000, 0.000000
0.000000, 0.000000, 0.000000
0.000000, 0.000000, 0.000000
0.000000, 0.000000, 0.000000
0.000000, 0.000000, 0.000000
0.000000, 0.000000, 0.000000
0.000000, 0.000000, 0.000000
0.000000, 0.000000, 0.000000
0.000000, 0.000000, 0.000000
0.000000, 0.000000, 0.000000
0.000000, 0.000000, 0.000000
0.000000, 0.000000, 0.000000
0.000000, 0.000000, 0.000000
0.000000, 0.000000, 0.000000
0.000000, 0.000000, 0.000000
0.000000, 0.000000, 0.000000
0.000000, 0.000000, 0.000000
0.000000, 0.000000, 0.000000
0.000000, 0.000000, 0.000000
0.000000, 0.000000, 0.000000
0.000000, 0.000000, 0.000000
0.000000, 0.000000, 0.000000
0.000000, 0.000000, 0.000000
0.000000, 0.000000, 0.000000
0.000000, 0.000000, 0.000000
0.000000, 0.000000, 0.000000
0.000000, 0.000000, 0.000000
0.000000, 0.000000, 0.000000
0.000000, 0.000000, 0.000000
0.000000, 0.000000, 0.000000
0.000000, 0.000000, 0.000000
0.000000, 0.000000, 0.000000
0.000000, 0.000000, 0.000000
0.000000, 0.000000, 0.000000
0.000000, 0.000000, 0.000000
0.000000, 0.000000, 0.000000
0.000000, 0.000000, 0.000000
0.000000, 0.000000, 0.000000
0.000000, 0.000000, 0.000000
0.000000, 0.000000, 0.000000
0.000000, 0.000000, 0.000000
0.000000, 0.000000, 0.000000
0.000000, 0.000000, 0.000000
0.000000, 0.000000, 0.000000
0.000000, 0.000000, 0.000000
0.000000, 0.000000, 0.000000
0.000000, 0.000000, 0.000000
0.000000, 0.000000, 0.000000
0.000000, 0.000000, 0.000000
0.000000, 0.000000, 0.000000
0.000000, 0.000000, 0.000000
0.000000, 0.000000, 0.000000
0.000000, 0.000000, 0.000000
0.000000, 0.000000, 0.000000
0.000000, 0.000000, 0.000000
0.000000, 0.000000, 0.000000
0.000000, 0.000000, 0.000000
0.000000, 0.000000, 0.000000
0.000000, 0.000000, 0.000000
0.000000, 0.000000, 0.000000
0.000000, 0.000000, 0.000000
0.000000, 0.000000, 0.000000
0.000000, 0.000000, 0.000000
0.000000, 0.000000, 0.000000
0.000000, 0.000000, 0.000000
0.000000, 0.000000, 0.000000
0.000000, 0.000000, 0.000000
0.000000, 0.000000, 0.000000
0.000000, 0.000000, 0.000000
0.000000, 0.000000, 0.000000
0.000000, 0.000000, 0.000000
0.000000, 0.000000, 0.000000
0.000000, 0.000000, 0.000000
0.000000, 0.000000, 0.000000
0.000000, 0.000000, 0.000000
0.000000, 0.000000, 0.000000
0.000000, 0.000000, 0.000000
0.000000, 0.000000, 0.000000
0.000000, 0.000000, 0.000000
0.000000, 0.000000, 0.000000
0.000000, 0.000000, 0.000000
0.000000, 0.000000, 0.000000
0.000000, 0.000000, 0.000000
0.000000, 0.000000, 0.000000
0.000000, 0.000000, 0.000000
0.000000, 0.000000, 0.000000
0.000000, 0.000000, 0.000000
0.000000, 0.000000, 0.000000
0.000000, 0.000000, 0.000000
0.000000, 0.000000, 0.000000
0.000000, 0.000000, 0.000000
0.000000, 0.000000, 0.000000
0.000000, 0.000000, 0.000000
0.000000, 0.000000, 0.000000
0.000000, 0.000000, 0.000000
0.000000, 0.000000, 0.000000
0.000000, 0.000000, 0.000000
0.000000, 0.000000, 0.000000
0.000000, 0.000000, 0.000000
0.000000, 0.000000, 0.000000
0.000000, 0.000000, 0.000000
0.000000, 0.000000, 0.000000
0.000000, 0.000000, 0.000000
0.000000, 0.000000, 0.000000
0.000000, 0.000000, 0.000000
0.000000, 0.000000, 0.000000
0.000000, 0.000000, 0.000000
0.000000, 0.000000, 0.000000
0.000000, 0.000000, 0.000000
0.000000, 0.000000, 0.000000
0.000000, 0.000000, 0.000000
0.000000, 0.000000, 0.000000
0.000000, 0.000000, 0.000000
0.000000, 0.000000, 0.000000
0.000000, 0.000000, 0.000000
0.000000, 0.000000, 0.000000
0.000000, 0.000000, 0.000000
0.000000, 0.000000, 0.000000
0.000000, 0.000000, 0.000000
0.000000, 0.000000, 0.000000
0.000000, 0.000000, 0.000000
0.000000, 0.000000, 0.000000
0.000000, 0.000000, 0.000000
0.000000, 0.000000, 0.000000
0.000000, 0.000000, 0.000000
0.000000, 0.000000, 0.000000
0.000000, 0.000000, 0.000000
0.000000, 0.000000, 0.000000
0.000000, 0.000000, 0.000000
0.000000, 0.000000, 0.000000
0.000000, 0.000000, 0.000000
0.000000, 0.000000, 0.000000
0.000000, 0.000000, 0.000000
0.000000, 0.000000, 0.000000
0.000000, 0.000000, 0.000000
0.000000, 0.000000, 0.000000
0.000000, 0.000000, 0.000000
0.000000, 0.000000, 0.000000
0.000000, 0.000000, 0.000000
0.000000, 0.000000, 0.000000
0.000000, 0.000000, 0.000000
0.000000, 0.000000, 0.000000
0.000000, 0.000000, 0.000000
0.000000, 0.000000, 0.000000
0.000000, 0.000000, 0.000000
0.000000, 0.000000, 0.000000
0.000000, 0.000000, 0.000000
0.000000, 0.000000, 0.000000
0.000000, 0.000000, 0.000000
0.000000, 0.000000, 0.000000
0.000000, 0.000000, 0.000000
0.000000, 0.000000, 0.000000
0.000000, 0.000000, 0.000000
0.000000, 0.000000, 0.000000
0.000000, 0.000000, 0.000000
0.000000, 0.000000, 0.000000
0.000000, 0.000000, 0.000000
0.000000, 0.000000, 0.000000
0.000000, 0.000000, 0.000000
0.000000, 0.000000, 0.000000
0.000000, 0.000000, 0.000000
0.000000, 0.000000, 0.000000
0.000000, 0.000000, 0.000000
0.000000, 0.000000, 0.000000
0.000000, 0.000000, 0.000000
0.000000, 0.000000, 0.000000
0.000000, 0.000000, 0.000000
0.000000, 0.000000, 0.000000
0.000000, 0.000000, 0.000000
0.000000, 0.000000, 0.000000
0.000000, 0.000000, 0.000000
0.000000, 0.000000, 0.000000
0.000000, 0.000000, 0.000000
0.000000, 0.000000, 0.000000
0.000000, 0.000000, 0.000000
0.000000, 0.000000, 0.000000
0.000000, 0.000000, 0.000000
0.000000, 0.000000, 0.000000
0.000000, 0.000000, 0.000000
0.000000, 0.000000, 0.000000
0.000000, 0.000000, 0.000000
0.000000, 0.000000, 0.000000
0.000000, 0.000000, 0.000000
0.000000, 0.000000, 0.000000
0.000000, 0.000000, 0.000000
0.000000, 0.000000, 0.000000
0.000000, 0.000000, 0.000000
0.000000, 0.000000, 0.000000
0.000000, 0.000000, 0.000000
0.000000, 0.000000, 0.000000
0.000000, 0.000000, 0.000000
0.000000, 0.000000, 0.000000
0.000000, 0.000000, 0.000000
0.000000, 0.000000, 0.000000
0.000000, 0.000000, 0.000000
0.000000, 0.000000, 0.000000
0.000000, 0.000000, 0.000000
0.000000, 0.000000, 0.000000
0.000000, 0.000000, 0.000000
0.000000, 0.000000, 0.000000
0.000000, 0.000000, 0.000000
0.000000, 0.000000, 0.000000
0.000000, 0.000000, 0.000000
0.000000, 0.000000, 0.000000
0.000000, 0.000000, 0.000000
0.000000, 0.000000, 0.000000
0.000000, 0.000000, 0.000000
0.000000, 0.000000, 0.000000
0.000000, 0.000000, 0.000000
0.000000, 0.000000, 0.000000
0.000000, 0.000000, 0.000000
0.000000, 0.000000, 0.000000
0.000000, 0.000000, 0.000000
0.000000, 0.000000, 0.000000
0.000000, 0.000000, 0.000000
0.000000, 0.000000, 0.000000
0.000000, 0.000000, 0.000000
0.000000, 0.000000, 0.000000
0.000000, 0.000000, 0.000000
0.000000, 0.000000, 0.000000
0.000000, 0.000000, 0.000000
0.000000, 0.000000, 0.000000
0.000000, 0.000000, 0.000000
0.000000, 0.000000, 0.000000
0.000000, 0.000000, 0.000000
0.000000, 0.000000, 0.000000
0.000000, 0.000000, 0.000000
0.000000, 0.000000, 0.000000
0.000000, 0.000000, 0.000000
0.000000, 0.000000, 0.000000
0.000000, 0.000000, 0.000000
0.000000, 0.000000, 0.000000
61.433900, 61.425781, -0.008119
84.966300, 84.960938, -0.005363
91.589300, 91.601562, 0.012263
89.375600, 89.355469, -0.020131
88.857700, 88.867188, 0.009488
91.022700, 88.378906, -2.643794
98.585100, 96.890625, -1.694475
109.058000, 105.402344, -3.655656
110.596000, 113.914062, 3.318062
109.162000, 113.425781, 4.263781
111.526000, 112.937500, 1.411500
116.097000, 112.449219, -3.647781
119.680000, 120.960938, 1.280937
121.309000, 120.472656, -0.836344
122.760000, 119.984375, -2.775625
123.724000, 119.496094, -4.227906
121.805000, 119.007812, -2.797188
117.313000, 118.519531, 1.206531
112.739000, 109.031250, -3.707750
111.724000, 108.542969, -3.181031
111.768000, 108.054688, -3.713313
111.247000, 107.566406, -3.680594
110.608000, 107.078125, -3.529875
109.730000, 106.589844, -3.140156
109.409000, 106.101562, -3.307438
110.544000, 114.613281, 4.069281
113.256000, 114.125000, 0.869000
113.902000, 113.636719, -0.265281
113.863000, 113.148438, -0.714562
0.000000, -4.339844, -4.339844
0.000000, 4.171875, 4.171875
0.000000, 3.683594, 3.683594
0.000000, 3.195312, 3.195312
0.000000, 2.707031, 2.707031
0.000000, 2.218750, 2.218750
0.000000, 1.730469, 1.730469
0.000000, 1.242188, 1.242188
0.000000, -0.027344, -0.027344
0.000000, -0.027344, -0.027344
0.000000, -0.027344, -0.027344
0.000000, -0.027344, -0.027344
0.000000, -0.027344, -0.027344
0.000000, -0.027344, -0.027344
0.000000, -0.027344, -0.027344
0.000000, -0.027344, -0.027344
0.000000, -0.027344, -0.027344
0.000000, -0.027344, -0.027344
0.000000, -0.027344, -0.027344
0.000000, -0.027344, -0.027344
0.000000, -0.027344, -0.027344
0.000000, -0.027344, -0.027344
0.000000, -0.027344, -0.027344
0.000000, -0.027344, -0.027344
0.000000, -0.027344, -0.027344
0.000000, -0.027344, -0.027344
0.000000, -0.027344, -0.027344
0.000000, -0.027344, -0.027344
0.000000, -0.027344, -0.027344
0.000000, -0.027344, -0.027344
0.000000, -0.027344, -0.027344
0.000000, -0.027344, -0.027344
0.000000, -0.027344, -0.027344
0.000000, -0.027344, -0.027344
0.000000, -0.027344, -0.027344
0.000000, -0.027344, -0.027344
0.000000, -0.027344, -0.027344
0.000000, -0.027344, -0.027344
0.000000, -0.027344, -0.027344
0.000000, -0.027344, -0.027344
0.000000, -0.027344, -0.027344
0.000000, -0.027344, -0.027344
0.000000, -0.027344, -0.027344
0.000000, -0.027344, -0.027344
0.000000, -0.027344, -0.027344
0.000000, -0.027344, -0.027344
0.000000, -0.027344, -0.027344
0.000000, -0.027344, -0.027344
0.000000, -0.027344, -0.027344
0.000000, -0.027344, -0.027344
0.000000, -0.027344, -0.027344
0.000000, -0.027344, -0.027344
0.000000, -0.027344, -0.027344
0.000000, -0.027344, -0.027344
0.000000, -0.027344, -0.027344
0.000000, -0.027344, -0.027344
0.000000, -0.027344, -0.027344
0.000000, -0.027344, -0.027344
0.000000, -0.027344, -0.027344
0.000000, -0.027344, -0.027344
0.000000, -0.027344, -0.027344
0.000000, -0.027344, -0.027344
0.000000, -0.027344, -0.027344
0.000000, -0.027344, -0.027344
0.000000, -0.027344, -0.027344
0.000000, -0.027344, -0.027344
0.000000, -0.027344, -0.027344
0.000000, -0.027344, -0.027344
0.000000, -0.027344, -0.027344
0.000000, -0.027344, -0.027344
0.000000, -0.027344, -0.027344
0.000000, -0.027344, -0.027344
0.000000, -0.027344, -0.027344
0.000000, -0.027344, -0.027344
0.000000, -0.027344, -0.027344
0.000000, -0.027344, -0.027344
0.000000, -0.027344, -0.027344
0.000000, -0.027344, -0.027344
0.000000, -0.027344, -0.027344
0.000000, -0.027344, -0.027344
0.000000, -0.027344, -0.027344
0.000000, -0.027344, -0.027344
0.000000, -0.027344, -0.027344
0.000000, -0.027344, -0.027344
0.000000, -0.027344, -0.027344
0.000000, -0.027344, -0.027344
0.000000, -0.027344, -0.027344
0.000000, -0.027344, -0.027344
0.000000, -0.027344, -0.027344
0.000000, -0.027344, -0.027344
0.000000, -0.027344, -0.027344
0.000000, -0.027344, -0.027344
0.000000, -0.027344, -0.027344
0.000000, -0.027344, -0.027344
0.000000, -0.027344, -0.027344
0.000000, -0.027344, -0.027344
0.000000, -0.027344, -0.027344
0.000000, -0.027344, -0.027344
0.000000, -0.027344, -0.027344
0.000000, -0.027344, -0.027344
0.000000, -0.027344, -0.027344
0.000000, -0.027344, -0.027344
0.000000, -0.027344, -0.027344
0.000000, -0.027344, -0.027344
0.000000, -0.027344, -0.027344
0.000000, -0.027344, -0.027344
0.000000, -0.027344, -0.027344
0.000000, -0.027344, -0.027344
0.000000, -0.027344, -0.027344
0.000000, -0.027344, -0.027344
0.000000, -0.027344, -0.027344
0.000000, -0.027344, -0.027344
0.000000, -0.027344, -0.027344
0.000000, -0.027344, -0.027344
0.000000, -0.027344, -0.027344
0.000000, -0.027344, -0.027344
0.000000, -0.027344, -0.027344
0.000000, -0.027344, -0.027344
0.000000, -0.027344, -0.027344
0.000000, -0.027344, -0.027344
0.000000, -0.027344, -0.027344
0.000000, -0.027344, -0.027344
0.000000, -0.027344, -0.027344
0.000000, -0.027344, -0.027344
0.000000, -0.027344, -0.027344
0.000000, -0.027344, -0.027344
0.000000, -0.027344, -0.027344
0.000000, -0.027344, -0.027344
0.000000, -0.027344, -0.027344
0.000000, -0.027344, -0.027344
0.000000, -0.027344, -0.027344
0.000000, -0.027344, -0.027344
0.000000, -0.027344, -0.027344
0.000000, -0.027344, -0.027344
0.000000, -0.027344, -0.027344
0.000000, -0.027344, -0.027344
0.000000, -0.027344, -0.027344
0.000000, -0.027344, -0.027344
0.000000, -0.027344, -0.027344
0.000000, -0.027344, -0.027344
0.000000, -0.027344, -0.027344
0.000000, -0.027344, -0.027344
0.000000, -0.027344, -0.027344
0.000000, -0.027344, -0.027344
0.000000, -0.027344, -0.027344
0.000000, -0.027344, -0.027344
0.000000, -0.027344, -0.027344
0.000000, -0.027344, -0.027344
0.000000, -0.027344, -0.027344
0.000000, -0.027344, -0.027344
0.000000, -0.027344, -0.027344
0.000000, -0.027344, -0.027344
0.000000, -0.027344, -0.027344
0.000000, -0.027344, -0.027344
0.000000, -0.027344, -0.027344
0.000000, -0.027344, -0.027344
0.000000, -0.027344, -0.027344
0.000000, -0.027344, -0.027344
0.000000, -0.027344, -0.027344
0.000000, -0.027344, -0.027344
0.000000, -0.027344, -0.027344
0.000000, -0.027344, -0.027344
0.000000, -0.027344, -0.027344
0.000000, -0.027344, -0.027344
0.000000, -0.027344, -0.027344
0.000000, -0.027344, -0.027344
0.000000, -0.027344, -0.027344
0.000000, -0.027344, -0.027344
0.000000, -0.027344, -0.027344
0.000000, -0.027344, -0.027344
0.000000, -0.027344, -0.027344
0.000000, -0.027344, -0.027344
0.000000, -0.027344, -0.027344
0.000000, -0.027344, -0.027344
0.000000, -0.027344, -0.027344
0.000000, -0.027344, -0.027344
0.000000, -0.027344, -0.027344
0.000000, -0.027344, -0.027344
0.000000, -0.027344, -0.027344
0.000000, -0.027344, -0.027344
0.000000, -0.027344, -0.027344
0.000000, -0.027344, -0.027344
0.000000, -0.027344, -0.027344
0.000000, -0.027344, -0.027344
0.000000, -0.027344, -0.027344
0.000000, -0.027344, -0.027344
0.000000, -0.027344, -0.027344
0.000000, -0.027344, -0.027344
0.000000, -0.027344, -0.027344
0.000000, -0.027344, -0.027344
0.000000, -0.027344, -0.027344
0.000000, -0.027344, -0.027344
0.000000, -0.027344, -0.027344
0.000000, -0.027344, -0.027344
0.000000, -0.027344, -0.027344
0.000000, -0.027344, -0.027344
0.000000, -0.027344, -0.027344
0.000000, -0.027344, -0.027344
0.000000, -0.027344, -0.027344
0.000000, -0.027344, -0.027344
0.000000, -0.027344, -0.027344
0.000000, -0.027344, -0.027344
0.000000, -0.027344, -0.027344
0.000000, -0.027344, -0.027344
0.000000, -0.027344, -0.027344
0.000000, -0.027344, -0.027344
0.000000, -0.027344, -0.027344
0.000000, -0.027344, -0.027344
0.000000, -0.027344, -0.027344
0.000000, -0.027344, -0.027344
0.000000, -0.027344, -0.027344
0.000000, -0.027344, -0.027344
0.000000, -0.027344, -0.027344
0.000000, -0.027344, -0.027344
0.000000, -0.027344, -0.027344
0.000000, -0.027344, -0.027344
0.000000, -0.027344, -0.027344
0.000000, -0.027344, -0.027344
0.000000, -0.027344, -0.027344
0.000000, -0.027344, -0.027344
totaldiff=125.6054562500, sz=640, average absolute error value:0.1962585254
totaldiff=323.6919988104, sz=640, average relative error rate:0.5057687481
