current pwr_bound is 1e-1
cfgFile=sz.config
[SZ] Reading SZ configuration file (sz.config) ...
point count: 640
pwrLength=20
pwrErrBoundBytes_size=40
pw_relBoundRatio=0.100000
hit: 638
miss: 0
length of statenum:65536
nodecount=57
treeByteSize=400
enCodeSize=180
-------insight of tdps
dataLength=640
exactDataNum=2
realPrecision=0.097656
medianValue=0.000000
reqLength=22
quantization_intervals=20000
pwrErrBoundBytes_size=40
radExpo=6
-----------------------
timecost, 0.004104, seconds
done
input file size: 5120
output file size: 327
sz compression ratio, 15.66 
timecost, 0.003841, second
done
Max absolute error = 8.1744374999999962483
Max relative error = 0.066069941967605280708
Max pw_relative err = 0.073296249305094748894
../model_comparison/inputdata/sample_1/fish.dat, ../model_comparison/inputdata/sample_1/fish.dat.sz.out, 640
size of double: 8
0.000000, 0.000000, 0.000000
0.000000, 0.000000, 0.000000
0.000000, 0.000000, 0.000000
0.000000, 0.000000, 0.000000
0.000000, 0.000000, 0.000000
0.000000, 0.000000, 0.000000
0.000000, 0.000000, 0.000000
0.000000, 0.000000, 0.000000
0.000000, 0.000000, 0.000000
0.000000, 0.000000, 0.000000
0.000000, 0.000000, 0.000000
0.000000, 0.000000, 0.000000
0.000000, 0.000000, 0.000000
0.000000, 0.000000, 0.000000
0.000000, 0.000000, 0.000000
0.000000, 0.000000, 0.000000
0.000000, 0.000000, 0.000000
0.000000, 0.000000, 0.000000
0.000000, 0.000000, 0.000000
0.000000, 0.000000, 0.000000
0.000000, 0.000000, 0.000000
0.000000, 0.000000, 0.000000
0.000000, 0.000000, 0.000000
0.000000, 0.000000, 0.000000
0.000000, 0.000000, 0.000000
0.000000, 0.000000, 0.000000
0.000000, 0.000000, 0.000000
0.000000, 0.000000, 0.000000
0.000000, 0.000000, 0.000000
0.000000, 0.000000, 0.000000
0.000000, 0.000000, 0.000000
0.000000, 0.000000, 0.000000
0.000000, 0.000000, 0.000000
0.000000, 0.000000, 0.000000
0.000000, 0.000000, 0.000000
0.000000, 0.000000, 0.000000
0.000000, 0.000000, 0.000000
0.000000, 0.000000, 0.000000
0.000000, 0.000000, 0.000000
0.000000, 0.000000, 0.000000
0.000000, 0.000000, 0.000000
0.000000, 0.000000, 0.000000
0.000000, 0.000000, 0.000000
0.000000, 0.000000, 0.000000
0.000000, 0.000000, 0.000000
0.000000, 0.000000, 0.000000
0.000000, 0.000000, 0.000000
0.000000, 0.000000, 0.000000
0.000000, 0.000000, 0.000000
0.000000, 0.000000, 0.000000
0.000000, 0.000000, 0.000000
0.000000, 0.000000, 0.000000
0.000000, 0.000000, 0.000000
0.000000, 0.000000, 0.000000
0.000000, 0.000000, 0.000000
0.000000, 0.000000, 0.000000
0.000000, 0.000000, 0.000000
0.000000, 0.000000, 0.000000
0.000000, 0.000000, 0.000000
0.000000, 0.000000, 0.000000
0.000000, 0.000000, 0.000000
0.000000, 0.000000, 0.000000
0.000000, 0.000000, 0.000000
0.000000, 0.000000, 0.000000
0.000000, 0.000000, 0.000000
0.000000, 0.000000, 0.000000
0.000000, 0.000000, 0.000000
0.000000, 0.000000, 0.000000
0.000000, 0.000000, 0.000000
0.000000, 0.000000, 0.000000
0.000000, 0.000000, 0.000000
0.000000, 0.000000, 0.000000
0.000000, 0.000000, 0.000000
0.000000, 0.000000, 0.000000
0.000000, 0.000000, 0.000000
0.000000, 0.000000, 0.000000
0.000000, 0.000000, 0.000000
0.000000, 0.000000, 0.000000
0.000000, 0.000000, 0.000000
0.000000, 0.000000, 0.000000
0.000000, 0.000000, 0.000000
0.000000, 0.000000, 0.000000
0.000000, 0.000000, 0.000000
0.000000, 0.000000, 0.000000
0.000000, 0.000000, 0.000000
0.000000, 0.000000, 0.000000
0.000000, 0.000000, 0.000000
0.000000, 0.000000, 0.000000
0.000000, 0.000000, 0.000000
0.000000, 0.000000, 0.000000
0.000000, 0.000000, 0.000000
0.000000, 0.000000, 0.000000
0.000000, 0.000000, 0.000000
0.000000, 0.000000, 0.000000
0.000000, 0.000000, 0.000000
0.000000, 0.000000, 0.000000
0.000000, 0.000000, 0.000000
0.000000, 0.000000, 0.000000
0.000000, 0.000000, 0.000000
0.000000, 0.000000, 0.000000
0.000000, 0.000000, 0.000000
0.000000, 0.000000, 0.000000
0.000000, 0.000000, 0.000000
0.000000, 0.000000, 0.000000
0.000000, 0.000000, 0.000000
0.000000, 0.000000, 0.000000
0.000000, 0.000000, 0.000000
0.000000, 0.000000, 0.000000
0.000000, 0.000000, 0.000000
0.000000, 0.000000, 0.000000
0.000000, 0.000000, 0.000000
0.000000, 0.000000, 0.000000
0.000000, 0.000000, 0.000000
0.000000, 0.000000, 0.000000
0.000000, 0.000000, 0.000000
0.000000, 0.000000, 0.000000
0.000000, 0.000000, 0.000000
0.000000, 0.000000, 0.000000
0.000000, 0.000000, 0.000000
0.000000, 0.000000, 0.000000
0.000000, 0.000000, 0.000000
0.000000, 0.000000, 0.000000
0.000000, 0.000000, 0.000000
0.000000, 0.000000, 0.000000
0.000000, 0.000000, 0.000000
0.000000, 0.000000, 0.000000
0.000000, 0.000000, 0.000000
0.000000, 0.000000, 0.000000
0.000000, 0.000000, 0.000000
0.000000, 0.000000, 0.000000
0.000000, 0.000000, 0.000000
0.000000, 0.000000, 0.000000
0.000000, 0.000000, 0.000000
0.000000, 0.000000, 0.000000
0.000000, 0.000000, 0.000000
0.000000, 0.000000, 0.000000
0.000000, 0.000000, 0.000000
0.000000, 0.000000, 0.000000
0.000000, 0.000000, 0.000000
0.000000, 0.000000, 0.000000
0.000000, 0.000000, 0.000000
0.000000, 0.000000, 0.000000
0.000000, 0.000000, 0.000000
0.000000, 0.000000, 0.000000
0.000000, 0.000000, 0.000000
0.000000, 0.000000, 0.000000
0.000000, 0.000000, 0.000000
0.000000, 0.000000, 0.000000
0.000000, 0.000000, 0.000000
0.000000, 0.000000, 0.000000
0.000000, 0.000000, 0.000000
0.000000, 0.000000, 0.000000
0.000000, 0.000000, 0.000000
0.000000, 0.000000, 0.000000
0.000000, 0.000000, 0.000000
0.000000, 0.000000, 0.000000
0.000000, 0.000000, 0.000000
0.000000, 0.000000, 0.000000
0.000000, 0.000000, 0.000000
0.000000, 0.000000, 0.000000
0.000000, 0.000000, 0.000000
0.000000, 0.000000, 0.000000
0.000000, 0.000000, 0.000000
0.000000, 0.000000, 0.000000
0.000000, 0.000000, 0.000000
0.000000, 0.000000, 0.000000
0.000000, 0.000000, 0.000000
0.000000, 0.000000, 0.000000
0.000000, 0.000000, 0.000000
0.000000, 0.000000, 0.000000
0.000000, 0.000000, 0.000000
0.000000, 0.000000, 0.000000
0.000000, 0.000000, 0.000000
0.000000, 0.000000, 0.000000
0.000000, 0.000000, 0.000000
0.000000, 0.000000, 0.000000
0.000000, 0.000000, 0.000000
0.000000, 0.000000, 0.000000
0.000000, 0.000000, 0.000000
0.000000, 0.000000, 0.000000
0.000000, 0.000000, 0.000000
0.000000, 0.000000, 0.000000
0.000000, 0.000000, 0.000000
0.000000, 0.000000, 0.000000
0.000000, 0.000000, 0.000000
0.000000, 0.000000, 0.000000
0.000000, 0.000000, 0.000000
0.000000, 0.000000, 0.000000
0.000000, 0.000000, 0.000000
0.000000, 0.000000, 0.000000
0.000000, 0.000000, 0.000000
0.000000, 0.000000, 0.000000
0.000000, 0.000000, 0.000000
0.000000, 0.000000, 0.000000
0.000000, 0.000000, 0.000000
0.000000, 0.000000, 0.000000
0.000000, 0.000000, 0.000000
0.000000, 0.000000, 0.000000
0.000000, 0.000000, 0.000000
0.000000, 0.000000, 0.000000
0.000000, 0.000000, 0.000000
0.000000, 0.000000, 0.000000
0.000000, 0.000000, 0.000000
0.000000, 0.000000, 0.000000
0.000000, 0.000000, 0.000000
0.000000, 0.000000, 0.000000
0.000000, 0.000000, 0.000000
0.000000, 0.000000, 0.000000
0.000000, 0.000000, 0.000000
0.000000, 0.000000, 0.000000
0.000000, 0.000000, 0.000000
0.000000, 0.000000, 0.000000
0.000000, 0.000000, 0.000000
0.000000, 0.000000, 0.000000
0.000000, 0.000000, 0.000000
0.000000, 0.000000, 0.000000
0.000000, 0.000000, 0.000000
0.000000, 0.000000, 0.000000
0.000000, 0.000000, 0.000000
0.000000, 0.000000, 0.000000
0.000000, 0.000000, 0.000000
0.000000, 0.000000, 0.000000
0.000000, 0.000000, 0.000000
0.000000, 0.000000, 0.000000
0.000000, 0.000000, 0.000000
0.000000, 0.000000, 0.000000
0.000000, 0.000000, 0.000000
0.000000, 0.000000, 0.000000
0.000000, 0.000000, 0.000000
0.000000, 0.000000, 0.000000
0.000000, 0.000000, 0.000000
0.000000, 0.000000, 0.000000
0.000000, 0.000000, 0.000000
0.000000, 0.000000, 0.000000
0.000000, 0.000000, 0.000000
0.000000, 0.000000, 0.000000
0.000000, 0.000000, 0.000000
0.000000, 0.000000, 0.000000
0.000000, 0.000000, 0.000000
0.000000, 0.000000, 0.000000
0.000000, 0.000000, 0.000000
0.000000, 0.000000, 0.000000
0.000000, 0.000000, 0.000000
0.000000, 0.000000, 0.000000
0.000000, 0.000000, 0.000000
0.000000, 0.000000, 0.000000
0.000000, 0.000000, 0.000000
0.000000, 0.000000, 0.000000
0.000000, 0.000000, 0.000000
0.000000, 0.000000, 0.000000
0.000000, 0.000000, 0.000000
61.433900, 61.523438, 0.089537
84.966300, 84.960938, -0.005363
91.589300, 91.601562, 0.012263
89.375600, 89.453125, 0.077525
88.857700, 88.867188, 0.009488
91.022700, 88.281250, -2.741450
98.585100, 105.695312, 7.110213
109.058000, 105.109375, -3.948625
110.596000, 104.523438, -6.072563
109.162000, 103.937500, -5.224500
111.526000, 103.351562, -8.174437
116.097000, 120.765625, 4.668625
119.680000, 120.179688, 0.499687
121.309000, 119.593750, -1.715250
122.760000, 119.007812, -3.752188
123.724000, 118.421875, -5.302125
121.805000, 117.835938, -3.969063
117.313000, 117.250000, -0.063000
112.739000, 116.664062, 3.925062
111.724000, 116.078125, 4.354125
111.768000, 115.492188, 3.724187
111.247000, 114.906250, 3.659250
110.608000, 114.320312, 3.712312
109.730000, 113.734375, 4.004375
109.409000, 113.148438, 3.739437
110.544000, 112.562500, 2.018500
113.256000, 111.976562, -1.279438
113.902000, 111.390625, -2.511375
113.863000, 110.804688, -3.058312
0.000000, 2.218750, 2.218750
0.000000, 1.632812, 1.632812
0.000000, 1.046875, 1.046875
0.000000, 0.460938, 0.460938
0.000000, -0.125000, -0.125000
0.000000, -0.710938, -0.710938
0.000000, -1.296875, -1.296875
0.000000, -1.882812, -1.882812
0.000000, 0.070312, 0.070312
0.000000, 0.070312, 0.070312
0.000000, 0.070312, 0.070312
0.000000, 0.070312, 0.070312
0.000000, 0.070312, 0.070312
0.000000, 0.070312, 0.070312
0.000000, 0.070312, 0.070312
0.000000, 0.070312, 0.070312
0.000000, 0.070312, 0.070312
0.000000, 0.070312, 0.070312
0.000000, 0.070312, 0.070312
0.000000, 0.070312, 0.070312
0.000000, 0.070312, 0.070312
0.000000, 0.070312, 0.070312
0.000000, 0.070312, 0.070312
0.000000, 0.070312, 0.070312
0.000000, 0.070312, 0.070312
0.000000, 0.070312, 0.070312
0.000000, 0.070312, 0.070312
0.000000, 0.070312, 0.070312
0.000000, 0.070312, 0.070312
0.000000, 0.070312, 0.070312
0.000000, 0.070312, 0.070312
0.000000, 0.070312, 0.070312
0.000000, 0.070312, 0.070312
0.000000, 0.070312, 0.070312
0.000000, 0.070312, 0.070312
0.000000, 0.070312, 0.070312
0.000000, 0.070312, 0.070312
0.000000, 0.070312, 0.070312
0.000000, 0.070312, 0.070312
0.000000, 0.070312, 0.070312
0.000000, 0.070312, 0.070312
0.000000, 0.070312, 0.070312
0.000000, 0.070312, 0.070312
0.000000, 0.070312, 0.070312
0.000000, 0.070312, 0.070312
0.000000, 0.070312, 0.070312
0.000000, 0.070312, 0.070312
0.000000, 0.070312, 0.070312
0.000000, 0.070312, 0.070312
0.000000, 0.070312, 0.070312
0.000000, 0.070312, 0.070312
0.000000, 0.070312, 0.070312
0.000000, 0.070312, 0.070312
0.000000, 0.070312, 0.070312
0.000000, 0.070312, 0.070312
0.000000, 0.070312, 0.070312
0.000000, 0.070312, 0.070312
0.000000, 0.070312, 0.070312
0.000000, 0.070312, 0.070312
0.000000, 0.070312, 0.070312
0.000000, 0.070312, 0.070312
0.000000, 0.070312, 0.070312
0.000000, 0.070312, 0.070312
0.000000, 0.070312, 0.070312
0.000000, 0.070312, 0.070312
0.000000, 0.070312, 0.070312
0.000000, 0.070312, 0.070312
0.000000, 0.070312, 0.070312
0.000000, 0.070312, 0.070312
0.000000, 0.070312, 0.070312
0.000000, 0.070312, 0.070312
0.000000, 0.070312, 0.070312
0.000000, 0.070312, 0.070312
0.000000, 0.070312, 0.070312
0.000000, 0.070312, 0.070312
0.000000, 0.070312, 0.070312
0.000000, 0.070312, 0.070312
0.000000, 0.070312, 0.070312
0.000000, 0.070312, 0.070312
0.000000, 0.070312, 0.070312
0.000000, 0.070312, 0.070312
0.000000, 0.070312, 0.070312
0.000000, 0.070312, 0.070312
0.000000, 0.070312, 0.070312
0.000000, 0.070312, 0.070312
0.000000, 0.070312, 0.070312
0.000000, 0.070312, 0.070312
0.000000, 0.070312, 0.070312
0.000000, 0.070312, 0.070312
0.000000, 0.070312, 0.070312
0.000000, 0.070312, 0.070312
0.000000, 0.070312, 0.070312
0.000000, 0.070312, 0.070312
0.000000, 0.070312, 0.070312
0.000000, 0.070312, 0.070312
0.000000, 0.070312, 0.070312
0.000000, 0.070312, 0.070312
0.000000, 0.070312, 0.070312
0.000000, 0.070312, 0.070312
0.000000, 0.070312, 0.070312
0.000000, 0.070312, 0.070312
0.000000, 0.070312, 0.070312
0.000000, 0.070312, 0.070312
0.000000, 0.070312, 0.070312
0.000000, 0.070312, 0.070312
0.000000, 0.070312, 0.070312
0.000000, 0.070312, 0.070312
0.000000, 0.070312, 0.070312
0.000000, 0.070312, 0.070312
0.000000, 0.070312, 0.070312
0.000000, 0.070312, 0.070312
0.000000, 0.070312, 0.070312
0.000000, 0.070312, 0.070312
0.000000, 0.070312, 0.070312
0.000000, 0.070312, 0.070312
0.000000, 0.070312, 0.070312
0.000000, 0.070312, 0.070312
0.000000, 0.070312, 0.070312
0.000000, 0.070312, 0.070312
0.000000, 0.070312, 0.070312
0.000000, 0.070312, 0.070312
0.000000, 0.070312, 0.070312
0.000000, 0.070312, 0.070312
0.000000, 0.070312, 0.070312
0.000000, 0.070312, 0.070312
0.000000, 0.070312, 0.070312
0.000000, 0.070312, 0.070312
0.000000, 0.070312, 0.070312
0.000000, 0.070312, 0.070312
0.000000, 0.070312, 0.070312
0.000000, 0.070312, 0.070312
0.000000, 0.070312, 0.070312
0.000000, 0.070312, 0.070312
0.000000, 0.070312, 0.070312
0.000000, 0.070312, 0.070312
0.000000, 0.070312, 0.070312
0.000000, 0.070312, 0.070312
0.000000, 0.070312, 0.070312
0.000000, 0.070312, 0.070312
0.000000, 0.070312, 0.070312
0.000000, 0.070312, 0.070312
0.000000, 0.070312, 0.070312
0.000000, 0.070312, 0.070312
0.000000, 0.070312, 0.070312
0.000000, 0.070312, 0.070312
0.000000, 0.070312, 0.070312
0.000000, 0.070312, 0.070312
0.000000, 0.070312, 0.070312
0.000000, 0.070312, 0.070312
0.000000, 0.070312, 0.070312
0.000000, 0.070312, 0.070312
0.000000, 0.070312, 0.070312
0.000000, 0.070312, 0.070312
0.000000, 0.070312, 0.070312
0.000000, 0.070312, 0.070312
0.000000, 0.070312, 0.070312
0.000000, 0.070312, 0.070312
0.000000, 0.070312, 0.070312
0.000000, 0.070312, 0.070312
0.000000, 0.070312, 0.070312
0.000000, 0.070312, 0.070312
0.000000, 0.070312, 0.070312
0.000000, 0.070312, 0.070312
0.000000, 0.070312, 0.070312
0.000000, 0.070312, 0.070312
0.000000, 0.070312, 0.070312
0.000000, 0.070312, 0.070312
0.000000, 0.070312, 0.070312
0.000000, 0.070312, 0.070312
0.000000, 0.070312, 0.070312
0.000000, 0.070312, 0.070312
0.000000, 0.070312, 0.070312
0.000000, 0.070312, 0.070312
0.000000, 0.070312, 0.070312
0.000000, 0.070312, 0.070312
0.000000, 0.070312, 0.070312
0.000000, 0.070312, 0.070312
0.000000, 0.070312, 0.070312
0.000000, 0.070312, 0.070312
0.000000, 0.070312, 0.070312
0.000000, 0.070312, 0.070312
0.000000, 0.070312, 0.070312
0.000000, 0.070312, 0.070312
0.000000, 0.070312, 0.070312
0.000000, 0.070312, 0.070312
0.000000, 0.070312, 0.070312
0.000000, 0.070312, 0.070312
0.000000, 0.070312, 0.070312
0.000000, 0.070312, 0.070312
0.000000, 0.070312, 0.070312
0.000000, 0.070312, 0.070312
0.000000, 0.070312, 0.070312
0.000000, 0.070312, 0.070312
0.000000, 0.070312, 0.070312
0.000000, 0.070312, 0.070312
0.000000, 0.070312, 0.070312
0.000000, 0.070312, 0.070312
0.000000, 0.070312, 0.070312
0.000000, 0.070312, 0.070312
0.000000, 0.070312, 0.070312
0.000000, 0.070312, 0.070312
0.000000, 0.070312, 0.070312
0.000000, 0.070312, 0.070312
0.000000, 0.070312, 0.070312
0.000000, 0.070312, 0.070312
0.000000, 0.070312, 0.070312
0.000000, 0.070312, 0.070312
0.000000, 0.070312, 0.070312
0.000000, 0.070312, 0.070312
0.000000, 0.070312, 0.070312
0.000000, 0.070312, 0.070312
0.000000, 0.070312, 0.070312
0.000000, 0.070312, 0.070312
0.000000, 0.070312, 0.070312
0.000000, 0.070312, 0.070312
0.000000, 0.070312, 0.070312
0.000000, 0.070312, 0.070312
0.000000, 0.070312, 0.070312
0.000000, 0.070312, 0.070312
0.000000, 0.070312, 0.070312
totaldiff=185.3717000000, sz=640, average absolute error value:0.2896432813
totaldiff=324.1189225902, sz=640, average relative error rate:0.5064358165
