current pwr_bound is 1e-5
cfgFile=sz.config
[SZ] Reading SZ configuration file (sz.config) ...
PointCnt=9680
quantization_intervals=32768
20738
23239
12442
26971
28101
13282
16377
16393
16389
16377
16377
16392
18877
13440
17739
16438
14924
17413
15736
16740
15857
17181
16623
15447
17129
16896
17371
17165
17176
15540
20168
15716
5779
31471
16395
17644
15641
15454
17637
16556
15077
17143
16309
16370
17239
15385
15995
17016
16874
15827
17082
15671
15873
16992
16840
15280
17130
16132
16845
16524
15971
16753
14834
18204
14981
17282
16632
16236
16097
16070
17140
15711
16017
19628
12888
19181
13525
16339
16715
18684
16055
10866
22714
13018
20911
11746
17066
18794
14324
16776
12952
20519
17337
15597
15867
13855
19298
16759
11959
19991
16992
14835
15623
18904
16044
16163
16917
15190
14803
18619
15305
15966
16437
12016
21285
16783
16552
15982
16663
15941
16075
18454
14174
16545
17450
17177
26325
9775
15976
16225
17157
15639
15565
16329
19840
14873
16678
10928
20304
30138
16874
368
10361
20173
15155
8577
27189
10985
21087
16634
24536
19277
14910
14434
19069
8451
14160
15331
30955
3589
18471
780
31709
19250
15168
17937
14135
32062
20460
32474
15986
14213
19607
22445
3490
22067
16691
16417
15949
16635
16815
15224
18016
15204
16263
22277
10877
10991
26736
8196
19706
16786
16119
15957
16660
16508
16230
16424
16767
16837
15019
16995
16563
16727
15328
29338
1710
11096
25584
8864
23934
14743
16522
25175
5606
21311
13249
15342
17920
17090
15072
16403
16185
17569
15476
16662
16795
15036
17524
14959
17580
17415
14348
18201
13767
18056
16215
17813
13992
17869
15525
16931
16739
4109
28037
16214
16783
16314
16733
15884
16718
16036
16743
27943
4667
15848
17263
16006
16185
16409
16580
16117
18522
4615
25663
17138
16466
14966
17816
16165
16429
16514
15612
16994
16081
16548
16359
16530
16225
16747
16221
16245
16600
25501
878
21182
18333
15038
16891
17249
18244
25792
22158
17996
9189
22875
16780
21333
14687
11333
9697
29210
4829
19229
22807
13338
13127
19653
18615
21335
15480
14686
15995
18815
11014
20307
15134
17636
25416
26267
16072
16479
17458
22109
7724
20279
11675
21500
15984
4392
25941
17045
16310
14952
17780
16237
16678
16251
15853
16430
16561
16739
16300
16397
15927
16622
16392
16655
16481
16278
24875
5444
13124
20198
18689
15412
16826
16765
15333
17005
16983
15025
17066
16558
15736
25050
1447
27460
12104
16385
16383
16385
16383
16385
16383
16384
16385
16383
16384
16385
16383
16384
16384
16384
16385
16384
16383
16384
16384
16386
16381
16386
16383
16384
16385
16383
16385
16383
16385
16383
16384
16384
16384
16385
16383
16385
16383
16384
16385
16383
16384
16385
16383
16384
16385
16383
16385
16383
16384
16384
16385
16383
16385
16383
16385
16383
16384
16384
16384
16385
16383
16384
16385
16383
16385
16383
16384
16385
16383
16384
16385
16383
16385
16383
16384
16385
16383
16378
16391
16383
16385
16383
16384
16385
16383
16384
16384
16385
16383
16384
16385
16383
16384
16385
16383
16385
16383
16384
16385
16383
16384
16385
16383
16385
16382
16386
16383
16384
16385
16383
16384
16385
16383
16384
16385
16384
16383
16384
16385
16383
16385
16383
16384
16385
16383
16384
16385
16383
16384
16385
16383
16384
16385
16383
16384
16385
16383
16385
16383
16384
16385
16383
16384
16385
16383
16384
16385
16383
16384
16385
16383
16384
16385
16383
16384
16385
16383
16386
16383
16381
16386
16384
16385
16383
16386
16382
16386
16380
16386
16384
16385
16383
16385
16383
16384
16384
16385
16383
16384
16385
16382
16387
16382
16385
16383
16385
16382
16385
16385
16383
16385
16383
16384
16385
16383
16384
16385
16405
16361
16395
16380
16378
16385
16380
16390
16381
16375
16405
16372
16384
16384
16383
16385
16383
16386
16382
16386
16383
16383
16384
16391
16377
16385
16385
16383
16384
16385
16382
16385
16384
16373
16393
16388
16379
16387
16382
16385
16372
16397
16385
16383
16385
16383
16384
16385
16383
16384
16384
16385
16383
16384
16385
16383
16384
16384
16385
16383
16384
16385
16383
16385
16383
16384
16385
16383
16385
16383
16385
16397
16369
16393
16374
16387
16364
16403
16384
16385
16383
16384
16384
16385
16383
16384
16385
16383
16384
16386
16381
16385
16385
16383
16384
16385
16383
16384
16385
16383
16385
16383
16385
16383
16384
16384
16385
16383
16385
16383
16384
16385
16383
16385
16383
16384
16384
16385
16383
16384
16385
16392
16367
16392
16385
16383
16392
16368
16401
16375
16377
16391
16392
16377
16383
16385
16383
16376
16401
16366
16393
16394
16374
16375
16394
16395
16372
16385
16383
16373
16396
16383
16383
16386
16383
16384
16397
16373
16382
16382
16400
16376
16376
16386
16383
16384
16387
16380
16388
16381
16383
16387
16383
16382
16387
16383
16387
16359
16428
16363
16381
16386
16385
16385
16380
16385
16385
16384
16384
16383
16387
16380
16395
16374
16362
16431
16358
16382
16390
16380
16407
16345
16402
16385
16375
16383
16392
16386
16383
16384
16385
16383
16384
16385
16399
16366
16373
16398
16415
16350
16378
16390
16390
16377
16367
16421
16369
16380
16389
16395
16357
16396
16385
16376
16384
16401
16367
16393
16392
16375
16376
16392
16418
16349
16386
16387
16377
16384
16388
16379
16389
16383
16385
16383
16383
16385
16384
16385
16381
16390
16378
16389
16379
16388
16379
16385
16386
16387
16377
16393
16379
16382
16387
16388
16377
16382
16388
16382
16391
16377
16268
16574
13028
19719
16211
21674
6520
26277
3893
23250
18656
14648
24870
6619
14642
16152
19983
15676
18782
14073
16415
16421
15118
17626
16227
16654
16792
15830
16186
21086
7317
20916
17993
13429
11063
25973
16398
10087
29595
6374
11392
26240
11553
16461
15816
12586
15740
24901
18099
11110
14946
13029
22281
15066
12426
21099
16385
17780
18727
4800
25811
14852
15722
13106
27157
8733
10585
21979
22258
11511
8529
24044
18912
11612
17920
24824
6472
17903
9662
23029
16572
21943
12919
10652
21157
15238
15357
16905
18213
11163
24100
13062
16219
17327
15264
10876
23119
16894
12067
19168
16392
20080
12331
16502
16381
16254
11745
21097
16561
21364
10961
21590
1842
29511
10170
20391
15568
13332
21323
13950
17736
16193
14112
18218
15330
17712
14614
17116
16650
17503
15120
15541
17490
16109
16754
16001
16164
16896
16098
16202
15977
17754
15156
16774
17401
15028
15090
20031
14903
14694
18413
15017
17068
16206
16425
16268
17595
14869
17050
16106
15836
17458
15802
16597
15688
17250
16852
15275
17174
15278
16699
17082
16505
16197
15639
16716
17086
15354
16611
17495
15433
16853
15252
17321
16579
16125
16282
16266
16230
17115
15986
16157
16669
16434
16123
16515
16254
16467
16224
16546
16422
16040
16704
16489
16284
16465
16046
17148
15862
16374
16202
16562
16579
15910
17089
15912
16162
16969
15896
16745
16157
16487
16320
16427
16211
16683
16115
16651
16079
16607
16208
16763
16085
16242
16589
16381
16354
16406
16431
16366
16325
16408
16307
16532
16207
16471
16443
16274
16462
16340
16457
16333
16392
16378
16383
16390
16382
16381
16386
16382
16386
16383
16386
16374
16394
16386
16377
16393
16374
16391
16380
16382
16387
16381
16398
16375
16380
16379
16382
16388
16393
16383
16400
16355
16398
16380
16388
16385
16367
16414
16356
16401
16360
16396
16404
16379
16380
16379
16378
16398
16352
16423
16379
16354
16425
16366
16380
16393
16377
16324
16444
16385
16384
16379
16382
16397
16379
16366
16394
16389
16383
16385
16384
16404
16351
16399
16385
16383
16382
16391
16352
16407
16386
16404
16362
16384
16389
16383
16377
16397
16378
16364
16404
16376
16389
16384
16376
16394
15077
18193
15944
16361
15873
16047
19352
13336
18166
14515
13735
19981
17457
14335
18181
16596
14222
26781
31725
3508
21243
28317
25934
7004
25865
10756
20545
13652
18055
20872
6559
21606
25718
26724
14711
16772
22374
6125
24012
13214
12905
20973
17564
11748
19681
15593
27238
19954
15836
15854
13904
22030
13889
16560
15617
18972
13186
17710
15010
17586
17071
16815
13613
17888
17585
15769
15276
17608
16890
14216
17862
15156
18668
13265
18729
15335
16515
16852
17660
13389
17904
16636
14891
18747
14958
17052
15738
16287
12024
29512
25974
25031
21057
11284
18799
5255
26578
22341
10699
14507
14310
25988
10090
6814
30919
10187
17696
16676
15028
18197
12287
20475
16171
24941
16721
10659
12109
18630
20447
20414
7527
21698
15874
20619
9444
32041
29317
25644
8329
13983
26311
11017
13811
18470
21145
4071
30711
10138
14173
19961
12863
18603
18165
13544
17290
9738
23463
22502
11152
10983
19812
18113
11737
21639
16015
19598
4814
25790
13236
14956
22846
11089
16098
13268
29830
5880
15419
16314
22999
7462
23182
8816
22406
17611
18386
10997
17121
18634
11641
28689
6620
11651
18756
19852
23197
9259
8200
24694
15573
24507
13274
2224
27637
28656
12978
20261
1798
22681
11249
16303
12923
21471
18139
25337
15999
4871
21527
20597
6820
21494
20390
11969
11436
26484
18341
9936
27562
7126
17707
17995
24405
4272
16618
29678
12436
20944
12901
17265
11639
19030
16044
24601
16283
7587
24539
4026
30050
12346
9870
28772
8380
18104
7029
28057
13786
13237
22507
7285
28180
6369
29323
853
28067
2737
28848
2659
29188
9704
27847
2425
22303
20812
5102
30375
4066
25409
15443
29830
5002
29427
15167
15266
12107
24457
8927
19224
14848
16190
18300
19937
10270
17099
20993
17557
15340
11212
10932
26074
26434
24906
24907
15443
7904
17461
29510
5029
19876
9656
2486
12732
24566
18265
17590
25364
27179
22638
17712
18665
7367
30843
9684
19738
31026
22402
3423
32650
4805
16260
18047
21546
8341
22351
16233
8865
23094
13086
15735
19882
19043
6666
27577
12393
14186
15229
23336
9583
17693
16493
26297
859
31647
25183
21556
19831
5472
28248
7873
22043
14980
20733
12561
15285
11804
3676
10538
26030
21608
8569
17642
15005
21233
4816
26147
17408
18565
8257
18615
10786
26143
8951
2909
20767
17723
11352
29845
3751
18725
23201
24818
28854
28744
29559
10611
22960
32057
20712
8834
14029
24602
12199
3407
9183
29666
8570
28644
23
7831
9113
8964
15889
20813
11971
18560
16266
10115
26861
14170
17689
3109
15354
14418
23889
7221
22153
12657
18271
16548
16827
15437
16593
16967
15511
17389
16210
15459
15341
17712
17138
15828
16375
17647
14968
17006
14742
17865
15704
17214
16253
26219
24768
16339
17776
15348
16410
17177
14035
21453
12932
13294
23698
11266
15342
22012
12675
16733
16252
16266
16611
16369
16250
16981
15808
15669
17648
16730
14975
17224
16228
15708
17162
16361
16201
16787
16338
16108
17003
15421
16882
13112
21202
14936
15871
16455
18618
12588
20263
13192
17282
16727
15077
17314
16659
16155
17214
15658
16822
16034
15128
16474
19851
13581
16689
17471
15351
16322
16746
16387
15928
16440
18472
15587
13059
19005
15030
16356
17662
13565
21262
14411
16120
16272
15344
17581
16117
16598
18506
13197
17375
11102
22990
18007
13424
16525
16514
16296
15878
17469
16380
15946
15432
17584
15964
15716
16423
17004
15580
17331
16616
15821
15788
16604
16526
16787
16625
15901
16364
17125
15321
16607
18377
15542
12733
20067
14115
17088
17921
17551
13731
17042
15315
17108
16676
16407
16379
16602
16333
16161
16339
16382
16785
14472
19929
14873
15039
19067
12065
18268
17071
16547
16477
16929
14951
16608
16785
16327
16548
15868
16928
15986
16551
16829
15719
16227
17479
14885
18583
14633
17398
15047
17124
14680
19070
15672
15492
16349
15674
16857
21147
12083
14014
21968
13065
16581
16103
16797
16491
16426
16295
16552
16468
16353
15915
16693
16405
16585
16031
18680
14458
13416
22107
12826
16628
17077
16066
15970
16795
13353
19715
18697
13585
16454
19483
11518
17330
17762
15207
13813
23909
11554
17280
15435
16891
17066
15079
17642
15778
16366
16514
16578
16025
16393
18232
13576
19598
14327
14254
18584
15199
18140
15877
9125
29720
11898
16656
14946
12094
19995
16511
16232
17135
18258
14002
15258
15734
14434
23870
13820
13061
18251
16218
16513
19187
10755
19035
16438
15778
17290
16930
16042
16897
15001
14738
19686
19423
9907
18317
16755
15923
15242
19267
15197
17270
14804
16128
17655
15636
14931
20793
14146
15377
18731
9803
22746
14935
16666
16028
16112
16627
16671
16253
16139
17957
14292
16976
16304
16627
16838
16551
14222
16072
18565
15533
16352
19404
13599
16928
13728
20455
14715
16360
16259
16552
17394
14997
14902
18801
15092
17158
16157
16584
16839
22437
4221
21168
17172
15881
16902
16258
16555
16413
16587
15938
18525
12502
18197
15547
17321
16465
16452
16154
18811
11637
18608
16480
17109
15629
16455
16900
17921
12372
15708
20665
14661
16417
16588
16222
16583
16105
16665
15947
20160
10853
18141
16526
16248
16250
16786
16379
16351
14364
17718
16659
19606
13520
16529
16233
14370
18215
18613
14642
15760
16855
16617
16460
15973
16418
16301
16516
16319
16417
16362
16358
15077
18217
17661
13897
17265
15339
17465
16906
13852
19618
14647
16093
18042
14919
15861
17412
16495
14810
19871
13484
17340
15903
16972
16204
16266
16428
16306
16463
13909
18773
17479
17465
13359
17560
15103
17392
16319
16859
17510
14120
16465
17015
16304
17757
13758
17839
16036
16631
18494
12109
18565
16148
15847
17091
16485
16546
15376
17560
16128
16398
15555
17375
16330
16032
16606
16217
16482
16200
16451
16650
16129
16405
16346
16536
17133
12829
22242
13053
15995
17009
15934
16958
16564
16090
16259
17712
14646
12611
23092
14143
16828
14968
17633
16491
15755
16663
16533
14546
19985
13933
13380
19277
15102
17903
18097
17447
14230
16395
12386
22443
13290
18012
15251
17504
16759
10688
21856
15616
15825
20518
7592
21519
15515
16786
18583
12620
17644
17131
16035
17388
15715
16290
13807
20460
14668
16422
16394
16407
16323
16362
16746
16372
12710
19408
21177
9706
19440
17142
13682
17628
16229
16108
16744
16113
16725
16505
16090
16178
15929
17358
16579
16021
14854
20053
14377
16538
14574
17732
16010
16872
16494
20717
10638
13404
21834
11228
23633
12926
17052
14231
17020
18921
14731
16235
16470
17146
15780
16302
16368
16389
13938
20444
15399
16185
15830
16341
16661
14121
18070
16908
18484
13839
16932
15962
18042
13738
18466
15167
17085
16944
14101
17855
16434
16424
16171
16452
16359
16342
16508
16327
15098
18849
14878
16177
18010
15097
16592
15996
17031
15814
17247
15734
16306
16941
15876
15535
17193
17448
15532
16271
15842
16731
15952
16988
16698
16381
16186
16366
16019
17350
15248
17095
17000
15697
16087
16456
15581
17346
16988
15928
15896
15649
17116
16845
16265
16907
16679
14259
17545
16103
16605
18284
14294
16243
16017
17254
16257
14851
18834
15573
16651
15199
19079
14288
16244
16480
16811
15392
20532
11391
17724
16391
15491
17925
16054
16269
16551
15789
17223
16233
17335
17724
9786
21745
15970
15851
15028
17130
16630
17381
15520
16319
12324
20567
15794
17107
16475
16447
16612
18849
13411
12340
21232
18968
13860
15328
17625
16187
11836
20076
16315
16586
16280
16021
15708
19159
12776
18149
16548
16347
16099
16765
15940
16259
16785
12350
24543
12056
16630
16424
16187
15683
19159
13243
17747
15703
16768
16457
16365
16384
16395
16385
15547
17321
16098
17148
15696
15913
17546
15536
17237
15692
15011
18015
16400
15710
17016
16438
16183
16356
16289
16801
16084
16087
16619
16248
17071
15827
16426
15431
19472
12634
18055
17256
14617
17355
16001
17309
15922
16403
15819
15808
17985
15839
15464
16629
18022
15420
11423
27162
8948
13744
20493
17914
15526
16714
17643
15162
18447
13690
18415
15339
15847
17406
17395
14913
16519
13110
20976
15475
13233
18350
18543
14518
16644
17675
14570
15540
19953
12927
18813
14888
15765
19115
15863
15308
16391
16270
15939
17023
16142
15977
17185
16323
23944
5066
20899
16880
4909
32054
5676
22708
14840
15094
18407
15954
17873
14862
16839
15336
13717
22211
15724
10783
22931
11057
18875
18457
14144
16544
16314
16294
15871
17723
15586
16273
16592
16155
14487
18031
19622
14047
15462
17263
16003
15727
18342
14836
16713
15595
18084
15141
12920
21604
16868
13891
18030
14913
17227
15867
15888
12005
23385
14550
14071
18756
15702
18936
14212
16224
16676
16194
16394
16763
15887
17298
15563
16551
16041
12888
21356
13522
18041
16667
15612
17204
16251
19714
11899
16964
17173
14433
17549
16945
16872
15488
15138
14407
19455
16479
16709
23133
10183
15253
15665
18129
11910
19790
18177
15068
16534
16309
17268
14039
18052
16324
16091
16163
17638
12140
19532
16804
26993
6165
15864
14068
20837
15191
6939
24473
16470
12547
18643
20434
13600
17727
13700
18998
16991
14795
16872
16334
15626
15133
19430
14834
17952
14328
13541
23728
13090
16118
15686
16726
14808
20169
14265
16561
16293
16324
16452
16319
16386
16658
15937
16757
15831
17234
15749
16269
16765
16604
15987
16116
16852
16961
20808
7370
21351
14821
14385
18560
16582
16279
17140
15575
16880
16121
16767
16018
17676
14202
17479
16203
18024
14935
18553
11345
19674
16284
14537
12071
26185
12543
15916
16748
16093
16203
17300
19568
11803
10230
23765
17249
12342
32344
22468
11760
20554
17836
15787
3648
27535
16284
14649
18512
15205
26291
29589
18496
15258
14732
16833
16393
10543
22043
17106
15795
16484
16545
16864
16589
15370
15027
18941
15210
17853
9610
20939
17077
18019
14914
16204
15641
17802
27559
30202
18894
13160
17082
15107
17795
16521
15487
17579
15460
16653
17085
15685
16105
17124
13951
17574
18700
12421
19536
20940
9433
14250
19929
15500
17604
16051
19539
12487
17967
15314
15278
18274
16312
15639
16622
16284
17169
15733
16497
17231
15617
16379
16002
16276
22862
9506
17949
11312
20724
17467
14038
18556
18406
14176
10200
22498
20321
11956
14237
18412
16765
16094
16146
15087
18387
16121
17939
15708
13531
19378
16034
14861
16672
16596
16325
17096
15303
16839
16316
17754
15895
14073
17831
16410
15529
17481
16383
12393
24510
14083
13945
15206
18045
16298
15071
17644
16944
17909
14241
16943
15682
16773
16685
14556
18191
16055
14954
18359
16824
13688
17750
17160
15230
17318
15876
18509
15813
15674
11689
20454
1700
13506
16477
9769
23235
17941
9722
22244
16312
15555
17599
15143
18665
15692
15270
16792
17021
16089
15762
16945
13761
18492
17312
16495
12902
19651
15850
15776
17368
25885
7731
13259
10282
25764
12402
18988
16377
16144
17148
15863
16376
17042
15488
19066
29922
399
12694
12384
20403
16421
16223
19949
11063
18030
16639
16379
15979
16284
16742
16398
16534
15725
16874
15899
22313
10064
16982
15708
18168
10547
21811
15943
15163
18663
10808
23635
13541
16702
13867
17994
16216
19280
13587
17020
16398
17729
15208
16013
16490
16305
15889
18526
12940
18241
16345
16464
16374
16306
20402
12639
17162
8755
26281
11265
18541
14657
18958
15058
21909
11623
13908
18384
16268
16270
16921
16144
14916
18742
11797
19092
15676
17737
16947
15864
19962
12932
16474
16318
16439
16299
16328
14313
18200
17734
15296
16242
16699
15793
16962
16715
14538
17775
16251
16462
20109
12233
13704
20684
14946
17170
20544
11286
15345
16217
18063
18950
13886
14252
18785
15879
16383
13543
19602
15613
20795
12137
16850
18834
8661
22224
15581
18599
14487
16205
16746
16075
16442
16390
16336
11497
26014
11002
16539
17109
16086
16647
16192
17325
15259
16263
18130
14185
16676
16834
16508
16032
12504
21245
17613
14651
15926
17614
15430
17341
10516
23765
13860
32627
28248
17795
13094
16138
19845
14915
18712
20962
11096
15901
17272
12763
22754
9468
20199
20211
12709
16360
15908
13868
22499
14056
15684
12231
20354
17006
20894
10901
17461
14608
31051
990
21666
11021
21432
10135
5382
31064
30479
28537
9996
25261
11306
17575
16946
16272
16002
17142
16046
16332
14893
18707
15481
19383
11855
16857
18746
14912
16264
16584
17715
13628
18168
16969
18304
11927
17961
15757
17203
17550
11263
22213
16668
14434
15911
16260
18940
13920
17051
16597
9877
25292
13702
14471
21384
11643
15260
18594
16669
16795
16048
17585
14473
17280
16279
14146
19245
15372
17337
15502
17747
16860
13254
17448
16845
15397
18757
14716
16349
17905
14784
17038
15899
16349
16636
16336
16389
15707
18115
15262
16463
16407
16394
11398
25726
13818
10973
19785
17360
15677
16509
16230
17418
15388
16420
14074
21862
13362
15887
16659
14948
17801
14764
17914
16422
16353
16533
16368
16299
16300
19649
13550
14134
16511
18336
16048
18641
9943
24531
12518
13810
19527
17191
15060
18261
14158
13977
19009
19701
12372
15087
18536
16703
15996
15565
17969
18804
12907
16196
16577
16881
17532
12871
18673
16843
15983
16976
12773
19892
14700
17658
19941
9715
18997
18697
14599
16890
15375
12879
20063
16842
16357
15872
16913
17152
16097
15483
16415
16526
12764
19787
20103
11747
18984
12415
20117
15241
16381
16164
16199
16976
16131
17099
14198
17542
16653
14036
19895
14680
16607
17974
14555
31570
32580
16329
13575
18440
21013
7774
19981
16421
16607
16225
17876
12906
20381
13302
17354
16648
16678
15582
17100
15537
20733
7241
21419
17276
20059
7730
20901
17310
14395
17099
17006
16469
16187
16017
15805
17625
15741
16823
16269
15663
16920
16491
16235
16416
16489
16047
16541
16942
15720
16887
14266
20159
12637
20705
15681
13793
15069
18482
16189
14071
19029
16150
16559
16374
15930
17018
16073
16919
15216
18942
14703
16333
15892
14878
18217
16287
16915
15926
14474
22658
12944
10816
20848
17368
13104
19139
19928
8434
22933
14009
15505
16752
17013
15976
17968
18617
12043
12077
21678
16332
16449
15970
17049
16101
15991
16539
16481
17853
14803
16351
14986
19644
14340
16946
15739
18073
29415
3997
30782
16528
16258
16930
15620
15767
18084
15833
16117
16363
18343
13284
17373
16795
16015
14517
20449
14568
15884
16011
17574
15898
16353
13373
20569
15304
15521
17024
17233
15160
15811
20023
12722
19609
14316
16127
16636
16075
15285
17193
16123
15895
21199
12872
16272
14627
14818
21612
15790
14297
19451
14125
16326
16534
14654
17420
17673
15982
14218
18571
15836
18833
13913
20686
11785
12756
19734
18749
13805
17892
15763
16564
16586
16649
19873
11887
13224
20482
18117
13454
17105
16537
16025
16781
21951
6602
21005
14367
14959
20266
15184
17589
12904
16103
20846
18902
14066
9373
20056
17671
16262
16593
18056
14581
15280
17340
16716
16665
16252
18687
22058
30304
19019
13852
15932
16261
17575
14890
17639
16055
15800
15909
17502
15138
18393
15041
16867
18016
12688
19033
15399
16563
17551
15380
15999
16732
20362
14959
4740
27152
14683
13157
18877
21375
11449
15193
16742
21090
13308
16118
16549
16272
16648
15743
16783
16434
18566
12218
18312
26742
6581
13223
8734
28852
14039
16605
13454
22904
14339
15252
15592
15382
15881
19922
15361
15410
16647
17782
14250
16875
15091
17646
16529
26256
27364
15708
17502
11668
19699
17089
16251
16236
16558
16057
15652
18277
15180
15415
18758
14424
15237
17687
17608
17830
13912
17286
17190
15033
10840
25325
13052
15244
17420
16180
17460
15473
16237
15913
17476
15835
14810
16983
17531
16373
15718
19339
14201
14504
19652
14667
16413
15288
18896
14622
16763
16557
15451
17268
16351
18421
14322
8727
25246
22474
10366
13976
12254
22858
15056
14710
14797
23117
15216
14172
18504
8920
21695
16913
17055
16070
11072
23515
17484
11288
13729
21669
18862
12534
16765
12917
20690
15275
16434
16075
15316
17545
16506
14293
17858
18842
14566
16205
16978
15590
16696
16289
18200
14372
15485
16672
19242
13456
17362
16438
13165
23739
12649
15773
16056
15716
18020
15872
16418
16352
16377
12853
22085
17323
13354
16430
16437
12306
20376
18234
14120
17493
15802
16335
16062
14154
18928
16166
17141
19107
11591
20846
13223
17115
12242
21516
13895
19294
10926
23687
12228
13587
18904
18827
15531
15382
16305
16489
16391
11350
21304
16831
15295
21271
12147
16350
16688
16224
16321
12703
23465
12844
17027
15847
19260
11054
18838
16532
15110
19360
14637
16205
16437
16652
16064
16667
16404
16164
14615
17453
18243
17264
15146
15814
13482
16776
18672
19551
11402
19705
18392
9270
19726
16856
17321
15125
21589
1819
26717
18166
12824
19241
13883
17051
15927
18950
12561
17927
16512
15868
16852
16493
16297
16134
16660
16183
17310
15626
16467
21919
11380
9581
20541
20733
10629
23139
10088
20280
7043
20965
16478
15915
14942
19532
14945
16373
18119
15492
13658
22778
11649
16053
12429
21814
14932
16705
16679
16580
15849
19532
13752
16708
11566
20505
17510
15925
15387
16821
16677
15105
17160
17520
15516
15084
17681
14817
17995
16552
16191
15966
16844
16161
16558
16253
16118
17184
18269
15714
13415
17396
13032
20386
18151
12318
21719
15558
10802
18433
16580
17623
15525
19703
13296
14600
19901
14273
16683
12975
23922
12628
16108
16507
15559
21339
10829
17465
17143
13276
19701
13469
18355
19087
8728
26393
10906
18055
12134
22742
18728
8757
16244
18671
16494
15707
17710
16984
14601
13763
20582
17696
13472
16579
16915
15985
12069
28092
9143
13781
19005
16393
21149
9557
15582
19357
16225
16173
17002
15795
25923
22904
17700
17483
15448
17235
14337
17981
13457
23762
11495
15368
16799
19104
15453
8505
25988
13526
16282
17797
14809
16241
17190
14817
17406
16279
16914
15720
17607
15311
14206
20996
10426
22164
14486
15939
16405
14018
20384
17972
13283
13870
19703
14318
17260
18379
14803
16210
15751
17783
15749
14636
18289
15940
18766
14072
16604
16659
17207
15197
14101
23464
16570
7650
14016
21386
12806
15466
17223
15431
15149
19259
14492
17786
15971
18055
14345
16922
16272
13352
19806
15862
16499
18488
14120
16571
23554
3438
20604
17803
17864
12738
19743
18490
8148
21995
15754
17660
15862
17378
14765
16375
11125
25305
12903
16248
16268
14144
19077
15807
19444
12626
17150
17422
14680
17457
16173
15810
16695
15930
18850
17557
12945
16593
16399
15855
16760
16831
17790
18340
13123
14222
22340
10146
27914
968
23704
14613
20377
14176
12272
24124
11205
16874
17211
18476
12361
18400
15274
17245
16266
16595
15918
18417
15051
15019
18600
26458
20382
8587
16997
18895
16671
16450
20253
11909
16931
17106
21918
3272
28054
6844
18384
21256
12906
18494
15089
17508
14026
17690
17705
12546
26101
10165
15395
16623
17196
17242
14781
16482
16247
16645
13797
18275
13206
21589
19955
9763
17777
18686
13003
22262
11245
14938
18318
20285
13037
16528
15946
16912
16276
12974
21061
15248
16135
16485
16382
15364
17914
16464
15583
16235
16427
16706
15342
17676
16414
16514
15223
17175
15989
17577
14469
18912
14910
16302
15539
17567
14347
19087
14756
17636
15774
21427
9958
16110
17812
20351
13192
15771
10884
21943
15636
17193
16383
15571
18500
15351
19524
8853
20149
20982
12218
13599
20916
9751
22013
20043
11362
17301
10995
19911
15980
13415
18556
18719
20576
11469
26544
10579
14622
17224
16827
16210
16578
16354
17998
15076
15892
17272
12867
19251
16508
17187
13296
18961
12656
16933
16628
25658
11168
14272
16943
16651
15574
16952
16776
15870
15974
14340
19427
15857
15638
20433
12351
17362
20959
10502
18055
16596
16509
15912
16545
16400
16421
16716
16179
16190
16348
16589
16205
16537
16487
16287
16268
16395
16742
16043
16421
16362
16390
16358
16511
16211
16604
16784
15556
17045
15538
16909
16885
12737
18993
17120
19391
13022
16537
16310
16612
16114
16429
16411
15492
17389
16390
12975
20066
15992
19873
10134
20927
14633
17350
15284
23718
10114
14318
20179
12398
16856
8706
26254
21486
9980
8526
26113
17511
14092
14119
17911
16450
16133
16399
16708
16639
15717
16827
12757
19571
16879
16509
16025
16667
15912
16103
16903
18514
15046
20561
13752
14489
16352
16902
15403
11713
29504
10125
16535
16017
14147
17366
24897
7154
17699
12818
18373
19616
14164
17499
17249
13749
18031
16607
13430
19211
16381
19646
16393
17700
12003
9611
25756
16452
17247
15914
15901
17256
17790
12727
20004
17099
14476
15602
16712
15800
17073
16148
16249
16308
16785
10785
23284
10368
29908
2876
24706
9591
18993
16633
13545
23092
12029
17831
15449
15005
18455
15432
17242
16798
15676
16162
16427
16036
16871
16334
16547
16079
16168
16851
14275
18863
15396
16633
16513
16732
15952
16130
19816
25811
1674
17211
2210
18121
13548
16363
16435
16511
16276
16103
16737
16423
16223
16367
14852
18627
15749
16575
26847
5755
14506
9111
25442
14465
18799
17312
12337
20895
15486
15608
15689
16332
16927
16414
15527
18675
14181
17593
15852
16520
16363
16202
18647
10978
21042
14590
16176
17171
16318
16660
15614
17853
15091
16919
15893
15935
17085
16743
16143
16154
21448
11859
8640
29802
8612
17623
16396
17294
17271
10278
21192
16465
16062
16178
16587
16646
16038
14820
17858
16477
17112
17214
15166
15967
16418
16778
16142
16204
17257
15774
18182
9640
23448
13688
16963
14706
18155
14583
17844
20565
12264
16569
14094
19145
13665
19251
14103
18257
21468
10538
17320
16311
16106
16106
16718
16719
15621
16344
16541
16851
15759
16978
13237
19257
16336
16341
16212
16840
16211
15769
17304
15167
19161
14760
15984
16460
16319
14402
18556
17507
15327
16254
16441
16474
16361
16361
15760
17102
16370
16278
16425
16366
16157
16792
16056
16050
16881
16213
16628
16139
16532
16472
16256
16242
16353
16824
16071
16491
17283
15233
15294
18841
13847
17389
14667
18161
24075
3584
21757
16530
16006
18689
14318
16293
16500
16256
16482
17675
14921
23439
7540
22061
14540
18390
14394
16473
19878
13733
13053
22153
10833
19041
17618
15242
16393
16378
15562
19575
15480
15259
16348
16427
16117
16274
17192
15548
16445
16714
16081
16305
16709
15884
16604
17042
16035
16155
16506
15377
17539
16218
20096
11361
17831
15296
17349
16513
16398
14423
19826
14999
16342
15681
17127
16295
16300
16327
16206
16644
17627
14715
16945
15827
16358
16681
14762
18667
15843
16143
14907
21100
13545
16351
17351
10861
17238
19898
16152
16719
20103
12307
13066
19785
19311
14396
14559
19150
14694
16549
15835
16912
15652
17077
16355
16169
16279
16605
16486
16883
12752
19823
16311
20931
8747
18111
17858
17900
14543
15703
17061
16039
16744
16045
16639
16186
16503
16445
13613
21010
13585
17208
17191
15670
16439
16283
16466
16309
16355
18794
30140
15802
20149
11054
18460
16609
15992
16163
17695
14785
17661
14553
17555
17849
14228
16387
19078
14237
16166
16926
10544
22013
15864
17214
16398
15679
16255
16837
16758
15219
17361
16215
19495
13281
16319
16355
16470
16294
16442
16361
16332
16471
16322
16383
16508
16319
16376
16337
19752
12747
13235
21858
16470
14956
14860
21515
13723
16991
17157
15991
15792
17166
16541
14103
17658
16518
16169
16535
16469
15113
18308
15514
15470
16842
17250
16717
15797
15696
17586
21126
5722
22244
16156
17469
13379
21270
6090
26673
13251
17422
14860
16958
15631
14395
21302
14465
16181
16252
16328
10923
21810
16547
19461
13343
16166
16440
16535
12985
22143
16294
12415
17210
15142
21647
13602
16335
15695
16524
16481
16284
16698
16196
15908
17028
15787
16973
16461
14072
16203
18744
16473
16127
19920
13153
16132
16162
16715
16337
15976
16712
16403
16526
16300
15933
16915
16329
16100
16446
15318
16457
17334
16788
15762
17064
15941
18372
9650
21158
23565
9833
13354
19996
15108
17105
18324
11813
19863
7317
8216
16313
16630
16193
9547
22651
18007
15745
17510
16244
14120
15676
16388
17450
18008
15923
14980
23494
6389
20020
16177
16769
20103
12354
16496
15260
14568
19233
16057
17025
16353
16189
16379
17718
8577
31979
11342
8160
15330
14666
16300
15689
18439
12482
17821
18978
16164
15090
15079
16222
19918
14209
16284
16458
16294
16409
15993
17363
12513
21841
14337
17012
15252
16706
16313
18016
11760
20380
20023
7442
20622
18311
14908
16428
17718
14793
11842
20970
16506
15808
17028
15660
21380
11665
12328
20416
16819
16288
20742
7786
20715
18811
13762
14726
19823
14565
16314
16512
16370
16427
16179
16484
16370
16484
16471
14144
18313
16768
16187
16412
15309
16963
18661
14582
16999
15802
16210
16494
15953
18356
12707
20846
14231
16168
16532
15925
16742
16427
16259
15918
15890
18258
18912
9584
16559
25466
10453
3110
32059
14554
18183
17775
17490
10213
17780
16452
14030
19184
15846
16543
16206
16354
16728
16237
19660
9377
20347
15937
16334
16709
15671
19412
11963
18322
16663
16156
16566
16039
5301
3664
16306
16546
14853
17985
11059
21500
16004
21379
12271
18701
13354
16473
16910
14359
19508
15163
13428
19688
15207
17473
16195
16273
15901
13499
19743
15881
16651
16115
17136
16045
16257
16160
16801
16142
16277
17086
17610
14881
15942
16173
16290
18962
12632
17836
16637
20580
11890
16915
15935
16469
16355
16984
12358
22165
13788
16654
15901
17233
16971
13235
23910
7834
21682
12529
18235
10202
31274
8247
13939
18632
17340
14155
16205
20530
14206
14839
17906
11469
20802
16192
16415
16202
16769
15565
17380
15597
16757
16306
14026
22699
12435
16146
16747
16183
16234
16612
16412
16271
16372
16533
16417
16251
16339
15968
16836
16450
16603
16050
16572
16228
16516
16258
16556
16331
16275
16402
16599
15964
14804
18382
16624
16430
13838
19429
14947
17422
15753
17066
17847
14334
14004
19895
15268
16435
16354
17488
15283
16279
16392
16385
16586
15998
16679
22435
9629
9495
23720
16394
16752
16387
15749
17019
17492
19501
8207
14573
22238
21159
10064
20723
10394
19401
15586
13674
25479
10405
14935
20678
12780
17299
16638
14382
18112
16478
16341
17545
15242
15866
16935
16136
20639
7545
21735
15444
16066
17092
16056
16498
16044
18026
15280
16802
16758
15826
16137
15537
16894
16845
16344
16387
16219
16429
15730
17187
16292
16286
16344
16541
16461
19508
12836
16572
16484
16266
16687
16152
15200
17599
15399
17221
15693
17451
15358
20587
13000
16322
16379
16463
16365
16422
16287
16459
16657
15767
16773
16245
16600
16987
15508
16502
16330
16475
16565
15541
17059
16296
16460
16402
16305
16409
14901
17989
15874
17157
16184
16134
20432
9681
19082
16558
16198
16445
16472
15332
17320
16451
16381
17984
14541
16886
15949
16503
16532
16105
16429
16464
16372
16370
16664
16070
16438
16275
16571
13318
19696
16238
15790
17436
15897
16715
17104
14739
16826
16364
10177
26825
12066
16138
15028
22599
11564
16535
16263
16297
16390
16533
16551
14360
18429
18048
14552
16317
16443
14856
16762
17323
17658
11801
19867
16667
16388
16459
15892
16863
16009
16115
17126
16326
15540
22092
9526
18602
17270
13938
17485
16336
16428
16235
16552
16335
12331
20446
16382
16056
16910
18382
14180
19778
12568
13959
21260
13165
16108
17609
18678
14195
13288
19910
16345
16084
16683
16037
18370
14382
16429
16434
16629
16150
13707
19262
17694
14196
17058
16420
16111
15840
17187
16919
12564
24696
11379
13823
17890
20178
12276
17235
16805
16409
16192
16682
16409
16523
16151
16146
16717
16353
11081
22902
15093
21565
8265
19053
16922
16181
15969
18799
14908
15800
16244
16443
14717
18529
17386
13414
16956
19918
12508
17559
17033
15878
16347
16432
16314
12892
20211
16522
15967
16127
17000
15564
18605
14633
16518
17500
13820
18487
15933
10456
21399
17442
16326
15955
16230
16620
19669
11561
21537
12560
16415
16444
16284
16548
14699
17680
16889
16038
16690
16206
17957
13670
18855
15075
16426
16273
17190
14906
17155
15233
17976
16019
18495
12830
17694
14741
18236
16197
21755
9742
17114
17647
11692
20356
16542
16289
16356
16451
16184
16603
14777
17835
16684
16045
16472
16494
16041
16574
17390
17541
12909
18432
15732
15445
17895
16752
15473
16184
16473
16390
16877
14319
19471
14833
16558
16282
16336
16535
16247
16450
16316
16311
16303
16654
16258
16432
16395
13250
20027
15852
16485
16159
16968
17485
14783
16420
15417
19360
12668
17860
16856
16693
17273
14995
18864
11078
18512
13870
19808
16088
16357
16847
16023
16466
20166
12525
16285
16478
16300
16537
16285
15337
18966
14430
15474
18045
15710
16726
16367
17497
10552
20671
17175
16291
15499
21786
11355
16645
18248
11674
19711
17958
14344
16338
16440
16918
16158
15985
16477
16487
16129
14573
19483
13159
21274
13479
16416
16784
15911
16655
15041
17632
16291
16419
16484
16290
16350
15831
17010
16303
16376
16376
16534
16447
16300
16341
16199
16763
16114
16392
16350
13728
19496
16312
16178
18461
14371
17314
12774
20935
13784
10849
23477
16146
15845
22345
8238
17769
17742
15585
18921
13915
16182
16642
16252
16310
15171
17657
16396
16472
16442
14581
21368
12737
16778
17004
9912
22745
15802
16695
15540
21765
11620
16260
17444
14238
18231
16155
9518
27897
12298
15285
17807
13085
17254
17451
16504
17624
14311
18283
8827
26870
12178
16357
17504
15265
12863
23419
12828
16292
16527
13337
24113
11124
16641
14458
19084
15828
16769
15900
16844
15345
17533
15984
16601
16722
15103
17083
16314
14273
18340
16317
16706
21245
9006
19010
14586
21033
16059
9769
20383
16356
16195
17328
15704
16282
16387
16394
16456
16164
16618
9520
23807
16296
21764
10370
16472
16320
16377
16405
16367
16510
16334
18208
11794
19450
15739
16454
15022
17593
16612
17698
14936
16455
16321
16421
14011
21737
13288
16478
16347
14508
19831
14852
16363
16985
15701
15323
17553
16355
16465
16259
16573
17306
14329
17418
16389
16305
16564
16755
15901
16335
16697
16300
16260
18461
14522
15572
16968
16101
16757
14420
18194
16274
16558
15462
17365
15877
16956
16164
16274
16654
16219
16331
18242
14545
16396
16463
16364
16473
16161
16502
16411
16484
15795
16815
17050
15817
16107
16666
16372
16298
16249
16259
14907
20393
14168
16448
16302
16356
16451
16436
16289
16381
16470
16484
18269
13895
13418
21511
14621
16586
16397
15939
16609
16175
16922
16083
16652
15904
16608
15511
17049
16861
17633
14787
16474
15765
16987
16203
16628
16626
14805
17846
16058
17102
15776
17422
15381
16370
15676
17147
16301
17218
15546
15312
18685
13275
19118
15689
17775
14331
16938
17171
15600
15647
17183
14200
18656
16079
16709
15751
17048
16185
16537
16621
15854
17013
15916
16889
16904
15437
14559
17596
16984
17974
14703
16931
15485
16929
16376
16298
16216
16134
17044
15807
16421
16828
14966
18651
15802
15927
16231
16376
16179
16739
16057
16368
16881
16427
13830
18808
18727
13962
13870
21064
13595
15556
18028
16037
16576
16409
16470
15512
20200
13077
16651
16459
16228
16873
14801
17213
16390
17930
13882
19391
9955
21588
15591
17039
15867
16816
16313
15746
16343
17249
16391
16194
17704
15899
15458
16096
16652
15822
17058
12556
22551
13194
18514
14803
16514
15081
17639
16334
14091
22836
11576
16828
15788
17114
17583
14693
16978
16733
15159
17206
16313
17890
15018
14392
18531
16835
15812
16325
16339
16413
16487
15159
19141
14737
16374
16407
16367
16475
16315
16349
16397
16802
16012
16372
16346
16426
14553
18530
16456
17455
14910
16329
17680
14912
16563
14111
21061
13829
16638
14096
18702
16404
17639
15099
14851
18284
17660
14467
16608
16468
16327
16105
16564
16257
16537
16393
16445
16321
16384
16774
15071
18355
13805
18837
15514
16320
16428
16416
16352
13235
19324
16939
16107
16588
16226
15923
21215
8961
21042
13417
19777
11645
20537
14817
16751
14812
17036
16970
15170
17686
16447
15908
16685
18699
14077
16357
16380
15898
16885
17061
15705
16348
16456
16400
16274
14336
20723
14182
15298
17793
15477
16249
17741
15577
17259
14628
18678
15058
16505
16186
16602
15716
18252
14928
16570
16367
16397
16384
16368
16576
16235
16512
16124
16511
16977
14889
17241
15042
17655
17749
16341
13183
19240
15482
13367
19787
17555
13294
18318
18285
13590
16887
14644
18460
15964
18288
14703
16415
16090
16392
16474
16403
16463
16266
16422
16358
17148
15470
16561
15607
18185
15310
16423
15449
17335
16346
16405
16464
15998
16703
16575
16072
16653
16497
16044
16440
16427
16381
16730
16376
15955
15765
17201
16238
16419
16711
15709
17222
15977
16266
16242
14845
18309
16235
16490
16370
16080
18051
14838
16570
15624
16979
16411
16364
16401
16895
15865
15859
16911
16460
16820
15834
16415
15842
16944
16360
16155
16664
16268
16740
16597
15810
15621
17312
14793
19770
14487
16403
16393
16366
16402
16391
16414
16251
16430
16760
15786
16630
15965
17267
15927
16327
17108
15536
16567
16387
16349
16469
15961
16748
16400
16380
16385
16401
16385
16365
16356
16422
16368
16392
16423
16314
16427
16360
16460
16248
16464
16368
16897
15881
16322
16021
16782
16409
16413
16327
16420
16386
16364
16391
16392
15727
18294
15158
16248
16627
16320
16231
16197
16700
16299
16571
16134
15390
18089
15759
16394
16400
16359
16410
16457
16185
16349
16686
16250
16358
16368
16422
16350
16412
16341
16414
16385
16384
16381
16386
16416
16291
16483
16362
16367
16377
16386
16396
16391
16374
16350
17114
15580
16496
16494
16174
16408
16441
15444
17365
16371
16351
16435
16720
16024
16357
16380
16415
16366
16412
16375
16376
16352
16412
16382
16403
16382
16348
16397
16420
16337
16399
16418
16332
16406
16406
16346
16421
16340
16435
16357
16366
16389
16405
16371
16416
16326
16428
16369
16372
16400
16384
16407
16351
16403
16341
16441
16368
16342
16442
16334
16443
16320
16417
16393
16383
16370
16385
16367
16395
16401
16400
16361
16354
16424
16368
16402
16597
16713
15876
16565
16305
15976
16448
16602
16558
15974
16511
15787
17036
16413
16419
16351
16381
16379
16396
16372
16365
16445
16350
16383
16375
16399
16345
16451
16342
16388
16368
16439
16335
16384
16390
16418
16332
16438
16328
16415
16379
16420
16315
16448
16320
16425
16409
16340
16378
16412
16376
16402
16373
16348
16411
16402
16348
16426
16336
16408
16412
16354
16381
16399
16364
16406
16343
16773
16179
16116
16534
15921
16973
16088
16507
16377
16402
16421
16303
16460
17247
15012
16411
16864
16310
16470
16313
16421
16387
16369
16399
16379
16365
16402
16369
16411
16355
16403
16374
16396
16359
16390
16418
16356
16395
16375
16945
15794
16451
16316
15884
16918
16382
16382
16363
16410
16372
16421
16341
16381
16284
16656
16391
16031
16578
16408
16328
16436
16354
16394
16373
16375
16436
16357
16345
16449
16347
16373
16385
16409
16378
16390
15935
17257
15926
16410
16395
16403
16300
16435
16383
16398
16360
16394
16423
16313
16427
16367
16408
16368
16388
16350
16411
16384
16412
16336
16439
16809
15938
15874
16888
16364
16406
16402
16414
16271
16408
16360
16093
17102
15603
17308
15813
16438
16391
16390
16366
16244
16676
16238
16146
17576
14198
17606
16522
16174
16464
16316
16557
16201
17095
15657
17369
14920
16714
17524
14636
17831
15776
15819
16597
17421
15687
16141
17650
15273
15655
17187
16452
16259
16450
16414
15758
17818
16006
15537
16784
16459
16262
16976
15837
16393
16429
16354
15916
16838
16407
16902
15846
16422
16338
16443
16281
16555
15707
17787
14685
17277
16276
14813
18076
16722
17971
13350
17593
15873
18236
14790
16473
16296
16564
14670
18329
16275
16207
16181
17417
15493
16303
16904
15289
17122
16343
16083
17596
15459
16396
16460
14362
18731
15812
18494
14477
15385
17564
17458
13934
17159
15279
18021
16675
15797
16975
16870
15404
16474
15491
17257
17491
15122
16612
17083
15561
15414
18345
15434
16084
15999
18099
15354
16380
16358
16402
16391
16429
15619
17115
16954
15819
15639
17170
16334
16410
16386
16201
17448
15497
16260
16684
16152
16380
16436
15761
16988
16047
17643
15034
16817
16384
16383
16355
16412
16383
16389
16379
16389
16407
16358
16389
16378
16385
16387
16366
16401
16382
16383
16383
16387
16384
16381
16368
16402
16385
16383
16385
16383
16384
16385
16383
16385
16383
16384
16403
16358
16392
16385
16461
16214
16502
16338
16426
16369
16259
16588
16311
16354
16399
16385
16385
16411
16357
16384
16385
16383
16381
16375
16398
16371
16386
16392
16384
16389
16382
16397
16360
16378
16428
16353
16386
16360
16411
16382
16396
16343
16423
16370
16380
16389
16384
16385
16384
16385
16385
16382
16386
16381
16384
16396
16376
16383
16368
16398
16385
16383
16384
16385
16383
16384
16385
16383
16384
16412
16355
16387
16382
16357
16429
16366
16367
16401
16385
16383
16385
16383
16384
16385
16399
16366
16388
16380
16384
16375
16396
16411
16340
16401
16341
16413
16413
16371
16393
16400
16358
16381
16388
16379
16372
16428
16354
16383
16388
16410
16309
16430
16373
16395
16384
16385
16384
16383
16397
16358
16398
16383
16385
16383
16383
16386
16383
16385
16383
16384
16385
16384
16382
16385
16385
16383
16385
16383
16385
16383
16385
16383
16384
16384
16385
16383
16385
16383
16384
16385
16383
16384
16385
16383
16384
16385
16383
16385
16383
16385
16383
16384
16385
16383
16388
16380
16385
16384
16382
16385
16386
16382
16384
16384
16385
16384
16383
16382
16387
16386
16380
16397
16360
16397
16384
16407
16354
16388
16369
16428
16357
16382
16390
16378
16384
16383
16390
16384
16382
16383
16382
16380
16390
16388
16389
16377
16384
16380
16384
16389
16382
16382
16388
16382
16381
16409
16364
16354
16410
16387
16380
16386
16385
16385
16381
16384
16385
16384
16389
16379
16384
16384
16384
16386
16383
16383
16375
16406
16372
16362
16405
16383
16388
16381
16373
16395
16394
16386
16374
16378
16387
16383
16392
16378
16391
16376
16386
16384
16386
16379
16385
16386
16382
16385
16389
16350
16437
16361
16385
16381
16386
16383
16383
16386
16384
16383
16383
16385
16388
16381
16384
16383
16385
16377
16380
16396
16380
16385
16390
16379
16381
16392
16379
16384
16383
16386
16383
16386
16383
16384
16384
16383
16384
16384
16379
16392
16397
16367
16385
16384
16386
16385
16379
16388
16363
16406
16329
16476
16344
16385
16383
16384
16385
16383
16372
16415
16375
16372
16386
16387
16382
16381
16384
16390
16379
16385
16388
16375
16391
16379
16391
16383
16380
16383
16385
16389
16382
16380
16390
16373
16389
16388
16389
16370
16390
16385
16386
16384
16382
16385
16385
16379
16386
16389
16392
16375
16371
16384
16391
16410
16361
16383
16385
16383
16388
16361
16403
16396
16375
16379
16387
16387
16377
16392
16378
16389
16381
16382
16401
16347
16406
16385
16383
16384
16385
16390
16378
16376
16397
16384
16377
16384
16388
16384
16372
16400
16379
16384
16385
16382
16379
16387
16390
16376
16390
16376
16390
16388
16368
16391
16389
16383
16385
16383
16384
16385
16383
16385
16383
16384
16384
16385
16384
16383
16384
16391
16379
16384
16380
16385
16387
16381
16384
16384
16392
16378
16385
16381
16375
16396
16389
16380
16385
16372
16394
16380
16385
16385
16387
16380
16382
16395
16374
16389
16385
16372
16395
16384
16379
16386
16382
16387
16384
16385
16379
16386
16384
16387
16381
16386
16383
16383
16385
16384
16405
16361
16385
16388
16384
16368
16404
16370
16393
16382
16383
16390
16374
16393
16381
16379
16389
16386
16376
16389
16385
16386
16379
16390
16383
16379
16376
16401
16379
16385
16378
16386
16383
16392
16376
16384
16384
16387
16384
16382
16395
16372
16390
16381
16380
16391
16380
16382
16377
16393
16392
16377
16387
16380
16386
16383
16387
16378
16381
16394
16380
16384
16385
16373
16397
16378
16385
16389
16383
16383
16384
16384
16380
16386
16387
16380
16382
16389
16386
16377
16378
16391
16386
16389
16375
16394
16374
16386
16428
16345
16358
16408
16384
16385
16381
16387
16384
16383
16383
16382
16389
16380
16384
16389
16374
16390
16382
16390
16378
16385
16390
16377
16388
16384
16384
16383
16382
16389
16379
16384
16357
16412
16385
16384
16383
16384
16385
16382
16386
16383
16385
16383
16384
16385
16383
16385
16383
16384
16384
16385
16383
16384
16385
16383
16385
16382
16386
16383
16386
16382
16384
16385
16383
16385
16383
16384
16384
16385
16383
16384
16414
16353
16382
16386
16388
16377
16388
16386
16372
16392
16386
16386
16382
16386
16382
16380
16389
16384
16384
16383
16387
16381
16384
16385
16384
16385
16324
16486
16340
16384
16384
16385
16383
16385
16383
16384
16385
16384
16383
16384
16384
16385
16384
16383
16384
16384
16385
16383
16384
16385
16383
16385
16384
16383
16385
16383
16386
16383
16382
16385
16373
16426
16333
16405
16384
16383
16384
16385
16383
16385
16383
16384
16384
16385
16383
16384
16385
16383
16384
16385
16426
16299
16426
16384
16384
16384
16385
16383
16384
16385
16383
16443
16329
16387
16382
16306
16457
16385
16387
16380
16386
16377
16410
16366
16380
16388
16382
16382
16384
16386
16385
16380
16386
16383
16386
16382
16384
16369
16432
16345
16365
16412
16383
16383
16385
16383
16384
16385
16383
16384
16385
16383
16385
16383
16384
16385
16383
16384
16385
16383
16424
16348
16380
16380
16387
16393
16372
16389
16376
16389
16388
16387
16369
16395
16386
16381
16382
16386
16387
16385
16352
16415
16381
16381
16382
16390
16383
16385
16383
16385
16382
16386
16383
16384
16385
16383
16385
16383
16384
16386
16386
16381
16385
16380
16391
16375
16387
16386
16385
16382
16386
16378
16391
16383
16385
16381
16383
16390
16376
16384
16419
16350
16388
16384
16384
16383
16384
16384
16382
16384
16386
16383
16383
16388
16382
16382
16386
16380
16386
16392
16373
16389
16382
16388
16380
16380
16389
16387
16380
16382
16388
16381
16387
16380
16387
16386
16383
16383
16385
16389
16354
16409
16384
16388
16372
16397
16374
16393
16380
16386
16383
16380
16390
16376
16387
16382
16396
16375
16381
16391
16384
16379
16382
16388
16385
16379
16391
16381
16387
16380
16382
16389
16371
16398
16382
16384
16384
16384
16383
16380
16379
16392
16384
16393
16369
16386
16385
16399
16373
16387
16379
16384
16391
16374
16383
16397
16366
16407
16369
16382
16387
16388
16382
16383
16381
16394
16377
16387
16381
16381
16389
16380
16393
16377
16384
16382
16385
16387
16382
16387
16406
16358
16387
16375
16392
16387
16378
16384
16385
16385
16383
16384
16387
16385
16379
16387
16386
16378
16392
16370
16392
16388
16382
16383
16383
16385
16389
16382
16380
16388
16380
16380
16394
16378
16383
16388
16381
16387
16380
16387
16379
16387
16387
16389
16376
16386
16382
16372
16396
16390
16377
16390
16378
16384
16386
16381
16389
16386
16377
16388
16381
16385
16384
16384
16383
16392
16378
16387
16380
16381
16388
16384
16389
16378
16381
16389
16380
16389
16381
16383
16408
16364
16382
16384
16388
16343
16422
16383
16385
16383
16385
16383
16384
16384
16385
16383
16384
16385
16383
16384
16385
16384
16383
16384
16385
16383
16384
16385
16383
16385
16383
16384
16384
16385
16383
16385
16436
16329
16387
16382
16336
16435
16382
16384
16384
16386
16382
16384
16385
16382
16386
16385
16382
16384
16384
16385
16383
16384
16384
16386
16380
16387
16384
16383
16385
16384
16382
16385
16385
16383
16384
16387
16382
16383
16383
16384
16385
16384
16385
16383
16397
16373
16380
16386
16383
16389
16381
16383
16384
16396
16371
16387
16381
16385
16388
16381
16385
16381
16386
16385
16382
16376
16393
16382
16386
16385
16383
16383
16385
16379
16389
16384
16384
16383
16383
16384
16387
16382
16383
16385
16403
16352
16401
16382
16384
16383
16381
16387
16379
16386
16386
16384
16382
16387
16382
16384
16387
16395
16375
16379
16384
16389
16379
16384
16383
16374
16397
16382
16387
16383
16381
16385
16402
16372
16378
16385
16382
16389
16384
16380
16378
16393
16381
16400
16368
16381
16387
16388
16379
16385
16386
16382
16383
16389
16385
16381
16384
16362
16386
16405
16382
16383
16387
16418
16312
16460
16345
16385
16387
16377
16392
16383
16369
16387
16393
16380
16387
16385
16382
16380
16386
16384
16389
16378
16389
16380
16385
16388
16381
16384
16385
16381
16387
16385
16384
16382
16383
16387
16382
16386
16382
16383
16388
16382
16384
16385
16380
16386
16387
16382
16384
16384
16381
16387
16383
16383
16389
16373
16392
16382
16393
16376
16382
16387
16383
16384
16385
16383
16384
16384
16384
16385
16383
16385
16383
16384
16384
16384
16385
16383
16385
16383
16384
16385
16384
16383
16385
16382
16386
16384
16384
16382
16386
16385
16382
16384
16383
16386
16382
16386
16360
16397
16417
16369
16379
16347
16455
16347
16385
16384
16383
16379
16388
16384
16394
16367
16394
16379
16393
16382
16375
16360
16449
16330
16416
16370
16385
16385
16379
16388
16377
16410
16345
16380
16418
16372
16386
16383
16387
16378
16385
16395
16375
16384
16384
16386
16381
16386
16380
16392
16380
16383
16384
16387
16378
16385
16386
16389
16379
16385
16379
16386
16389
16380
16387
16379
16393
16378
16383
16387
16384
16382
16385
16379
16391
16380
16381
16390
16383
16384
16388
16377
16386
16389
16379
16382
16386
16382
16387
16384
16384
16382
16384
16390
16378
16386
16382
16385
16382
16389
16375
16392
16383
16383
16385
16390
16380
16378
16388
16386
16379
16387
16381
16388
16382
16383
16388
16380
16387
16382
16381
16386
16386
16383
16386
16382
16385
16383
16390
16380
16382
16387
16381
16384
16387
16381
16381
16387
16388
16378
16385
16387
16380
16392
16372
16392
16386
16379
16387
16377
16388
16386
16379
16390
16385
16379
16386
16382
16387
16390
16366
16396
16380
16389
16383
16383
16383
16386
16384
16384
16386
16381
16386
16382
16383
16389
16379
16386
16380
16388
16380
16387
16385
16381
16394
16374
16386
16385
16381
16389
16380
16388
16382
16378
16391
16382
16382
16389
16381
16384
16372
16396
16385
16383
16384
16385
16383
16385
16383
16384
16385
16383
16385
16383
16384
16384
16385
16383
16385
16383
16384
16385
16383
16385
16383
16385
16383
16384
16385
16383
16385
16383
16384
16385
16383
16385
16383
16384
16385
16383
16385
16418
16348
16386
16384
16384
16383
16383
16385
16304
16480
16362
16367
16421
16417
16337
16384
16384
16385
16384
16383
16386
16382
16384
16386
16382
16384
16384
16385
16383
16385
16381
16386
16384
16385
16383
16385
16382
16385
16388
16379
16385
16387
16381
16382
16386
16385
16385
16382
16383
16385
16384
16385
16383
16385
16383
16384
16385
16383
16385
16386
16380
16385
16384
16384
16386
16382
16385
16384
16382
16384
16385
16385
16383
16385
16384
16383
16384
16384
16385
16388
16381
16382
16386
16381
16385
16385
16385
16382
16386
16380
16383
16387
16384
16384
16386
16381
16391
16376
16385
16386
16383
16385
16382
16386
16385
16384
16383
16381
16385
16384
16385
16392
16370
16390
16383
16385
16388
16384
16373
16393
16382
16384
16384
16385
16384
16383
16383
16386
16383
16384
16385
16384
16384
16384
16381
16386
16387
16381
16384
16384
16386
16382
16385
16382
16386
16385
16380
16386
16384
16385
16384
16383
16385
16383
16384
16384
16386
16383
16382
16382
16388
16383
16384
16385
16383
16385
16382
16363
16420
16380
16375
16384
16400
16367
16384
16386
16381
16383
16370
16400
16419
16317
16423
16376
16385
16388
16378
16384
16389
16382
16386
16383
16381
16387
16383
16382
16387
16380
16387
16395
16371
16387
16379
16392
16383
16379
16383
16381
16386
16382
16382
16396
16386
16378
16384
16379
16385
16389
16378
16399
16376
16375
16393
16378
16393
16378
16388
16381
16375
16404
16373
16367
16396
16400
16370
16392
16378
16371
16394
16416
16354
16387
16381
16385
16384
16383
16385
16387
16381
16386
16384
16381
16384
16383
16387
16386
16381
16385
16385
16379
16386
16390
16375
16391
16382
16384
16382
16386
16381
16385
16386
16388
16376
16387
16382
16386
16384
16384
16385
16383
16385
16385
16380
16386
16382
16387
16386
16382
16384
16379
16391
16382
16386
16373
16394
16387
16379
16383
16385
16382
16391
16381
16378
16389
16381
16387
16383
16385
16383
16383
16390
16379
16384
16384
16384
16389
16381
16382
16381
16362
16409
16385
16383
16385
16383
16384
16384
16385
16383
16384
16384
16385
16383
16384
16384
16385
16382
16385
16375
16397
16376
16386
16391
16377
16386
16384
16381
16390
16378
16394
16377
16386
16385
16379
16396
16361
16390
16390
16383
16442
16329
16383
16385
16384
16383
16383
16387
16382
16384
16383
16386
16385
16382
16382
16389
16379
16388
16382
16384
16384
16384
16386
16383
16382
16386
16384
16384
16383
16383
16355
16400
16397
16391
16373
16386
16385
16395
16374
16385
16426
16337
16383
16392
16430
16330
16384
16389
16381
16385
16394
16379
16376
16393
16378
16391
16384
16369
16397
16372
16406
16369
16385
16393
16378
16373
16408
16368
16391
16377
16410
16362
16376
16410
16339
16407
16387
16385
16422
16314
16391
16407
16381
16385
16387
16386
16381
16383
16384
16404
16366
16375
16401
16374
16387
16353
16400
16398
16382
16399
16373
16376
16387
16389
16375
16390
16395
16372
16382
16392
16378
16390
16364
16405
16386
16365
16397
16386
16382
16392
16382
16379
16375
16390
16385
16393
16361
16404
16377
16384
16382
16380
16394
16379
16386
16380
16388
16380
16389
16381
16385
16402
16356
16391
16386
16383
16388
16380
16384
16390
16378
16388
16382
16381
16389
16382
16381
16389
16381
16384
16384
16384
16387
16381
16384
16387
16384
16389
16378
16384
16380
16389
16382
16381
16389
16380
16393
16376
16378
16392
16383
16385
16380
16388
16384
16392
16366
16393
16387
16379
16389
16383
16378
16387
16391
16373
16388
16393
16376
16387
16370
16393
16388
16385
16380
16388
16375
16393
16380
16388
16379
16387
16383
16382
16387
16390
16379
16379
16388
16384
16381
16390
16379
16386
16381
16385
16383
16389
16383
16380
16388
16382
16384
16387
16379
16389
16380
16387
16396
16361
16387
16391
16387
16380
16383
16386
16381
16384
16392
16376
16385
16385
16386
16380
16386
16383
16387
16383
16381
16386
16385
16382
16385
16383
16384
16387
16384
16381
16387
16384
16384
16383
16382
16386
16381
16385
16387
16383
16382
16384
16369
16400
16380
16387
16396
16377
16368
16398
16294
16567
16292
16367
16399
16386
16377
16388
16358
16410
16394
16356
16408
16399
16355
16380
16423
16352
16382
16394
16387
16379
16388
16379
16349
16440
16403
16342
16384
16385
16388
16384
16376
16367
16425
16366
16388
16379
16383
16386
16383
16383
16387
16383
16382
16384
16386
16372
16400
16383
16382
16382
16383
16383
16392
16377
16383
16382
16390
16388
16380
16382
16384
16384
16385
16383
16383
16386
16382
16386
16384
16383
16407
16362
16378
16390
16383
16380
16389
16385
16382
16385
16382
16389
16380
16387
16379
16381
16396
16378
16380
16389
16381
16387
16380
16385
16388
16378
16385
16387
16386
16381
16382
16388
16384
16384
16382
16384
16382
16393
16377
16381
16384
16393
16381
16384
16380
16383
16389
16380
16385
16383
16387
16380
16389
16384
16379
16385
16380
16388
16388
16380
16386
16381
16391
16379
16383
16386
16387
16372
16399
16377
16385
16381
16389
16383
16377
16388
16392
16378
16385
16381
16388
16382
16386
16382
16385
16380
16388
16383
16382
16386
16381
16388
16378
16389
16385
16369
16395
16385
16384
16384
16387
16382
16390
16376
16381
16390
16387
16378
16387
16385
16382
16385
16404
16363
16387
16381
16388
16377
16384
16372
16424
16358
16391
16381
16373
16391
16399
16373
16380
16378
16393
16387
16370
16394
16382
16383
16387
16389
16386
16379
16364
16401
16384
16384
16384
16385
16385
16380
16389
16382
16382
16386
16382
16385
16385
16384
16385
16380
16385
16385
16348
16420
16385
16385
16383
16382
16384
16385
16386
16383
16381
16388
16382
16425
16301
16385
16505
16267
16423
16380
16392
16381
16374
16386
16395
16413
16346
16370
16389
16396
16407
16354
16401
16371
16397
16374
16386
16379
16386
16384
16390
16380
16383
16368
16411
16382
16370
16341
16490
16324
16390
16378
16385
16385
16386
16384
16384
16382
16383
16385
16386
16382
16381
16386
16386
16384
16386
16379
16387
16380
16390
16382
16383
16383
16390
16375
16388
16385
16383
16384
16370
16411
16359
16397
16383
16385
16366
16398
16387
16384
16383
16415
16382
16356
16385
16335
16432
16395
16361
16416
16346
16376
16442
16353
16383
16381
16411
16326
16419
16435
16280
16437
16383
16390
16375
16419
16344
16399
16380
16381
hit: 9463
miss: 217
hitRatio: 0.977583
outlierSize: 807
nodecount=8069
treeByteSize=72622
enCodeSize=12243
/outSize/=86214
gZIP Compression output size: 34859
timecost, 0.128827, seconds
done
input file size: 77440
output file size: 34859
sz compression ratio, 2.22 
