current pwr_bound is 1e-4
cfgFile=sz.config
[SZ] Reading SZ configuration file (sz.config) ...
point count: 640
pwrLength=20
pwrErrBoundBytes_size=40
pw_relBoundRatio=0.000100
hit: 627
miss: 11
length of statenum:65536
nodecount=131
treeByteSize=918
enCodeSize=194
-------insight of tdps
dataLength=640
exactDataNum=13
realPrecision=0.000099
medianValue=0.000000
reqLength=26
quantization_intervals=20000
pwrErrBoundBytes_size=40
radExpo=6
-----------------------
timecost, 0.004395, seconds
done
input file size: 5120
output file size: 709
sz compression ratio, 7.22 
timecost, 0.003821, second
done
Max absolute error = 0.00830078125
Max relative error = 6.7091116113284404764E-05
Max pw_relative err = 9.1864785120328789703E-05
../model_comparison/inputdata/sample_1/fish.dat, ../model_comparison/inputdata/sample_1/fish.dat.sz.out, 640
size of double: 8
0.000000, 0.000000, 0.000000
0.000000, 0.000000, 0.000000
0.000000, 0.000000, 0.000000
0.000000, 0.000000, 0.000000
0.000000, 0.000000, 0.000000
0.000000, 0.000000, 0.000000
0.000000, 0.000000, 0.000000
0.000000, 0.000000, 0.000000
0.000000, 0.000000, 0.000000
0.000000, 0.000000, 0.000000
0.000000, 0.000000, 0.000000
0.000000, 0.000000, 0.000000
0.000000, 0.000000, 0.000000
0.000000, 0.000000, 0.000000
0.000000, 0.000000, 0.000000
0.000000, 0.000000, 0.000000
0.000000, 0.000000, 0.000000
0.000000, 0.000000, 0.000000
0.000000, 0.000000, 0.000000
0.000000, 0.000000, 0.000000
0.000000, 0.000000, 0.000000
0.000000, 0.000000, 0.000000
0.000000, 0.000000, 0.000000
0.000000, 0.000000, 0.000000
0.000000, 0.000000, 0.000000
0.000000, 0.000000, 0.000000
0.000000, 0.000000, 0.000000
0.000000, 0.000000, 0.000000
0.000000, 0.000000, 0.000000
0.000000, 0.000000, 0.000000
0.000000, 0.000000, 0.000000
0.000000, 0.000000, 0.000000
0.000000, 0.000000, 0.000000
0.000000, 0.000000, 0.000000
0.000000, 0.000000, 0.000000
0.000000, 0.000000, 0.000000
0.000000, 0.000000, 0.000000
0.000000, 0.000000, 0.000000
0.000000, 0.000000, 0.000000
0.000000, 0.000000, 0.000000
0.000000, 0.000000, 0.000000
0.000000, 0.000000, 0.000000
0.000000, 0.000000, 0.000000
0.000000, 0.000000, 0.000000
0.000000, 0.000000, 0.000000
0.000000, 0.000000, 0.000000
0.000000, 0.000000, 0.000000
0.000000, 0.000000, 0.000000
0.000000, 0.000000, 0.000000
0.000000, 0.000000, 0.000000
0.000000, 0.000000, 0.000000
0.000000, 0.000000, 0.000000
0.000000, 0.000000, 0.000000
0.000000, 0.000000, 0.000000
0.000000, 0.000000, 0.000000
0.000000, 0.000000, 0.000000
0.000000, 0.000000, 0.000000
0.000000, 0.000000, 0.000000
0.000000, 0.000000, 0.000000
0.000000, 0.000000, 0.000000
0.000000, 0.000000, 0.000000
0.000000, 0.000000, 0.000000
0.000000, 0.000000, 0.000000
0.000000, 0.000000, 0.000000
0.000000, 0.000000, 0.000000
0.000000, 0.000000, 0.000000
0.000000, 0.000000, 0.000000
0.000000, 0.000000, 0.000000
0.000000, 0.000000, 0.000000
0.000000, 0.000000, 0.000000
0.000000, 0.000000, 0.000000
0.000000, 0.000000, 0.000000
0.000000, 0.000000, 0.000000
0.000000, 0.000000, 0.000000
0.000000, 0.000000, 0.000000
0.000000, 0.000000, 0.000000
0.000000, 0.000000, 0.000000
0.000000, 0.000000, 0.000000
0.000000, 0.000000, 0.000000
0.000000, 0.000000, 0.000000
0.000000, 0.000000, 0.000000
0.000000, 0.000000, 0.000000
0.000000, 0.000000, 0.000000
0.000000, 0.000000, 0.000000
0.000000, 0.000000, 0.000000
0.000000, 0.000000, 0.000000
0.000000, 0.000000, 0.000000
0.000000, 0.000000, 0.000000
0.000000, 0.000000, 0.000000
0.000000, 0.000000, 0.000000
0.000000, 0.000000, 0.000000
0.000000, 0.000000, 0.000000
0.000000, 0.000000, 0.000000
0.000000, 0.000000, 0.000000
0.000000, 0.000000, 0.000000
0.000000, 0.000000, 0.000000
0.000000, 0.000000, 0.000000
0.000000, 0.000000, 0.000000
0.000000, 0.000000, 0.000000
0.000000, 0.000000, 0.000000
0.000000, 0.000000, 0.000000
0.000000, 0.000000, 0.000000
0.000000, 0.000000, 0.000000
0.000000, 0.000000, 0.000000
0.000000, 0.000000, 0.000000
0.000000, 0.000000, 0.000000
0.000000, 0.000000, 0.000000
0.000000, 0.000000, 0.000000
0.000000, 0.000000, 0.000000
0.000000, 0.000000, 0.000000
0.000000, 0.000000, 0.000000
0.000000, 0.000000, 0.000000
0.000000, 0.000000, 0.000000
0.000000, 0.000000, 0.000000
0.000000, 0.000000, 0.000000
0.000000, 0.000000, 0.000000
0.000000, 0.000000, 0.000000
0.000000, 0.000000, 0.000000
0.000000, 0.000000, 0.000000
0.000000, 0.000000, 0.000000
0.000000, 0.000000, 0.000000
0.000000, 0.000000, 0.000000
0.000000, 0.000000, 0.000000
0.000000, 0.000000, 0.000000
0.000000, 0.000000, 0.000000
0.000000, 0.000000, 0.000000
0.000000, 0.000000, 0.000000
0.000000, 0.000000, 0.000000
0.000000, 0.000000, 0.000000
0.000000, 0.000000, 0.000000
0.000000, 0.000000, 0.000000
0.000000, 0.000000, 0.000000
0.000000, 0.000000, 0.000000
0.000000, 0.000000, 0.000000
0.000000, 0.000000, 0.000000
0.000000, 0.000000, 0.000000
0.000000, 0.000000, 0.000000
0.000000, 0.000000, 0.000000
0.000000, 0.000000, 0.000000
0.000000, 0.000000, 0.000000
0.000000, 0.000000, 0.000000
0.000000, 0.000000, 0.000000
0.000000, 0.000000, 0.000000
0.000000, 0.000000, 0.000000
0.000000, 0.000000, 0.000000
0.000000, 0.000000, 0.000000
0.000000, 0.000000, 0.000000
0.000000, 0.000000, 0.000000
0.000000, 0.000000, 0.000000
0.000000, 0.000000, 0.000000
0.000000, 0.000000, 0.000000
0.000000, 0.000000, 0.000000
0.000000, 0.000000, 0.000000
0.000000, 0.000000, 0.000000
0.000000, 0.000000, 0.000000
0.000000, 0.000000, 0.000000
0.000000, 0.000000, 0.000000
0.000000, 0.000000, 0.000000
0.000000, 0.000000, 0.000000
0.000000, 0.000000, 0.000000
0.000000, 0.000000, 0.000000
0.000000, 0.000000, 0.000000
0.000000, 0.000000, 0.000000
0.000000, 0.000000, 0.000000
0.000000, 0.000000, 0.000000
0.000000, 0.000000, 0.000000
0.000000, 0.000000, 0.000000
0.000000, 0.000000, 0.000000
0.000000, 0.000000, 0.000000
0.000000, 0.000000, 0.000000
0.000000, 0.000000, 0.000000
0.000000, 0.000000, 0.000000
0.000000, 0.000000, 0.000000
0.000000, 0.000000, 0.000000
0.000000, 0.000000, 0.000000
0.000000, 0.000000, 0.000000
0.000000, 0.000000, 0.000000
0.000000, 0.000000, 0.000000
0.000000, 0.000000, 0.000000
0.000000, 0.000000, 0.000000
0.000000, 0.000000, 0.000000
0.000000, 0.000000, 0.000000
0.000000, 0.000000, 0.000000
0.000000, 0.000000, 0.000000
0.000000, 0.000000, 0.000000
0.000000, 0.000000, 0.000000
0.000000, 0.000000, 0.000000
0.000000, 0.000000, 0.000000
0.000000, 0.000000, 0.000000
0.000000, 0.000000, 0.000000
0.000000, 0.000000, 0.000000
0.000000, 0.000000, 0.000000
0.000000, 0.000000, 0.000000
0.000000, 0.000000, 0.000000
0.000000, 0.000000, 0.000000
0.000000, 0.000000, 0.000000
0.000000, 0.000000, 0.000000
0.000000, 0.000000, 0.000000
0.000000, 0.000000, 0.000000
0.000000, 0.000000, 0.000000
0.000000, 0.000000, 0.000000
0.000000, 0.000000, 0.000000
0.000000, 0.000000, 0.000000
0.000000, 0.000000, 0.000000
0.000000, 0.000000, 0.000000
0.000000, 0.000000, 0.000000
0.000000, 0.000000, 0.000000
0.000000, 0.000000, 0.000000
0.000000, 0.000000, 0.000000
0.000000, 0.000000, 0.000000
0.000000, 0.000000, 0.000000
0.000000, 0.000000, 0.000000
0.000000, 0.000000, 0.000000
0.000000, 0.000000, 0.000000
0.000000, 0.000000, 0.000000
0.000000, 0.000000, 0.000000
0.000000, 0.000000, 0.000000
0.000000, 0.000000, 0.000000
0.000000, 0.000000, 0.000000
0.000000, 0.000000, 0.000000
0.000000, 0.000000, 0.000000
0.000000, 0.000000, 0.000000
0.000000, 0.000000, 0.000000
0.000000, 0.000000, 0.000000
0.000000, 0.000000, 0.000000
0.000000, 0.000000, 0.000000
0.000000, 0.000000, 0.000000
0.000000, 0.000000, 0.000000
0.000000, 0.000000, 0.000000
0.000000, 0.000000, 0.000000
0.000000, 0.000000, 0.000000
0.000000, 0.000000, 0.000000
0.000000, 0.000000, 0.000000
0.000000, 0.000000, 0.000000
0.000000, 0.000000, 0.000000
0.000000, 0.000000, 0.000000
0.000000, 0.000000, 0.000000
0.000000, 0.000000, 0.000000
0.000000, 0.000000, 0.000000
0.000000, 0.000000, 0.000000
0.000000, 0.000000, 0.000000
0.000000, 0.000000, 0.000000
0.000000, 0.000000, 0.000000
0.000000, 0.000000, 0.000000
0.000000, 0.000000, 0.000000
0.000000, 0.000000, 0.000000
0.000000, 0.000000, 0.000000
0.000000, 0.000000, 0.000000
0.000000, 0.000000, 0.000000
0.000000, 0.000000, 0.000000
0.000000, 0.000000, 0.000000
61.433900, 61.433899, -0.000001
84.966300, 84.966248, -0.000052
91.589300, 91.589294, -0.000006
89.375600, 89.375549, -0.000051
88.857700, 88.857620, -0.000080
91.022700, 91.029144, 0.006444
98.585100, 98.579575, -0.005525
109.058000, 109.065552, 0.007552
110.596000, 110.604263, 0.008263
109.162000, 109.154694, -0.007306
111.526000, 111.519577, -0.006423
116.097000, 116.099304, 0.002304
119.680000, 119.677078, -0.002922
121.309000, 121.303680, -0.005320
122.760000, 122.754501, -0.005499
123.724000, 123.730713, 0.006713
121.805000, 121.806534, 0.001534
117.313000, 117.315948, 0.002948
112.739000, 112.737473, -0.001527
111.724000, 111.727356, 0.003356
111.768000, 111.771927, 0.003927
111.247000, 111.253998, 0.006998
110.608000, 110.613022, 0.005022
109.730000, 109.725952, -0.004048
109.409000, 109.401382, -0.007618
110.544000, 110.535797, -0.008203
113.256000, 113.252243, -0.003757
113.902000, 113.894470, -0.007530
113.863000, 113.868729, 0.005729
0.000000, 0.007050, 0.007050
0.000000, -0.001114, -0.001114
0.000000, 0.008301, 0.008301
0.000000, 0.000137, 0.000137
0.000000, -0.008026, -0.008026
0.000000, 0.001389, 0.001389
0.000000, -0.006775, -0.006775
0.000000, 0.002640, 0.002640
0.000000, -0.000046, -0.000046
0.000000, 0.000046, 0.000046
0.000000, -0.000061, -0.000061
0.000000, 0.000031, 0.000031
0.000000, -0.000076, -0.000076
0.000000, 0.000015, 0.000015
0.000000, -0.000092, -0.000092
0.000000, 0.000000, 0.000000
0.000000, 0.000092, 0.000092
0.000000, -0.000015, -0.000015
0.000000, 0.000076, 0.000076
0.000000, -0.000031, -0.000031
0.000000, 0.000061, 0.000061
0.000000, -0.000046, -0.000046
0.000000, 0.000046, 0.000046
0.000000, -0.000061, -0.000061
0.000000, 0.000031, 0.000031
0.000000, -0.000076, -0.000076
0.000000, 0.000015, 0.000015
0.000000, -0.000092, -0.000092
0.000000, 0.000000, 0.000000
0.000000, 0.000092, 0.000092
0.000000, -0.000015, -0.000015
0.000000, 0.000076, 0.000076
0.000000, -0.000031, -0.000031
0.000000, 0.000061, 0.000061
0.000000, -0.000046, -0.000046
0.000000, 0.000046, 0.000046
0.000000, -0.000061, -0.000061
0.000000, 0.000031, 0.000031
0.000000, -0.000076, -0.000076
0.000000, 0.000015, 0.000015
0.000000, -0.000092, -0.000092
0.000000, 0.000000, 0.000000
0.000000, 0.000092, 0.000092
0.000000, -0.000015, -0.000015
0.000000, 0.000076, 0.000076
0.000000, -0.000031, -0.000031
0.000000, 0.000061, 0.000061
0.000000, -0.000046, -0.000046
0.000000, 0.000046, 0.000046
0.000000, -0.000061, -0.000061
0.000000, 0.000031, 0.000031
0.000000, -0.000076, -0.000076
0.000000, 0.000015, 0.000015
0.000000, -0.000092, -0.000092
0.000000, 0.000000, 0.000000
0.000000, 0.000092, 0.000092
0.000000, -0.000015, -0.000015
0.000000, 0.000076, 0.000076
0.000000, -0.000031, -0.000031
0.000000, 0.000061, 0.000061
0.000000, -0.000046, -0.000046
0.000000, 0.000046, 0.000046
0.000000, -0.000061, -0.000061
0.000000, 0.000031, 0.000031
0.000000, -0.000076, -0.000076
0.000000, 0.000015, 0.000015
0.000000, -0.000092, -0.000092
0.000000, 0.000000, 0.000000
0.000000, 0.000092, 0.000092
0.000000, -0.000015, -0.000015
0.000000, 0.000076, 0.000076
0.000000, -0.000031, -0.000031
0.000000, 0.000061, 0.000061
0.000000, -0.000046, -0.000046
0.000000, 0.000046, 0.000046
0.000000, -0.000061, -0.000061
0.000000, 0.000031, 0.000031
0.000000, -0.000076, -0.000076
0.000000, 0.000015, 0.000015
0.000000, -0.000092, -0.000092
0.000000, 0.000000, 0.000000
0.000000, 0.000092, 0.000092
0.000000, -0.000015, -0.000015
0.000000, 0.000076, 0.000076
0.000000, -0.000031, -0.000031
0.000000, 0.000061, 0.000061
0.000000, -0.000046, -0.000046
0.000000, 0.000046, 0.000046
0.000000, -0.000061, -0.000061
0.000000, 0.000031, 0.000031
0.000000, -0.000076, -0.000076
0.000000, 0.000015, 0.000015
0.000000, -0.000092, -0.000092
0.000000, 0.000000, 0.000000
0.000000, 0.000092, 0.000092
0.000000, -0.000015, -0.000015
0.000000, 0.000076, 0.000076
0.000000, -0.000031, -0.000031
0.000000, 0.000061, 0.000061
0.000000, -0.000046, -0.000046
0.000000, 0.000046, 0.000046
0.000000, -0.000061, -0.000061
0.000000, 0.000031, 0.000031
0.000000, -0.000076, -0.000076
0.000000, 0.000015, 0.000015
0.000000, -0.000092, -0.000092
0.000000, 0.000000, 0.000000
0.000000, 0.000092, 0.000092
0.000000, -0.000015, -0.000015
0.000000, 0.000076, 0.000076
0.000000, -0.000031, -0.000031
0.000000, 0.000061, 0.000061
0.000000, -0.000046, -0.000046
0.000000, 0.000046, 0.000046
0.000000, -0.000061, -0.000061
0.000000, 0.000031, 0.000031
0.000000, -0.000076, -0.000076
0.000000, 0.000015, 0.000015
0.000000, -0.000092, -0.000092
0.000000, 0.000000, 0.000000
0.000000, 0.000092, 0.000092
0.000000, -0.000015, -0.000015
0.000000, 0.000076, 0.000076
0.000000, -0.000031, -0.000031
0.000000, 0.000061, 0.000061
0.000000, -0.000046, -0.000046
0.000000, 0.000046, 0.000046
0.000000, -0.000061, -0.000061
0.000000, 0.000031, 0.000031
0.000000, -0.000076, -0.000076
0.000000, 0.000015, 0.000015
0.000000, -0.000092, -0.000092
0.000000, 0.000000, 0.000000
0.000000, 0.000092, 0.000092
0.000000, -0.000015, -0.000015
0.000000, 0.000076, 0.000076
0.000000, -0.000031, -0.000031
0.000000, 0.000061, 0.000061
0.000000, -0.000046, -0.000046
0.000000, 0.000046, 0.000046
0.000000, -0.000061, -0.000061
0.000000, 0.000031, 0.000031
0.000000, -0.000076, -0.000076
0.000000, 0.000015, 0.000015
0.000000, -0.000092, -0.000092
0.000000, 0.000000, 0.000000
0.000000, 0.000092, 0.000092
0.000000, -0.000015, -0.000015
0.000000, 0.000076, 0.000076
0.000000, -0.000031, -0.000031
0.000000, 0.000061, 0.000061
0.000000, -0.000046, -0.000046
0.000000, 0.000046, 0.000046
0.000000, -0.000061, -0.000061
0.000000, 0.000031, 0.000031
0.000000, -0.000076, -0.000076
0.000000, 0.000015, 0.000015
0.000000, -0.000092, -0.000092
0.000000, 0.000000, 0.000000
0.000000, 0.000092, 0.000092
0.000000, -0.000015, -0.000015
0.000000, 0.000076, 0.000076
0.000000, -0.000031, -0.000031
0.000000, 0.000061, 0.000061
0.000000, -0.000046, -0.000046
0.000000, 0.000046, 0.000046
0.000000, -0.000061, -0.000061
0.000000, 0.000031, 0.000031
0.000000, -0.000076, -0.000076
0.000000, 0.000015, 0.000015
0.000000, -0.000092, -0.000092
0.000000, 0.000000, 0.000000
0.000000, 0.000092, 0.000092
0.000000, -0.000015, -0.000015
0.000000, 0.000076, 0.000076
0.000000, -0.000031, -0.000031
0.000000, 0.000061, 0.000061
0.000000, -0.000046, -0.000046
0.000000, 0.000046, 0.000046
0.000000, -0.000061, -0.000061
0.000000, 0.000031, 0.000031
0.000000, -0.000076, -0.000076
0.000000, 0.000015, 0.000015
0.000000, -0.000092, -0.000092
0.000000, 0.000000, 0.000000
0.000000, 0.000092, 0.000092
0.000000, -0.000015, -0.000015
0.000000, 0.000076, 0.000076
0.000000, -0.000031, -0.000031
0.000000, 0.000061, 0.000061
0.000000, -0.000046, -0.000046
0.000000, 0.000046, 0.000046
0.000000, -0.000061, -0.000061
0.000000, 0.000031, 0.000031
0.000000, -0.000076, -0.000076
0.000000, 0.000015, 0.000015
0.000000, -0.000092, -0.000092
0.000000, 0.000000, 0.000000
0.000000, 0.000092, 0.000092
0.000000, -0.000015, -0.000015
0.000000, 0.000076, 0.000076
0.000000, -0.000031, -0.000031
0.000000, 0.000061, 0.000061
0.000000, -0.000046, -0.000046
0.000000, 0.000046, 0.000046
0.000000, -0.000061, -0.000061
0.000000, 0.000031, 0.000031
0.000000, -0.000076, -0.000076
0.000000, 0.000015, 0.000015
0.000000, -0.000092, -0.000092
0.000000, 0.000000, 0.000000
0.000000, 0.000092, 0.000092
0.000000, -0.000015, -0.000015
0.000000, 0.000076, 0.000076
0.000000, -0.000031, -0.000031
0.000000, 0.000061, 0.000061
0.000000, -0.000046, -0.000046
0.000000, 0.000046, 0.000046
0.000000, -0.000061, -0.000061
0.000000, 0.000031, 0.000031
totaldiff=0.2103767578, sz=640, average absolute error value:0.0003287137
totaldiff=225.0015211226, sz=640, average relative error rate:0.3515648768
