cfgFile=sz.config
[SZ] Reading SZ configuration file (sz.config) ...
point count: 9680
datalength=9680
pwrLength=303
pwrErrBoundBytes_size=606
intvCapacity=20000
intvRadius=10000
datalength=9680
----------factors
9967
9934
9996
10026
9996
10038
10025
9996
10045
10018
9946
10100
10020
9914
9988
10123
10082
10008
10761
8957
9988
10005
10015
10010
10012
10008
10008
10007
10012
10006
10008
10007
10007
10007
10005
10004
10006
10005
10264
9744
10014
10006
9978
10005
10007
10012
9996
9994
10001
9994
10016
10007
9996
9998
10006
10003
10007
9990
10005
10002
10013
9984
10012
9988
10015
9997
10007
9978
10004
10015
10011
9979
9991
10025
9994
10013
9992
9989
8744
11213
10003
10002
10001
10003
10001
10001
10001
10001
10002
10000
10002
9999
10003
10002
9999
10002
10001
10001
10000
10002
9998
10004
10000
9998
10003
9999
10004
10010
11302
8717
9960
9998
9993
9994
10000
10008
9984
10013
8684
11322
10000
10000
10000
10000
10000
10000
10000
10000
10000
10000
10000
10000
10000
10000
10000
10000
10000
10000
10000
10000
10000
10000
10000
10000
10000
10000
10000
10000
10000
10000
10000
10000
10000
10000
10000
10000
10000
10000
14472
3180
12265
13285
3160
16447
4966
12174
12981
3552
16286
5145
12163
8201
16152
2890
11819
11080
9525
10203
10293
9494
10503
9485
10458
9870
10146
8647
14773
4579
9980
11820
11900
9708
9128
7001
12322
9207
9493
11272
10144
9938
10859
8280
10333
11111
8785
10352
10430
9446
10278
11228
8425
9963
10076
10767
9410
9657
11500
8300
10715
9594
10511
10236
9466
10028
10166
9929
9887
10091
10266
9758
9951
10013
10186
9880
9929
10176
9788
10785
8012
12633
7332
11409
11228
7445
12517
8730
8827
11208
11153
10719
5008
14322
7681
12184
7771
12253
8942
8928
12065
10728
6720
11475
8843
12181
9224
9650
9937
10406
11490
6568
10813
12054
10347
8410
10098
10471
7574
12182
10671
9298
9916
8335
10771
12037
8818
9852
10249
9867
11469
7140
11087
10660
9679
10026
9402
11136
8723
9588
11074
9998
11050
9770
8351
11778
8078
10963
9991
9993
10006
10052
10051
9755
10408
8805
10920
10819
8403
11439
10090
8889
9567
13051
6323
11455
11321
7742
11992
8697
10356
9762
8170
13054
8586
10068
10439
9664
10137
10046
10405
9286
9505
11425
9675
10546
9035
9966
9066
10453
10470
10140
10892
8903
10391
9947
8807
11058
10679
8761
10664
10118
9602
10156
10039
10091
9784
10171
9874
10081
9854
10092
10048
9961
10030
9982
10073
10196
9952
9235
10604
9971
9954
10249
9822
10125
9894
9470
10771
9256
10448
10002
9995
10002
10017
9904
10171
9980
9712
10197
10766
9684
9221
10523
10135
9398
10529
9885
9449
10516
10193
9817
9969
9906
9408
11228
8669
10754
10555
9481
9390
11048
9405
10072
9754
10544
9606
10224
9644
10465
9363
10727
8871
10725
10228
10301
9737
9722
9588
10576
10101
10199
9271
10765
9310
10059
10352
10145
9665
10037
10233
9345
10403
10439
9542
10007
9953
9758
10485
10115
9434
10209
10482
9600
10069
9895
10067
10097
9898
9976
9962
9970
10261
9665
10116
10278
9533
10480
9470
10582
10025
9698
9305
11364
9309
9310
10655
10764
9278
9240
10719
10026
9974
10015
9985
10027
9975
10013
9772
10263
9956
10075
9964
9877
10157
9962
9979
10112
9798
10229
9894
9884
10215
10506
9399
9900
9536
10432
10250
10236
15756
3937
2843
17088
10000
10000
10000
10000
10000
10000
10000
10000
10000
10000
10000
10000
10000
10000
10000
10000
10000
10000
10000
10000
10000
10000
10000
10000
10000
10000
10000
10000
10000
10000
10000
10000
10000
10000
10000
10000
10000
10000
10000
10000
10000
10000
10000
10000
10000
10000
10000
10000
10000
10000
10000
10000
10000
10000
10000
10000
10000
10000
10000
10000
10000
10000
10000
10000
10000
10000
10000
10000
10000
10000
10000
10000
10000
10000
10000
10000
10000
10000
10000
10000
10000
10000
10000
10000
10000
10000
10000
10000
10000
10000
10000
10000
10000
10000
10000
10000
10000
10000
10000
10000
10000
10000
10000
10000
10000
10000
10000
10000
10000
10000
10000
10000
10000
10000
10000
10000
10000
10000
10000
10000
10000
10000
10000
10000
10000
10000
10000
10000
10000
10000
10000
10000
10000
10000
10000
10000
10000
10000
10000
10000
10000
10000
10000
10000
10000
10000
10000
10000
10000
10000
10000
10000
10000
10000
10000
10000
10006
9993
10002
10000
9997
10002
10002
9995
10004
9998
10003
10000
9998
10000
9999
10000
10002
9997
10002
10001
9998
10002
10000
9996
10004
9998
10001
10000
9999
10006
9995
10000
10000
10000
9999
10001
10000
10001
9999
10000
9996
10004
10003
9995
10001
10002
9999
10000
9999
10002
9998
10002
9999
10000
9999
10003
9998
10000
10001
9999
10000
10000
10000
10001
9999
10000
10000
10000
10000
10000
10000
10000
10000
10000
9999
10002
9999
9999
10001
10001
9994
10004
10002
9998
10002
9998
10001
9999
10008
9993
10000
10000
10000
10000
9999
10001
10000
9999
10001
10001
9998
10003
9998
10000
9997
10003
10000
10003
9997
9999
10000
10001
10002
9998
10000
9999
10001
10000
10000
10001
9990
10009
10000
10000
10000
10000
10003
9999
9997
10001
10000
10001
9997
10002
9999
10001
10000
10002
9997
10002
9998
10002
9997
10003
10000
10000
9998
9999
10001
10002
9998
10004
9996
10000
10002
9999
9999
10001
10002
9994
10009
9993
10002
10001
9998
10002
9998
10000
10002
9998
10001
10001
9998
10000
10002
9998
10001
10001
9998
10001
10001
9998
10001
9999
10001
10000
10002
10005
9993
10000
10000
9997
10002
10003
9997
10001
9999
10002
9998
10002
9993
10006
10009
9990
10001
10002
9996
10002
10000
9999
10001
10000
10000
10000
10000
10000
10000
10000
9999
10002
9999
10000
9999
10002
9998
10000
10001
10001
9998
10002
9999
9999
10001
10002
9997
10000
10001
9999
10002
9999
10498
9518
9682
10372
9906
10066
9916
10017
12232
6236
11128
10450
10938
8737
9356
16526
2029
9362
12923
11315
7546
11265
9982
10230
9653
10156
9828
10861
8567
10629
10080
10203
10113
9246
10611
9789
9796
12139
6544
11324
10853
9552
9919
9653
10733
9165
10462
9383
10684
10264
8461
11249
9658
10892
9277
10543
9865
9489
9868
9675
10537
11188
8995
9013
11378
9334
10109
9828
10724
9792
8425
10649
10595
12005
8113
9198
11060
8230
11438
11764
6427
12966
7478
11766
9527
9495
10502
10520
9504
9668
10380
10286
10039
9500
11105
7772
11630
9097
10576
12555
4803
13285
8906
10963
9390
9279
11456
8667
10907
9677
11665
7318
11102
10018
9933
10115
9516
10443
10058
10239
9528
10510
8678
12522
8061
9556
10550
10323
13188
3606
13184
9986
9939
10495
12621
6943
9641
7286
14296
7837
10390
10945
9400
10437
9303
10946
9457
10321
9262
13522
4099
12962
12458
4796
12641
9935
9830
10391
9550
11028
8352
12053
8070
12849
5488
12477
10074
10038
9732
9842
9923
11308
8605
10886
8853
11442
8800
10648
9997
9305
10688
10490
8714
10402
10299
9686
10473
9862
9935
9703
10346
10855
8912
10080
9403
10688
11856
8509
7333
12502
9569
12285
6036
12087
8893
10999
10352
9207
10744
9145
10796
9962
9430
10272
10244
9568
10571
9164
10509
9931
10025
9958
10359
9379
10633
9317
10564
9506
10248
10046
10343
9454
10229
9791
10654
9445
9744
11714
7913
9797
11511
8415
11388
9765
9483
10454
9829
10240
9674
10010
10383
9570
10234
10084
9865
9549
10680
9425
10682
9721
10562
10687
6754
11321
10679
10540
9381
10197
9408
10686
9493
11303
7696
11477
10127
10978
6303
13254
8444
11064
9274
10309
10053
9611
10568
9867
9952
9985
10106
9326
10784
9733
10191
9635
10164
10286
9545
10180
10029
9921
10370
8899
12587
6675
11596
9804
10218
10073
9836
10003
11335
8888
8293
11871
9188
10467
9727
9910
10885
9532
9736
10144
9898
10211
9838
10135
10841
8772
9828
10414
10132
9806
10074
10138
10047
9906
10071
10557
8624
11531
8167
11276
9720
10116
9649
10363
10033
9899
9930
10053
10295
9438
10270
9949
10070
10019
9921
10036
9970
10013
10071
9807
10158
9946
10030
9993
10010
10002
10009
10230
9666
9986
10138
9906
10192
9752
10083
10110
9888
10026
9988
10137
9723
10160
10011
9994
9989
10009
9993
10007
10000
9994
10044
9939
10057
9896
10078
10084
9971
9984
9760
10191
9999
10003
9996
10001
10001
10001
9997
10003
10001
10002
9991
10003
10006
9999
9997
10010
9991
9989
10009
10001
10002
9997
10000
10001
10065
9863
10071
10000
10003
9997
10001
9999
10001
10002
9997
10000
10001
10000
10003
9996
10002
10000
10004
9992
10004
9999
10000
10002
9994
10009
9992
10005
9992
10005
10005
9999
9999
9998
9998
10005
9989
10012
10001
9989
10012
9995
9999
10003
9998
9981
10019
9999
10001
9998
10000
10003
9999
9996
9954
10194
9969
9810
10309
9572
9863
10355
10107
9948
9744
10779
8762
10626
10399
9578
9751
10239
10338
9377
10632
9418
10579
9730
9941
10037
10123
9611
10065
10206
9997
9973
9994
10041
10480
9109
10544
9856
10397
9237
10119
10112
10119
10061
10142
9898
9931
9989
10155
9519
10229
10163
10058
9871
9983
10010
10155
9531
10641
9544
9796
10669
9441
10436
9610
10124
10297
9897
9889
9904
9838
10077
10062
10137
9904
10211
9757
10099
9879
10137
10141
10108
9464
9915
10818
9348
10649
10558
7529
12572
7700
11287
10856
9235
8620
11037
10126
9513
11122
8932
10805
9257
10369
9890
11886
7398
10512
10676
9679
10337
8959
11524
8415
11130
9600
10192
9785
9975
9429
13396
4566
12748
9818
10784
10126
8401
10567
9481
11529
8400
10890
10074
9482
11084
9166
10022
10156
9698
10342
9845
10199
9414
10930
9379
10392
9130
10648
10092
9914
11586
6904
11520
9916
9863
9923
10397
9972
9806
9930
10116
11690
7449
9971
12413
5900
14963
5673
11763
11669
11741
4111
10751
13303
8660
9500
9632
11034
10689
8238
10085
10851
10970
9912
7922
11142
11386
7865
13668
2916
15222
8390
10381
10863
8112
13297
6093
11347
11808
8145
10071
11004
9305
10084
10115
9897
9799
10288
10047
9943
9590
10475
9682
10621
9323
10282
10180
9796
9867
10076
9926
10391
9647
10086
9829
9970
10815
8996
10229
10542
9563
9764
10214
9816
11121
8651
10399
10428
8256
12796
8537
11175
7373
11903
10281
8606
10479
9430
11975
8446
11109
7833
12658
7636
11329
11637
6976
14967
2424
14292
9258
10783
8572
11805
9027
10186
9266
10762
10500
8295
11987
9091
10107
8662
12494
9152
9300
9946
10283
8699
12027
8911
12377
6442
11948
10704
11021
5348
14475
5694
12663
9487
11119
8083
12764
8092
9900
8573
14781
4664
15250
4102
13418
9196
9399
13605
6184
10203
11066
11405
6642
11292
11402
9585
9184
12949
4624
16081
3408
13825
8186
11438
10295
9846
9374
10760
9568
10582
8227
12117
8553
10096
10278
9901
11109
9831
8101
11085
10277
10672
8767
10002
11313
8403
10256
11256
11060
5498
12903
9487
10556
9624
9781
10125
11613
6636
13413
7736
10694
10014
10089
10476
9320
10997
8219
11104
9401
10340
10002
10769
8888
10704
9767
11851
5875
12032
11294
9526
8155
10693
10518
10838
8639
10462
10012
9943
10109
10326
9573
10807
11208
5558
13130
8957
9888
10658
10254
10356
8733
10688
9731
9832
12074
6688
11797
9570
11003
8456
11251
9598
11095
7113
11854
9557
10190
10372
9320
11218
9618
8465
11534
8669
11108
9207
11271
8712
10874
15284
16317
6709
12323
10330
9484
15347
17129
10269
8221
11464
9069
11471
8048
11480
10157
8583
10335
11016
8319
14237
3779
13606
9982
9135
10452
9338
10367
10197
10638
12774
2500
14982
7877
11475
10713
7160
13001
8637
10122
10682
9488
8323
13262
7769
10880
9705
8940
11798
9944
8455
10640
12532
6125
11420
9891
10299
9997
10278
9173
10816
9100
11023
9273
10995
8658
10411
10620
9180
10504
10947
7834
11191
9963
9395
11614
8325
11245
9406
9931
12875
3401
14091
9422
13049
4731
12998
9107
11467
9398
8887
9790
10852
10079
9761
10494
10071
9263
10293
10893
7882
10487
11221
9863
9736
10527
8747
11253
9553
9261
10985
8725
12351
7733
10589
10042
10209
9946
11276
7450
12150
8044
12377
8490
9530
11649
7791
11421
10815
8625
10363
10420
10723
7129
12231
10088
8728
10584
10033
10632
8570
15161
2189
13250
10485
9320
10870
10142
9056
10743
9563
9808
11556
7595
11055
11456
7855
10290
10625
10861
12194
3057
14013
10098
7836
13304
8288
10858
8395
11318
9519
9520
12258
7781
10121
10808
8850
11218
9611
10281
9333
10566
12976
4670
10894
12669
9312
6710
12994
9425
10526
9976
8737
11481
9166
10543
9383
11940
6021
13305
9412
9712
10100
10273
9601
8427
11552
12471
5481
13102
8075
9783
11971
9069
11378
7865
13547
3977
13938
8853
10306
11099
8350
10145
10931
10083
8884
11038
9361
11425
8868
9105
11266
9026
11530
7979
11264
10136
9387
12929
5750
10922
11074
9964
9044
10620
10604
11623
5581
11519
10014
10873
10028
9606
10129
10346
11512
6092
12158
10348
9111
10696
9759
9871
9776
10357
11105
8286
10949
8514
11767
9370
10264
9434
10275
9991
10567
8174
12334
8946
10028
9976
10306
9684
9415
10498
10566
9439
10082
10250
9952
9617
10078
9789
10339
10024
9959
9990
10457
9245
10242
10162
9857
10068
9969
10016
10392
9544
10074
9988
9679
10695
9652
9996
10003
10004
9919
10063
10004
10007
9979
10101
10001
9888
10129
9878
9990
10030
9983
10049
10008
9913
9781
10251
10139
9788
10089
10001
10008
9990
9992
9658
10507
9834
9996
10033
9879
10459
9642
9989
9992
10002
10031
9578
10397
9964
10096
9932
10025
9973
10013
10064
9946
9999
9975
10365
9272
10746
8881
11401
9368
9856
10254
9890
9998
9999
9982
10010
9662
10319
10451
9322
10265
10177
9438
10393
9978
10524
9473
10031
9680
10245
10685
8664
10679
10030
10058
9930
9993
9693
10646
9651
9949
10325
9321
10392
10031
10002
9979
10214
9575
10396
9522
10321
10449
9517
10113
9926
11310
7208
11482
9952
9910
10106
10010
10867
8334
11075
9133
10574
10003
10512
9514
9964
10025
9957
9995
10093
9969
9353
10940
9893
9822
9767
10144
10215
9865
10157
9383
10435
10003
10219
10127
9672
9969
9992
10033
10021
10009
9803
9902
10214
10359
9693
9995
9997
9734
10494
9769
10067
9944
9980
10201
9290
10529
10758
8621
10718
10083
9820
9758
10260
9955
10655
8606
11066
9707
9820
10176
10047
9934
10159
9786
9780
10295
10298
9688
9753
10503
9505
10217
10021
10019
10116
9852
10023
10019
10317
9509
10270
9852
10050
9764
10424
9056
11480
8983
10249
10235
9501
10356
10021
9921
9995
10133
9791
10086
10034
9649
10307
10203
9804
10041
9948
9997
10152
9533
9837
10938
9564
10041
9855
10586
9157
10014
10575
9756
10051
9961
9899
10099
9996
9980
9780
10464
9733
10065
9966
10072
9928
9995
9646
10345
10027
9975
9999
10024
9986
10553
8655
10780
10033
9944
10046
9971
10938
9032
9788
10246
9721
10580
9712
9740
10418
9850
9786
10282
9937
10001
9920
10063
10015
10262
9799
9915
9710
10280
10017
9995
10032
10061
9932
9989
10010
9972
9770
10690
9356
10202
10204
9352
11051
8719
10652
10730
9124
10400
9755
9630
11034
8451
11641
8743
10485
9848
10102
10094
10024
9952
9986
10021
10575
9273
9959
10567
9259
10342
10045
9976
10024
9996
10317
9671
9968
9413
10634
10570
9327
10055
10054
9911
10070
9966
10049
9682
10895
8749
11135
9529
10006
10002
10227
9730
9798
10218
10033
9960
9652
10350
9906
10093
10385
9762
9867
10240
9339
10431
10110
9855
10113
9847
9714
10312
10055
9833
10768
9385
9611
10383
10023
9950
10270
9608
9854
10305
10634
9291
10119
9942
10001
10022
9987
10006
10008
9989
9411
10605
9962
10069
10466
9488
9993
10027
9993
9996
9647
10352
10251
9802
9604
10325
10405
9089
10709
9767
10045
10237
9766
9993
9644
10482
9899
9687
10265
9981
10015
10051
10626
8856
10493
9736
10646
9614
9994
10024
10323
8774
10985
9933
9917
10095
9988
9930
10012
10070
10544
9305
9747
10386
9950
9825
10190
10300
9714
10452
8946
10612
9974
10029
10002
9958
10047
9886
10105
9966
10014
9990
9996
10050
10368
9943
9216
11963
7380
11076
10136
9508
10144
10289
9965
9945
10056
9750
10241
10280
9582
10101
10015
9995
10053
10078
10285
9574
9643
10036
10367
9824
10858
9296
9837
10221
9754
10097
9975
10152
9962
9989
10326
9348
10739
9233
10307
10065
10368
9528
9638
10561
9913
10515
9479
10000
9701
10309
10000
10022
9914
10088
9982
9940
10016
10058
9982
10252
9122
10611
9999
9997
10022
9973
9993
10007
10021
10642
9318
9688
10590
9591
10035
10121
10251
9275
10498
10225
9923
9591
10793
9485
9676
10086
9721
10463
10394
9623
9998
10215
9529
10629
9624
9976
9814
10279
9522
10322
10353
9737
9929
10077
10116
9871
10362
9042
10464
10376
9753
10198
9781
9881
10161
10161
9963
9767
10074
10074
9950
10056
9866
10027
10239
9581
10300
9903
10013
10029
11306
7418
10889
10780
9313
10559
9795
9904
9538
10525
11624
6794
11911
9634
9978
9581
10488
10404
9584
10517
8698
10484
10314
9590
10356
9988
10210
9821
10314
9670
10001
9885
10029
10157
9808
9979
10344
9943
9463
10476
10171
9658
10094
9986
9988
10033
10129
9635
10177
10039
10028
9606
10336
10792
9273
9209
10795
9976
10551
8852
11087
9575
9921
11101
7445
11428
10021
9907
10041
10077
9933
10543
9505
9529
11103
10963
6928
12096
9259
10152
9129
10505
10582
11886
5842
12031
9985
10057
10001
9884
10729
9362
9207
10484
10195
9993
10658
9631
9848
9930
9507
11460
9091
9024
11073
9937
9700
10149
10284
9805
10023
9970
9912
10203
9878
9990
9940
10083
10701
9229
10286
9795
9283
10922
10510
9200
10046
9090
11141
10268
9691
9159
10571
10275
10236
9314
9548
12600
6882
11297
10210
9763
9612
10514
9865
9990
9896
9624
11056
8683
10716
10385
9671
9716
11004
9152
10102
9998
10004
9996
9999
9645
10199
10252
9992
9939
10251
9527
10195
10829
9264
10056
8788
11048
9590
11075
9360
10039
9899
9873
9783
10428
10037
10565
9320
9840
11388
8852
10058
9899
9811
9535
11496
8798
10528
8382
11198
10236
10063
11242
8727
9087
10917
10188
9979
9163
11792
8846
10058
10407
9595
9825
10068
9982
9458
10774
9852
9530
10488
9819
10143
10066
9904
10165
9745
10178
9921
10113
10133
9424
10327
12274
5941
11846
10333
9911
9307
10221
10222
10590
8792
10952
9684
9917
10401
9686
10029
9484
10801
9854
9779
10894
8422
11058
9650
9914
10050
9326
10446
10388
9889
10353
9640
8960
12736
8199
10009
10086
9992
10066
9818
10150
9929
10064
11484
8288
8151
12005
10251
9796
9845
10186
9967
10038
9943
10906
7829
11342
9857
10185
10283
9884
9754
9870
10229
9765
11084
9047
9602
9840
10494
9731
10594
9805
10385
9646
9805
10263
9815
9957
9932
10168
9831
10174
9536
10422
9354
10813
9900
9709
11018
9108
9300
11862
8215
11326
9992
9045
10301
10057
9922
10203
12055
4546
13384
9845
10500
9553
9662
12327
7896
10008
10163
10057
9697
10075
9991
8288
12829
8943
10065
9742
10190
10059
9839
10186
9983
9642
9949
10453
11132
8960
8531
12131
9314
10435
9576
9742
9918
10172
10050
9804
10239
10479
9453
10172
9875
9822
10322
8705
11156
10084
9893
9870
10147
10014
9933
9904
10184
9768
10270
9762
10151
9877
10169
11080
8779
9934
10223
9828
10100
9885
10018
10090
10313
9625
10212
8743
11162
9891
9980
10056
9947
10014
10169
9723
10263
9907
9849
10180
10073
9779
10023
10050
11616
6327
12174
9986
9894
10041
9986
10022
9807
10415
9733
9941
10526
9223
10918
9203
10959
9182
10058
10275
9925
9430
10328
9932
10089
10495
9434
10133
10003
8926
11061
10112
12325
5267
12318
10144
10681
8957
9114
11132
9888
10219
9890
10048
10303
9549
10460
8819
10938
10824
7772
11082
10169
9976
9958
9967
10320
9592
12768
5266
12221
9730
10478
9752
9720
10237
10102
9786
9951
10164
10127
9728
10152
9943
10070
10326
9662
9866
10246
9789
10107
10002
10024
9865
10029
10146
9887
9958
10045
10052
10004
10817
8275
10919
9986
9920
10123
8971
11448
8601
12305
8752
9957
9715
10059
10140
9856
10264
9460
9832
10546
11244
8941
8313
11536
10858
9115
9927
10170
9504
10139
10618
9633
10019
10236
9847
9811
10231
9776
9990
10111
9654
11011
9209
10177
9852
10052
10055
10073
9862
10255
9731
9965
10159
9572
9509
10890
9980
10020
10544
9620
9776
10340
9303
10429
10590
9541
8685
11611
9523
9679
11098
8458
11406
9330
9993
10096
9992
10305
9620
8576
11483
11161
9280
9567
9955
10001
9918
9350
10334
11128
9281
9939
9406
11589
8724
10833
9528
9351
11372
8240
10930
10125
9982
9491
11213
9379
10562
9361
10016
8923
10964
10887
8507
10731
10089
10229
9685
9009
10980
10680
9399
9517
10293
10099
10346
8395
11270
9985
9901
10816
9225
10028
9948
10720
9491
9776
10156
9733
10123
14146
1811
14197
9964
9367
11122
9100
10248
10108
9903
10051
10066
10072
9921
9921
9940
10097
10026
9965
10022
10012
10008
9959
10318
9966
9712
10177
9762
10031
10084
9758
10172
10063
9580
10390
10034
9510
10976
9499
10007
10015
9977
10211
9484
10271
10268
10422
8390
11458
9506
9932
10069
10059
9977
9554
10861
9553
9975
9070
12201
8671
9687
11084
8508
11039
8973
11496
9225
10398
9164
10444
10015
10006
11326
7036
10946
11992
8740
9910
10059
8971
11076
10819
9093
9934
9970
11162
7849
11397
9782
9836
10247
9928
9894
11129
7788
11178
9912
9972
10061
10906
9039
10430
9585
10059
8647
12062
9261
9952
10080
10668
8435
11285
9923
11838
8040
9806
10364
8647
11121
7915
12035
10028
9039
11290
8813
10645
10735
9300
10092
9610
10228
10213
10633
14765
15375
9850
9869
10399
10029
9955
9900
10194
10113
10399
9809
9603
9267
10723
9983
9457
10952
9165
10403
10114
10065
9881
12544
4698
12885
9593
13418
3729
15553
5856
9980
11621
10596
10027
9603
9851
9886
10085
9929
10259
9430
10318
9393
10723
9953
10789
9318
10016
10184
9726
9913
9381
11476
9165
9990
10139
9855
9953
10095
10051
10130
9752
8766
11278
10487
9793
9780
9790
10214
10399
9492
9995
10902
9116
10122
9331
11110
9268
10235
9834
10124
9855
10178
9974
10205
9842
9905
10156
9895
10019
10232
9790
9118
12515
7767
10653
9979
9856
9347
10767
9994
10248
9657
10441
9970
10342
8718
10610
9017
11656
9629
10571
8047
11524
9505
9669
11024
8821
10505
9907
10215
9521
11037
9691
9387
10498
9952
9560
10320
9212
10896
10235
9625
9920
9416
10651
9918
9986
10168
10813
8745
10163
10243
9434
11583
9011
9902
10126
9863
10823
8268
10946
9796
10288
9698
10266
10171
9845
9910
9996
10336
11097
10805
8519
4420
18621
5514
10913
6521
13805
9432
10998
8972
9071
11124
9769
10097
10030
10028
10023
9890
10934
7579
13249
7320
11006
9754
10713
8654
11368
9219
10475
9765
9963
10650
9269
10315
8979
12168
8629
10096
9388
11374
7485
11709
10756
8691
10263
10933
9396
10491
9765
8803
10845
10072
9557
10699
9979
10014
10202
8106
11423
11550
7649
10197
10935
10073
9576
11145
8056
10268
10303
10208
10004
11137
8058
10777
10128
9868
10948
8598
10600
9856
10707
8407
10953
9982
10325
10291
9368
9804
10118
10352
9543
10329
9194
10501
10976
9310
9798
10221
9747
9560
11226
9250
9359
11347
9387
9988
10813
8705
10425
9667
10563
10066
9494
10209
10187
9905
9893
10073
11456
9152
7005
12674
9759
9675
9836
11574
9884
8089
10880
9882
10120
10074
9931
10022
9983
10148
9839
10018
10254
9729
10080
11478
8639
9587
8019
12567
9717
9984
9940
10008
11325
8578
10282
8032
12634
8689
11625
8516
9801
11381
9306
9895
9553
10243
10083
10159
9174
11420
9535
9556
9842
11172
9140
10166
9624
10221
10042
10109
12308
7039
7979
12721
9945
10120
10324
9477
9195
10814
9762
11241
9015
10085
9782
9467
10559
9954
10340
9693
10082
10366
9261
11221
9176
9377
9921
13721
4155
13402
8999
11077
8388
11082
9881
9951
10071
10017
9887
10581
8657
10783
10727
10104
8030
11324
9702
10640
9459
9995
10080
10209
9692
10072
10814
8861
9907
10005
10125
10311
10305
10653
8925
10226
9763
9122
10983
9935
10945
9125
9203
10799
10748
9295
9919
11626
6335
11473
11636
9015
9991
9911
9944
10118
10013
9960
9640
10331
10403
9193
11403
8986
10113
9081
10849
9719
10609
9701
10212
9747
9889
10045
9867
11056
8329
11810
9420
9576
9952
10099
10122
9801
9562
10455
10377
9595
10227
9312
10434
9920
10143
10524
9442
10360
12387
4302
12925
9743
10370
10571
8740
10708
10369
9537
9746
11976
8498
9511
9551
10657
10185
9494
10424
10464
8839
10759
9959
9768
10251
11320
8299
10294
10148
9503
10376
10035
9956
10204
9489
12528
5631
12173
12448
6436
11077
10049
9347
10078
11125
9490
9115
10855
10461
9778
10078
9633
9745
10186
17118
3782
2210
16930
9716
10429
9747
10210
9988
9973
9774
10403
9776
10732
9277
10369
11055
8571
10149
7775
12181
9956
9918
10175
9568
10589
9814
9891
9862
10193
10341
9270
10961
9453
10200
9751
9510
10711
9698
9973
10377
9038
10744
12593
7390
10304
9485
7687
12406
10142
9965
10001
9958
10094
9915
10133
9864
9893
10171
10426
9477
9794
9911
10402
10390
9326
10296
9901
10312
9721
9678
10756
8835
11014
8916
10842
10493
10557
8899
9145
11657
9142
10055
9340
10576
9961
10278
10688
9128
10194
9183
11278
9280
10284
9628
10058
9628
10425
9873
11845
7270
11050
10075
10025
9884
10084
9796
10225
9921
10012
10950
8958
10273
10815
8941
8330
12152
9489
10361
8973
11614
9405
9741
8983
11821
10926
6004
12863
9946
8905
10467
10170
9526
10285
10233
9708
10573
9568
10006
10033
10317
9697
9482
11783
8590
8682
11474
10018
9967
10050
10938
8225
11066
10555
9050
9505
10430
10463
10486
7953
12470
8692
10099
11354
7238
11534
8922
11212
9823
9974
9916
9566
11025
9881
9286
10253
9937
10081
8961
11521
9516
10024
10933
8105
11427
9100
10437
10932
9057
9260
11410
9143
10169
10044
10821
8719
10090
10225
10210
9880
9957
10234
9783
9996
10064
9884
10108
9980
10065
9167
11201
9248
10412
11644
8268
8704
11104
10215
9918
12870
7072
8733
11038
10052
10341
9031
12018
8535
9698
11251
9264
10718
9474
9784
9872
10222
13134
6702
10656
9336
10003
8326
11865
9876
10479
8743
10903
10529
9744
10518
8638
10610
9982
10608
9490
9599
12938
5098
12084
10203
10578
9354
9375
10875
9759
10232
9801
10552
11278
6147
13282
8531
10646
9899
9812
9517
10259
9080
11314
9424
10348
9827
10253
9707
10689
9572
9854
10126
10219
9753
9627
10490
9795
10871
8288
11625
8605
11362
9299
9202
16395
15180
10956
8709
10500
10016
9535
11454
7986
11746
8919
11306
8997
10007
9981
9875
10011
10346
9269
10044
10654
10012
10773
9555
9546
10275
8347
11827
8722
10868
9972
10398
9642
9737
10063
10300
9830
9948
10477
9964
9861
9636
8576
12261
9274
9964
9853
10787
9485
10635
9397
8630
11207
10081
9965
10024
9981
10113
9863
9987
10015
9988
10048
9550
10426
9470
10596
10975
7884
12394
8623
8788
11336
11315
8109
10243
11497
8478
9779
10601
10149
9709
9619
10849
9429
10137
9994
10098
10022
8855
11922
10053
8977
10051
10294
9482
10229
9944
10170
9810
10133
9951
9924
10203
9970
9449
10543
10349
10512
8236
10822
9236
10830
11903
6472
11520
9969
11808
8542
9710
10248
9970
7683
12425
8550
11466
10888
9112
9675
9451
10204
10351
10308
9705
10106
9745
10217
9991
9867
10222
9813
10007
9936
10090
10019
10615
9113
10199
10067
10573
8223
11199
12661
8206
5895
13273
10525
8476
13201
6309
13818
4376
14004
9257
10284
8990
11086
9604
10093
10731
9126
9989
9831
10253
10588
9272
9302
11800
7951
11321
9511
10568
9910
9206
10655
11006
7860
11168
10850
9236
8879
11305
9588
10155
9935
9683
9867
10377
11000
7416
12336
9235
10456
9721
9273
10324
10283
9984
10734
9324
9885
9531
9878
10814
9914
11439
8536
8759
11113
9968
10339
10293
9577
9416
10466
10330
9710
9589
10755
9693
9555
10455
10033
9569
12095
7999
8821
11760
9671
10572
9354
8897
11733
9363
10076
9346
10757
9929
15081
29
4994
3320
19654
2829
13541
9925
10152
10225
9773
10422
9041
10533
10035
10202
9673
10121
10004
9183
10821
10693
12244
7287
6352
13307
11170
7513
11995
9849
9602
10391
8351
11309
9097
10821
10860
9071
10050
9819
10004
10950
9281
10059
9988
9527
10455
9695
10189
9861
10459
9632
9838
10748
11171
5604
13309
8690
10850
10685
8640
10822
9741
9945
10052
10029
9980
9950
10069
9972
9968
10017
9985
10050
9960
9976
10060
9964
10029
9914
10277
10159
9628
9979
10000
10034
10032
9915
9914
9530
11312
9269
9986
10035
9974
10046
9970
9951
10049
10084
9905
10167
9885
9795
9671
10504
9901
10098
9984
10030
10008
9910
10184
9823
9729
10689
9667
9948
10101
9956
10528
8251
11247
10257
10312
9369
8888
11133
10405
10136
9344
10138
10144
10084
8900
11537
8465
10783
10111
10097
9770
10028
10014
9991
10062
10335
11456
8078
9915
10236
10430
9525
9839
10179
9388
10638
10137
10048
9731
9860
9271
11037
9847
9827
9343
10721
11146
8598
10536
9133
10731
9938
10309
9665
11089
8006
10944
10027
10163
9846
9922
10073
10047
9925
10001
9983
10086
9926
10042
11010
8851
9445
10488
10122
10978
8960
10117
10194
9633
10102
9829
10249
9977
10046
9967
10062
10324
9713
9888
10048
9932
10034
10080
10121
8998
11079
10847
8800
10011
9553
10550
9529
10441
9948
10010
10116
11403
9674
7975
9085
11764
10085
10347
11477
7588
10627
9342
10673
9205
10063
10784
9982
9201
11022
9708
9912
9576
9899
11840
8441
10686
10481
8838
10248
9157
10812
10371
9591
10064
10035
10037
9532
10423
9947
10137
9462
12768
10032
5987
8738
12805
10593
9603
9071
11883
8757
10892
8753
10335
15291
15245
11136
8749
10289
9226
10564
9530
10495
10684
9449
9699
10178
9917
10009
10141
10183
9887
9818
9960
10112
9999
10024
10101
9648
10171
10216
9610
10176
10426
9285
9957
10514
9791
10101
10026
9839
10089
10053
9888
10270
9778
10047
10040
9896
9964
10134
9874
10125
9775
10706
9426
9974
10060
10003
10085
9949
9937
10019
10107
8872
10962
10476
9566
10492
9597
9958
9931
9563
10541
10362
9501
10105
10073
9848
9666
10398
10851
8239
10913
10279
9805
9541
10366
10032
9947
9994
10042
9923
10059
10454
9186
10351
10057
10071
9857
9980
10090
9539
10509
10056
10593
9187
10391
8779
10977
9900
10005
9985
10664
8916
13581
3980
12898
9775
10789
8924
10484
9961
10109
10451
8573
12227
8655
10052
9934
9972
10184
9942
9841
10113
10198
8528
11255
10161
10952
8294
10457
10226
9806
10078
10157
10107
9828
9831
9536
10720
13976
5937
6307
13775
10384
9499
10145
9592
10308
9843
10187
10096
9624
9783
10315
10091
10095
9893
9972
10068
9987
9879
10290
9690
10323
9756
9974
10240
9736
10237
9832
10528
9448
9192
10851
10033
9978
10216
9762
10039
10043
9878
9564
10732
9736
10063
10009
10953
8968
9030
12640
8227
8732
11337
10099
10046
11113
8861
9894
9898
10293
9745
10086
9956
9528
10643
9999
14697
4860
9932
11008
8874
10690
10297
8547
11423
9116
10427
9298
10811
10336
8981
8171
12467
10009
9368
10587
10198
12330
5663
11808
9972
10160
10065
9958
9906
9639
10503
9990
9892
9992
9419
10162
10361
9974
10043
9953
10072
9921
10033
10788
8882
10203
10051
10005
10068
9886
10117
9972
10434
9645
10055
9662
10324
9791
10364
9815
10119
9802
10141
9718
9511
10659
10283
9690
10077
9805
10390
9731
9843
10283
9828
10145
9913
10078
9295
10618
11080
8853
10106
10423
8383
11525
9105
11024
9597
9913
9937
10061
10002
9951
10089
9968
9930
10092
9967
10195
9793
9954
10062
10136
9570
10295
11826
8980
6479
12706
10010
10017
10001
9968
10040
9974
10042
9966
10045
9951
10034
9905
10089
9975
9962
9997
10092
10025
9742
10665
9393
9249
11235
9661
9917
10030
10230
9811
9971
10161
10438
9358
10102
10471
8433
10693
12026
7642
11333
8935
10338
10207
9819
9981
10029
9935
10146
10028
9734
10256
9934
12135
7573
9854
10992
8882
11140
8592
12172
6931
11940
10628
7007
13105
8334
10844
9957
10046
9918
9846
9853
10722
9623
10019
9997
8865
11391
9212
11165
9375
10217
9663
9980
10107
11406
7051
11389
10063
9987
9430
10416
12473
7312
9052
11316
9983
10044
10019
9363
11091
9997
9426
10134
10067
9957
10042
9747
10061
10100
10241
9489
10388
9719
10137
10146
9789
10056
10394
9553
9888
12550
5099
12592
10011
10457
9534
9762
10667
9463
10047
9802
10149
10412
9644
9335
12601
6664
11029
10380
9369
11477
8952
10218
9956
10096
9938
9992
9740
10169
10243
10130
10234
10560
8942
9526
9353
10921
10167
10033
10002
9968
10030
9975
10050
9938
10041
10010
9941
10047
10025
9963
9994
10026
9969
10010
10089
9904
10025
9899
10103
9991
10000
9972
10008
9956
10543
9534
9911
10119
9879
10064
9973
10011
10093
9884
10045
10371
9640
10217
9717
9996
9963
10057
9899
10245
9916
9776
10080
10032
10587
9362
9956
9947
11051
8958
9656
10460
10741
9707
9369
9871
10110
10477
10224
9541
10077
9914
10102
9953
10353
9653
10432
8948
10061
12559
6263
12358
16356
16791
9875
10739
9341
10238
10549
9484
10028
9781
10126
10138
9931
9699
10276
9961
10027
10009
9978
10021
10010
10215
9920
9426
10607
9645
10264
9585
11855
6939
11500
10102
10248
9955
9674
10082
10032
9686
10140
10098
9265
11679
9040
10033
10041
9935
10315
9621
9679
11118
8696
10325
10423
9852
9753
11261
7992
12992
7878
9959
10398
9568
10076
9531
10544
9335
10911
9975
9854
9889
10266
9602
10480
9313
10417
10567
9417
9935
10011
9772
10092
10402
9803
10114
9679
10249
9750
10277
10698
9139
10187
9731
10235
9714
10255
9970
10022
9978
10023
9974
10013
10016
9975
10021
10002
9985
9981
10344
9649
10012
9941
10141
9636
10304
9940
9941
11000
8317
10947
9828
10021
10138
9816
10110
10297
9554
9592
10491
10009
10059
9916
10022
10016
9974
9986
10025
9982
10020
9998
9978
9996
10021
10003
9999
9999
10501
9464
9985
10040
9959
10077
9737
10255
10023
9200
10869
9945
10012
10826
9029
10836
9105
10319
8364
11252
10127
10576
9480
10902
8950
10611
9913
9297
10379
9628
10879
9775
9321
10448
10165
8092
11549
10017
10018
10156
10778
9030
9796
10142
10612
9427
10250
9697
10174
9837
10225
9680
10175
10330
9700
10070
9998
9985
10012
10005
9986
10015
10008
10127
9875
9943
10083
9309
10613
10770
9215
10320
9650
10325
9364
10600
9942
9776
9948
9923
10160
10040
9507
11549
8725
10344
9862
9986
9967
10070
9993
9913
11351
6957
11993
9521
10289
10120
9582
10741
10434
9100
9933
9399
10568
10136
9986
9810
10151
10021
9990
10007
10018
9943
10059
9958
10177
9655
10553
9521
10146
9839
10166
9619
10604
9718
9999
10052
9956
10173
9872
9929
10069
9857
10119
9991
9955
10053
10021
10687
9058
10246
9712
10267
10244
9074
10836
9852
10002
9968
10053
9952
10074
10170
9841
9458
10832
9656
9982
10016
12099
7790
10087
8126
11876
10080
9881
10067
10032
9865
12418
7631
9770
8522
12015
9641
10164
9894
9655
10237
10209
9903
10487
9463
10142
9983
9952
9952
10009
10011
10212
9336
10486
10334
9950
9447
9929
10287
9957
9942
10519
9653
9902
9957
10173
10225
9615
10276
9897
9906
10018
10822
8871
10135
10086
10007
10111
9617
10686
9716
9922
10080
9904
10054
9933
10072
10082
9890
10125
9811
10108
9900
9917
10031
10293
9977
9817
10024
10052
9948
10032
9973
10008
10041
9963
9986
10003
10412
9552
9642
10324
10078
10025
10137
9778
10082
9866
10222
9887
10023
9605
10422
10263
9724
9917
10169
9213
11372
9278
10009
10612
8796
10611
9971
10049
9998
10036
9835
10135
9955
10044
9982
9967
10011
10016
9989
10013
9998
10008
9980
10167
9784
10061
9565
10336
10038
10172
11479
7214
11190
9997
10016
9988
10862
9042
10681
9165
10518
9611
9970
10080
9898
10351
9011
10172
10591
10081
10623
8989
10648
9754
9933
10042
10004
10005
9905
10045
10056
9960
9978
9627
10653
9863
9938
9789
10567
9312
11358
8504
9745
10678
9977
10937
8665
10336
9779
10279
10037
9971
9993
10024
10022
9984
9975
9991
10017
10118
9812
10233
9721
10146
9968
10104
9951
9995
10015
9954
9960
10023
9932
9993
10165
9772
10154
10000
10043
9936
10112
9770
10092
9830
10465
9806
10030
9189
10695
10061
9927
10038
9992
10002
10010
10047
9912
10028
10038
10514
9461
10111
9829
10099
9791
10222
9471
10631
10006
9980
9840
10028
10331
9581
10068
9165
11363
9465
10028
9967
10035
9972
10575
9506
9194
11470
9121
10047
10024
9991
10116
9867
10060
10022
10039
9963
10049
10155
9990
9260
10541
10038
10025
9872
10084
10042
10062
9913
9943
9960
10052
10206
10051
9607
10225
9929
9917
10110
9980
9993
10009
10009
9985
10023
9987
9992
10013
10009
9973
10005
9666
10756
10076
9475
9940
10091
9893
10051
10101
9860
10049
10077
9974
9822
10169
10022
9982
9993
10044
9376
11806
8673
9582
10536
10150
9869
9828
10228
9839
9516
11095
9466
11321
7634
11012
9969
10130
9688
10784
9372
10057
9619
10420
9997
9994
10345
9385
10186
11129
8920
9853
10490
9445
10143
10096
9439
10571
9981
10037
9966
10031
10206
9751
10010
9995
9986
10033
10024
9959
10008
9986
10038
9911
10080
10678
8891
10520
9867
10123
9784
9994
10133
10332
9580
10063
9960
10141
9956
9761
10213
10390
9160
10914
9555
10057
9771
10118
9276
10782
10560
9397
10037
9869
10038
10051
9939
10320
9781
9989
9735
10269
10007
10002
9814
10438
9913
9817
9840
10385
10761
7879
11092
10191
10337
8945
10611
9999
9942
9977
10062
10054
9960
9952
10007
10040
10239
9106
10967
9653
10002
10019
9895
10601
9290
10194
9920
10002
10111
9938
9927
10080
9635
10935
9313
10153
10191
9762
9915
10112
9964
10073
9975
10005
9952
10313
9600
10038
9747
10335
9982
10091
9937
10086
9794
10099
10018
10054
9890
10048
10474
9457
10151
9908
10444
9113
10468
10024
9972
10171
9808
10016
10219
9733
10092
9970
9901
10109
9686
10357
9911
10118
9906
9996
9926
10047
10247
9777
9881
10099
10026
10086
9536
10728
9615
10027
10616
9300
10107
9984
9875
10125
10068
9670
11379
7629
11257
10005
10191
9761
10047
9988
9711
10465
9836
10056
10288
9632
9643
11653
7280
11386
10072
9970
10108
10069
9848
9989
10005
9978
10003
10035
9535
10525
9855
10837
9352
9800
9999
9823
10259
10169
9843
9805
10268
9909
10012
10134
9834
9813
10233
9970
10010
10103
9790
10239
9959
9870
9988
9850
10180
10115
9977
9940
9885
10261
9825
10040
9829
10144
10007
9995
10086
9987
9929
9846
10154
10025
10108
9859
10005
9858
10148
9995
10493
9406
10071
9793
10238
9992
10025
9866
10116
10072
9624
10543
9765
10002
9995
9999
9993
10615
8802
10587
9720
10707
9126
11202
9206
9993
9715
10334
10005
9995
10002
10141
9865
9975
10022
10009
9981
9876
10202
9892
10049
9960
10012
10021
9998
9992
10000
10008
9995
10008
9998
9997
9991
10008
9999
10006
10000
9988
10006
10008
9988
10004
10010
9984
10007
10007
9988
10011
9988
10014
9992
9995
10002
10005
9997
10009
9984
10012
9996
9997
10003
10006
9997
9990
10015
9983
10293
9678
9900
10041
10090
10010
10006
9986
10006
9998
10007
9982
10016
9993
10003
10002
10003
9990
10012
10127
9853
10017
9981
9909
10100
10003
10008
9990
10006
9999
10008
9986
10003
10006
10000
9996
10000
10280
9646
10032
9886
10163
9993
10002
9991
10016
9992
9994
10005
10012
9978
10017
9991
10012
9987
10000
10007
10002
9988
10011
9991
10014
9995
9984
10013
10008
9984
10006
10001
10004
10000
9998
9998
10000
10009
9983
10006
10005
9995
10001
10002
9993
10006
10005
10000
9993
10005
9991
10010
9998
9996
9997
10011
9999
9994
9992
10010
10004
9997
10003
9984
10020
9982
10019
9987
10004
10000
10000
10000
10085
9827
10304
9568
10215
10001
10001
9995
10006
9987
10022
9979
10017
9992
9993
10012
9790
10274
9857
9992
10376
9708
9999
9995
9999
9952
9937
10295
9822
10208
9574
10135
10174
9903
10002
10004
10000
10006
9992
9993
10010
10006
9993
9994
10011
9984
10012
10008
9980
10018
9985
10007
10007
10001
9977
10025
9989
10002
9999
10001
9990
10015
9998
9991
10002
10003
10001
10076
9846
10077
10002
9997
9705
10399
9913
10073
10010
9892
10011
10002
9999
9996
10002
10001
10003
9991
10004
9996
10014
9986
10060
9893
10046
9912
10178
9916
10000
10003
9997
9993
10012
9993
10001
10002
9993
10009
9994
10004
9997
10007
9989
10007
10007
9968
10036
9987
9999
10001
10004
9995
10009
10194
9593
10207
9999
9991
10012
10003
9992
9994
10010
9993
10011
9987
10006
10050
9903
10186
9837
10063
9941
9887
10131
9932
10141
9937
9992
10227
9549
10217
10010
9994
10007
9926
10137
9915
10043
9937
10026
10005
10057
9953
9998
9726
10250
10252
9993
9583
10376
9808
10017
9995
10000
9986
10020
9989
10008
9989
9998
10013
9879
10138
10188
9570
10283
9944
9923
10814
8644
10482
10303
9761
10128
9742
10228
9971
9997
9856
10290
9856
10064
9915
9941
10118
9965
10195
9856
9953
9855
10166
9979
9953
10003
10023
11300
8414
10608
9462
10097
8860
11219
10074
9934
10555
9480
10004
9832
9937
10320
9861
10380
9675
9989
10107
9572
10349
9932
10487
9569
10030
10009
9884
10048
9929
10084
10023
9998
10026
9811
10118
10028
9999
10008
10286
9678
9846
10168
9969
10191
9980
9902
9461
10885
9814
9755
10088
9890
10136
9632
10270
10042
9991
10375
9552
10119
10028
9583
10749
9607
10029
9936
10042
9993
9993
10011
10010
10085
9801
9954
9972
10147
10235
9745
10035
9998
10016
10030
9998
9976
10168
9731
10244
9847
9562
10880
9550
10038
9962
10030
9979
10038
9975
9985
10008
9992
10026
9962
9960
10128
9937
9992
9978
10029
10312
9295
10496
9881
10021
9843
10116
10033
9999
10014
9974
10043
9954
9816
10631
9981
9579
9810
10201
10127
9697
9930
10237
10014
9980
10043
9968
9989
9708
10654
9748
10837
8827
9409
10853
9972
10021
9981
10009
9934
10063
10007
9979
10115
9985
9591
10201
10443
9500
10311
9879
9728
10517
9509
10268
10158
9747
9964
10264
9821
9703
10300
10055
9978
9963
10001
10035
9901
10351
9652
10025
10045
10068
10039
9876
9997
10016
9802
10402
9685
10219
9897
10054
9935
10006
9953
10051
9993
10130
10573
8635
10435
10395
9610
10182
10137
10057
9852
10085
9907
9936
10082
9831
10064
10288
9901
9830
10103
9970
9981
9981
10129
10064
9698
10152
9953
9940
10132
10165
9784
10018
10110
9810
10081
9981
9825
11158
8283
10750
10010
10042
9952
9997
10028
10005
9954
9916
10010
10177
9869
10182
9860
10009
9890
10204
9962
9914
10082
9944
9973
10013
9904
10108
10158
9838
10005
9874
10196
9987
9942
9835
10185
10135
9891
9963
10483
9375
9582
10592
10148
9665
10181
9916
10199
9749
10242
9852
9969
10046
10121
10266
9029
10545
9974
10172
9874
10130
9647
10219
10237
9737
10017
10324
9554
10025
10466
9383
10268
10051
10055
9763
10156
9974
10029
10010
9801
10292
9743
10318
9671
10277
9755
10117
9962
10192
9818
10041
9912
10115
9970
9962
10072
9928
10033
9929
10104
9968
9983
10060
9958
9977
10012
9994
9842
10160
10201
9791
10000
10030
9889
10197
9666
10403
9751
10046
10178
9849
10022
9978
9967
10052
9945
10052
9984
10068
9885
10048
9999
10005
9896
10119
9951
10032
9990
10049
9983
10093
9873
10041
9926
9954
10172
9989
9921
10004
10011
10014
9935
10055
9960
10066
9955
10009
10027
9926
10055
9978
10037
9962
9978
10090
9970
9954
9976
10113
9792
10257
9762
10243
9787
10159
9978
9965
9898
10188
9755
10200
9923
10183
9807
9941
10208
9900
10061
9831
10101
9916
10154
9940
9915
10056
10105
9805
10120
10011
10016
9934
10031
9988
10012
9995
9957
10074
9971
9993
10002
10001
10001
10007
9992
10001
9999
10001
9999
9996
10006
9995
10002
10001
10000
10001
10000
10004
9993
9998
10013
9991
10001
9992
10009
9998
10005
9988
10010
9996
10000
10001
10000
10023
9982
9994
9996
10007
9999
10009
9982
10017
9979
9986
10032
9995
10019
9983
9993
10006
10000
9995
10003
9999
10001
10000
9999
10003
9985
10014
9998
10001
10000
10002
9997
10003
9995
10003
10000
10001
9999
10000
10001
9999
10000
10000
10001
9999
10000
10005
9995
9999
10001
10001
9999
10000
10000
10000
9999
10001
10001
9999
10000
10001
9999
10000
10001
9999
10000
10001
9999
10000
10001
9999
10000
10000
10001
9999
10001
9999
10003
9998
9999
9999
10002
10000
9999
10001
9999
10000
10000
10000
10002
9998
10000
10001
9999
10000
9997
10004
10007
9993
9999
10000
10001
10001
9997
10002
9999
10000
10001
9998
10002
10000
9999
10001
9998
9993
10188
9640
10190
9990
10001
9999
10000
10001
9999
10000
10000
10001
9999
10001
9999
10001
9999
10000
10000
10001
10000
9999
10000
10001
9999
9999
10001
9994
10006
10001
9999
10001
10000
9998
10002
10000
10002
9997
9999
10001
10001
9998
9994
10006
10002
9998
10005
9997
9999
10003
9997
9984
10056
9939
10021
10000
10001
9999
10000
10001
9998
10001
10004
9996
9999
10003
9995
10003
10001
9999
10001
10005
9987
10008
10001
9998
10001
9998
10002
10000
10000
9998
10012
9989
10001
9998
10000
10013
9972
10021
9996
9999
9999
10001
10000
9999
10003
9997
10002
9999
10003
9997
10000
10003
9985
10012
10000
10001
9999
10000
10001
9999
10000
10001
9999
10000
10001
9999
10000
10001
9999
10000
10001
9999
10000
10001
9999
10000
10001
9999
10000
10001
9999
10000
10001
9999
10000
10001
9999
10001
9998
10002
9999
10001
9999
10000
10001
9999
10000
10001
9999
10000
10001
9999
10001
9999
10000
10000
10001
9999
10000
10001
10000
10001
9999
10000
10000
9999
9999
10001
10002
9997
10002
9998
10002
10000
9997
10001
10001
10001
9999
10000
10001
9999
10001
9999
10000
10000
10001
9999
10001
9999
10000
10002
9999
10000
9998
10001
10001
9999
10000
10000
10002
9995
10004
9999
10001
9999
10003
10000
10012
9991
9992
10003
9994
10005
10002
9996
10001
10003
9996
10002
10000
10005
9993
10002
9983
10018
9999
10000
10000
10001
9999
10000
10001
9999
10000
10001
9999
10000
10001
9999
10012
9991
10002
9991
10016
9978
10001
10025
9985
10012
9986
9967
10034
10001
10003
9995
10002
9993
10007
9999
9999
10003
9999
10000
9999
9999
10001
10000
10000
10009
9987
10004
10000
10001
9999
10000
10001
10000
9999
10000
10000
10001
9999
10000
10009
9991
10001
9999
10001
9999
10000
10001
9999
10000
10000
10001
9999
10001
9999
9991
10010
9999
10011
9979
10010
10012
9989
9998
10000
10001
10000
10004
9997
9996
10002
10001
10001
9999
10000
10001
10001
9999
10000
10000
9995
9999
10006
9998
10002
10003
9993
10006
9994
10006
9994
10005
10000
9996
10004
9998
9999
10006
9992
10001
10003
9998
10002
9998
10002
9999
10000
10000
10000
10001
9999
10000
10001
10000
9999
10007
9996
9996
10002
10000
10000
9999
10001
9999
10000
10000
10001
9999
10000
10001
9999
10000
10001
9998
10001
10002
9998
10000
10000
10001
9999
9999
10001
10001
9999
9999
10002
9998
10002
9999
10000
10000
10001
9999
10001
10001
10000
9998
10024
9964
10016
9992
10006
9984
10006
10009
9999
10000
10000
10001
9999
10000
10001
9999
10000
10001
9999
10000
10001
10000
9999
10000
10000
10001
9999
10000
10001
10000
9999
10000
10001
9999
10001
9999
10000
10000
10001
9999
10002
9997
10002
9999
10001
9999
9999
10002
10000
9999
10001
9999
9999
10002
10001
9996
10002
10000
10001
9999
10000
10001
9999
10000
10000
10004
9994
10002
10000
10000
10000
10001
10002
9994
10004
10000
10001
10003
9988
10008
9999
10000
10000
10001
9999
10001
9999
10001
9999
10000
10001
9999
10000
10000
10001
9999
10000
10001
9999
10007
9994
9997
10003
9998
10002
9999
10002
9996
10004
9999
9999
9999
10002
10001
9998
10000
9999
10002
10000
9999
10001
9999
10001
10000
9998
10002
9999
10000
10000
10000
10001
10000
9998
9999
10002
10005
9995
10000
10000
10001
9994
10006
9998
10002
10002
9997
10000
10000
10001
10001
9998
10001
9998
10001
10003
9989
10009
9999
10010
9990
10000
10001
9999
10001
10000
9998
10002
9998
10005
9996
9999
10003
9998
10001
9999
10001
9999
10000
10000
10000
10000
10001
10000
10000
9998
10003
9998
10002
9998
9999
10002
9998
10002
10001
9995
10004
9999
10001
9992
10007
10001
9999
10003
9998
9999
10000
10001
9999
10001
9999
10000
9999
10003
9997
10001
10001
10000
9999
10000
10001
10000
9999
10001
9999
10000
10000
10000
10001
9999
10001
9999
10001
9998
10002
10002
9997
10000
10001
9996
10003
10001
9999
10001
9999
10001
9999
10000
9999
10001
10001
10000
10000
9998
10002
10000
9998
10002
9999
9999
10004
9998
9999
10001
9998
10002
10000
9999
10000
10001
10000
9999
9998
10005
9997
10000
10001
10000
9995
10007
9997
10001
9998
10001
10001
9998
10002
9999
10000
10000
10001
9998
10004
9997
9998
10005
9997
10001
9995
10008
9996
10001
9999
10000
10000
10001
9999
10001
9999
10000
10001
9999
10000
10000
10001
9997
10001
10005
9996
10000
10000
10000
10000
10000
10001
9999
10001
9998
10003
9998
10000
10001
9998
10002
9999
10001
9999
10000
10001
9999
10001
9998
10002
9998
10002
9999
10000
10001
9999
10000
10000
10001
10000
9999
10000
10001
9999
10001
10000
9991
10009
9999
10000
10001
9999
10000
10001
9999
10001
9999
10000
10001
9999
10000
10000
10001
9999
10000
10001
9999
10000
10001
9999
10000
10001
9999
10000
10001
9999
10000
10001
9999
10000
10001
9999
10000
10001
9999
10000
10001
9999
10000
10001
9999
10000
10001
9999
10000
10001
9999
10000
10000
10001
9999
10001
9999
10000
10001
9999
10000
10001
9999
10000
10001
9999
10000
10001
9999
10001
9999
10000
10001
9999
10000
10000
10001
9999
10000
10001
10003
9998
9999
9998
10001
9999
10002
9999
10001
9999
10002
9998
10001
9999
10000
10001
9999
10001
9998
10001
10001
9999
10001
9999
10001
9999
10001
9999
10000
10001
10000
9999
9999
10001
10000
10000
10003
9998
9997
10001
10001
10000
10003
9998
9998
10002
9998
10001
10000
10001
9998
10002
9999
10000
10001
10000
9998
10002
9998
10002
9999
10000
10001
9999
10000
10001
10000
9999
10001
10000
9999
9999
10003
9998
10001
10000
9999
10000
10001
9998
10000
10002
9999
10000
10001
9999
9999
10001
10001
10000
9999
10000
10000
10001
9999
10001
9999
10000
10000
10001
9999
10000
10001
10000
9998
10002
10000
10000
10000
9999
9999
10002
9999
10000
9999
10001
10001
9999
10001
9999
10004
9996
10000
10000
9999
10003
9998
9999
10002
9998
10002
9999
10001
10000
9999
9999
10001
10001
10004
9996
9994
10005
9998
10002
10000
10001
9999
10000
10001
10000
9999
10000
10001
9999
10001
10000
10000
9998
10002
9999
10001
9999
10000
10002
9998
9999
10002
9999
10001
9998
10001
10001
10000
9999
10001
9998
10002
9999
10001
9998
10003
9998
9999
10002
10000
9999
10000
10000
10002
9997
10001
10001
10001
9998
10001
9998
10002
10000
9999
9998
9997
10007
9999
10000
9999
10001
9998
10001
10001
9999
10000
10001
10000
9999
10000
10001
9998
10001
10000
10001
9999
9999
10001
10001
10000
9999
10001
10000
10000
9999
10001
10000
9999
10000
10001
9999
10000
9998
10004
9998
10001
9999
10001
9998
10002
10000
9998
10002
9998
10002
9998
10003
10000
9998
10001
10001
9993
10004
10000
10002
10003
9997
10000
9999
9997
10002
10003
9996
10003
9998
10008
9993
10000
10001
9996
10007
9994
10000
10002
10002
10001
9997
9995
10004
10002
10002
10004
9993
9989
10013
9998
10000
9998
10007
9996
10002
10000
9994
9995
10010
9998
10003
9999
9998
9996
10017
9987
10000
9999
10001
10005
9994
10002
10002
9988
10008
10004
9994
10002
10003
10010
9987
10004
9996
10000
10010
9976
10016
9999
10001
9999
10000
10001
9999
10000
10000
10001
9999
10001
10005
9995
9998
10001
10000
10001
10000
9999
10000
10001
9999
10001
9998
10009
9992
10000
10000
10001
9999
10000
10000
9991
10010
9998
10001
10002
9997
10004
9998
10001
9995
10005
9999
9997
10004
9998
10002
10001
9997
9999
10001
10003
9993
9999
10007
9997
10002
9998
10003
9999
9998
10003
9999
9997
10003
10000
10000
9998
10002
10001
9995
10002
10002
9999
10000
10002
9997
10001
10001
10000
9999
10000
10001
9999
10000
10001
9999
10000
10001
9998
10002
9999
10000
10001
10000
9999
10000
10001
9999
10001
9999
10000
10000
10001
9999
10000
10001
9999
10001
9999
10000
10001
9999
10000
10001
9999
10000
10001
10000
9998
10002
9999
10000
10001
9999
10008
9992
10001
10000
9999
10000
10001
9998
10001
10000
10001
10000
9999
10000
10001
9999
10000
10001
10000
10000
9998
10003
9998
10000
9998
10004
9990
10008
10000
10001
9999
10000
10001
9999
10000
10001
9999
10000
10001
9999
10000
10001
9999
10000
10001
9999
10001
9999
10000
10000
10001
9999
10000
10001
9999
10000
10001
9999
10001
9999
10000
10000
10001
9999
10000
10001
9999
10000
10001
9999
10001
9999
10000
10000
10001
9999
10000
10001
9999
10000
10001
9999
10000
10001
9999
10000
10001
10000
9999
10001
9999
9999
10003
9998
10000
10001
9999
10000
10000
10000
10000
10001
9999
10000
10001
9999
10001
10000
9999
10001
9999
10000
10001
10000
9999
10001
9998
10001
10000
10000
10001
9999
10000
10002
9998
10000
10000
10001
9999
10000
10000
10001
10000
9999
10000
10000
10000
10000
10003
9995
10002
10000
10001
10000
10000
9998
10002
9999
10000
10002
9997
10003
9997
10001
10000
10001
9999
10000
10001
9999
10000
10017
9971
10010
10001
10000
10001
10001
10000
10001
10000
9997
10009
9990
9994
10009
9998
10003
9998
10000
10003
9995
10003
10005
9989
10019
9973
10012
10001
10001
9999
10001
9999
10000
10001
9999
10000
10001
9999
10000
10001
9999
10000
10000
10000
10001
9999
10001
9999
10002
9998
10000
10000
10000
10001
10000
9998
10001
10001
9999
10001
9999
10000
10001
9999
10000
10001
9999
10001
9999
10001
9997
10002
10001
9999
10000
10001
9998
10002
9999
10001
9998
10000
10002
9999
10000
10003
9997
9998
10002
9998
10003
10001
9998
10001
9997
10003
10000
10000
10000
9999
9999
10001
10000
10002
9999
10002
9997
10001
9999
10000
10001
9999
10000
10000
10001
9999
10000
10001
9999
10000
10001
9999
10000
10001
9999
10001
9999
10000
10001
9999
10000
10001
9999
10000
10000
10001
9999
10001
9999
10000
10001
9999
10000
10001
9999
10004
9996
10000
10004
9997
9999
9999
10001
10000
10001
10001
9994
10003
10005
9996
9998
10002
10001
9999
10000
10001
10000
10000
9999
10001
9999
10001
9999
10000
10001
9999
10000
10001
9999
10000
9999
10002
10000
9998
10001
10001
9996
10003
10000
10001
9999
10000
10001
9999
10002
9998
10001
10000
9998
10003
9996
10004
9996
10002
10001
9999
10000
10001
9999
10000
10001
9999
9999
10002
9999
10001
9998
10001
10002
9998
10001
9999
10000
10001
9999
10008
9993
9998
10002
9999
10000
10001
9999
9999
10001
10001
10000
9996
10003
10000
10002
9998
9999
10003
9998
10001
10002
9997
9996
10003
10001
10003
9997
9999
10005
9996
9993
10024
9969
10022
9992
10014
9995
9991
9990
9990
10019
10001
10001
10000
10000
9999
9998
9997
10004
10002
10007
9994
9999
9996
10004
10000
10007
9992
10001
10000
10002
9997
10000
10000
9989
10012
9996
10017
9986
10000
10001
10000
9999
10000
10001
9999
10001
9990
10019
9995
9990
10006
9999
10001
9999
9999
9989
10018
9992
10000
10025
9982
9985
10012
9994
10006
9995
10007
9994
10002
9999
10004
9974
10023
10004
9997
9993
10001
10011
9998
9995
10005
9995
10003
10003
9994
10001
10000
9999
10012
9989
10000
10000
10000
10001
9999
10000
10000
10001
9999
10000
10003
9997
10001
9999
9997
10003
10000
10002
10000
9998
10000
10000
10001
9999
10000
10001
9999
10000
10000
10001
9998
10002
10000
9999
10001
9999
10001
9999
10004
9997
9999
10001
9997
10002
10000
10000
10001
10002
9997
10001
9999
10000
10001
9999
10000
10000
10000
10001
9999
10000
10001
10000
9999
10000
10000
10001
9999
10001
9999
10000
10000
10000
10000
10001
9999
10000
10001
10000
9994
10006
9999
10000
10000
10001
9998
10002
9999
10000
10001
9999
10001
9999
10003
9997
10000
10001
9998
10003
9997
10003
9995
10005
9998
10000
10000
10000
10001
10000
9999
10000
10000
10001
9999
10001
10000
9998
10002
9999
9993
10023
9977
10000
10004
10008
9994
10000
10001
10009
10012
9993
9964
10022
10025
9944
10026
10021
10015
9948
10014
9991
10059
9966
9936
10056
10000
9989
10008
10011
10009
9978
10031
9990
10011
9975
9923
10083
10004
9973
10069
9870
10115
9981
9973
10007
9991
10005
10031
9934
10033
10020
9962
10019
10008
9980
10017
10002
9997
10000
9998
10003
10002
9995
10001
10000
10002
10001
10002
10002
9988
10005
10001
9999
10001
10001
9998
10002
9999
10000
10000
10002
9998
10001
10000
9998
10001
10000
10001
9997
10004
9998
10000
10000
10001
9999
10000
10000
10000
10001
9999
10000
10001
9999
10001
9999
10000
10001
9999
10000
10001
9999
10000
10001
9999
10000
10001
9999
10000
10001
9999
9999
10002
9998
10001
9999
10003
9998
10001
10000
10001
9997
10002
9998
10002
9999
10001
9999
10001
10000
9998
10001
10001
10000
9999
10001
9999
10000
10001
9999
10000
10000
10000
10001
9999
10000
10000
10001
9999
10001
9998
10000
10004
9997
10001
9999
10001
9999
9999
10002
9998
10004
9995
10002
10000
10001
9999
10000
10018
9983
10001
9995
10005
9997
10000
10001
10001
9998
10002
10000
9998
10001
10000
10003
9995
10002
10001
9999
10001
9984
10023
9993
9999
9999
10001
10001
10000
9999
10001
10000
10000
9998
10001
10001
9999
10001
10000
9998
10001
9999
10002
9999
10004
9997
9999
10000
9998
10002
10001
9999
10000
9999
9998
10010
9993
10001
9998
10002
9999
10004
9996
10000
10000
10001
9999
10000
10001
9999
10001
9999
10000
10001
9999
10001
9998
10001
10001
9999
10001
9999
10000
10000
10001
9999
10001
9999
10000
10001
9999
10000
10001
9999
10000
10002
9998
10000
10001
9997
10002
10001
9990
10010
9999
10000
10001
9999
10000
10009
9992
9991
10008
10000
10001
10000
9998
10002
9999
10000
10010
9990
10000
10000
10000
10000
10001
10000
9999
10002
9996
10003
9998
10004
9997
9999
10002
10000
10000
9998
10002
9998
10002
9998
10003
9999
10000
10000
9999
9997
10004
9999
9999
10001
10000
10002
10000
9999
9999
10002
9998
10000
10000
10000
10000
10002
9994
10005
10000
10000
9999
10001
9995
10004
10001
9999
10001
9999
10001
9997
10003
10000
9994
10005
10001
9999
10000
10000
10001
9999
10000
10001
9999
10001
10000
9999
10000
10000
10002
10000
10005
9994
9999
9990
10010
10003
10002
9997
9990
10009
10000
9999
10000
10001
10000
9999
9999
10003
10004
9987
10005
10011
----------
hit: 9671
miss: 7
length of statenum:65536
nodecount=5273
treeByteSize=47458
enCodeSize=11143
timecost, 0.007842, seconds
done
77440
32743
sz compression ratio, 2.37 
