cfgFile=sz.config
[SZ] Reading SZ configuration file (sz.config) ...
point count: 9680
datalength=9680
pwrLength=303
pwrErrBoundBytes_size=606
intvCapacity=20000
intvRadius=10000
datalength=9680
----------factors
14354
16855
6058
6899
9993
10007
10007
9992
9994
10008
12491
7058
11355
10053
8540
11030
9351
10356
9474
10796
10240
9062
10745
10513
10986
10782
10791
9156
13785
9331
10011
11260
9257
9070
11253
10172
8693
10759
9925
9986
10855
9001
9611
10632
10490
9443
10698
9287
9489
10608
10456
8896
10746
9748
10461
10140
9587
10369
8450
11820
8597
10898
10248
9852
9713
9686
10756
9327
9633
13244
6504
12797
7141
9955
10331
12300
9671
4482
16330
6634
14527
5362
10682
12410
7940
10392
6568
14135
10953
9213
9483
7471
12914
10375
5575
13607
10608
8451
9239
12520
9660
9779
10533
8806
8419
12235
8921
9582
10053
5632
14901
10399
10168
9598
10279
9557
9691
12070
7790
10161
11066
10793
19941
3391
9592
9841
10773
9255
9181
9945
13456
8489
10294
4544
13920
10490
3978
13788
8772
2193
4601
14703
10250
18152
12893
8526
8050
12685
2067
7776
8947
12087
12866
8784
11553
7751
14075
9601
7830
13223
16061
15682
10308
10033
9564
10252
10430
8841
11632
8819
9879
15894
4493
4606
1813
13320
10403
9736
9571
10277
10125
9844
10041
10383
10453
8635
10612
10177
10345
8943
4712
19201
2479
17551
8358
10139
18790
14928
6864
8958
11536
10706
8689
10018
9802
11184
9092
10279
10410
8652
11140
8576
11195
11031
7964
11818
7382
11673
9829
11431
7607
11486
9139
10549
10354
9830
10398
9931
10349
9500
10334
9651
10361
9464
10880
9621
9801
10025
10197
9732
12138
19279
10753
10084
8580
11433
9780
10046
10130
9228
10609
9698
10164
9975
10146
9840
10364
9837
9860
10216
19119
14799
11947
8656
10506
10865
11861
19407
15774
11613
2804
16491
10396
14950
8301
4951
3312
12844
16423
6954
6743
13270
12230
14951
9096
8302
9611
12431
4630
13923
8750
11252
19032
19883
9688
10095
11074
15725
1340
13895
5291
15116
9600
19556
10661
9928
8566
11396
9855
10292
9868
9468
10046
10178
10355
9915
10014
9543
10238
10007
10272
10096
9895
18491
6740
13815
12304
9029
10442
10380
8950
10621
10598
8641
10683
10173
9353
18666
5720
10000
10000
10001
9999
10001
9999
10000
10000
10001
9999
10000
10000
10001
9999
10000
10000
10001
9999
10000
10000
10001
9999
10000
10000
10001
9999
10000
10001
9999
10001
9998
10002
9998
10002
9999
10000
10001
9999
10000
10001
9999
10000
10001
9998
10002
9999
10000
10001
9999
10000
10000
10000
10001
9999
10001
9999
10000
10000
10001
9998
10002
9999
10000
10001
9999
10000
10000
10000
10001
9999
10000
10001
9999
10000
10000
10001
9999
10000
9994
10007
9999
10001
9999
10000
10000
10001
9999
10000
10000
10000
10000
10001
9999
10000
10000
10001
9999
10000
10001
9999
10000
10000
10001
9999
10000
10000
10000
10000
10001
9999
10000
10000
10001
9999
10000
10001
9999
10001
9999
10000
10000
10001
9999
10000
10000
10001
9999
10000
10001
9999
10000
10000
10000
10001
9999
10000
10001
9999
10000
10000
10001
9999
10000
10000
10001
9999
10000
10000
10000
10001
9999
10000
10001
9999
10000
10000
10001
9999
10001
10000
9998
10001
10000
10000
10000
10002
9998
10002
9995
10003
10001
9999
10000
10001
9999
10001
9998
10001
10001
9999
10001
9998
10002
9999
10001
10000
9999
9999
10001
10001
9999
10000
10000
10001
9999
10000
10001
9999
10022
9977
10011
9996
9994
10000
9997
10006
9997
9991
10020
9989
10001
9999
9999
10000
10001
10001
9997
10004
9997
10000
10000
10007
9993
10001
10001
9998
10001
10001
9999
9999
10001
9988
10011
10003
9994
10004
9999
10000
9987
10014
10001
9999
10000
10001
9999
10000
10000
10001
9999
10000
10000
10000
10000
10001
9999
10000
10000
10001
9999
10000
10000
10001
9999
10000
10001
9999
10000
10001
10000
10012
9986
10009
9990
10003
9980
10019
10000
10000
10000
10000
10000
10001
9999
10000
10001
9999
10000
10002
9996
10002
10002
9997
10001
10001
9999
10000
10001
9999
10000
10001
9999
10000
10000
10001
9999
10000
10001
9999
10000
10000
10001
9999
10000
10000
10000
10000
10001
9999
10001
10008
9983
10008
10000
10000
10009
9982
10018
9991
9992
10008
10009
9991
10001
9999
10000
9992
10017
9982
10009
10010
9990
9991
10009
10012
9989
9999
10000
9989
10011
10001
9998
10001
10000
10001
10011
9990
9999
9996
10017
9991
9994
10001
9999
9999
10004
9997
10002
9998
9999
10003
9999
9998
10002
10000
10003
9975
10045
9977
9998
10002
10000
10003
9995
10000
10002
10000
10001
9997
10004
9996
10011
9989
9980
10045
9975
9998
10006
9997
10021
9962
10018
10001
9991
9998
10010
10000
10000
10001
9999
10000
10001
9999
10016
9982
9989
10013
10032
9966
9994
10007
10005
9992
9984
10036
9987
9995
10004
10013
9972
10011
10002
9992
10000
10017
9983
10008
10009
9992
9990
10010
10032
9966
10002
10003
9993
10000
10003
9997
10003
10001
9999
10000
9999
10001
10000
10000
9999
10005
9994
10004
9996
10004
9995
10001
10002
10003
9993
10008
9996
9998
10003
10004
9993
9998
10004
9998
10007
9993
9884
10190
6644
13334
9828
15290
136
19893
16867
12271
8264
18487
235
8258
9768
13599
9292
12398
7689
10031
10037
8734
11242
9843
10270
10408
9446
9802
14702
933
14532
11609
7045
4679
19589
10014
3703
5009
19856
5169
10077
9432
6202
9355
18518
11715
4726
8562
6645
15896
8683
6042
14715
10001
11396
12343
19427
8468
9338
6722
2349
4200
15596
15875
5125
2146
17660
12527
5229
11536
18439
89
11519
3277
16646
10188
15558
6536
4268
14773
8854
8972
10522
11829
4779
17715
6679
9835
10942
8881
4492
16735
10510
5682
12785
10008
13695
5949
10116
9998
9869
5362
14713
10176
14982
4575
15207
3786
14008
9184
6947
14939
7566
11353
9808
7728
11834
8947
11327
8230
10733
10265
11119
8737
9157
11105
9725
10370
9618
9779
10513
9713
9818
9593
11371
8771
10390
11017
8645
8705
13648
8518
8310
12029
8634
10683
9823
10040
9884
11212
8484
10667
9721
9452
11074
9418
10214
9303
10866
10469
8890
10790
8895
10314
10698
10122
9812
9255
10333
10700
8972
10226
11112
9048
10469
8869
10935
10197
9741
9897
9882
9846
10732
9602
9772
10285
10050
9740
10130
9870
10083
9841
10160
10040
9655
10321
10104
9900
10081
9663
10763
9479
9989
9818
10178
10196
9525
10705
9529
9778
10583
9514
10360
9773
10104
9935
10043
9828
10298
9731
10268
9694
10223
9825
10378
9701
9858
10206
9996
9970
10023
10046
9982
9942
10023
9923
10148
9824
10086
10060
9889
10078
9957
10072
9949
10009
9993
9999
10007
9996
9999
10001
9999
10001
10000
10001
9990
10010
10003
9992
10009
9991
10006
9996
9998
10004
9996
10015
9990
9996
9995
9999
10003
10009
10000
10014
9973
10014
9995
10004
10002
9982
10030
9972
10018
9975
10012
10020
9996
9995
9996
9993
10014
9969
10038
9995
9970
10042
9982
9994
10010
9994
9939
10061
10000
10000
9995
9999
10012
9995
9983
10009
10005
10000
10000
10000
10021
9966
10015
10001
10000
9997
10008
9967
10024
10000
10022
9977
10001
10004
9999
9993
10014
9993
9980
10021
9991
10005
10001
9991
10011
8692
11809
9561
9976
9489
9663
12968
6953
11781
8131
7352
13596
11074
7950
11797
10213
7837
14859
19550
620
19481
4372
14161
7269
11670
14488
175
15221
19335
8327
10389
15990
17629
6831
6520
14589
11180
5364
13297
9209
13570
9450
9472
7520
15646
7505
10175
9234
12588
6801
11327
8625
11203
10687
10430
7230
11504
11200
9386
8892
11223
10507
7832
11477
8773
12284
6880
12346
8951
10130
10469
11276
7004
11521
10251
8508
12363
8573
10669
9354
9902
5641
19590
18647
14673
4900
12415
15956
4316
8123
7925
19605
3705
431
3803
11312
10293
8643
11813
5903
14091
9786
18557
10337
4275
5725
12246
14063
14030
1143
15314
9490
14235
3060
19260
1946
7598
19927
4634
7426
12086
14761
3753
7790
13577
6479
12219
11781
7159
10907
3355
17077
16118
4770
4598
13427
11731
5351
15256
9630
13216
19407
6852
8571
16462
4705
9716
6882
9035
9929
16616
1078
16797
2432
16023
11226
12003
4613
10736
12251
5256
235
5268
12372
13466
16815
2875
1815
18311
9189
18122
6890
6594
13875
16297
4866
9919
6539
15087
11755
18953
9615
15142
14214
436
15109
14008
5583
5052
11957
3552
742
11324
11610
18021
10234
6052
14560
6517
10881
5255
12646
9661
18216
9898
1203
18155
5962
3485
1997
11719
645
7402
6852
16124
899
3321
15919
14428
19026
9058
8784
8882
5723
18072
2544
12840
8464
9806
11916
13552
3888
10713
14610
11173
8955
4829
4548
19689
18523
18522
9060
1519
11077
13492
3272
6348
18182
11881
11206
18980
16254
11328
12281
983
3301
13352
16019
9877
11662
15163
1957
15965
9851
2480
16711
6701
9351
13499
12659
282
6009
7802
8846
16951
3200
11309
10107
19915
18799
15172
13447
1489
15657
8598
14348
6177
8901
5420
4154
19646
15224
2185
11258
8621
14849
19764
11023
12181
1874
12230
4403
19758
2567
14383
11339
4968
12340
16818
18434
4226
16578
14328
2450
7646
18216
5817
2799
2186
1447
2729
2580
9505
14429
5588
12174
9883
3732
7785
11307
8970
8034
17505
837
15769
6273
11887
10164
10443
9053
10209
10583
9127
11005
9826
9075
8957
11328
10754
9444
9991
11263
8584
10622
8358
11481
9320
10830
9869
19835
18384
9955
11392
8964
10026
10793
7651
15069
6548
6910
17314
4882
8958
15628
6291
10349
9868
9882
10227
9985
9866
10597
9424
9285
11264
10346
8591
10840
9844
9324
10778
9977
9817
10403
9954
9724
10619
9037
10498
6728
14818
8552
9487
10071
12234
6204
13879
6808
10898
10343
8693
10930
10275
9771
10830
9274
10438
9650
8744
10090
13467
7197
10305
11087
8967
9938
10362
10003
9544
10056
12088
9203
6675
12621
8646
9972
11278
7181
14878
8027
9736
9888
8960
11197
9733
10214
12122
6813
10991
4718
16606
11623
7040
10141
10130
9912
9494
11085
9996
9562
9048
11200
9580
9332
10039
10620
9196
10947
10232
9437
9404
10220
10142
10403
10241
9517
9980
10741
8937
10223
11993
9158
6349
13683
7731
10704
11537
11167
7347
10658
8931
10724
10292
10023
9995
10218
9949
9777
9955
9998
10401
8088
13545
8489
8655
12683
5681
11884
10687
10163
10093
10545
8567
10224
10401
9943
10164
9484
10544
9602
10167
10445
9335
9843
11095
8501
12199
8249
11014
8663
10740
8296
12686
9288
9108
9965
9290
10473
14763
5699
7630
15584
6681
10197
9719
10413
10107
10042
9911
10168
10084
9969
9531
10309
10021
10201
9647
12296
8074
7032
15723
6442
10244
10693
9682
9586
10411
6969
13331
12313
7201
10070
13099
5134
10946
11378
8823
7429
17525
5170
10896
9051
10507
10682
8695
11258
9394
9982
10130
10194
9641
10009
11848
7192
13214
7943
7870
12200
8815
11756
9493
2741
5515
10271
8562
5711
13610
10127
9849
10750
11875
7616
8875
9351
8050
17485
7436
6678
11865
9837
10127
12803
4371
12652
10053
9394
10907
10545
9658
10514
8616
8355
13301
13039
3524
11932
10371
9539
8859
12882
8814
10885
8421
9743
11271
9252
8548
14408
7763
8992
12348
3418
16362
8552
10281
9644
9728
10245
10285
9869
9755
11573
7909
10591
9921
10242
10454
10168
7837
9688
12182
9148
9969
13019
7216
10543
7344
14071
8331
9977
9874
10169
11010
8612
8518
12417
8709
10773
9773
10201
10454
16054
14784
10788
9497
10518
9874
10170
10031
10201
9555
12142
6117
11813
9163
10936
10082
10069
9769
12427
5252
12225
10097
10723
9246
10071
10516
11536
5989
9324
14282
8276
10033
10203
9840
10197
9723
10279
9564
13776
4469
11757
10142
9864
9866
10401
9996
9967
7980
11334
10275
13222
7136
10145
9849
7986
11831
12229
8257
9378
10469
10234
10076
9589
10034
9918
10130
9936
10033
9978
9974
8692
11835
11276
7512
10883
8953
11082
10522
7468
13234
8263
9709
11658
8535
9477
11028
10110
8427
13488
7099
10956
9518
10590
9819
9881
10045
9922
10079
7525
12389
11095
11081
6975
11175
8721
11007
9934
10476
11127
7734
10082
10631
9920
11373
7374
11455
9651
10249
12109
5725
12180
9765
9464
10706
10101
10161
8993
11176
9744
10014
9171
10991
9945
9650
10221
9832
10100
9815
10067
10265
9747
10019
9963
10152
10749
6445
15858
6669
9611
10624
9552
10572
10181
9707
9874
11328
8262
6226
16709
7759
10444
8584
11249
10107
9371
10279
10149
8162
13601
7549
6996
12893
8717
11521
11712
11063
7845
10013
6000
16060
6906
11628
8868
11118
10376
4304
15472
9232
9441
14135
1207
15134
9132
10402
12199
6236
11260
10747
9651
11004
9331
9906
7422
14078
8283
10038
10010
10023
9938
9979
10362
9988
6327
13023
14792
3323
13057
10757
7298
11243
9846
9725
10358
9730
10341
10121
9706
9794
9545
10974
10195
9637
8470
13668
7995
10152
8192
11347
9626
10487
10111
14333
4255
7018
15451
4844
17249
6542
10668
7847
10636
12537
8347
9851
10086
10762
9396
9918
9984
10005
7554
14060
9015
9801
9445
9958
10278
7736
11686
10523
12101
7456
10547
9578
11657
7356
12080
8785
10699
10562
7716
11471
10049
10041
9787
10068
9975
9958
10124
9943
8714
12465
8494
9793
11626
8714
10206
9614
10645
9431
10863
9350
9922
10557
9492
9151
10809
11064
9148
9887
9458
10347
9568
10604
10314
9997
9802
9982
9635
10966
8864
10711
10616
9314
9701
10073
9197
10963
10602
9546
9510
9266
10732
10461
9882
10521
10296
7875
11161
9719
10222
11898
7912
9857
9634
10871
9872
8466
12452
9188
10267
8814
12696
7905
9859
10096
10427
9008
14148
5007
11340
10007
9107
11541
9670
9885
10167
9405
10839
9849
10952
11338
3403
15361
9587
9465
8645
10747
10244
10999
9134
9937
5939
14182
9412
10721
10092
10064
10227
12465
7027
5956
14848
12584
7476
8944
11241
9803
5452
13692
9932
10200
9897
9638
9322
12777
6390
11767
10162
9964
9716
10380
9556
9874
10403
5965
18159
5672
10246
10040
9803
9299
12775
6859
11363
9319
10384
10074
9979
10001
10011
10001
9163
10937
9714
10764
9312
9530
11161
9152
10853
9308
8627
11631
10016
9326
10633
10053
9799
9972
9904
10419
9699
9703
10235
9864
10687
9443
10042
9048
13086
6252
11670
10872
8233
10971
9618
10924
9538
10019
9435
9423
11603
9454
9080
10245
11639
9034
5041
2565
7360
14109
11529
9143
10331
11259
8778
12063
7306
12031
8955
9463
11022
11011
8529
10135
6726
14592
9091
6849
11966
12159
8134
10260
11291
8186
9156
13569
6543
12429
8504
9381
12731
9479
8924
10007
9886
9555
10639
9758
9593
10801
9939
17560
14514
10498
16323
8456
8711
12023
9568
11492
8476
10455
8952
7334
15827
9339
4400
16546
4673
12492
12072
7761
10160
9928
9913
9484
11341
9202
9888
10209
9770
8103
11648
13238
7662
9078
10880
9618
9343
11959
8451
10330
9210
11701
8756
6536
15221
10484
7505
11648
8529
10842
9483
9505
5620
17002
8165
7687
12373
9318
12551
7828
9841
10291
9811
10009
10379
9504
10914
9178
10167
9657
6505
14972
7137
11657
10284
9228
10819
9867
13331
5515
10579
10789
8049
11166
10560
10489
9104
8753
8023
13072
10094
10326
16748
3800
8868
9281
11746
5526
13404
11795
8684
10149
9926
10883
7655
11669
9940
9706
9779
11254
5757
13148
10419
9480
7684
14453
8806
556
18089
10086
6163
12259
14050
7216
11343
7316
12613
10608
8411
10488
9950
9242
8749
13046
8450
11568
7944
7157
17343
6707
9734
9302
10341
8426
13784
7881
10176
9910
9940
10068
9935
10002
10273
9555
10372
9446
10851
9366
9883
10382
10220
9603
9731
10470
10576
14423
987
14967
8437
8000
12177
10198
9895
10756
9191
10496
9737
10383
9633
11293
7818
11096
9817
11641
8551
12169
4960
13291
9901
8151
5688
19800
6161
9530
10365
9709
9819
10916
13184
5419
3846
17380
10866
5958
16084
5376
14170
11452
9403
9901
8264
12129
8820
19908
12113
8873
8348
10450
10009
4157
15661
10721
9412
10099
10161
10481
10204
8987
8642
12557
8828
11467
3226
14556
10692
11635
8530
9821
9256
11419
12511
6775
10698
8723
11411
10137
9104
11194
9076
10270
10699
9302
9722
10739
7567
11190
12317
6036
13152
14556
3049
7867
13543
9118
11219
9667
13155
6103
11584
8929
8894
11891
9927
9255
10238
9901
10784
9349
10113
10848
9231
9997
9617
9893
16476
3123
11566
4927
14340
11083
7654
12173
12021
7792
3816
16115
13936
5572
7853
12028
10382
9709
9761
8706
12000
9738
11556
9323
7147
12994
9651
8476
10288
10212
9941
10713
8918
10455
9932
11370
9512
7688
11447
10027
9143
11099
9998
6010
18125
7699
7561
8822
11661
9914
8688
11259
10560
11525
7858
10558
9298
10389
10302
8170
11809
9670
8570
11975
10440
7305
11365
10776
8846
10935
9491
12125
9429
9290
5305
14070
7121
10094
3385
16851
11557
3337
15861
9928
9171
11215
8759
12280
9309
8886
10408
10637
9705
9377
10562
7377
12108
10927
10112
6518
13266
9468
9390
10985
19501
1347
6875
3898
19380
6017
12605
9993
9760
10763
9480
9992
10658
9103
12683
6310
6000
14019
10037
9839
13565
4679
11646
10255
9995
9595
9900
10358
10014
10150
9341
10490
9515
15929
3680
10598
9324
11784
4163
15427
9559
8779
12279
4424
17251
7157
10318
7483
11610
9832
12896
7203
10636
10014
11345
8824
9629
10106
9921
9505
12142
6556
11857
9961
10080
9990
9922
14018
6255
10778
2371
19897
4881
12157
8273
12574
8674
15525
5239
7524
12000
9884
9886
10537
9760
8532
12358
5413
12708
9292
11353
10563
9480
13578
6548
10090
9934
10055
9915
9944
7929
11816
11350
8912
9858
10315
9409
10578
10331
8154
11391
9867
10078
13725
5849
7320
14300
8562
10786
14160
4902
8961
9833
11679
12566
7502
7868
12401
9495
9999
7159
13218
9229
14411
5753
10466
12450
2277
15840
9197
12215
8103
9821
10362
9691
10058
10006
9952
5113
19630
4618
10155
10725
9702
10263
9808
10941
8875
9879
11746
7801
10292
10450
10124
9648
6120
14861
11229
8267
9542
11230
9046
10957
4132
17381
7476
11412
6708
9755
13461
8531
12328
14578
4712
9517
10888
6379
16370
3084
13815
13827
6325
9976
9524
7484
16115
7672
9300
5847
13970
10622
14510
4517
11077
8224
15282
4637
15048
3752
3612
18878
4921
11191
10562
9888
9619
10757
9661
9950
8508
12323
9097
13000
5470
10473
12363
8526
9881
10201
11330
7245
11782
10586
11921
5542
11578
9371
10821
11165
4879
15830
10282
8051
9528
9875
12557
7534
10668
10214
3492
18908
7319
8086
15000
5259
8876
12211
10284
10411
9664
11202
8088
10896
9894
7764
12860
8989
10952
9118
11363
10476
6871
11062
10462
9014
12372
8333
9964
11521
8400
10654
9515
9965
10253
9951
10005
9323
11732
8877
10079
10023
10010
5014
19343
7433
4590
13399
10978
9292
10125
9847
11033
9004
10036
7690
15478
6979
9502
10275
8564
11417
8381
11529
10038
9969
10150
9982
9917
9915
13265
7166
7750
10128
11951
9664
12258
3558
18147
6134
7426
13143
10808
8675
11877
7774
7593
12626
13316
5988
8703
12153
10318
9612
9181
11585
12420
6523
9813
10192
10498
11146
6489
12288
10459
9599
10592
6389
13509
8315
11274
13558
3330
12613
12313
8215
10506
8991
6496
13678
10459
9971
9490
10527
10770
9712
9100
10030
10142
6380
13404
13717
5365
12599
6031
13733
8857
9998
9779
9815
10592
9747
10716
7812
11160
10268
7652
13512
8295
10223
11591
8169
9946
7191
12055
14630
1389
13598
10036
10224
9841
11491
6523
13997
6917
10971
10263
10295
9197
10716
9154
14349
857
15034
10893
13674
1347
14516
10927
8010
10716
10622
10084
9803
9634
9421
11241
9356
10439
9886
9279
10535
10108
9851
10031
10106
9662
10158
10557
9336
10504
7882
13775
6252
14322
9296
7409
8686
12098
9804
7687
12646
9766
10175
9989
9547
10633
9690
10534
8832
12559
8319
9948
9509
8493
11833
9905
10529
9542
8091
16274
6559
4432
14465
10984
6719
12755
13545
2049
16550
7624
9122
10367
10630
9591
11585
12233
5658
5693
15295
9947
10066
9585
10666
9716
9608
10154
10098
11468
8419
9968
8602
13260
7955
10562
9356
11688
10144
9874
10546
9236
9383
11700
9450
9731
9981
11957
6901
10989
10411
9631
8133
14066
8183
9499
9628
11190
9514
9969
6989
14185
8920
9137
10641
10848
8775
9428
13639
6339
13224
7932
9742
10253
9691
8901
10809
9739
9511
14815
6488
9888
8243
8435
15226
9407
7913
13067
7742
9941
10150
8270
11036
11288
9599
7835
12185
9453
12449
7529
14302
5401
6372
13350
12365
7422
11506
9380
10180
10202
10266
13487
5504
6841
14096
11734
7070
10722
10152
9640
10399
15566
217
14622
7983
8575
13883
8798
11207
6518
9721
14460
12519
7682
2989
13672
11288
9876
10210
11673
8196
8895
10958
10330
10282
9869
12301
15675
12635
7468
9548
9877
11191
8506
11255
9670
9418
9524
11117
8755
12009
8657
10484
11630
6306
12647
9017
10177
11168
8997
9613
10349
13978
8575
8301
6771
12493
14993
5063
8810
10357
14707
6923
9735
10165
9888
10264
9359
10399
10049
12182
5835
11928
197
6838
2351
7655
10221
7070
16520
7955
8868
9208
8998
9497
13538
8977
9026
10264
11396
7868
10489
8709
11260
10147
19871
9324
11119
5283
13316
10704
9867
9853
10173
9673
9268
11894
8795
9031
12375
8038
8855
11303
11223
11446
7529
10901
10806
8649
4457
18940
6668
8860
11037
9795
11076
9090
9852
9529
11093
9450
8426
10600
11146
9989
9334
12956
7816
8121
13267
8283
10029
8905
12511
8238
10379
10173
9068
10884
9965
12039
7938
2342
18863
16089
3982
7592
5871
16473
8672
8326
8413
16733
8833
7787
12120
2537
15310
10530
10670
9687
4687
17131
11100
4904
7346
15284
12478
6151
10380
6534
14304
8893
10050
9689
8934
11160
10123
7907
11476
12458
8181
9821
10595
9205
10312
9905
11817
7987
9101
10289
12857
7072
10978
10055
6780
17355
6266
9388
9673
9330
11638
9488
10032
9970
9992
6470
15700
10940
6968
10047
10054
5922
13991
11850
7736
11109
9419
9950
9678
7771
12543
9782
10757
12724
5207
14461
6839
10731
5858
15133
7510
12911
4541
17303
5845
7201
12522
12442
9147
8999
9920
10106
10006
4966
14921
10446
8911
14888
5762
9966
10305
9838
9939
6318
17082
6459
10643
9463
12877
4669
12454
10148
8727
12975
8254
9819
10055
10267
9680
10284
10020
9779
8231
11069
11859
10881
8762
9428
7100
10391
12288
13167
5019
13321
12007
2886
13343
10471
10937
8741
15206
11781
6440
12857
7499
10668
9543
12564
6178
11544
10127
9484
10468
10109
9914
9749
10277
9797
10928
9242
10081
15536
4997
3196
14157
14349
4246
16754
3704
13896
659
14581
10094
9531
8558
13148
8561
9989
11735
9108
7274
16394
5265
9669
6045
15430
8548
10321
10295
10196
9465
13148
7368
10324
5182
14121
11126
9541
9003
10437
10293
8721
10776
11136
9132
8700
11297
8433
11611
10168
9807
9582
10460
9777
10174
9869
9734
10800
11885
9330
7031
11012
6648
14002
11767
5934
15335
9174
4418
12049
10196
11239
9141
13319
6912
8216
13517
7889
10299
6591
17538
6244
9724
10123
9175
14955
4445
11081
10759
6892
13317
7085
11971
12703
2344
4521
11672
5750
16358
12343
2373
9861
12287
10110
9323
11325
10600
8219
7377
14199
11311
7089
10194
10533
9599
5685
2759
7396
12622
10008
14766
3173
9197
12974
9840
9789
10619
9411
19538
16520
11316
11099
9063
10852
7953
11597
7073
17378
5111
8984
10414
12721
9070
2118
19606
7143
9896
11415
8423
9858
10806
8432
11023
9895
10530
9336
11222
8928
7821
14614
4041
15779
8103
9555
10021
7634
13999
11589
6899
7486
13319
7934
10875
11996
8419
9825
9368
11399
9364
8254
11903
9558
12380
7689
10220
10274
10824
8813
7716
17082
10185
1265
7632
15002
6422
9082
10839
9047
8765
12875
8108
11402
9587
11671
7961
10538
9888
6968
13422
9478
10115
12104
7736
10187
17170
14221
11418
11480
6355
13358
12107
1763
15612
9368
11278
9478
10993
8382
9989
4743
18920
6520
9863
9884
7761
12692
9423
13061
6241
10767
11037
8297
11072
9789
9427
10310
9546
12467
11173
6560
10209
10015
9472
10375
10447
11407
11956
6739
7838
15956
3762
17321
8229
13992
7793
5888
17739
4821
10491
10827
12091
5978
12015
8891
10861
9881
10211
9535
12033
8666
8636
12215
13998
2203
10613
12511
10287
10066
13869
5525
10547
10722
15534
460
12000
14872
6521
12112
8703
11125
7642
11306
11320
6164
19715
3782
9011
10238
10813
10858
8398
10096
9863
10262
7413
11892
6820
15205
13573
3378
11393
12302
6618
15879
4862
8553
11933
13902
6653
10144
9562
10528
9892
6590
14677
8864
9750
10102
9999
8978
11531
10081
9197
9852
10043
10322
8958
11292
10029
10131
8839
10792
9603
11194
8085
12529
8524
9920
9153
11184
7963
12703
8372
11252
9390
15043
3574
9725
11429
13968
6806
9388
4500
15559
9253
10807
10000
9186
12118
8965
13142
2468
13765
14597
5835
7215
14531
3369
15628
13659
4977
10918
4611
13527
9596
7031
12172
12335
14192
5085
4194
8239
10839
10445
9824
10195
9970
11614
8692
9507
10889
6482
12868
10125
10801
6913
12577
6271
10551
10242
19275
4784
7887
10560
10267
9190
10568
10392
9485
9591
7956
13043
9473
9254
14048
5969
10976
14576
4118
11671
10212
10124
9529
10161
10016
10037
10331
9797
9804
9965
10205
9820
10154
10103
9903
9884
10011
10358
9658
10039
9976
10007
9974
10127
9827
10219
10401
9172
10661
9154
10524
10503
6351
12610
10736
13007
6637
10155
9925
10228
9729
10046
10027
9108
11004
10008
6589
13683
9607
13490
3751
14541
8250
10966
8899
17336
3729
7934
13794
6015
10471
2323
19870
15103
3594
2143
19728
11129
7706
7736
11527
10066
9749
10014
10326
10253
9334
10443
6372
13188
10496
10123
9642
10283
9527
9720
10519
12130
8662
14177
7368
8105
9968
10518
9019
5329
3741
10152
9633
7762
10982
18514
769
11315
6435
11988
13233
7779
11116
10864
7365
11648
10222
7047
12826
9998
13262
10009
11316
5619
3227
19372
10068
10863
9530
9517
10872
11406
6343
13620
10715
8092
9218
10328
9416
10689
9764
9865
9924
10401
4401
16900
3984
18322
3208
12608
10251
7159
16709
5644
11447
9066
8620
12072
9048
10857
10414
9293
9778
10042
9652
10487
9952
10161
9695
9785
10467
7890
12479
9013
10248
10130
10348
9567
9747
13431
19428
10828
11737
7164
9979
10051
10127
9892
9719
10354
10038
9838
9985
8467
12243
9364
10193
8122
2727
19058
8082
12414
10928
5953
14512
9100
9225
9306
9946
10545
10029
9143
12292
7795
11211
9467
10136
9980
9817
12263
4594
14658
8206
9792
10787
9934
10277
9229
11469
8707
10536
9507
9553
10700
10359
9759
9770
15065
5474
2256
2228
11240
10011
10910
10887
3894
14809
10079
9679
9795
10202
10263
9652
8438
11473
10093
10729
10829
8782
9583
10034
10394
9758
9821
10872
9390
11798
3257
17062
7306
10578
8322
11772
8198
11460
14182
5878
10186
7711
12760
7281
12868
7717
11874
15085
4153
10937
9926
9722
9722
10334
10335
9238
9958
10159
10467
9373
10595
6854
12872
9952
9958
9827
10456
9827
9385
10920
8783
12778
8375
9601
10075
9934
8020
12171
11123
8944
9869
10057
10090
9977
9977
9377
10717
9986
9894
10041
9982
9774
10407
9672
9666
10497
9830
10243
9755
10149
10087
9871
9860
9968
10440
9688
10105
10901
8848
8911
12456
7463
11005
8283
11778
17690
15373
10145
9624
12303
7936
9908
10115
9874
10096
11293
8535
17055
1156
15677
8156
12006
8010
10089
13494
7349
6669
15769
4449
12657
11234
8858
10009
9994
9178
13191
9096
8875
9964
10043
9733
9890
10808
9164
10061
10330
9697
9921
10325
9500
10220
10658
9651
9771
10122
8993
11155
9834
13712
4977
11447
8912
10965
10129
10014
8039
13442
8615
9958
9297
10743
9911
9916
9943
9822
10260
11243
8331
10561
9443
9974
10297
8378
12283
9459
9759
8523
14716
7161
9967
10967
4477
10854
13514
9768
10335
13719
5923
6682
13401
12927
8012
8175
12766
8310
10165
9451
10528
9268
10693
9971
9785
9895
10221
10102
10499
6368
13439
9927
14547
2363
11727
11474
11516
8159
9319
10677
9655
10360
9661
10255
9802
10119
10061
7229
14626
7201
10824
10807
9286
10055
9899
10082
9925
9971
12410
9418
13765
4670
12076
10225
9608
9779
11311
8401
11277
8169
11171
11465
7844
10003
12694
7853
9782
10542
4160
15629
9480
10830
10014
9295
9871
10453
10374
8835
10977
9831
13111
6897
9935
9971
10086
9910
10058
9977
9948
10087
9938
9999
10124
9935
9992
9953
13368
6363
6851
15474
10086
8572
8476
15131
7339
10607
10773
9607
9408
10782
10157
7719
11274
10134
9785
10151
10085
8729
11924
9130
9086
10458
10866
10333
9413
9312
11202
14742
15860
9772
11085
6995
14886
6867
11037
8478
10573
9247
8011
14918
8080
9799
9867
9944
4538
15428
10161
13079
6958
9781
10058
10149
6602
15759
9911
6029
10828
8756
15265
7217
9951
9310
10142
10096
9900
10314
9811
9526
10643
9402
10591
10076
7688
9819
12360
10089
9743
13536
6768
9749
9779
10330
9953
9592
10328
10019
10142
9916
9549
10531
9945
9715
10064
8933
10073
10950
10403
9380
10678
9559
11986
3268
14773
17180
3450
6970
13612
8725
10719
11941
5429
13479
932
1831
9930
10245
9810
3163
16266
11623
9362
11126
9859
7736
9293
10003
11067
11624
9538
8596
17111
5
13635
9794
10384
13719
5971
10112
8875
8185
12848
9674
10640
9970
9805
9993
11336
2193
4959
1776
8946
8282
9916
9305
12055
6098
11437
12594
9780
8706
8695
9838
13534
7825
9900
10074
9910
10025
9609
10979
6129
15457
7953
10628
8868
10322
9929
11632
5376
13996
13639
1058
14238
11927
8524
10044
11334
8409
5458
14586
10122
9424
10644
9276
14996
5281
5944
14032
10435
9904
14358
1402
14331
12427
7378
8342
13439
8181
9930
10128
9986
10043
9795
10100
9986
10100
10087
7760
11929
10384
9803
10028
8925
10579
12277
8198
10615
9418
9826
10110
9569
11972
6323
14462
7847
9784
10148
9541
10358
10043
9875
9534
9506
11874
12528
3200
10175
19082
4069
8171
11799
11391
11105
3829
11397
10068
7646
12799
9463
10159
9822
9970
10343
9854
13275
2994
13962
9555
9948
10326
9286
13029
5579
11938
10278
9773
10182
9655
9923
10161
8470
11599
4677
15115
9620
14996
5886
12318
6969
10089
10526
7976
13123
8780
7043
13304
8823
11090
9810
9889
9518
7113
13361
9496
10267
9731
10754
9659
9873
9776
10418
9757
9893
10702
11227
8496
9558
9789
9907
12578
6246
11454
10252
14196
5507
10530
9551
10086
9970
10600
5975
15780
7404
10271
9516
10849
10588
6850
17526
1451
15296
6147
11850
3819
1864
7555
12248
10956
7771
9821
14145
7823
8455
11521
5086
14418
9809
10029
9819
10385
9181
10995
9215
10371
9923
7642
16315
6050
9763
10363
9799
9850
10228
10028
9886
9989
10150
10031
9867
9956
9584
10452
10066
10219
9666
10188
9844
10131
9875
10172
9947
9891
10018
10215
9579
8421
11998
10240
10046
7453
13046
8563
11038
9369
10681
11465
7948
7622
13509
8885
10051
9969
11105
8899
9895
10008
10001
10202
9613
10296
16052
3243
3112
17337
10008
10369
10003
9365
10635
11108
13117
1822
8190
15855
14773
3681
14339
4010
13017
9202
7289
19096
4021
8551
14294
6396
10915
10253
8000
11726
10096
9956
11160
8860
9480
10553
9750
14256
1161
15350
9062
9681
10708
9671
10116
9658
11643
8896
10418
10374
9442
9752
9155
10508
10462
9960
10003
9835
10044
9348
10801
9910
9900
9961
10157
10077
13124
6452
10188
10100
9881
10305
9766
8817
11215
9015
10837
9309
11066
8975
14204
6615
9938
9994
10080
9981
10038
9903
10075
10273
9383
10388
9862
10216
10603
9125
10116
9947
10091
10180
9159
10674
9912
10075
10019
9921
10026
8515
11606
9490
10772
9802
9748
14049
3297
12698
10174
9814
10061
10087
8950
10934
10069
9996
11600
8157
10502
9565
10118
10150
9720
10045
10080
9988
9986
10280
9686
10054
9891
10187
6934
13312
9854
9406
11051
9515
10330
10720
8355
10442
9980
3793
5682
9754
8644
16215
5180
10152
9878
9912
10008
10148
10167
7976
12045
11665
8167
9933
10058
8474
10377
10939
11274
5417
13484
10281
10006
10074
9508
10478
9627
9730
10742
9942
9156
15709
3140
12220
10884
7556
11100
9952
10044
9852
10166
9953
5946
14062
9998
9672
10526
11998
7796
13394
6184
7576
14875
6780
9726
11224
12294
7811
6904
13526
9962
9699
10299
9653
11985
8000
10044
10050
10245
9767
7322
12877
11311
7812
10675
10035
9727
9456
10803
10535
6180
18312
4995
7440
11505
13794
5892
10851
10422
10024
9807
10299
10025
10140
9766
9762
10333
9970
4695
16520
8708
15181
1881
12669
10538
9797
9585
12415
8525
9415
9860
10059
8333
12145
11002
7030
10572
13534
6124
11176
10648
9494
9962
10050
9929
6508
13827
10138
9584
9741
10618
9178
12222
8250
10133
11116
7436
12104
9547
4073
15016
11057
9942
9571
9846
10236
13285
5177
15153
6177
10030
10060
9900
10164
8315
11297
10504
9653
10308
9820
11575
7285
12471
8691
10042
9889
10806
8522
10771
8849
11592
9636
12109
6448
11309
8357
11852
9814
15369
3359
10730
11264
5307
13972
10158
9905
9972
10067
9800
10219
8394
11450
10300
9661
10088
10111
9655
10191
11006
11157
6526
12046
9349
9062
11510
10368
9089
9801
10087
10007
10493
7935
13087
8450
10173
9898
9952
10151
9863
10066
9932
9927
9920
10269
9873
10050
10010
6866
13643
9468
10102
9774
10584
11101
8399
10036
9034
12975
6283
11477
10472
10309
10889
8611
12481
4693
12128
7486
13424
9704
9973
10464
9638
10082
13782
6141
9901
10094
9916
10154
9900
8952
12583
8047
9089
11662
9324
10344
9982
11112
4170
14286
10791
9907
9115
15402
4971
10262
11862
5291
13327
11575
7959
9954
10056
10534
9775
9600
10092
10104
9745
8190
13097
6777
14889
7095
10032
10401
9525
10273
8655
11249
9908
10034
10100
9906
9966
9447
10627
9917
9993
9993
10149
10063
9916
9957
9815
10379
9730
10009
9965
7344
13112
9928
9794
12077
7987
10930
6390
14551
7401
4464
17093
9761
9463
15961
1853
11384
11360
9200
12536
7533
9797
10258
9868
9926
8787
11273
10012
10089
10057
8197
14984
6353
10394
10620
3528
16362
9417
10310
9158
15380
5236
9876
11060
7854
11847
9771
3135
5913
8903
11422
6701
10870
11067
10120
11241
7925
11900
2444
5794
9975
11118
8882
6478
17036
6444
9908
10142
6954
17729
4740
10256
8075
12699
9446
10383
9516
10462
8960
11148
9600
10218
10338
8719
10698
9931
7888
11958
9931
10323
14860
2623
12626
8202
14648
9676
3384
14000
9972
9810
10945
9320
9898
10003
10009
10073
9780
10233
3137
17422
9913
15380
3986
10088
9935
9993
10022
9983
10125
9951
11824
5409
13067
9354
10071
8638
11209
10227
11315
8551
10072
9937
10036
7628
15352
6905
10094
9962
8125
13447
8467
9980
10601
9316
8939
11170
9971
10081
9874
10190
10921
7946
11033
10007
9919
10180
10372
9517
9950
10313
9917
9876
12077
8138
9187
10585
9716
10374
8036
11808
9892
10174
9078
10980
9494
10571
9781
9890
10270
9834
9948
11858
8160
10013
10078
9981
10089
9776
10118
10029
10098
9412
10430
10666
9434
9723
10281
9989
9914
9864
9876
8523
14008
7785
10063
9919
9972
10066
10053
9905
9996
10087
10099
11885
7513
7032
15127
8238
10202
10013
9554
10226
9791
10537
9700
10267
9520
10226
9125
10665
10478
11249
8402
10091
9381
10602
9820
10243
10244
8418
11464
9674
10718
9391
11038
8999
9984
9292
10765
9915
10834
9163
8927
12303
6889
12735
9304
11391
7948
10554
10786
9218
9261
10799
7817
12272
9694
10326
9367
10664
9800
10154
10236
9471
10628
9533
10504
10521
9052
8176
11212
10599
11591
8319
10546
9102
10545
9991
9915
9831
9751
10660
9422
10038
10443
8584
12264
9420
9543
9847
9991
9796
10354
9674
9983
10498
10043
7445
12425
12343
7577
7487
14680
7210
9173
11643
9654
10191
10026
10086
9127
13817
6693
10266
10076
9844
10488
8418
10829
10005
11547
7497
13009
3569
15205
9206
10655
9484
10432
9929
9362
9958
10866
10006
9811
11320
9514
9075
9711
10269
9437
10675
6172
16166
6811
12130
8419
10129
8698
11254
9951
7706
16453
5191
10445
9404
10729
11201
8307
10595
10348
8775
10824
9927
11506
8635
8009
12145
10451
9429
9940
9956
10029
10102
8776
12757
8352
9991
10022
9984
10091
9931
9964
10014
10418
9627
9988
9963
10042
8168
12147
10071
11072
8525
9946
11296
8528
10178
7728
14676
7446
10254
7711
12318
10021
11255
8715
8467
11899
11276
8084
10224
10083
9944
9721
10179
9874
10152
10010
10061
9936
10001
10390
8686
11971
7422
12453
9129
9937
10044
10031
9969
6851
12939
10556
9723
10203
9843
9538
14832
2577
14656
7036
13391
5262
14153
8432
10368
8427
10653
10586
8785
11303
10062
9525
10300
12316
7693
9972
9997
9514
10500
10677
9322
9963
10074
10014
9891
7951
14339
7799
8914
11409
9093
9863
11360
9191
10876
8244
12292
8676
10121
9802
10218
9331
11868
8545
10186
9983
10012
10000
9985
10192
9850
10129
9739
10128
10593
8505
10856
8659
11271
11364
9957
6800
12856
9098
6983
13402
11171
6911
11934
11901
7205
10504
8259
12077
9580
11904
8318
10031
9708
10006
10091
10018
10079
9883
10038
9974
10763
9087
10177
9223
11800
8926
10040
9065
10951
9961
10022
10079
9615
10319
10190
9690
10267
10114
9660
10055
10044
9996
10346
9993
9571
9381
10817
9853
10036
10327
9324
10839
9592
9883
9858
8460
11926
9850
10107
9986
9696
11667
8453
10187
9240
10594
10028
9979
10018
10511
9481
9475
10526
10077
10436
9449
10032
9457
10561
9975
9772
10280
9883
10358
10211
9426
9238
10928
8409
13385
8104
10019
10008
9983
10018
10006
10031
9867
10046
10376
9401
10247
9581
10882
9544
9942
10725
9151
10184
10003
9965
10085
9576
10364
10017
9996
10001
10016
10002
9981
9971
10039
9984
10008
10038
9931
10043
9975
10077
9864
10079
9985
10513
9496
9939
9637
10397
10026
10029
9943
10035
10003
9979
10008
10008
9343
11909
8775
9864
10242
9937
9847
9812
10318
9913
10188
9749
9006
11707
9373
10011
10016
9974
10027
10072
9802
9965
10302
9866
9973
9984
10040
9964
10029
9957
10029
10002
10000
9996
10003
10031
9908
10099
9978
9982
9994
10001
10014
10005
9991
9966
10730
9195
10113
10109
9791
10024
10056
9061
10981
9987
9967
10050
10337
9640
9972
9997
10030
9983
10028
9990
9993
9968
10027
9999
10019
9998
9963
10014
10035
9955
10013
10035
9947
10023
10022
9961
10038
9956
10050
9974
9982
10005
10020
9987
10033
9942
10044
9985
9987
10017
10000
10022
9968
10019
9956
10058
9984
9958
10057
9951
10059
9935
10034
10008
10000
9986
10001
9983
10010
10017
10017
9977
9970
10039
9985
10018
10213
10329
9491
10181
9922
9592
10063
10220
10172
9591
10127
9402
10653
10029
10034
9968
9997
9995
10011
9989
9981
10060
9967
9998
9992
10014
9962
10067
9958
10004
9983
10056
9951
9999
10007
10034
9947
10055
9943
10033
9993
10037
9930
10065
9936
10040
10026
9955
9996
10026
9993
10018
9988
9965
10027
10018
9963
10043
9951
10025
10028
9969
9998
10015
9980
10021
9960
10388
9796
9732
10150
9536
10590
9703
10124
9994
10016
10038
9918
10077
10863
8627
10028
10480
9925
10087
9929
10037
10002
9986
10015
9994
9981
10019
9985
10027
9970
10020
9990
10012
9974
10007
10034
9971
10012
9991
10560
9411
10066
9934
9498
10535
9998
9997
9980
10026
9988
10036
9957
9998
9901
10269
10010
9645
10195
10023
9945
10052
9970
10009
9989
9992
10052
9973
9961
10064
9964
9989
10000
10027
9992
10007
9550
10874
9541
10027
10011
10018
9917
10051
9999
10014
9975
10011
10038
9930
10042
9985
10022
9984
10006
9964
10028
10000
10028
9951
10055
10427
9552
9491
10503
9982
10020
10019
10029
9887
10025
9977
9707
10719
9219
10923
9429
10055
10007
10006
9982
9859
10292
9856
9760
11193
7814
11222
10137
9791
10079
9933
10172
9818
10711
9273
10985
8535
10331
11139
8253
11447
9391
9437
10211
11038
9303
9756
11267
8888
9272
10803
10067
9876
10066
10029
9375
11434
9622
9152
10401
10074
9879
10592
9453
10008
10046
9969
9534
10451
10026
10516
9463
10037
9955
10058
9899
10169
9323
11404
8302
10891
9892
8430
11692
10338
11586
6967
11208
9491
11850
8407
10089
9911
10181
8285
11946
9891
9822
9799
11031
9110
9918
10520
8907
10736
9960
9699
11212
9074
10013
10075
7979
12347
9428
12109
8093
9002
11180
11074
7550
10774
8895
11639
10289
9413
10593
10484
9021
10089
9108
10873
11106
8739
10228
10698
9178
9030
11961
9049
9701
9615
11715
8969
9996
9975
10018
10006
10046
9235
10730
10571
9435
9255
10785
9951
10026
10002
9816
11065
9112
9877
10300
9767
9997
10052
9377
10603
9664
11258
8651
10433
10000
9998
9972
10028
9999
10004
9996
10004
10024
9973
10006
9994
10001
10002
9983
10017
9998
9998
10000
10003
9999
9998
9984
10018
10000
10000
10000
10000
10000
10000
10001
9999
10000
10000
10018
9975
10007
10002
10077
9830
10118
9953
10042
9986
9875
10204
9926
9971
10015
10000
10002
10027
9972
10001
10001
9999
9996
9992
10014
9986
10003
10007
10001
10005
9998
10012
9977
9993
10045
9969
10002
9976
10026
9999
10012
9958
10039
9988
9994
10006
10000
10001
9999
10002
10000
9999
10002
9996
10001
10012
9992
9998
9985
10014
10000
10000
10000
10000
10000
10000
10000
10000
10000
10028
9970
10004
9998
9973
10044
9982
9984
10017
10000
10000
10001
9999
10000
10000
10015
9983
10004
9996
10000
9991
10011
10027
9957
10017
9956
10030
10029
9986
10010
10016
9974
9997
10003
9995
9989
10044
9970
9999
10003
10027
9924
10048
9987
10011
10001
10001
9999
10000
10013
9974
10013
10001
9999
9999
10001
10000
10000
10000
10001
9998
10002
9999
9999
10001
10000
10000
10000
10000
10001
9999
10000
10000
10000
10000
10000
10000
10000
10000
10000
10000
10000
10000
10000
10000
10000
10000
10001
9999
10000
10000
10000
10000
10000
10000
10004
9995
10002
10000
9998
10001
10001
9998
10001
10000
10001
10000
9998
9999
10002
10003
9996
10013
9975
10014
9999
10024
9970
10003
9986
10044
9972
9999
10006
9994
9999
10000
10006
9999
9999
9998
9999
9996
10006
10004
10004
9994
10000
9996
9999
10006
9997
9999
10004
9997
9998
10025
9979
9971
10026
10002
9998
9999
10004
9999
9998
9999
10003
9998
10006
9994
10001
10000
9999
10003
9999
9999
9990
10023
9988
9978
10020
10000
10003
9998
9988
10012
10010
10002
9989
9995
10003
9999
10008
9993
10008
9992
10001
10001
10001
9997
9999
10002
9999
10001
10004
9967
10052
9978
10001
9997
10002
9999
9998
10002
10002
9997
10000
10001
10004
9995
10003
9998
10000
9994
9996
10011
9997
10000
10008
9993
9997
10009
9995
9999
10000
10001
10000
10003
9997
10001
9999
10000
10000
10000
9994
10008
10015
9981
10002
9999
10003
10001
9995
10003
9980
10022
9944
10093
9960
10000
10000
10000
10000
10000
9988
10030
9992
9988
10002
10002
9999
9996
10002
10004
9996
10000
10005
9991
10006
9996
10007
9998
9997
9999
10001
10004
9999
9995
10007
9989
10004
10005
10005
9986
10005
10002
10002
9999
9999
10001
10001
9995
10001
10005
10009
9991
9986
10001
10007
10026
9977
9998
10001
10001
10002
9978
10018
10014
9989
9996
10002
10004
9993
10008
9993
10006
9996
10000
10015
9964
10021
10002
9998
10001
10001
10005
9995
9992
10013
9999
9994
10000
10003
10001
9988
10016
9994
10001
10001
9997
9996
10003
10005
9993
10005
9993
10006
10004
9984
10007
10004
10000
10000
10000
10000
10000
10000
10001
9999
9999
10001
10001
9999
10000
10000
10006
9996
9999
9997
10001
10003
9996
10001
10000
10008
9993
10001
9999
9989
10013
10004
9997
10001
9988
10009
9997
10000
10002
10003
9995
10000
10009
9991
10004
10002
9988
10010
10001
9995
10001
9999
10003
10000
10000
9996
10002
10000
10002
9998
10002
9998
10000
10000
10001
10021
9977
10001
10003
10001
9983
10021
9985
10010
9998
9999
10006
9989
10010
9996
9996
10005
10001
9993
10005
10000
10003
9995
10005
10000
9995
9992
10016
9996
10001
9993
10003
9999
10008
9991
10000
10001
10003
10000
9998
10010
9989
10006
9996
9997
10007
9995
9999
9993
10009
10007
9994
10002
9997
10002
9999
10002
9995
9997
10010
9995
10001
10001
9988
10014
9994
10000
10006
9999
9998
10000
10001
9997
10000
10004
9996
9997
10005
10003
9993
9994
10006
10003
10005
9991
10009
9991
10002
10043
9962
9974
10023
10001
10001
9996
10004
9999
10001
9997
9999
10004
9997
9999
10006
9990
10006
9997
10007
9994
10001
10005
9994
10004
10000
9999
10000
9998
10004
9996
10000
9973
10027
10002
9999
10000
10000
10001
9997
10002
10001
9999
10000
9999
10002
9999
10000
10000
10000
10000
10000
10000
10000
10000
10000
10000
10000
10000
10000
10002
9997
10001
10000
10001
9999
9999
10002
9998
10001
10000
10001
10028
9969
9999
10002
10004
9993
10003
10002
9989
10008
10002
10001
9999
10002
9998
9995
10005
10001
10000
9999
10003
9996
10000
10003
9998
10002
9940
10101
9957
10000
10000
10000
10000
10000
10000
10000
10001
9999
10000
10000
10000
10000
10000
10000
10000
10000
10000
10000
10000
10001
9999
10000
10001
9998
10002
9998
10003
9999
9997
10003
9987
10042
9951
10019
10000
10000
10000
10001
9999
10000
10000
10000
10000
10000
10000
10000
10000
10000
10000
10000
10043
9915
10041
10001
9999
10002
9999
10000
10000
10000
10000
10058
9946
10003
9997
9923
10073
10001
10002
9997
10001
9994
10026
9981
9998
10002
9999
9997
10001
10002
10000
9998
10000
10000
10001
9999
9999
9986
10048
9961
9981
10027
10000
9998
10002
9999
10000
10000
10000
10000
10000
10000
10000
10000
10000
10000
10001
9998
10001
10000
10040
9963
9997
9996
10003
10008
9989
10005
9991
10006
10004
10002
9986
10011
10002
9997
9997
10003
10003
10000
9969
10031
9996
9997
9999
10006
9999
10000
10000
10001
9998
10001
10000
10000
10000
10000
10001
9998
10001
10002
10002
9996
10002
9996
10007
9990
10003
10004
9999
9999
10002
9994
10006
10000
10000
9998
9998
10007
9992
10000
10034
9967
10003
10001
10000
9998
10001
10000
9998
10000
10001
10000
9999
10003
9999
9997
10003
9996
10002
10007
9990
10004
10000
10002
9997
9995
10006
10003
9995
9999
10004
9996
10005
9994
10003
10003
9999
9999
10001
10004
9971
10025
9999
10005
9987
10014
9990
10008
9997
10002
9999
9996
10005
9993
10002
9999
10012
9991
9997
10006
10000
9996
9998
10004
10001
9994
10007
9999
10001
9997
9997
10006
9987
10013
9999
10000
9999
10002
9997
9996
9996
10008
9999
10010
9985
10002
10001
10015
9988
10003
9997
9997
10009
9990
9999
10012
9984
10021
9986
9998
10002
10005
9997
10000
9997
10009
9994
10003
9996
9999
10003
9997
10008
9994
10000
9998
10000
10004
9997
10004
10022
9973
10004
9991
10008
10002
9995
10000
10000
10002
9999
9999
10004
10000
9996
10003
10002
9994
10007
9986
10010
10002
9999
9998
10000
10001
10004
9999
9996
10004
9996
9996
10009
9995
9998
10004
9999
10001
9997
10002
9996
10003
10002
10006
9992
10002
9998
9987
10013
10005
9994
10006
9994
9999
10003
9997
10004
10003
9993
10003
9998
10000
10002
9998
10000
10008
9993
10003
9998
9996
10003
10000
10007
9992
9998
10004
9997
10005
9997
9998
10025
9979
9999
10000
10004
9959
10037
10000
10000
10000
10000
10000
10000
10000
10000
10000
10000
10000
10000
10000
10000
10001
9999
10000
10000
10000
10000
10000
10000
10000
10001
9998
10001
10001
9999
10000
10053
9944
10004
9998
9952
10050
9998
10002
9998
10002
9999
10000
10001
9998
10001
10002
9997
10001
10000
10001
9998
10001
10000
10001
9997
10003
9999
10000
10001
9999
10000
9999
10002
9998
10001
10003
9997
10000
9999
10000
10000
10001
10000
10000
10013
9988
9997
10002
9999
10005
9996
9999
10001
10012
9987
10002
9998
10000
10006
9995
10002
9997
10002
10000
9998
9994
10007
9999
10001
10002
9999
9999
10000
9996
10005
9999
10000
10001
9997
10001
10002
9999
9999
10001
10018
9969
10016
9999
10000
9999
9996
10004
9995
10001
10003
10000
9997
10004
9998
10000
10003
10010
9991
9996
10000
10005
9994
10001
9999
9989
10015
9995
10005
9999
9997
10001
10018
9987
9994
10003
9996
10006
9999
9997
9993
10011
9996
10015
9984
9998
10003
10004
9994
10002
10002
9997
10000
10005
10001
9996
10001
9978
10001
10021
10000
9998
10002
10034
9929
10076
9960
10002
10003
9993
10008
9998
9985
10004
10009
9996
10003
10000
9999
9996
10001
10001
10004
9995
10005
9995
10003
10002
9998
9999
10002
9997
10002
10002
9999
9999
10000
10001
9998
10003
9998
9999
10004
9997
10001
10000
9997
10002
10003
9997
10001
10000
9996
10004
9999
9998
10006
9989
10007
9999
10009
9991
10000
10000
10001
10000
10001
9998
10001
10000
10000
10000
10000
10001
9998
10001
10000
10000
10000
9999
10002
9999
10000
10001
9999
10000
10000
10000
10000
10001
9999
9999
10001
10002
9998
10000
9998
10003
9998
10001
9977
10013
10033
9984
9996
9963
10071
9963
9999
10002
9999
9994
10005
10001
10008
9984
10009
9996
10009
9997
9992
9975
10066
9946
10032
9985
10002
10000
9996
10005
9991
10026
9962
9996
10033
9989
10002
9999
10002
9996
9999
10011
9993
9998
10000
10004
9995
10002
9997
10008
9995
10001
9998
10003
9995
10001
10001
10006
9995
10000
9997
10000
10006
9995
10004
9995
10008
9996
9997
10003
10002
9996
10002
9994
10008
9996
9997
10005
10000
9999
10005
9993
10002
10004
9996
9997
10003
9998
10003
10000
9999
9999
9999
10007
9994
10001
9999
10001
9998
10005
9990
10008
10000
9999
10001
10006
9995
9995
10004
10001
9996
10002
9998
10004
9997
10001
10002
9997
10003
9997
9998
10001
10004
9997
10002
9999
10001
9999
10005
9997
9998
10002
9998
9999
10005
9995
9998
10003
10003
9995
10000
10004
9996
10008
9987
10009
10002
9994
10004
9993
10003
10003
9995
10005
10002
9995
10001
9999
10003
10006
9981
10013
9996
10005
9998
9999
10000
10003
9998
10001
10001
9998
10002
9997
10000
10004
9996
10002
9996
10004
9995
10004
10001
9996
10011
9989
10003
10001
9997
10004
9997
10004
9997
9995
10006
10000
9996
10006
9996
10002
9985
10015
9999
10000
10000
10000
10000
10000
10000
10000
10000
10001
9999
10000
10000
10000
10000
10000
10000
10000
10000
10000
10000
10000
10000
10001
9999
10000
10000
10000
10000
10000
10000
10000
10001
9998
10001
10000
10001
9999
10000
10035
9964
10001
10001
9999
10000
9999
10001
9920
10095
9979
9983
10036
10034
9952
10001
10000
10000
10002
9997
10003
9998
9999
10003
9997
10001
10000
10000
10000
10000
9999
10000
10001
10001
9998
10002
9998
10001
10003
9995
10003
10001
9997
10000
10001
10000
10001
9999
9999
10001
10000
10000
10000
10000
10000
10000
10000
10000
10001
10001
9997
10001
10000
10000
10001
9999
10001
9999
9999
9999
10002
10000
10000
10001
10000
9999
10000
9999
10002
10003
9998
9998
10002
9996
10002
10001
10000
9999
10001
9997
9999
10003
9999
10001
10001
9999
10005
9993
10001
10001
10000
10000
9999
10002
10000
10001
9999
9996
10002
10000
10000
10009
9985
10008
9997
10002
10003
10001
9989
10009
9997
10001
10000
10001
9999
9999
10001
10000
10000
10000
10000
10001
10000
9999
9998
10002
10002
9998
10000
10000
10001
9999
10001
9998
10001
10001
9998
10000
10001
10001
9999
9999
10002
9999
9999
10002
10000
9999
10000
9997
10003
9999
10001
10001
9999
10000
10000
9977
10036
9997
9990
10001
10016
9983
9999
10003
9997
9999
9985
10017
10035
9933
10038
9993
10001
10003
9994
10001
10005
9998
10002
9998
9998
10002
10000
9998
10003
9995
10004
10010
9988
10003
9994
10010
9997
9996
9999
9997
10001
9999
9997
10013
10002
9993
10001
9994
10002
10005
9994
10014
9994
9989
10010
9993
10010
9994
10003
9998
9990
10021
9989
9983
10012
10015
9987
10008
9993
9988
10009
10034
9968
10004
9996
10002
10000
9998
10002
10002
9999
10000
10001
9997
9999
10000
10002
10003
9997
10001
10000
9996
10001
10008
9990
10005
10001
9999
9997
10003
9997
9999
10005
10002
9993
10002
9999
10003
9998
10000
10002
9998
10003
9999
9997
10001
10000
10001
10002
10000
9998
9995
10008
9998
10002
9989
10009
10004
9995
9998
10002
9998
10006
9998
9994
10004
9998
10003
9998
10002
9998
10001
10005
9994
10000
10001
10000
10005
9996
9999
9997
9977
10026
10000
10000
10001
9999
9999
10001
10000
10001
9998
10000
10002
9999
10000
10000
10001
9997
10002
9990
10014
9992
10001
10008
9993
10002
9999
9997
10007
9994
10010
9993
10001
10002
9995
10012
9977
10005
10006
10001
10056
9945
10000
10001
9999
10000
9999
10002
10000
9998
10000
10002
10000
9998
9999
10005
9995
10003
9999
10000
10000
9999
10002
10001
9997
10001
10000
10001
9999
9999
9970
10017
10012
10008
9989
10002
10001
10010
9991
10001
10041
9954
9998
10009
10046
9946
9999
10006
9997
10000
10011
9995
9992
10009
9993
10008
9999
9986
10013
9988
10022
9984
10001
10010
9994
9988
10025
9984
10007
9993
10025
9979
9991
10027
9955
10022
10004
10001
10038
9929
10008
10022
9998
10001
10003
10001
9998
9998
10002
10018
9983
9991
10016
9990
10004
9969
10015
10015
9998
10015
9988
9993
10003
10004
9992
10006
10011
9987
9999
10008
9993
10007
9980
10020
10003
9981
10012
10003
9998
10008
9997
9996
9991
10005
10002
10009
9977
10019
9993
10001
9998
9996
10010
9994
10002
9998
10002
9997
10005
9997
10000
10018
9974
10005
10003
9999
10003
9997
9999
10007
9994
10003
9999
9997
10005
9998
9996
10005
9999
9998
10000
10001
10003
9996
10001
10003
10000
10004
9995
10000
9995
10006
9998
9997
10004
9997
10009
9991
9995
10008
9999
10000
9997
10003
10002
10006
9983
10009
10002
9996
10004
10001
9992
10004
10006
9989
10005
10009
9992
10003
9985
10010
10004
10000
9997
10003
9993
10007
9996
10006
9993
10003
10000
9998
10003
10006
9994
9996
10003
10001
9997
10005
9997
10000
9998
10000
10001
10003
9999
9997
10004
9997
10001
10003
9995
10004
9997
10003
10011
9978
10003
10007
10002
9997
9998
10004
9995
10001
10008
9991
10002
10000
10003
9996
10002
9998
10004
9999
9996
10003
10001
9998
10000
10000
9999
10004
10000
9996
10004
10000
10000
9998
9998
10003
9997
10001
10002
10000
9998
9999
9986
10016
9995
10005
10010
9993
9985
10014
9910
10182
9909
9983
10014
10003
9993
10004
9973
10027
10010
9971
10025
10015
9971
9995
10040
9968
9997
10011
10003
9994
10005
9995
9964
10057
10018
9960
9998
10002
10004
9999
9992
9985
10039
9983
10003
9996
9999
10001
10000
9999
10002
10000
9998
10000
10001
9989
10016
9999
9997
9999
9999
9999
10007
9994
9998
9999
10005
10005
9996
9998
9999
10001
10000
10000
9999
10002
9997
10003
10000
9999
10023
9977
9994
10008
9998
9995
10006
10000
9999
10000
10000
10003
9997
10002
9996
9996
10014
9992
9997
10004
9998
10003
9995
10003
10002
9995
10001
10002
10003
9997
9997
10005
9999
10001
9997
10001
9998
10008
9994
9997
10000
10009
9996
10001
9995
10001
10002
9999
9999
10000
10002
9997
10005
10000
9995
10000
9996
10006
10002
9997
10001
9999
10005
9995
10000
10002
10002
9990
10013
9994
10000
9998
10005
9998
9994
10004
10007
9995
10001
9997
10003
9999
10002
9998
10000
9997
10004
9999
9997
10003
9996
10005
9994
10004
10001
9986
10011
10001
10000
10000
10002
9999
10005
9993
9997
10006
10002
9995
10002
10002
9998
10001
10020
9978
10003
9998
10004
9993
10000
9987
10041
9973
10008
9997
9988
10008
10014
9991
9994
9995
10008
10004
9986
10009
9999
9999
10003
10005
10001
9995
9982
10015
10001
10000
9999
10002
10000
9997
10005
9997
9999
10002
9998
10001
10000
10001
10001
9995
10002
10000
9965
10036
10001
10000
10001
9996
10001
10001
10001
10000
9997
10003
9998
10042
9917
10001
10120
9884
10038
9998
10006
9998
9989
10003
10011
10029
9962
9985
10006
10011
10023
9972
10015
9988
10012
9992
10001
9994
10002
10001
10006
9996
9998
9985
10027
9997
9987
9956
10107
9940
10005
9995
10001
10000
10004
9998
10001
9998
9998
10002
10002
9998
9996
10002
10003
10000
10002
9994
10004
9996
10005
9999
9999
9999
10005
9991
10005
10001
9999
10000
9985
10028
9975
10013
9998
10002
9981
10015
10003
9999
10000
10030
9999
9972
10001
9951
10048
10010
9978
10031
9964
9989
10060
9969
9999
9997
10026
9943
10034
10053
9893
10055
9999
10006
9991
10035
9959
10016
9996
9997
----------
hit: 9277
miss: 401
length of statenum:65536
nodecount=7725
treeByteSize=69526
enCodeSize=12005
timecost, 0.007477, seconds
done
77440
34859
sz compression ratio, 2.22 
