current pwr_bound is 5e-8
cfgFile=sz.config
[SZ] Reading SZ configuration file (sz.config) ...
point count: 97104
pwrLength=3035
pwrErrBoundBytes_size=6070
pw_relBoundRatio=0.000000
hit: 44019
miss: 53083
length of statenum:65536
nodecount=23541
treeByteSize=211870
enCodeSize=82899
-------insight of tdps
dataLength=97104
exactDataNum=53085
realPrecision=0.000015
medianValue=0.000000
reqLength=37
quantization_intervals=20000
pwrErrBoundBytes_size=6070
radExpo=8
-----------------------
timecost, 0.021871, seconds
done
input file size: 776832
output file size: 322125
sz compression ratio, 2.41 
timecost, 0.011461, second
done
Max absolute error = 1.430511474609375E-05
Max relative error = 2.5429190486471942608E-07
Max pw_relative err = 4.8256541347903254449E-08
../model_comparison/inputdata/original/yf17_t.dat, ../model_comparison/inputdata/original/yf17_t.dat.sz.out, 97104
size of double: 8
301.298004, 301.298004, 0.000000
306.568451, 306.568451, 0.000000
309.038055, 309.038055, 0.000000
312.648041, 312.648041, 0.000000
302.829193, 302.829193, 0.000000
303.789124, 303.789124, 0.000000
301.030945, 301.030945, 0.000000
303.574188, 303.574188, 0.000000
307.937744, 307.937744, 0.000000
337.658691, 337.658691, 0.000000
307.555298, 307.555298, 0.000000
307.511200, 307.511200, 0.000000
321.376312, 321.376312, 0.000000
316.638977, 316.638977, 0.000000
329.334839, 329.334839, 0.000000
351.395935, 351.395935, 0.000000
321.494049, 321.494049, 0.000000
304.805511, 304.805511, 0.000000
302.792633, 302.792633, 0.000000
303.236786, 303.236786, 0.000000
305.502106, 305.502106, 0.000000
305.263702, 305.263702, 0.000000
304.527710, 304.527710, 0.000000
304.968872, 304.968872, 0.000000
306.678131, 306.678131, 0.000000
305.432892, 305.432892, 0.000000
322.018494, 322.018494, 0.000000
302.618866, 302.618866, 0.000000
313.168488, 313.168488, 0.000000
313.534149, 313.534149, 0.000000
321.196777, 321.196777, 0.000000
319.570984, 319.570984, 0.000000
321.185944, 321.185944, 0.000000
302.128479, 302.128479, 0.000000
321.200165, 321.200165, 0.000000
298.558258, 298.558258, 0.000000
301.570282, 301.570282, 0.000000
300.179932, 300.179932, 0.000000
303.251801, 303.251801, 0.000000
307.438080, 307.438080, 0.000000
302.960083, 302.960083, 0.000000
302.105133, 302.105133, 0.000000
306.666931, 306.666931, 0.000000
302.570129, 302.570129, 0.000000
314.224670, 314.224670, 0.000000
308.211700, 308.211700, 0.000000
307.955170, 307.955170, 0.000000
300.001770, 300.001770, 0.000000
300.001556, 300.001556, 0.000000
299.997223, 299.997233, 0.000010
299.997589, 299.997581, -0.000008
300.001831, 300.001832, 0.000001
300.001678, 300.001678, -0.000001
299.997894, 299.997887, -0.000008
299.997375, 299.997377, 0.000002
301.132538, 301.132538, 0.000000
301.065186, 301.065186, 0.000000
301.044250, 301.044249, -0.000002
301.114258, 301.114250, -0.000008
301.162170, 301.162168, -0.000003
301.249451, 301.249464, 0.000013
301.363739, 301.363752, 0.000013
301.502869, 301.502874, 0.000006
301.647858, 301.647850, -0.000008
301.808502, 301.808495, -0.000008
302.103973, 302.103980, 0.000007
302.449432, 302.449429, -0.000004
302.789520, 302.789526, 0.000006
303.352631, 303.352624, -0.000007
304.020416, 304.020408, -0.000009
304.969513, 304.969522, 0.000009
306.182770, 306.182759, -0.000010
307.385406, 307.385413, 0.000007
308.575989, 308.575975, -0.000013
310.634918, 310.634918, 0.000000
311.537048, 311.537048, 0.000000
311.048157, 311.048157, 0.000000
309.059387, 309.059387, 0.000000
309.344513, 309.344513, 0.000000
313.130402, 313.130402, 0.000000
314.142670, 314.142670, 0.000000
313.640564, 313.640564, 0.000000
312.940399, 312.940410, 0.000010
311.858429, 311.858429, 0.000000
310.752106, 310.752117, 0.000011
309.794952, 309.794955, 0.000003
308.816376, 308.816389, 0.000013
308.059998, 308.059996, -0.000002
307.451996, 307.451983, -0.000012
306.817444, 306.817452, 0.000009
306.446625, 306.446631, 0.000007
306.186249, 306.186261, 0.000012
305.605682, 305.605682, 0.000000
305.613434, 305.613434, 0.000000
305.733032, 305.733026, -0.000007
305.351471, 305.351471, 0.000000
304.902405, 304.902392, -0.000012
305.171234, 305.171234, 0.000000
305.920349, 305.920349, 0.000000
306.718445, 306.718451, 0.000007
311.976746, 311.976746, 0.000000
311.121521, 311.121521, 0.000000
310.190491, 310.190495, 0.000004
309.296143, 309.296157, 0.000014
308.489471, 308.489476, 0.000005
307.738953, 307.738967, 0.000014
307.055969, 307.055982, 0.000012
306.425262, 306.425265, 0.000003
305.838867, 305.838865, -0.000002
305.297791, 305.297787, -0.000004
304.818542, 304.818556, 0.000013
304.382568, 304.382577, 0.000009
303.989655, 303.989643, -0.000011
303.639282, 303.639281, -0.000001
303.328125, 303.328121, -0.000004
303.057251, 303.057257, 0.000006
302.815613, 302.815601, -0.000011
302.601471, 302.601470, -0.000001
302.418274, 302.418262, -0.000011
302.263580, 302.263584, 0.000004
302.132111, 302.132113, 0.000003
302.020325, 302.020332, 0.000008
301.913788, 301.913784, -0.000004
301.820404, 301.820392, -0.000012
301.710175, 301.710177, 0.000003
301.554443, 301.554435, -0.000009
301.404388, 301.404398, 0.000010
301.402252, 301.402240, -0.000012
301.517883, 301.517870, -0.000013
301.642548, 301.642541, -0.000007
301.863373, 301.863371, -0.000002
302.140350, 302.140363, 0.000012
302.415833, 302.415838, 0.000006
302.826111, 302.826125, 0.000014
301.461121, 301.461121, 0.000000
300.888641, 300.888641, 0.000000
300.936371, 300.936371, 0.000000
310.954895, 310.954895, 0.000000
311.510468, 311.510468, 0.000000
311.056732, 311.056732, 0.000000
309.443939, 309.443939, 0.000000
307.297241, 307.297241, 0.000000
304.583801, 304.583801, 0.000000
301.297791, 301.297791, 0.000000
298.439117, 298.439117, 0.000000
296.532867, 296.532867, 0.000000
295.388885, 295.388885, 0.000000
295.626129, 295.626129, 0.000000
296.324524, 296.324524, 0.000000
298.241211, 298.241211, 0.000000
299.784668, 299.784668, 0.000000
300.694763, 300.694763, 0.000000
301.065887, 301.065887, 0.000000
301.662262, 301.662260, -0.000002
303.710602, 303.710602, 0.000000
305.455994, 305.455994, 0.000000
307.924805, 307.924805, 0.000000
303.644684, 303.644684, 0.000000
303.687256, 303.687256, 0.000000
303.725555, 303.725565, 0.000010
303.658539, 303.658538, -0.000001
303.552856, 303.552871, 0.000014
303.531525, 303.531520, -0.000005
303.541077, 303.541063, -0.000013
303.422943, 303.422950, 0.000007
303.337402, 303.337416, 0.000013
303.291840, 303.291852, 0.000012
303.315491, 303.315497, 0.000007
303.315735, 303.315728, -0.000007
303.277527, 303.277526, -0.000001
303.249451, 303.249464, 0.000013
303.182800, 303.182792, -0.000009
303.213501, 303.213503, 0.000002
303.285583, 303.285574, -0.000010
303.332733, 303.332723, -0.000010
303.365723, 303.365710, -0.000012
303.440094, 303.440087, -0.000007
303.524353, 303.524339, -0.000014
303.656586, 303.656572, -0.000013
303.724396, 303.724386, -0.000010
303.825684, 303.825696, 0.000012
303.933136, 303.933125, -0.000010
304.125122, 304.125108, -0.000014
304.216278, 304.216277, -0.000001
304.381012, 304.381001, -0.000010
304.474670, 304.474684, 0.000013
304.654724, 304.654722, -0.000002
304.818268, 304.818264, -0.000004
305.028259, 305.028251, -0.000009
305.100647, 305.100647, 0.000000
305.198364, 305.198350, -0.000014
305.386383, 305.386371, -0.000012
305.638458, 305.638456, -0.000002
305.768005, 305.768000, -0.000006
305.846863, 305.846870, 0.000008
306.070831, 306.070841, 0.000010
306.253540, 306.253540, 0.000000
306.518494, 306.518486, -0.000008
306.735962, 306.735952, -0.000010
306.890656, 306.890655, -0.000001
307.257385, 307.257389, 0.000004
307.313995, 307.313995, 0.000000
307.822235, 307.822235, 0.000000
305.137329, 305.137329, 0.000000
303.671478, 303.671478, 0.000000
302.652588, 302.652588, 0.000000
301.787872, 301.787873, 0.000001
301.266754, 301.266754, 0.000000
303.930603, 303.930603, 0.000000
304.118073, 304.118073, 0.000000
304.110199, 304.110213, 0.000014
304.013000, 304.013012, 0.000011
303.871918, 303.871908, -0.000010
303.752625, 303.752623, -0.000002
303.298615, 303.298615, 0.000000
302.996185, 302.996181, -0.000005
302.642853, 302.642867, 0.000014
301.964691, 301.964691, 0.000000
301.668182, 301.668182, 0.000000
301.457794, 301.457793, -0.000001
301.071930, 301.071942, 0.000012
300.794830, 300.794827, -0.000003
300.688965, 300.688976, 0.000011
300.671570, 300.671580, 0.000010
300.690308, 300.690311, 0.000004
300.668610, 300.668599, -0.000010
300.981354, 300.981354, 0.000000
301.153442, 301.153443, 0.000001
301.177551, 301.177566, 0.000014
301.266571, 301.266581, 0.000010
301.270142, 301.270156, 0.000014
318.841248, 318.841248, 0.000000
306.971375, 306.971375, 0.000000
302.678345, 302.678345, 0.000000
302.190521, 302.190521, 0.000000
303.139954, 303.139954, 0.000000
304.174530, 304.174530, 0.000000
305.198364, 305.198375, 0.000010
305.958649, 305.958657, 0.000009
306.701935, 306.701941, 0.000006
307.440186, 307.440198, 0.000012
308.099731, 308.099727, -0.000005
308.532867, 308.532855, -0.000012
308.640900, 308.640900, 0.000000
308.520538, 308.520534, -0.000005
308.298248, 308.298261, 0.000012
308.108063, 308.108065, 0.000002
307.939880, 307.939894, 0.000013
307.784637, 307.784642, 0.000005
307.646973, 307.646981, 0.000009
307.517456, 307.517450, -0.000006
307.435944, 307.435931, -0.000012
307.679962, 307.679962, 0.000000
307.621552, 307.621552, 0.000000
307.644440, 307.644442, 0.000002
307.652191, 307.652195, 0.000004
307.581207, 307.581220, 0.000012
307.508179, 307.508175, -0.000004
316.670135, 316.670135, 0.000000
310.108887, 310.108887, 0.000000
303.488953, 303.488954, 0.000001
300.465454, 300.465454, 0.000000
300.396545, 300.396545, 0.000000
301.527985, 301.527985, 0.000000
302.551178, 302.551190, 0.000012
303.669434, 303.669444, 0.000010
304.703369, 304.703382, 0.000012
305.672394, 305.672397, 0.000003
306.594727, 306.594730, 0.000004
307.152405, 307.152405, 0.000000
307.465088, 307.465083, -0.000005
307.433807, 307.433807, 0.000000
307.352875, 307.352864, -0.000010
307.287628, 307.287620, -0.000009
307.254913, 307.254925, 0.000011
307.212555, 307.212563, 0.000008
307.426361, 307.426372, 0.000010
327.115173, 327.115173, 0.000000
317.969055, 317.969055, 0.000000
318.655579, 318.655579, 0.000000
319.796478, 319.796478, 0.000000
321.719177, 321.719177, 0.000000
324.031006, 324.031006, 0.000000
327.345428, 327.345428, 0.000000
331.101166, 331.101166, 0.000000
344.426025, 344.426025, 0.000000
349.353577, 349.353577, 0.000000
350.777557, 350.777557, 0.000000
351.382935, 351.382935, 0.000000
323.888214, 323.888214, 0.000000
325.950348, 325.950348, 0.000000
329.335724, 329.335724, 0.000000
334.966003, 334.966003, 0.000000
342.074280, 342.074280, 0.000000
349.430603, 349.430597, -0.000006
319.320709, 319.320709, 0.000000
320.986267, 320.986267, 0.000000
321.840302, 321.840302, 0.000000
322.028778, 322.028778, 0.000000
301.045410, 301.045410, 0.000000
301.237366, 301.237366, 0.000000
301.361938, 301.361945, 0.000007
301.343872, 301.343879, 0.000007
301.419983, 301.419973, -0.000010
301.593475, 301.593481, 0.000006
301.797882, 301.797883, 0.000001
302.378723, 302.378723, 0.000000
303.027435, 303.027442, 0.000007
303.641724, 303.641719, -0.000005
304.267059, 304.267053, -0.000007
304.198303, 304.198303, 0.000000
303.808258, 303.808258, 0.000000
303.091705, 303.091705, 0.000000
302.632843, 302.632832, -0.000011
302.252228, 302.252213, -0.000014
301.593719, 301.593724, 0.000005
302.079773, 302.079773, 0.000000
302.660797, 302.660810, 0.000013
303.190796, 303.190791, -0.000005
303.475159, 303.475155, -0.000004
303.530426, 303.530428, 0.000002
303.449585, 303.449589, 0.000004
303.493530, 303.493539, 0.000009
303.578186, 303.578198, 0.000012
303.804382, 303.804380, -0.000002
304.091614, 304.091612, -0.000002
304.257080, 304.257070, -0.000010
304.587128, 304.587139, 0.000011
304.978851, 304.978849, -0.000002
305.215942, 305.215940, -0.000002
305.364319, 305.364310, -0.000009
305.692413, 305.692399, -0.000014
305.960114, 305.960118, 0.000005
306.320221, 306.320225, 0.000004
306.957672, 306.957670, -0.000002
307.829376, 307.829380, 0.000004
308.855560, 308.855561, 0.000001
310.154419, 310.154410, -0.000009
312.133728, 312.133728, 0.000000
317.003876, 317.003876, 0.000000
330.799530, 330.799530, 0.000000
330.645050, 330.645050, 0.000000
327.123352, 327.123352, 0.000000
330.231232, 330.231232, 0.000000
330.211151, 330.211151, 0.000000
333.168274, 333.168274, 0.000000
337.605743, 337.605743, 0.000000
305.410736, 305.410736, 0.000000
305.877533, 305.877533, 0.000000
306.121246, 306.121241, -0.000006
306.338867, 306.338873, 0.000006
306.386963, 306.386956, -0.000007
306.349030, 306.349038, 0.000009
307.249023, 307.249023, 0.000000
307.441559, 307.441559, 0.000000
307.114014, 307.114014, 0.000000
306.587799, 306.587799, 0.000000
305.870941, 305.870927, -0.000014
305.079956, 305.079967, 0.000011
304.592712, 304.592712, 0.000000
304.563965, 304.563965, 0.000000
304.759491, 304.759489, -0.000002
305.450897, 305.450897, 0.000000
303.069733, 303.069733, 0.000000
304.393188, 304.393188, 0.000000
304.800110, 304.800110, 0.000000
304.783936, 304.783936, 0.000000
304.633392, 304.633393, 0.000001
305.654266, 305.654266, 0.000000
306.331543, 306.331543, 0.000000
306.185394, 306.185394, 0.000000
305.830078, 305.830081, 0.000003
305.193573, 305.193585, 0.000012
304.706940, 304.706949, 0.000010
304.671326, 304.671326, 0.000000
304.795959, 304.795968, 0.000009
304.331757, 304.331757, 0.000000
304.185455, 304.185455, 0.000000
303.778137, 303.778134, -0.000003
303.527832, 303.527827, -0.000005
303.357239, 303.357224, -0.000014
303.653198, 303.653198, 0.000000
303.858307, 303.858293, -0.000014
304.033356, 304.033350, -0.000006
304.321289, 304.321282, -0.000007
304.659546, 304.659533, -0.000013
305.030884, 305.030894, 0.000010
305.545013, 305.545020, 0.000007
305.427185, 305.427185, 0.000000
305.308197, 305.308197, 0.000000
304.605713, 304.605713, 0.000000
304.613892, 304.613892, 0.000000
304.730377, 304.730363, -0.000014
305.256256, 305.256256, 0.000000
305.588440, 305.588447, 0.000007
305.881348, 305.881347, -0.000001
306.193695, 306.193700, 0.000005
306.408539, 306.408551, 0.000012
306.660248, 306.660239, -0.000009
307.041016, 307.041003, -0.000012
305.679047, 305.679047, 0.000000
305.546112, 305.546112, 0.000000
305.685181, 305.685195, 0.000014
305.788605, 305.788594, -0.000010
306.091492, 306.091491, -0.000001
306.375122, 306.375112, -0.000010
306.605133, 306.605133, 0.000000
304.741486, 304.741486, 0.000000
315.373932, 315.373932, 0.000000
314.498871, 314.498871, 0.000000
312.658020, 312.658020, 0.000000
311.184540, 311.184540, 0.000000
309.992706, 309.992715, 0.000009
309.008270, 309.008281, 0.000010
308.168549, 308.168562, 0.000013
307.450012, 307.450026, 0.000013
306.848267, 306.848267, 0.000000
306.332367, 306.332361, -0.000006
305.934296, 305.934298, 0.000002
305.678833, 305.678821, -0.000012
305.516327, 305.516322, -0.000005
305.380859, 305.380845, -0.000014
305.326294, 305.326284, -0.000010
305.303833, 305.303830, -0.000003
305.217407, 305.217400, -0.000008
305.142700, 305.142706, 0.000006
305.049316, 305.049328, 0.000011
304.929901, 304.929904, 0.000003
304.779541, 304.779527, -0.000014
304.591675, 304.591662, -0.000012
304.351837, 304.351825, -0.000012
304.050079, 304.050080, 0.000001
303.693665, 303.693672, 0.000008
303.294922, 303.294929, 0.000007
302.759430, 302.759422, -0.000008
314.070007, 314.070007, 0.000000
313.219360, 313.219360, 0.000000
314.513245, 314.513245, 0.000000
315.250977, 315.250977, 0.000000
316.978577, 316.978577, 0.000000
313.306702, 313.306702, 0.000000
305.961090, 305.961090, 0.000000
306.118866, 306.118866, 0.000000
306.145630, 306.145644, 0.000014
305.994202, 305.994211, 0.000010
305.698700, 305.698713, 0.000013
305.153229, 305.153223, -0.000006
304.395050, 304.395050, 0.000000
303.494354, 303.494349, -0.000005
302.499115, 302.499104, -0.000011
301.597107, 301.597102, -0.000005
300.764648, 300.764635, -0.000013
300.061401, 300.061392, -0.000010
299.622192, 299.622184, -0.000009
299.532501, 299.532501, 0.000000
299.826843, 299.826843, 0.000000
300.851349, 300.851349, 0.000000
301.887909, 301.887917, 0.000008
302.555023, 302.555023, 0.000000
303.370453, 303.370452, -0.000001
303.591644, 303.591644, 0.000000
303.509338, 303.509338, 0.000000
303.459961, 303.459967, 0.000006
303.703827, 303.703839, 0.000012
304.377380, 304.377380, 0.000000
305.509277, 305.509277, 0.000000
307.188049, 307.188049, 0.000000
309.535034, 309.535034, 0.000000
311.432739, 311.432739, 0.000000
319.890930, 319.890930, 0.000000
305.797150, 305.797150, 0.000000
306.032806, 306.032806, 0.000000
306.030823, 306.030828, 0.000006
305.892883, 305.892886, 0.000003
305.540009, 305.540014, 0.000006
304.945038, 304.945044, 0.000006
304.148621, 304.148624, 0.000004
303.128357, 303.128347, -0.000010
302.157806, 302.157797, -0.000010
301.240112, 301.240107, -0.000006
300.453369, 300.453355, -0.000014
299.820770, 299.820779, 0.000009
299.507690, 299.507690, 0.000000
299.576202, 299.576202, 0.000000
300.085541, 300.085541, 0.000000
301.283752, 301.283752, 0.000000
302.226837, 302.226828, -0.000010
302.990662, 302.990657, -0.000005
303.612274, 303.612284, 0.000010
303.663788, 303.663788, 0.000000
303.508392, 303.508404, 0.000011
303.463623, 303.463618, -0.000005
303.770599, 303.770599, 0.000000
304.487305, 304.487305, 0.000000
305.650330, 305.650330, 0.000000
307.348053, 307.348053, 0.000000
309.875671, 309.875671, 0.000000
312.222290, 312.222300, 0.000010
316.095673, 316.095673, 0.000000
312.247833, 312.247833, 0.000000
totaldiff=0.3251132965, sz=97104, average absolute error value:0.0000033481
totaldiff=0.0010817090, sz=97104, average relative error rate:0.0000000111
