cfgFile=sz.config
[SZ] Reading SZ configuration file (sz.config) ...
point count: 640
datalength=640
pwrLength=20
pwrErrBoundBytes_size=40
intvCapacity=20000
intvRadius=10000
datalength=640
----------factors
10000
10000
10000
10000
10000
10000
10000
10000
10000
10000
10000
10000
10000
10000
10000
10000
10000
10000
10000
10000
10000
10000
10000
10000
10000
10000
10000
10000
10000
10000
10000
10000
10000
10000
10000
10000
10000
10000
9997
10003
10000
10000
10000
10000
10000
10000
10000
9999
10001
10000
10000
10000
10000
10000
10000
10000
10000
10000
10000
10000
10000
10001
9999
10000
10000
10000
10000
10000
10000
10000
10000
10000
10000
10000
10000
10000
10000
10000
10002
9998
10000
10000
10000
10000
10000
10000
10000
10000
10000
10000
10000
10000
10000
10000
9999
10001
10000
10000
10000
10000
10000
10000
10000
10000
10000
10000
10000
10000
10000
10000
9999
10001
10000
10000
10000
10000
10000
10000
10002
9998
10000
10000
10000
10000
10000
10000
10000
10000
10000
10000
10000
10000
10000
10000
10000
10000
10000
10000
10000
10000
10000
10000
10000
10000
10000
10000
9999
10001
10000
10000
10000
10000
10000
10000
10000
10000
10000
10000
10002
9998
10000
10000
10000
10000
10000
10000
10000
10000
9999
10001
10000
10000
10000
10000
10000
10000
10000
10000
10000
10000
10000
10000
10000
10000
10000
10000
10000
10000
10000
10000
10000
10000
10000
10000
10000
9999
10001
10000
9934
10004
9975
10039
9691
8331
7887
11930
15158
11135
7557
8594
9799
9961
9989
10008
10022
10008
9991
9990
9996
9995
9996
9996
9998
10001
10000
10000
9999
9995
9993
9996
9998
10004
10012
10030
10042
10026
9987
9965
9460
10291
10013
10428
10119
9757
9899
10020
10008
9992
9995
9999
10000
9997
9998
9998
10002
10004
9998
9978
9917
9797
9960
10362
10236
9864
9867
9946
9997
9997
9976
9985
10009
10037
10068
10092
10095
10043
9950
9909
10026
9877
10000
10000
10000
10000
10000
9999
10001
10000
10000
10000
10000
10000
10000
10000
10000
10000
9981
9923
10129
10033
9942
9988
10006
10002
9983
9933
9946
10145
10060
9793
8731
9139
14337
9432
8807
9719
9944
9720
10986
9478
9997
9939
9594
8638
9720
12416
10994
8783
9524
10560
10507
9975
9529
9105
9001
10356
12106
11036
5376
6051
15468
10214
691
13464
17968
4877
1018
8872
10059
10095
9893
9971
10301
10426
10306
10066
9790
10482
9064
10001
9999
10000
10001
9999
10001
9999
10001
9999
10001
9999
10001
9999
10001
9999
10000
10001
9999
10001
9999
10001
9999
10001
9999
10001
9999
10000
10001
9999
10001
9999
10001
9999
10001
9999
10001
9999
10000
8570
11951
10049
9662
9823
9950
9983
9985
9978
9968
9923
9523
8602
11820
12254
8922
9052
9749
9636
9516
10533
11203
9687
9659
9945
9924
9933
9955
9918
9833
9866
10123
10346
10296
10090
9921
9870
9894
9939
9972
5132
6725
9178
9566
10423
10791
9761
9456
10074
10268
10019
9910
9953
9981
10007
10010
9980
9966
9977
9991
9992
9987
9961
9909
9827
9767
9462
8383
9886
13932
12208
8430
9018
9632
9860
9920
9912
9910
10179
9843
10015
9985
9985
10008
10008
9994
9976
1948
19390
14754
4620
9292
9837
8496
10015
14214
8341
9199
9906
10003
10001
9947
9430
5516
18369
8890
8226
9658
9957
9894
9233
10164
11915
7060
10623
12524
9722
9485
9814
9479
10112
10099
9922
9980
9996
10000
10003
10003
9990
9961
9970
10081
10063
9975
9952
9979
10036
10013
9983
9950
6763
3975
1661
7882
9911
9991
9986
9963
9875
9563
8037
2717
15900
6290
6954
9048
11215
8136
9999
10000
10001
9999
10001
9999
10000
10001
9999
10000
10001
9999
10001
9999
10000
10001
9999
10001
9999
10000
10001
9999
10000
10001
9999
10000
10001
9999
10001
9999
10000
10001
9999
10001
9999
10000
10001
9999
10000
10000
10000
10001
9999
10000
10001
9999
10001
9999
10000
10001
9999
10000
10001
9999
10000
10001
9999
10001
9999
10000
10001
9999
10000
10001
9999
10000
10001
9999
10000
10001
9999
10001
9999
10000
10001
9999
10000
10001
----------
hit: 633
miss: 5
length of statenum:65536
nodecount=489
treeByteSize=4402
enCodeSize=437
timecost, 0.011937, seconds
done
5120
2436
sz compression ratio, 2.10 
