cfgFile=sz.config
[SZ] Reading SZ configuration file (sz.config) ...
20032
49299
37725
22299
63352
14071
62329
13782
35026
42447
41202
15891
16993
2644
35526
485
49194
65310
9520
63835
10541
7847
47487
12871
61271
30298
49456
29750
28123
59701
43292
58510
43333
48613
29270
3962
35533
20932
38920
6994
9464
20618
6648
1720
60696
30781
53811
54236
34273
62997
26894
57919
46306
13604
30854
51065
36349
42314
11950
57900
25825
1544
35071
46138
16386
25711
38299
9773
410
47179
24185
25676
7117
63834
40806
20920
25214
62160
63776
46593
61024
18987
44566
43830
49906
48683
15467
64741
52376
37990
806
42344
63363
450
45749
12122
40464
59695
50625
47651
32509
40252
28455
49244
14471
38778
18518
20693
38501
45275
9740
10242
62746
19603
52931
59896
62957
28595
38477
28182
20450
41234
48376
3828
43311
23542
38274
46863
48597
17786
51745
38020
35847
61640
51854
32921
39631
16288
43620
11503
37453
43518
52512
60384
61541
28214
63842
16818
49478
64467
38805
14883
18709
57140
50841
5303
57059
41533
14172
24991
19149
13806
47612
25711
10244
51533
48219
41770
34894
20418
38949
35773
30572
22749
56957
3492
36704
12047
33230
53882
1327
45530
29267
26435
17882
43526
35581
36973
40388
63872
39647
22715
22199
55065
11489
39504
36355
4465
39986
6881
37523
23970
30787
49352
37537
58672
19738
26815
49493
8291
43034
7956
52385
29522
5614
46370
43622
51244
63811
54937
50523
41299
20757
39253
61598
42155
11387
19748
29485
4559
55556
33513
46498
6671
59807
2375
52151
54951
18357
30656
22876
5232
8608
16772
32922
50928
50223
28286
19434
29115
44416
12136
23650
30408
48159
27864
18276
12395
18319
32366
32508
32679
29344
34559
39262
36066
26941
46127
22552
20181
18731
24663
27594
2351
37250
14919
65301
46763
58635
15896
3443
55457
49722
24438
50521
53379
58659
58770
19077
60838
37954
11542
61766
5349
16119
58743
34777
43146
34302
24847
1217
22267
17060
46623
13306
27754
45283
16337
62876
55216
10571
390
44060
22214
19824
52597
60733
47648
6098
1838
942
43039
60278
28610
43748
38173
32047
52598
28313
59818
27513
29808
27404
55965
53734
18295
600
49780
60469
32204
60361
62369
7715
570
52213
4605
58602
50325
9470
47702
31687
54557
8748
19463
32680
50707
51059
29497
29599
15897
41290
25394
45693
54356
15594
46409
44008
36670
5887
1329
41785
54271
35597
40765
17874
22463
14617
17815
37825
39340
5451
12150
58678
2748
14764
57938
24084
60466
809
23016
39692
56433
41089
54774
13019
42985
4453
25004
29330
59159
11479
48108
30283
29596
50665
12765
37595
28770
31392
33073
64711
9547
30897
14803
52481
39078
42758
16467
29037
42830
46938
20244
15511
39265
44367
12266
20464
5788
38427
62131
26528
1839
12065
33386
12288
41284
9047
47083
22132
39819
12010
41627
18006
35289
9259
27237
24907
63782
38692
51698
17384
34835
43353
63961
10727
45684
45413
58194
49639
44771
299
3687
41341
22005
20683
31883
5014
25365
30744
7727
9368
15526
22443
19155
3473
19712
47291
39150
3920
19830
49363
14594
44924
37763
22224
60139
1259
1491
20074
21761
28629
30708
14880
12878
13453
32139
28683
32417
27388
49383
43123
40100
55796
2816
30345
26162
40578
3380
6553
51356
9712
25160
20881
16883
11323
15543
17028
36496
39546
48556
56339
39451
56645
61281
57132
58772
2721
16733
59329
43251
6000
16455
46640
51406
52545
20984
45964
24178
23192
41848
31241
54206
43387
33740
63599
27026
20075
4818
25038
36924
40503
62716
15403
45875
57505
25821
3304
53402
43093
3107
44682
11005
35136
29904
10933
51371
26064
11861
45333
15051
54519
6286
5697
1167
57597
11532
64061
4683
56439
19528
6776
36659
47587
65087
20619
3740
7069
37519
10181
41309
26582
24354
28801
14043
21887
30950
33161
12653
1997
41375
5753
27892
32767
31352
19815
33882
19217
18862
4506
50310
49123
43712
46838
27343
29860
46120
61048
58629
7833
43549
44626
53565
36187
57971
57070
62305
495
44630
10641
16557
51864
13788
15955
45153
32324
40503
13409
45994
33604
36545
52113
12501
33433
53595
45719
61980
21950
41105
16784
22849
62751
63365
14294
60142
59176
8557
38356
63801
33612
4309
17809
44463
3802
57000
47261
11890
64175
43616
17650
30301
33722
8747
64072
21695
10500
58816
989
130
64346
21987
7188
18216
53290
64174
20721
36462
48408
31350
42179
57591
40188
59807
684
24620
37303
57343
22210
22730
61307
29055
57384
32239
34540
37712
18757
29790
46592
39169
39571
25758
17028
31564
57394
23980
35540
38718
51511
39539
47666
267
21738
52972
21361
57487
13274
64134
63095
10315
13592
25509
29202
7420
13477
39251
58293
6122
43149
51157
3602
5895
56717
13056
47544
24668
57656
13316
55030
54017
33057
8128
30141
59420
9149
36931
8793
2227
47371
5576
12335
2676
23994
20212
3959
22200
41926
44625
7363
10049
18859
32364
56640
57727
42385
15635
40848
62730
49826
60062
54352
35240
58269
39541
17115
25804
31752
4598
22597
52620
17
11599
30464
23057
40035
8366
23821
44667
29113
56126
13073
14819
29769
38939
28088
6019
11064
32226
15151
62830
10122
54221
6098
31156
61794
292
39123
59315
22976
32180
39924
19908
37122
24345
23048
64487
24397
46104
22642
18849
27564
57225
48479
38695
52363
3467
57509
42101
31019
36255
60790
48839
64664
5539
37580
34597
28783
9563
48098
7722
16042
40277
11022
39715
1878
14164
32200
26396
4251
19345
32273
28347
9998
32244
8515
8300
27866
27019
58143
57206
39507
39377
63026
45709
61017
57841
34845
3792
64364
9591
38622
59396
54943
15878
45662
25633
12024
31665
4250
34515
59318
22624
3089
27245
5869
25800
53537
44083
22007
35376
timecost, 0.005476, seconds
done
22608
14798
sz compression ratio, 1.53 
timecost, 0.000250, second
done
Max absolute error = 0
Max relative error = 0
Max pw_relative err = 0
./inputdata/small/eddy_pr.dat, ./inputdata/small/eddy_pr.dat.sz.out, 2826
size of double: 8
825720.000000, 825720.000000, 0.000000
1689600.000000, 1689600.000000, 0.000000
1457210.000000, 1457210.000000, 0.000000
2495320.000000, 2495320.000000, 0.000000
2021880.000000, 2021880.000000, 0.000000
9490370.000000, 9490370.000000, 0.000000
2608890.000000, 2608890.000000, 0.000000
24254500.000000, 24254500.000000, 0.000000
1420830.000000, 1420830.000000, 0.000000
1304380.000000, 1304380.000000, 0.000000
1073310.000000, 1073310.000000, 0.000000
991012.000000, 991012.000000, 0.000000
953328.000000, 953328.000000, 0.000000
1971750.000000, 1971750.000000, 0.000000
1264450.000000, 1264450.000000, 0.000000
462933.000000, 462933.000000, 0.000000
4381370.000000, 4381370.000000, 0.000000
2719510.000000, 2719510.000000, 0.000000
3881980.000000, 3881980.000000, 0.000000
7379800.000000, 7379800.000000, 0.000000
5525040.000000, 5525040.000000, 0.000000
779142.000000, 779142.000000, 0.000000
10108800.000000, 10108800.000000, 0.000000
2146180.000000, 2146180.000000, 0.000000
508391.000000, 508391.000000, 0.000000
2743740.000000, 2743740.000000, 0.000000
3830940.000000, 3830940.000000, 0.000000
7377060.000000, 7377060.000000, 0.000000
4155450.000000, 4155450.000000, 0.000000
5374480.000000, 5374480.000000, 0.000000
8383800.000000, 8383800.000000, 0.000000
3559310.000000, 3559310.000000, 0.000000
8625460.000000, 8625460.000000, 0.000000
2497420.000000, 2497420.000000, 0.000000
1760610.000000, 1760610.000000, 0.000000
3410140.000000, 3410140.000000, 0.000000
5365510.000000, 5365510.000000, 0.000000
29170100.000000, 29170100.000000, 0.000000
1057090.000000, 1057090.000000, 0.000000
2411440.000000, 2411440.000000, 0.000000
2255800.000000, 2255800.000000, 0.000000
2781830.000000, 2781830.000000, 0.000000
502074.000000, 502074.000000, 0.000000
3837960.000000, 3837960.000000, 0.000000
118486000.000000, 118486000.000000, 0.000000
7415920.000000, 7415920.000000, 0.000000
45717300.000000, 45717300.000000, 0.000000
7136400.000000, 7136400.000000, 0.000000
3040100.000000, 3040100.000000, 0.000000
2573260.000000, 2573260.000000, 0.000000
1584180.000000, 1584180.000000, 0.000000
3479870.000000, 3479870.000000, 0.000000
1613680.000000, 1613680.000000, 0.000000
642361.000000, 642361.000000, 0.000000
12849600.000000, 12849600.000000, 0.000000
3511320.000000, 3511320.000000, 0.000000
1489250.000000, 1489250.000000, 0.000000
4168220.000000, 4168220.000000, 0.000000
2085540.000000, 2085540.000000, 0.000000
5786550.000000, 5786550.000000, 0.000000
5151210.000000, 5151210.000000, 0.000000
56458000.000000, 56458000.000000, 0.000000
45230300.000000, 45230300.000000, 0.000000
9789450.000000, 9789450.000000, 0.000000
5712770.000000, 5712770.000000, 0.000000
2977700.000000, 2977700.000000, 0.000000
2223820.000000, 2223820.000000, 0.000000
2189750.000000, 2189750.000000, 0.000000
3740060.000000, 3740060.000000, 0.000000
2107480.000000, 2107480.000000, 0.000000
23328600.000000, 23328600.000000, 0.000000
4643730.000000, 4643730.000000, 0.000000
11787500.000000, 11787500.000000, 0.000000
6249020.000000, 6249020.000000, 0.000000
9493160.000000, 9493160.000000, 0.000000
5190500.000000, 5190500.000000, 0.000000
5408910.000000, 5408910.000000, 0.000000
4789140.000000, 4789140.000000, 0.000000
5931330.000000, 5931330.000000, 0.000000
6811760.000000, 6811760.000000, 0.000000
2795840.000000, 2795840.000000, 0.000000
1796770.000000, 1796770.000000, 0.000000
1211560.000000, 1211560.000000, 0.000000
1923860.000000, 1923860.000000, 0.000000
6338390.000000, 6338390.000000, 0.000000
82726900.000000, 82726900.000000, 0.000000
719533.000000, 719533.000000, 0.000000
18772800.000000, 18772800.000000, 0.000000
1365820.000000, 1365820.000000, 0.000000
5068200.000000, 5068200.000000, 0.000000
2433680.000000, 2433680.000000, 0.000000
33549800.000000, 33549800.000000, 0.000000
17360500.000000, 17360500.000000, 0.000000
3401500.000000, 3401500.000000, 0.000000
5406600.000000, 5406600.000000, 0.000000
3288110.000000, 3288110.000000, 0.000000
25418500.000000, 25418500.000000, 0.000000
22194500.000000, 22194500.000000, 0.000000
2770540.000000, 2770540.000000, 0.000000
1433400.000000, 1433400.000000, 0.000000
4773980.000000, 4773980.000000, 0.000000
43941000.000000, 43941000.000000, 0.000000
7734960.000000, 7734960.000000, 0.000000
5277500.000000, 5277500.000000, 0.000000
17589300.000000, 17589300.000000, 0.000000
3201160.000000, 3201160.000000, 0.000000
3141350.000000, 3141350.000000, 0.000000
2131010.000000, 2131010.000000, 0.000000
2756020.000000, 2756020.000000, 0.000000
9419310.000000, 9419310.000000, 0.000000
19151300.000000, 19151300.000000, 0.000000
18717600.000000, 18717600.000000, 0.000000
57816700.000000, 57816700.000000, 0.000000
5762970.000000, 5762970.000000, 0.000000
7883290.000000, 7883290.000000, 0.000000
8329800.000000, 8329800.000000, 0.000000
2446950.000000, 2446950.000000, 0.000000
5439100.000000, 5439100.000000, 0.000000
19382000.000000, 19382000.000000, 0.000000
32793300.000000, 32793300.000000, 0.000000
5291780.000000, 5291780.000000, 0.000000
5240840.000000, 5240840.000000, 0.000000
48414700.000000, 48414700.000000, 0.000000
15903700.000000, 15903700.000000, 0.000000
10918700.000000, 10918700.000000, 0.000000
12588000.000000, 12588000.000000, 0.000000
6370550.000000, 6370550.000000, 0.000000
12631100.000000, 12631100.000000, 0.000000
24031000.000000, 24031000.000000, 0.000000
1332290.000000, 1332290.000000, 0.000000
15273200.000000, 15273200.000000, 0.000000
81737700.000000, 81737700.000000, 0.000000
59501900.000000, 59501900.000000, 0.000000
5711250.000000, 5711250.000000, 0.000000
11569000.000000, 11569000.000000, 0.000000
24327400.000000, 24327400.000000, 0.000000
3889840.000000, 3889840.000000, 0.000000
1716530.000000, 1716530.000000, 0.000000
16353500.000000, 16353500.000000, 0.000000
19179400.000000, 19179400.000000, 0.000000
12914400.000000, 12914400.000000, 0.000000
10700300.000000, 10700300.000000, 0.000000
8544920.000000, 8544920.000000, 0.000000
18258000.000000, 18258000.000000, 0.000000
6963470.000000, 6963470.000000, 0.000000
3617700.000000, 3617700.000000, 0.000000
23473100.000000, 23473100.000000, 0.000000
23708600.000000, 23708600.000000, 0.000000
4646100.000000, 4646100.000000, 0.000000
21335600.000000, 21335600.000000, 0.000000
18183000.000000, 18183000.000000, 0.000000
17735500.000000, 17735500.000000, 0.000000
7640130.000000, 7640130.000000, 0.000000
45979500.000000, 45979500.000000, 0.000000
4682790.000000, 4682790.000000, 0.000000
18671900.000000, 18671900.000000, 0.000000
23585600.000000, 23585600.000000, 0.000000
16320400.000000, 16320400.000000, 0.000000
13862100.000000, 13862100.000000, 0.000000
29567400.000000, 29567400.000000, 0.000000
30148300.000000, 30148300.000000, 0.000000
1238120.000000, 1238120.000000, 0.000000
7742030.000000, 7742030.000000, 0.000000
11785100.000000, 11785100.000000, 0.000000
5997100.000000, 5997100.000000, 0.000000
21654600.000000, 21654600.000000, 0.000000
44053600.000000, 44053600.000000, 0.000000
7519170.000000, 7519170.000000, 0.000000
13217000.000000, 13217000.000000, 0.000000
9924630.000000, 9924630.000000, 0.000000
8595980.000000, 8595980.000000, 0.000000
9141210.000000, 9141210.000000, 0.000000
6405560.000000, 6405560.000000, 0.000000
1836630.000000, 1836630.000000, 0.000000
7488940.000000, 7488940.000000, 0.000000
1041060.000000, 1041060.000000, 0.000000
8103890.000000, 8103890.000000, 0.000000
4790590.000000, 4790590.000000, 0.000000
10066200.000000, 10066200.000000, 0.000000
18047300.000000, 18047300.000000, 0.000000
41708400.000000, 41708400.000000, 0.000000
11132900.000000, 11132900.000000, 0.000000
3755790.000000, 3755790.000000, 0.000000
6020620.000000, 6020620.000000, 0.000000
3471190.000000, 3471190.000000, 0.000000
1884790.000000, 1884790.000000, 0.000000
35882400.000000, 35882400.000000, 0.000000
11018300.000000, 11018300.000000, 0.000000
4254330.000000, 4254330.000000, 0.000000
12952400.000000, 12952400.000000, 0.000000
9990970.000000, 9990970.000000, 0.000000
12372000.000000, 12372000.000000, 0.000000
20561000.000000, 20561000.000000, 0.000000
3300390.000000, 3300390.000000, 0.000000
3995450.000000, 3995450.000000, 0.000000
12398100.000000, 12398100.000000, 0.000000
5699520.000000, 5699520.000000, 0.000000
6808340.000000, 6808340.000000, 0.000000
3608880.000000, 3608880.000000, 0.000000
15742700.000000, 15742700.000000, 0.000000
11622700.000000, 11622700.000000, 0.000000
9476430.000000, 9476430.000000, 0.000000
4948940.000000, 4948940.000000, 0.000000
11516600.000000, 11516600.000000, 0.000000
14157800.000000, 14157800.000000, 0.000000
8785080.000000, 8785080.000000, 0.000000
7498370.000000, 7498370.000000, 0.000000
3108370.000000, 3108370.000000, 0.000000
11406500.000000, 11406500.000000, 0.000000
17145100.000000, 17145100.000000, 0.000000
17203300.000000, 17203300.000000, 0.000000
6894590.000000, 6894590.000000, 0.000000
3600140.000000, 3600140.000000, 0.000000
16186200.000000, 16186200.000000, 0.000000
6048910.000000, 6048910.000000, 0.000000
15444900.000000, 15444900.000000, 0.000000
4281970.000000, 4281970.000000, 0.000000
23058500.000000, 23058500.000000, 0.000000
2903910.000000, 2903910.000000, 0.000000
11113300.000000, 11113300.000000, 0.000000
24482800.000000, 24482800.000000, 0.000000
24331300.000000, 24331300.000000, 0.000000
26284500.000000, 26284500.000000, 0.000000
16976700.000000, 16976700.000000, 0.000000
11743900.000000, 11743900.000000, 0.000000
7440260.000000, 7440260.000000, 0.000000
23096200.000000, 23096200.000000, 0.000000
7044280.000000, 7044280.000000, 0.000000
7980610.000000, 7980610.000000, 0.000000
9726570.000000, 9726570.000000, 0.000000
5971410.000000, 5971410.000000, 0.000000
11054900.000000, 11054900.000000, 0.000000
8415470.000000, 8415470.000000, 0.000000
33057100.000000, 33057100.000000, 0.000000
24640800.000000, 24640800.000000, 0.000000
14604300.000000, 14604300.000000, 0.000000
16084100.000000, 16084100.000000, 0.000000
22685000.000000, 22685000.000000, 0.000000
24161100.000000, 24161100.000000, 0.000000
9650880.000000, 9650880.000000, 0.000000
13122500.000000, 13122500.000000, 0.000000
12556500.000000, 12556500.000000, 0.000000
70616400.000000, 70616400.000000, 0.000000
8038560.000000, 8038560.000000, 0.000000
14044300.000000, 14044300.000000, 0.000000
31590300.000000, 31590300.000000, 0.000000
6168980.000000, 6168980.000000, 0.000000
8416950.000000, 8416950.000000, 0.000000
9150530.000000, 9150530.000000, 0.000000
28207300.000000, 28207300.000000, 0.000000
6868000.000000, 6868000.000000, 0.000000
4813320.000000, 4813320.000000, 0.000000
24078400.000000, 24078400.000000, 0.000000
48187800.000000, 48187800.000000, 0.000000
12736900.000000, 12736900.000000, 0.000000
16936100.000000, 16936100.000000, 0.000000
5613270.000000, 5613270.000000, 0.000000
13541700.000000, 13541700.000000, 0.000000
3189490.000000, 3189490.000000, 0.000000
17678700.000000, 17678700.000000, 0.000000
3988360.000000, 3988360.000000, 0.000000
2688340.000000, 2688340.000000, 0.000000
16227200.000000, 16227200.000000, 0.000000
13330300.000000, 13330300.000000, 0.000000
17373400.000000, 17373400.000000, 0.000000
56923700.000000, 56923700.000000, 0.000000
11696700.000000, 11696700.000000, 0.000000
14070400.000000, 14070400.000000, 0.000000
6554910.000000, 6554910.000000, 0.000000
2704250.000000, 2704250.000000, 0.000000
11316900.000000, 11316900.000000, 0.000000
18363100.000000, 18363100.000000, 0.000000
3866450.000000, 3866450.000000, 0.000000
15935600.000000, 15935600.000000, 0.000000
7171500.000000, 7171500.000000, 0.000000
4446290.000000, 4446290.000000, 0.000000
7566580.000000, 7566580.000000, 0.000000
6979120.000000, 6979120.000000, 0.000000
15334400.000000, 15334400.000000, 0.000000
19106300.000000, 19106300.000000, 0.000000
46837600.000000, 46837600.000000, 0.000000
7392190.000000, 7392190.000000, 0.000000
3836650.000000, 3836650.000000, 0.000000
50492500.000000, 50492500.000000, 0.000000
17367700.000000, 17367700.000000, 0.000000
12169700.000000, 12169700.000000, 0.000000
28895700.000000, 28895700.000000, 0.000000
2765700.000000, 2765700.000000, 0.000000
21522500.000000, 21522500.000000, 0.000000
2943850.000000, 2943850.000000, 0.000000
3862210.000000, 3862210.000000, 0.000000
14250700.000000, 14250700.000000, 0.000000
12051200.000000, 12051200.000000, 0.000000
4645900.000000, 4645900.000000, 0.000000
2329090.000000, 2329090.000000, 0.000000
8375510.000000, 8375510.000000, 0.000000
14548800.000000, 14548800.000000, 0.000000
15208000.000000, 15208000.000000, 0.000000
48558800.000000, 48558800.000000, 0.000000
20582100.000000, 20582100.000000, 0.000000
35378700.000000, 35378700.000000, 0.000000
4144420.000000, 4144420.000000, 0.000000
16593100.000000, 16593100.000000, 0.000000
12187000.000000, 12187000.000000, 0.000000
14167500.000000, 14167500.000000, 0.000000
22006900.000000, 22006900.000000, 0.000000
3430180.000000, 3430180.000000, 0.000000
9849750.000000, 9849750.000000, 0.000000
4956320.000000, 4956320.000000, 0.000000
28474800.000000, 28474800.000000, 0.000000
17590100.000000, 17590100.000000, 0.000000
5220380.000000, 5220380.000000, 0.000000
4475240.000000, 4475240.000000, 0.000000
10716000.000000, 10716000.000000, 0.000000
5394140.000000, 5394140.000000, 0.000000
14093100.000000, 14093100.000000, 0.000000
16111100.000000, 16111100.000000, 0.000000
6021540.000000, 6021540.000000, 0.000000
9860570.000000, 9860570.000000, 0.000000
36838700.000000, 36838700.000000, 0.000000
9462500.000000, 9462500.000000, 0.000000
6880670.000000, 6880670.000000, 0.000000
17321300.000000, 17321300.000000, 0.000000
12718600.000000, 12718600.000000, 0.000000
14798400.000000, 14798400.000000, 0.000000
4106220.000000, 4106220.000000, 0.000000
3193810.000000, 3193810.000000, 0.000000
10507000.000000, 10507000.000000, 0.000000
4938990.000000, 4938990.000000, 0.000000
11117100.000000, 11117100.000000, 0.000000
5812990.000000, 5812990.000000, 0.000000
6278320.000000, 6278320.000000, 0.000000
34319500.000000, 34319500.000000, 0.000000
18146200.000000, 18146200.000000, 0.000000
11343900.000000, 11343900.000000, 0.000000
10150600.000000, 10150600.000000, 0.000000
9981740.000000, 9981740.000000, 0.000000
14986300.000000, 14986300.000000, 0.000000
8858540.000000, 8858540.000000, 0.000000
5373060.000000, 5373060.000000, 0.000000
531598.000000, 531598.000000, 0.000000
8267540.000000, 8267540.000000, 0.000000
6383940.000000, 6383940.000000, 0.000000
5163910.000000, 5163910.000000, 0.000000
2691030.000000, 2691030.000000, 0.000000
5436010.000000, 5436010.000000, 0.000000
4886180.000000, 4886180.000000, 0.000000
42899000.000000, 42899000.000000, 0.000000
9569930.000000, 9569930.000000, 0.000000
16868300.000000, 16868300.000000, 0.000000
7003300.000000, 7003300.000000, 0.000000
19921700.000000, 19921700.000000, 0.000000
10357200.000000, 10357200.000000, 0.000000
3906400.000000, 3906400.000000, 0.000000
9057790.000000, 9057790.000000, 0.000000
4693300.000000, 4693300.000000, 0.000000
15306400.000000, 15306400.000000, 0.000000
8671620.000000, 8671620.000000, 0.000000
7467130.000000, 7467130.000000, 0.000000
7993120.000000, 7993120.000000, 0.000000
8044030.000000, 8044030.000000, 0.000000
981295.000000, 981295.000000, 0.000000
19798300.000000, 19798300.000000, 0.000000
6312170.000000, 6312170.000000, 0.000000
22953900.000000, 22953900.000000, 0.000000
17214100.000000, 17214100.000000, 0.000000
35120900.000000, 35120900.000000, 0.000000
12793000.000000, 12793000.000000, 0.000000
14587900.000000, 14587900.000000, 0.000000
7767540.000000, 7767540.000000, 0.000000
8181950.000000, 8181950.000000, 0.000000
11648900.000000, 11648900.000000, 0.000000
19096900.000000, 19096900.000000, 0.000000
3122540.000000, 3122540.000000, 0.000000
17569600.000000, 17569600.000000, 0.000000
6842900.000000, 6842900.000000, 0.000000
3450230.000000, 3450230.000000, 0.000000
4644820.000000, 4644820.000000, 0.000000
10335600.000000, 10335600.000000, 0.000000
3592920.000000, 3592920.000000, 0.000000
7219480.000000, 7219480.000000, 0.000000
1465980.000000, 1465980.000000, 0.000000
593909.000000, 593909.000000, 0.000000
958688.000000, 958688.000000, 0.000000
15073400.000000, 15073400.000000, 0.000000
14522400.000000, 14522400.000000, 0.000000
7128720.000000, 7128720.000000, 0.000000
2968010.000000, 2968010.000000, 0.000000
12078800.000000, 12078800.000000, 0.000000
9976880.000000, 9976880.000000, 0.000000
8827660.000000, 8827660.000000, 0.000000
28728300.000000, 28728300.000000, 0.000000
6525630.000000, 6525630.000000, 0.000000
13879800.000000, 13879800.000000, 0.000000
5756810.000000, 5756810.000000, 0.000000
6686120.000000, 6686120.000000, 0.000000
23829500.000000, 23829500.000000, 0.000000
6291970.000000, 6291970.000000, 0.000000
27612700.000000, 27612700.000000, 0.000000
12000900.000000, 12000900.000000, 0.000000
3086890.000000, 3086890.000000, 0.000000
5145360.000000, 5145360.000000, 0.000000
16612400.000000, 16612400.000000, 0.000000
3586660.000000, 3586660.000000, 0.000000
42958300.000000, 42958300.000000, 0.000000
13228700.000000, 13228700.000000, 0.000000
27729200.000000, 27729200.000000, 0.000000
15468500.000000, 15468500.000000, 0.000000
22551700.000000, 22551700.000000, 0.000000
12020000.000000, 12020000.000000, 0.000000
3375730.000000, 3375730.000000, 0.000000
15771800.000000, 15771800.000000, 0.000000
5429370.000000, 5429370.000000, 0.000000
16820700.000000, 16820700.000000, 0.000000
17160200.000000, 17160200.000000, 0.000000
25014100.000000, 25014100.000000, 0.000000
10776800.000000, 10776800.000000, 0.000000
3693480.000000, 3693480.000000, 0.000000
35053600.000000, 35053600.000000, 0.000000
4508020.000000, 4508020.000000, 0.000000
14968100.000000, 14968100.000000, 0.000000
12861400.000000, 12861400.000000, 0.000000
7083240.000000, 7083240.000000, 0.000000
26096900.000000, 26096900.000000, 0.000000
80175800.000000, 80175800.000000, 0.000000
15062400.000000, 15062400.000000, 0.000000
16920800.000000, 16920800.000000, 0.000000
5992800.000000, 5992800.000000, 0.000000
17826500.000000, 17826500.000000, 0.000000
774931.000000, 774931.000000, 0.000000
17817100.000000, 17817100.000000, 0.000000
3640410.000000, 3640410.000000, 0.000000
4129280.000000, 4129280.000000, 0.000000
17662600.000000, 17662600.000000, 0.000000
2398200.000000, 2398200.000000, 0.000000
12393600.000000, 12393600.000000, 0.000000
6214240.000000, 6214240.000000, 0.000000
3251850.000000, 3251850.000000, 0.000000
5153860.000000, 5153860.000000, 0.000000
2063480.000000, 2063480.000000, 0.000000
9845520.000000, 9845520.000000, 0.000000
19041400.000000, 19041400.000000, 0.000000
15645100.000000, 15645100.000000, 0.000000
26081500.000000, 26081500.000000, 0.000000
1629150.000000, 1629150.000000, 0.000000
1881780.000000, 1881780.000000, 0.000000
2788020.000000, 2788020.000000, 0.000000
5267870.000000, 5267870.000000, 0.000000
14688900.000000, 14688900.000000, 0.000000
2675180.000000, 2675180.000000, 0.000000
3387780.000000, 3387780.000000, 0.000000
7166120.000000, 7166120.000000, 0.000000
10340000.000000, 10340000.000000, 0.000000
8758790.000000, 8758790.000000, 0.000000
12808700.000000, 12808700.000000, 0.000000
20139100.000000, 20139100.000000, 0.000000
3376350.000000, 3376350.000000, 0.000000
1317540.000000, 1317540.000000, 0.000000
5648080.000000, 5648080.000000, 0.000000
20667500.000000, 20667500.000000, 0.000000
14436300.000000, 14436300.000000, 0.000000
25480800.000000, 25480800.000000, 0.000000
2165490.000000, 2165490.000000, 0.000000
20871000.000000, 20871000.000000, 0.000000
24397900.000000, 24397900.000000, 0.000000
7701000.000000, 7701000.000000, 0.000000
44363600.000000, 44363600.000000, 0.000000
2545950.000000, 2545950.000000, 0.000000
2804720.000000, 2804720.000000, 0.000000
4846330.000000, 4846330.000000, 0.000000
4317880.000000, 4317880.000000, 0.000000
4597160.000000, 4597160.000000, 0.000000
2911070.000000, 2911070.000000, 0.000000
7017850.000000, 7017850.000000, 0.000000
14791300.000000, 14791300.000000, 0.000000
15105300.000000, 15105300.000000, 0.000000
4072900.000000, 4072900.000000, 0.000000
8523460.000000, 8523460.000000, 0.000000
2469780.000000, 2469780.000000, 0.000000
5771140.000000, 5771140.000000, 0.000000
7613910.000000, 7613910.000000, 0.000000
12628600.000000, 12628600.000000, 0.000000
13889200.000000, 13889200.000000, 0.000000
9250960.000000, 9250960.000000, 0.000000
2672480.000000, 2672480.000000, 0.000000
15672900.000000, 15672900.000000, 0.000000
18056600.000000, 18056600.000000, 0.000000
905498.000000, 905498.000000, 0.000000
3673630.000000, 3673630.000000, 0.000000
11481000.000000, 11481000.000000, 0.000000
12836800.000000, 12836800.000000, 0.000000
5329680.000000, 5329680.000000, 0.000000
9350130.000000, 9350130.000000, 0.000000
4204470.000000, 4204470.000000, 0.000000
6469650.000000, 6469650.000000, 0.000000
14591500.000000, 14591500.000000, 0.000000
13318300.000000, 13318300.000000, 0.000000
8852410.000000, 8852410.000000, 0.000000
40804800.000000, 40804800.000000, 0.000000
8835930.000000, 8835930.000000, 0.000000
totaldiff=0.0000000000, sz=2826, average absolute error value:0.0000000000
totaldiff=0.0000000000, sz=2826, average relative error rate:0.0000000000
