cfgFile=sz.config
[SZ] Reading SZ configuration file (sz.config) ...
50029
52316
25934
22863
4277
9821
44321
35010
13689
13602
41131
50846
48165
51864
11574
17841
10837
10704
15133
23019
51848
2718
6874
25820
15074
50342
22321
57019
24052
29501
34459
12862
19443
22950
42846
23351
40028
48448
46403
1744
56364
61779
50647
43638
40106
341
20854
29033
62617
50547
63924
33349
15125
1732
64415
47665
1017
61989
65358
6225
56959
39485
26306
46871
6795
21308
6334
36775
32873
29738
34586
24459
57069
24089
13462
48336
37910
22532
27231
38341
37692
31240
14907
46270
34423
63660
39526
52973
55036
25426
59265
62763
41734
12281
44158
22159
29056
25559
49549
23350
40381
23813
54421
50717
36586
5392
54568
59051
1678
61700
9293
11368
773
34560
33227
40915
38555
12802
61397
53726
55022
13505
44078
51901
23596
33870
29692
51036
8218
52121
43163
16369
33044
43821
28697
57471
16992
23382
27728
23303
46200
36540
25161
44191
16020
61609
765
35693
46897
63847
3750
48178
49438
16930
9391
59915
19031
27955
55274
19755
5561
2993
44027
29597
8655
43957
27143
34762
42034
18661
56003
37849
6189
58142
53299
48906
11292
62964
3174
40237
54594
4846
42196
53101
10090
54088
3619
9170
30502
56980
60861
53628
4930
43421
10877
7634
55899
14028
23843
45473
34070
34114
54625
15672
59236
29648
53506
1932
55291
40871
19603
41814
259
37805
30313
39778
65499
45293
64281
3050
17698
30822
5106
60101
40119
9520
27890
31547
19920
31654
64569
40092
10947
50885
27110
11321
21347
43140
58595
41329
40055
43360
59909
62963
35461
17081
26781
7010
10663
13972
56209
56708
10669
44607
35207
13996
22825
30713
31994
45995
44718
24303
53335
27210
45949
53288
338
28268
42585
57728
7772
2354
15036
10362
12883
11950
2286
43025
32990
17741
17405
55944
42842
5337
62545
44869
21571
64589
27595
42233
49360
24062
34000
16366
52540
61069
33353
53164
34508
22015
38993
37842
61981
56798
50427
1165
6940
47291
46290
6509
37563
14909
41038
46139
42899
38004
64845
31828
11690
38499
27850
53472
63519
44659
41338
60080
55566
9848
17341
17176
8044
62888
53613
59157
64957
53753
58673
35593
23809
41583
51596
65533
33870
17863
45011
64202
47671
6843
16123
40097
3890
57115
24888
26649
7211
62882
13016
12363
7575
30641
19442
33246
10643
58974
58190
54389
51873
60720
23722
52348
60075
44314
37700
51338
58192
3506
36602
48014
59375
57084
34347
56953
31102
45122
64452
37068
58161
58233
26647
60354
55296
47403
56502
39439
32759
63736
51128
5762
19523
10161
63851
22045
18433
59705
24489
13811
51398
52393
64347
62652
60216
61655
61705
31092
42206
64443
49694
55636
4389
25247
22571
59043
20352
47020
64585
35937
62534
54869
355
6917
57101
4760
26815
48702
84
32856
49384
3363
52725
63931
38044
34918
45434
35758
38345
43736
60205
31991
47596
2818
899
45446
44986
20961
13347
50444
49687
27052
13498
4247
18811
7841
19962
29830
2055
19558
28968
8156
14213
12247
3600
20624
8051
28692
60197
49971
22175
5674
18275
34309
56335
59035
27676
1044
60014
19148
30875
54591
9479
45547
37923
33080
26670
2130
11374
39426
3090
31953
36417
35758
22423
39355
44654
25947
44199
4278
23640
4518
14953
31225
24222
23541
30376
40015
59192
22639
14101
18442
5571
61290
36695
51725
5203
40080
58818
5149
36506
46576
21884
19225
65533
23755
4024
16416
43412
11365
23043
7726
50475
43889
15128
47623
47366
44457
27973
29713
44642
37760
17736
26474
52756
4891
31527
39047
40000
12288
53970
39849
50497
8392
6248
56287
35411
51687
29601
24540
59810
41636
13799
25028
50226
32497
4158
53529
60548
55246
545
51623
37579
40018
25643
20197
12254
18035
14015
20057
20019
4811
5019
53357
26280
14840
32378
7429
63484
57114
60189
46497
39927
16080
52626
48705
59242
5817
33845
41307
29770
6384
55478
52612
621
20101
24626
47867
53505
15175
7111
51010
54245
42374
61751
29038
8380
1769
58425
55911
30363
3023
54263
48132
32121
5258
47930
36280
20876
50443
54553
21777
30560
12301
62704
29194
51939
12011
8735
33655
20222
27021
47362
53045
60
29101
61824
27193
19986
7895
23590
62814
5901
23920
57991
24214
47141
60608
37487
40533
56419
47193
44832
32552
48355
10973
21397
21850
16959
32730
20961
31073
2203
61115
59181
34267
29919
62458
30740
62543
35699
41468
25157
19507
49855
39995
28272
13103
31537
5860
24260
8147
50692
48580
64193
37641
3752
40358
49869
51089
41788
15759
2941
40808
50345
18689
13952
18250
35464
57933
29839
19008
12606
36892
38505
28400
45368
19447
21783
23406
23870
52517
23690
7161
38703
34999
3699
3407
64779
38323
45700
12333
24013
62466
19748
13612
22025
18214
23171
25368
25169
14694
55670
60939
39368
16779
56471
60998
58743
28853
10180
51519
45798
14042
9365
25218
13697
22580
47752
22981
22394
61640
135
65315
31711
60959
45882
54208
13939
45881
62893
42745
49533
21223
11141
64340
28094
31165
18646
21898
55172
41337
10502
37263
36589
57743
49642
34774
61485
27234
63835
46414
62354
7669
24625
35778
27213
7122
62178
59026
51083
40928
25490
11300
57565
30219
1368
19529
12174
46440
35793
40427
11487
10569
17093
57018
50862
40550
14850
36484
6641
48441
35800
36410
22700
20765
46715
51422
60611
57992
61076
47252
62009
52508
39185
17842
47108
45735
12702
12971
58139
44641
33169
59112
35180
8392
55592
26925
15386
50008
41460
17227
61408
58479
52293
12521
43130
39899
15591
24086
39320
54999
1576
28115
174
36941
33903
60711
14159
10796
timecost, 0.005886, seconds
done
22400
14758
sz compression ratio, 1.52 
timecost, 0.000206, second
done
Max absolute error = 0
Max relative error = 0
Max pw_relative err = 0
./inputdata/small/eddy_cr.dat, ./inputdata/small/eddy_cr.dat.sz.out, 2800
size of double: 8
15687700.000000, 15687700.000000, 0.000000
1642100.000000, 1642100.000000, 0.000000
752847.000000, 752847.000000, 0.000000
7787050.000000, 7787050.000000, 0.000000
10276400.000000, 10276400.000000, 0.000000
2375690.000000, 2375690.000000, 0.000000
15903600.000000, 15903600.000000, 0.000000
1230980.000000, 1230980.000000, 0.000000
2509960.000000, 2509960.000000, 0.000000
2621970.000000, 2621970.000000, 0.000000
5172460.000000, 5172460.000000, 0.000000
5217050.000000, 5217050.000000, 0.000000
4765660.000000, 4765660.000000, 0.000000
1062760.000000, 1062760.000000, 0.000000
2368400.000000, 2368400.000000, 0.000000
28695800.000000, 28695800.000000, 0.000000
3159250.000000, 3159250.000000, 0.000000
1961430.000000, 1961430.000000, 0.000000
3959270.000000, 3959270.000000, 0.000000
1073320.000000, 1073320.000000, 0.000000
8831450.000000, 8831450.000000, 0.000000
1421000.000000, 1421000.000000, 0.000000
6351280.000000, 6351280.000000, 0.000000
3758620.000000, 3758620.000000, 0.000000
1424880.000000, 1424880.000000, 0.000000
2784780.000000, 2784780.000000, 0.000000
6872840.000000, 6872840.000000, 0.000000
832639.000000, 832639.000000, 0.000000
1896990.000000, 1896990.000000, 0.000000
3254560.000000, 3254560.000000, 0.000000
1055530.000000, 1055530.000000, 0.000000
29561200.000000, 29561200.000000, 0.000000
1388510.000000, 1388510.000000, 0.000000
29170100.000000, 29170100.000000, 0.000000
1407080.000000, 1407080.000000, 0.000000
1627650.000000, 1627650.000000, 0.000000
4104690.000000, 4104690.000000, 0.000000
3358210.000000, 3358210.000000, 0.000000
901918.000000, 901918.000000, 0.000000
49802500.000000, 49802500.000000, 0.000000
1901870.000000, 1901870.000000, 0.000000
1685370.000000, 1685370.000000, 0.000000
3421190.000000, 3421190.000000, 0.000000
1774450.000000, 1774450.000000, 0.000000
991001.000000, 991001.000000, 0.000000
7017560.000000, 7017560.000000, 0.000000
1312110.000000, 1312110.000000, 0.000000
7715220.000000, 7715220.000000, 0.000000
14012400.000000, 14012400.000000, 0.000000
41950900.000000, 41950900.000000, 0.000000
29857300.000000, 29857300.000000, 0.000000
15522600.000000, 15522600.000000, 0.000000
5304930.000000, 5304930.000000, 0.000000
5786550.000000, 5786550.000000, 0.000000
1204320.000000, 1204320.000000, 0.000000
786954.000000, 786954.000000, 0.000000
3643830.000000, 3643830.000000, 0.000000
15948800.000000, 15948800.000000, 0.000000
5151210.000000, 5151210.000000, 0.000000
70011000.000000, 70011000.000000, 0.000000
7809820.000000, 7809820.000000, 0.000000
9670920.000000, 9670920.000000, 0.000000
6989180.000000, 6989180.000000, 0.000000
5202590.000000, 5202590.000000, 0.000000
3262480.000000, 3262480.000000, 0.000000
3833160.000000, 3833160.000000, 0.000000
1692920.000000, 1692920.000000, 0.000000
783626.000000, 783626.000000, 0.000000
20126200.000000, 20126200.000000, 0.000000
2244780.000000, 2244780.000000, 0.000000
4769730.000000, 4769730.000000, 0.000000
3619470.000000, 3619470.000000, 0.000000
1076120.000000, 1076120.000000, 0.000000
31072100.000000, 31072100.000000, 0.000000
9566010.000000, 9566010.000000, 0.000000
4325400.000000, 4325400.000000, 0.000000
5042420.000000, 5042420.000000, 0.000000
1373950.000000, 1373950.000000, 0.000000
3577860.000000, 3577860.000000, 0.000000
1841280.000000, 1841280.000000, 0.000000
4635490.000000, 4635490.000000, 0.000000
2987720.000000, 2987720.000000, 0.000000
5893780.000000, 5893780.000000, 0.000000
6060650.000000, 6060650.000000, 0.000000
2309800.000000, 2309800.000000, 0.000000
3556890.000000, 3556890.000000, 0.000000
3147340.000000, 3147340.000000, 0.000000
3310580.000000, 3310580.000000, 0.000000
1792290.000000, 1792290.000000, 0.000000
2226050.000000, 2226050.000000, 0.000000
1703080.000000, 1703080.000000, 0.000000
5192590.000000, 5192590.000000, 0.000000
3590020.000000, 3590020.000000, 0.000000
1545840.000000, 1545840.000000, 0.000000
1852940.000000, 1852940.000000, 0.000000
1043990.000000, 1043990.000000, 0.000000
5031920.000000, 5031920.000000, 0.000000
8560920.000000, 8560920.000000, 0.000000
33411700.000000, 33411700.000000, 0.000000
5494930.000000, 5494930.000000, 0.000000
2282640.000000, 2282640.000000, 0.000000
2679170.000000, 2679170.000000, 0.000000
4948860.000000, 4948860.000000, 0.000000
1613510.000000, 1613510.000000, 0.000000
1751990.000000, 1751990.000000, 0.000000
1018650.000000, 1018650.000000, 0.000000
1487600.000000, 1487600.000000, 0.000000
2899200.000000, 2899200.000000, 0.000000
7780360.000000, 7780360.000000, 0.000000
2958720.000000, 2958720.000000, 0.000000
2880310.000000, 2880310.000000, 0.000000
7060470.000000, 7060470.000000, 0.000000
4164730.000000, 4164730.000000, 0.000000
14970500.000000, 14970500.000000, 0.000000
2194490.000000, 2194490.000000, 0.000000
5087250.000000, 5087250.000000, 0.000000
2511990.000000, 2511990.000000, 0.000000
2366680.000000, 2366680.000000, 0.000000
2452430.000000, 2452430.000000, 0.000000
10867400.000000, 10867400.000000, 0.000000
5265980.000000, 5265980.000000, 0.000000
2934210.000000, 2934210.000000, 0.000000
10747100.000000, 10747100.000000, 0.000000
3639780.000000, 3639780.000000, 0.000000
2000530.000000, 2000530.000000, 0.000000
6129280.000000, 6129280.000000, 0.000000
2023930.000000, 2023930.000000, 0.000000
1821350.000000, 1821350.000000, 0.000000
1659130.000000, 1659130.000000, 0.000000
2422450.000000, 2422450.000000, 0.000000
18734300.000000, 18734300.000000, 0.000000
1696740.000000, 1696740.000000, 0.000000
8991800.000000, 8991800.000000, 0.000000
7146100.000000, 7146100.000000, 0.000000
909326.000000, 909326.000000, 0.000000
1394110.000000, 1394110.000000, 0.000000
31807700.000000, 31807700.000000, 0.000000
8103530.000000, 8103530.000000, 0.000000
2239400.000000, 2239400.000000, 0.000000
4287340.000000, 4287340.000000, 0.000000
3643570.000000, 3643570.000000, 0.000000
2656370.000000, 2656370.000000, 0.000000
11877000.000000, 11877000.000000, 0.000000
1415460.000000, 1415460.000000, 0.000000
2232150.000000, 2232150.000000, 0.000000
1079320.000000, 1079320.000000, 0.000000
2609670.000000, 2609670.000000, 0.000000
1947890.000000, 1947890.000000, 0.000000
6056160.000000, 6056160.000000, 0.000000
2335380.000000, 2335380.000000, 0.000000
4136090.000000, 4136090.000000, 0.000000
1430960.000000, 1430960.000000, 0.000000
1485420.000000, 1485420.000000, 0.000000
8077570.000000, 8077570.000000, 0.000000
5407250.000000, 5407250.000000, 0.000000
1199970.000000, 1199970.000000, 0.000000
5291650.000000, 5291650.000000, 0.000000
2981180.000000, 2981180.000000, 0.000000
5990750.000000, 5990750.000000, 0.000000
2822340.000000, 2822340.000000, 0.000000
3252730.000000, 3252730.000000, 0.000000
2151210.000000, 2151210.000000, 0.000000
31945200.000000, 31945200.000000, 0.000000
12719200.000000, 12719200.000000, 0.000000
4580720.000000, 4580720.000000, 0.000000
3255920.000000, 3255920.000000, 0.000000
12952400.000000, 12952400.000000, 0.000000
12434000.000000, 12434000.000000, 0.000000
18828100.000000, 18828100.000000, 0.000000
14279300.000000, 14279300.000000, 0.000000
8925510.000000, 8925510.000000, 0.000000
19652400.000000, 19652400.000000, 0.000000
30730500.000000, 30730500.000000, 0.000000
5119170.000000, 5119170.000000, 0.000000
7167350.000000, 7167350.000000, 0.000000
15468600.000000, 15468600.000000, 0.000000
15368400.000000, 15368400.000000, 0.000000
19538100.000000, 19538100.000000, 0.000000
6325680.000000, 6325680.000000, 0.000000
7529030.000000, 7529030.000000, 0.000000
11595600.000000, 11595600.000000, 0.000000
27972300.000000, 27972300.000000, 0.000000
20108900.000000, 20108900.000000, 0.000000
23401000.000000, 23401000.000000, 0.000000
25131600.000000, 25131600.000000, 0.000000
13044600.000000, 13044600.000000, 0.000000
5957960.000000, 5957960.000000, 0.000000
5761680.000000, 5761680.000000, 0.000000
19397300.000000, 19397300.000000, 0.000000
11422100.000000, 11422100.000000, 0.000000
12638700.000000, 12638700.000000, 0.000000
10108700.000000, 10108700.000000, 0.000000
8591040.000000, 8591040.000000, 0.000000
7935650.000000, 7935650.000000, 0.000000
3891330.000000, 3891330.000000, 0.000000
37444000.000000, 37444000.000000, 0.000000
5356230.000000, 5356230.000000, 0.000000
6989940.000000, 6989940.000000, 0.000000
5648860.000000, 5648860.000000, 0.000000
8696290.000000, 8696290.000000, 0.000000
2800470.000000, 2800470.000000, 0.000000
16423700.000000, 16423700.000000, 0.000000
5236010.000000, 5236010.000000, 0.000000
4231440.000000, 4231440.000000, 0.000000
17699900.000000, 17699900.000000, 0.000000
7746390.000000, 7746390.000000, 0.000000
7235360.000000, 7235360.000000, 0.000000
9492350.000000, 9492350.000000, 0.000000
6530660.000000, 6530660.000000, 0.000000
12387300.000000, 12387300.000000, 0.000000
14308400.000000, 14308400.000000, 0.000000
7672650.000000, 7672650.000000, 0.000000
12021000.000000, 12021000.000000, 0.000000
7316460.000000, 7316460.000000, 0.000000
33943700.000000, 33943700.000000, 0.000000
18063500.000000, 18063500.000000, 0.000000
15169000.000000, 15169000.000000, 0.000000
8058290.000000, 8058290.000000, 0.000000
8675470.000000, 8675470.000000, 0.000000
10362000.000000, 10362000.000000, 0.000000
10861700.000000, 10861700.000000, 0.000000
3859130.000000, 3859130.000000, 0.000000
2879490.000000, 2879490.000000, 0.000000
12627200.000000, 12627200.000000, 0.000000
18317600.000000, 18317600.000000, 0.000000
7167840.000000, 7167840.000000, 0.000000
11655900.000000, 11655900.000000, 0.000000
19455600.000000, 19455600.000000, 0.000000
12597400.000000, 12597400.000000, 0.000000
21577300.000000, 21577300.000000, 0.000000
20612500.000000, 20612500.000000, 0.000000
10837400.000000, 10837400.000000, 0.000000
30108200.000000, 30108200.000000, 0.000000
7268010.000000, 7268010.000000, 0.000000
39427500.000000, 39427500.000000, 0.000000
44035900.000000, 44035900.000000, 0.000000
3833810.000000, 3833810.000000, 0.000000
16680100.000000, 16680100.000000, 0.000000
5239640.000000, 5239640.000000, 0.000000
14859400.000000, 14859400.000000, 0.000000
6390070.000000, 6390070.000000, 0.000000
6632190.000000, 6632190.000000, 0.000000
4345980.000000, 4345980.000000, 0.000000
5778770.000000, 5778770.000000, 0.000000
6077080.000000, 6077080.000000, 0.000000
8930480.000000, 8930480.000000, 0.000000
10117100.000000, 10117100.000000, 0.000000
9626840.000000, 9626840.000000, 0.000000
7796360.000000, 7796360.000000, 0.000000
15208000.000000, 15208000.000000, 0.000000
7462480.000000, 7462480.000000, 0.000000
18547900.000000, 18547900.000000, 0.000000
13853100.000000, 13853100.000000, 0.000000
8417380.000000, 8417380.000000, 0.000000
26462100.000000, 26462100.000000, 0.000000
13396300.000000, 13396300.000000, 0.000000
14973000.000000, 14973000.000000, 0.000000
3764160.000000, 3764160.000000, 0.000000
44670100.000000, 44670100.000000, 0.000000
11734400.000000, 11734400.000000, 0.000000
7374950.000000, 7374950.000000, 0.000000
33065700.000000, 33065700.000000, 0.000000
3853800.000000, 3853800.000000, 0.000000
2727350.000000, 2727350.000000, 0.000000
16220100.000000, 16220100.000000, 0.000000
8628520.000000, 8628520.000000, 0.000000
12492100.000000, 12492100.000000, 0.000000
13007900.000000, 13007900.000000, 0.000000
5754050.000000, 5754050.000000, 0.000000
16085600.000000, 16085600.000000, 0.000000
9951690.000000, 9951690.000000, 0.000000
10362400.000000, 10362400.000000, 0.000000
23087000.000000, 23087000.000000, 0.000000
11197100.000000, 11197100.000000, 0.000000
20662600.000000, 20662600.000000, 0.000000
7377230.000000, 7377230.000000, 0.000000
48558800.000000, 48558800.000000, 0.000000
25329800.000000, 25329800.000000, 0.000000
3131100.000000, 3131100.000000, 0.000000
16846900.000000, 16846900.000000, 0.000000
3781180.000000, 3781180.000000, 0.000000
4122050.000000, 4122050.000000, 0.000000
48879800.000000, 48879800.000000, 0.000000
3852460.000000, 3852460.000000, 0.000000
8515520.000000, 8515520.000000, 0.000000
11555900.000000, 11555900.000000, 0.000000
16571800.000000, 16571800.000000, 0.000000
10044500.000000, 10044500.000000, 0.000000
10105400.000000, 10105400.000000, 0.000000
15382500.000000, 15382500.000000, 0.000000
15466400.000000, 15466400.000000, 0.000000
41548900.000000, 41548900.000000, 0.000000
8360220.000000, 8360220.000000, 0.000000
4113730.000000, 4113730.000000, 0.000000
11431400.000000, 11431400.000000, 0.000000
8931110.000000, 8931110.000000, 0.000000
10886300.000000, 10886300.000000, 0.000000
10071300.000000, 10071300.000000, 0.000000
33610700.000000, 33610700.000000, 0.000000
1922880.000000, 1922880.000000, 0.000000
57974700.000000, 57974700.000000, 0.000000
32730200.000000, 32730200.000000, 0.000000
6501720.000000, 6501720.000000, 0.000000
5394140.000000, 5394140.000000, 0.000000
5668570.000000, 5668570.000000, 0.000000
14912000.000000, 14912000.000000, 0.000000
20991100.000000, 20991100.000000, 0.000000
14829600.000000, 14829600.000000, 0.000000
6205920.000000, 6205920.000000, 0.000000
12849000.000000, 12849000.000000, 0.000000
10340900.000000, 10340900.000000, 0.000000
16933600.000000, 16933600.000000, 0.000000
7940520.000000, 7940520.000000, 0.000000
23488700.000000, 23488700.000000, 0.000000
7434200.000000, 7434200.000000, 0.000000
17955700.000000, 17955700.000000, 0.000000
47366000.000000, 47366000.000000, 0.000000
4596710.000000, 4596710.000000, 0.000000
16471200.000000, 16471200.000000, 0.000000
2270110.000000, 2270110.000000, 0.000000
3877420.000000, 3877420.000000, 0.000000
2063040.000000, 2063040.000000, 0.000000
5068050.000000, 5068050.000000, 0.000000
17819400.000000, 17819400.000000, 0.000000
4672540.000000, 4672540.000000, 0.000000
8015350.000000, 8015350.000000, 0.000000
13684100.000000, 13684100.000000, 0.000000
8465840.000000, 8465840.000000, 0.000000
8138440.000000, 8138440.000000, 0.000000
11746100.000000, 11746100.000000, 0.000000
12429800.000000, 12429800.000000, 0.000000
12835600.000000, 12835600.000000, 0.000000
20461200.000000, 20461200.000000, 0.000000
7059530.000000, 7059530.000000, 0.000000
13338700.000000, 13338700.000000, 0.000000
26653500.000000, 26653500.000000, 0.000000
13909100.000000, 13909100.000000, 0.000000
25799000.000000, 25799000.000000, 0.000000
7118510.000000, 7118510.000000, 0.000000
6494510.000000, 6494510.000000, 0.000000
3092550.000000, 3092550.000000, 0.000000
3202790.000000, 3202790.000000, 0.000000
8140520.000000, 8140520.000000, 0.000000
9238260.000000, 9238260.000000, 0.000000
6820420.000000, 6820420.000000, 0.000000
9468710.000000, 9468710.000000, 0.000000
13555700.000000, 13555700.000000, 0.000000
14620700.000000, 14620700.000000, 0.000000
5300020.000000, 5300020.000000, 0.000000
13486800.000000, 13486800.000000, 0.000000
8204850.000000, 8204850.000000, 0.000000
11473400.000000, 11473400.000000, 0.000000
18151800.000000, 18151800.000000, 0.000000
14166600.000000, 14166600.000000, 0.000000
11073100.000000, 11073100.000000, 0.000000
14941200.000000, 14941200.000000, 0.000000
8551020.000000, 8551020.000000, 0.000000
15201000.000000, 15201000.000000, 0.000000
14805700.000000, 14805700.000000, 0.000000
6076100.000000, 6076100.000000, 0.000000
4323570.000000, 4323570.000000, 0.000000
2954760.000000, 2954760.000000, 0.000000
2077840.000000, 2077840.000000, 0.000000
455614.000000, 455614.000000, 0.000000
11830400.000000, 11830400.000000, 0.000000
15502100.000000, 15502100.000000, 0.000000
16784400.000000, 16784400.000000, 0.000000
9951470.000000, 9951470.000000, 0.000000
21387300.000000, 21387300.000000, 0.000000
20008700.000000, 20008700.000000, 0.000000
10166100.000000, 10166100.000000, 0.000000
29451000.000000, 29451000.000000, 0.000000
10340000.000000, 10340000.000000, 0.000000
16278500.000000, 16278500.000000, 0.000000
14997300.000000, 14997300.000000, 0.000000
6401290.000000, 6401290.000000, 0.000000
14652800.000000, 14652800.000000, 0.000000
4295650.000000, 4295650.000000, 0.000000
5839010.000000, 5839010.000000, 0.000000
2615920.000000, 2615920.000000, 0.000000
3908230.000000, 3908230.000000, 0.000000
1566830.000000, 1566830.000000, 0.000000
1301600.000000, 1301600.000000, 0.000000
3296110.000000, 3296110.000000, 0.000000
8516260.000000, 8516260.000000, 0.000000
12887100.000000, 12887100.000000, 0.000000
18101500.000000, 18101500.000000, 0.000000
11526100.000000, 11526100.000000, 0.000000
19427900.000000, 19427900.000000, 0.000000
21048900.000000, 21048900.000000, 0.000000
4107340.000000, 4107340.000000, 0.000000
12320800.000000, 12320800.000000, 0.000000
26535900.000000, 26535900.000000, 0.000000
9195700.000000, 9195700.000000, 0.000000
16477500.000000, 16477500.000000, 0.000000
7907130.000000, 7907130.000000, 0.000000
33444800.000000, 33444800.000000, 0.000000
2474310.000000, 2474310.000000, 0.000000
10488300.000000, 10488300.000000, 0.000000
8403540.000000, 8403540.000000, 0.000000
2535000.000000, 2535000.000000, 0.000000
2425370.000000, 2425370.000000, 0.000000
12830000.000000, 12830000.000000, 0.000000
31726700.000000, 31726700.000000, 0.000000
2436660.000000, 2436660.000000, 0.000000
10603000.000000, 10603000.000000, 0.000000
9914320.000000, 9914320.000000, 0.000000
6060570.000000, 6060570.000000, 0.000000
18305600.000000, 18305600.000000, 0.000000
11817100.000000, 11817100.000000, 0.000000
16570900.000000, 16570900.000000, 0.000000
9444110.000000, 9444110.000000, 0.000000
28917500.000000, 28917500.000000, 0.000000
7856880.000000, 7856880.000000, 0.000000
6759110.000000, 6759110.000000, 0.000000
29785000.000000, 29785000.000000, 0.000000
12012400.000000, 12012400.000000, 0.000000
3509950.000000, 3509950.000000, 0.000000
14793600.000000, 14793600.000000, 0.000000
6097820.000000, 6097820.000000, 0.000000
66568100.000000, 66568100.000000, 0.000000
1885750.000000, 1885750.000000, 0.000000
1796570.000000, 1796570.000000, 0.000000
5787580.000000, 5787580.000000, 0.000000
13227600.000000, 13227600.000000, 0.000000
9929390.000000, 9929390.000000, 0.000000
10445500.000000, 10445500.000000, 0.000000
6282150.000000, 6282150.000000, 0.000000
19445000.000000, 19445000.000000, 0.000000
8795460.000000, 8795460.000000, 0.000000
19271400.000000, 19271400.000000, 0.000000
15520100.000000, 15520100.000000, 0.000000
11413600.000000, 11413600.000000, 0.000000
12536200.000000, 12536200.000000, 0.000000
2719840.000000, 2719840.000000, 0.000000
21387900.000000, 21387900.000000, 0.000000
1929490.000000, 1929490.000000, 0.000000
71987200.000000, 71987200.000000, 0.000000
3931150.000000, 3931150.000000, 0.000000
15170900.000000, 15170900.000000, 0.000000
4502530.000000, 4502530.000000, 0.000000
7071890.000000, 7071890.000000, 0.000000
3121630.000000, 3121630.000000, 0.000000
3064210.000000, 3064210.000000, 0.000000
6225130.000000, 6225130.000000, 0.000000
5959550.000000, 5959550.000000, 0.000000
10018600.000000, 10018600.000000, 0.000000
14902200.000000, 14902200.000000, 0.000000
15780100.000000, 15780100.000000, 0.000000
11412400.000000, 11412400.000000, 0.000000
9001180.000000, 9001180.000000, 0.000000
6293600.000000, 6293600.000000, 0.000000
14108600.000000, 14108600.000000, 0.000000
4513090.000000, 4513090.000000, 0.000000
8554590.000000, 8554590.000000, 0.000000
7233240.000000, 7233240.000000, 0.000000
8523920.000000, 8523920.000000, 0.000000
9703520.000000, 9703520.000000, 0.000000
17026400.000000, 17026400.000000, 0.000000
18674800.000000, 18674800.000000, 0.000000
35416000.000000, 35416000.000000, 0.000000
20742100.000000, 20742100.000000, 0.000000
11569600.000000, 11569600.000000, 0.000000
2454600.000000, 2454600.000000, 0.000000
1792500.000000, 1792500.000000, 0.000000
15603800.000000, 15603800.000000, 0.000000
13811200.000000, 13811200.000000, 0.000000
8524740.000000, 8524740.000000, 0.000000
16731200.000000, 16731200.000000, 0.000000
9831490.000000, 9831490.000000, 0.000000
16850300.000000, 16850300.000000, 0.000000
15267400.000000, 15267400.000000, 0.000000
41447200.000000, 41447200.000000, 0.000000
26835000.000000, 26835000.000000, 0.000000
41498400.000000, 41498400.000000, 0.000000
3345790.000000, 3345790.000000, 0.000000
4566190.000000, 4566190.000000, 0.000000
12909000.000000, 12909000.000000, 0.000000
3157820.000000, 3157820.000000, 0.000000
5744290.000000, 5744290.000000, 0.000000
7216050.000000, 7216050.000000, 0.000000
13967600.000000, 13967600.000000, 0.000000
4280120.000000, 4280120.000000, 0.000000
7475840.000000, 7475840.000000, 0.000000
4377660.000000, 4377660.000000, 0.000000
21860100.000000, 21860100.000000, 0.000000
4926180.000000, 4926180.000000, 0.000000
14531000.000000, 14531000.000000, 0.000000
13467500.000000, 13467500.000000, 0.000000
11657800.000000, 11657800.000000, 0.000000
5661400.000000, 5661400.000000, 0.000000
7104610.000000, 7104610.000000, 0.000000
7997990.000000, 7997990.000000, 0.000000
17008800.000000, 17008800.000000, 0.000000
16439600.000000, 16439600.000000, 0.000000
21738800.000000, 21738800.000000, 0.000000
11031800.000000, 11031800.000000, 0.000000
5709490.000000, 5709490.000000, 0.000000
11572700.000000, 11572700.000000, 0.000000
7337970.000000, 7337970.000000, 0.000000
totaldiff=0.0000000000, sz=2800, average absolute error value:0.0000000000
totaldiff=0.0000000000, sz=2800, average relative error rate:0.0000000000
