cfgFile=sz.config
[SZ] Reading SZ configuration file (sz.config) ...
5230
3373
4405
4787
2728
4998
4599
3258
4724
3619
4491
4371
3211
4558
4148
4132
7907
7205
3438
3103
3086
3676
5317
3229
5422
4320
3037
5123
2987
4658
6917
1026
2677
5499
4400
4179
4051
5093
2325
4610
4289
4698
4000
2759
4969
4484
3581
4448
3798
4661
3763
3204
5533
3475
4028
3858
4097
4096
4096
4096
4097
4095
4096
4103
4090
4091
4104
4091
4091
4105
4095
4095
4093
4092
4112
4078
4103
4097
4095
4101
4088
4102
4093
4102
4094
4092
4094
4101
4087
4113
4085
4096
4099
4090
4287
5661
1535
4477
4321
4002
4930
4508
4876
7830
3111
4398
4011
3988
4472
3734
7077
6417
3913
4302
4281
4185
3680
4821
2812
5837
2236
5132
3778
4254
4074
4144
4063
4163
4005
4130
4111
4086
4089
4111
4048
4411
3780
3813
4424
4625
3379
5310
2360
5217
3998
3543
5309
1961
5114
4433
2960
7041
388
6165
3099
5362
4177
3057
4012
3956
7495
5659
3524
3682
5140
4663
3601
4271
2987
6166
1434
6180
3873
2605
4794
4364
4145
4415
4332
4098
2663
4987
3646
4569
4357
3937
4226
3222
4651
6729
7100
3434
4285
4108
3732
4723
3821
3788
4765
3404
4475
4217
4252
3648
4008
4258
3968
4516
3620
4607
3409
4349
4525
3874
4229
3562
4382
4071
4425
3806
4505
3379
4203
4160
4636
3990
3542
4699
3655
4424
3658
3733
5259
3269
4422
4004
4533
2914
5581
3082
4038
4845
4096
3504
3800
5417
2451
5503
3650
3532
4648
3993
4118
3720
4880
3522
4132
4051
3874
4731
4282
3437
4446
4079
3661
5471
4112
825
6261
4307
4249
3777
3364
6004
2613
4823
3455
4041
4572
2827
6286
2281
5229
3452
4735
2309
6298
2540
5347
2391
6005
2859
5217
4303
2368
4997
4742
1691
6860
5086
67
6631
3999
4182
3479
5078
3968
2996
4943
3609
4035
5130
3234
4386
4645
2465
5084
4255
4920
2686
3804
5357
3334
4581
4697
2849
4333
5397
1845
5501
4836
1909
4720
4409
5949
1316
6081
3533
3621
3744
4073
5081
4323
2159
7736
248
4762
5757
3359
3923
4334
4113
3618
4683
4016
3307
5245
4212
2893
4706
4135
3477
4947
3625
3718
5440
3214
4134
3335
4998
3925
4616
3673
3629
5100
3518
3196
4574
4809
5038
2095
5165
3326
6081
629
5
4697
5838
3644
3352
4247
5491
2621
4209
5329
3530
3643
4780
3976
4528
3228
4672
3682
4155
3776
4577
3858
5050
2822
4801
3561
4720
5160
1631
5267
4189
3464
4450
4613
3799
3325
5253
3056
4995
3762
5023
3784
2381
5476
2785
5538
3765
3575
4539
5008
2315
5749
3147
6594
6831
4865
1914
6379
1737
6638
2511
4413
4176
4962
3293
4157
3299
5452
3215
4657
3146
4841
4009
4243
4442
3106
5085
3151
4819
2997
5037
4542
3412
3797
4818
4436
3731
3560
7770
3181
5330
3892
3099
4979
3683
5002
3084
4116
5582
1478
5529
3996
7539
7634
3051
5014
4019
3338
4846
3859
4689
2829
5458
3282
4077
4222
4605
4359
2668
4848
3352
4833
3542
5233
3141
5421
3032
3892
4003
4651
4122
3434
5217
2542
5615
3506
6389
178
4308
5610
3849
5517
3805
1940
3890
5844
4247
2976
4670
5013
2272
4494
4324
5803
4184
880
4959
5059
4347
3367
4660
4144
3296
5087
3027
4514
4648
4026
3658
3600
5306
3405
4067
4363
4373
3302
4519
4294
4398
3130
4293
4364
4194
3827
4205
4059
4508
3568
4130
4752
3185
4493
4425
4658
2200
4932
4742
3299
4356
4541
4069
2984
4862
3955
4959
2838
4574
4300
3843
4168
4415
4203
3126
5651
2965
3433
5197
3555
4010
4762
3902
5110
1340
5523
4578
4522
2921
4689
3861
4275
4169
3729
4694
3305
5239
3334
3678
4557
3558
5045
3682
3650
4672
4259
3877
3688
4634
3936
3769
4621
3532
3926
4950
3712
4122
4067
4258
4170
3571
4221
4327
4089
4050
4393
3497
4396
4119
4058
4111
4096
4090
4183
4178
3686
4347
3723
5016
3371
4261
4115
4078
4114
4076
4156
4208
3734
4462
3759
4264
4101
4094
4094
4099
4094
4099
4100
4283
3711
4386
3916
4156
4039
4255
4015
4098
3997
4519
3800
4938
2184
5170
3720
4798
3761
3924
4200
4347
3635
4491
3962
4150
3867
4946
2715
4734
4386
3858
4046
4215
3931
4191
4175
4026
4010
4261
3984
4134
4093
4087
4104
4096
4097
4095
4096
4100
4099
4100
4081
4086
4110
4095
4107
4076
4107
4095
4104
4082
4102
4108
4072
4110
4096
4096
4096
4088
4102
4096
4102
4092
4092
4093
4100
4099
4094
4100
4089
4104
4083
4103
4098
4106
4082
4106
4079
4109
4091
4109
4079
4105
4092
4099
4092
4094
4107
4083
4117
4083
4080
4116
4093
4093
4090
4103
4091
4100
4100
4095
4094
4095
4097
4099
4094
4095
4087
4106
4099
4086
4101
4102
4086
4103
4092
4098
4095
4096
4088
4104
4097
4095
4106
4084
4098
4097
4087
4113
4082
4107
4082
4104
4097
4095
4096
4106
4080
4101
4099
4092
4102
4090
4100
4097
4092
4095
4097
4099
4090
4105
4087
4100
4093
4100
4108
4079
4095
4102
4095
4096
4097
4095
4097
4095
4096
4105
4080
4101
4100
4095
4092
4107
4089
4094
4093
4104
4088
4101
4101
4093
4093
4097
4095
4097
4096
4095
4096
4097
4098
4090
4098
4099
4091
4103
4091
4098
4095
4095
4079
4134
4075
4092
4101
4102
4104
4072
4108
4089
4099
4101
4090
4099
4095
4100
4095
4091
4100
4097
4091
4103
4096
4092
4094
4094
4087
4144
4070
4053
4144
4074
4106
4094
4095
4100
4091
4099
4094
4100
4092
4095
4097
4099
4095
4094
4104
4082
4104
4102
4080
4114
4086
4101
4091
4097
4098
timecost, 0.005363, seconds
done
7768
3495
sz compression ratio, 2.22 
timecost, 0.000107, second
done
Max absolute error = 0
Max relative error = 0
Max pw_relative err = 0
./inputdata/full/yf17_t_pr.dat, ./inputdata/full/yf17_t_pr.dat.sz.out, 971
size of double: 8
313.640564, 313.640564, 0.000000
307.924805, 307.924805, 0.000000
308.855560, 308.855560, 0.000000
305.546112, 305.546112, 0.000000
304.051483, 304.051483, 0.000000
306.605591, 306.605591, 0.000000
301.140503, 301.140503, 0.000000
300.963531, 300.963531, 0.000000
303.732147, 303.732147, 0.000000
301.593658, 301.593658, 0.000000
303.129791, 303.129791, 0.000000
301.874268, 301.874268, 0.000000
302.935486, 302.935486, 0.000000
305.604675, 305.604675, 0.000000
303.086884, 303.086884, 0.000000
303.276428, 303.276428, 0.000000
303.772827, 303.772827, 0.000000
304.484070, 304.484070, 0.000000
327.521515, 327.521515, 0.000000
316.280853, 316.280853, 0.000000
323.258331, 323.258331, 0.000000
301.493225, 301.493225, 0.000000
311.390869, 311.390869, 0.000000
317.434540, 317.434540, 0.000000
317.656769, 317.656769, 0.000000
311.965668, 311.965668, 0.000000
303.810883, 303.810883, 0.000000
302.810455, 302.810455, 0.000000
296.729004, 296.729004, 0.000000
298.417816, 298.417816, 0.000000
301.421814, 301.421814, 0.000000
298.220367, 298.220367, 0.000000
301.033478, 301.033478, 0.000000
297.347809, 297.347809, 0.000000
296.959351, 296.959351, 0.000000
313.094849, 313.094849, 0.000000
311.250122, 311.250122, 0.000000
301.083527, 301.083527, 0.000000
299.143311, 299.143311, 0.000000
298.976837, 298.976837, 0.000000
299.300629, 299.300629, 0.000000
299.362579, 299.362579, 0.000000
305.264923, 305.264923, 0.000000
300.789520, 300.789520, 0.000000
299.326324, 299.326324, 0.000000
298.995300, 298.995300, 0.000000
302.191589, 302.191589, 0.000000
304.825073, 304.825073, 0.000000
299.624390, 299.624390, 0.000000
299.534576, 299.534576, 0.000000
301.723297, 301.723297, 0.000000
300.895233, 300.895233, 0.000000
302.128143, 302.128143, 0.000000
301.611176, 301.611176, 0.000000
304.409119, 304.409119, 0.000000
305.255219, 305.255219, 0.000000
300.876984, 300.876984, 0.000000
304.915710, 304.915710, 0.000000
305.316254, 305.316254, 0.000000
305.316925, 305.316925, 0.000000
303.923187, 303.923187, 0.000000
345.014740, 345.014740, 0.000000
300.002533, 300.002533, 0.000000
299.997406, 299.997406, 0.000000
299.997498, 299.997498, 0.000000
299.997559, 299.997559, 0.000000
299.997498, 299.997498, 0.000000
299.998016, 299.998016, 0.000000
299.999817, 299.999817, 0.000000
299.999084, 299.999084, 0.000000
300.002289, 300.002289, 0.000000
300.042175, 300.042175, 0.000000
300.050507, 300.050507, 0.000000
300.028046, 300.028046, 0.000000
300.046112, 300.046112, 0.000000
300.043549, 300.043549, 0.000000
300.010345, 300.010345, 0.000000
300.028198, 300.028198, 0.000000
300.035828, 300.035828, 0.000000
300.045074, 300.045074, 0.000000
300.033234, 300.033234, 0.000000
299.998230, 299.998230, 0.000000
300.052704, 300.052704, 0.000000
300.009369, 300.009369, 0.000000
300.002899, 300.002899, 0.000000
300.003662, 300.003662, 0.000000
299.995148, 299.995148, 0.000000
300.019501, 300.019501, 0.000000
299.997681, 299.997681, 0.000000
300.007477, 300.007477, 0.000000
300.004150, 300.004150, 0.000000
300.030243, 300.030243, 0.000000
300.049561, 300.049561, 0.000000
300.044800, 300.044800, 0.000000
300.024323, 300.024323, 0.000000
300.037994, 300.037994, 0.000000
299.998169, 299.998169, 0.000000
300.054291, 300.054291, 0.000000
300.049377, 300.049377, 0.000000
300.045837, 300.045837, 0.000000
300.052917, 300.052917, 0.000000
300.033264, 300.033264, 0.000000
301.126953, 301.126953, 0.000000
311.394226, 311.394226, 0.000000
306.654419, 306.654419, 0.000000
304.144135, 304.144135, 0.000000
302.952942, 302.952942, 0.000000
301.213684, 301.213684, 0.000000
304.359894, 304.359894, 0.000000
309.920319, 309.920319, 0.000000
320.054199, 320.054199, 0.000000
301.955872, 301.955872, 0.000000
305.734436, 305.734436, 0.000000
303.743530, 303.743530, 0.000000
303.522858, 303.522858, 0.000000
302.808014, 302.808014, 0.000000
301.456970, 301.456970, 0.000000
302.308502, 302.308502, 0.000000
301.034607, 301.034607, 0.000000
317.235016, 317.235016, 0.000000
303.114319, 303.114319, 0.000000
302.590240, 302.590240, 0.000000
300.997681, 300.997681, 0.000000
300.610046, 300.610046, 0.000000
301.306488, 301.306488, 0.000000
302.527893, 302.527893, 0.000000
301.306732, 301.306732, 0.000000
304.335083, 304.335083, 0.000000
299.843811, 299.843811, 0.000000
305.553223, 305.553223, 0.000000
300.358856, 300.358856, 0.000000
301.240479, 301.240479, 0.000000
300.256714, 300.256714, 0.000000
300.192505, 300.192505, 0.000000
300.008392, 300.008392, 0.000000
300.103821, 300.103821, 0.000000
300.004242, 300.004242, 0.000000
300.294708, 300.294708, 0.000000
300.052917, 300.052917, 0.000000
300.011261, 300.011261, 0.000000
300.061646, 300.061646, 0.000000
300.050629, 300.050629, 0.000000
299.997925, 299.997925, 0.000000
300.030518, 300.030518, 0.000000
299.782990, 299.782990, 0.000000
301.383026, 301.383026, 0.000000
301.130157, 301.130157, 0.000000
299.223877, 299.223877, 0.000000
299.231903, 299.231903, 0.000000
302.346802, 302.346802, 0.000000
301.256927, 301.256927, 0.000000
307.282135, 307.282135, 0.000000
303.129761, 303.129761, 0.000000
305.553162, 305.553162, 0.000000
307.394867, 307.394867, 0.000000
306.001892, 306.001892, 0.000000
311.713867, 311.713867, 0.000000
304.915131, 304.915131, 0.000000
304.083923, 304.083923, 0.000000
305.228760, 305.228760, 0.000000
299.714233, 299.714233, 0.000000
311.459564, 311.459564, 0.000000
301.472168, 301.472168, 0.000000
303.611084, 303.611084, 0.000000
299.906403, 299.906403, 0.000000
303.624359, 303.624359, 0.000000
307.813568, 307.813568, 0.000000
305.912354, 305.912354, 0.000000
303.521362, 303.521362, 0.000000
300.311127, 300.311127, 0.000000
317.020416, 317.020416, 0.000000
304.192535, 304.192535, 0.000000
319.793121, 319.793121, 0.000000
310.551086, 310.551086, 0.000000
310.468323, 310.468323, 0.000000
307.029480, 307.029480, 0.000000
301.167053, 301.167053, 0.000000
301.428009, 301.428009, 0.000000
305.005981, 305.005981, 0.000000
305.684540, 305.684540, 0.000000
307.386475, 307.386475, 0.000000
302.588165, 302.588165, 0.000000
309.926086, 309.926086, 0.000000
301.658661, 301.658661, 0.000000
305.605225, 305.605225, 0.000000
308.248291, 308.248291, 0.000000
302.154053, 302.154053, 0.000000
300.144623, 300.144623, 0.000000
299.708710, 299.708710, 0.000000
299.562744, 299.562744, 0.000000
301.280853, 301.280853, 0.000000
304.383942, 304.383942, 0.000000
307.499054, 307.499054, 0.000000
302.220001, 302.220001, 0.000000
302.160187, 302.160187, 0.000000
299.464142, 299.464142, 0.000000
299.535309, 299.535309, 0.000000
301.140686, 301.140686, 0.000000
301.812561, 301.812561, 0.000000
303.243195, 303.243195, 0.000000
299.556732, 299.556732, 0.000000
299.121368, 299.121368, 0.000000
314.113586, 314.113586, 0.000000
299.365051, 299.365051, 0.000000
302.211029, 302.211029, 0.000000
301.183563, 301.183563, 0.000000
301.262268, 301.262268, 0.000000
301.409607, 301.409607, 0.000000
299.426788, 299.426788, 0.000000
301.115265, 301.115265, 0.000000
301.192047, 301.192047, 0.000000
299.467010, 299.467010, 0.000000
301.661469, 301.661469, 0.000000
299.798462, 299.798462, 0.000000
300.158295, 300.158295, 0.000000
301.228333, 301.228333, 0.000000
303.209167, 303.209167, 0.000000
302.567383, 302.567383, 0.000000
301.406830, 301.406830, 0.000000
301.200195, 301.200195, 0.000000
300.237427, 300.237427, 0.000000
301.741791, 301.741791, 0.000000
300.454102, 300.454102, 0.000000
302.159607, 302.159607, 0.000000
299.842499, 299.842499, 0.000000
299.005737, 299.005737, 0.000000
300.683350, 300.683350, 0.000000
301.060425, 301.060425, 0.000000
302.221588, 302.221588, 0.000000
300.243195, 300.243195, 0.000000
299.950836, 299.950836, 0.000000
299.506165, 299.506165, 0.000000
300.988007, 300.988007, 0.000000
300.774048, 300.774048, 0.000000
302.959717, 302.959717, 0.000000
300.940369, 300.940369, 0.000000
299.543610, 299.543610, 0.000000
298.528046, 298.528046, 0.000000
300.675812, 300.675812, 0.000000
302.198914, 302.198914, 0.000000
300.477844, 300.477844, 0.000000
302.291168, 302.291168, 0.000000
301.517548, 301.517548, 0.000000
302.666992, 302.666992, 0.000000
301.253418, 301.253418, 0.000000
297.709198, 297.709198, 0.000000
300.984711, 300.984711, 0.000000
299.406830, 299.406830, 0.000000
299.744080, 299.744080, 0.000000
299.541931, 299.541931, 0.000000
301.899689, 301.899689, 0.000000
297.328949, 297.328949, 0.000000
301.462585, 301.462585, 0.000000
299.656342, 299.656342, 0.000000
297.505859, 297.505859, 0.000000
299.747833, 299.747833, 0.000000
301.987335, 301.987335, 0.000000
300.759064, 300.759064, 0.000000
297.795532, 297.795532, 0.000000
302.573273, 302.573273, 0.000000
297.713501, 297.713501, 0.000000
301.094238, 301.094238, 0.000000
301.865265, 301.865265, 0.000000
299.326019, 299.326019, 0.000000
300.029602, 300.029602, 0.000000
300.122711, 300.122711, 0.000000
300.350128, 300.350128, 0.000000
298.371246, 298.371246, 0.000000
300.982361, 300.982361, 0.000000
300.239166, 300.239166, 0.000000
299.700012, 299.700012, 0.000000
298.896851, 298.896851, 0.000000
296.795471, 296.795471, 0.000000
298.413147, 298.413147, 0.000000
301.126129, 301.126129, 0.000000
299.973450, 299.973450, 0.000000
300.869263, 300.869263, 0.000000
301.670654, 301.670654, 0.000000
299.917999, 299.917999, 0.000000
306.225159, 306.225159, 0.000000
312.624115, 312.624115, 0.000000
299.858551, 299.858551, 0.000000
299.779816, 299.779816, 0.000000
300.936188, 300.936188, 0.000000
302.988861, 302.988861, 0.000000
303.173584, 303.173584, 0.000000
299.070953, 299.070953, 0.000000
306.140350, 306.140350, 0.000000
304.529327, 304.529327, 0.000000
307.173340, 307.173340, 0.000000
306.062561, 306.062561, 0.000000
304.628632, 304.628632, 0.000000
305.983307, 305.983307, 0.000000
299.901703, 299.901703, 0.000000
306.654755, 306.654755, 0.000000
302.769379, 302.769379, 0.000000
305.526764, 305.526764, 0.000000
304.511383, 304.511383, 0.000000
307.234436, 307.234436, 0.000000
299.492737, 299.492737, 0.000000
304.653259, 304.653259, 0.000000
300.692108, 300.692108, 0.000000
304.061279, 304.061279, 0.000000
297.445618, 297.445618, 0.000000
302.008636, 302.008636, 0.000000
299.328186, 299.328186, 0.000000
303.217438, 303.217438, 0.000000
308.313477, 308.313477, 0.000000
303.289795, 303.289795, 0.000000
303.540527, 303.540527, 0.000000
307.580688, 307.580688, 0.000000
297.531403, 297.531403, 0.000000
314.148895, 314.148895, 0.000000
301.907135, 301.907135, 0.000000
305.860199, 305.860199, 0.000000
315.611816, 315.611816, 0.000000
301.762543, 301.762543, 0.000000
302.760193, 302.760193, 0.000000
303.193909, 303.193909, 0.000000
304.129242, 304.129242, 0.000000
301.448853, 301.448853, 0.000000
304.523438, 304.523438, 0.000000
306.846680, 306.846680, 0.000000
302.723358, 302.723358, 0.000000
303.565063, 303.565063, 0.000000
301.553925, 301.553925, 0.000000
299.186493, 299.186493, 0.000000
302.873779, 302.873779, 0.000000
301.513397, 301.513397, 0.000000
301.850128, 301.850128, 0.000000
305.405426, 305.405426, 0.000000
299.406097, 299.406097, 0.000000
299.192261, 299.192261, 0.000000
299.909912, 299.909912, 0.000000
305.459808, 305.459808, 0.000000
302.741669, 302.741669, 0.000000
298.318726, 298.318726, 0.000000
301.281891, 301.281891, 0.000000
299.779602, 299.779602, 0.000000
301.114807, 301.114807, 0.000000
305.979095, 305.979095, 0.000000
303.532990, 303.532990, 0.000000
302.478149, 302.478149, 0.000000
309.040649, 309.040649, 0.000000
302.417480, 302.417480, 0.000000
304.029999, 304.029999, 0.000000
309.975464, 309.975464, 0.000000
303.102722, 303.102722, 0.000000
299.895325, 299.895325, 0.000000
298.512817, 298.512817, 0.000000
307.990936, 307.990936, 0.000000
301.181244, 301.181244, 0.000000
306.002808, 306.002808, 0.000000
307.521515, 307.521515, 0.000000
306.263580, 306.263580, 0.000000
302.935486, 302.935486, 0.000000
299.477875, 299.477875, 0.000000
301.793365, 301.793365, 0.000000
305.431641, 305.431641, 0.000000
297.729218, 297.729218, 0.000000
311.348938, 311.348938, 0.000000
302.420593, 302.420593, 0.000000
297.398102, 297.398102, 0.000000
302.107452, 302.107452, 0.000000
302.499054, 302.499054, 0.000000
301.874939, 301.874939, 0.000000
302.648346, 302.648346, 0.000000
303.514893, 303.514893, 0.000000
301.585449, 301.585449, 0.000000
303.099884, 303.099884, 0.000000
304.137695, 304.137695, 0.000000
300.557220, 300.557220, 0.000000
303.707062, 303.707062, 0.000000
307.535217, 307.535217, 0.000000
304.319458, 304.319458, 0.000000
304.675964, 304.675964, 0.000000
305.260345, 305.260345, 0.000000
302.213837, 302.213837, 0.000000
304.159943, 304.159943, 0.000000
303.344574, 303.344574, 0.000000
300.311890, 300.311890, 0.000000
305.153198, 305.153198, 0.000000
304.831604, 304.831604, 0.000000
304.730957, 304.730957, 0.000000
300.165222, 300.165222, 0.000000
300.890472, 300.890472, 0.000000
300.617218, 300.617218, 0.000000
303.385773, 303.385773, 0.000000
303.676239, 303.676239, 0.000000
301.231018, 301.231018, 0.000000
304.670624, 304.670624, 0.000000
304.718903, 304.718903, 0.000000
299.495361, 299.495361, 0.000000
297.071381, 297.071381, 0.000000
298.827637, 298.827637, 0.000000
306.106445, 306.106445, 0.000000
301.658752, 301.658752, 0.000000
303.470062, 303.470062, 0.000000
300.775085, 300.775085, 0.000000
309.707916, 309.707916, 0.000000
298.324860, 298.324860, 0.000000
313.018463, 313.018463, 0.000000
303.739563, 303.739563, 0.000000
297.978424, 297.978424, 0.000000
302.429169, 302.429169, 0.000000
304.232941, 304.232941, 0.000000
301.673279, 301.673279, 0.000000
299.999847, 299.999847, 0.000000
306.499512, 306.499512, 0.000000
304.355103, 304.355103, 0.000000
302.876740, 302.876740, 0.000000
332.169434, 332.169434, 0.000000
303.551849, 303.551849, 0.000000
299.594116, 299.594116, 0.000000
302.862976, 302.862976, 0.000000
302.814392, 302.814392, 0.000000
300.106628, 300.106628, 0.000000
301.411377, 301.411377, 0.000000
302.018280, 302.018280, 0.000000
305.150482, 305.150482, 0.000000
303.193878, 303.193878, 0.000000
304.616760, 304.616760, 0.000000
303.613678, 303.613678, 0.000000
302.952942, 302.952942, 0.000000
300.423462, 300.423462, 0.000000
300.706970, 300.706970, 0.000000
299.596893, 299.596893, 0.000000
304.076935, 304.076935, 0.000000
301.094818, 301.094818, 0.000000
302.240143, 302.240143, 0.000000
300.254059, 300.254059, 0.000000
301.917816, 301.917816, 0.000000
309.823334, 309.823334, 0.000000
303.281494, 303.281494, 0.000000
303.600830, 303.600830, 0.000000
304.465942, 304.465942, 0.000000
301.629852, 301.629852, 0.000000
300.866577, 300.866577, 0.000000
303.133118, 303.133118, 0.000000
303.655731, 303.655731, 0.000000
299.661316, 299.661316, 0.000000
302.453766, 302.453766, 0.000000
299.147461, 299.147461, 0.000000
301.102905, 301.102905, 0.000000
301.110565, 301.110565, 0.000000
306.545929, 306.545929, 0.000000
310.152924, 310.152924, 0.000000
303.712860, 303.712860, 0.000000
305.357971, 305.357971, 0.000000
299.320770, 299.320770, 0.000000
301.732330, 301.732330, 0.000000
302.202362, 302.202362, 0.000000
299.623169, 299.623169, 0.000000
299.640015, 299.640015, 0.000000
304.999176, 304.999176, 0.000000
299.921234, 299.921234, 0.000000
304.528809, 304.528809, 0.000000
303.582062, 303.582062, 0.000000
317.265717, 317.265717, 0.000000
301.755310, 301.755310, 0.000000
302.270325, 302.270325, 0.000000
307.289459, 307.289459, 0.000000
299.520172, 299.520172, 0.000000
305.129974, 305.129974, 0.000000
296.920288, 296.920288, 0.000000
303.604401, 303.604401, 0.000000
301.001251, 301.001251, 0.000000
300.258270, 300.258270, 0.000000
299.977783, 299.977783, 0.000000
304.777863, 304.777863, 0.000000
304.864868, 304.864868, 0.000000
305.316071, 305.316071, 0.000000
301.094116, 301.094116, 0.000000
304.819489, 304.819489, 0.000000
303.382538, 303.382538, 0.000000
305.234863, 305.234863, 0.000000
301.518372, 301.518372, 0.000000
302.162079, 302.162079, 0.000000
302.300232, 302.300232, 0.000000
303.304810, 303.304810, 0.000000
306.330627, 306.330627, 0.000000
303.554230, 303.554230, 0.000000
306.575928, 306.575928, 0.000000
304.061157, 304.061157, 0.000000
305.781616, 305.781616, 0.000000
301.066193, 301.066193, 0.000000
301.858704, 301.858704, 0.000000
305.266663, 305.266663, 0.000000
304.670471, 304.670471, 0.000000
302.313538, 302.313538, 0.000000
304.197113, 304.197113, 0.000000
308.064148, 308.064148, 0.000000
309.799316, 309.799316, 0.000000
308.393127, 308.393127, 0.000000
328.507599, 328.507599, 0.000000
303.392609, 303.392609, 0.000000
304.668274, 304.668274, 0.000000
300.584717, 300.584717, 0.000000
303.728851, 303.728851, 0.000000
305.674255, 305.674255, 0.000000
totaldiff=0.0000000000, sz=971, average absolute error value:0.0000000000
totaldiff=0.0000000000, sz=971, average relative error rate:0.0000000000
