...............
2824
...............
2824
cfgFile=sz.config
[SZ] Reading SZ configuration file (sz.config) ...
sz_compress
SZ_compress_args
SZ_double
SZ_compress_args_double
min:3.733840
max:87073700.000000
ebm:4
2-PW_REL
33010
32714
63896
17429
12088
51549
13486
38469
36525
2975
4935
24385
52695
14835
24218
55807
53333
52755
64587
12727
2054
37599
49854
29128
50366
43319
51985
63195
32944
24580
52084
6361
49833
41483
44950
34199
22447
57700
467
23519
26035
35224
61804
37089
574
41686
35638
47805
38435
7572
55160
10355
3491
22833
42613
56655
35028
61940
10966
6889
11973
49527
5661
53561
41726
11299
41537
42291
22694
63187
38496
59036
52893
4039
40179
28615
19902
8512
49652
3193
4517
33099
64532
37384
55219
21096
18593
56533
46761
13694
59560
50990
7704
32842
26626
18657
24785
15002
58097
61653
41177
57815
15690
47363
54531
3477
45011
4830
47488
60416
8549
63128
3388
41418
25133
37918
20249
31341
46297
38958
18278
56750
6033
21210
60381
35936
21566
28400
45668
43997
16892
49685
26448
9854
29784
54168
9208
62395
26832
41954
16578
24528
65385
14029
22566
2433
8810
49498
4984
237
7988
37888
38192
26609
21128
56262
5675
64335
35744
13142
53620
38882
55406
7296
61095
61565
57458
19109
58551
17843
34530
37908
38875
3838
29683
45443
43847
26519
30002
49847
5314
54626
23740
38265
26809
17087
52826
54841
62227
28484
7409
38767
62245
43496
54457
46827
12558
33841
31796
35766
46407
17969
19457
11426
32323
20748
47908
21207
35030
21490
59383
16291
33249
30379
8080
32113
6845
32453
58385
20445
32752
28132
42870
10219
24997
29240
46003
9589
50008
5189
41613
62898
23708
20325
41830
42231
39510
20360
65293
47622
32388
21975
41888
18734
51398
31984
7363
60169
27884
16124
61449
25663
21916
38945
21100
25027
45909
4022
21634
40831
689
35071
30791
27437
38540
16804
32002
55351
32145
29197
33650
42825
15917
1870
6955
34374
27081
2769
55903
9916
34509
46177
18134
27892
51784
25288
20356
33596
49304
36661
39326
1827
52568
11987
23194
25461
56074
59147
40859
37768
16677
13050
43446
52735
56140
35310
43179
15091
38576
14726
2717
28330
17320
3836
58449
42046
21748
7993
14795
19561
21920
36330
46841
60161
43297
9644
25164
57775
58964
64562
52104
3434
42111
5363
46118
25103
35779
36366
24183
5210
27642
34592
58582
55394
34276
4055
64133
40713
798
24335
59641
59545
52868
14312
17732
26280
5175
53771
43516
56950
59912
12514
63373
1381
18872
58232
15846
63221
12990
62232
12708
55253
62054
25458
60428
23070
44402
34972
9478
64714
28993
40204
55750
60559
32857
48532
7536
27925
26164
30606
24009
17101
851
34154
46745
8157
45966
22001
53613
6858
63823
55197
6912
63364
879
23880
30989
41719
28900
4566
9366
33314
47176
7689
59400
38417
33796
38937
24345
63290
64339
10716
2523
48690
36745
35465
28240
55975
46614
57695
940
41328
55297
62312
36119
28459
30923
20539
31859
57133
19795
4110
60960
33127
23546
1656
59795
371
35630
11743
61627
32626
3706
57677
36497
49442
34112
35331
32775
38656
16946
29040
14817
58872
63068
45389
53388
47841
27232
10777
20061
14759
49594
38690
42206
57082
19132
9056
21413
29642
12913
46025
57695
1956
35176
35475
65312
16770
43125
1109
11631
36792
10831
18949
52848
54191
56952
60600
62054
63661
58413
63135
63277
44663
24264
9464
57642
22140
31325
20362
47334
42584
13908
45464
11313
17293
54310
49546
1281
128
29507
24339
36742
10073
8239
29402
43401
25228
51546
55810
48163
58255
19488
48762
62825
10228
15310
54841
15424
49710
55800
3451
32549
65473
63168
57355
26244
31852
4974
26839
28858
41659
24666
50967
6711
35683
50039
58737
60753
31773
15915
14062
58946
57131
46150
18267
33198
58794
47032
27182
31532
12187
63983
21265
57187
7673
57710
57000
60781
19557
59121
53178
49400
63398
5575
31677
10116
29570
32084
41960
35603
35642
58372
54583
35010
33878
52492
24474
56270
56134
50936
39379
37562
53314
1131
55847
5470
45394
63802
7191
38350
6864
58066
44560
46957
3288
1999
38528
34105
52067
15171
56471
4316
24343
59004
40327
58689
10016
27249
61545
30076
19230
63106
50664
56320
63971
57175
18115
2950
42957
2217
11064
11942
63395
49267
51603
30669
44374
36655
32254
41963
52192
47513
58542
28976
35812
37812
9878
49447
54646
26816
24491
17381
20597
58748
23912
39448
6231
50277
51822
55131
48191
47706
57751
15061
10170
65066
7211
43654
63123
20933
30252
57830
42627
4201
43885
25782
60890
2374
63460
2481
51232
28618
12412
49345
2475
34163
11703
44508
64112
10987
17908
62543
1454
48051
45020
45104
8302
44563
58031
18705
59523
34381
45833
23312
24606
3392
23489
54063
2296
49905
63439
58234
38465
47562
18847
54258
47764
28220
60732
3448
10824
46716
57528
9956
47063
1429
49173
48294
49330
55226
42855
35434
14555
65344
31032
11216
38911
16896
29647
40947
55234
6125
31473
38163
15407
58475
4656
26284
7291
37086
8139
39455
30232
55492
33153
41413
2365
40990
45451
60244
44958
46406
18286
38236
34155
50331
59610
42515
17615
16015
35153
46292
6615
55324
53030
36245
45052
34515
8863
52196
49661
31749
58452
27300
46328
57604
27644
14676
21728
55334
18920
23645
18170
24336
45379
5848
11314
11180
23852
44920
44086
27920
61394
35117
29311
30093
17290
38539
4657
33904
46735
63134
14269
13203
18349
11254
20102
18058
32480
19142
1786
50715
13400
46463
49861
63482
62268
43084
38621
6766
30709
37790
46783
52186
34107
54950
12701
49528
44483
28284
13405
20069
5967
28355
10973
49190
34219
58664
63595
47941
30985
49037
15569
57955
20225
65187
25628
36767
60722
34286
28621
64836
58664
22018
28989
27696
35522
57191
62260
59390
5135
31973
6077
24023
36573
60367
2232
56034
27799
2797
57098
25652
64181
51819
17556
10531
24795
63756
57134
56869
53608
58765
29708
46209
2698
60887
39069
8143
40568
5060
22932
36723
1637
18174
59529
63159
51748
21266
53081
5352
63995
1223
63817
55703
23339
25990
57031
37519
13082
27210
32480
35052
47688
16626
806
10798
32545
35888
5136
64591
61160
10960
8017
51318
37365
38532
50822
57297
41396
1642
4267
54951
31007
29929
25771
16161
34278
45413
51356
39171
3267
57628
56450
51745
11844
6150
53600
52204
27377
7
56965
16276
54165
40192
1573
44925
47603
16528
23379
61776
63991
48896
13350
48564
43750
30249
31887
51556
5014
47165
15800
63031
13901
19736
20697
25346
50472
15253
20699
2909
18361
212
56157
32632
6681
40375
6300
53601
19251
27584
29613
39264
55825
timecost, 0.007736, seconds
done
22592
++++++++++++++
sz compression ratio, 1.54 
