...............
971
...............
971
cfgFile=sz.config
[SZ] Reading SZ configuration file (sz.config) ...
sz_compress
SZ_compress_args
SZ_double
SZ_compress_args_double
min:67254.132812
max:152280.484375
ebm:4
2-PW_REL
5524
2360
6809
100
4124
3935
4340
4975
3057
2636
652
2672
2966
3580
7290
923
4238
6530
3861
1911
4089
4104
4095
4097
4096
4095
4117
4086
4086
4070
4136
4065
4126
4074
4104
4093
4094
4107
4085
4112
4092
4091
4108
4064
4127
4060
4115
4103
6314
1992
4787
2704
7176
4154
2673
7056
336
5988
3706
4098
947
2634
2166
5120
3770
4176
4144
4052
4100
4080
54
2464
5971
1690
7109
3869
5724
4289
955
3713
6080
5675
2733
1205
1157
32
567
4262
3667
7710
5018
2270
1405
3618
3821
3851
6450
1361
4225
5623
3667
3330
5580
2440
3914
5580
3518
3709
4927
2085
7397
1421
5354
2997
5450
2506
5649
2552
6523
2086
3452
7075
1306
4123
6423
3173
1724
5794
6371
2879
2596
4123
5747
878
7424
4486
1634
5320
2265
7577
916
6212
3763
2518
6996
954
5932
2833
4769
4985
1988
6736
1940
4924
7333
3599
1648
4280
4175
4570
12
3368
4294
3598
4932
7465
4574
5058
1715
4815
6155
1099
6606
3497
5682
1075
3473
5408
5691
619
8069
2630
3845
986
7145
3188
2583
5308
2788
3055
7272
827
2003
7613
5322
1360
4458
5070
53
6595
5285
35
1294
6779
3703
3665
3171
6524
3394
1331
6397
2152
5201
5782
700
1339
2410
1771
354
6880
306
432
5377
1817
2617
703
2768
7559
4813
2374
4503
2481
6123
5160
7078
7689
6769
5745
3130
5640
1451
1643
7232
1780
4803
2678
4918
5435
3936
466
1179
3963
4357
2392
7162
2501
5055
2052
2695
1884
6299
1038
5524
567
5598
2152
6828
3914
2903
5732
5877
3661
425
2903
8080
2339
5269
4421
787
5746
7842
3220
4541
609
2549
5908
1786
939
2096
912
1470
5261
7873
7487
6028
2192
2273
5280
4269
1838
3443
567
1224
7508
1304
2311
3189
4722
6797
982
8046
783
3637
5717
1886
6436
5688
7749
1258
4076
1020
6408
5113
1071
6817
2840
4421
1235
6156
1958
1662
4431
3078
2742
1747
2532
2005
3002
5756
715
1789
7907
1956
2811
1007
4926
3906
6992
5127
2928
7188
5754
4080
579
2392
1857
4466
3145
5215
3871
1332
6519
5533
1106
7412
886
6750
907
7176
3748
3208
4044
4981
389
2350
6200
3018
3110
1503
3960
3757
2494
6926
3724
3824
3058
4237
4392
4532
2605
5715
2455
4413
6574
1191
7634
7377
4765
3067
3927
4573
1896
7675
2526
4330
3408
3376
5455
4523
3848
1880
6224
4774
1674
6358
3207
4087
4401
3512
4375
4061
4228
3972
4147
4061
4111
4136
4028
4172
4009
4168
3863
2979
6953
2083
5014
3660
4104
3325
5617
3348
4078
4075
4116
4122
4074
4025
4218
4046
4088
4126
4085
4555
3155
4549
4111
4102
4086
4119
4651
3451
4073
3784
4939
3772
3459
3164
6555
4049
2997
3702
4251
5505
3017
2828
6757
2785
3277
5077
4517
3230
4466
4076
3461
3737
5806
3781
2820
5767
3219
3225
5771
2678
5270
3480
3900
4423
4086
3912
4209
4187
3924
4215
4079
4072
4099
4119
4059
4034
4298
3962
4104
4107
4099
4105
4087
4082
4098
4105
4126
4036
4126
4095
4098
4146
4002
4140
4109
4076
4097
4138
4017
4140
4105
4060
4158
4022
4133
4095
4112
4076
4093
4122
4059
4116
4124
4043
4123
4096
4089
4102
4097
4105
4050
4147
4097
4077
4066
4126
4172
3990
4138
4032
4159
4091
4150
3977
4159
4071
4118
4096
4095
4100
4093
4104
4120
4057
4097
4109
4062
4132
4069
4119
4120
4070
4066
4109
4135
4071
4068
4138
4094
4098
4079
4087
4108
4102
4092
4096
4093
4095
4095
4066
4131
4092
4131
4029
4139
4078
4134
4068
4064
4130
4129
4037
4135
4081
4096
4073
4117
4097
4097
4087
4113
4088
4095
4091
4100
4091
4121
4082
4057
4127
4097
4103
4089
4132
4030
4127
4106
4076
4109
4094
4095
4096
4101
4088
4100
4099
4092
4110
4068
4117
4087
4097
4097
4111
4063
4123
4096
4088
4093
4113
4084
4065
4127
4121
4074
4079
4116
4089
4098
4094
4085
4107
4085
4114
4122
4031
4125
4103
4085
4107
4081
4066
4183
4048
4083
4012
4305
3998
4064
4113
4088
4114
4083
4102
4102
4100
4075
4100
4091
4090
4093
4110
4118
4078
4117
4070
4100
4099
4125
4062
4106
4094
4081
4103
4102
4118
4071
4073
4109
4118
4109
4050
4138
4104
4013
4151
timecost, 0.004867, seconds
done
7768
++++++++++++++
sz compression ratio, 2.04 
