...............
971
...............
971
cfgFile=sz.config
[SZ] Reading SZ configuration file (sz.config) ...
sz_compress
SZ_compress_args
SZ_double
SZ_compress_args_double
min:37248.417969
max:171879.359375
ebm:4
2-PW_REL
2260
6354
6277
1563
2378
4754
7203
4020
1539
4849
233
4308
4096
4088
4103
4097
4096
4125
4071
4094
4091
4086
4090
4134
4075
4090
4106
4104
4072
4129
4071
4071
4128
4101
4084
4128
4072
4098
4083
4091
70
6512
5055
7912
714
5527
2738
5886
4380
2379
1346
5708
4562
4142
2029
5762
3927
3816
4358
5076
3019
4341
4045
6938
1380
6656
2778
870
3121
2203
2540
7248
3564
8087
2818
6737
7059
6021
2944
4870
500
4079
484
6985
3173
3918
4410
3166
5579
3239
1406
4621
4780
4539
3007
3573
5362
3465
5837
1060
5744
3397
2087
1880
3540
2987
6065
3205
3545
7935
5316
5955
1053
2389
5517
3606
5384
1366
7303
771
6708
3371
4689
6103
1609
4714
3189
4835
4081
4722
3235
4278
4438
3146
5752
3159
3316
5382
3538
3746
4406
5826
1705
6033
605
6636
3940
3635
5182
666
7987
1678
4204
5991
6856
1756
6594
3127
1827
7974
2630
3569
2657
1205
3412
8112
988
4881
2894
7124
2467
7564
522
2380
199
228
727
478
7834
2606
2583
5789
4227
5114
2218
4735
6796
5487
6558
1014
4088
6517
3170
5668
2594
4710
752
6030
2435
5792
953
1361
4735
4162
370
3678
3244
6286
2323
1926
4915
7187
1303
7863
5968
4588
2839
8125
170
5851
5537
6875
6623
988
7572
2802
5823
3100
8079
1159
527
3598
1527
3884
5738
7213
5558
692
6883
3709
4352
2960
4036
2001
7201
6864
1894
5719
5114
3939
46
7632
3916
4464
2837
2211
7856
4289
7055
2931
2265
5144
7980
3078
1329
5321
110
6629
5543
1895
6246
4782
602
1450
6823
2143
7833
2122
4975
6310
1662
6252
1041
5036
1789
5136
2954
6536
3178
6343
3686
54
7285
4837
4692
1487
6892
2871
6285
1596
7630
1863
4416
2579
2150
3641
2563
1859
1329
7378
2688
4265
348
636
5944
609
3182
2520
4043
5073
2666
5482
2668
2935
6365
6358
801
7199
3282
2249
4187
6528
2086
4500
6515
1374
5807
2482
4255
3353
5827
2438
3362
6450
3454
3387
4452
3676
3281
6285
3840
1889
7685
6843
3105
3619
4767
3497
5526
1731
5910
6961
5282
5130
2454
4781
2757
5989
7172
895
4190
2460
4859
5898
4322
384
5975
5447
3255
3561
5573
3049
3637
4740
4005
2831
7160
1567
3981
6420
1609
5411
3394
4757
3505
3880
3075
5217
7098
54
6535
3080
4468
3409
4626
3531
4644
3923
4108
4084
4082
4117
4081
4137
4063
4081
4088
4151
4032
4597
3156
4594
4267
4507
2671
4904
4125
4056
4102
4100
4112
4080
4121
4080
4101
4095
4070
4109
4130
4063
4092
4130
3670
4887
3652
4222
4027
3994
2476
8135
1197
4132
4635
4743
3422
4438
4122
3596
4028
4005
4362
4420
4250
3388
3746
5139
2975
5001
3598
5558
2174
5292
3610
4210
4041
4200
3888
4220
4055
4152
4040
4138
4118
3976
4189
4077
4087
4109
4122
4072
4096
4057
4136
4102
4074
4109
4097
4134
4017
4135
4099
4099
4080
4109
4115
4075
4099
4066
4125
4090
4103
4085
4106
4092
4096
4097
4096
4100
4114
4078
4065
4140
4049
4139
4113
4067
4075
4105
4100
4108
4092
4162
3984
4174
4112
3901
4285
4081
4071
4067
4122
4092
4102
4111
4073
4124
4071
4071
4121
4116
4067
4121
4070
4136
4076
4074
4088
4134
4097
4097
4075
4082
4119
4095
4091
4107
4074
4109
4065
4158
4062
4095
4105
4088
4064
4133
4104
4117
4057
4069
4161
4064
4068
4155
4035
4129
4094
4122
4068
4098
4102
4096
4069
4119
4089
4099
4105
4082
4113
4076
4117
4080
4101
4097
4098
4092
4095
4096
4087
4091
4097
4134
4107
4070
4087
4099
4065
4135
4070
4125
4070
4136
4044
4119
4098
4097
4096
4095
4097
4095
4098
4093
4102
4100
4086
4082
4110
4111
4078
4093
4128
4071
4093
4093
4104
4111
4080
4093
4096
4094
4110
4084
4096
4120
4058
4111
4089
4107
4092
4097
4089
4103
4103
4083
4055
4109
4210
4024
4080
4107
4102
4077
4113
4101
4069
4113
4094
4094
4101
4080
4109
4095
4099
4102
4094
4093
4093
4096
4084
4121
4066
4111
4095
4103
4063
4107
4151
4045
4121
4086
4103
4082
4123
4064
4109
4104
4075
4108
4121
4063
4089
4088
4152
4060
4103
4095
4087
4103
4095
4068
4149
4082
4041
4138
4098
timecost, 0.004658, seconds
done
7768
++++++++++++++
sz compression ratio, 2.07 
