current pwr_bound is 5e-10
cfgFile=sz.config
[SZ] Reading SZ configuration file (sz.config) ...
point count: 5560
pwrLength=174
pwrErrBoundBytes_size=348
pw_relBoundRatio=0.000000
hit: 1656
miss: 3902
length of statenum:65536
nodecount=2897
treeByteSize=26074
enCodeSize=3203
-------insight of tdps
dataLength=5560
exactDataNum=3904
realPrecision=0.000000
medianValue=0.000000
reqLength=43
quantization_intervals=20000
pwrErrBoundBytes_size=348
radExpo=0
-----------------------
timecost, 0.005396, seconds
done
input file size: 44480
output file size: 27822
sz compression ratio, 1.60 
timecost, 0.004220, second
done
Max absolute error = 4.9438941829293980845E-10
Max relative error = 8.3623757925701269749E-10
Max pw_relative err = 4.9447211866040424503E-10
../model_comparison/inputdata/sample_10/bump.dat, ../model_comparison/inputdata/sample_10/bump.dat.sz.out, 5560
size of double: 8
0.619296, 0.619296, -0.000000
0.653784, 0.653784, -0.000000
0.653784, 0.653784, -0.000000
0.653784, 0.653784, -0.000000
0.677486, 0.677486, -0.000000
0.677486, 0.677486, -0.000000
0.677486, 0.677486, -0.000000
0.693901, 0.693901, -0.000000
0.693901, 0.693901, -0.000000
0.693901, 0.693901, -0.000000
0.706171, 0.706171, -0.000000
0.706171, 0.706171, -0.000000
0.706171, 0.706171, -0.000000
0.715365, 0.715365, -0.000000
0.715365, 0.715365, -0.000000
0.715365, 0.715365, -0.000000
0.722633, 0.722633, -0.000000
0.722633, 0.722633, -0.000000
0.722633, 0.722633, -0.000000
0.728703, 0.728703, -0.000000
0.728703, 0.728703, -0.000000
0.728703, 0.728703, -0.000000
0.733906, 0.733906, -0.000000
0.733906, 0.733906, -0.000000
0.733906, 0.733906, -0.000000
0.738288, 0.738288, -0.000000
0.738288, 0.738288, -0.000000
0.738288, 0.738288, -0.000000
0.742537, 0.742537, -0.000000
0.742537, 0.742537, -0.000000
0.742537, 0.742537, -0.000000
0.746153, 0.746153, -0.000000
0.746153, 0.746153, -0.000000
0.746153, 0.746153, -0.000000
0.749860, 0.749860, -0.000000
0.749860, 0.749860, -0.000000
0.749860, 0.749860, -0.000000
0.753369, 0.753369, -0.000000
0.753369, 0.753369, -0.000000
0.753369, 0.753369, -0.000000
0.806376, 0.806376, -0.000000
0.806376, 0.806376, -0.000000
0.810119, 0.810119, -0.000000
0.810119, 0.810119, -0.000000
0.810119, 0.810119, -0.000000
0.813954, 0.813954, -0.000000
0.813954, 0.813954, -0.000000
0.813954, 0.813954, -0.000000
0.817763, 0.817763, -0.000000
0.817763, 0.817763, -0.000000
0.817763, 0.817763, -0.000000
0.821310, 0.821310, -0.000000
0.821310, 0.821310, -0.000000
0.821310, 0.821310, -0.000000
0.824831, 0.824831, -0.000000
0.824831, 0.824831, -0.000000
0.824831, 0.824831, -0.000000
0.828379, 0.828379, -0.000000
0.828379, 0.828379, -0.000000
0.828379, 0.828379, -0.000000
0.831891, 0.831891, -0.000000
0.831891, 0.831891, -0.000000
0.831891, 0.831891, -0.000000
0.835091, 0.835091, -0.000000
0.835091, 0.835091, -0.000000
0.835091, 0.835091, -0.000000
0.838175, 0.838175, -0.000000
0.838175, 0.838175, -0.000000
0.838175, 0.838175, -0.000000
0.841390, 0.841390, -0.000000
0.841390, 0.841390, -0.000000
0.841390, 0.841390, -0.000000
0.844532, 0.844532, -0.000000
0.844532, 0.844532, -0.000000
0.844532, 0.844532, -0.000000
0.847289, 0.847289, -0.000000
0.847289, 0.847289, -0.000000
0.847289, 0.847289, -0.000000
0.849704, 0.849704, -0.000000
0.849704, 0.849704, -0.000000
0.891505, 0.891505, -0.000000
0.891505, 0.891505, -0.000000
0.891505, 0.891505, -0.000000
0.897821, 0.897821, -0.000000
0.897821, 0.897821, -0.000000
0.897821, 0.897821, -0.000000
0.904444, 0.904444, -0.000000
0.904444, 0.904444, -0.000000
0.904444, 0.904444, -0.000000
0.911096, 0.911096, -0.000000
0.911096, 0.911096, -0.000000
0.911096, 0.911096, -0.000000
0.917549, 0.917549, -0.000000
0.917549, 0.917549, -0.000000
0.917549, 0.917549, -0.000000
0.923586, 0.923586, -0.000000
0.923586, 0.923586, -0.000000
0.923586, 0.923586, -0.000000
0.928984, 0.928984, -0.000000
0.928984, 0.928984, -0.000000
0.928984, 0.928984, -0.000000
0.933575, 0.933575, -0.000000
0.933575, 0.933575, -0.000000
0.933575, 0.933575, -0.000000
0.937222, 0.937222, -0.000000
0.937222, 0.937222, -0.000000
0.937222, 0.937222, -0.000000
0.939870, 0.939870, -0.000000
0.939870, 0.939870, -0.000000
0.939870, 0.939870, -0.000000
0.941490, 0.941490, -0.000000
0.941490, 0.941490, -0.000000
0.941490, 0.941490, -0.000000
0.942119, 0.942119, -0.000000
0.942119, 0.942119, -0.000000
0.942119, 0.942119, -0.000000
0.941828, 0.941828, -0.000000
0.941828, 0.941828, -0.000000
0.941828, 0.941828, -0.000000
0.940722, 0.940722, -0.000000
0.838195, 0.838195, -0.000000
0.841408, 0.841408, -0.000000
0.841408, 0.841408, -0.000000
0.841408, 0.841408, 0.000000
0.844545, 0.844545, -0.000000
0.844545, 0.844545, -0.000000
0.844545, 0.844545, 0.000000
0.847303, 0.847303, -0.000000
0.847304, 0.847304, -0.000000
0.847303, 0.847303, 0.000000
0.849727, 0.849727, -0.000000
0.849728, 0.849728, -0.000000
0.849727, 0.849727, -0.000000
0.852599, 0.852599, -0.000000
0.852599, 0.852599, -0.000000
0.852599, 0.852599, 0.000000
0.855159, 0.855159, -0.000000
0.855159, 0.855159, -0.000000
0.855159, 0.855159, -0.000000
0.857360, 0.857360, -0.000000
0.857361, 0.857361, -0.000000
0.857360, 0.857360, -0.000000
0.859863, 0.859863, -0.000000
0.859865, 0.859865, -0.000000
0.859863, 0.859863, -0.000000
0.861691, 0.861691, -0.000000
0.861692, 0.861692, -0.000000
0.861691, 0.861691, 0.000000
0.864233, 0.864233, -0.000000
0.864234, 0.864234, -0.000000
0.864233, 0.864233, -0.000000
0.865766, 0.865766, -0.000000
0.865767, 0.865767, -0.000000
0.865766, 0.865766, 0.000000
0.867578, 0.867578, -0.000000
0.867579, 0.867579, -0.000000
0.867578, 0.867578, 0.000000
0.869200, 0.869200, -0.000000
0.869201, 0.869201, -0.000000
0.869200, 0.869200, 0.000000
0.939939, 0.939939, -0.000000
0.939939, 0.939939, -0.000000
0.941593, 0.941593, -0.000000
0.941593, 0.941593, -0.000000
0.941593, 0.941593, 0.000000
0.942260, 0.942260, -0.000000
0.942260, 0.942260, -0.000000
0.942260, 0.942260, -0.000000
0.942009, 0.942009, -0.000000
0.942009, 0.942009, -0.000000
0.942009, 0.942009, -0.000000
0.940943, 0.940943, -0.000000
0.940943, 0.940943, -0.000000
0.940943, 0.940943, 0.000000
0.939185, 0.939185, -0.000000
0.939185, 0.939185, -0.000000
0.939185, 0.939185, -0.000000
0.936865, 0.936865, -0.000000
0.936865, 0.936865, -0.000000
0.936865, 0.936865, 0.000000
0.934116, 0.934116, -0.000000
0.934116, 0.934116, -0.000000
0.934116, 0.934116, -0.000000
0.931056, 0.931056, -0.000000
0.931056, 0.931056, -0.000000
0.931056, 0.931056, -0.000000
0.927801, 0.927801, -0.000000
0.927801, 0.927801, -0.000000
0.927801, 0.927801, 0.000000
0.924443, 0.924443, -0.000000
0.924443, 0.924443, -0.000000
0.924443, 0.924443, -0.000000
0.921064, 0.921064, -0.000000
0.921064, 0.921064, -0.000000
0.921064, 0.921064, -0.000000
0.917727, 0.917727, -0.000000
0.917727, 0.917727, -0.000000
0.917727, 0.917727, -0.000000
0.914483, 0.914483, -0.000000
0.914483, 0.914483, -0.000000
0.562909, 0.562909, -0.000000
0.562909, 0.562909, -0.000000
0.562909, 0.562909, 0.000000
0.555716, 0.555716, -0.000000
0.555715, 0.555715, -0.000000
0.555716, 0.555716, 0.000000
0.549040, 0.549040, -0.000000
0.549040, 0.549040, -0.000000
0.549040, 0.549040, 0.000000
0.542816, 0.542816, -0.000000
0.542816, 0.542816, -0.000000
0.542816, 0.542816, -0.000000
0.537032, 0.537032, -0.000000
0.537031, 0.537031, -0.000000
0.537032, 0.537032, -0.000000
0.531619, 0.531619, -0.000000
0.531619, 0.531619, -0.000000
0.531619, 0.531619, -0.000000
0.526668, 0.526668, -0.000000
0.526668, 0.526668, -0.000000
0.526668, 0.526668, -0.000000
0.522215, 0.522215, -0.000000
0.522215, 0.522215, -0.000000
0.522215, 0.522215, -0.000000
0.519600, 0.519600, -0.000000
0.519600, 0.519600, -0.000000
0.519600, 0.519600, 0.000000
0.520505, 0.520505, -0.000000
0.520505, 0.520505, -0.000000
0.520505, 0.520505, -0.000000
0.533421, 0.533421, -0.000000
0.533423, 0.533423, -0.000000
0.533421, 0.533421, -0.000000
0.574585, 0.574585, -0.000000
0.574590, 0.574590, -0.000000
0.574585, 0.574585, -0.000000
0.619337, 0.619337, -0.000000
0.619341, 0.619341, -0.000000
0.619337, 0.619337, -0.000000
0.653764, 0.653764, -0.000000
0.677482, 0.677482, -0.000000
0.677480, 0.677480, -0.000000
0.677482, 0.677482, -0.000000
0.693899, 0.693899, -0.000000
0.693897, 0.693897, -0.000000
0.693899, 0.693899, -0.000000
0.706186, 0.706186, -0.000000
0.706183, 0.706183, -0.000000
0.706186, 0.706186, -0.000000
0.715418, 0.715418, -0.000000
0.715415, 0.715415, -0.000000
0.715418, 0.715418, -0.000000
0.722745, 0.722745, -0.000000
0.722742, 0.722742, -0.000000
0.722745, 0.722745, -0.000000
0.728831, 0.728831, -0.000000
0.728827, 0.728827, -0.000000
0.728831, 0.728831, -0.000000
0.734061, 0.734061, -0.000000
0.734058, 0.734058, -0.000000
0.734061, 0.734061, -0.000000
0.738468, 0.738468, -0.000000
0.738465, 0.738465, -0.000000
0.738468, 0.738468, -0.000000
0.742721, 0.742721, -0.000000
0.742719, 0.742719, -0.000000
0.742721, 0.742721, 0.000000
0.746353, 0.746353, -0.000000
0.746350, 0.746350, -0.000000
0.746353, 0.746353, -0.000000
0.750080, 0.750080, -0.000000
0.750078, 0.750078, -0.000000
0.750080, 0.750080, -0.000000
0.753602, 0.753602, -0.000000
0.753600, 0.753600, -0.000000
0.753602, 0.753602, -0.000000
0.757236, 0.757236, -0.000000
0.757234, 0.757234, -0.000000
0.757236, 0.757236, -0.000000
0.760819, 0.760819, -0.000000
0.621767, 0.621767, -0.000000
0.611879, 0.611879, -0.000000
0.611879, 0.611879, -0.000000
0.611879, 0.611879, 0.000000
0.602713, 0.602713, -0.000000
0.602713, 0.602713, -0.000000
0.602713, 0.602713, -0.000000
0.594208, 0.594208, -0.000000
0.594208, 0.594208, -0.000000
0.594208, 0.594208, -0.000000
0.586317, 0.586317, -0.000000
0.586317, 0.586317, -0.000000
0.586317, 0.586317, 0.000000
0.578983, 0.578983, -0.000000
0.578983, 0.578983, -0.000000
0.578983, 0.578983, -0.000000
0.572162, 0.572162, -0.000000
0.572162, 0.572162, -0.000000
0.572162, 0.572162, 0.000000
0.565800, 0.565800, -0.000000
0.565799, 0.565799, -0.000000
0.565800, 0.565800, 0.000000
0.559883, 0.559883, -0.000000
0.559883, 0.559883, -0.000000
0.559883, 0.559883, 0.000000
0.554337, 0.554337, -0.000000
0.554337, 0.554337, -0.000000
0.554337, 0.554337, 0.000000
0.549264, 0.549264, -0.000000
0.549264, 0.549264, -0.000000
0.549264, 0.549264, -0.000000
0.544592, 0.544592, -0.000000
0.544591, 0.544591, -0.000000
0.544592, 0.544592, -0.000000
0.541361, 0.541361, -0.000000
0.541361, 0.541361, -0.000000
0.541361, 0.541361, 0.000000
0.540360, 0.540360, -0.000000
0.540360, 0.540360, -0.000000
0.540360, 0.540360, -0.000000
0.548962, 0.548962, -0.000000
0.548964, 0.548964, -0.000000
0.548962, 0.548962, 0.000000
0.582074, 0.582074, -0.000000
0.582079, 0.582079, -0.000000
0.582074, 0.582074, -0.000000
0.621667, 0.621667, -0.000000
0.621672, 0.621672, -0.000000
0.621667, 0.621667, -0.000000
0.654375, 0.654375, -0.000000
0.654376, 0.654376, -0.000000
0.654375, 0.654375, 0.000000
0.677599, 0.677599, -0.000000
0.677598, 0.677598, -0.000000
0.677599, 0.677599, 0.000000
0.693904, 0.693904, -0.000000
0.693902, 0.693902, -0.000000
0.693904, 0.693904, -0.000000
0.706151, 0.706151, -0.000000
0.706149, 0.706149, -0.000000
0.706151, 0.706151, -0.000000
0.715389, 0.715389, -0.000000
0.715386, 0.715386, -0.000000
0.715389, 0.715389, -0.000000
0.722745, 0.722745, -0.000000
0.722741, 0.722741, -0.000000
0.722745, 0.722745, -0.000000
0.728838, 0.728838, -0.000000
0.728835, 0.728835, -0.000000
0.728838, 0.728838, -0.000000
0.734088, 0.734088, -0.000000
0.734085, 0.734085, -0.000000
0.734088, 0.734088, 0.000000
0.738508, 0.738508, -0.000000
0.738505, 0.738505, -0.000000
0.738508, 0.738508, -0.000000
0.742766, 0.742766, -0.000000
0.742763, 0.742763, -0.000000
0.742766, 0.742766, 0.000000
0.746409, 0.746409, -0.000000
0.795114, 0.795114, -0.000000
0.799038, 0.799038, -0.000000
0.799037, 0.799037, -0.000000
0.799038, 0.799038, 0.000000
0.802959, 0.802959, -0.000000
0.802958, 0.802958, -0.000000
0.802959, 0.802959, -0.000000
0.806747, 0.806747, -0.000000
0.806746, 0.806746, -0.000000
0.806747, 0.806747, 0.000000
0.810537, 0.810537, -0.000000
0.810537, 0.810537, -0.000000
0.810537, 0.810537, -0.000000
0.814354, 0.814354, -0.000000
0.814353, 0.814353, -0.000000
0.814354, 0.814354, -0.000000
0.818097, 0.818097, -0.000000
0.818097, 0.818097, -0.000000
0.818097, 0.818097, 0.000000
0.821689, 0.821689, -0.000000
0.821689, 0.821689, -0.000000
0.821689, 0.821689, 0.000000
0.825258, 0.825258, -0.000000
0.825258, 0.825258, -0.000000
0.825258, 0.825258, 0.000000
0.828792, 0.828792, -0.000000
0.828792, 0.828792, -0.000000
0.828792, 0.828792, -0.000000
0.832225, 0.832225, -0.000000
0.832225, 0.832225, -0.000000
0.832225, 0.832225, 0.000000
0.835481, 0.835481, -0.000000
0.835481, 0.835481, -0.000000
0.835481, 0.835481, 0.000000
0.838663, 0.838663, -0.000000
0.838664, 0.838664, -0.000000
0.838663, 0.838663, 0.000000
0.841833, 0.841833, -0.000000
0.841833, 0.841833, -0.000000
0.841833, 0.841833, 0.000000
0.905925, 0.905925, -0.000000
0.905913, 0.905913, -0.000000
0.906688, 0.906688, -0.000000
0.906698, 0.906698, -0.000000
0.906688, 0.906688, -0.000000
0.907744, 0.907744, -0.000000
0.907746, 0.907746, -0.000000
0.907744, 0.907744, -0.000000
0.908902, 0.908902, -0.000000
0.908894, 0.908894, -0.000000
0.908902, 0.908902, -0.000000
0.910070, 0.910070, -0.000000
0.910049, 0.910049, -0.000000
0.910070, 0.910070, -0.000000
0.911209, 0.911209, -0.000000
0.911189, 0.911189, -0.000000
0.911209, 0.911209, -0.000000
0.912414, 0.912414, -0.000000
0.912409, 0.912409, -0.000000
0.912414, 0.912414, 0.000000
0.914509, 0.914509, -0.000000
0.914524, 0.914524, -0.000000
0.914509, 0.914509, -0.000000
0.917968, 0.917968, -0.000000
0.918006, 0.918006, -0.000000
0.917968, 0.917968, -0.000000
0.922484, 0.922484, -0.000000
0.922510, 0.922510, -0.000000
0.922484, 0.922484, -0.000000
0.927407, 0.927407, -0.000000
0.927383, 0.927383, -0.000000
0.927407, 0.927407, -0.000000
0.932055, 0.932055, -0.000000
0.932019, 0.932019, -0.000000
0.932055, 0.932055, -0.000000
0.937316, 0.937316, -0.000000
0.937304, 0.937304, -0.000000
0.937316, 0.937316, -0.000000
0.945467, 0.945467, -0.000000
0.945470, 0.945470, -0.000000
0.945467, 0.945467, 0.000000
0.957024, 0.957024, -0.000000
0.957034, 0.957034, -0.000000
0.957024, 0.957024, -0.000000
0.970007, 0.970007, -0.000000
0.970013, 0.970013, -0.000000
0.970007, 0.970007, -0.000000
0.984256, 0.984256, -0.000000
0.984246, 0.984246, -0.000000
0.984256, 0.984256, -0.000000
1.001564, 1.001564, -0.000000
1.001552, 1.001552, -0.000000
1.001564, 1.001564, -0.000000
1.021949, 1.021949, -0.000000
1.021951, 1.021951, -0.000000
1.021949, 1.021949, -0.000000
1.036355, 1.036355, -0.000000
1.036362, 1.036362, -0.000000
1.036355, 1.036355, -0.000000
1.041696, 1.041696, -0.000000
1.041699, 1.041699, -0.000000
1.041696, 1.041696, 0.000000
1.039273, 1.039273, -0.000000
1.039274, 1.039274, -0.000000
1.039273, 1.039273, -0.000000
1.030599, 1.030599, -0.000000
1.030600, 1.030600, -0.000000
1.030599, 1.030599, 0.000000
1.012154, 1.012154, -0.000000
1.012154, 1.012154, -0.000000
1.012154, 1.012154, -0.000000
0.971840, 0.971840, -0.000000
0.971840, 0.971840, -0.000000
0.971840, 0.971840, 0.000000
0.923275, 0.923275, -0.000000
0.923275, 0.923275, -0.000000
0.923275, 0.923275, -0.000000
0.885042, 0.885042, -0.000000
0.885043, 0.885043, -0.000000
0.885042, 0.885042, -0.000000
0.851541, 0.851541, -0.000000
0.851542, 0.851542, -0.000000
0.851541, 0.851541, -0.000000
0.822032, 0.822032, -0.000000
0.822033, 0.822033, -0.000000
0.822032, 0.822032, 0.000000
0.795758, 0.795758, -0.000000
0.795758, 0.795758, -0.000000
0.795758, 0.795758, -0.000000
0.772181, 0.772181, -0.000000
0.772181, 0.772181, -0.000000
0.772181, 0.772181, 0.000000
0.750888, 0.750888, -0.000000
0.750888, 0.750888, -0.000000
0.750888, 0.750888, -0.000000
0.731564, 0.731564, -0.000000
0.731564, 0.731564, -0.000000
0.731564, 0.731564, 0.000000
0.713951, 0.713951, -0.000000
0.713951, 0.713951, -0.000000
totaldiff=0.0000007327, sz=5560, average absolute error value:0.0000000001
totaldiff=0.0000007963, sz=5560, average relative error rate:0.0000000001
