current pwr_bound is 1e-2
cfgFile=sz.config
[SZ] Reading SZ configuration file (sz.config) ...
point count: 55692
pwrLength=1741
pwrErrBoundBytes_size=3482
pw_relBoundRatio=0.010000
hit: 55690
miss: 0
length of statenum:65536
nodecount=235
treeByteSize=1646
enCodeSize=17951
-------insight of tdps
dataLength=55692
exactDataNum=2
realPrecision=0.009766
medianValue=0.000000
reqLength=19
quantization_intervals=20000
pwrErrBoundBytes_size=3482
radExpo=0
-----------------------
timecost, 0.006121, seconds
done
input file size: 445536
output file size: 9703
sz compression ratio, 45.92 
timecost, 0.005370, second
done
Max absolute error = 0.010247368696551628631
Max relative error = 0.0078078638886052579085
Max pw_relative err = 0.0099595780241071001776
../model_comparison/inputdata/original/bump.dat, ../model_comparison/inputdata/original/bump.dat.sz.out, 55692
size of double: 8
0.878264, 0.875000, -0.003264
0.877647, 0.875000, -0.002647
0.878264, 0.875000, -0.003264
0.877647, 0.875000, -0.002647
0.877647, 0.875000, -0.002647
0.877647, 0.875000, -0.002647
0.876108, 0.875000, -0.001108
0.876108, 0.875000, -0.001108
0.876108, 0.875000, -0.001108
0.878142, 0.875000, -0.003142
0.878142, 0.875000, -0.003142
0.878142, 0.875000, -0.003142
0.878108, 0.875000, -0.003108
0.878108, 0.875000, -0.003108
0.878108, 0.875000, -0.003108
0.878462, 0.875000, -0.003462
0.878462, 0.875000, -0.003462
0.878462, 0.875000, -0.003462
0.878907, 0.875000, -0.003907
0.878907, 0.875000, -0.003907
0.878907, 0.875000, -0.003907
0.879378, 0.875000, -0.004378
0.879378, 0.875000, -0.004378
0.879378, 0.875000, -0.004378
0.879893, 0.875000, -0.004893
0.879893, 0.875000, -0.004893
0.879893, 0.875000, -0.004893
0.880489, 0.875000, -0.005489
0.880489, 0.875000, -0.005489
0.880489, 0.875000, -0.005489
0.881238, 0.875000, -0.006238
0.881238, 0.875000, -0.006238
0.881238, 0.875000, -0.006238
0.882170, 0.875000, -0.007170
0.882170, 0.875000, -0.007170
0.882170, 0.875000, -0.007170
0.883345, 0.875000, -0.008345
0.883345, 0.875000, -0.008345
0.883345, 0.875000, -0.008345
0.884758, 0.892578, 0.007821
0.884758, 0.892578, 0.007821
0.884758, 0.892578, 0.007821
0.886264, 0.892578, 0.006315
0.886264, 0.892578, 0.006315
0.886264, 0.892578, 0.006315
0.887784, 0.892578, 0.004794
0.887784, 0.892578, 0.004794
0.887784, 0.892578, 0.004794
0.889306, 0.892578, 0.003272
0.889306, 0.892578, 0.003272
0.889306, 0.892578, 0.003272
0.890908, 0.892578, 0.001670
0.890908, 0.892578, 0.001670
0.890908, 0.892578, 0.001670
0.893410, 0.892578, -0.000832
0.893410, 0.892578, -0.000832
0.893410, 0.892578, -0.000832
0.897265, 0.892578, -0.004687
0.897265, 0.892578, -0.004687
0.897265, 0.892578, -0.004687
0.902269, 0.910156, 0.007887
0.902269, 0.910156, 0.007887
0.902269, 0.910156, 0.007887
0.907751, 0.910156, 0.002405
0.907751, 0.910156, 0.002405
0.907751, 0.910156, 0.002405
0.913092, 0.910156, -0.002936
0.913092, 0.910156, -0.002936
0.913092, 0.910156, -0.002936
0.919233, 0.927734, 0.008502
0.919233, 0.927734, 0.008502
0.919233, 0.927734, 0.008502
0.928425, 0.927734, -0.000690
0.928425, 0.927734, -0.000690
0.928425, 0.927734, -0.000690
0.941154, 0.945312, 0.004159
0.941154, 0.945312, 0.004159
0.941154, 0.945312, 0.004159
0.955785, 0.962891, 0.007106
0.955785, 0.962891, 0.007106
0.955785, 0.962891, 0.007106
0.972430, 0.980469, 0.008039
0.972430, 0.980469, 0.008039
0.972430, 0.980469, 0.008039
0.992474, 0.998047, 0.005573
0.992474, 0.998047, 0.005573
0.992474, 0.998047, 0.005573
1.014292, 1.015625, 0.001333
1.014292, 1.015625, 0.001333
1.014292, 1.015625, 0.001333
1.028987, 1.033203, 0.004216
1.028987, 1.033203, 0.004216
1.028987, 1.033203, 0.004216
1.033146, 1.033203, 0.000057
1.033146, 1.033203, 0.000057
1.033146, 1.033203, 0.000057
1.028845, 1.033203, 0.004358
1.028845, 1.033203, 0.004358
1.028845, 1.033203, 0.004358
1.017315, 1.019043, 0.001728
1.017315, 1.019043, 0.001728
1.017315, 1.019043, 0.001728
0.994072, 0.990723, -0.003350
0.994072, 0.990723, -0.003350
0.994072, 0.990723, -0.003350
0.945851, 0.948242, 0.002392
0.945851, 0.948242, 0.002392
0.945851, 0.948242, 0.002392
0.891370, 0.891602, 0.000232
0.891370, 0.891602, 0.000232
0.891370, 0.891602, 0.000232
0.850339, 0.849121, -0.001218
0.850339, 0.849121, -0.001218
0.850339, 0.849121, -0.001218
0.814785, 0.820801, 0.006016
0.814785, 0.820801, 0.006016
0.814785, 0.820801, 0.006016
0.783797, 0.778320, -0.005477
0.783797, 0.778320, -0.005477
0.783797, 0.778320, -0.005477
0.756466, 0.750000, -0.006466
0.756466, 0.750000, -0.006466
0.756466, 0.750000, -0.006466
0.732139, 0.735840, 0.003701
0.732139, 0.735840, 0.003701
0.732139, 0.735840, 0.003701
0.710324, 0.707520, -0.002805
0.710324, 0.707520, -0.002805
0.710324, 0.707520, -0.002805
0.690647, 0.685059, -0.005588
0.690647, 0.685059, -0.005588
0.690647, 0.685059, -0.005588
0.672817, 0.673828, 0.001011
0.672817, 0.673828, 0.001011
0.672817, 0.673828, 0.001011
0.656599, 0.651367, -0.005231
0.656599, 0.651367, -0.005231
0.656599, 0.651367, -0.005231
0.641790, 0.640137, -0.001654
0.641790, 0.640137, -0.001654
0.641790, 0.640137, -0.001654
0.628241, 0.628906, 0.000666
0.628241, 0.628906, 0.000666
0.628241, 0.628906, 0.000666
0.615806, 0.617676, 0.001870
0.615806, 0.617676, 0.001870
0.615806, 0.617676, 0.001870
0.604377, 0.606445, 0.002069
0.604377, 0.606445, 0.002069
0.604377, 0.606445, 0.002069
0.593841, 0.595215, 0.001374
0.593841, 0.595215, 0.001374
0.593841, 0.595215, 0.001374
0.584121, 0.583984, -0.000137
0.584121, 0.583984, -0.000137
0.584121, 0.583984, -0.000137
0.575142, 0.572754, -0.002388
0.575142, 0.572754, -0.002388
0.575142, 0.572754, -0.002388
0.566828, 0.561523, -0.005305
0.566828, 0.570801, 0.003973
0.566828, 0.569824, 0.002996
0.559127, 0.558594, -0.000533
0.559127, 0.557617, -0.001510
0.559127, 0.556641, -0.002486
0.551982, 0.555664, 0.003682
0.551982, 0.554688, 0.002705
0.551982, 0.553711, 0.001729
0.545354, 0.542480, -0.002873
0.545354, 0.541504, -0.003850
0.545354, 0.540527, -0.004827
0.539183, 0.539551, 0.000368
0.539183, 0.538574, -0.000608
0.539183, 0.537598, -0.001585
0.533445, 0.536621, 0.003176
0.533445, 0.535645, 0.002200
0.533445, 0.534668, 0.001223
0.528072, 0.523438, -0.004634
0.528072, 0.532715, 0.004643
0.528072, 0.531738, 0.003667
0.523165, 0.520508, -0.002657
0.523165, 0.519531, -0.003634
0.523165, 0.518555, -0.004610
0.518782, 0.517578, -0.001203
0.518782, 0.516602, -0.002180
0.518782, 0.515625, -0.003157
0.516349, 0.514648, -0.001700
0.516349, 0.513672, -0.002677
0.516349, 0.512695, -0.003653
0.517702, 0.521973, 0.004271
0.517702, 0.520996, 0.003295
0.517702, 0.520020, 0.002318
0.531669, 0.529297, -0.002372
0.531669, 0.528320, -0.003349
0.531669, 0.527344, -0.004325
0.574154, 0.577637, 0.003482
0.574154, 0.576660, 0.002506
0.574154, 0.575684, 0.001529
0.619296, 0.615723, -0.003573
0.619296, 0.614746, -0.004550
0.619296, 0.624023, 0.004728
0.653784, 0.653809, 0.000024
0.653784, 0.652832, -0.000952
0.653784, 0.651855, -0.001929
0.677486, 0.681641, 0.004154
0.677486, 0.680664, 0.003178
0.677486, 0.679688, 0.002201
0.693901, 0.688965, -0.004936
0.693901, 0.698242, 0.004341
0.693901, 0.697266, 0.003365
0.706171, 0.706543, 0.000372
0.706171, 0.705566, -0.000605
0.706171, 0.704590, -0.001582
0.715365, 0.713867, -0.001498
0.715365, 0.712891, -0.002474
0.715365, 0.711914, -0.003451
0.722633, 0.721191, -0.001441
0.722633, 0.720215, -0.002418
0.722633, 0.719238, -0.003395
0.728703, 0.728516, -0.000187
0.728703, 0.727539, -0.001164
0.728703, 0.726562, -0.002141
0.733906, 0.735840, 0.001934
0.733906, 0.734863, 0.000957
0.733906, 0.733887, -0.000019
0.738288, 0.732910, -0.005378
0.738288, 0.731934, -0.006355
0.738288, 0.745605, 0.007317
0.742537, 0.744629, 0.002092
0.742537, 0.743652, 0.001116
0.742537, 0.742676, 0.000139
0.746153, 0.741699, -0.004454
0.746153, 0.740723, -0.005431
0.746153, 0.739746, -0.006407
0.749860, 0.753418, 0.003558
0.749860, 0.752441, 0.002581
0.749860, 0.751465, 0.001604
0.753369, 0.750488, -0.002881
0.753369, 0.749512, -0.003857
0.753369, 0.748535, -0.004834
0.757007, 0.762207, 0.005201
0.757007, 0.761230, 0.004224
0.757007, 0.760254, 0.003247
0.760574, 0.759277, -0.001297
0.760574, 0.758301, -0.002274
0.760574, 0.757324, -0.003250
0.764180, 0.770996, 0.006817
0.764180, 0.770020, 0.005840
0.764180, 0.769043, 0.004863
0.767885, 0.768066, 0.000182
0.767885, 0.767090, -0.000795
0.767885, 0.766113, -0.001771
0.771678, 0.765137, -0.006542
0.771678, 0.778809, 0.007130
0.771678, 0.777832, 0.006154
0.775394, 0.776855, 0.001461
0.775394, 0.775879, 0.000485
0.775394, 0.774902, -0.000492
0.779178, 0.773926, -0.005252
0.779178, 0.772949, -0.006228
0.779178, 0.771973, -0.007205
0.783054, 0.786133, 0.003079
0.783054, 0.785156, 0.002102
0.783054, 0.784180, 0.001126
0.787041, 0.783203, -0.003838
0.787041, 0.782227, -0.004814
0.787041, 0.781250, -0.005791
0.790834, 0.795410, 0.004576
0.790834, 0.794434, 0.003600
0.790834, 0.793457, 0.002623
0.794702, 0.792480, -0.002222
0.794702, 0.791504, -0.003198
0.794702, 0.790527, -0.004175
0.798633, 0.804688, 0.006055
0.798633, 0.803711, 0.005078
0.798633, 0.802734, 0.004102
0.802621, 0.801758, -0.000863
0.802621, 0.800781, -0.001840
0.802621, 0.799805, -0.002816
0.806376, 0.798828, -0.007548
0.806376, 0.812988, 0.006612
0.806376, 0.812012, 0.005636
0.810119, 0.811035, 0.000917
0.810119, 0.810059, -0.000060
0.810119, 0.809082, -0.001037
0.813954, 0.808105, -0.005848
0.813954, 0.807129, -0.006825
0.813954, 0.821289, 0.007336
0.817763, 0.819824, 0.002061
0.817763, 0.818359, 0.000596
0.817763, 0.816895, -0.000869
0.821310, 0.815430, -0.005881
0.821310, 0.813965, -0.007346
0.821310, 0.828125, 0.006815
0.824831, 0.826660, 0.001829
0.824831, 0.825195, 0.000365
0.824831, 0.823730, -0.001100
0.828379, 0.822266, -0.006114
0.828379, 0.820801, -0.007579
0.828379, 0.834961, 0.006582
0.831891, 0.833496, 0.001605
0.831891, 0.832031, 0.000140
0.831891, 0.830566, -0.001325
0.835091, 0.829102, -0.005990
0.835091, 0.827637, -0.007455
0.835091, 0.841797, 0.006705
0.838175, 0.840332, 0.002157
0.838175, 0.838867, 0.000693
0.838175, 0.837402, -0.000772
0.841390, 0.835938, -0.005452
0.841390, 0.834473, -0.006917
0.841390, 0.848633, 0.007243
0.844532, 0.847168, 0.002636
0.844532, 0.845703, 0.001172
0.844532, 0.844238, -0.000293
0.847289, 0.842773, -0.004515
0.847289, 0.841309, -0.005980
0.847289, 0.839844, -0.007445
0.849704, 0.854004, 0.004300
0.849704, 0.852539, 0.002835
0.849704, 0.851074, 0.001370
0.852580, 0.849609, -0.002971
0.852580, 0.848145, -0.004436
0.852580, 0.846680, -0.005901
0.855144, 0.861816, 0.006673
0.855144, 0.860352, 0.005208
0.855144, 0.858887, 0.003743
0.857340, 0.857422, 0.000082
0.857340, 0.855957, -0.001383
0.857340, 0.854492, -0.002848
0.859847, 0.853027, -0.006820
0.859847, 0.851562, -0.008285
0.859847, 0.866699, 0.006852
0.861671, 0.865234, 0.003564
0.861671, 0.863770, 0.002099
0.861671, 0.862305, 0.000634
0.864216, 0.860840, -0.003377
0.864216, 0.859375, -0.004841
0.864216, 0.857910, -0.006306
0.865745, 0.873047, 0.007302
0.865745, 0.871582, 0.005837
0.865745, 0.870117, 0.004372
0.867552, 0.868652, 0.001100
0.867552, 0.867188, -0.000365
0.867552, 0.865723, -0.001830
0.869166, 0.864258, -0.004908
0.869166, 0.862793, -0.006373
0.869166, 0.861328, -0.007838
0.872965, 0.876465, 0.003500
0.872965, 0.875000, 0.002035
0.872965, 0.873535, 0.000571
0.876421, 0.872070, -0.004351
0.876421, 0.870605, -0.005815
0.876421, 0.869141, -0.007280
0.880361, 0.884277, 0.003917
0.880361, 0.882812, 0.002452
0.880361, 0.881348, 0.000987
0.885686, 0.879883, -0.005803
0.885686, 0.878418, -0.007268
0.885686, 0.893555, 0.007869
0.891505, 0.892090, 0.000585
0.891505, 0.890625, -0.000880
0.891505, 0.889160, -0.002345
0.897821, 0.904297, 0.006475
0.897821, 0.902832, 0.005011
0.897821, 0.901367, 0.003546
0.904444, 0.899902, -0.004541
0.904444, 0.898438, -0.006006
0.904444, 0.896973, -0.007471
0.911096, 0.912109, 0.001013
0.911096, 0.910645, -0.000452
0.911096, 0.909180, -0.001917
0.917549, 0.924316, 0.006767
0.917549, 0.922852, 0.005302
0.917549, 0.921387, 0.003837
0.923586, 0.919922, -0.003664
0.923586, 0.918457, -0.005129
0.923586, 0.916992, -0.006593
0.928984, 0.932129, 0.003145
0.928984, 0.930664, 0.001680
0.928984, 0.929199, 0.000215
0.933575, 0.927734, -0.005840
0.933575, 0.926270, -0.007305
0.933575, 0.941406, 0.007832
0.937222, 0.938965, 0.001743
0.937222, 0.936523, -0.000698
0.937222, 0.934082, -0.003140
0.939870, 0.931641, -0.008229
0.939870, 0.946777, 0.006908
0.939870, 0.944336, 0.004466
0.941490, 0.941895, 0.000404
0.941490, 0.939453, -0.002037
0.941490, 0.937012, -0.004478
0.942119, 0.934570, -0.007549
0.942119, 0.949707, 0.007588
0.942119, 0.947266, 0.005146
0.941828, 0.944824, 0.002996
0.941828, 0.942383, 0.000555
0.941828, 0.939941, -0.001887
0.940722, 0.937500, -0.003222
0.940722, 0.935059, -0.005664
0.940722, 0.932617, -0.008105
0.938924, 0.930176, -0.008749
0.938924, 0.945312, 0.006388
0.938924, 0.942871, 0.003947
0.936566, 0.940430, 0.003864
0.936566, 0.937988, 0.001423
0.936566, 0.935547, -0.001019
0.933779, 0.933105, -0.000674
0.933779, 0.930664, -0.003115
0.933779, 0.928223, -0.005557
0.930685, 0.925781, -0.004904
0.930685, 0.923340, -0.007345
0.930685, 0.938477, 0.007792
0.927397, 0.936035, 0.008638
0.927397, 0.933594, 0.006196
0.927397, 0.931152, 0.003755
0.924010, 0.928711, 0.004701
0.924010, 0.926270, 0.002260
0.924010, 0.923828, -0.000182
0.920604, 0.921387, 0.000783
0.920604, 0.918945, -0.001659
0.920604, 0.916504, -0.004100
0.917244, 0.914062, -0.003181
0.917244, 0.911621, -0.005623
0.917244, 0.909180, -0.008064
0.913978, 0.906738, -0.007240
0.913978, 0.921875, 0.007897
0.913978, 0.919434, 0.005455
0.910841, 0.916992, 0.006151
0.910841, 0.914551, 0.003710
0.910841, 0.912109, 0.001268
0.907860, 0.909668, 0.001808
0.907860, 0.907227, -0.000634
0.907860, 0.904785, -0.003075
0.905052, 0.902344, -0.002708
0.905052, 0.899902, -0.005150
0.905052, 0.897461, -0.007591
0.902425, 0.895020, -0.007406
0.902425, 0.910156, 0.007731
0.902425, 0.907715, 0.005290
0.899983, 0.905273, 0.005291
0.899983, 0.902832, 0.002849
0.899983, 0.900391, 0.000408
0.897724, 0.897949, 0.000226
0.897724, 0.895508, -0.002216
0.897724, 0.893066, -0.004657
0.895642, 0.890625, -0.005017
0.895642, 0.888184, -0.007459
0.895642, 0.903320, 0.007678
0.893731, 0.900879, 0.007148
0.893731, 0.898438, 0.004706
0.893731, 0.895996, 0.002265
0.891982, 0.893555, 0.001573
0.891982, 0.891113, -0.000868
0.891982, 0.888672, -0.003310
0.890384, 0.886230, -0.004153
0.890384, 0.883789, -0.006595
0.890384, 0.898926, 0.008542
0.888927, 0.896484, 0.007557
0.888927, 0.894043, 0.005116
0.888927, 0.891602, 0.002675
0.887600, 0.889160, 0.001560
0.887600, 0.886719, -0.000881
0.887600, 0.884277, -0.003323
0.886393, 0.881836, -0.004557
0.886393, 0.879395, -0.006999
0.886393, 0.894531, 0.008138
0.885296, 0.892090, 0.006794
0.885296, 0.889648, 0.004353
0.885296, 0.887207, 0.001911
0.884298, 0.884766, 0.000468
0.884298, 0.882324, -0.001973
0.884298, 0.879883, -0.004415
0.883389, 0.877441, -0.005948
0.883389, 0.875000, -0.008389
0.883389, 0.890137, 0.006748
0.882561, 0.887695, 0.005134
0.882561, 0.885254, 0.002692
0.882561, 0.882812, 0.000251
0.881806, 0.880371, -0.001435
0.881806, 0.877930, -0.003876
0.881806, 0.875488, -0.006318
0.881114, 0.873047, -0.008067
0.881114, 0.887207, 0.006093
0.881114, 0.884766, 0.003652
0.880478, 0.882324, 0.001846
0.880478, 0.879883, -0.000595
0.880478, 0.877441, -0.003037
0.879891, 0.875000, -0.004891
0.879891, 0.872559, -0.007332
0.879891, 0.886719, 0.006828
0.879344, 0.884277, 0.004934
0.879344, 0.881836, 0.002492
0.879344, 0.879395, 0.000051
0.878829, 0.876953, -0.001876
0.878829, 0.874512, -0.004317
0.878829, 0.872070, -0.006759
0.878337, 0.886230, 0.007893
0.878337, 0.883789, 0.005452
totaldiff=242.1351611086, sz=55692, average absolute error value:0.0043477548
totaldiff=264.3099928018, sz=55692, average relative error rate:0.0047459239
