current pwr_bound is 5e-4
cfgFile=sz.config
[SZ] Reading SZ configuration file (sz.config) ...
point count: 55692
pwrLength=1741
pwrErrBoundBytes_size=3482
pw_relBoundRatio=0.000500
hit: 55690
miss: 0
length of statenum:65536
nodecount=945
treeByteSize=8506
enCodeSize=28237
-------insight of tdps
dataLength=55692
exactDataNum=2
realPrecision=0.000488
medianValue=0.000000
reqLength=24
quantization_intervals=20000
pwrErrBoundBytes_size=3482
radExpo=0
-----------------------
timecost, 0.006685, seconds
done
input file size: 445536
output file size: 27253
sz compression ratio, 16.35 
timecost, 0.005650, second
done
Max absolute error = 0.00051498740785538288378
Max relative error = 0.00039238869059464735658
Max pw_relative err = 0.00049804936721563320117
../model_comparison/inputdata/original/bump.dat, ../model_comparison/inputdata/original/bump.dat.sz.out, 55692
size of double: 8
0.878264, 0.878174, -0.000090
0.877647, 0.877563, -0.000084
0.878264, 0.878662, 0.000398
0.877647, 0.878052, 0.000404
0.877647, 0.877441, -0.000206
0.877647, 0.877686, 0.000038
0.876108, 0.876221, 0.000113
0.876108, 0.876465, 0.000357
0.876108, 0.875854, -0.000253
0.878142, 0.877808, -0.000335
0.878142, 0.878052, -0.000091
0.878142, 0.878296, 0.000153
0.878108, 0.877686, -0.000423
0.878108, 0.877930, -0.000178
0.878108, 0.878174, 0.000066
0.878462, 0.878418, -0.000044
0.878462, 0.878662, 0.000200
0.878462, 0.878052, -0.000411
0.878907, 0.879150, 0.000243
0.878907, 0.878540, -0.000367
0.878907, 0.878784, -0.000123
0.879378, 0.879028, -0.000350
0.879378, 0.879272, -0.000106
0.879378, 0.879517, 0.000138
0.879893, 0.879761, -0.000133
0.879893, 0.880005, 0.000111
0.879893, 0.880249, 0.000356
0.880489, 0.880493, 0.000004
0.880489, 0.880737, 0.000248
0.880489, 0.880127, -0.000362
0.881238, 0.881226, -0.000012
0.881238, 0.881470, 0.000232
0.881238, 0.880859, -0.000378
0.882170, 0.881958, -0.000212
0.882170, 0.882202, 0.000032
0.882170, 0.882446, 0.000276
0.883345, 0.883545, 0.000200
0.883345, 0.882935, -0.000410
0.883345, 0.883179, -0.000166
0.884758, 0.885132, 0.000374
0.884758, 0.884521, -0.000236
0.884758, 0.884766, 0.000008
0.886264, 0.885864, -0.000399
0.886264, 0.886108, -0.000155
0.886264, 0.886353, 0.000089
0.887784, 0.887451, -0.000333
0.887784, 0.887695, -0.000089
0.887784, 0.887939, 0.000155
0.889306, 0.889038, -0.000268
0.889306, 0.889282, -0.000024
0.889306, 0.889526, 0.000220
0.890908, 0.890625, -0.000283
0.890908, 0.890869, -0.000039
0.890908, 0.891113, 0.000205
0.893410, 0.893066, -0.000343
0.893410, 0.893311, -0.000099
0.893410, 0.893555, 0.000145
0.897265, 0.897217, -0.000049
0.897265, 0.897461, 0.000196
0.897265, 0.896851, -0.000415
0.902269, 0.902222, -0.000047
0.902269, 0.902466, 0.000197
0.902269, 0.901855, -0.000414
0.907751, 0.908081, 0.000330
0.907751, 0.908112, 0.000360
0.907751, 0.908142, 0.000391
0.913092, 0.913483, 0.000391
0.913092, 0.913513, 0.000421
0.913092, 0.912659, -0.000433
0.919233, 0.918884, -0.000348
0.919233, 0.918915, -0.000318
0.919233, 0.918945, -0.000287
0.928425, 0.928711, 0.000286
0.928425, 0.928741, 0.000317
0.928425, 0.928772, 0.000347
0.941154, 0.941193, 0.000039
0.941154, 0.941223, 0.000069
0.941154, 0.941254, 0.000100
0.955785, 0.955444, -0.000341
0.955785, 0.955475, -0.000310
0.955785, 0.955505, -0.000280
0.972430, 0.972351, -0.000079
0.972430, 0.972382, -0.000048
0.972430, 0.972412, -0.000018
0.992474, 0.992798, 0.000324
0.992474, 0.992828, 0.000355
0.992474, 0.992859, 0.000385
1.014292, 1.014130, -0.000163
1.014292, 1.014160, -0.000132
1.014292, 1.014191, -0.000102
1.028987, 1.029266, 0.000279
1.028987, 1.029297, 0.000310
1.028987, 1.029327, 0.000340
1.033146, 1.032898, -0.000248
1.033146, 1.032928, -0.000217
1.033146, 1.032959, -0.000187
1.028845, 1.028778, -0.000067
1.028845, 1.028809, -0.000037
1.028845, 1.028839, -0.000006
1.017315, 1.017639, 0.000324
1.017315, 1.016968, -0.000348
1.017315, 1.016998, -0.000317
0.994072, 0.993866, -0.000206
0.994072, 0.993896, -0.000176
0.994072, 0.993927, -0.000145
0.945851, 0.945526, -0.000324
0.945851, 0.945557, -0.000294
0.945851, 0.945587, -0.000263
0.891370, 0.891571, 0.000201
0.891370, 0.891602, 0.000232
0.891370, 0.891632, 0.000262
0.850339, 0.850250, -0.000089
0.850339, 0.850281, -0.000058
0.850339, 0.850311, -0.000028
0.814785, 0.814545, -0.000240
0.814785, 0.814575, -0.000210
0.814785, 0.814606, -0.000179
0.783797, 0.783752, -0.000044
0.783797, 0.783783, -0.000014
0.783797, 0.783813, 0.000017
0.756466, 0.756470, 0.000004
0.756466, 0.756500, 0.000034
0.756466, 0.756531, 0.000065
0.732139, 0.731995, -0.000144
0.732139, 0.732025, -0.000114
0.732139, 0.732056, -0.000083
0.710324, 0.710327, 0.000003
0.710324, 0.710358, 0.000034
0.710324, 0.710388, 0.000064
0.690647, 0.690643, -0.000004
0.690647, 0.690674, 0.000027
0.690647, 0.690704, 0.000057
0.672817, 0.672607, -0.000209
0.672817, 0.672638, -0.000179
0.672817, 0.672668, -0.000148
0.656599, 0.656769, 0.000170
0.656599, 0.656799, 0.000201
0.656599, 0.656830, 0.000231
0.641790, 0.642029, 0.000239
0.641790, 0.642059, 0.000269
0.641790, 0.641541, -0.000250
0.628241, 0.628387, 0.000147
0.628241, 0.628418, 0.000177
0.628241, 0.628448, 0.000208
0.615806, 0.615845, 0.000039
0.615806, 0.615875, 0.000070
0.615806, 0.615906, 0.000100
0.604377, 0.604401, 0.000024
0.604377, 0.604431, 0.000054
0.604377, 0.604462, 0.000085
0.593841, 0.594055, 0.000214
0.593841, 0.594086, 0.000244
0.593841, 0.593567, -0.000274
0.584121, 0.584259, 0.000138
0.584121, 0.584290, 0.000168
0.584121, 0.584320, 0.000199
0.575142, 0.575012, -0.000129
0.575142, 0.575043, -0.000099
0.575142, 0.575073, -0.000068
0.566828, 0.566864, 0.000036
0.566828, 0.566956, 0.000127
0.566828, 0.567047, 0.000219
0.559127, 0.559326, 0.000199
0.559127, 0.558929, -0.000198
0.559127, 0.559021, -0.000106
0.551982, 0.551788, -0.000194
0.551982, 0.551880, -0.000102
0.551982, 0.551971, -0.000011
0.545354, 0.545227, -0.000127
0.545354, 0.545319, -0.000035
0.545354, 0.545410, 0.000056
0.539183, 0.539154, -0.000028
0.539183, 0.539246, 0.000063
0.539183, 0.539337, 0.000155
0.533445, 0.533569, 0.000125
0.533445, 0.533661, 0.000216
0.533445, 0.533264, -0.000181
0.528072, 0.527985, -0.000087
0.528072, 0.528076, 0.000004
0.528072, 0.528168, 0.000096
0.523165, 0.523376, 0.000211
0.523165, 0.522980, -0.000185
0.523165, 0.523071, -0.000094
0.518782, 0.518768, -0.000013
0.518782, 0.518860, 0.000078
0.518782, 0.518951, 0.000170
0.516349, 0.516113, -0.000235
0.516349, 0.516205, -0.000144
0.516349, 0.516296, -0.000052
0.517702, 0.517853, 0.000151
0.517702, 0.517944, 0.000243
0.517702, 0.517548, -0.000154
0.531669, 0.531677, 0.000008
0.531669, 0.531799, 0.000130
0.531669, 0.531921, 0.000252
0.574154, 0.574066, -0.000088
0.574154, 0.574188, 0.000034
0.574154, 0.574310, 0.000156
0.619296, 0.619049, -0.000247
0.619296, 0.619171, -0.000125
0.619296, 0.619293, -0.000003
0.653784, 0.653656, -0.000128
0.653784, 0.653778, -0.000006
0.653784, 0.653900, 0.000116
0.677486, 0.677368, -0.000118
0.677486, 0.677490, 0.000004
0.677486, 0.677612, 0.000126
0.693901, 0.693817, -0.000084
0.693901, 0.693939, 0.000038
0.693901, 0.694061, 0.000161
0.706171, 0.706116, -0.000056
0.706171, 0.706238, 0.000066
0.706171, 0.706360, 0.000188
0.715365, 0.715302, -0.000064
0.715365, 0.715424, 0.000059
0.715365, 0.715546, 0.000181
0.722633, 0.722412, -0.000221
0.722633, 0.722534, -0.000099
0.722633, 0.722656, 0.000023
0.728703, 0.728485, -0.000218
0.728703, 0.728607, -0.000096
0.728703, 0.728729, 0.000026
0.733906, 0.734039, 0.000133
0.733906, 0.734161, 0.000255
0.733906, 0.733551, -0.000355
0.738288, 0.738068, -0.000221
0.738288, 0.738190, -0.000099
0.738288, 0.738312, 0.000023
0.742537, 0.742828, 0.000292
0.742537, 0.742218, -0.000319
0.742537, 0.742340, -0.000197
0.746153, 0.746124, -0.000029
0.746153, 0.746246, 0.000093
0.746153, 0.746368, 0.000215
0.749860, 0.750153, 0.000292
0.749860, 0.749542, -0.000318
0.749860, 0.749664, -0.000196
0.753369, 0.753448, 0.000080
0.753369, 0.753571, 0.000202
0.753369, 0.753693, 0.000324
0.757007, 0.756744, -0.000262
0.757007, 0.756866, -0.000140
0.757007, 0.756989, -0.000018
0.760574, 0.760773, 0.000198
0.760574, 0.760895, 0.000320
0.760574, 0.760284, -0.000290
0.764180, 0.764069, -0.000111
0.764180, 0.764191, 0.000011
0.764180, 0.764313, 0.000133
0.767885, 0.768097, 0.000212
0.767885, 0.768219, 0.000334
0.767885, 0.767609, -0.000276
0.771678, 0.771393, -0.000285
0.771678, 0.771515, -0.000163
0.771678, 0.771637, -0.000041
0.775394, 0.775421, 0.000027
0.775394, 0.775391, -0.000004
0.775394, 0.775360, -0.000034
0.779178, 0.779144, -0.000033
0.779178, 0.779114, -0.000064
0.779178, 0.779083, -0.000094
0.783054, 0.782867, -0.000187
0.783054, 0.782837, -0.000217
0.783054, 0.782806, -0.000248
0.787041, 0.787354, 0.000313
0.787041, 0.787323, 0.000282
0.787041, 0.787292, 0.000252
0.790834, 0.791077, 0.000243
0.790834, 0.791046, 0.000212
0.790834, 0.791016, 0.000182
0.794702, 0.794800, 0.000097
0.794702, 0.794769, 0.000067
0.794702, 0.794739, 0.000036
0.798633, 0.798523, -0.000110
0.798633, 0.798492, -0.000140
0.798633, 0.798462, -0.000171
0.802621, 0.802246, -0.000375
0.802621, 0.802979, 0.000358
0.802621, 0.802948, 0.000327
0.806376, 0.806732, 0.000356
0.806376, 0.806702, 0.000326
0.806376, 0.806671, 0.000295
0.810119, 0.810455, 0.000337
0.810119, 0.810425, 0.000306
0.810119, 0.810394, 0.000276
0.813954, 0.814178, 0.000225
0.813954, 0.814148, 0.000194
0.813954, 0.814117, 0.000164
0.817763, 0.818054, 0.000291
0.817763, 0.818024, 0.000261
0.817763, 0.817993, 0.000230
0.821310, 0.821136, -0.000174
0.821310, 0.821106, -0.000205
0.821310, 0.821075, -0.000235
0.824831, 0.825012, 0.000181
0.824831, 0.824982, 0.000151
0.824831, 0.824951, 0.000120
0.828379, 0.828094, -0.000285
0.828379, 0.828064, -0.000315
0.828379, 0.828033, -0.000346
0.831891, 0.831970, 0.000079
0.831891, 0.831940, 0.000049
0.831891, 0.831909, 0.000018
0.835091, 0.835052, -0.000039
0.835091, 0.835022, -0.000069
0.835091, 0.834991, -0.000100
0.838175, 0.838135, -0.000040
0.838175, 0.838104, -0.000070
0.838175, 0.838074, -0.000101
0.841390, 0.841217, -0.000173
0.841390, 0.841187, -0.000203
0.841390, 0.841156, -0.000234
0.844532, 0.844299, -0.000232
0.844532, 0.844269, -0.000263
0.844532, 0.844238, -0.000293
0.847289, 0.847382, 0.000093
0.847289, 0.847351, 0.000062
0.847289, 0.847321, 0.000032
0.849704, 0.849670, -0.000033
0.849704, 0.849640, -0.000064
0.849704, 0.849609, -0.000094
0.852580, 0.852875, 0.000295
0.852580, 0.852844, 0.000264
0.852580, 0.852814, 0.000233
0.855144, 0.855255, 0.000111
0.855144, 0.855225, 0.000081
0.855144, 0.855194, 0.000050
0.857340, 0.857635, 0.000295
0.857340, 0.857605, 0.000265
0.857340, 0.857574, 0.000234
0.859847, 0.860016, 0.000168
0.859847, 0.859985, 0.000138
0.859847, 0.859955, 0.000107
0.861671, 0.861572, -0.000098
0.861671, 0.861542, -0.000129
0.861671, 0.861511, -0.000159
0.864216, 0.863953, -0.000264
0.864216, 0.863922, -0.000294
0.864216, 0.863892, -0.000325
0.865745, 0.865509, -0.000236
0.865745, 0.865479, -0.000267
0.865745, 0.865448, -0.000297
0.867552, 0.867889, 0.000337
0.867552, 0.867859, 0.000306
0.867552, 0.867828, 0.000276
0.869166, 0.869446, 0.000280
0.869166, 0.869415, 0.000249
0.869166, 0.869385, 0.000218
0.872965, 0.872650, -0.000314
0.872965, 0.872620, -0.000345
0.872965, 0.872589, -0.000375
0.876421, 0.876678, 0.000258
0.876421, 0.876495, 0.000074
0.876421, 0.876312, -0.000109
0.880361, 0.880402, 0.000041
0.880361, 0.880219, -0.000142
0.880361, 0.880035, -0.000325
0.885686, 0.885834, 0.000148
0.885686, 0.885651, -0.000035
0.885686, 0.885468, -0.000218
0.891505, 0.891266, -0.000239
0.891505, 0.891083, -0.000422
0.891505, 0.891754, 0.000249
0.897821, 0.897552, -0.000269
0.897821, 0.898224, 0.000402
0.897821, 0.898041, 0.000219
0.904444, 0.904694, 0.000250
0.904444, 0.904510, 0.000067
0.904444, 0.904327, -0.000116
0.911096, 0.910980, -0.000116
0.911096, 0.910797, -0.000299
0.911096, 0.911469, 0.000372
0.917549, 0.917267, -0.000283
0.917549, 0.917938, 0.000389
0.917549, 0.917755, 0.000206
0.923586, 0.923553, -0.000032
0.923586, 0.923370, -0.000215
0.923586, 0.923187, -0.000398
0.928984, 0.928986, 0.000001
0.928984, 0.928802, -0.000182
0.928984, 0.928619, -0.000365
0.933575, 0.933563, -0.000011
0.933575, 0.933380, -0.000194
0.933575, 0.933197, -0.000378
0.937222, 0.937592, 0.000370
0.937222, 0.937408, 0.000187
0.937222, 0.937225, 0.000004
0.939870, 0.939789, -0.000081
0.939870, 0.939606, -0.000264
0.939870, 0.939423, -0.000447
0.941490, 0.941071, -0.000420
0.941490, 0.941803, 0.000313
0.941490, 0.941620, 0.000130
0.942119, 0.942352, 0.000233
0.942119, 0.942169, 0.000050
0.942119, 0.941986, -0.000133
0.941828, 0.941803, -0.000025
0.941828, 0.941620, -0.000208
0.941828, 0.941437, -0.000391
0.940722, 0.940338, -0.000384
0.940722, 0.941071, 0.000348
0.940722, 0.940887, 0.000165
0.938924, 0.938873, -0.000051
0.938924, 0.938690, -0.000234
0.938924, 0.938507, -0.000417
0.936566, 0.936493, -0.000073
0.936566, 0.936310, -0.000256
0.936566, 0.936127, -0.000439
0.933779, 0.934113, 0.000333
0.933779, 0.933929, 0.000150
0.933779, 0.933746, -0.000033
0.930685, 0.930817, 0.000132
0.930685, 0.930634, -0.000051
0.930685, 0.930450, -0.000234
0.927397, 0.927521, 0.000123
0.927397, 0.927338, -0.000060
0.927397, 0.927155, -0.000243
0.924010, 0.924316, 0.000307
0.924010, 0.924133, 0.000124
0.924010, 0.923950, -0.000059
0.920604, 0.920227, -0.000377
0.920604, 0.920929, 0.000325
0.920604, 0.920746, 0.000142
0.917244, 0.917023, -0.000221
0.917244, 0.916840, -0.000404
0.917244, 0.917542, 0.000298
0.913978, 0.913818, -0.000160
0.913978, 0.913635, -0.000343
0.913978, 0.914337, 0.000359
0.910841, 0.910614, -0.000227
0.910841, 0.910431, -0.000410
0.910841, 0.911133, 0.000292
0.907860, 0.908295, 0.000434
0.907860, 0.908112, 0.000251
0.907860, 0.907928, 0.000068
0.905052, 0.905090, 0.000038
0.905052, 0.904907, -0.000145
0.905052, 0.904724, -0.000328
0.902425, 0.902771, 0.000346
0.902425, 0.902588, 0.000163
0.902425, 0.902405, -0.000020
0.899983, 0.899567, -0.000416
0.899983, 0.900269, 0.000286
0.899983, 0.900085, 0.000103
0.897724, 0.898132, 0.000409
0.897724, 0.897949, 0.000226
0.897724, 0.897766, 0.000043
0.895642, 0.895813, 0.000171
0.895642, 0.895569, -0.000073
0.895642, 0.895325, -0.000317
0.893731, 0.893372, -0.000360
0.893731, 0.893982, 0.000251
0.893731, 0.893738, 0.000007
0.891982, 0.891785, -0.000197
0.891982, 0.892395, 0.000413
0.891982, 0.892151, 0.000169
0.890384, 0.890198, -0.000186
0.890384, 0.890808, 0.000424
0.890384, 0.890564, 0.000180
0.888927, 0.888611, -0.000316
0.888927, 0.889221, 0.000294
0.888927, 0.888977, 0.000050
0.887600, 0.887878, 0.000278
0.887600, 0.887634, 0.000034
0.887600, 0.887390, -0.000210
0.886393, 0.886292, -0.000102
0.886393, 0.886047, -0.000346
0.886393, 0.886658, 0.000264
0.885296, 0.885559, 0.000263
0.885296, 0.885315, 0.000019
0.885296, 0.885071, -0.000225
0.884298, 0.883972, -0.000325
0.884298, 0.884583, 0.000285
0.884298, 0.884338, 0.000041
0.883389, 0.883240, -0.000149
0.883389, 0.882996, -0.000393
0.883389, 0.883606, 0.000217
0.882561, 0.882507, -0.000054
0.882561, 0.882263, -0.000298
0.882561, 0.882874, 0.000312
0.881806, 0.881775, -0.000031
0.881806, 0.881531, -0.000275
0.881806, 0.882141, 0.000335
0.881114, 0.881042, -0.000072
0.881114, 0.880798, -0.000316
0.881114, 0.881409, 0.000295
0.880478, 0.880310, -0.000168
0.880478, 0.880066, -0.000412
0.880478, 0.880676, 0.000198
0.879891, 0.879578, -0.000313
0.879891, 0.880188, 0.000297
0.879891, 0.879944, 0.000053
0.879344, 0.879700, 0.000356
0.879344, 0.879456, 0.000112
0.879344, 0.879211, -0.000132
0.878829, 0.878967, 0.000138
0.878829, 0.878723, -0.000106
0.878829, 0.878479, -0.000350
0.878337, 0.878235, -0.000102
0.878337, 0.877991, -0.000346
totaldiff=12.0791754014, sz=55692, average absolute error value:0.0002168925
totaldiff=13.1825078259, sz=55692, average relative error rate:0.0002367038
