cfgFile=sz.config
[SZ] Reading SZ configuration file (sz.config) ...
point count: 652
datalength=652
10000
10000
10003
9997
10000
10000
9999
10001
10000
10000
10001
9999
10000
10000
10000
10000
10000
10000
10000
10000
10000
10000
10000
10000
10000
10000
9999
10001
10000
10000
9997
10003
10000
10000
10004
9996
10000
10000
9999
10001
10000
10000
10000
10000
10000
10000
9997
10003
10000
10000
10001
9999
10000
10000
10001
9999
10000
10000
10001
9999
10001
9999
9996
10004
9999
10001
10005
9995
10000
10000
9997
10003
10000
10000
10003
9997
10000
10000
10000
9999
10001
10000
10001
9999
10000
10000
9998
10002
10000
10000
10002
9998
10000
10000
10000
10000
10000
10000
10000
10000
10000
10000
10000
10000
10000
10000
9997
10003
10000
10000
10003
9997
10000
10000
9998
10002
10000
10000
10001
9999
10000
10000
10001
9999
10000
10000
9995
10006
9999
10000
10001
9999
10000
10000
10003
9997
10000
10000
10000
10000
10000
10000
9999
9997
9979
9951
10037
9978
10040
10055
10042
9902
10000
10018
10149
9853
10000
10000
10000
10000
10000
10000
9999
10001
10000
10000
9970
10034
9999
10001
10016
9980
10000
10000
10000
10000
10000
10000
9941
9951
10042
10091
10175
9750
9913
10064
10151
9952
10027
10004
9809
10117
9979
9863
10532
9632
10000
10001
9994
10006
9999
10000
10005
9995
10000
10000
9987
10013
9993
9991
9163
8893
8788
11249
17015
6359
9201
9639
10100
9613
9989
8570
13122
8399
10001
10000
9847
9990
10015
10190
7455
12561
10019
10244
11295
8980
9369
9986
893
6901
8289
9620
9576
10018
9938
10170
9863
9996
10002
10251
9777
9985
9989
8078
12441
10058
9907
10106
9389
9891
10034
8080
7743
11211
16908
12113
4079
9997
9997
10020
9977
10001
9999
10001
9999
10001
9999
9873
9892
9129
8007
17662
5437
9997
9997
9679
10284
10043
10009
9913
10366
9716
9967
9360
10795
10037
9989
10259
9589
9999
10001
9847
10270
9851
9921
10288
9822
10001
9999
8599
12480
9083
9753
10332
9754
9999
10001
2627
11693
10465
10000
9182
9142
8075
7330
7832
7338
10001
9999
6849
13092
10625
9090
13339
7005
10000
10000
9713
9743
5637
953
9606
9901
7334
13986
9960
9372
3710
18189
9498
9119
8213
10776
10202
10048
10823
8922
10002
9986
10025
9985
10001
9999
9355
10620
10600
9520
9838
9922
8697
3231
261
9860
11163
15615
6788
9029
9654
8671
9462
10434
9906
17632
3772
10000
10000
9935
10026
9966
9940
9292
11465
9724
9682
10118
9852
10000
10000
9995
9999
10004
10007
4043
19946
6294
9690
11720
8302
10000
10000
7542
12682
9364
7192
16776
6744
10211
10170
11599
8166
10001
9999
9856
10164
10001
9979
10110
9891
9999
10001
9943
10080
9986
9991
10022
9973
9910
9846
10142
7346
9457
6875
9802
10003
11983
8461
10001
9999
9874
10063
9826
9864
11082
9197
10020
10054
10265
9753
10000
10000
8238
12995
8841
9518
11084
9305
10048
10034
10051
9886
10000
10000
9993
10011
9996
9992
9996
10024
9991
9998
9925
9991
9828
10000
10000
9999
10001
10000
10001
9898
10161
9956
9994
9993
9994
9998
9997
10035
9973
10000
10000
10001
9999
10000
10000
10000
10000
10000
10000
10000
10000
10000
10000
10000
10000
10000
10000
10000
10000
10000
10000
8498
12268
9770
9635
9842
9987
10002
9997
10016
9985
10000
10000
10000
10000
10000
10000
9982
10019
9999
10000
10015
9985
10000
10000
10002
9998
10000
10000
10000
10000
10000
10000
9998
10002
10000
10000
10002
9998
10000
10000
10000
10000
10000
10000
10000
10000
10000
10000
10000
10000
10000
10000
9999
10001
10000
10000
10001
9999
10000
10000
10000
10000
10000
10000
9999
10001
10000
10000
10000
9999
10001
10000
10001
9999
10000
10000
10001
9999
10000
10000
10000
10000
10000
10000
10000
10000
10000
10000
10000
10000
10000
10000
9999
10001
10000
10000
9999
10001
10000
10000
10002
9998
10000
10000
hit: 625
miss: 25
timecost, 0.007097, seconds
done
5216
2897
sz compression ratio, 1.80 
timecost, 0.000060, second
done
Max absolute error = 0
Max relative error = 0
Max pw_relative err = 0
./inputdata/full/astro_br.dat, ./inputdata/full/astro_br.dat.sz.out, 652
size of double: 8
0.999937, 0.999937, 0.000000
0.999937, 0.999937, 0.000000
0.999937, 0.999937, 0.000000
0.999937, 0.999937, 0.000000
0.999993, 0.999993, 0.000000
0.999994, 0.999994, 0.000000
0.999994, 0.999994, 0.000000
0.999994, 0.999994, 0.000000
0.999979, 0.999979, 0.000000
0.999979, 0.999979, 0.000000
0.999978, 0.999978, 0.000000
0.999978, 0.999978, 0.000000
0.999990, 0.999990, 0.000000
0.999991, 0.999991, 0.000000
0.999991, 0.999991, 0.000000
0.999991, 0.999991, 0.000000
0.999989, 0.999989, 0.000000
0.999989, 0.999989, 0.000000
0.999989, 0.999989, 0.000000
0.999989, 0.999989, 0.000000
0.999993, 0.999993, 0.000000
0.999993, 0.999993, 0.000000
0.999993, 0.999993, 0.000000
0.999993, 0.999993, 0.000000
0.999984, 0.999984, 0.000000
0.999985, 0.999985, 0.000000
0.999985, 0.999985, 0.000000
0.999985, 0.999985, 0.000000
0.999973, 0.999973, 0.000000
0.999972, 0.999972, 0.000000
0.999972, 0.999972, 0.000000
0.999971, 0.999971, 0.000000
0.999914, 0.999914, 0.000000
0.999914, 0.999914, 0.000000
0.999913, 0.999913, 0.000000
0.999913, 0.999913, 0.000000
0.999990, 0.999990, 0.000000
0.999991, 0.999991, 0.000000
0.999991, 0.999991, 0.000000
0.999991, 0.999991, 0.000000
0.999963, 0.999963, 0.000000
0.999964, 0.999964, 0.000000
0.999965, 0.999965, 0.000000
0.999966, 0.999966, 0.000000
0.999979, 0.999979, 0.000000
0.999979, 0.999979, 0.000000
0.999978, 0.999978, 0.000000
0.999978, 0.999978, 0.000000
0.999908, 0.999908, 0.000000
0.999909, 0.999909, 0.000000
0.999910, 0.999910, 0.000000
0.999911, 0.999911, 0.000000
0.999927, 0.999927, 0.000000
0.999929, 0.999929, 0.000000
0.999930, 0.999930, 0.000000
0.999932, 0.999932, 0.000000
0.999946, 0.999946, 0.000000
0.999948, 0.999948, 0.000000
0.999949, 0.999949, 0.000000
0.999950, 0.999950, 0.000000
0.999979, 0.999979, 0.000000
0.999979, 0.999979, 0.000000
0.999980, 0.999980, 0.000000
0.999980, 0.999980, 0.000000
0.999905, 0.999905, 0.000000
0.999904, 0.999904, 0.000000
0.999902, 0.999902, 0.000000
0.999900, 0.999900, 0.000000
0.999990, 0.999990, 0.000000
0.999989, 0.999989, 0.000000
0.999989, 0.999989, 0.000000
0.999989, 0.999989, 0.000000
0.999933, 0.999933, 0.000000
0.999931, 0.999931, 0.000000
0.999929, 0.999929, 0.000000
0.999927, 0.999927, 0.000000
0.999986, 0.999986, 0.000000
0.999985, 0.999985, 0.000000
0.999985, 0.999985, 0.000000
0.999985, 0.999985, 0.000000
0.999980, 0.999980, 0.000000
0.999979, 0.999979, 0.000000
0.999979, 0.999979, 0.000000
0.999978, 0.999978, 0.000000
0.999990, 0.999990, 0.000000
0.999990, 0.999990, 0.000000
0.999990, 0.999990, 0.000000
0.999990, 0.999990, 0.000000
0.999956, 0.999956, 0.000000
0.999955, 0.999955, 0.000000
0.999954, 0.999954, 0.000000
0.999952, 0.999952, 0.000000
0.999992, 0.999992, 0.000000
0.999992, 0.999992, 0.000000
0.999992, 0.999992, 0.000000
0.999992, 0.999992, 0.000000
0.999986, 0.999986, 0.000000
0.999986, 0.999986, 0.000000
0.999986, 0.999986, 0.000000
0.999986, 0.999986, 0.000000
0.999992, 0.999992, 0.000000
0.999992, 0.999992, 0.000000
0.999991, 0.999991, 0.000000
0.999991, 0.999991, 0.000000
0.999986, 0.999986, 0.000000
0.999986, 0.999986, 0.000000
0.999986, 0.999986, 0.000000
0.999985, 0.999985, 0.000000
0.999939, 0.999939, 0.000000
0.999937, 0.999937, 0.000000
0.999935, 0.999935, 0.000000
0.999932, 0.999932, 0.000000
0.999984, 0.999984, 0.000000
0.999984, 0.999984, 0.000000
0.999984, 0.999984, 0.000000
0.999985, 0.999985, 0.000000
0.999953, 0.999953, 0.000000
0.999955, 0.999955, 0.000000
0.999956, 0.999956, 0.000000
0.999958, 0.999958, 0.000000
0.999974, 0.999974, 0.000000
0.999974, 0.999974, 0.000000
0.999975, 0.999975, 0.000000
0.999976, 0.999976, 0.000000
0.999988, 0.999988, 0.000000
0.999987, 0.999987, 0.000000
0.999987, 0.999987, 0.000000
0.999987, 0.999987, 0.000000
0.999901, 0.999901, 0.000000
0.999905, 0.999905, 0.000000
0.999908, 0.999908, 0.000000
0.999911, 0.999911, 0.000000
0.999926, 0.999926, 0.000000
0.999929, 0.999929, 0.000000
0.999931, 0.999931, 0.000000
0.999933, 0.999933, 0.000000
0.999984, 0.999984, 0.000000
0.999984, 0.999984, 0.000000
0.999983, 0.999983, 0.000000
0.999983, 0.999983, 0.000000
0.999987, 0.999987, 0.000000
0.999987, 0.999987, 0.000000
0.999987, 0.999987, 0.000000
0.999987, 0.999987, 0.000000
0.999966, 0.999966, 0.000000
0.999884, 0.999884, 0.000000
0.999425, 0.999425, 0.000000
0.998010, 0.998010, 0.000000
0.997297, 0.997297, 0.000000
0.996177, 0.996177, 0.000000
0.995810, 0.995810, 0.000000
0.996500, 0.996500, 0.000000
0.997989, 0.997989, 0.000000
0.997605, 0.997605, 0.000000
0.997214, 0.997214, 0.000000
0.997185, 0.997185, 0.000000
0.999984, 0.999984, 0.000000
0.999984, 0.999984, 0.000000
0.999983, 0.999983, 0.000000
0.999983, 0.999983, 0.000000
0.999991, 0.999991, 0.000000
0.999991, 0.999991, 0.000000
0.999991, 0.999991, 0.000000
0.999990, 0.999990, 0.000000
0.999977, 0.999977, 0.000000
0.999978, 0.999978, 0.000000
0.999978, 0.999978, 0.000000
0.999979, 0.999979, 0.000000
0.999404, 0.999404, 0.000000
0.999473, 0.999473, 0.000000
0.999540, 0.999540, 0.000000
0.999610, 0.999610, 0.000000
0.999990, 0.999990, 0.000000
0.999991, 0.999991, 0.000000
0.999991, 0.999991, 0.000000
0.999991, 0.999991, 0.000000
0.999987, 0.999987, 0.000000
0.999987, 0.999987, 0.000000
0.999987, 0.999987, 0.000000
0.999986, 0.999986, 0.000000
0.998865, 0.998865, 0.000000
0.996808, 0.996808, 0.000000
0.995541, 0.995541, 0.000000
0.996023, 0.996023, 0.000000
0.999840, 0.999840, 0.000000
0.998891, 0.998891, 0.000000
0.996275, 0.996275, 0.000000
0.994869, 0.994869, 0.000000
0.996364, 0.996364, 0.000000
0.996928, 0.996928, 0.000000
0.998027, 0.998027, 0.000000
0.999184, 0.999184, 0.000000
0.997071, 0.997071, 0.000000
0.996971, 0.996971, 0.000000
0.996504, 0.996504, 0.000000
0.993673, 0.993673, 0.000000
0.999990, 0.999990, 0.000000
0.999990, 0.999990, 0.000000
0.999990, 0.999990, 0.000000
0.999991, 0.999991, 0.000000
0.999910, 0.999910, 0.000000
0.999914, 0.999914, 0.000000
0.999917, 0.999917, 0.000000
0.999921, 0.999921, 0.000000
0.999991, 0.999991, 0.000000
0.999991, 0.999991, 0.000000
0.999991, 0.999991, 0.000000
0.999991, 0.999991, 0.000000
0.999753, 0.999753, 0.000000
0.999756, 0.999756, 0.000000
0.999627, 0.999627, 0.000000
0.999358, 0.999358, 0.000000
0.984700, 0.984700, 0.000000
0.951060, 0.951060, 0.000000
0.896593, 0.896593, 0.000000
0.863580, 0.863580, 0.000000
0.950997, 0.950997, 0.000000
0.975895, 0.975895, 0.000000
0.987093, 0.987093, 0.000000
0.992073, 0.992073, 0.000000
0.998782, 0.998782, 0.000000
0.998853, 0.998853, 0.000000
0.998727, 0.998727, 0.000000
0.974061, 0.974061, 0.000000
0.999990, 0.999990, 0.000000
0.999991, 0.999991, 0.000000
0.999991, 0.999991, 0.000000
0.999991, 0.999991, 0.000000
0.997510, 0.997510, 0.000000
0.994877, 0.994877, 0.000000
0.992475, 0.992475, 0.000000
0.993159, 0.993159, 0.000000
0.952590, 0.952590, 0.000000
0.953536, 0.953536, 0.000000
0.954785, 0.954785, 0.000000
0.959993, 0.959993, 0.000000
0.986196, 0.986196, 0.000000
0.995864, 0.995864, 0.000000
0.995308, 0.995308, 0.000000
0.994513, 0.994513, 0.000000
0.846077, 0.846077, 0.000000
0.936795, 0.936795, 0.000000
0.977261, 0.977261, 0.000000
0.990002, 0.990002, 0.000000
0.996573, 0.996573, 0.000000
0.996272, 0.996272, 0.000000
0.996272, 0.996272, 0.000000
0.995253, 0.995253, 0.000000
0.997002, 0.997002, 0.000000
0.996527, 0.996527, 0.000000
0.995983, 0.995983, 0.000000
0.995464, 0.995464, 0.000000
0.999031, 0.999031, 0.000000
0.998965, 0.998965, 0.000000
0.998673, 0.998673, 0.000000
0.998201, 0.998201, 0.000000
0.966553, 0.966553, 0.000000
0.974484, 0.974484, 0.000000
0.983370, 0.983370, 0.000000
0.990738, 0.990738, 0.000000
0.999830, 0.999830, 0.000000
0.999010, 0.999010, 0.000000
0.996427, 0.996427, 0.000000
0.994393, 0.994393, 0.000000
0.961227, 0.961227, 0.000000
0.891476, 0.891476, 0.000000
0.841355, 0.841355, 0.000000
0.903220, 0.903220, 0.000000
0.999361, 0.999361, 0.000000
0.999490, 0.999490, 0.000000
0.999584, 0.999584, 0.000000
0.999633, 0.999633, 0.000000
0.999988, 0.999988, 0.000000
0.999988, 0.999988, 0.000000
0.999988, 0.999988, 0.000000
0.999988, 0.999988, 0.000000
0.999990, 0.999990, 0.000000
0.999990, 0.999990, 0.000000
0.999990, 0.999990, 0.000000
0.999990, 0.999990, 0.000000
0.997930, 0.997930, 0.000000
0.994107, 0.994107, 0.000000
0.976160, 0.976160, 0.000000
0.925908, 0.925908, 0.000000
0.999888, 0.999888, 0.000000
0.999872, 0.999872, 0.000000
0.999828, 0.999828, 0.000000
0.999718, 0.999718, 0.000000
0.993481, 0.993481, 0.000000
0.992672, 0.992672, 0.000000
0.992683, 0.992683, 0.000000
0.992864, 0.992864, 0.000000
0.991399, 0.991399, 0.000000
0.996894, 0.996894, 0.000000
0.996985, 0.996985, 0.000000
0.996427, 0.996427, 0.000000
0.983685, 0.983685, 0.000000
0.986107, 0.986107, 0.000000
0.989210, 0.989210, 0.000000
0.992134, 0.992134, 0.000000
0.999980, 0.999980, 0.000000
0.999980, 0.999980, 0.000000
0.999981, 0.999981, 0.000000
0.999981, 0.999981, 0.000000
0.997069, 0.997069, 0.000000
0.999322, 0.999322, 0.000000
0.998711, 0.998711, 0.000000
0.996608, 0.996608, 0.000000
0.999984, 0.999984, 0.000000
0.999985, 0.999985, 0.000000
0.999985, 0.999985, 0.000000
0.999985, 0.999985, 0.000000
0.973252, 0.973252, 0.000000
0.993822, 0.993822, 0.000000
0.996910, 0.996910, 0.000000
0.995270, 0.995270, 0.000000
0.999976, 0.999976, 0.000000
0.999976, 0.999976, 0.000000
0.999977, 0.999977, 0.000000
0.999978, 0.999978, 0.000000
0.993182, 0.993182, 0.000000
0.987944, 0.987944, 0.000000
0.983135, 0.983135, 0.000000
0.994098, 0.994098, 0.000000
0.047347, 0.047347, 0.000000
0.000000, 0.000000, 0.000000
0.000000, 0.000000, 0.000000
0.000000, 0.000000, 0.000000
0.995270, 0.995270, 0.000000
0.997078, 0.997078, 0.000000
0.998130, 0.998130, 0.000000
0.998390, 0.998390, 0.000000
0.967309, 0.967309, 0.000000
0.934449, 0.934449, 0.000000
0.961290, 0.961290, 0.000000
0.985664, 0.985664, 0.000000
0.997915, 0.997915, 0.000000
0.996036, 0.996036, 0.000000
0.992154, 0.992154, 0.000000
0.985813, 0.985813, 0.000000
0.999980, 0.999980, 0.000000
0.999980, 0.999980, 0.000000
0.999981, 0.999981, 0.000000
0.999981, 0.999981, 0.000000
0.997070, 0.997070, 0.000000
0.997015, 0.997015, 0.000000
0.997538, 0.997538, 0.000000
0.997220, 0.997220, 0.000000
0.999987, 0.999987, 0.000000
0.999987, 0.999987, 0.000000
0.999987, 0.999987, 0.000000
0.999987, 0.999987, 0.000000
0.995880, 0.995880, 0.000000
0.988093, 0.988093, 0.000000
0.917902, 0.917902, 0.000000
0.718292, 0.718292, 0.000000
0.993685, 0.993685, 0.000000
0.998584, 0.998584, 0.000000
0.997840, 0.997840, 0.000000
0.995694, 0.995694, 0.000000
0.955403, 0.955403, 0.000000
0.972130, 0.972130, 0.000000
0.988275, 0.988275, 0.000000
0.995455, 0.995455, 0.000000
0.912643, 0.912643, 0.000000
0.946979, 0.946979, 0.000000
0.974148, 0.974148, 0.000000
0.988698, 0.988698, 0.000000
0.977681, 0.977681, 0.000000
0.977784, 0.977784, 0.000000
0.980756, 0.980756, 0.000000
0.984423, 0.984423, 0.000000
0.999863, 0.999863, 0.000000
0.999889, 0.999889, 0.000000
0.999936, 0.999936, 0.000000
0.999786, 0.999786, 0.000000
0.999985, 0.999985, 0.000000
0.999985, 0.999985, 0.000000
0.999985, 0.999985, 0.000000
0.999986, 0.999986, 0.000000
0.990744, 0.990744, 0.000000
0.990377, 0.990377, 0.000000
0.998602, 0.998602, 0.000000
0.999951, 0.999951, 0.000000
0.998677, 0.998677, 0.000000
0.996128, 0.996128, 0.000000
0.972466, 0.972466, 0.000000
0.839064, 0.839064, 0.000000
0.964755, 0.964755, 0.000000
0.932549, 0.932549, 0.000000
0.898086, 0.898086, 0.000000
0.882476, 0.882476, 0.000000
0.957896, 0.957896, 0.000000
0.981243, 0.981243, 0.000000
0.988852, 0.988852, 0.000000
0.990852, 0.990852, 0.000000
0.971295, 0.971295, 0.000000
0.943022, 0.943022, 0.000000
0.921786, 0.921786, 0.000000
0.899020, 0.899020, 0.000000
0.999991, 0.999991, 0.000000
0.999991, 0.999991, 0.000000
0.999990, 0.999990, 0.000000
0.999990, 0.999990, 0.000000
0.998951, 0.998951, 0.000000
0.998320, 0.998320, 0.000000
0.997133, 0.997133, 0.000000
0.994973, 0.994973, 0.000000
0.981339, 0.981339, 0.000000
0.991460, 0.991460, 0.000000
0.997101, 0.997101, 0.000000
0.997586, 0.997586, 0.000000
0.999990, 0.999990, 0.000000
0.999990, 0.999990, 0.000000
0.999991, 0.999991, 0.000000
0.999991, 0.999991, 0.000000
0.999913, 0.999913, 0.000000
0.999836, 0.999836, 0.000000
0.999808, 0.999808, 0.000000
0.999876, 0.999876, 0.000000
0.911903, 0.911903, 0.000000
0.970934, 0.970934, 0.000000
0.975196, 0.975196, 0.000000
0.974865, 0.974865, 0.000000
0.999969, 0.999969, 0.000000
0.999970, 0.999970, 0.000000
0.999971, 0.999971, 0.000000
0.999972, 0.999972, 0.000000
0.765793, 0.765793, 0.000000
0.780422, 0.780422, 0.000000
0.758715, 0.758715, 0.000000
0.776651, 0.776651, 0.000000
0.994823, 0.994823, 0.000000
0.991533, 0.991533, 0.000000
0.978836, 0.978836, 0.000000
0.924642, 0.924642, 0.000000
0.970607, 0.970607, 0.000000
0.968450, 0.968450, 0.000000
0.969406, 0.969406, 0.000000
0.972868, 0.972868, 0.000000
0.999966, 0.999966, 0.000000
0.999967, 0.999967, 0.000000
0.999968, 0.999968, 0.000000
0.999969, 0.999969, 0.000000
0.997830, 0.997830, 0.000000
0.998117, 0.998117, 0.000000
0.998425, 0.998425, 0.000000
0.998416, 0.998416, 0.000000
0.999983, 0.999983, 0.000000
0.999984, 0.999984, 0.000000
0.999984, 0.999984, 0.000000
0.999984, 0.999984, 0.000000
0.999177, 0.999177, 0.000000
0.999526, 0.999526, 0.000000
0.999653, 0.999653, 0.000000
0.999662, 0.999662, 0.000000
0.999988, 0.999988, 0.000000
0.999927, 0.999927, 0.000000
0.998577, 0.998577, 0.000000
0.995021, 0.995021, 0.000000
0.732553, 0.732553, 0.000000
0.817392, 0.817392, 0.000000
0.904266, 0.904266, 0.000000
0.953160, 0.953160, 0.000000
0.994307, 0.994307, 0.000000
0.990728, 0.990728, 0.000000
0.984330, 0.984330, 0.000000
0.977973, 0.977973, 0.000000
0.999991, 0.999991, 0.000000
0.999991, 0.999991, 0.000000
0.999991, 0.999991, 0.000000
0.999990, 0.999990, 0.000000
0.998190, 0.998190, 0.000000
0.997281, 0.997281, 0.000000
0.993886, 0.993886, 0.000000
0.988537, 0.988537, 0.000000
0.998685, 0.998685, 0.000000
0.997332, 0.997332, 0.000000
0.996264, 0.996264, 0.000000
0.995980, 0.995980, 0.000000
0.999989, 0.999989, 0.000000
0.999989, 0.999989, 0.000000
0.999990, 0.999990, 0.000000
0.999990, 0.999990, 0.000000
0.971426, 0.971426, 0.000000
0.991416, 0.991416, 0.000000
0.992604, 0.992604, 0.000000
0.985990, 0.985990, 0.000000
0.996959, 0.996959, 0.000000
0.996648, 0.996648, 0.000000
0.997120, 0.997120, 0.000000
0.998150, 0.998150, 0.000000
0.999989, 0.999989, 0.000000
0.999989, 0.999989, 0.000000
0.999989, 0.999989, 0.000000
0.999989, 0.999989, 0.000000
0.999878, 0.999878, 0.000000
0.999943, 0.999943, 0.000000
0.999957, 0.999957, 0.000000
0.999818, 0.999818, 0.000000
totaldiff=0.0000000000, sz=652, average absolute error value:0.0000000000
totaldiff=0.0000000000, sz=652, average relative error rate:0.0000000000
