cfgFile=sz.config
[SZ] Reading SZ configuration file (sz.config) ...
point count: 640
datalength=640
pwrLength=20
pwrErrBoundBytes_size=40
intvCapacity=20000
intvRadius=10000
datalength=640
pred=0.999985
pred=0.999985
pred=0.999985
pred=0.999985
pred=0.999985
pred=0.999985
pred=0.999985
pred=0.999985
pred=0.999985
pred=0.999985
pred=0.999985
pred=0.999985
pred=0.999985
pred=0.999985
pred=0.999985
pred=0.999985
pred=0.999985
pred=0.999985
pred=0.999985
pred=0.999985
pred=0.999985
pred=0.999985
pred=0.999985
pred=0.999985
pred=0.999985
pred=0.999985
pred=0.999985
pred=0.999985
pred=0.999985
pred=0.999985
pred=0.999985
pred=0.999985
pred=0.999985
pred=0.999985
pred=0.999985
pred=0.999985
pred=0.999985
pred=0.999985
pred=0.999908
pred=0.999908
pred=0.999908
pred=0.999908
pred=0.999908
pred=0.999908
pred=0.999908
pred=0.999908
pred=0.999908
pred=0.999908
pred=0.999908
pred=0.999908
pred=0.999908
pred=0.999908
pred=0.999908
pred=0.999908
pred=0.999908
pred=0.999908
pred=0.999908
pred=0.999908
pred=0.999908
pred=0.999908
pred=0.999908
pred=0.999908
pred=0.999908
pred=0.999908
pred=0.999908
pred=0.999908
pred=0.999908
pred=0.999908
pred=0.999908
pred=0.999908
pred=0.999908
pred=0.999908
pred=0.999908
pred=0.999928
pred=0.999928
pred=0.999928
pred=0.999928
pred=0.999928
pred=0.999966
pred=0.999966
pred=0.999985
pred=0.999985
pred=0.999985
pred=0.999985
pred=0.999985
pred=0.999985
pred=0.999985
pred=0.999985
pred=0.999985
pred=0.999985
pred=0.999985
pred=0.999985
pred=0.999985
pred=0.999985
pred=0.999985
pred=0.999985
pred=0.999985
pred=0.999985
pred=0.999985
pred=0.999985
pred=0.999985
pred=0.999985
pred=0.999985
pred=0.999985
pred=0.999985
pred=0.999985
pred=0.999985
pred=0.999985
pred=0.999985
pred=0.999985
pred=0.999985
pred=0.999985
pred=0.999985
pred=0.999985
pred=0.999985
pred=0.999985
pred=0.999985
pred=0.999985
pred=0.998594
pred=0.999281
pred=0.999504
pred=0.999350
pred=0.998869
pred=0.996277
pred=0.966150
pred=0.891563
pred=0.802660
pred=0.779249
pred=0.967679
pred=0.986940
pred=0.932507
pred=0.768544
pred=0.615537
pred=0.804638
pred=0.871508
pred=0.933646
pred=0.976686
pred=0.990901
pred=0.994424
pred=0.995145
pred=0.994423
pred=0.991532
pred=0.981608
pred=0.952538
pred=0.902655
pred=0.839981
pred=0.761272
pred=0.779875
pred=0.991100
pred=0.999479
pred=0.998978
pred=0.997510
pred=0.994875
pred=0.992478
pred=0.993156
pred=0.999958
pred=0.999969
pred=0.999979
pred=0.999971
pred=0.999982
pred=0.999974
pred=0.999985
pred=0.999977
pred=0.999969
pred=0.999980
pred=0.999972
pred=0.999983
pred=0.999975
pred=0.999986
pred=0.999978
pred=0.999989
pred=0.999980
pred=0.999972
pred=0.999983
pred=0.999975
pred=0.999986
pred=0.999978
pred=0.999989
pred=0.999981
pred=0.999992
pred=0.999984
pred=0.999976
pred=0.999987
pred=0.999979
pred=0.999990
pred=0.999981
pred=0.999992
pred=0.999985
pred=0.999978
pred=0.999989
pred=0.999982
pred=0.999993
pred=0.999986
pred=0.999997
pred=0.999990
pred=0.952889
pred=0.956995
pred=0.980616
pred=0.989995
pred=0.986889
pred=0.987371
pred=0.992275
pred=0.992684
pred=0.991445
pred=0.993721
pred=0.995308
pred=0.994776
pred=0.993482
pred=0.994019
pred=0.996186
pred=0.997211
pred=0.997349
pred=0.997433
pred=0.997589
pred=0.997781
pred=0.998064
pred=0.998364
pred=0.998502
pred=0.998441
pred=0.998379
pred=0.998394
pred=0.998428
pred=0.998462
pred=0.998534
pred=0.998644
pred=0.998849
pred=0.999112
pred=0.999337
pred=0.999428
pred=0.999366
pred=0.999209
pred=0.999072
pred=0.999067
pred=0.999139
pred=0.999288
pred=0.989613
pred=0.990314
pred=0.990024
pred=0.987445
pred=0.985323
pred=0.986883
pred=0.992048
pred=0.996678
pred=0.998600
pred=0.998901
pred=0.998859
pred=0.999026
pred=0.999270
pred=0.999361
pred=0.999280
pred=0.999047
pred=0.999021
pred=0.999246
pred=0.999427
pred=0.999075
pred=0.945553
pred=0.756791
pred=0.993822
pred=0.988667
pred=0.993860
pred=0.999452
pred=0.999974
pred=0.999978
pred=0.999982
pred=0.999972
pred=0.999976
pred=0.999980
pred=0.999985
pred=0.999974
pred=0.999979
pred=0.999983
pred=0.999987
pred=0.999991
pred=0.999996
pred=0.999985
pred=0.999990
pred=0.999994
pred=0.999983
pred=0.999633
pred=0.998676
pred=0.999477
pred=0.999862
pred=0.999829
pred=0.999815
pred=0.999801
pred=0.999877
pred=0.999881
pred=0.999323
pred=0.997080
pred=0.996232
pred=0.997885
pred=0.998650
pred=0.994160
pred=0.928171
pred=0.981900
pred=0.998520
pred=0.999212
pred=0.997585
pred=0.991918
pred=0.988098
pred=0.990911
pred=0.991693
pred=0.990157
pred=0.992426
pred=0.995927
pred=0.991364
pred=0.954857
pred=0.942757
pred=0.980631
pred=0.994442
pred=0.996910
pred=0.994051
pred=0.000000
pred=0.000000
pred=0.000000
pred=0.000000
pred=0.000000
pred=0.000000
pred=0.000000
pred=0.000000
pred=0.928291
pred=0.993283
pred=0.994662
pred=0.995337
pred=0.994256
pred=0.992607
pred=0.992040
pred=0.993035
pred=0.994837
pred=0.996262
pred=0.996725
pred=0.996758
pred=0.996930
pred=0.998972
pred=0.999143
pred=0.999572
pred=0.999726
pred=0.999657
pred=0.999691
pred=0.999879
pred=0.999964
pred=0.999620
pred=0.861072
pred=0.883697
pred=0.987946
pred=0.999825
pred=0.999567
pred=0.996511
pred=0.967637
pred=0.939003
pred=0.982742
pred=0.997968
pred=0.999461
pred=0.999323
pred=0.999254
pred=0.999202
pred=0.998223
pred=0.987476
pred=0.899757
pred=0.955701
pred=0.992573
pred=0.999010
pred=0.999576
pred=0.999404
pred=0.997395
pred=0.983696
pred=0.972486
pred=0.990527
pred=0.963696
pred=0.946341
pred=0.967540
pred=0.984466
pred=0.993546
pred=0.999983
pred=0.999982
pred=0.999982
pred=0.999999
pred=0.999998
pred=0.999998
pred=0.999997
pred=0.999945
pred=0.998880
pred=0.997901
pred=0.999360
pred=0.999909
pred=0.999960
pred=0.999925
pred=0.999856
pred=0.999838
pred=0.999918
pred=0.999884
pred=0.999429
pred=0.998276
pred=0.997805
pred=0.998711
pred=0.999569
pred=0.999730
pred=0.999404
pred=0.999435
pred=0.999774
pred=0.999902
pred=0.999706
pred=0.975451
pred=0.812628
pred=0.995893
pred=0.998689
pred=0.999166
pred=0.999336
pred=0.998647
pred=0.992737
pred=0.967696
pred=0.920898
pred=0.999990
pred=0.999982
pred=0.999990
pred=0.999981
pred=0.999989
pred=0.999980
pred=0.999988
pred=0.999995
pred=0.999984
pred=0.999991
pred=0.999980
pred=0.999988
pred=0.999995
pred=0.999984
pred=0.999991
pred=0.999999
pred=0.999988
pred=0.999995
pred=0.999984
pred=0.999991
pred=0.999999
pred=0.999988
pred=0.999995
pred=0.999984
pred=0.999991
pred=0.999999
pred=0.999988
pred=0.999995
pred=0.999984
pred=0.999991
pred=0.999999
pred=0.999988
pred=0.999995
pred=0.999984
pred=0.999991
pred=0.999999
pred=0.999988
pred=0.999995
pred=0.999984
pred=0.999991
pred=0.999980
pred=0.999988
pred=0.999976
pred=0.999984
pred=0.999991
pred=0.999980
pred=0.999988
pred=0.999995
pred=0.999984
pred=0.999991
pred=0.999980
pred=0.999988
pred=0.999995
pred=0.999984
pred=0.999991
pred=0.999980
pred=0.999988
pred=0.999995
pred=0.999984
pred=0.999991
pred=0.999999
pred=0.999988
pred=0.999995
pred=0.999984
pred=0.999991
pred=0.999999
pred=0.999988
pred=0.999995
pred=0.999984
pred=0.999991
pred=0.999999
pred=0.999988
pred=0.999995
pred=0.999984
pred=0.999991
pred=0.999999
pred=0.999988
pred=0.999995
pred=0.999984
pred=0.999991
pred=0.999923
pred=0.999930
pred=0.999919
pred=0.999927
pred=0.999915
pred=0.999923
pred=0.999930
pred=0.999919
pred=0.999927
pred=0.999915
pred=0.999923
pred=0.999911
pred=0.999919
pred=0.999927
pred=0.999915
pred=0.999923
pred=0.999911
pred=0.999919
pred=0.999927
pred=0.999915
pred=0.999923
pred=0.999911
pred=0.999919
pred=0.999927
pred=0.999915
pred=0.999923
pred=0.999930
pred=0.999919
pred=0.999927
pred=0.999934
pred=0.999923
pred=0.999930
pred=0.999919
pred=0.999927
pred=0.999934
pred=0.999923
pred=0.999930
pred=0.999938
pred=0.999927
pred=0.999934
pred=0.999980
pred=0.999988
pred=0.999995
pred=0.999984
pred=0.999991
pred=0.999980
pred=0.999988
pred=0.999976
pred=0.999984
pred=0.999991
pred=0.999980
pred=0.999988
pred=0.999976
pred=0.999984
pred=0.999972
pred=0.999980
pred=0.999988
pred=0.999976
pred=0.999984
pred=0.999972
pred=0.999980
pred=0.999969
pred=0.999976
pred=0.999984
pred=0.999972
pred=0.999980
pred=0.999969
pred=0.999976
pred=0.999965
pred=0.999972
pred=0.999980
pred=0.999969
pred=0.999976
pred=0.999965
pred=0.999972
pred=0.999961
pred=0.999969
pred=0.999976
pred=0.999965
pred=0.999972
pred=0.999980
pred=0.999988
pred=0.999976
pred=0.999984
pred=0.999972
pred=0.999980
pred=0.999988
pred=0.999976
pred=0.999984
pred=0.999991
pred=0.999980
pred=0.999988
pred=0.999976
pred=0.999984
pred=0.999991
pred=0.999980
pred=0.999988
pred=0.999976
pred=0.999984
pred=0.999991
pred=0.999980
pred=0.999988
pred=0.999995
pred=0.999984
pred=0.999991
pred=0.999980
pred=0.999988
pred=0.999995
pred=0.999984
pred=0.999991
pred=0.999980
pred=0.999988
pred=0.999995
pred=0.999984
pred=0.999991
pred=0.999999
pred=0.999988
pred=0.999995
pred=0.999984
pred=0.999991
hit: 612
miss: 26
length of statenum:65536
nodecount=383
treeByteSize=3448
enCodeSize=385
timecost, 0.004237, seconds
done
5120
2046
sz compression ratio, 2.50 
