cfgFile=sz.config
[SZ] Reading SZ configuration file (sz.config) ...
54978
57483
14233
19658
38346
61696
8619
52523
24496
26870
44816
39274
24992
42830
25265
11558
53998
14889
15157
57053
14107
38544
46438
24994
22095
37666
40480
28335
44676
11239
45949
29279
32761
32776
32775
32760
32760
32778
35570
29459
34291
32828
31126
33927
32037
33170
32175
33400
32958
32025
33358
33176
33551
33389
33396
31999
36218
32159
23099
46523
1616
64318
32778
34479
18100
31565
35610
31537
33033
33793
32439
33516
33205
32959
32556
33880
31121
36786
28992
32545
33168
36828
30601
21098
43643
32907
32746
32729
32745
32763
32738
32746
32772
32771
32754
32774
32778
32777
32782
32761
32782
32757
32782
32744
32920
32517
32872
32684
32593
32873
32915
32278
31040
34286
34345
31693
24159
47447
30269
28974
29775
30160
29063
33557
28948
29834
37681
30746
37021
35454
30776
40456
30195
33307
28517
54195
20561
33874
10620
48232
32748
32902
32307
31892
33969
31929
32849
32943
32163
33878
32097
33030
33171
31888
32360
33894
32748
32421
32838
32416
33343
32930
32406
32041
33789
32421
32886
32992
32159
33016
33120
32483
32905
32136
33512
32367
34049
30415
34014
33196
31910
34060
31188
33894
26356
38551
30580
33253
33469
41166
27958
29597
32427
33244
33554
30247
33161
34865
30179
34532
33198
31984
33430
32165
34364
31630
32647
33412
33996
33253
29997
35689
23980
21236
45869
39634
35823
32658
30712
33871
30931
33013
31638
33394
32158
32265
31921
32509
32750
32886
32786
32552
32232
27512
44004
28037
31312
34238
32110
53746
33138
39530
37183
35708
33318
32491
32673
32762
32811
32641
32590
32667
32441
32395
32490
32147
30011
60735
11843
27196
30944
34442
36121
25904
37791
42178
38448
31217
30902
37908
33133
15730
48969
32728
33662
9130
53132
33655
31790
33178
32695
31727
33683
33455
32183
34184
31201
36530
30569
31948
32818
32639
28849
39105
29946
30882
33914
34015
32620
33208
32359
33572
32303
33247
32640
32182
33459
31840
32752
32475
33188
32186
32792
32530
33882
36851
14472
60336
20299
52529
38316
31659
32321
32994
32865
32588
34954
31729
31741
31755
32227
32245
33092
34045
29934
33910
37235
30730
32258
31437
30501
38645
31605
31763
32347
32205
31600
35729
33505
28942
34556
32929
32557
34352
30705
33780
32534
32580
32665
32617
30931
33932
37722
30172
29669
29881
38642
32454
32918
31692
31226
41915
23926
33232
35223
27083
36294
33665
32835
25533
52869
10429
39295
33408
33369
33100
32730
33136
32964
32945
33584
32348
33984
31964
33191
32398
32353
32993
32592
32541
32622
32606
32591
32699
32760
32902
32200
14707
60006
18744
39919
40176
14465
8780
32590
31754
33421
32360
32653
32930
32819
32659
32585
32628
32647
32967
33344
32279
38525
28498
33521
33522
30761
31703
32298
33456
32929
33704
33724
38930
5272
20633
32132
32034
32693
32699
32620
32424
32668
32686
30985
33234
30012
35441
33469
41141
43093
38391
39145
23727
17615
25981
31755
36554
34779
36917
37357
36734
30860
31834
17376
18923
51096
27332
64853
58782
28423
29889
31898
39655
23927
43700
30914
18616
54164
10874
53026
13255
52861
11598
54398
13561
48627
20546
41526
31764
23354
43028
35802
10502
62187
29733
35392
30222
35351
29372
37588
28239
37991
25275
41378
24315
39606
26998
38758
28074
35404
30046
35895
30361
34440
30902
36767
27117
38901
26682
37556
29715
35146
30913
34505
31320
31745
35182
34585
29034
32986
35838
28072
14446
56222
31670
30721
34174
32273
32141
33546
31665
33382
33190
32292
32881
32509
32976
33015
32540
32763
32829
32585
32888
33046
32447
33180
32525
32879
33250
32532
33357
33038
32560
33696
34142
32326
31447
30995
10457
55907
31170
34015
31840
32595
33951
32353
32339
33056
32446
34046
31411
32738
32963
32510
33888
31736
33351
32167
33354
33029
32044
33600
31110
34517
31617
33673
32945
31186
33954
32515
33675
31451
33258
32532
32992
32516
33072
32926
32662
32447
33252
32119
32961
33430
32463
32511
32645
32831
33212
32330
33276
32400
32568
33006
33024
32206
32931
31847
32862
30528
60122
7181
32805
31892
32289
34569
32275
33312
33241
32806
32876
32720
32892
32476
33631
32466
32218
32992
32795
32953
32545
32761
32782
33177
32204
33287
32802
32590
32576
32720
33100
32037
33541
33157
31694
32269
33675
29742
47680
22139
31485
33578
31038
33673
34147
31407
32596
32449
35191
30435
33534
32546
32448
34122
30799
34691
31463
33206
33296
32497
33069
31537
33655
32096
34648
30144
34085
33693
30337
35521
30650
33694
33452
31059
33315
34502
30412
33998
33028
32100
33119
31853
34533
30661
33273
33901
31395
34650
31200
33680
40084
21450
37980
28418
35883
30670
34356
32876
32069
32954
32797
32760
32792
32813
32807
32847
32897
32520
33134
32711
32739
32767
32672
32986
32583
32694
33196
32431
32902
32705
32755
32737
32918
32539
32499
33468
32821
31523
33434
32172
32702
32097
35142
31784
32773
33353
32169
32792
33313
31854
33378
32835
33177
32359
32665
32906
32426
32999
32486
33321
32658
32688
32369
33560
32468
32705
33051
32297
32849
33117
32209
33984
30989
34454
31728
32603
31904
33355
32116
64000
3595
30592
30867
34525
31830
32163
30671
35020
34962
33629
31492
32401
34047
32766
31035
33912
32795
34695
27958
51059
17925
32816
32925
32289
32139
33146
32787
32997
32573
33002
32640
32991
32678
32907
32806
32718
33076
32474
32874
32784
32792
32765
32743
32655
32921
33332
31917
32923
32775
32866
32751
32700
32959
32190
34220
31259
33227
32347
31663
31793
46952
23644
30717
31397
34080
32264
32688
34678
29291
37449
28030
34883
32811
33820
30066
34237
34283
29888
34418
32080
33369
32401
32432
33152
32364
33002
32837
33079
32119
33171
32729
32256
33766
31865
34146
31154
32999
33970
31636
33094
33990
30145
34237
33352
31930
32180
33671
32920
32744
32532
33157
37133
25301
37776
27671
36124
32415
32091
32231
33028
33435
timecost, 0.004146, seconds
done
7768
3999
sz compression ratio, 1.94 
timecost, 0.000062, second
done
Max absolute error = 0
Max relative error = 0
Max pw_relative err = 0
./inputdata/small/yf17_p_pf.dat, ./inputdata/small/yf17_p_pf.dat.sz.out, 971
size of double: 8
104297.710938, 104297.710938, 0.000000
109167.023438, 109167.023438, 0.000000
134858.343750, 134858.343750, 0.000000
106188.796875, 106188.796875, 0.000000
100689.929688, 100689.929688, 0.000000
77814.093750, 77814.093750, 0.000000
94606.328125, 94606.328125, 0.000000
99107.617188, 99107.617188, 0.000000
108838.796875, 108838.796875, 0.000000
174338.625000, 174338.625000, 0.000000
89651.671875, 89651.671875, 0.000000
87860.367188, 87860.367188, 0.000000
126498.562500, 126498.562500, 0.000000
114314.968750, 114314.968750, 0.000000
139159.156250, 139159.156250, 0.000000
198522.625000, 198522.625000, 0.000000
131053.890625, 131053.890625, 0.000000
90704.773438, 90704.773438, 0.000000
101509.460938, 101509.460938, 0.000000
89674.117188, 89674.117188, 0.000000
96359.367188, 96359.367188, 0.000000
95289.023438, 95289.023438, 0.000000
88689.515625, 88689.515625, 0.000000
93384.882812, 93384.882812, 0.000000
104179.875000, 104179.875000, 0.000000
107685.046875, 107685.046875, 0.000000
58933.808594, 58933.808594, 0.000000
92719.671875, 92719.671875, 0.000000
73588.640625, 73588.640625, 0.000000
63890.683594, 63890.683594, 0.000000
47158.847656, 47158.847656, 0.000000
78056.859375, 78056.859375, 0.000000
77139.453125, 77139.453125, 0.000000
108067.375000, 108067.375000, 0.000000
112177.593750, 112177.593750, 0.000000
89870.812500, 89870.812500, 0.000000
103991.484375, 103991.484375, 0.000000
90119.117188, 90119.117188, 0.000000
84912.515625, 84912.515625, 0.000000
100210.718750, 100210.718750, 0.000000
103847.742188, 103847.742188, 0.000000
91475.312500, 91475.312500, 0.000000
86449.921875, 86449.921875, 0.000000
92992.875000, 92992.875000, 0.000000
92884.718750, 92884.718750, 0.000000
110641.007812, 110641.007812, 0.000000
96102.039062, 96102.039062, 0.000000
101335.406250, 101335.406250, 0.000000
101334.882812, 101334.882812, 0.000000
101323.304688, 101323.304688, 0.000000
101324.867188, 101324.867188, 0.000000
101336.046875, 101336.046875, 0.000000
101335.226562, 101335.226562, 0.000000
101323.140625, 101323.140625, 0.000000
101325.062500, 101325.062500, 0.000000
105531.546875, 105531.546875, 0.000000
104772.148438, 104772.148438, 0.000000
106299.265625, 106299.265625, 0.000000
107916.289062, 107916.289062, 0.000000
107069.421875, 107069.421875, 0.000000
107960.656250, 107960.656250, 0.000000
107757.312500, 107757.312500, 0.000000
108154.656250, 108154.656250, 0.000000
107663.929688, 107663.929688, 0.000000
108515.671875, 108515.671875, 0.000000
109773.062500, 109773.062500, 0.000000
109448.601562, 109448.601562, 0.000000
110380.539062, 110380.539062, 0.000000
112177.710938, 112177.710938, 0.000000
115638.625000, 115638.625000, 0.000000
120419.375000, 120419.375000, 0.000000
126535.101562, 126535.101562, 0.000000
131016.812500, 131016.812500, 0.000000
142830.437500, 142830.437500, 0.000000
153348.187500, 153348.187500, 0.000000
143320.359375, 143320.359375, 0.000000
162522.078125, 162522.078125, 0.000000
115525.843750, 115525.843750, 0.000000
135572.296875, 135572.296875, 0.000000
155640.015625, 155640.015625, 0.000000
179345.125000, 179345.125000, 0.000000
171879.359375, 171879.359375, 0.000000
161857.531250, 161857.531250, 0.000000
157874.875000, 157874.875000, 0.000000
151276.671875, 151276.671875, 0.000000
145242.312500, 145242.312500, 0.000000
141384.437500, 141384.437500, 0.000000
136828.171875, 136828.171875, 0.000000
133862.093750, 133862.093750, 0.000000
131825.265625, 131825.265625, 0.000000
130192.203125, 130192.203125, 0.000000
128110.109375, 128110.109375, 0.000000
128389.890625, 128389.890625, 0.000000
125169.609375, 125169.609375, 0.000000
130489.546875, 130489.546875, 0.000000
127784.914062, 127784.914062, 0.000000
124631.835938, 124631.835938, 0.000000
122282.109375, 122282.109375, 0.000000
128050.859375, 128050.859375, 0.000000
129485.531250, 129485.531250, 0.000000
107579.710938, 107579.710938, 0.000000
107423.703125, 107423.703125, 0.000000
107547.046875, 107547.046875, 0.000000
107625.812500, 107625.812500, 0.000000
107627.125000, 107627.125000, 0.000000
107582.046875, 107582.046875, 0.000000
107526.117188, 107526.117188, 0.000000
107410.257812, 107410.257812, 0.000000
107252.765625, 107252.765625, 0.000000
107100.921875, 107100.921875, 0.000000
106955.031250, 106955.031250, 0.000000
106781.500000, 106781.500000, 0.000000
106620.851562, 106620.851562, 0.000000
106479.890625, 106479.890625, 0.000000
106355.851562, 106355.851562, 0.000000
106260.257812, 106260.257812, 0.000000
106151.171875, 106151.171875, 0.000000
106071.195312, 106071.195312, 0.000000
105966.492188, 105966.492188, 0.000000
105892.460938, 105892.460938, 0.000000
105768.054688, 105768.054688, 0.000000
105948.875000, 105948.875000, 0.000000
105628.664062, 105628.664062, 0.000000
105515.632812, 105515.632812, 0.000000
105234.101562, 105234.101562, 0.000000
104602.500000, 104602.500000, 0.000000
104180.671875, 104180.671875, 0.000000
104054.500000, 104054.500000, 0.000000
103252.578125, 103252.578125, 0.000000
100076.554688, 100076.554688, 0.000000
98986.218750, 98986.218750, 0.000000
100064.773438, 100064.773438, 0.000000
99665.265625, 99665.265625, 0.000000
87428.656250, 87428.656250, 0.000000
95375.335938, 95375.335938, 0.000000
99885.257812, 99885.257812, 0.000000
99179.765625, 99179.765625, 0.000000
150275.062500, 150275.062500, 0.000000
154827.375000, 154827.375000, 0.000000
155263.718750, 155263.718750, 0.000000
152115.031250, 152115.031250, 0.000000
143871.937500, 143871.937500, 0.000000
136713.453125, 136713.453125, 0.000000
124301.445312, 124301.445312, 0.000000
107856.578125, 107856.578125, 0.000000
98166.687500, 98166.687500, 0.000000
85696.460938, 85696.460938, 0.000000
79073.890625, 79073.890625, 0.000000
76144.054688, 76144.054688, 0.000000
70475.851562, 70475.851562, 0.000000
75378.976562, 75378.976562, 0.000000
76744.398438, 76744.398438, 0.000000
78850.320312, 78850.320312, 0.000000
75111.257812, 75111.257812, 0.000000
100834.437500, 100834.437500, 0.000000
109773.117188, 109773.117188, 0.000000
120233.046875, 120233.046875, 0.000000
100238.492188, 100238.492188, 0.000000
101506.492188, 101506.492188, 0.000000
102747.515625, 102747.515625, 0.000000
104257.843750, 104257.843750, 0.000000
104843.687500, 104843.687500, 0.000000
103680.257812, 103680.257812, 0.000000
104918.031250, 104918.031250, 0.000000
104476.390625, 104476.390625, 0.000000
104197.265625, 104197.265625, 0.000000
104268.750000, 104268.750000, 0.000000
103130.554688, 103130.554688, 0.000000
104212.273438, 104212.273438, 0.000000
103950.414062, 103950.414062, 0.000000
104213.289062, 104213.289062, 0.000000
105283.796875, 105283.796875, 0.000000
104592.007812, 104592.007812, 0.000000
103085.054688, 103085.054688, 0.000000
103831.101562, 103831.101562, 0.000000
104535.554688, 104535.554688, 0.000000
104546.617188, 104546.617188, 0.000000
104699.617188, 104699.617188, 0.000000
104146.296875, 104146.296875, 0.000000
104743.148438, 104743.148438, 0.000000
105663.929688, 105663.929688, 0.000000
105862.000000, 105862.000000, 0.000000
104604.343750, 104604.343750, 0.000000
105390.453125, 105390.453125, 0.000000
105480.781250, 105480.781250, 0.000000
105809.304688, 105809.304688, 0.000000
106583.765625, 106583.765625, 0.000000
106140.703125, 106140.703125, 0.000000
106194.031250, 106194.031250, 0.000000
106950.882812, 106950.882812, 0.000000
107139.460938, 107139.460938, 0.000000
107600.312500, 107600.312500, 0.000000
106954.718750, 106954.718750, 0.000000
107613.335938, 107613.335938, 0.000000
107567.468750, 107567.468750, 0.000000
109765.539062, 109765.539062, 0.000000
107844.031250, 107844.031250, 0.000000
108104.992188, 108104.992188, 0.000000
109114.210938, 109114.210938, 0.000000
108620.632812, 108620.632812, 0.000000
110389.656250, 110389.656250, 0.000000
109393.679688, 109393.679688, 0.000000
110366.781250, 110366.781250, 0.000000
100121.046875, 100121.046875, 0.000000
99994.031250, 99994.031250, 0.000000
96037.765625, 96037.765625, 0.000000
92931.171875, 92931.171875, 0.000000
91049.773438, 91049.773438, 0.000000
103867.468750, 103867.468750, 0.000000
108265.695312, 108265.695312, 0.000000
107114.492188, 107114.492188, 0.000000
105367.171875, 105367.171875, 0.000000
104453.234375, 104453.234375, 0.000000
104914.515625, 104914.515625, 0.000000
100963.820312, 100963.820312, 0.000000
97701.203125, 97701.203125, 0.000000
98109.414062, 98109.414062, 0.000000
93984.554688, 93984.554688, 0.000000
92948.429688, 92948.429688, 0.000000
92663.765625, 92663.765625, 0.000000
91007.945312, 91007.945312, 0.000000
90510.664062, 90510.664062, 0.000000
88956.945312, 88956.945312, 0.000000
90197.359375, 90197.359375, 0.000000
90086.046875, 90086.046875, 0.000000
89830.078125, 89830.078125, 0.000000
90340.007812, 90340.007812, 0.000000
92307.484375, 92307.484375, 0.000000
94852.367188, 94852.367188, 0.000000
94105.804688, 94105.804688, 0.000000
96827.242188, 96827.242188, 0.000000
89113.257812, 89113.257812, 0.000000
67705.367188, 67705.367188, 0.000000
61854.609375, 61854.609375, 0.000000
64157.964844, 64157.964844, 0.000000
70088.687500, 70088.687500, 0.000000
75888.945312, 75888.945312, 0.000000
79247.062500, 79247.062500, 0.000000
83915.046875, 83915.046875, 0.000000
86401.687500, 86401.687500, 0.000000
89179.640625, 89179.640625, 0.000000
90616.000000, 90616.000000, 0.000000
92795.187500, 92795.187500, 0.000000
94249.929688, 94249.929688, 0.000000
95107.828125, 95107.828125, 0.000000
94959.703125, 94959.703125, 0.000000
94503.960938, 94503.960938, 0.000000
94026.554688, 94026.554688, 0.000000
93689.593750, 93689.593750, 0.000000
93374.523438, 93374.523438, 0.000000
92801.671875, 92801.671875, 0.000000
91592.750000, 91592.750000, 0.000000
84143.156250, 84143.156250, 0.000000
90035.578125, 90035.578125, 0.000000
90310.156250, 90310.156250, 0.000000
88855.320312, 88855.320312, 0.000000
89422.296875, 89422.296875, 0.000000
89084.070312, 89084.070312, 0.000000
117591.546875, 117591.546875, 0.000000
99547.226562, 99547.226562, 0.000000
82011.882812, 82011.882812, 0.000000
73773.500000, 73773.500000, 0.000000
71605.859375, 71605.859375, 0.000000
73481.406250, 73481.406250, 0.000000
76112.226562, 76112.226562, 0.000000
78363.781250, 78363.781250, 0.000000
80482.781250, 80482.781250, 0.000000
82595.648438, 82595.648438, 0.000000
84765.523438, 84765.523438, 0.000000
86761.656250, 86761.656250, 0.000000
88514.117188, 88514.117188, 0.000000
90125.859375, 90125.859375, 0.000000
91288.273438, 91288.273438, 0.000000
91939.429688, 91939.429688, 0.000000
92206.812500, 92206.812500, 0.000000
91620.906250, 91620.906250, 0.000000
87243.187500, 87243.187500, 0.000000
121321.070312, 121321.070312, 0.000000
126627.328125, 126627.328125, 0.000000
124271.406250, 124271.406250, 0.000000
119408.273438, 119408.273438, 0.000000
116845.609375, 116845.609375, 0.000000
118894.320312, 118894.320312, 0.000000
111505.023438, 111505.023438, 0.000000
111022.414062, 111022.414062, 0.000000
276042.312500, 276042.312500, 0.000000
245431.171875, 245431.171875, 0.000000
227759.343750, 227759.343750, 0.000000
220027.078125, 220027.078125, 0.000000
141436.781250, 141436.781250, 0.000000
142484.640625, 142484.640625, 0.000000
140818.187500, 140818.187500, 0.000000
135886.718750, 135886.718750, 0.000000
139949.281250, 139949.281250, 0.000000
144650.968750, 144650.968750, 0.000000
119535.835938, 119535.835938, 0.000000
122772.148438, 122772.148438, 0.000000
125940.382812, 125940.382812, 0.000000
130671.585938, 130671.585938, 0.000000
94036.250000, 94036.250000, 0.000000
93039.203125, 93039.203125, 0.000000
93592.632812, 93592.632812, 0.000000
92435.648438, 92435.648438, 0.000000
91995.929688, 91995.929688, 0.000000
91427.406250, 91427.406250, 0.000000
89038.937500, 89038.937500, 0.000000
88250.765625, 88250.765625, 0.000000
88664.656250, 88664.656250, 0.000000
88055.937500, 88055.937500, 0.000000
89923.796875, 89923.796875, 0.000000
89049.898438, 89049.898438, 0.000000
94760.414062, 94760.414062, 0.000000
96622.578125, 96622.578125, 0.000000
97048.265625, 97048.265625, 0.000000
97562.265625, 97562.265625, 0.000000
97850.429688, 97850.429688, 0.000000
91281.273438, 91281.273438, 0.000000
95800.515625, 95800.515625, 0.000000
95381.156250, 95381.156250, 0.000000
91662.867188, 91662.867188, 0.000000
89949.351562, 89949.351562, 0.000000
90416.437500, 90416.437500, 0.000000
90627.234375, 90627.234375, 0.000000
91605.929688, 91605.929688, 0.000000
91869.367188, 91869.367188, 0.000000
93540.953125, 93540.953125, 0.000000
94397.468750, 94397.468750, 0.000000
96093.117188, 96093.117188, 0.000000
97564.140625, 97564.140625, 0.000000
98009.132812, 98009.132812, 0.000000
99664.757812, 99664.757812, 0.000000
99695.968750, 99695.968750, 0.000000
99699.601562, 99699.601562, 0.000000
99189.242188, 99189.242188, 0.000000
99414.476562, 99414.476562, 0.000000
98621.078125, 98621.078125, 0.000000
97869.601562, 97869.601562, 0.000000
96702.812500, 96702.812500, 0.000000
97483.640625, 97483.640625, 0.000000
105411.484375, 105411.484375, 0.000000
184401.312500, 184401.312500, 0.000000
184300.812500, 184300.812500, 0.000000
152181.562500, 152181.562500, 0.000000
168308.375000, 168308.375000, 0.000000
162613.140625, 162613.140625, 0.000000
191498.500000, 191498.500000, 0.000000
230094.921875, 230094.921875, 0.000000
88224.500000, 88224.500000, 0.000000
91492.023438, 91492.023438, 0.000000
92818.000000, 92818.000000, 0.000000
93363.132812, 93363.132812, 0.000000
94302.531250, 94302.531250, 0.000000
95413.289062, 95413.289062, 0.000000
96207.085938, 96207.085938, 0.000000
100828.757812, 100828.757812, 0.000000
103630.515625, 103630.515625, 0.000000
104635.484375, 104635.484375, 0.000000
103867.468750, 103867.468750, 0.000000
102152.757812, 102152.757812, 0.000000
99522.250000, 99522.250000, 0.000000
97458.640625, 97458.640625, 0.000000
97629.882812, 97629.882812, 0.000000
92842.289062, 92842.289062, 0.000000
90054.320312, 90054.320312, 0.000000
95081.093750, 95081.093750, 0.000000
96543.523438, 96543.523438, 0.000000
97111.554688, 97111.554688, 0.000000
95351.617188, 95351.617188, 0.000000
89624.085938, 89624.085938, 0.000000
94181.210938, 94181.210938, 0.000000
96703.703125, 96703.703125, 0.000000
97467.195312, 97467.195312, 0.000000
97492.835938, 97492.835938, 0.000000
96534.609375, 96534.609375, 0.000000
93532.484375, 93532.484375, 0.000000
95710.929688, 95710.929688, 0.000000
99180.046875, 99180.046875, 0.000000
95953.671875, 95953.671875, 0.000000
95854.625000, 95854.625000, 0.000000
96039.546875, 96039.546875, 0.000000
95853.546875, 95853.546875, 0.000000
98441.492188, 98441.492188, 0.000000
97417.523438, 97417.523438, 0.000000
98165.015625, 98165.015625, 0.000000
98517.476562, 98517.476562, 0.000000
98552.960938, 98552.960938, 0.000000
98414.320312, 98414.320312, 0.000000
98020.468750, 98020.468750, 0.000000
94528.140625, 94528.140625, 0.000000
92999.437500, 92999.437500, 0.000000
99830.390625, 99830.390625, 0.000000
102279.914062, 102279.914062, 0.000000
99501.390625, 99501.390625, 0.000000
91849.601562, 91849.601562, 0.000000
94110.906250, 94110.906250, 0.000000
95841.210938, 95841.210938, 0.000000
97825.750000, 97825.750000, 0.000000
97994.523438, 97994.523438, 0.000000
95561.125000, 95561.125000, 0.000000
108563.437500, 108563.437500, 0.000000
106645.304688, 106645.304688, 0.000000
105509.812500, 105509.812500, 0.000000
108516.648438, 108516.648438, 0.000000
101930.570312, 101930.570312, 0.000000
101293.390625, 101293.390625, 0.000000
102171.273438, 102171.273438, 0.000000
103161.515625, 103161.515625, 0.000000
91943.101562, 91943.101562, 0.000000
114645.585938, 114645.585938, 0.000000
99648.984375, 99648.984375, 0.000000
95668.968750, 95668.968750, 0.000000
92768.265625, 92768.265625, 0.000000
90881.218750, 90881.218750, 0.000000
89555.210938, 89555.210938, 0.000000
88164.773438, 88164.773438, 0.000000
87395.367188, 87395.367188, 0.000000
86870.007812, 86870.007812, 0.000000
86566.710938, 86566.710938, 0.000000
87283.046875, 87283.046875, 0.000000
87475.640625, 87475.640625, 0.000000
89187.062500, 89187.062500, 0.000000
89894.062500, 89894.062500, 0.000000
91129.625000, 91129.625000, 0.000000
91902.000000, 91902.000000, 0.000000
92156.203125, 92156.203125, 0.000000
92691.796875, 92691.796875, 0.000000
93007.265625, 93007.265625, 0.000000
93039.125000, 93039.125000, 0.000000
92887.796875, 92887.796875, 0.000000
92535.171875, 92535.171875, 0.000000
91960.445312, 91960.445312, 0.000000
91299.906250, 91299.906250, 0.000000
90628.460938, 90628.460938, 0.000000
90125.250000, 90125.250000, 0.000000
88911.312500, 88911.312500, 0.000000
65121.785156, 65121.785156, 0.000000
75380.679688, 75380.679688, 0.000000
68108.328125, 68108.328125, 0.000000
69775.171875, 69775.171875, 0.000000
80701.718750, 80701.718750, 0.000000
68749.070312, 68749.070312, 0.000000
98900.562500, 98900.562500, 0.000000
99067.015625, 99067.015625, 0.000000
99010.148438, 99010.148438, 0.000000
97686.156250, 97686.156250, 0.000000
97178.218750, 97178.218750, 0.000000
96160.351562, 96160.351562, 0.000000
94998.976562, 94998.976562, 0.000000
94080.750000, 94080.750000, 0.000000
93238.070312, 93238.070312, 0.000000
92232.640625, 92232.640625, 0.000000
90952.265625, 90952.265625, 0.000000
89462.757812, 89462.757812, 0.000000
87791.171875, 87791.171875, 0.000000
86417.953125, 86417.953125, 0.000000
85909.109375, 85909.109375, 0.000000
84666.531250, 84666.531250, 0.000000
92059.406250, 92059.406250, 0.000000
93048.710938, 93048.710938, 0.000000
95165.914062, 95165.914062, 0.000000
98414.507812, 98414.507812, 0.000000
98651.265625, 98651.265625, 0.000000
97293.125000, 97293.125000, 0.000000
95227.351562, 95227.351562, 0.000000
94195.203125, 94195.203125, 0.000000
93404.937500, 93404.937500, 0.000000
94017.437500, 94017.437500, 0.000000
96065.015625, 96065.015625, 0.000000
107353.945312, 107353.945312, 0.000000
77400.312500, 77400.312500, 0.000000
97077.101562, 97077.101562, 0.000000
98551.101562, 98551.101562, 0.000000
99070.765625, 99070.765625, 0.000000
98489.328125, 98489.328125, 0.000000
97797.007812, 97797.007812, 0.000000
96999.281250, 96999.281250, 0.000000
95980.656250, 95980.656250, 0.000000
94445.906250, 94445.906250, 0.000000
92760.015625, 92760.015625, 0.000000
90952.296875, 90952.296875, 0.000000
88643.023438, 88643.023438, 0.000000
86464.632812, 86464.632812, 0.000000
83511.203125, 83511.203125, 0.000000
81309.375000, 81309.375000, 0.000000
79304.804688, 79304.804688, 0.000000
79655.195312, 79655.195312, 0.000000
82909.140625, 82909.140625, 0.000000
87744.835938, 87744.835938, 0.000000
94374.226562, 94374.226562, 0.000000
98460.562500, 98460.562500, 0.000000
98285.375000, 98285.375000, 0.000000
96201.039062, 96201.039062, 0.000000
93831.929688, 93831.929688, 0.000000
92527.578125, 92527.578125, 0.000000
91788.968750, 91788.968750, 0.000000
92217.218750, 92217.218750, 0.000000
93936.000000, 93936.000000, 0.000000
107016.335938, 107016.335938, 0.000000
64637.992188, 64637.992188, 0.000000
82312.062500, 82312.062500, 0.000000
totaldiff=0.0000000000, sz=971, average absolute error value:0.0000000000
totaldiff=0.0000000000, sz=971, average relative error rate:0.0000000000
