cfgFile=sz.config
[SZ] Reading SZ configuration file (sz.config) ...
32945
33280
46230
21791
34141
32328
22108
39812
32140
33145
29402
36908
32348
32684
35296
30722
32768
32767
33536
43015
9723
47589
30827
33533
30110
34678
30938
39474
27724
32707
17661
47258
32454
30958
36708
29472
35829
32273
27114
38528
47340
14591
21317
5891
31552
33159
19913
63876
2536
47475
32610
31972
37249
45507
558
47949
33517
31403
34159
32713
32275
39111
28684
29199
34354
30459
35653
33560
32957
41955
22132
33201
33794
24772
36399
38964
29830
32811
32720
32769
32767
32762
32774
32768
32769
32768
32767
32768
32769
32802
32735
32765
32771
32763
32768
32771
32765
32732
32808
32767
32768
32789
32766
9185
15650
14419
38361
22986
56900
20886
37390
21228
46050
27001
32764
32591
33094
32410
33153
32443
32799
31144
35159
31630
33483
32410
32733
32811
32749
32773
32785
32760
32797
32710
32791
32768
32786
32750
32768
32770
31037
35487
31736
33874
31062
33283
33824
30627
33944
31303
34555
33228
31579
31865
33447
41224
24211
29800
35511
32086
31635
34160
35548
29332
30243
42365
20639
39636
31302
33571
32801
59553
55685
34897
27340
41240
29660
28456
31424
37658
47162
25481
29899
35736
31457
33234
15215
20375
26577
38074
21459
45662
16968
54584
22599
25383
38378
36141
34148
32043
30466
31749
33506
31588
35497
31284
33874
28231
39156
23294
44677
26452
33299
33232
32397
35065
29836
33577
30772
37461
28312
31927
37757
28621
35603
33471
29778
34177
30996
35573
31345
32228
33695
32636
32934
31813
34188
32217
33162
31561
33505
33679
31456
32820
31889
34295
32820
31770
33586
32562
32751
32183
33077
33376
32227
33940
32470
31723
31499
40046
21486
38184
34816
27457
35950
33289
38317
21190
38529
33431
33397
32803
31630
33730
32174
31003
33681
33328
33196
29929
35977
28288
36207
34905
31328
32375
32598
30926
34380
32545
32888
36700
28086
34379
31506
32531
33769
31057
33994
35329
30467
32990
32541
31805
33753
31511
34204
49519
610
61989
4999
45712
32500
33795
33164
32948
33986
28338
36183
33594
31304
32629
32769
32886
31142
38460
26502
35117
32502
32133
33607
36272
25189
36878
33171
31908
36531
29155
32728
32596
33197
32379
29924
36641
32552
31620
33402
44085
21055
20200
46161
38113
23779
38014
30195
34410
31226
32977
32782
30704
41844
20422
39000
39979
24978
33845
22169
47996
20277
40534
31406
33881
31991
31401
34352
32618
35065
28209
34568
32986
32103
33566
33261
17236
12266
29262
45867
26186
31602
47155
5726
45729
32456
32785
28144
38691
31465
32640
31109
37203
32066
28651
35487
32691
32600
32530
37152
24300
37879
33405
28467
38677
29622
32570
33782
32135
32962
30717
38547
27927
33742
26767
39522
31758
36729
27409
34093
33093
33703
27430
37290
32222
29559
36056
37019
28616
32850
32693
34221
31897
32168
32605
31506
34393
32365
32732
33464
30620
38745
28182
30568
36691
30154
36289
29049
34301
32605
32658
34001
28190
37235
31829
31004
34421
36404
23687
39985
31267
32215
38307
26652
32139
34179
32965
32507
32816
32639
33005
26812
37760
33044
39845
27087
31418
33855
32703
31671
33409
31016
34936
35619
29420
32696
32810
24699
45921
32759
25285
34638
33664
32230
33343
41474
13752
42798
27637
43684
27239
31598
42250
17061
39823
32827
32900
32084
33377
32755
32783
33838
31408
33409
29963
37403
30431
32297
28399
40147
30255
32944
32687
34655
30962
32710
32544
35806
30604
28201
36138
35543
30722
31264
34031
31297
34380
32588
34343
29338
34481
33919
31783
33269
32356
33757
31007
31301
37120
30629
32735
33023
30248
35666
31880
33846
30576
35845
30475
34633
31565
33390
32059
31120
34521
32721
32570
28677
37224
38524
24902
35913
31073
30210
39167
30506
31685
30370
36522
31736
32367
32857
32745
33417
31981
32956
29486
40460
27977
30330
36804
30974
30133
37172
32564
33431
29859
34992
31771
32304
32819
33122
32805
33140
32332
32932
32821
32510
32843
32885
31607
34887
32576
32241
32278
31736
35544
31392
30920
35500
31741
31837
33637
33943
30613
33796
32802
33745
31791
32649
32823
32799
32289
32484
33770
32667
32277
33547
32705
32323
33395
32192
32376
33088
33911
31660
32808
31821
33557
32804
31048
36805
30588
32797
32716
32819
32747
32752
32810
32706
32825
32724
32790
32367
33602
32311
32792
32770
32756
32778
32775
32753
32794
32767
32725
32785
32734
32775
32775
33520
31324
33477
32821
32349
33390
33036
32263
32994
32593
32666
32722
32393
33747
32210
32810
32781
32757
32600
32910
31605
34855
32446
32111
32028
34230
31964
32239
33984
31979
33641
31914
33006
32707
32849
32754
32796
32690
32820
32769
32833
32699
32771
32702
32836
32766
32768
32767
32782
32754
32765
32776
32750
32781
32769
32768
32767
32769
32770
32766
32766
32770
32768
32774
32755
32775
32768
32769
32788
32749
32767
32766
32732
32835
32721
32784
32789
32749
32765
32769
32803
32733
32767
32773
32754
32787
32738
32795
32733
32797
32771
32768
32778
32758
32766
32764
32768
32785
32755
32766
32766
32768
32773
32767
32773
32761
32771
32770
32779
32757
32762
32767
32760
32772
32774
32772
32778
32756
32767
32769
32768
32769
32767
32767
32735
32802
32768
32767
32805
32733
32765
32771
32757
32777
32771
32766
32747
32782
32774
32763
32819
32721
32768
32770
32732
32804
32768
32767
32792
32747
32765
32770
32761
32774
32766
32771
32771
32762
32767
32772
32754
32771
32739
32817
32831
32696
32770
32762
32743
32793
32772
32763
32762
32777
32768
32769
32767
32768
32769
32767
32770
32767
32768
32768
32768
32768
32768
32768
32746
32798
32763
32764
32811
32724
32772
32766
32761
32774
32771
32767
32785
32749
32764
32775
32758
32780
32762
32772
32759
32775
32767
32767
32770
32764
32771
32770
32748
32712
32860
32739
32871
32674
32769
32772
32750
32785
32766
32769
32781
32757
32768
32766
32769
32765
32769
32772
32766
32767
32769
32764
32757
32781
32769
32766
32743
32781
32772
32767
32845
32702
32765
32772
32762
32771
32774
32762
32789
32747
32769
32769
32764
32771
32772
32769
32727
32806
32765
32770
32796
32735
32771
32748
timecost, 0.008844, seconds
done
7744
3686
sz compression ratio, 2.10 
timecost, 0.000095, second
done
Max absolute error = 0
Max relative error = 0
Max pw_relative err = 0
./inputdata/small/yf17_p_bi.dat, ./inputdata/small/yf17_p_bi.dat.sz.out, 968
size of double: 8
89462.757812, 89462.757812, 0.000000
87791.171875, 87791.171875, 0.000000
86417.953125, 86417.953125, 0.000000
85909.109375, 85909.109375, 0.000000
108117.312500, 108117.312500, 0.000000
111801.226562, 111801.226562, 0.000000
117803.390625, 117803.390625, 0.000000
123062.039062, 123062.039062, 0.000000
110331.984375, 110331.984375, 0.000000
109487.976562, 109487.976562, 0.000000
107584.960938, 107584.960938, 0.000000
106319.335938, 106319.335938, 0.000000
99371.726562, 99371.726562, 0.000000
99411.007812, 99411.007812, 0.000000
98741.523438, 98741.523438, 0.000000
97930.726562, 97930.726562, 0.000000
101386.054688, 101386.054688, 0.000000
101388.242188, 101388.242188, 0.000000
101390.156250, 101390.156250, 0.000000
101391.179688, 101391.179688, 0.000000
102686.843750, 102686.843750, 0.000000
121275.445312, 121275.445312, 0.000000
100974.640625, 100974.640625, 0.000000
105685.281250, 105685.281250, 0.000000
107120.710938, 107120.710938, 0.000000
109846.500000, 109846.500000, 0.000000
108087.906250, 108087.906250, 0.000000
109551.203125, 109551.203125, 0.000000
107926.226562, 107926.226562, 0.000000
117617.492188, 117617.492188, 0.000000
118798.125000, 118798.125000, 0.000000
119876.054688, 119876.054688, 0.000000
95460.109375, 95460.109375, 0.000000
95495.101562, 95495.101562, 0.000000
95001.632812, 95001.632812, 0.000000
91453.437500, 91453.437500, 0.000000
94553.976562, 94553.976562, 0.000000
92091.710938, 92091.710938, 0.000000
94795.632812, 94795.632812, 0.000000
96664.914062, 96664.914062, 0.000000
88992.984375, 88992.984375, 0.000000
91040.390625, 91040.390625, 0.000000
117676.914062, 117676.914062, 0.000000
113642.234375, 113642.234375, 0.000000
90282.203125, 90282.203125, 0.000000
132050.671875, 132050.671875, 0.000000
128464.125000, 128464.125000, 0.000000
122824.921875, 122824.921875, 0.000000
117845.578125, 117845.578125, 0.000000
91173.781250, 91173.781250, 0.000000
116998.140625, 116998.140625, 0.000000
91803.984375, 91803.984375, 0.000000
91428.015625, 91428.015625, 0.000000
90786.828125, 90786.828125, 0.000000
88800.476562, 88800.476562, 0.000000
94377.781250, 94377.781250, 0.000000
121450.468750, 121450.468750, 0.000000
94169.296875, 94169.296875, 0.000000
92507.523438, 92507.523438, 0.000000
92108.460938, 92108.460938, 0.000000
89405.531250, 89405.531250, 0.000000
89049.601562, 89049.601562, 0.000000
88601.609375, 88601.609375, 0.000000
87322.375000, 87322.375000, 0.000000
97142.062500, 97142.062500, 0.000000
99814.960938, 99814.960938, 0.000000
96242.687500, 96242.687500, 0.000000
95446.093750, 95446.093750, 0.000000
90608.156250, 90608.156250, 0.000000
90819.375000, 90819.375000, 0.000000
92416.351562, 92416.351562, 0.000000
94344.953125, 94344.953125, 0.000000
112349.468750, 112349.468750, 0.000000
111742.507812, 111742.507812, 0.000000
111891.812500, 111891.812500, 0.000000
113836.726562, 113836.726562, 0.000000
101788.664062, 101788.664062, 0.000000
96096.664062, 96096.664062, 0.000000
101245.304688, 101245.304688, 0.000000
101253.148438, 101253.148438, 0.000000
101337.515625, 101337.515625, 0.000000
101335.843750, 101335.843750, 0.000000
101336.453125, 101336.453125, 0.000000
101336.015625, 101336.015625, 0.000000
101324.492188, 101324.492188, 0.000000
101323.757812, 101323.757812, 0.000000
101323.859375, 101323.859375, 0.000000
101324.851562, 101324.851562, 0.000000
101325.515625, 101325.515625, 0.000000
101325.429688, 101325.429688, 0.000000
101325.476562, 101325.476562, 0.000000
101325.328125, 101325.328125, 0.000000
101386.328125, 101386.328125, 0.000000
101389.117188, 101389.117188, 0.000000
101386.250000, 101386.250000, 0.000000
101389.000000, 101389.000000, 0.000000
101385.468750, 101385.468750, 0.000000
101381.546875, 101381.546875, 0.000000
101381.953125, 101381.953125, 0.000000
101377.468750, 101377.468750, 0.000000
101324.015625, 101324.015625, 0.000000
101325.460938, 101325.460938, 0.000000
101325.250000, 101325.250000, 0.000000
101325.632812, 101325.632812, 0.000000
101353.890625, 101353.890625, 0.000000
101379.828125, 101379.828125, 0.000000
68979.421875, 68979.421875, 0.000000
105851.882812, 105851.882812, 0.000000
119186.898438, 119186.898438, 0.000000
107291.039062, 107291.039062, 0.000000
103086.484375, 103086.484375, 0.000000
85430.078125, 85430.078125, 0.000000
100956.609375, 100956.609375, 0.000000
100144.742188, 100144.742188, 0.000000
105689.093750, 105689.093750, 0.000000
95365.226562, 95365.226562, 0.000000
103304.132812, 103304.132812, 0.000000
103313.710938, 103313.710938, 0.000000
103317.937500, 103317.937500, 0.000000
103078.351562, 103078.351562, 0.000000
103286.195312, 103286.195312, 0.000000
103004.039062, 103004.039062, 0.000000
103248.742188, 103248.742188, 0.000000
103048.796875, 103048.796875, 0.000000
102890.296875, 102890.296875, 0.000000
100498.546875, 100498.546875, 0.000000
101394.218750, 101394.218750, 0.000000
100725.812500, 100725.812500, 0.000000
101398.710938, 101398.710938, 0.000000
101398.523438, 101398.523438, 0.000000
101335.039062, 101335.039062, 0.000000
101351.015625, 101351.015625, 0.000000
101329.898438, 101329.898438, 0.000000
101320.406250, 101320.406250, 0.000000
101342.539062, 101342.539062, 0.000000
101347.343750, 101347.343750, 0.000000
101408.617188, 101408.617188, 0.000000
101361.179688, 101361.179688, 0.000000
101355.945312, 101355.945312, 0.000000
101352.218750, 101352.218750, 0.000000
101380.718750, 101380.718750, 0.000000
101375.812500, 101375.812500, 0.000000
101372.031250, 101372.031250, 0.000000
101371.093750, 101371.093750, 0.000000
98123.000000, 98123.000000, 0.000000
99975.953125, 99975.953125, 0.000000
99891.312500, 99891.312500, 0.000000
101881.765625, 101881.765625, 0.000000
100673.945312, 100673.945312, 0.000000
100431.320312, 100431.320312, 0.000000
102166.765625, 102166.765625, 0.000000
99889.640625, 99889.640625, 0.000000
99817.968750, 99817.968750, 0.000000
96998.539062, 96998.539062, 0.000000
97530.695312, 97530.695312, 0.000000
98924.882812, 98924.882812, 0.000000
98088.867188, 98088.867188, 0.000000
95561.140625, 95561.140625, 0.000000
94306.085938, 94306.085938, 0.000000
108905.210938, 108905.210938, 0.000000
109064.585938, 109064.585938, 0.000000
104216.523438, 104216.523438, 0.000000
103996.125000, 103996.125000, 0.000000
102624.148438, 102624.148438, 0.000000
99341.601562, 99341.601562, 0.000000
98408.351562, 98408.351562, 0.000000
102165.234375, 102165.234375, 0.000000
100124.773438, 100124.773438, 0.000000
93822.328125, 93822.328125, 0.000000
103715.929688, 103715.929688, 0.000000
93141.617188, 93141.617188, 0.000000
94156.320312, 94156.320312, 0.000000
92698.890625, 92698.890625, 0.000000
92595.578125, 92595.578125, 0.000000
92546.890625, 92546.890625, 0.000000
137699.250000, 137699.250000, 0.000000
99484.304688, 99484.304688, 0.000000
99942.695312, 99942.695312, 0.000000
103992.117188, 103992.117188, 0.000000
98882.898438, 98882.898438, 0.000000
108070.945312, 108070.945312, 0.000000
112014.148438, 112014.148438, 0.000000
108679.859375, 108679.859375, 0.000000
103078.125000, 103078.125000, 0.000000
105726.992188, 105726.992188, 0.000000
166311.625000, 166311.625000, 0.000000
97032.742188, 97032.742188, 0.000000
86772.304688, 86772.304688, 0.000000
100801.445312, 100801.445312, 0.000000
102535.117188, 102535.117188, 0.000000
99425.726562, 99425.726562, 0.000000
101326.554688, 101326.554688, 0.000000
101259.718750, 101259.718750, 0.000000
101890.968750, 101890.968750, 0.000000
76194.132812, 76194.132812, 0.000000
100545.109375, 100545.109375, 0.000000
106305.265625, 106305.265625, 0.000000
102779.718750, 102779.718750, 0.000000
107213.687500, 107213.687500, 0.000000
94683.523438, 94683.523438, 0.000000
101495.320312, 101495.320312, 0.000000
84605.906250, 84605.906250, 0.000000
100440.632812, 100440.632812, 0.000000
101021.359375, 101021.359375, 0.000000
90526.531250, 90526.531250, 0.000000
88445.523438, 88445.523438, 0.000000
91422.718750, 91422.718750, 0.000000
96471.593750, 96471.593750, 0.000000
100433.304688, 100433.304688, 0.000000
100941.101562, 100941.101562, 0.000000
99919.718750, 99919.718750, 0.000000
100005.820312, 100005.820312, 0.000000
98323.500000, 98323.500000, 0.000000
100732.382812, 100732.382812, 0.000000
100916.492188, 100916.492188, 0.000000
102760.312500, 102760.312500, 0.000000
97797.414062, 97797.414062, 0.000000
102416.203125, 102416.203125, 0.000000
92824.757812, 92824.757812, 0.000000
101097.593750, 101097.593750, 0.000000
99895.304688, 99895.304688, 0.000000
99489.492188, 99489.492188, 0.000000
99780.445312, 99780.445312, 0.000000
99514.210938, 99514.210938, 0.000000
103555.281250, 103555.281250, 0.000000
102097.820312, 102097.820312, 0.000000
102158.578125, 102158.578125, 0.000000
98476.515625, 98476.515625, 0.000000
103592.742188, 103592.742188, 0.000000
100355.687500, 100355.687500, 0.000000
95540.812500, 95540.812500, 0.000000
100080.335938, 100080.335938, 0.000000
96843.828125, 96843.828125, 0.000000
98923.429688, 98923.429688, 0.000000
102321.062500, 102321.062500, 0.000000
100112.562500, 100112.562500, 0.000000
100544.890625, 100544.890625, 0.000000
97656.593750, 97656.593750, 0.000000
100027.468750, 100027.468750, 0.000000
99729.515625, 99729.515625, 0.000000
98417.335938, 98417.335938, 0.000000
98846.015625, 98846.015625, 0.000000
99026.437500, 99026.437500, 0.000000
99517.875000, 99517.875000, 0.000000
98217.804688, 98217.804688, 0.000000
99582.179688, 99582.179688, 0.000000
99911.250000, 99911.250000, 0.000000
100980.125000, 100980.125000, 0.000000
99787.023438, 99787.023438, 0.000000
99973.890625, 99973.890625, 0.000000
101870.156250, 101870.156250, 0.000000
101305.476562, 101305.476562, 0.000000
100839.789062, 100839.789062, 0.000000
98725.148438, 98725.148438, 0.000000
99473.195312, 99473.195312, 0.000000
100317.773438, 100317.773438, 0.000000
99293.789062, 99293.789062, 0.000000
99800.757812, 99800.757812, 0.000000
99923.789062, 99923.789062, 0.000000
100013.859375, 100013.859375, 0.000000
99006.281250, 99006.281250, 0.000000
98579.398438, 98579.398438, 0.000000
99292.554688, 99292.554688, 0.000000
98990.914062, 98990.914062, 0.000000
100887.179688, 100887.179688, 0.000000
102223.421875, 102223.421875, 0.000000
101601.859375, 101601.859375, 0.000000
98599.195312, 98599.195312, 0.000000
109244.242188, 109244.242188, 0.000000
98735.640625, 98735.640625, 0.000000
98381.328125, 98381.328125, 0.000000
101866.078125, 101866.078125, 0.000000
95393.296875, 95393.296875, 0.000000
94888.242188, 94888.242188, 0.000000
95359.429688, 95359.429688, 0.000000
106234.937500, 106234.937500, 0.000000
95401.359375, 95401.359375, 0.000000
95368.382812, 95368.382812, 0.000000
96580.125000, 96580.125000, 0.000000
98971.820312, 98971.820312, 0.000000
101427.312500, 101427.312500, 0.000000
101751.007812, 101751.007812, 0.000000
103876.718750, 103876.718750, 0.000000
104889.421875, 104889.421875, 0.000000
102592.000000, 102592.000000, 0.000000
102008.804688, 102008.804688, 0.000000
102473.578125, 102473.578125, 0.000000
103741.242188, 103741.242188, 0.000000
99685.953125, 99685.953125, 0.000000
101647.031250, 101647.031250, 0.000000
95207.898438, 95207.898438, 0.000000
95217.554688, 95217.554688, 0.000000
99233.890625, 99233.890625, 0.000000
100551.437500, 100551.437500, 0.000000
101130.781250, 101130.781250, 0.000000
101390.390625, 101390.390625, 0.000000
98198.156250, 98198.156250, 0.000000
98026.898438, 98026.898438, 0.000000
97438.726562, 97438.726562, 0.000000
97074.648438, 97074.648438, 0.000000
104084.765625, 104084.765625, 0.000000
102314.257812, 102314.257812, 0.000000
103564.851562, 103564.851562, 0.000000
102449.226562, 102449.226562, 0.000000
100890.617188, 100890.617188, 0.000000
101208.031250, 101208.031250, 0.000000
98316.750000, 98316.750000, 0.000000
97723.656250, 97723.656250, 0.000000
101933.171875, 101933.171875, 0.000000
101829.367188, 101829.367188, 0.000000
102140.046875, 102140.046875, 0.000000
102025.835938, 102025.835938, 0.000000
100105.156250, 100105.156250, 0.000000
100033.148438, 100033.148438, 0.000000
97602.609375, 97602.609375, 0.000000
97866.093750, 97866.093750, 0.000000
129536.921875, 129536.921875, 0.000000
100911.015625, 100911.015625, 0.000000
127074.406250, 127074.406250, 0.000000
101173.031250, 101173.031250, 0.000000
99538.734375, 99538.734375, 0.000000
97404.906250, 97404.906250, 0.000000
97194.320312, 97194.320312, 0.000000
97726.507812, 97726.507812, 0.000000
98597.226562, 98597.226562, 0.000000
101750.468750, 101750.468750, 0.000000
96597.914062, 96597.914062, 0.000000
97848.679688, 97848.679688, 0.000000
100648.492188, 100648.492188, 0.000000
100703.796875, 100703.796875, 0.000000
100498.023438, 100498.023438, 0.000000
100292.609375, 100292.609375, 0.000000
100310.421875, 100310.421875, 0.000000
97279.476562, 97279.476562, 0.000000
104919.125000, 104919.125000, 0.000000
100811.382812, 100811.382812, 0.000000
101107.468750, 101107.468750, 0.000000
100906.054688, 100906.054688, 0.000000
99512.390625, 99512.390625, 0.000000
99692.593750, 99692.593750, 0.000000
106443.070312, 106443.070312, 0.000000
98982.453125, 98982.453125, 0.000000
99229.226562, 99229.226562, 0.000000
100230.335938, 100230.335938, 0.000000
99618.921875, 99618.921875, 0.000000
106062.843750, 106062.843750, 0.000000
105733.843750, 105733.843750, 0.000000
105329.640625, 105329.640625, 0.000000
104601.875000, 104601.875000, 0.000000
104677.742188, 104677.742188, 0.000000
104027.054688, 104027.054688, 0.000000
98042.234375, 98042.234375, 0.000000
99318.335938, 99318.335938, 0.000000
100190.492188, 100190.492188, 0.000000
98910.937500, 98910.937500, 0.000000
98818.679688, 98818.679688, 0.000000
119945.367188, 119945.367188, 0.000000
119111.195312, 119111.195312, 0.000000
94713.531250, 94713.531250, 0.000000
95424.601562, 95424.601562, 0.000000
106159.343750, 106159.343750, 0.000000
100040.554688, 100040.554688, 0.000000
103757.062500, 103757.062500, 0.000000
102649.523438, 102649.523438, 0.000000
104620.078125, 104620.078125, 0.000000
103698.953125, 103698.953125, 0.000000
103169.929688, 103169.929688, 0.000000
102668.851562, 102668.851562, 0.000000
98296.695312, 98296.695312, 0.000000
110942.039062, 110942.039062, 0.000000
100438.460938, 100438.460938, 0.000000
101619.601562, 101619.601562, 0.000000
116320.789062, 116320.789062, 0.000000
116416.421875, 116416.421875, 0.000000
118532.687500, 118532.687500, 0.000000
100774.085938, 100774.085938, 0.000000
111568.171875, 111568.171875, 0.000000
98942.351562, 98942.351562, 0.000000
100877.718750, 100877.718750, 0.000000
100259.953125, 100259.953125, 0.000000
101728.406250, 101728.406250, 0.000000
101738.781250, 101738.781250, 0.000000
99187.054688, 99187.054688, 0.000000
99606.195312, 99606.195312, 0.000000
99798.812500, 99798.812500, 0.000000
103437.132812, 103437.132812, 0.000000
100237.789062, 100237.789062, 0.000000
99738.546875, 99738.546875, 0.000000
99565.257812, 99565.257812, 0.000000
98395.632812, 98395.632812, 0.000000
98422.625000, 98422.625000, 0.000000
99187.953125, 99187.953125, 0.000000
76657.242188, 76657.242188, 0.000000
104261.351562, 104261.351562, 0.000000
101112.757812, 101112.757812, 0.000000
92704.210938, 92704.210938, 0.000000
103945.164062, 103945.164062, 0.000000
105312.828125, 105312.828125, 0.000000
104933.039062, 104933.039062, 0.000000
126132.226562, 126132.226562, 0.000000
106767.539062, 106767.539062, 0.000000
106845.617188, 106845.617188, 0.000000
106455.414062, 106455.414062, 0.000000
106091.078125, 106091.078125, 0.000000
98789.828125, 98789.828125, 0.000000
100373.289062, 100373.289062, 0.000000
100002.898438, 100002.898438, 0.000000
99440.953125, 99440.953125, 0.000000
96389.328125, 96389.328125, 0.000000
99991.164062, 99991.164062, 0.000000
102539.640625, 102539.640625, 0.000000
98912.046875, 98912.046875, 0.000000
99362.531250, 99362.531250, 0.000000
99698.937500, 99698.937500, 0.000000
99783.335938, 99783.335938, 0.000000
99510.281250, 99510.281250, 0.000000
107456.882812, 107456.882812, 0.000000
99526.109375, 99526.109375, 0.000000
101177.687500, 101177.687500, 0.000000
104024.507812, 104024.507812, 0.000000
98807.257812, 98807.257812, 0.000000
104668.351562, 104668.351562, 0.000000
104631.671875, 104631.671875, 0.000000
104224.906250, 104224.906250, 0.000000
105716.828125, 105716.828125, 0.000000
106023.015625, 106023.015625, 0.000000
106692.570312, 106692.570312, 0.000000
103517.718750, 103517.718750, 0.000000
111177.789062, 111177.789062, 0.000000
109761.125000, 109761.125000, 0.000000
110169.593750, 110169.593750, 0.000000
99327.765625, 99327.765625, 0.000000
101148.023438, 101148.023438, 0.000000
101076.640625, 101076.640625, 0.000000
108429.718750, 108429.718750, 0.000000
105736.914062, 105736.914062, 0.000000
105526.460938, 105526.460938, 0.000000
105927.492188, 105927.492188, 0.000000
108080.625000, 108080.625000, 0.000000
100223.445312, 100223.445312, 0.000000
100848.179688, 100848.179688, 0.000000
100445.929688, 100445.929688, 0.000000
94028.546875, 94028.546875, 0.000000
93776.500000, 93776.500000, 0.000000
101495.210938, 101495.210938, 0.000000
101428.101562, 101428.101562, 0.000000
101514.390625, 101514.390625, 0.000000
101461.375000, 101461.375000, 0.000000
104041.015625, 104041.015625, 0.000000
105042.343750, 105042.343750, 0.000000
104954.773438, 104954.773438, 0.000000
104573.468750, 104573.468750, 0.000000
101904.648438, 101904.648438, 0.000000
102179.406250, 102179.406250, 0.000000
101725.507812, 101725.507812, 0.000000
101206.156250, 101206.156250, 0.000000
101948.242188, 101948.242188, 0.000000
98796.820312, 98796.820312, 0.000000
106477.773438, 106477.773438, 0.000000
105848.984375, 105848.984375, 0.000000
101231.109375, 101231.109375, 0.000000
103723.617188, 103723.617188, 0.000000
101478.750000, 101478.750000, 0.000000
105614.718750, 105614.718750, 0.000000
103011.281250, 103011.281250, 0.000000
103186.250000, 103186.250000, 0.000000
103064.234375, 103064.234375, 0.000000
102744.046875, 102744.046875, 0.000000
104659.343750, 104659.343750, 0.000000
98275.046875, 98275.046875, 0.000000
99989.507812, 99989.507812, 0.000000
100000.835938, 100000.835938, 0.000000
96814.210938, 96814.210938, 0.000000
96625.953125, 96625.953125, 0.000000
103024.968750, 103024.968750, 0.000000
92966.625000, 92966.625000, 0.000000
95988.562500, 95988.562500, 0.000000
96289.578125, 96289.578125, 0.000000
95589.187500, 95589.187500, 0.000000
104927.242188, 104927.242188, 0.000000
103563.054688, 103563.054688, 0.000000
101097.625000, 101097.625000, 0.000000
101103.015625, 101103.015625, 0.000000
101451.054688, 101451.054688, 0.000000
101343.695312, 101343.695312, 0.000000
101318.921875, 101318.921875, 0.000000
101070.437500, 101070.437500, 0.000000
101233.820312, 101233.820312, 0.000000
90976.359375, 90976.359375, 0.000000
89455.218750, 89455.218750, 0.000000
88416.648438, 88416.648438, 0.000000
99761.890625, 99761.890625, 0.000000
101164.890625, 101164.890625, 0.000000
100207.828125, 100207.828125, 0.000000
101151.671875, 101151.671875, 0.000000
101980.945312, 101980.945312, 0.000000
100890.781250, 100890.781250, 0.000000
100923.132812, 100923.132812, 0.000000
97888.968750, 97888.968750, 0.000000
98649.585938, 98649.585938, 0.000000
totaldiff=0.0000000000, sz=968, average absolute error value:0.0000000000
totaldiff=0.0000000000, sz=968, average relative error rate:0.0000000000
