cfgFile=sz.config
[SZ] Reading SZ configuration file (sz.config) ...
point count: 960
datalength=960
pwrLength=30
pwrErrBoundBytes_size=60
intvCapacity=20000
intvRadius=10000
datalength=960
----------factors
10151
9771
9731
10699
10053
8756
10665
9405
9934
9328
12375
9016
10004
10585
9402
10024
10544
9087
10609
10068
10409
9590
9898
10137
9658
10232
9718
10552
9891
9920
9600
10793
9700
9936
10284
9528
10082
10348
16869
2833
9999
10001
10000
9999
9999
9999
10000
9998
10000
9998
9999
10000
9999
10001
10000
10001
10001
10001
10000
10002
9999
10001
10000
10000
10006
9994
10000
10001
9999
9999
10002
9998
10002
9999
9999
10001
10000
9999
1208
reqLength=29
8784
10158
reqLength=29
reqLength=29
reqLength=29
reqLength=29
10290
829
reqLength=29
496
9999
reqLength=29
reqLength=29
reqLength=29
reqLength=29
reqLength=29
13495
13346
11485
reqLength=29
reqLength=29
reqLength=29
reqLength=29
6553
16042
10811
5344
7491
9786
18549
3616
6751
15173
8514
19330
1089
9976
10336
8448
11482
10001
9999
9999
10000
10003
9997
10002
9998
9999
10004
9995
9999
10006
10002
9997
9998
10001
10000
9999
10001
10000
9999
10002
10000
9999
9999
10002
9999
9999
10002
9998
10001
9999
10002
9998
10000
10001
9999
9151
10589
12328
3225
reqLength=29
reqLength=29
3989
17898
17185
reqLength=29
14379
11405
1980
reqLength=29
reqLength=29
13797
1695
18826
13824
6223
2822
reqLength=29
reqLength=29
9143
17190
9640
5608
13177
14919
10191
5000
6277
6391
reqLength=29
reqLength=29
reqLength=29
12948
reqLength=29
reqLength=29
620
3109
19154
7964
8553
11570
8945
11098
11524
6479
15608
2769
13268
9122
16874
171
13214
10787
10192
9669
10235
10049
9804
12790
6667
10254
7137
14613
7714
10883
9968
10187
10148
8686
10555
11042
9463
10214
9446
11068
9063
12536
7778
12169
4961
13289
9902
8151
5687
19802
6160
9530
10365
9708
9820
10916
13184
5418
3848
17379
10866
5958
reqLength=29
reqLength=29
16084
5376
14170
11452
9403
reqLength=29
reqLength=29
9901
8265
12127
8822
19907
reqLength=29
reqLength=29
12113
8873
8348
8118
13046
8949
9983
10161
10227
8387
11112
10288
8025
11576
10583
9684
10315
10196
10758
7800
9847
11476
9865
10758
8961
9499
12704
3536
14571
13128
6475
10106
9964
9796
10618
8313
12396
7885
11049
11634
8993
8827
10895
4812
14886
12752
8040
8771
10373
10368
5042
18288
6829
9301
7114
12817
14749
5594
9830
9310
9456
7793
14698
8159
11675
9058
9847
10471
9360
10687
10516
9245
9561
9821
10736
10983
7949
10017
10688
10224
10211
9600
7926
13921
8316
9833
9899
10221
9922
9871
10064
7948
18640
reqLength=29
15281
13031
6711
10833
10015
9848
11343
8859
10056
9661
10333
9961
10821
8938
10390
9904
9948
9827
14719
3448
10766
11300
8843
13696
1673
15716
10662
9448
9817
12266
7829
9921
11989
3898
14733
11793
6849
9450
11432
9848
10326
10334
9191
11104
7600
12537
7652
11565
9856
10159
12665
7031
10103
7120
14373
8541
10911
8576
10273
10381
8879
9757
12348
8804
8086
11748
12232
8323
9239
11966
6988
11007
11926
6550
12070
9900
9902
18318
reqLength=29
18596
10072
9989
8437
13167
8813
9455
11771
8063
9944
10119
10087
7749
12659
7289
13523
8305
10696
9176
9851
12645
8062
9823
8960
12173
3188
15472
11407
9211
10013
11334
11460
6851
10154
10165
9572
10084
10092
10188
8739
11467
9626
13210
5519
11269
9382
11078
9864
9364
10721
9880
9693
9968
11531
8376
7396
15422
2413
17944
6494
14866
5735
9692
10276
10091
9732
10058
9710
10551
9521
6972
13621
6205
19039
2157
14526
7629
10147
10204
10092
8706
11004
8624
12135
9246
9740
10423
9812
2894
17529
8680
11396
9863
10063
9659
9047
10276
17076
5166
8234
10120
10195
9635
10087
10200
9798
10358
9737
9941
9950
9543
10553
11047
8872
7318
11809
14207
6333
10620
9660
7462
12557
9946
13539
4024
13953
8400
11898
3131
18651
7282
9333
2373
reqLength=29
7518
11635
14510
3470
10244
8641
9831
12944
7262
7686
18740
2545
19803
2793
9279
12032
1145
17338
10001
9998
9999
9998
10004
9998
10004
9996
10002
10000
9999
9996
10003
10004
9998
10000
9999
10002
9993
10008
9995
9999
10006
9998
9996
9999
10010
9991
10003
10000
10002
9999
10000
9999
9965
10048
9981
10001
10012
9992
10000
10000
10021
9980
9999
10001
9978
10021
10001
9999
10001
9999
9997
10050
9953
10002
9998
10000
10003
9996
10003
9995
10001
10005
9994
10006
9997
9999
9999
10000
10011
9987
10006
9997
10009
9989
10005
10000
9978
10024
9996
10000
10003
9997
10002
10000
9996
9998
10003
10006
9999
9997
9999
10001
9999
10000
10000
10001
9999
10001
10000
10000
9998
10003
9998
9999
10002
9998
10003
9998
10001
10000
9999
10000
10000
10002
9996
10003
10001
9998
10002
9998
10001
9999
10000
10001
9970
10027
10002
10011
9989
9987
10014
10025
9985
9951
10039
9999
10038
9925
10093
9853
10070
10018
10005
10045
10005
9948
10001
9999
10000
10000
9965
10036
9999
10000
10000
10000
9999
10003
9999
10000
10000
10001
10002
9994
10000
9998
10004
10002
10001
9995
10003
10001
9997
10001
9998
10003
10000
10000
10001
9997
10000
9999
10005
9995
10004
9999
9994
10005
10002
9998
9997
10004
10005
9993
10003
9999
10007
9992
10000
10004
9995
10002
10001
9998
9998
10001
10009
9991
10002
9996
10005
9999
10002
9995
10000
10006
9993
10002
10001
10002
9997
10002
9998
10002
10000
9998
10001
10001
9999
10000
10004
9994
10002
10000
10001
10000
9990
10008
10002
10001
9998
10003
9998
9969
10023
9990
10030
10026
9966
9995
9993
10009
10001
10029
9967
10003
10000
10007
9992
9999
9998
9954
10042
10007
10054
9945
9999
10004
9998
9999
9999
10003
9999
9999
9968
10067
9966
9999
10001
10000
9999
10001
9998
10003
9998
10001
9999
10001
10000
10000
9999
9999
10001
9999
10000
10002
9997
10002
10005
9992
10008
9993
10001
10007
9994
9997
10003
10002
9996
10000
9998
9998
10012
10002
9981
9990
10052
9940
10039
9994
9991
10027
9983
9963
10056
9986
9954
10037
10030
9959
9994
10021
10003
10007
9985
10006
10001
9977
10026
9998
9963
10015
10014
10008
9984
10008
10037
9944
10020
10021
9951
10026
9994
10011
9995
10010
----------
hit: 922
miss: 36
outlierSize: 0
length of statenum:65536
nodecount=1091
treeByteSize=9820
enCodeSize=950
-------insight of tdps
dataLength=960
exactDataNum=38
realPrecision=1.000000
medianValue=0.000000
reqLength=29
quantization_intervals=20000
pwrErrBoundBytes=ê
pwrErrBoundBytes_size=60
radExpo=16
-----------------------timecost, 0.005239, seconds
done
7680
3463
sz compression ratio, 2.22 
