current pwr_bound is 1e-1
cfgFile=sz.config
[SZ] Reading SZ configuration file (sz.config) ...
point count: 65536
pwrLength=2048
pwrErrBoundBytes_size=4096
pw_relBoundRatio=0.100000
hit: 65534
miss: 0
length of statenum:65536
nodecount=87
treeByteSize=610
enCodeSize=17630
-------insight of tdps
dataLength=65536
exactDataNum=2
realPrecision=0.097656
medianValue=0.000000
reqLength=15
quantization_intervals=20000
pwrErrBoundBytes_size=4096
radExpo=-1
-----------------------
timecost, 0.005996, seconds
done
input file size: 524288
output file size: 7001
sz compression ratio, 74.89 
timecost, 0.004711, second
done
Max absolute error = 0.09764625000000004551
Max relative error = 0.097646640586562388764
Max pw_relative err = 0.099260732506567111999
../model_comparison/inputdata/original/astro.dat, ../model_comparison/inputdata/original/astro.dat.sz.out, 65536
size of double: 8
0.999994, 0.937500, -0.062494
0.999994, 0.937500, -0.062494
0.999994, 0.937500, -0.062494
0.999994, 0.937500, -0.062494
0.999994, 0.937500, -0.062494
0.999994, 0.937500, -0.062494
0.999994, 0.937500, -0.062494
0.999994, 0.937500, -0.062494
0.999993, 0.937500, -0.062493
0.999993, 0.937500, -0.062493
0.999993, 0.937500, -0.062493
0.999993, 0.937500, -0.062493
0.999993, 0.937500, -0.062493
0.999993, 0.937500, -0.062493
0.999993, 0.937500, -0.062493
0.999993, 0.937500, -0.062493
0.999993, 0.937500, -0.062493
0.999993, 0.937500, -0.062493
0.999993, 0.937500, -0.062493
0.999993, 0.937500, -0.062493
0.999993, 0.937500, -0.062493
0.999993, 0.937500, -0.062493
0.999993, 0.937500, -0.062493
0.999993, 0.937500, -0.062493
0.999992, 0.937500, -0.062492
0.999992, 0.937500, -0.062492
0.999992, 0.937500, -0.062492
0.999992, 0.937500, -0.062492
0.999992, 0.937500, -0.062492
0.999992, 0.937500, -0.062492
0.999992, 0.937500, -0.062492
0.999992, 0.937500, -0.062492
0.999992, 0.937500, -0.062492
0.999992, 0.937500, -0.062492
0.999992, 0.937500, -0.062492
0.999992, 0.937500, -0.062492
0.999992, 0.937500, -0.062492
0.999991, 0.937500, -0.062491
0.999991, 0.937500, -0.062491
0.999991, 0.937500, -0.062491
0.999991, 0.937500, -0.062491
0.999991, 0.937500, -0.062491
0.999991, 0.937500, -0.062491
0.999991, 0.937500, -0.062491
0.999991, 0.937500, -0.062491
0.999991, 0.937500, -0.062491
0.999991, 0.937500, -0.062491
0.999991, 0.937500, -0.062491
0.999991, 0.937500, -0.062491
0.999991, 0.937500, -0.062491
0.999990, 0.937500, -0.062490
0.999991, 0.937500, -0.062491
0.999990, 0.937500, -0.062490
0.999990, 0.937500, -0.062490
0.999990, 0.937500, -0.062490
0.999990, 0.937500, -0.062490
0.999990, 0.937500, -0.062490
0.999990, 0.937500, -0.062490
0.999990, 0.937500, -0.062490
0.999990, 0.937500, -0.062490
0.999989, 0.937500, -0.062489
0.999989, 0.937500, -0.062489
0.999989, 0.937500, -0.062489
0.999989, 0.937500, -0.062489
0.999989, 0.937500, -0.062489
0.999989, 0.937500, -0.062489
0.999989, 0.937500, -0.062489
0.999989, 0.937500, -0.062489
0.999989, 0.937500, -0.062489
0.999989, 0.937500, -0.062489
0.999988, 0.937500, -0.062488
0.999988, 0.937500, -0.062488
0.999988, 0.937500, -0.062488
0.999988, 0.937500, -0.062488
0.999988, 0.937500, -0.062488
0.999988, 0.937500, -0.062488
0.999988, 0.937500, -0.062488
0.999988, 0.937500, -0.062488
0.999987, 0.937500, -0.062487
0.999987, 0.937500, -0.062487
0.999987, 0.937500, -0.062487
0.999987, 0.937500, -0.062487
0.999987, 0.937500, -0.062487
0.999987, 0.937500, -0.062487
0.999987, 0.937500, -0.062487
0.999987, 0.937500, -0.062487
0.999986, 0.937500, -0.062486
0.999986, 0.937500, -0.062486
0.999986, 0.937500, -0.062486
0.999986, 0.937500, -0.062486
0.999986, 0.937500, -0.062486
0.999986, 0.937500, -0.062486
0.999985, 0.937500, -0.062485
0.999985, 0.937500, -0.062485
0.999985, 0.937500, -0.062485
0.999985, 0.937500, -0.062485
0.999985, 0.937500, -0.062485
0.999985, 0.937500, -0.062485
0.999985, 0.937500, -0.062485
0.999984, 0.937500, -0.062484
0.999984, 0.937500, -0.062484
0.999984, 0.937500, -0.062484
0.999984, 0.937500, -0.062484
0.999984, 0.937500, -0.062484
0.999983, 0.937500, -0.062483
0.999983, 0.937500, -0.062483
0.999983, 0.937500, -0.062483
0.999983, 0.937500, -0.062483
0.999983, 0.937500, -0.062483
0.999983, 0.937500, -0.062483
0.999982, 0.937500, -0.062482
0.999982, 0.937500, -0.062482
0.999982, 0.937500, -0.062482
0.999982, 0.937500, -0.062482
0.999982, 0.937500, -0.062482
0.999982, 0.937500, -0.062482
0.999981, 0.937500, -0.062481
0.999981, 0.937500, -0.062481
0.999981, 0.937500, -0.062481
0.999981, 0.937500, -0.062481
0.999980, 0.937500, -0.062480
0.999980, 0.937500, -0.062480
0.999980, 0.937500, -0.062480
0.999980, 0.937500, -0.062480
0.999979, 0.937500, -0.062479
0.999979, 0.937500, -0.062479
0.999979, 0.937500, -0.062479
0.999979, 0.937500, -0.062479
0.999978, 0.937500, -0.062478
0.999978, 0.937500, -0.062478
0.999978, 0.937500, -0.062478
0.999978, 0.937500, -0.062478
0.999977, 0.937500, -0.062477
0.999977, 0.937500, -0.062477
0.999977, 0.937500, -0.062477
0.999977, 0.937500, -0.062477
0.999976, 0.937500, -0.062476
0.999976, 0.937500, -0.062476
0.999976, 0.937500, -0.062476
0.999976, 0.937500, -0.062476
0.999975, 0.937500, -0.062475
0.999975, 0.937500, -0.062475
0.999975, 0.937500, -0.062475
0.999975, 0.937500, -0.062475
0.999974, 0.937500, -0.062474
0.999974, 0.937500, -0.062474
0.999973, 0.937500, -0.062473
0.999973, 0.937500, -0.062473
0.999973, 0.937500, -0.062473
0.999973, 0.937500, -0.062473
0.999972, 0.937500, -0.062472
0.999972, 0.937500, -0.062472
0.999972, 0.937500, -0.062472
0.999972, 0.937500, -0.062472
0.999971, 0.937500, -0.062471
0.999971, 0.937500, -0.062471
0.999970, 0.937500, -0.062470
0.999970, 0.937500, -0.062470
0.999969, 0.937500, -0.062469
0.999969, 0.937500, -0.062469
0.999969, 0.937500, -0.062469
0.999969, 0.937500, -0.062469
0.999968, 0.937500, -0.062468
0.999968, 0.937500, -0.062468
0.999967, 0.937500, -0.062467
0.999967, 0.937500, -0.062467
0.999967, 0.937500, -0.062467
0.999967, 0.937500, -0.062467
0.999966, 0.937500, -0.062466
0.999966, 0.937500, -0.062466
0.999965, 0.937500, -0.062465
0.999965, 0.937500, -0.062465
0.999964, 0.937500, -0.062464
0.999964, 0.937500, -0.062464
0.999963, 0.937500, -0.062463
0.999963, 0.937500, -0.062463
0.999963, 0.937500, -0.062463
0.999963, 0.937500, -0.062463
0.999962, 0.937500, -0.062462
0.999962, 0.937500, -0.062462
0.999961, 0.937500, -0.062461
0.999961, 0.937500, -0.062461
0.999960, 0.937500, -0.062460
0.999960, 0.937500, -0.062460
0.999959, 0.937500, -0.062459
0.999959, 0.937500, -0.062459
0.999958, 0.937500, -0.062458
0.999958, 0.937500, -0.062458
0.999958, 0.937500, -0.062458
0.999958, 0.937500, -0.062458
0.999957, 0.937500, -0.062457
0.999957, 0.937500, -0.062457
0.999956, 0.937500, -0.062456
0.999956, 0.937500, -0.062456
0.999955, 0.937500, -0.062455
0.999955, 0.937500, -0.062455
0.999954, 0.937500, -0.062454
0.999954, 0.937500, -0.062454
0.999953, 0.937500, -0.062453
0.999953, 0.937500, -0.062453
0.999952, 0.937500, -0.062452
0.999952, 0.937500, -0.062452
0.999951, 0.937500, -0.062451
0.999951, 0.937500, -0.062451
0.999951, 0.937500, -0.062451
0.999951, 0.937500, -0.062451
0.999950, 0.937500, -0.062450
0.999950, 0.937500, -0.062450
0.999949, 0.937500, -0.062449
0.999949, 0.937500, -0.062449
0.999948, 0.937500, -0.062448
0.999948, 0.937500, -0.062448
0.999947, 0.937500, -0.062447
0.999947, 0.937500, -0.062447
0.999946, 0.937500, -0.062446
0.999946, 0.937500, -0.062446
0.999945, 0.937500, -0.062445
0.999945, 0.937500, -0.062445
0.999944, 0.937500, -0.062444
0.999944, 0.937500, -0.062444
0.999944, 0.937500, -0.062444
0.999944, 0.937500, -0.062444
0.999943, 0.937500, -0.062443
0.999943, 0.937500, -0.062443
0.999942, 0.937500, -0.062442
0.999942, 0.937500, -0.062442
0.999942, 0.937500, -0.062442
0.999942, 0.937500, -0.062442
0.999941, 0.937500, -0.062441
0.999941, 0.937500, -0.062441
0.999940, 0.937500, -0.062440
0.999940, 0.937500, -0.062440
0.999940, 0.937500, -0.062440
0.999940, 0.937500, -0.062440
0.999939, 0.937500, -0.062439
0.999939, 0.937500, -0.062439
0.999939, 0.937500, -0.062439
0.999939, 0.937500, -0.062439
0.999938, 0.937500, -0.062438
0.999938, 0.937500, -0.062438
0.999938, 0.937500, -0.062438
0.999938, 0.937500, -0.062438
0.999938, 0.937500, -0.062438
0.999938, 0.937500, -0.062438
0.999937, 0.937500, -0.062437
0.999937, 0.937500, -0.062437
0.999937, 0.937500, -0.062437
0.999937, 0.937500, -0.062437
0.999937, 0.937500, -0.062437
0.999937, 0.937500, -0.062437
0.999937, 0.937500, -0.062437
0.999937, 0.937500, -0.062437
0.999936, 0.937500, -0.062436
0.999936, 0.937500, -0.062436
0.999936, 0.937500, -0.062436
0.999936, 0.937500, -0.062436
0.999936, 0.937500, -0.062436
0.999936, 0.937500, -0.062436
0.999936, 0.937500, -0.062436
0.999936, 0.937500, -0.062436
0.999937, 0.937500, -0.062437
0.999937, 0.937500, -0.062437
0.999937, 0.937500, -0.062437
0.999937, 0.937500, -0.062437
0.999937, 0.937500, -0.062437
0.999937, 0.937500, -0.062437
0.999937, 0.937500, -0.062437
0.999937, 0.937500, -0.062437
0.999938, 0.937500, -0.062438
0.999938, 0.937500, -0.062438
0.999938, 0.937500, -0.062438
0.999938, 0.937500, -0.062438
0.999938, 0.937500, -0.062438
0.999938, 0.937500, -0.062438
0.999939, 0.937500, -0.062439
0.999939, 0.937500, -0.062439
0.999939, 0.937500, -0.062439
0.999939, 0.937500, -0.062439
0.999940, 0.937500, -0.062440
0.999940, 0.937500, -0.062440
0.999940, 0.937500, -0.062440
0.999940, 0.937500, -0.062440
0.999941, 0.937500, -0.062441
0.999941, 0.937500, -0.062441
0.999942, 0.937500, -0.062442
0.999942, 0.937500, -0.062442
0.999942, 0.937500, -0.062442
0.999942, 0.937500, -0.062442
0.999943, 0.937500, -0.062443
0.999943, 0.937500, -0.062443
0.999944, 0.937500, -0.062444
0.999944, 0.937500, -0.062444
0.999945, 0.937500, -0.062445
0.999944, 0.937500, -0.062444
0.999946, 0.937500, -0.062446
0.999945, 0.937500, -0.062445
0.999946, 0.937500, -0.062446
0.999946, 0.937500, -0.062446
0.999947, 0.937500, -0.062447
0.999947, 0.937500, -0.062447
0.999948, 0.937500, -0.062448
0.999948, 0.937500, -0.062448
0.999949, 0.937500, -0.062449
0.999949, 0.937500, -0.062449
0.999950, 0.937500, -0.062450
0.999950, 0.937500, -0.062450
0.999951, 0.937500, -0.062451
0.999951, 0.937500, -0.062451
0.999952, 0.937500, -0.062452
0.999951, 0.937500, -0.062451
0.999952, 0.937500, -0.062452
0.999952, 0.937500, -0.062452
0.999953, 0.937500, -0.062453
0.999953, 0.937500, -0.062453
0.999954, 0.937500, -0.062454
0.999954, 0.937500, -0.062454
0.999955, 0.937500, -0.062455
0.999955, 0.937500, -0.062455
0.999956, 0.937500, -0.062456
0.999956, 0.937500, -0.062456
0.999957, 0.937500, -0.062457
0.999957, 0.937500, -0.062457
0.999958, 0.937500, -0.062458
0.999957, 0.937500, -0.062457
0.999958, 0.937500, -0.062458
0.999958, 0.937500, -0.062458
0.999959, 0.937500, -0.062459
0.999959, 0.937500, -0.062459
0.999960, 0.937500, -0.062460
0.999960, 0.937500, -0.062460
0.999961, 0.937500, -0.062461
0.999961, 0.937500, -0.062461
0.999962, 0.937500, -0.062462
0.999962, 0.937500, -0.062462
0.999963, 0.937500, -0.062463
0.999963, 0.937500, -0.062463
0.999963, 0.937500, -0.062463
0.999963, 0.937500, -0.062463
0.999964, 0.937500, -0.062464
0.999964, 0.937500, -0.062464
0.999965, 0.937500, -0.062465
0.999965, 0.937500, -0.062465
0.999966, 0.937500, -0.062466
0.999966, 0.937500, -0.062466
0.999967, 0.937500, -0.062467
0.999966, 0.937500, -0.062466
0.999967, 0.937500, -0.062467
0.999967, 0.937500, -0.062467
0.999968, 0.937500, -0.062468
0.999968, 0.937500, -0.062468
0.999969, 0.937500, -0.062469
0.999969, 0.937500, -0.062469
0.999969, 0.937500, -0.062469
0.999969, 0.937500, -0.062469
0.999970, 0.937500, -0.062470
0.999970, 0.937500, -0.062470
0.999971, 0.937500, -0.062471
0.999971, 0.937500, -0.062471
0.999972, 0.937500, -0.062472
0.999971, 0.937500, -0.062471
0.999972, 0.937500, -0.062472
0.999972, 0.937500, -0.062472
0.999973, 0.937500, -0.062473
0.999973, 0.937500, -0.062473
0.999973, 0.937500, -0.062473
0.999973, 0.937500, -0.062473
0.999974, 0.937500, -0.062474
0.999974, 0.937500, -0.062474
0.999975, 0.937500, -0.062475
0.999975, 0.937500, -0.062475
0.999975, 0.937500, -0.062475
0.999975, 0.937500, -0.062475
0.999976, 0.937500, -0.062476
0.999976, 0.937500, -0.062476
0.999976, 0.937500, -0.062476
0.999976, 0.937500, -0.062476
0.999977, 0.937500, -0.062477
0.999977, 0.937500, -0.062477
0.999977, 0.937500, -0.062477
0.999977, 0.937500, -0.062477
0.999978, 0.937500, -0.062478
0.999978, 0.937500, -0.062478
0.999978, 0.937500, -0.062478
0.999978, 0.937500, -0.062478
0.999979, 0.937500, -0.062479
0.999979, 0.937500, -0.062479
0.999979, 0.937500, -0.062479
0.999979, 0.937500, -0.062479
0.999980, 0.937500, -0.062480
0.999980, 0.937500, -0.062480
0.999980, 0.937500, -0.062480
0.999980, 0.937500, -0.062480
0.999981, 0.937500, -0.062481
0.999981, 0.937500, -0.062481
0.999981, 0.937500, -0.062481
0.999981, 0.937500, -0.062481
0.999982, 0.937500, -0.062482
0.999982, 0.937500, -0.062482
0.999982, 0.937500, -0.062482
0.999982, 0.937500, -0.062482
0.999982, 0.937500, -0.062482
0.999982, 0.937500, -0.062482
0.999983, 0.937500, -0.062483
0.999983, 0.937500, -0.062483
0.999983, 0.937500, -0.062483
0.999983, 0.937500, -0.062483
0.999983, 0.937500, -0.062483
0.999983, 0.937500, -0.062483
0.999984, 0.937500, -0.062484
0.999984, 0.937500, -0.062484
0.999984, 0.937500, -0.062484
0.999984, 0.937500, -0.062484
0.999984, 0.937500, -0.062484
0.999984, 0.937500, -0.062484
0.999985, 0.937500, -0.062485
0.999985, 0.937500, -0.062485
0.999985, 0.937500, -0.062485
0.999985, 0.937500, -0.062485
0.999985, 0.937500, -0.062485
0.999985, 0.937500, -0.062485
0.999986, 0.937500, -0.062486
0.999986, 0.937500, -0.062486
0.999986, 0.937500, -0.062486
0.999986, 0.937500, -0.062486
0.999986, 0.937500, -0.062486
0.999986, 0.937500, -0.062486
0.999987, 0.937500, -0.062487
0.999987, 0.937500, -0.062487
0.999987, 0.937500, -0.062487
0.999987, 0.937500, -0.062487
0.999987, 0.937500, -0.062487
0.999987, 0.937500, -0.062487
0.999987, 0.937500, -0.062487
0.999987, 0.937500, -0.062487
0.999988, 0.937500, -0.062488
0.999988, 0.937500, -0.062488
0.999988, 0.937500, -0.062488
0.999988, 0.937500, -0.062488
0.999988, 0.937500, -0.062488
0.999988, 0.937500, -0.062488
0.999988, 0.937500, -0.062488
0.999988, 0.937500, -0.062488
0.999989, 0.937500, -0.062489
0.999989, 0.937500, -0.062489
0.999989, 0.937500, -0.062489
0.999989, 0.937500, -0.062489
0.999989, 0.937500, -0.062489
0.999989, 0.937500, -0.062489
0.999989, 0.937500, -0.062489
0.999989, 0.937500, -0.062489
0.999989, 0.937500, -0.062489
0.999990, 0.937500, -0.062490
0.999990, 0.937500, -0.062490
0.999990, 0.937500, -0.062490
0.999990, 0.937500, -0.062490
0.999990, 0.937500, -0.062490
0.999990, 0.937500, -0.062490
0.999990, 0.937500, -0.062490
0.999990, 0.937500, -0.062490
0.999990, 0.937500, -0.062490
0.999990, 0.937500, -0.062490
0.999990, 0.937500, -0.062490
0.999991, 0.937500, -0.062491
0.999991, 0.937500, -0.062491
0.999991, 0.937500, -0.062491
0.999991, 0.937500, -0.062491
0.999991, 0.937500, -0.062491
0.999991, 0.937500, -0.062491
0.999991, 0.937500, -0.062491
0.999991, 0.937500, -0.062491
0.999991, 0.937500, -0.062491
0.999991, 0.937500, -0.062491
0.999991, 0.937500, -0.062491
0.999991, 0.937500, -0.062491
0.999992, 0.937500, -0.062492
0.999992, 0.937500, -0.062492
0.999992, 0.937500, -0.062492
0.999992, 0.937500, -0.062492
0.999992, 0.937500, -0.062492
0.999992, 0.937500, -0.062492
0.999992, 0.937500, -0.062492
0.999992, 0.937500, -0.062492
0.999992, 0.937500, -0.062492
0.999992, 0.937500, -0.062492
0.999992, 0.937500, -0.062492
0.999992, 0.937500, -0.062492
0.999992, 0.937500, -0.062492
0.999992, 0.937500, -0.062492
0.999993, 0.937500, -0.062493
0.999993, 0.937500, -0.062493
0.999993, 0.937500, -0.062493
0.999993, 0.937500, -0.062493
0.999993, 0.937500, -0.062493
0.999993, 0.937500, -0.062493
0.999993, 0.937500, -0.062493
0.999993, 0.937500, -0.062493
0.999993, 0.937500, -0.062493
0.999993, 0.937500, -0.062493
0.999993, 0.937500, -0.062493
0.999993, 0.937500, -0.062493
totaldiff=3212.9233923188, sz=65536, average absolute error value:0.0490253203
totaldiff=3349.7347862031, sz=65536, average relative error rate:0.0511128965
