current pwr_bound is 5e-11
cfgFile=sz.config
[SZ] Reading SZ configuration file (sz.config) ...
point count: 65536
pwrLength=2048
pwrErrBoundBytes_size=4096
pw_relBoundRatio=0.000000
hit: 18658
miss: 46876
length of statenum:65536
nodecount=7
treeByteSize=50
enCodeSize=10686
-------insight of tdps
dataLength=65536
exactDataNum=46878
realPrecision=0.000000
medianValue=0.000000
reqLength=46
quantization_intervals=20000
pwrErrBoundBytes_size=4096
radExpo=-1
-----------------------
timecost, 0.029226, seconds
done
input file size: 524288
output file size: 130617
sz compression ratio, 4.01 
timecost, 0.009101, second
done
Max absolute error = 4.908251582946832059E-11
Max relative error = 4.9082712160316961936E-11
Max pw_relative err = 4.9087522756789513019E-11
../model_comparison/inputdata/original/astro.dat, ../model_comparison/inputdata/original/astro.dat.sz.out, 65536
size of double: 8
0.999994, 0.999994, -0.000000
0.999994, 0.999994, -0.000000
0.999994, 0.999994, -0.000000
0.999994, 0.999994, -0.000000
0.999994, 0.999994, -0.000000
0.999994, 0.999994, -0.000000
0.999994, 0.999994, -0.000000
0.999994, 0.999994, -0.000000
0.999993, 0.999993, -0.000000
0.999993, 0.999993, -0.000000
0.999993, 0.999993, -0.000000
0.999993, 0.999993, -0.000000
0.999993, 0.999993, -0.000000
0.999993, 0.999993, -0.000000
0.999993, 0.999993, -0.000000
0.999993, 0.999993, -0.000000
0.999993, 0.999993, -0.000000
0.999993, 0.999993, -0.000000
0.999993, 0.999993, -0.000000
0.999993, 0.999993, -0.000000
0.999993, 0.999993, -0.000000
0.999993, 0.999993, -0.000000
0.999993, 0.999993, -0.000000
0.999993, 0.999993, -0.000000
0.999992, 0.999992, -0.000000
0.999992, 0.999992, -0.000000
0.999992, 0.999992, -0.000000
0.999992, 0.999992, -0.000000
0.999992, 0.999992, -0.000000
0.999992, 0.999992, -0.000000
0.999992, 0.999992, -0.000000
0.999992, 0.999992, -0.000000
0.999992, 0.999992, -0.000000
0.999992, 0.999992, -0.000000
0.999992, 0.999992, -0.000000
0.999992, 0.999992, -0.000000
0.999992, 0.999992, -0.000000
0.999991, 0.999991, -0.000000
0.999991, 0.999991, -0.000000
0.999991, 0.999991, -0.000000
0.999991, 0.999991, -0.000000
0.999991, 0.999991, -0.000000
0.999991, 0.999991, -0.000000
0.999991, 0.999991, -0.000000
0.999991, 0.999991, -0.000000
0.999991, 0.999991, -0.000000
0.999991, 0.999991, -0.000000
0.999991, 0.999991, -0.000000
0.999991, 0.999991, -0.000000
0.999991, 0.999991, -0.000000
0.999990, 0.999990, -0.000000
0.999991, 0.999991, -0.000000
0.999990, 0.999990, -0.000000
0.999990, 0.999990, -0.000000
0.999990, 0.999990, -0.000000
0.999990, 0.999990, -0.000000
0.999990, 0.999990, -0.000000
0.999990, 0.999990, -0.000000
0.999990, 0.999990, -0.000000
0.999990, 0.999990, -0.000000
0.999989, 0.999989, -0.000000
0.999989, 0.999989, -0.000000
0.999989, 0.999989, -0.000000
0.999989, 0.999989, -0.000000
0.999989, 0.999989, -0.000000
0.999989, 0.999989, -0.000000
0.999989, 0.999989, -0.000000
0.999989, 0.999989, -0.000000
0.999989, 0.999989, -0.000000
0.999989, 0.999989, -0.000000
0.999988, 0.999988, -0.000000
0.999988, 0.999988, -0.000000
0.999988, 0.999988, -0.000000
0.999988, 0.999988, -0.000000
0.999988, 0.999988, -0.000000
0.999988, 0.999988, -0.000000
0.999988, 0.999988, -0.000000
0.999988, 0.999988, -0.000000
0.999987, 0.999987, -0.000000
0.999987, 0.999987, -0.000000
0.999987, 0.999987, -0.000000
0.999987, 0.999987, -0.000000
0.999987, 0.999987, -0.000000
0.999987, 0.999987, -0.000000
0.999987, 0.999987, -0.000000
0.999987, 0.999987, -0.000000
0.999986, 0.999986, -0.000000
0.999986, 0.999986, -0.000000
0.999986, 0.999986, -0.000000
0.999986, 0.999986, -0.000000
0.999986, 0.999986, -0.000000
0.999986, 0.999986, -0.000000
0.999985, 0.999985, -0.000000
0.999985, 0.999985, -0.000000
0.999985, 0.999985, -0.000000
0.999985, 0.999985, -0.000000
0.999985, 0.999985, -0.000000
0.999985, 0.999985, -0.000000
0.999985, 0.999985, -0.000000
0.999984, 0.999984, -0.000000
0.999984, 0.999984, -0.000000
0.999984, 0.999984, -0.000000
0.999984, 0.999984, -0.000000
0.999984, 0.999984, -0.000000
0.999983, 0.999983, -0.000000
0.999983, 0.999983, -0.000000
0.999983, 0.999983, -0.000000
0.999983, 0.999983, -0.000000
0.999983, 0.999983, -0.000000
0.999983, 0.999983, -0.000000
0.999982, 0.999982, -0.000000
0.999982, 0.999982, -0.000000
0.999982, 0.999982, -0.000000
0.999982, 0.999982, -0.000000
0.999982, 0.999982, -0.000000
0.999982, 0.999982, -0.000000
0.999981, 0.999981, -0.000000
0.999981, 0.999981, -0.000000
0.999981, 0.999981, -0.000000
0.999981, 0.999981, -0.000000
0.999980, 0.999980, -0.000000
0.999980, 0.999980, -0.000000
0.999980, 0.999980, -0.000000
0.999980, 0.999980, -0.000000
0.999979, 0.999979, -0.000000
0.999979, 0.999979, -0.000000
0.999979, 0.999979, -0.000000
0.999979, 0.999979, -0.000000
0.999978, 0.999978, -0.000000
0.999978, 0.999978, -0.000000
0.999978, 0.999978, -0.000000
0.999978, 0.999978, -0.000000
0.999977, 0.999977, -0.000000
0.999977, 0.999977, -0.000000
0.999977, 0.999977, -0.000000
0.999977, 0.999977, -0.000000
0.999976, 0.999976, -0.000000
0.999976, 0.999976, -0.000000
0.999976, 0.999976, -0.000000
0.999976, 0.999976, -0.000000
0.999975, 0.999975, -0.000000
0.999975, 0.999975, -0.000000
0.999975, 0.999975, -0.000000
0.999975, 0.999975, -0.000000
0.999974, 0.999974, -0.000000
0.999974, 0.999974, -0.000000
0.999973, 0.999973, -0.000000
0.999973, 0.999973, -0.000000
0.999973, 0.999973, -0.000000
0.999973, 0.999973, -0.000000
0.999972, 0.999972, -0.000000
0.999972, 0.999972, -0.000000
0.999972, 0.999972, -0.000000
0.999972, 0.999972, -0.000000
0.999971, 0.999971, -0.000000
0.999971, 0.999971, -0.000000
0.999970, 0.999970, -0.000000
0.999970, 0.999970, -0.000000
0.999969, 0.999969, -0.000000
0.999969, 0.999969, -0.000000
0.999969, 0.999969, -0.000000
0.999969, 0.999969, -0.000000
0.999968, 0.999968, -0.000000
0.999968, 0.999968, -0.000000
0.999967, 0.999967, -0.000000
0.999967, 0.999967, -0.000000
0.999967, 0.999967, -0.000000
0.999967, 0.999967, -0.000000
0.999966, 0.999966, -0.000000
0.999966, 0.999966, -0.000000
0.999965, 0.999965, -0.000000
0.999965, 0.999965, -0.000000
0.999964, 0.999964, -0.000000
0.999964, 0.999964, -0.000000
0.999963, 0.999963, -0.000000
0.999963, 0.999963, -0.000000
0.999963, 0.999963, -0.000000
0.999963, 0.999963, -0.000000
0.999962, 0.999962, -0.000000
0.999962, 0.999962, -0.000000
0.999961, 0.999961, -0.000000
0.999961, 0.999961, -0.000000
0.999960, 0.999960, -0.000000
0.999960, 0.999960, -0.000000
0.999959, 0.999959, -0.000000
0.999959, 0.999959, -0.000000
0.999958, 0.999958, -0.000000
0.999958, 0.999958, -0.000000
0.999958, 0.999958, -0.000000
0.999958, 0.999958, -0.000000
0.999957, 0.999957, -0.000000
0.999957, 0.999957, -0.000000
0.999956, 0.999956, -0.000000
0.999956, 0.999956, -0.000000
0.999955, 0.999955, -0.000000
0.999955, 0.999955, -0.000000
0.999954, 0.999954, -0.000000
0.999954, 0.999954, -0.000000
0.999953, 0.999953, -0.000000
0.999953, 0.999953, -0.000000
0.999952, 0.999952, -0.000000
0.999952, 0.999952, -0.000000
0.999951, 0.999951, -0.000000
0.999951, 0.999951, -0.000000
0.999951, 0.999951, -0.000000
0.999951, 0.999951, -0.000000
0.999950, 0.999950, -0.000000
0.999950, 0.999950, -0.000000
0.999949, 0.999949, -0.000000
0.999949, 0.999949, -0.000000
0.999948, 0.999948, -0.000000
0.999948, 0.999948, -0.000000
0.999947, 0.999947, -0.000000
0.999947, 0.999947, -0.000000
0.999946, 0.999946, -0.000000
0.999946, 0.999946, -0.000000
0.999945, 0.999945, -0.000000
0.999945, 0.999945, -0.000000
0.999944, 0.999944, -0.000000
0.999944, 0.999944, -0.000000
0.999944, 0.999944, -0.000000
0.999944, 0.999944, -0.000000
0.999943, 0.999943, -0.000000
0.999943, 0.999943, -0.000000
0.999942, 0.999942, -0.000000
0.999942, 0.999942, -0.000000
0.999942, 0.999942, -0.000000
0.999942, 0.999942, -0.000000
0.999941, 0.999941, -0.000000
0.999941, 0.999941, -0.000000
0.999940, 0.999940, -0.000000
0.999940, 0.999940, -0.000000
0.999940, 0.999940, -0.000000
0.999940, 0.999940, -0.000000
0.999939, 0.999939, -0.000000
0.999939, 0.999939, -0.000000
0.999939, 0.999939, -0.000000
0.999939, 0.999939, -0.000000
0.999938, 0.999938, -0.000000
0.999938, 0.999938, -0.000000
0.999938, 0.999938, -0.000000
0.999938, 0.999938, -0.000000
0.999938, 0.999938, -0.000000
0.999938, 0.999938, -0.000000
0.999937, 0.999937, -0.000000
0.999937, 0.999937, -0.000000
0.999937, 0.999937, -0.000000
0.999937, 0.999937, -0.000000
0.999937, 0.999937, -0.000000
0.999937, 0.999937, -0.000000
0.999937, 0.999937, -0.000000
0.999937, 0.999937, -0.000000
0.999936, 0.999936, -0.000000
0.999936, 0.999936, -0.000000
0.999936, 0.999936, -0.000000
0.999936, 0.999936, -0.000000
0.999936, 0.999936, -0.000000
0.999936, 0.999936, -0.000000
0.999936, 0.999936, -0.000000
0.999936, 0.999936, -0.000000
0.999937, 0.999937, -0.000000
0.999937, 0.999937, -0.000000
0.999937, 0.999937, -0.000000
0.999937, 0.999937, -0.000000
0.999937, 0.999937, -0.000000
0.999937, 0.999937, -0.000000
0.999937, 0.999937, -0.000000
0.999937, 0.999937, -0.000000
0.999938, 0.999938, -0.000000
0.999938, 0.999938, -0.000000
0.999938, 0.999938, -0.000000
0.999938, 0.999938, -0.000000
0.999938, 0.999938, -0.000000
0.999938, 0.999938, -0.000000
0.999939, 0.999939, -0.000000
0.999939, 0.999939, -0.000000
0.999939, 0.999939, -0.000000
0.999939, 0.999939, -0.000000
0.999940, 0.999940, -0.000000
0.999940, 0.999940, -0.000000
0.999940, 0.999940, -0.000000
0.999940, 0.999940, -0.000000
0.999941, 0.999941, -0.000000
0.999941, 0.999941, -0.000000
0.999942, 0.999942, -0.000000
0.999942, 0.999942, -0.000000
0.999942, 0.999942, -0.000000
0.999942, 0.999942, -0.000000
0.999943, 0.999943, -0.000000
0.999943, 0.999943, -0.000000
0.999944, 0.999944, -0.000000
0.999944, 0.999944, -0.000000
0.999945, 0.999945, -0.000000
0.999944, 0.999944, -0.000000
0.999946, 0.999946, -0.000000
0.999945, 0.999945, -0.000000
0.999946, 0.999946, -0.000000
0.999946, 0.999946, -0.000000
0.999947, 0.999947, -0.000000
0.999947, 0.999947, -0.000000
0.999948, 0.999948, -0.000000
0.999948, 0.999948, -0.000000
0.999949, 0.999949, -0.000000
0.999949, 0.999949, -0.000000
0.999950, 0.999950, -0.000000
0.999950, 0.999950, -0.000000
0.999951, 0.999951, -0.000000
0.999951, 0.999951, -0.000000
0.999952, 0.999952, -0.000000
0.999951, 0.999951, -0.000000
0.999952, 0.999952, -0.000000
0.999952, 0.999952, -0.000000
0.999953, 0.999953, -0.000000
0.999953, 0.999953, -0.000000
0.999954, 0.999954, -0.000000
0.999954, 0.999954, -0.000000
0.999955, 0.999955, -0.000000
0.999955, 0.999955, -0.000000
0.999956, 0.999956, -0.000000
0.999956, 0.999956, -0.000000
0.999957, 0.999957, -0.000000
0.999957, 0.999957, -0.000000
0.999958, 0.999958, -0.000000
0.999957, 0.999957, -0.000000
0.999958, 0.999958, -0.000000
0.999958, 0.999958, -0.000000
0.999959, 0.999959, -0.000000
0.999959, 0.999959, -0.000000
0.999960, 0.999960, -0.000000
0.999960, 0.999960, -0.000000
0.999961, 0.999961, -0.000000
0.999961, 0.999961, -0.000000
0.999962, 0.999962, -0.000000
0.999962, 0.999962, -0.000000
0.999963, 0.999963, -0.000000
0.999963, 0.999963, -0.000000
0.999963, 0.999963, -0.000000
0.999963, 0.999963, -0.000000
0.999964, 0.999964, -0.000000
0.999964, 0.999964, -0.000000
0.999965, 0.999965, -0.000000
0.999965, 0.999965, -0.000000
0.999966, 0.999966, -0.000000
0.999966, 0.999966, -0.000000
0.999967, 0.999967, -0.000000
0.999966, 0.999966, -0.000000
0.999967, 0.999967, -0.000000
0.999967, 0.999967, -0.000000
0.999968, 0.999968, -0.000000
0.999968, 0.999968, -0.000000
0.999969, 0.999969, -0.000000
0.999969, 0.999969, -0.000000
0.999969, 0.999969, -0.000000
0.999969, 0.999969, -0.000000
0.999970, 0.999970, -0.000000
0.999970, 0.999970, -0.000000
0.999971, 0.999971, -0.000000
0.999971, 0.999971, -0.000000
0.999972, 0.999972, -0.000000
0.999971, 0.999971, -0.000000
0.999972, 0.999972, -0.000000
0.999972, 0.999972, -0.000000
0.999973, 0.999973, -0.000000
0.999973, 0.999973, -0.000000
0.999973, 0.999973, -0.000000
0.999973, 0.999973, -0.000000
0.999974, 0.999974, -0.000000
0.999974, 0.999974, -0.000000
0.999975, 0.999975, -0.000000
0.999975, 0.999975, -0.000000
0.999975, 0.999975, -0.000000
0.999975, 0.999975, -0.000000
0.999976, 0.999976, -0.000000
0.999976, 0.999976, -0.000000
0.999976, 0.999976, -0.000000
0.999976, 0.999976, -0.000000
0.999977, 0.999977, -0.000000
0.999977, 0.999977, -0.000000
0.999977, 0.999977, -0.000000
0.999977, 0.999977, -0.000000
0.999978, 0.999978, -0.000000
0.999978, 0.999978, -0.000000
0.999978, 0.999978, -0.000000
0.999978, 0.999978, -0.000000
0.999979, 0.999979, -0.000000
0.999979, 0.999979, -0.000000
0.999979, 0.999979, -0.000000
0.999979, 0.999979, -0.000000
0.999980, 0.999980, -0.000000
0.999980, 0.999980, -0.000000
0.999980, 0.999980, -0.000000
0.999980, 0.999980, -0.000000
0.999981, 0.999981, -0.000000
0.999981, 0.999981, -0.000000
0.999981, 0.999981, -0.000000
0.999981, 0.999981, -0.000000
0.999982, 0.999982, -0.000000
0.999982, 0.999982, -0.000000
0.999982, 0.999982, -0.000000
0.999982, 0.999982, -0.000000
0.999982, 0.999982, -0.000000
0.999982, 0.999982, -0.000000
0.999983, 0.999983, -0.000000
0.999983, 0.999983, -0.000000
0.999983, 0.999983, -0.000000
0.999983, 0.999983, -0.000000
0.999983, 0.999983, -0.000000
0.999983, 0.999983, -0.000000
0.999984, 0.999984, -0.000000
0.999984, 0.999984, -0.000000
0.999984, 0.999984, -0.000000
0.999984, 0.999984, -0.000000
0.999984, 0.999984, -0.000000
0.999984, 0.999984, -0.000000
0.999985, 0.999985, -0.000000
0.999985, 0.999985, -0.000000
0.999985, 0.999985, -0.000000
0.999985, 0.999985, -0.000000
0.999985, 0.999985, -0.000000
0.999985, 0.999985, -0.000000
0.999986, 0.999986, -0.000000
0.999986, 0.999986, -0.000000
0.999986, 0.999986, -0.000000
0.999986, 0.999986, -0.000000
0.999986, 0.999986, -0.000000
0.999986, 0.999986, -0.000000
0.999987, 0.999987, -0.000000
0.999987, 0.999987, -0.000000
0.999987, 0.999987, -0.000000
0.999987, 0.999987, -0.000000
0.999987, 0.999987, -0.000000
0.999987, 0.999987, -0.000000
0.999987, 0.999987, -0.000000
0.999987, 0.999987, -0.000000
0.999988, 0.999988, -0.000000
0.999988, 0.999988, -0.000000
0.999988, 0.999988, -0.000000
0.999988, 0.999988, -0.000000
0.999988, 0.999988, -0.000000
0.999988, 0.999988, -0.000000
0.999988, 0.999988, -0.000000
0.999988, 0.999988, -0.000000
0.999989, 0.999989, -0.000000
0.999989, 0.999989, -0.000000
0.999989, 0.999989, -0.000000
0.999989, 0.999989, -0.000000
0.999989, 0.999989, -0.000000
0.999989, 0.999989, -0.000000
0.999989, 0.999989, -0.000000
0.999989, 0.999989, -0.000000
0.999989, 0.999989, -0.000000
0.999990, 0.999990, -0.000000
0.999990, 0.999990, -0.000000
0.999990, 0.999990, -0.000000
0.999990, 0.999990, -0.000000
0.999990, 0.999990, -0.000000
0.999990, 0.999990, -0.000000
0.999990, 0.999990, -0.000000
0.999990, 0.999990, -0.000000
0.999990, 0.999990, -0.000000
0.999990, 0.999990, -0.000000
0.999990, 0.999990, -0.000000
0.999991, 0.999991, -0.000000
0.999991, 0.999991, -0.000000
0.999991, 0.999991, -0.000000
0.999991, 0.999991, -0.000000
0.999991, 0.999991, -0.000000
0.999991, 0.999991, -0.000000
0.999991, 0.999991, -0.000000
0.999991, 0.999991, -0.000000
0.999991, 0.999991, -0.000000
0.999991, 0.999991, -0.000000
0.999991, 0.999991, -0.000000
0.999991, 0.999991, -0.000000
0.999992, 0.999992, -0.000000
0.999992, 0.999992, -0.000000
0.999992, 0.999992, -0.000000
0.999992, 0.999992, -0.000000
0.999992, 0.999992, -0.000000
0.999992, 0.999992, -0.000000
0.999992, 0.999992, -0.000000
0.999992, 0.999992, -0.000000
0.999992, 0.999992, -0.000000
0.999992, 0.999992, -0.000000
0.999992, 0.999992, -0.000000
0.999992, 0.999992, -0.000000
0.999992, 0.999992, -0.000000
0.999992, 0.999992, -0.000000
0.999993, 0.999993, -0.000000
0.999993, 0.999993, -0.000000
0.999993, 0.999993, -0.000000
0.999993, 0.999993, -0.000000
0.999993, 0.999993, -0.000000
0.999993, 0.999993, -0.000000
0.999993, 0.999993, -0.000000
0.999993, 0.999993, -0.000000
0.999993, 0.999993, -0.000000
0.999993, 0.999993, -0.000000
0.999993, 0.999993, -0.000000
0.999993, 0.999993, -0.000000
totaldiff=0.0000009993, sz=65536, average absolute error value:0.0000000000
totaldiff=0.0000010127, sz=65536, average relative error rate:0.0000000000
