current pwr_bound is 1e-0
cfgFile=sz.config
[SZ] Reading SZ configuration file (sz.config) ...
point count: 5560
pwrLength=174
pwrErrBoundBytes_size=348
pw_relBoundRatio=1.000000
hit: 5558
miss: 0
length of statenum:65536
nodecount=7
treeByteSize=50
enCodeSize=1390
-------insight of tdps
dataLength=5560
exactDataNum=2
realPrecision=0.968750
medianValue=0.000000
reqLength=13
quantization_intervals=20000
pwrErrBoundBytes_size=348
radExpo=0
-----------------------
timecost, 0.004167, seconds
done
input file size: 44480
output file size: 256
sz compression ratio, 173.75 
timecost, 0.003793, second
done
Max absolute error = 0.61080641345057506975
Max relative error = 1.0331517174097679668
Max pw_relative err = 0.54987656359777825621
../model_comparison/inputdata/sample_10/bump.dat, ../model_comparison/inputdata/sample_10/bump.dat.sz.out, 5560
size of double: 8
0.619296, 0.500000, -0.119296
0.653784, 0.500000, -0.153784
0.653784, 0.500000, -0.153784
0.653784, 0.500000, -0.153784
0.677486, 0.500000, -0.177486
0.677486, 0.500000, -0.177486
0.677486, 0.500000, -0.177486
0.693901, 0.500000, -0.193901
0.693901, 0.500000, -0.193901
0.693901, 0.500000, -0.193901
0.706171, 0.500000, -0.206171
0.706171, 0.500000, -0.206171
0.706171, 0.500000, -0.206171
0.715365, 0.500000, -0.215365
0.715365, 0.500000, -0.215365
0.715365, 0.500000, -0.215365
0.722633, 0.500000, -0.222633
0.722633, 0.500000, -0.222633
0.722633, 0.500000, -0.222633
0.728703, 0.500000, -0.228703
0.728703, 0.500000, -0.228703
0.728703, 0.500000, -0.228703
0.733906, 0.500000, -0.233906
0.733906, 0.500000, -0.233906
0.733906, 0.500000, -0.233906
0.738288, 0.500000, -0.238288
0.738288, 0.500000, -0.238288
0.738288, 0.500000, -0.238288
0.742537, 0.500000, -0.242537
0.742537, 0.500000, -0.242537
0.742537, 0.500000, -0.242537
0.746153, 0.500000, -0.246153
0.746153, 0.500000, -0.246153
0.746153, 0.500000, -0.246153
0.749860, 0.500000, -0.249860
0.749860, 0.500000, -0.249860
0.749860, 0.500000, -0.249860
0.753369, 0.500000, -0.253369
0.753369, 0.500000, -0.253369
0.753369, 0.500000, -0.253369
0.806376, 0.500000, -0.306376
0.806376, 0.500000, -0.306376
0.810119, 0.500000, -0.310119
0.810119, 0.500000, -0.310119
0.810119, 0.500000, -0.310119
0.813954, 0.500000, -0.313954
0.813954, 0.500000, -0.313954
0.813954, 0.500000, -0.313954
0.817763, 0.500000, -0.317763
0.817763, 0.500000, -0.317763
0.817763, 0.500000, -0.317763
0.821310, 0.500000, -0.321310
0.821310, 0.500000, -0.321310
0.821310, 0.500000, -0.321310
0.824831, 0.500000, -0.324831
0.824831, 0.500000, -0.324831
0.824831, 0.500000, -0.324831
0.828379, 0.500000, -0.328379
0.828379, 0.500000, -0.328379
0.828379, 0.500000, -0.328379
0.831891, 0.500000, -0.331891
0.831891, 0.500000, -0.331891
0.831891, 0.500000, -0.331891
0.835091, 0.500000, -0.335091
0.835091, 0.500000, -0.335091
0.835091, 0.500000, -0.335091
0.838175, 0.500000, -0.338175
0.838175, 0.500000, -0.338175
0.838175, 0.500000, -0.338175
0.841390, 0.500000, -0.341390
0.841390, 0.500000, -0.341390
0.841390, 0.500000, -0.341390
0.844532, 0.500000, -0.344532
0.844532, 0.500000, -0.344532
0.844532, 0.500000, -0.344532
0.847289, 0.500000, -0.347289
0.847289, 0.500000, -0.347289
0.847289, 0.500000, -0.347289
0.849704, 0.500000, -0.349704
0.849704, 0.500000, -0.349704
0.891505, 0.500000, -0.391505
0.891505, 0.500000, -0.391505
0.891505, 0.500000, -0.391505
0.897821, 0.500000, -0.397821
0.897821, 0.500000, -0.397821
0.897821, 0.500000, -0.397821
0.904444, 0.500000, -0.404444
0.904444, 0.500000, -0.404444
0.904444, 0.500000, -0.404444
0.911096, 0.500000, -0.411096
0.911096, 0.500000, -0.411096
0.911096, 0.500000, -0.411096
0.917549, 0.500000, -0.417549
0.917549, 0.500000, -0.417549
0.917549, 0.500000, -0.417549
0.923586, 0.500000, -0.423586
0.923586, 0.500000, -0.423586
0.923586, 0.500000, -0.423586
0.928984, 0.500000, -0.428984
0.928984, 0.500000, -0.428984
0.928984, 0.500000, -0.428984
0.933575, 0.500000, -0.433575
0.933575, 0.500000, -0.433575
0.933575, 0.500000, -0.433575
0.937222, 0.500000, -0.437222
0.937222, 0.500000, -0.437222
0.937222, 0.500000, -0.437222
0.939870, 0.500000, -0.439870
0.939870, 0.500000, -0.439870
0.939870, 0.500000, -0.439870
0.941490, 0.500000, -0.441490
0.941490, 0.500000, -0.441490
0.941490, 0.500000, -0.441490
0.942119, 0.500000, -0.442119
0.942119, 0.500000, -0.442119
0.942119, 0.500000, -0.442119
0.941828, 0.500000, -0.441828
0.941828, 0.500000, -0.441828
0.941828, 0.500000, -0.441828
0.940722, 0.500000, -0.440722
0.838195, 0.500000, -0.338195
0.841408, 0.500000, -0.341408
0.841408, 0.500000, -0.341408
0.841408, 0.500000, -0.341408
0.844545, 0.500000, -0.344545
0.844545, 0.500000, -0.344545
0.844545, 0.500000, -0.344545
0.847303, 0.500000, -0.347303
0.847304, 0.500000, -0.347304
0.847303, 0.500000, -0.347303
0.849727, 0.500000, -0.349727
0.849728, 0.500000, -0.349728
0.849727, 0.500000, -0.349727
0.852599, 0.500000, -0.352599
0.852599, 0.500000, -0.352599
0.852599, 0.500000, -0.352599
0.855159, 0.500000, -0.355159
0.855159, 0.500000, -0.355159
0.855159, 0.500000, -0.355159
0.857360, 0.500000, -0.357360
0.857361, 0.500000, -0.357361
0.857360, 0.500000, -0.357360
0.859863, 0.500000, -0.359863
0.859865, 0.500000, -0.359865
0.859863, 0.500000, -0.359863
0.861691, 0.500000, -0.361691
0.861692, 0.500000, -0.361692
0.861691, 0.500000, -0.361691
0.864233, 0.500000, -0.364233
0.864234, 0.500000, -0.364234
0.864233, 0.500000, -0.364233
0.865766, 0.500000, -0.365766
0.865767, 0.500000, -0.365767
0.865766, 0.500000, -0.365766
0.867578, 0.500000, -0.367578
0.867579, 0.500000, -0.367579
0.867578, 0.500000, -0.367578
0.869200, 0.500000, -0.369200
0.869201, 0.500000, -0.369201
0.869200, 0.500000, -0.369200
0.939939, 0.500000, -0.439939
0.939939, 0.500000, -0.439939
0.941593, 0.500000, -0.441593
0.941593, 0.500000, -0.441593
0.941593, 0.500000, -0.441593
0.942260, 0.500000, -0.442260
0.942260, 0.500000, -0.442260
0.942260, 0.500000, -0.442260
0.942009, 0.500000, -0.442009
0.942009, 0.500000, -0.442009
0.942009, 0.500000, -0.442009
0.940943, 0.500000, -0.440943
0.940943, 0.500000, -0.440943
0.940943, 0.500000, -0.440943
0.939185, 0.500000, -0.439185
0.939185, 0.500000, -0.439185
0.939185, 0.500000, -0.439185
0.936865, 0.500000, -0.436865
0.936865, 0.500000, -0.436865
0.936865, 0.500000, -0.436865
0.934116, 0.500000, -0.434116
0.934116, 0.500000, -0.434116
0.934116, 0.500000, -0.434116
0.931056, 0.500000, -0.431056
0.931056, 0.500000, -0.431056
0.931056, 0.500000, -0.431056
0.927801, 0.500000, -0.427801
0.927801, 0.500000, -0.427801
0.927801, 0.500000, -0.427801
0.924443, 0.500000, -0.424443
0.924443, 0.500000, -0.424443
0.924443, 0.500000, -0.424443
0.921064, 0.500000, -0.421064
0.921064, 0.500000, -0.421064
0.921064, 0.500000, -0.421064
0.917727, 0.500000, -0.417727
0.917727, 0.500000, -0.417727
0.917727, 0.500000, -0.417727
0.914483, 0.500000, -0.414483
0.914483, 0.500000, -0.414483
0.562909, 0.500000, -0.062909
0.562909, 0.500000, -0.062909
0.562909, 0.500000, -0.062909
0.555716, 0.500000, -0.055716
0.555715, 0.500000, -0.055715
0.555716, 0.500000, -0.055716
0.549040, 0.500000, -0.049040
0.549040, 0.500000, -0.049040
0.549040, 0.500000, -0.049040
0.542816, 0.500000, -0.042816
0.542816, 0.500000, -0.042816
0.542816, 0.500000, -0.042816
0.537032, 0.500000, -0.037032
0.537031, 0.500000, -0.037031
0.537032, 0.500000, -0.037032
0.531619, 0.500000, -0.031619
0.531619, 0.500000, -0.031619
0.531619, 0.500000, -0.031619
0.526668, 0.500000, -0.026668
0.526668, 0.500000, -0.026668
0.526668, 0.500000, -0.026668
0.522215, 0.500000, -0.022215
0.522215, 0.500000, -0.022215
0.522215, 0.500000, -0.022215
0.519600, 0.500000, -0.019600
0.519600, 0.500000, -0.019600
0.519600, 0.500000, -0.019600
0.520505, 0.500000, -0.020505
0.520505, 0.500000, -0.020505
0.520505, 0.500000, -0.020505
0.533421, 0.500000, -0.033421
0.533423, 0.500000, -0.033423
0.533421, 0.500000, -0.033421
0.574585, 0.500000, -0.074585
0.574590, 0.500000, -0.074590
0.574585, 0.500000, -0.074585
0.619337, 0.500000, -0.119337
0.619341, 0.500000, -0.119341
0.619337, 0.500000, -0.119337
0.653764, 0.500000, -0.153764
0.677482, 0.500000, -0.177482
0.677480, 0.500000, -0.177480
0.677482, 0.500000, -0.177482
0.693899, 0.500000, -0.193899
0.693897, 0.500000, -0.193897
0.693899, 0.500000, -0.193899
0.706186, 0.500000, -0.206186
0.706183, 0.500000, -0.206183
0.706186, 0.500000, -0.206186
0.715418, 0.500000, -0.215418
0.715415, 0.500000, -0.215415
0.715418, 0.500000, -0.215418
0.722745, 0.500000, -0.222745
0.722742, 0.500000, -0.222742
0.722745, 0.500000, -0.222745
0.728831, 0.500000, -0.228831
0.728827, 0.500000, -0.228827
0.728831, 0.500000, -0.228831
0.734061, 0.500000, -0.234061
0.734058, 0.500000, -0.234058
0.734061, 0.500000, -0.234061
0.738468, 0.500000, -0.238468
0.738465, 0.500000, -0.238465
0.738468, 0.500000, -0.238468
0.742721, 0.500000, -0.242721
0.742719, 0.500000, -0.242719
0.742721, 0.500000, -0.242721
0.746353, 0.500000, -0.246353
0.746350, 0.500000, -0.246350
0.746353, 0.500000, -0.246353
0.750080, 0.500000, -0.250080
0.750078, 0.500000, -0.250078
0.750080, 0.500000, -0.250080
0.753602, 0.500000, -0.253602
0.753600, 0.500000, -0.253600
0.753602, 0.500000, -0.253602
0.757236, 0.500000, -0.257236
0.757234, 0.500000, -0.257234
0.757236, 0.500000, -0.257236
0.760819, 0.500000, -0.260819
0.621767, 0.500000, -0.121767
0.611879, 0.500000, -0.111879
0.611879, 0.500000, -0.111879
0.611879, 0.500000, -0.111879
0.602713, 0.500000, -0.102713
0.602713, 0.500000, -0.102713
0.602713, 0.500000, -0.102713
0.594208, 0.500000, -0.094208
0.594208, 0.500000, -0.094208
0.594208, 0.500000, -0.094208
0.586317, 0.500000, -0.086317
0.586317, 0.500000, -0.086317
0.586317, 0.500000, -0.086317
0.578983, 0.500000, -0.078983
0.578983, 0.500000, -0.078983
0.578983, 0.500000, -0.078983
0.572162, 0.500000, -0.072162
0.572162, 0.500000, -0.072162
0.572162, 0.500000, -0.072162
0.565800, 0.500000, -0.065800
0.565799, 0.500000, -0.065799
0.565800, 0.500000, -0.065800
0.559883, 0.500000, -0.059883
0.559883, 0.500000, -0.059883
0.559883, 0.500000, -0.059883
0.554337, 0.500000, -0.054337
0.554337, 0.500000, -0.054337
0.554337, 0.500000, -0.054337
0.549264, 0.500000, -0.049264
0.549264, 0.500000, -0.049264
0.549264, 0.500000, -0.049264
0.544592, 0.500000, -0.044592
0.544591, 0.500000, -0.044591
0.544592, 0.500000, -0.044592
0.541361, 0.500000, -0.041361
0.541361, 0.500000, -0.041361
0.541361, 0.500000, -0.041361
0.540360, 0.500000, -0.040360
0.540360, 0.500000, -0.040360
0.540360, 0.500000, -0.040360
0.548962, 0.500000, -0.048962
0.548964, 0.500000, -0.048964
0.548962, 0.500000, -0.048962
0.582074, 0.500000, -0.082074
0.582079, 0.500000, -0.082079
0.582074, 0.500000, -0.082074
0.621667, 0.500000, -0.121667
0.621672, 0.500000, -0.121672
0.621667, 0.500000, -0.121667
0.654375, 0.500000, -0.154375
0.654376, 0.500000, -0.154376
0.654375, 0.500000, -0.154375
0.677599, 0.500000, -0.177599
0.677598, 0.500000, -0.177598
0.677599, 0.500000, -0.177599
0.693904, 0.500000, -0.193904
0.693902, 0.500000, -0.193902
0.693904, 0.500000, -0.193904
0.706151, 0.500000, -0.206151
0.706149, 0.500000, -0.206149
0.706151, 0.500000, -0.206151
0.715389, 0.500000, -0.215389
0.715386, 0.500000, -0.215386
0.715389, 0.500000, -0.215389
0.722745, 0.500000, -0.222745
0.722741, 0.500000, -0.222741
0.722745, 0.500000, -0.222745
0.728838, 0.500000, -0.228838
0.728835, 0.500000, -0.228835
0.728838, 0.500000, -0.228838
0.734088, 0.500000, -0.234088
0.734085, 0.500000, -0.234085
0.734088, 0.500000, -0.234088
0.738508, 0.500000, -0.238508
0.738505, 0.500000, -0.238505
0.738508, 0.500000, -0.238508
0.742766, 0.500000, -0.242766
0.742763, 0.500000, -0.242763
0.742766, 0.500000, -0.242766
0.746409, 0.500000, -0.246409
0.795114, 0.500000, -0.295114
0.799038, 0.500000, -0.299038
0.799037, 0.500000, -0.299037
0.799038, 0.500000, -0.299038
0.802959, 0.500000, -0.302959
0.802958, 0.500000, -0.302958
0.802959, 0.500000, -0.302959
0.806747, 0.500000, -0.306747
0.806746, 0.500000, -0.306746
0.806747, 0.500000, -0.306747
0.810537, 0.500000, -0.310537
0.810537, 0.500000, -0.310537
0.810537, 0.500000, -0.310537
0.814354, 0.500000, -0.314354
0.814353, 0.500000, -0.314353
0.814354, 0.500000, -0.314354
0.818097, 0.500000, -0.318097
0.818097, 0.500000, -0.318097
0.818097, 0.500000, -0.318097
0.821689, 0.500000, -0.321689
0.821689, 0.500000, -0.321689
0.821689, 0.500000, -0.321689
0.825258, 0.500000, -0.325258
0.825258, 0.500000, -0.325258
0.825258, 0.500000, -0.325258
0.828792, 0.500000, -0.328792
0.828792, 0.500000, -0.328792
0.828792, 0.500000, -0.328792
0.832225, 0.500000, -0.332225
0.832225, 0.500000, -0.332225
0.832225, 0.500000, -0.332225
0.835481, 0.500000, -0.335481
0.835481, 0.500000, -0.335481
0.835481, 0.500000, -0.335481
0.838663, 0.500000, -0.338663
0.838664, 0.500000, -0.338664
0.838663, 0.500000, -0.338663
0.841833, 0.500000, -0.341833
0.841833, 0.500000, -0.341833
0.841833, 0.500000, -0.341833
0.905925, 0.500000, -0.405925
0.905913, 0.500000, -0.405913
0.906688, 0.500000, -0.406688
0.906698, 0.500000, -0.406698
0.906688, 0.500000, -0.406688
0.907744, 0.500000, -0.407744
0.907746, 0.500000, -0.407746
0.907744, 0.500000, -0.407744
0.908902, 0.500000, -0.408902
0.908894, 0.500000, -0.408894
0.908902, 0.500000, -0.408902
0.910070, 0.500000, -0.410070
0.910049, 0.500000, -0.410049
0.910070, 0.500000, -0.410070
0.911209, 0.500000, -0.411209
0.911189, 0.500000, -0.411189
0.911209, 0.500000, -0.411209
0.912414, 0.500000, -0.412414
0.912409, 0.500000, -0.412409
0.912414, 0.500000, -0.412414
0.914509, 0.500000, -0.414509
0.914524, 0.500000, -0.414524
0.914509, 0.500000, -0.414509
0.917968, 0.500000, -0.417968
0.918006, 0.500000, -0.418006
0.917968, 0.500000, -0.417968
0.922484, 0.500000, -0.422484
0.922510, 0.500000, -0.422510
0.922484, 0.500000, -0.422484
0.927407, 0.500000, -0.427407
0.927383, 0.500000, -0.427383
0.927407, 0.500000, -0.427407
0.932055, 0.500000, -0.432055
0.932019, 0.500000, -0.432019
0.932055, 0.500000, -0.432055
0.937316, 0.500000, -0.437316
0.937304, 0.500000, -0.437304
0.937316, 0.500000, -0.437316
0.945467, 0.500000, -0.445467
0.945470, 0.500000, -0.445470
0.945467, 0.500000, -0.445467
0.957024, 0.500000, -0.457024
0.957034, 0.500000, -0.457034
0.957024, 0.500000, -0.457024
0.970007, 0.500000, -0.470007
0.970013, 0.500000, -0.470013
0.970007, 0.500000, -0.470007
0.984256, 0.500000, -0.484256
0.984246, 0.500000, -0.484246
0.984256, 0.500000, -0.484256
1.001564, 0.500000, -0.501564
1.001552, 0.500000, -0.501552
1.001564, 0.500000, -0.501564
1.021949, 0.500000, -0.521949
1.021951, 0.500000, -0.521951
1.021949, 0.500000, -0.521949
1.036355, 0.500000, -0.536355
1.036362, 0.500000, -0.536362
1.036355, 0.500000, -0.536355
1.041696, 0.500000, -0.541696
1.041699, 0.500000, -0.541699
1.041696, 0.500000, -0.541696
1.039273, 0.500000, -0.539273
1.039274, 0.500000, -0.539274
1.039273, 0.500000, -0.539273
1.030599, 0.500000, -0.530599
1.030600, 0.500000, -0.530600
1.030599, 0.500000, -0.530599
1.012154, 0.500000, -0.512154
1.012154, 0.500000, -0.512154
1.012154, 0.500000, -0.512154
0.971840, 0.500000, -0.471840
0.971840, 0.500000, -0.471840
0.971840, 0.500000, -0.471840
0.923275, 0.500000, -0.423275
0.923275, 0.500000, -0.423275
0.923275, 0.500000, -0.423275
0.885042, 0.500000, -0.385042
0.885043, 0.500000, -0.385043
0.885042, 0.500000, -0.385042
0.851541, 0.500000, -0.351541
0.851542, 0.500000, -0.351542
0.851541, 0.500000, -0.351541
0.822032, 0.500000, -0.322032
0.822033, 0.500000, -0.322033
0.822032, 0.500000, -0.322032
0.795758, 0.500000, -0.295758
0.795758, 0.500000, -0.295758
0.795758, 0.500000, -0.295758
0.772181, 0.500000, -0.272181
0.772181, 0.500000, -0.272181
0.772181, 0.500000, -0.272181
0.750888, 0.500000, -0.250888
0.750888, 0.500000, -0.250888
0.750888, 0.500000, -0.250888
0.731564, 0.500000, -0.231564
0.731564, 0.500000, -0.231564
0.731564, 0.500000, -0.231564
0.713951, 0.500000, -0.213951
0.713951, 0.500000, -0.213951
totaldiff=2249.5412484497, sz=5560, average absolute error value:0.4045937497
totaldiff=2425.8043579776, sz=5560, average relative error rate:0.4362957478
