32305
33304
32131
36119
26712
44807
13997
42356
32718
32832
32786
33214
32040
32728
34760
30413
33960
33753
30510
31547
38709
25470
35437
34403
32283
33805
29913
34642
33523
29463
36941
28044
35043
33776
32896
41989
10859
45202
32132
33055
31585
35137
324
47321
34299
32548
33985
31181
33145
38330
23676
35855
34751
30760
35208
30938
54687
6379
22551
46003
33334
33604
33072
33436
31426
42411
15929
43666
27417
36475
29582
34677
32413
33513
32656
30703
34041
32942
33316
34330
63140
17804
41676
30094
47010
12806
33710
39504
31027
43002
22068
25932
40401
34741
47887
961
47010
39000
21501
38815
32366
33459
35315
34064
28477
49452
55629
32062
30096
36514
37389
32544
15503
44352
51008
830
44384
35576
29439
38035
34936
18378
48231
54931
19452
57939
35680
18759
40476
39862
27783
28933
34476
32794
37776
23902
36123
42559
24489
24623
47856
24395
33909
28697
53207
56098
28938
27629
34797
40432
26386
20323
47713
31729
28619
41818
35613
7899
50589
28974
33598
33558
31383
31995
37081
27662
38469
28390
36392
33910
39384
9881
42558
36837
30736
33174
47785
7928
40407
39292
27848
35023
35218
22029
40346
36019
26396
36063
30950
39238
25909
33601
31764
37449
31111
29387
34492
31458
38123
31687
30372
28392
35729
39469
23179
41011
24092
45402
16340
44737
34946
27062
33656
28016
34488
33159
41192
19387
39937
33110
30446
36498
29509
44280
18818
32085
37627
34930
30604
26023
40356
31064
57507
61709
37638
14636
44444
32129
40501
15721
40905
41766
34811
7635
49500
26217
40893
25053
43251
20876
37997
39030
25832
35697
47752
52854
28596
34315
38026
32108
23677
43978
23977
35316
35235
31203
36542
30834
42879
4419
47914
53957
44552
42021
14682
51711
17012
40996
36764
27456
30571
34916
36296
32823
30440
46564
6888
50818
13344
51201
25656
35463
35241
21620
43316
27994
44758
18250
32141
37674
35716
27888
38685
29949
27658
38647
42531
9832
43231
38263
26420
35588
27378
36895
36239
27333
37724
27923
35203
44404
14110
36723
35134
33201
34951
28071
33882
32196
38076
28708
33049
32238
34971
31377
49041
2663
49912
25525
42383
23280
34082
37664
28753
39087
25491
35059
33498
32568
29765
43690
19136
45482
23323
42747
15789
42948
29132
35821
34056
34448
22884
45606
22145
35862
34705
34664
27522
37144
28809
34828
33290
38571
26579
29880
34132
38369
28036
33170
41651
15001
45241
26236
36589
39609
18134
49165
17183
35595
37398
36738
22432
54880
3608
51432
21475
40931
25335
33565
41646
23173
41939
28105
35938
23446
35787
48991
6644
50073
27464
31219
43230
47565
61030
27372
42373
20579
47155
19595
38956
38272
20616
43428
25942
34125
34822
30660
37357
33364
27454
38606
18045
43193
33044
33432
35698
23721
38140
34061
32513
30761
35145
34152
22601
38973
35464
37278
23801
40059
18267
50502
26362
24233
55286
50524
33520
31683
33109
31939
35213
34315
29620
27979
39303
28335
36715
32154
34105
31185
30278
31949
41031
28287
24525
41174
34894
30045
29029
37632
28900
35895
35240
28803
31421
48136
5794
46620
30264
42804
25478
31504
27223
49031
18050
44246
14332
44623
33100
28748
47172
14331
40484
43389
14724
47343
10391
52003
28768
28538
38605
30765
33748
35194
23486
52222
13743
34477
33739
37627
29809
32205
59448
48604
40369
25839
36438
33665
29545
38215
31548
33488
23841
38216
35036
31794
41662
15126
38287
36214
43543
8293
47664
28063
41297
24284
34164
35263
28997
35321
40724
18621
40407
32647
36347
27059
24810
45020
25985
37527
30323
36764
27325
34382
36848
25898
37709
34688
27677
33472
35390
29908
35258
30960
34483
32640
28134
38852
27692
39108
29946
26433
42336
30237
27297
41385
21597
41114
30646
37429
25483
41228
27506
27582
40008
27374
37998
25851
40580
32579
30532
27012
38106
33860
28888
37616
33194
26322
36728
30954
37016
28540
33811
33195
36264
26716
34357
38427
25622
34596
33409
30436
35878
32627
36668
25424
35950
31455
34315
32894
29049
37974
29965
35935
28071
34668
32228
34559
33049
30756
37633
25676
38117
28974
31593
35174
34443
31707
31108
34726
32213
31578
34308
31353
34040
32678
33727
30072
33783
32838
34197
32491
30306
36262
29950
33956
33408
30324
35051
31863
32677
34706
28844
35163
34406
30199
33633
39266
20080
39535
30692
37523
26305
37292
30973
32936
35352
28445
34765
33220
32170
33489
31781
32569
33927
31873
32833
33152
33984
30318
34503
32299
31783
34931
30483
33854
32565
32927
36429
25481
36878
32108
31743
34842
31839
33182
32521
32565
32032
33659
32999
32428
32590
33462
31974
33501
31143
34379
33094
31398
33588
33434
31921
32442
33047
31929
33814
33029
31918
33173
33144
32360
33523
31087
33588
33231
32892
32013
32994
33491
30999
34517
32004
35783
27174
35758
32055
32945
33469
32490
32872
32050
33131
33009
32969
32250
32764
32870
32709
33295
32991
31235
33961
32520
32850
32576
32604
33383
32258
32846
33335
31398
33994
32937
32457
31958
33411
32502
33445
32044
33122
32612
33266
31948
33006
33089
32355
33124
32719
32835
32714
32623
32867
32953
32426
32893
32659
32833
33178
32184
32935
32954
32592
32992
32264
33245
32831
32804
32191
32989
32912
32769
32821
32642
32851
32606
32803
32851
33460
31444
33589
32479
32918
32978
32230
32986
32734
33052
32473
33005
32646
32896
32446
33009
32814
32633
32660
32953
32906
32559
32954
32404
32887
32959
32810
32471
32992
32678
32730
32938
32702
32677
32839
32734
32659
32859
32997
32472
32843
32812
32777
32710
32797
32782
32758
32720
32884
32545
33063
32626
32787
32668
32984
32584
32770
32848
32608
33043
32647
32618
32920
32817
32755
32523
33024
32616
32958
32556
32903
32745
32711
32809
32779
32784
32639
32996
32580
32797
32887
32579
33105
32318
33155
32494
32789
33078
32495
32737
32737
32890
32836
32703
32789
32659
32779
32916
32681
32791
32688
33119
32212
33065
32632
32960
32662
32783
32741
32762
32877
32657
32819
32782
32848
32539
32910
32729
32756
32799
32697
32879
32698
32845
32724
32786
32724
32803
32763
32718
32843
32696
32846
32688
32846
32674
32792
32839
32788
32617
32879
32803
32671
32877
32632
32894
32824
32519
32881
32807
32795
32684
32780
32856
32677
32828
32750
32778
32902
32434
32918
32811
32782
32737
32748
32841
32664
32846
32763
32726
32889
32628
32802
32768
32790
32728
32809
32722
32797
32801
32837
32576
32862
32803
32663
32918
32659
32808
32754
32728
32840
32802
32627
32835
32824
32722
32766
32837
32616
32852
32757
32818
32740
32744
32752
32832
32767
32721
32829
32667
32786
32852
32712
32785
32821
32637
32823
32813
32722
32764
32806
32757
32764
32779
32750
32760
32766
32803
32724
32823
32780
32685
32803
32764
32755
32815
32751
32756
32768
32767
32768
32820
32675
32900
32595
32855
32767
32782
32746
32768
32772
32799
32720
32788
32785
32748
32805
32688
32830
32770
32745
32766
32773
32764
32798
32741
32763
32788
32748
32789
32813
32678
32763
32809
32820
32682
32819
32715
32817
32752
32747
32803
32751
32782
32746
32786
32758
32765
32787
32766
32739
32785
32787
32752
32760
32781
32750
32807
32716
32842
32677
32801
32784
32770
32778
32720
32800
32762
32778
32750
32792
32747
32780
32769
32762
32773
32748
32795
32750
32783
32759
32764
32778
32762
32773
32770
32767
32756
32774
32760
32780
32771
32757
32775
32783
32742
32772
32772
32774
32756
32781
32758
32795
32723
32800
32751
32778
32761
32777
32758
32776
32766
32763
32796
32729
32777
32773
32772
32769
32765
32762
32773
32784
32743
32778
32764
32775
32760
32776
32761
32774
32766
32782
32737
32785
32765
32770
32769
32772
32762
32772
32762
32772
32768
32769
32765
32766
32776
32765
32766
32768
32769
32764
32789
32734
32786
32772
32756
32775
32767
32767
32772
32764
32769
32767
32773
32762
32771
32769
32767
32765
32771
32772
32761
32768
32772
32765
32773
32771
32755
32772
32771
32775
32753
32775
32772
32762
32773
32762
32774
32763
32773
32763
32772
32765
32772
32765
32767
32771
32768
32765
32768
32770
32769
32765
32770
32767
32770
32767
32766
32778
32757
32766
32772
32768
32769
32768
32766
32771
32766
32768
32769
32768
32768
32769
32769
32761
32773
32767
32769
32767
32769
32768
32766
32771
32765
32771
32765
32771
32767
32766
32770
32768
32768
32767
32769
32768
32768
32771
32761
32771
32770
32765
32769
32769
32767
32768
32769
32770
32766
32766
32769
32768
32769
32767
32769
32768
32767
32769
32771
32760
32774
32766
32769
32767
32769
32770
32763
32770
32769
32767
32769
32768
32767
32769
32767
32769
32768
32767
32769
32767
32769
32767
32769
32769
32765
32770
32767
32769
32767
32769
32768
32767
32769
32767
32769
32769
32765
32770
32767
32770
32766
32768
32770
32765
32770
32768
32767
32770
32765
32770
32768
32767
32769
32767
32769
32767
32769
32768
32767
32769
32767
32769
32768
32767
32769
32767
32769
32768
32767
32770
32765
32770
32768
32767
32769
32767
32770
32765
32771
32766
32768
32769
32767
32770
32765
32770
32768
32767
32769
32767
32769
32768
32767
32769
32768
32767
32769
32767
32769
32767
32769
32768
32767
32769
32767
32769
32767
32769
32768
32767
32769
32768
32767
32769
32767
32769
32767
32770
32766
32768
32769
32768
32767
32769
32767
32769
32768
32767
32769
32767
32769
32767
32769
32768
32767
32769
32767
32769
32768
32767
32769
32767
32769
32768
32767
32769
32767
32769
32767
32769
32768
32767
32769
32767
32769
32768
32767
32769
32767
32769
32768
32767
32769
32767
32769
32768
32767
32769
32767
32769
32768
32767
32769
32767
32769
32767
32769
32768
32767
32769
32767
32769
32768
32767
32769
32767
32769
32768
32767
32769
32767
32769
32768
32767
32769
32767
32769
32768
32767
32769
32767
32769
32768
32767
32769
32767
32769
32768
32767
32769
32767
32769
32768
32767
32769
32767
32769
32768
32767
32769
32767
32769
32768
32767
32769
32767
32769
32767
32769
32768
32767
32769
32768
32767
32769
32767
32769
32767
32769
32768
32767
32769
32767
32769
32768
32767
32769
32767
32769
32768
32767
32769
32767
32769
32768
32767
32769
32767
32769
32768
32767
32769
32767
32769
32768
32767
32769
32767
32769
32768
32767
32769
32767
32769
32768
32767
32769
32767
32769
32768
32767
32769
32767
32769
32767
32769
32768
32767
32769
32768
32767
32769
32767
32769
32767
32769
32768
32767
32769
32767
32769
32768
32767
32769
32768
32767
32769
32767
32769
32767
32769
32768
32767
32769
32767
32769
32768
32767
32769
32767
32769
32768
32767
32769
32767
32769
32768
32767
32769
32767
32769
32768
32767
32769
32767
32769
32768
32767
32769
32767
32769
32768
32767
32769
32767
32769
32768
32767
32769
32767
32769
32768
32767
32769
32767
32769
32767
32769
32768
32767
32769
32767
32769
32768
32767
32769
32767
32769
32768
32767
32769
32767
32769
32768
32767
32769
32767
32769
32768
32767
32769
32767
32769
32768
32767
32769
32767
32769
32768
32767
32769
32767
32769
32768
32767
32769
32767
32769
32768
32767
32769
32767
32769
32768
32767
32769
32767
32769
32768
32767
32769
32767
32769
32768
32767
32769
32767
32769
32768
32767
32769
32767
32769
32768
32767
32769
32767
32769
32767
32769
32768
32767
32769
32767
32769
32768
32767
32769
32767
32769
32768
32767
32769
32767
32769
32768
32767
32769
32767
32769
32768
32767
32769
32767
32769
32768
32767
32769
32767
32769
32768
32767
32769
32767
32769
32768
32767
32769
32767
32769
32768
32767
32769
32767
32769
32768
32767
32769
32767
32769
32768
32767
32769
32767
32769
32768
32767
32769
32767
32769
32768
32767
32769
32767
32769
32768
32767
32769
32767
32769
32768
32767
32769
32767
32769
32767
32769
32768
32767
32769
32767
32769
32768
32767
32769
32767
32769
32768
32767
32769
32767
32769
32768
32767
32769
32767
32769
32768
32767
32769
32767
32769
32768
32767
32769
32767
32769
32768
32767
32769
32767
32769
32768
32767
32769
32767
32769
32768
32767
32769
32767
32769
32768
32767
32769
32767
32769
32768
32767
32769
32767
32769
32768
32767
32769
32767
32769
32768
32767
32769
32767
32769
32768
32767
32769
32767
32769
32768
32767
32769
32767
32769
32767
32769
32768
32767
32769
32767
32769
32768
32767
32769
32767
32769
32768
32767
32769
32767
32769
32768
32767
32769
32767
32769
32768
32767
32769
32767
32769
32768
32767
32769
32767
32769
32768
32767
32769
32767
32769
32768
32767
32769
32767
32769
32768
32767
32769
32767
32769
32768
32767
32769
32767
32769
32768
32767
32769
32767
32769
32768
32767
32769
32767
32769
32768
32767
32769
32767
32769
32768
32767
32769
32767
32769
32768
32767
32769
32767
32769
32767
32769
32768
32767
32769
32767
32769
32768
32767
32769
32767
32769
32768
32767
32769
32767
32769
32768
32767
32769
32767
32769
32768
32767
32769
32767
32769
32768
32767
32769
32767
32769
32768
32767
32769
32767
32769
32768
32767
32769
32767
32769
32768
32767
32769
32767
32769
32768
32767
32769
32767
32769
32768
32767
32769
32767
32769
32768
32767
32769
32767
32769
32768
32767
32769
32767
32769
32768
32767
32769
32767
32769
32768
32767
32769
32767
32769
32767
32769
32768
32767
32769
32767
32769
32768
32767
32769
32767
32769
32768
32767
32769
32767
32769
32768
32767
32769
32767
32769
32768
32767
32769
32767
32769
32768
32767
32769
32767
32769
32768
32767
32769
32767
32769
32768
32767
32769
32767
32769
32768
32767
32769
32767
32769
32768
32767
32769
32767
32769
32768
32767
32769
32767
32769
32768
32767
32769
32767
32769
32768
32767
32769
32767
32769
32768
32767
32769
32767
32769
32768
32767
32769
32767
32769
32767
32769
32768
32767
32769
32767
32769
32768
32767
32769
32767
32769
32768
32767
32769
32767
32769
32768
32767
32769
32767
32769
32768
32767
32769
32767
32769
32768
32767
32769
32767
32769
32768
32767
32769
32767
32769
32768
32767
32769
32767
32769
32768
32767
32769
32767
32769
32768
32767
32769
32767
32769
32768
32767
32769
32767
32769
32768
32767
32769
32767
32769
32768
32767
32769
32767
32769
32768
32767
32769
32767
32769
32768
32767
32769
32767
32769
32767
32769
32768
32767
32769
32767
32769
32768
32767
32769
32767
32769
32768
32767
32769
32767
32769
32768
32767
32769
32767
32769
32768
32767
32769
32767
32769
32768
32767
32769
32767
32769
32768
32767
32769
32767
32769
32768
32767
32769
32767
32769
32768
32767
32769
32767
32769
32768
32767
32769
32767
32769
32768
32767
32769
32767
32769
32768
32767
32769
32767
32769
32768
32767
32769
32767
32769
32768
32767
32769
32767
32769
32768
32767
32769
32767
32769
32768
32767
32769
32767
32769
32767
32769
32768
32767
32769
32767
32769
32768
32767
32769
32767
32769
32768
32767
32769
32767
32769
32768
32767
32769
32767
32769
32768
32767
32769
32767
32769
32768
32767
32769
32767
32769
32768
32767
32769
32767
32769
32768
32767
32769
32767
32769
32768
32767
32769
32767
32769
32768
32767
32769
32767
32769
32768
32767
32769
32767
32769
32768
32767
32769
32767
32769
32768
32767
32769
32767
32769
32768
32767
32769
32767
32769
32768
32767
32769
32767
32769
32767
32769
32768
32767
32769
32767
32769
32768
32767
32769
32767
32769
32768
32767
32769
32767
32769
32768
32767
32769
32767
32769
32768
32767
32769
32767
32769
32768
32767
32769
32767
32769
32768
32767
32769
32767
32769
32768
32767
32769
32767
32769
32768
32767
32769
32767
32769
32768
32767
32769
32767
32769
32768
32767
32769
32767
32769
32768
32767
32769
32767
32769
32768
32767
32769
32767
32769
32768
32767
32769
32767
32769
32768
32767
32769
32767
32769
32767
32769
32768
32767
32769
32767
32769
32768
32767
32769
32767
32769
32768
32767
32769
32767
32769
32768
32767
32769
32767
32769
32768
32767
32769
32767
32769
32768
32767
32769
32767
32769
32768
32767
32769
32767
32769
32768
32767
32769
32767
32769
32768
32767
32769
32767
32769
32768
32767
32769
32767
32769
32768
32767
32769
32767
32769
32768
32767
32769
32767
32769
32768
32767
32769
32767
32769
32768
32767
32769
32767
32769
32768
32767
32769
32767
32769
32767
32769
32768
32767
32769
32767
32769
32768
32767
32769
32767
32769
32768
32767
32769
32767
32769
32768
32767
32769
32767
32769
32768
32767
32769
32767
32769
32768
32767
32769
32767
32769
32768
32767
32769
32767
32769
32768
32767
32769
32767
32769
32768
32767
32769
32767
32769
32768
32767
32769
32767
32769
32768
32767
32769
32767
32769
32768
32767
32769
32767
32769
32768
32767
32769
32767
32769
32768
32767
32769
32767
32769
32768
32767
32769
32767
32769
32767
32769
32768
32767
32769
32767
32769
32768
32767
32769
32767
32769
32768
32767
32769
32767
32769
32768
32767
32769
32767
32769
32768
32767
32769
32767
32769
32768
32767
32769
32767
32769
32768
32767
32769
32767
32769
32768
32767
32769
32767
32769
32768
32767
32769
32767
32769
32768
32767
32769
32767
32769
32768
32767
32769
32767
32769
32768
32767
32769
32767
32769
32768
32767
32769
32767
32769
32768
32767
32769
32767
32769
32768
32767
32769
32767
32769
32768
32767
32769
32767
32769
32767
32769
32768
32767
32769
32767
32769
32768
32767
32769
32767
32769
32768
32767
32769
32767
32769
32768
32767
32769
32767
32769
32768
32767
32769
32767
32769
32768
32767
32769
32767
32769
32768
32767
32769
32767
32769
32768
32767
32769
32767
32769
32768
32767
32769
32767
32769
32768
32767
32769
32767
32769
32768
32767
32769
32767
32769
32768
32767
32769
32767
32769
32768
32767
32769
32767
32769
32768
32767
32769
32767
32769
32768
32767
32769
32767
32769
32767
32769
32768
32767
32769
32767
32769
32768
32767
32769
32767
32769
32768
32767
32769
32767
32769
32768
32767
32769
32767
32769
32768
32767
32769
32767
32769
32768
32767
32769
32767
32769
32768
32767
