33162
32735
37525
28969
26681
37395
36316
26324
36099
32984
32859
31961
33253
34691
41527
9648
45103
34404
31279
31259
34689
32419
32721
33535
30821
34173
35787
26844
36490
32983
32493
32339
39807
23544
30955
37489
31975
33362
47119
3280
49601
29082
34487
32816
34841
28735
34366
33037
33361
31911
33610
31510
35550
29009
34492
33926
30336
34416
40214
18267
48247
14389
42595
31415
34229
32515
32464
33147
32364
39555
19713
61748
53642
33085
33468
35363
26732
39564
27295
32843
34348
33841
31054
34765
31553
33263
31436
33203
53649
53823
29200
35161
32650
33025
38903
21950
35535
34231
35439
27731
37847
27757
36170
32129
32386
31922
33805
35579
44116
3904
47560
39264
19224
37936
38095
27764
39589
22192
51941
3289
48439
38651
23518
31925
38033
33243
27813
36894
37829
21790
46450
15071
49571
17193
40075
39574
40337
58543
33428
11217
49800
26580
35382
38913
21788
44948
20560
38536
32612
34143
30219
33765
36259
28580
37434
28205
28214
49367
10264
44489
33764
29788
35655
29994
37668
24539
40533
27659
33524
39715
36366
10444
50782
28181
30622
30064
36885
38846
30214
21558
41857
31498
32150
36423
30519
35884
25532
39116
23144
52991
7501
46025
28309
39064
28399
34462
30384
35252
34501
34055
23770
43101
31833
19545
42619
35256
30976
31275
28926
36687
32038
38934
26979
30299
45002
13231
44173
27162
38123
37572
20046
41047
31547
35508
29109
31774
35092
37967
21921
37234
35203
27113
45371
15336
42419
33845
29968
35558
31167
33661
37197
27886
20361
43804
34167
31541
38111
24065
44483
16978
39437
34680
33555
34857
22345
42170
33463
27665
33644
34099
29914
34095
37587
26902
32769
53484
52978
37497
18930
36552
40128
28055
27648
41545
30397
29138
34966
33405
31362
33339
32511
36015
30861
29328
37998
29827
33698
30410
35973
34795
24988
39157
31940
31547
31946
33692
32975
35742
32646
23737
40582
30973
31089
48604
11119
34988
35450
33587
29184
30851
53375
51507
51427
58045
29768
33828
30625
36869
32537
30169
31297
34335
49829
126
51232
28101
34201
33094
35653
27531
36894
31390
31653
34747
33477
32563
30315
32279
34650
31594
39899
22964
37069
27830
41888
23930
36211
35284
28942
37250
40105
10196
46652
31975
36631
30307
25458
58902
52427
31360
32439
36142
32606
29539
36225
28288
36476
40425
15081
46380
27429
36796
27593
48466
1647
57116
22157
34094
34175
37350
27632
32837
35432
34818
28470
34292
30606
33222
35791
29387
37979
26729
37348
36955
16961
44752
31317
32195
30041
31815
41445
26714
33590
33762
31992
27155
38402
32190
31976
38058
29971
26392
36455
40759
19472
39992
33327
29712
41738
21534
37294
28983
34695
35747
29517
35220
35003
26471
35413
33620
32243
33571
33714
30120
31693
39458
24170
40638
25292
36687
32050
35119
30775
33493
32539
34190
28295
33564
42884
18510
40119
28818
34233
34295
32327
33088
38833
34771
9919
52355
23551
38134
29735
34262
36791
29452
29266
38121
29243
32474
37652
34001
21123
40195
35975
36457
16736
42075
31931
30293
35247
35719
29942
37776
23906
34051
37072
35117
32521
23375
39296
31692
40454
18836
40297
33825
24890
38252
32929
32542
47770
4483
52710
22749
54323
51875
25753
36240
33554
33430
31235
42154
16847
39141
32229
39638
25456
32482
42095
19166
42514
26662
34948
33289
33523
35342
27343
42437
19724
38625
32892
31297
32227
41628
20804
38914
31098
34234
29536
35017
35236
29935
31951
32181
36017
32152
35273
23349
37799
38849
24034
34538
36580
29626
35915
31320
29188
40399
25851
34208
34425
30766
35230
32477
30403
32242
36782
32166
28895
34467
36431
32007
28496
32143
34581
36243
30278
32932
33013
29940
36110
37242
26103
29677
36665
33442
33374
32436
31903
36641
27372
41130
17633
40489
35636
30745
30423
47738
7096
48141
28737
34763
32559
33887
30260
35047
30931
33878
32382
36020
26225
35909
37977
23462
41510
24932
37440
28730
37612
30370
34511
28856
37144
30003
33209
34199
31935
32628
31905
34637
32602
31942
34731
27644
35515
33799
31371
34612
32708
33008
29874
33641
32654
34687
32648
32663
32280
30870
33702
34072
32068
33543
33483
30320
34003
34740
27615
35499
33967
31789
31760
34187
32583
32298
33428
32214
32833
32991
33198
31838
32126
34771
31980
32606
33318
31838
32348
34283
31683
32453
33959
32444
32876
32079
33444
32362
32728
33397
31499
34287
31655
33572
31938
33194
32734
33093
33524
32291
30447
34053
33245
32952
32359
33118
32961
31970
33588
32190
33064
34097
29709
34769
33575
30600
33625
32711
33089
33304
32067
32503
32729
32939
33340
32212
33207
32616
32302
32827
33426
32885
33417
29978
35432
30531
34386
32382
33435
31088
34150
32947
31986
32964
32357
34299
31568
32077
33528
32832
32662
32644
33444
32040
32878
33231
32292
33334
32222
33196
33429
30400
34489
32349
33371
32026
33633
31680
32981
33042
32903
32414
33057
34193
30520
32713
33540
33006
32807
32042
33367
32688
32784
32715
32792
32785
32535
33223
32553
32750
32598
32942
32721
34012
30683
33212
33197
33178
32134
33843
30832
33948
32692
32839
32684
32655
32868
32747
32848
32650
33063
32538
32543
33095
32571
32835
32783
32937
32559
32936
32971
32292
32786
33132
32606
32407
32982
32889
32912
32702
32355
32936
32979
32718
32616
33208
32128
33325
32428
32854
32691
33048
32400
32989
32786
32606
33058
32411
32999
32774
32574
32978
32677
32830
32673
32769
32906
32883
32316
33028
32785
32813
32699
32659
32909
32639
32866
32927
32463
33028
32517
32944
32655
32873
32850
32512
33119
32303
33440
31947
33252
32642
32759
32830
32635
32979
32709
32721
32755
32788
32755
32851
32733
32831
32586
33024
32437
32910
32810
32739
32722
32864
32731
32916
32521
32788
32888
32751
32708
32836
32806
32655
32692
33031
32765
32304
33210
32581
32872
32842
32540
32868
32794
32790
32736
32743
32777
32797
32776
32745
32724
32847
32780
32682
32856
32695
32789
32707
32884
32676
32913
32655
32751
32746
32911
32765
32573
32827
32817
32716
32910
32675
32791
32723
32768
32773
32782
32786
32847
32545
32967
32634
32882
32661
32800
32951
32527
32842
32763
32922
32495
32882
32834
32692
32995
32414
32916
32712
32910
32663
32791
32791
32687
32895
32744
32657
32946
32606
32822
32705
32825
32770
32793
32743
32776
32780
32730
32825
32777
32676
32801
32746
32883
32667
32835
32682
32896
32576
32871
32776
32762
32774
32723
32845
32708
32824
32785
32682
32769
32862
32762
32603
32923
32693
32783
32820
32751
32747
32718
32867
32766
32647
32873
32737
32742
32834
32722
32757
32912
32556
32837
32854
32622
32930
32643
32849
32686
32796
32794
32719
32817
32849
32613
32825
32785
32740
32798
32730
32810
32754
32758
32818
32722
32737
32786
32789
32785
32735
32792
32765
32729
32800
32791
32731
32763
32805
32826
32619
32834
32759
32798
32741
32824
32679
32904
32649
32757
32788
32827
32697
32800
32751
32771
32786
32770
32751
32770
32802
32740
32763
32763
32787
32769
32738
32791
32784
32750
32756
32778
32782
32744
32794
32743
32792
32751
32772
32766
32772
32761
32770
32779
32755
32773
32770
32766
32771
32805
32688
32808
32765
32776
32793
32712
32789
32771
32772
32777
32739
32799
32751
32766
32803
32726
32783
32753
32789
32760
32771
32762
32803
32701
32811
32764
32755
32777
32773
32754
32788
32748
32779
32771
32769
32754
32779
32765
32764
32782
32750
32778
32776
32746
32784
32763
32779
32753
32775
32768
32767
32782
32736
32785
32769
32761
32775
32774
32766
32762
32771
32763
32770
32767
32783
32745
32774
32774
32770
32761
32776
32759
32778
32763
32778
32749
32771
32776
32764
32770
32764
32774
32768
32763
32772
32771
32763
32767
32765
32773
32771
32763
32768
32769
32778
32750
32776
32773
32759
32777
32762
32768
32783
32741
32783
32766
32768
32768
32779
32746
32789
32754
32770
32780
32751
32782
32750
32791
32750
32772
32774
32762
32770
32767
32773
32767
32762
32772
32768
32769
32766
32768
32767
32779
32751
32777
32764
32771
32769
32764
32771
32769
32766
32769
32774
32754
32776
32767
32769
32769
32772
32758
32772
32769
32767
32768
32771
32765
32766
32773
32766
32767
32768
32769
32768
32766
32770
32768
32768
32770
32762
32773
32765
32770
32769
32770
32762
32769
32770
32771
32762
32771
32767
32773
32760
32771
32767
32770
32767
32770
32765
32775
32763
32765
32769
32774
32759
32773
32769
32765
32770
32769
32766
32769
32767
32768
32770
32771
32758
32775
32767
32767
32769
32766
32770
32767
32771
32767
32764
32772
32765
32770
32768
32768
32768
32767
32768
32772
32761
32772
32767
32770
32767
32767
32771
32763
32771
32767
32769
32771
32761
32772
32767
32770
32766
32769
32767
32769
32767
32770
32766
32770
32766
32768
32769
32768
32767
32770
32765
32770
32768
32767
32769
32768
32767
32769
32768
32768
32769
32764
32772
32766
32769
32769
32765
32770
32767
32769
32768
32767
32769
32768
32767
32769
32767
32769
32768
32768
32767
32769
32767
32769
32768
32767
32769
32768
32769
32765
32770
32767
32769
32769
32766
32769
32768
32767
32768
32769
32767
32769
32768
32768
32767
32769
32767
32770
32767
32767
32768
32769
32768
32767
32769
32768
32767
32769
32768
32768
32767
32769
32768
32767
32769
32768
32767
32769
32767
32769
32768
32768
32768
32767
32769
32767
32769
32767
32769
32768
32768
32767
32769
32768
32767
32769
32768
32767
32769
32768
32767
32769
32768
32767
32769
32768
32768
32767
32769
32768
32767
32769
32767
32769
32768
32768
32768
32767
32769
32767
32769
32768
32767
32769
32768
32767
32769
32768
32767
32769
32768
32767
32769
32768
32767
32769
32768
32768
32767
32769
32768
32767
32769
32768
32767
32769
32768
32767
32769
32768
32768
32767
32769
32767
32769
32768
32767
32769
32768
32767
32769
32768
32768
32767
32769
32768
32767
32769
32768
32767
32769
32768
32767
32769
32768
32767
32769
32768
32768
32767
32769
32767
32769
32768
32768
32767
32769
32768
32767
32769
32768
32767
32769
32768
32767
32769
32768
32767
32769
32768
32767
32769
32768
32767
32769
32768
32767
32769
32768
32768
32767
32769
32768
32767
32769
32768
32767
32769
32768
32767
32769
32768
32767
32769
32768
32767
32769
32768
32768
32767
32769
32768
32767
32769
32768
32767
32769
32768
32767
32769
32768
32767
32769
32768
32767
32769
32768
32767
32769
32768
32767
32769
32768
32768
32767
32769
32768
32767
32769
32768
32767
32769
32768
32767
32769
32768
32767
32769
32768
32767
32769
32768
32767
32769
32768
32768
32767
32769
32768
32767
32769
32768
32767
32769
32768
32767
32769
32768
32767
32769
32768
32767
32769
32768
32767
32769
32768
32768
32767
32769
32768
32767
32769
32768
32767
32769
32768
32767
32769
32768
32767
32769
32768
32767
32769
32768
32767
32769
32768
32768
32767
32769
32768
32767
32769
32768
32767
32769
32768
32767
32769
32768
32767
32769
32768
32767
32769
32768
32767
32769
32768
32768
32767
32769
32768
32767
32769
32768
32767
32769
32768
32767
32769
32768
32767
32769
32768
32767
32769
32768
32767
32769
32768
32768
32767
32769
32768
32767
32769
32768
32767
32769
32768
32767
32769
32768
32767
32769
32768
32767
32769
32768
32767
32769
32768
32768
32767
32769
32768
32767
32769
32768
32767
32769
32768
32767
32769
32768
32767
32769
32768
32767
32769
32768
32767
32769
32768
32768
32767
32769
32768
32767
32769
32768
32767
32769
32768
32767
32769
32768
32767
32769
32768
32767
32769
32768
32767
32769
32768
32768
32767
32769
32768
32767
32769
32768
32767
32769
32768
32767
32769
32768
32767
32769
32768
32767
32769
32768
32768
32767
32769
32768
32767
32769
32768
32767
32769
32768
32767
32769
32768
32767
32769
32768
32767
32769
32768
32767
32769
32768
32768
32767
32769
32768
32767
32769
32768
32767
32769
32768
32767
32769
32768
32767
32769
32768
32767
32769
32768
32767
32769
32768
32768
32767
32769
32768
32767
32769
32768
32767
32769
32768
32767
32769
32768
32767
32769
32768
32767
32769
32768
32767
32769
32768
32768
32767
32769
32768
32767
32769
32768
32767
32769
32768
32767
32769
32768
32767
32769
32768
32767
32769
32768
32767
32769
32768
32768
32767
32769
32768
32767
32769
32768
32767
32769
32768
32767
32769
32768
32767
32769
32768
32767
32769
32768
32767
32769
32768
32768
32767
32769
32768
32767
32769
32768
32767
32769
32768
32767
32769
32768
32767
32769
32768
32767
32769
32768
32768
32767
32769
32768
32767
32769
32768
32767
32769
32768
32767
32769
32768
32767
32769
32768
32767
32769
32768
32767
32769
32768
32768
32767
32769
32768
32767
32769
32768
32767
32769
32768
32767
32769
32768
32767
32769
32768
32767
32769
32768
32767
32769
32768
32768
32767
32769
32768
32767
32769
32768
32767
32769
32768
32767
32769
32768
32767
32769
32768
32767
32769
32768
32767
32769
32768
32768
32767
32769
32768
32767
32769
32768
32767
32769
32768
32767
32769
32768
32767
32769
32768
32767
32769
32768
32767
32769
32768
32768
32767
32769
32768
32767
32769
32768
32767
32769
32768
32767
32769
32768
32767
32769
32768
32767
32769
32768
32767
32769
32768
32768
32767
32769
32768
32767
32769
32768
32767
32769
32768
32767
32769
32768
32767
32769
32768
32767
32769
32768
32767
32769
32768
32768
32767
32769
32768
32767
32769
32768
32767
32769
32768
32767
32769
32768
32767
32769
32768
32767
32769
32768
32768
32767
32769
32768
32767
32769
32768
32767
32769
32768
32767
32769
32768
32767
32769
32768
32767
32769
32768
32767
32769
32768
32768
32767
32769
32768
32767
32769
32768
32767
32769
32768
32767
32769
32768
32767
32769
32768
32767
32769
32768
32767
32769
32768
32768
32767
32769
32768
32767
32769
32768
32767
32769
32768
32767
32769
32768
32767
32769
32768
32767
32769
32768
32767
32769
32768
32768
32767
32769
32768
32767
32769
32768
32767
32769
32768
32767
32769
32768
32767
32769
32768
32767
32769
32768
32767
32769
32768
32768
32767
32769
32768
32767
32769
32768
32767
32769
32768
32767
32769
32768
32767
32769
32768
32767
32769
32768
32767
32769
32768
32768
32767
32769
32768
32767
32769
32768
32767
32769
32768
32767
32769
32768
32767
32769
32768
32767
32769
32768
32768
32767
32769
32768
32767
32769
32768
32767
32769
32768
32767
32769
32768
32767
32769
32768
32767
32769
32768
32767
32769
32768
32768
32767
32769
32768
32767
32769
32768
32767
32769
32768
32767
32769
32768
32767
32769
32768
32767
32769
32768
32767
32769
32768
32768
32767
32769
32768
32767
32769
32768
32767
32769
32768
32767
32769
32768
32767
32769
32768
32767
32769
32768
32767
32769
32768
32768
32767
32769
32768
32767
32769
32768
32767
32769
32768
32767
32769
32768
32767
32769
32768
32767
32769
32768
32767
32769
32768
32768
32767
32769
32768
32767
32769
32768
32767
32769
32768
32767
32769
32768
32767
32769
32768
32767
32769
32768
32767
32769
32768
32768
32767
32769
32768
32767
32769
32768
32767
32769
32768
32767
32769
32768
32767
32769
32768
32767
32769
32768
32768
32767
32769
32768
32767
32769
32768
32767
32769
32768
32767
32769
32768
32767
32769
32768
32767
32769
32768
32767
32769
32768
32768
32767
32769
32768
32767
32769
32768
32767
32769
32768
32767
32769
32768
32767
32769
32768
32767
32769
32768
32767
32769
32768
32768
32767
32769
32768
32767
32769
32768
32767
32769
32768
32767
32769
32768
32767
32769
32768
32767
32769
32768
32767
32769
32768
32768
32767
32769
32768
32767
32769
32768
32767
32769
32768
32767
32769
32768
32767
32769
32768
32767
32769
32768
32767
32769
32768
32768
32767
32769
32768
32767
32769
32768
32767
32769
32768
32767
32769
32768
32767
32769
32768
32767
32769
32768
32767
32769
32768
32768
32767
32769
32768
32767
32769
32768
32767
32769
32768
32767
32769
32768
32767
32769
32768
32767
32769
32768
32768
32767
32769
32768
32767
32769
32768
32767
32769
32768
32767
32769
32768
32767
32769
32768
32767
32769
32768
32767
32769
32768
32768
32767
32769
32768
32767
32769
32768
32767
32769
32768
32767
32769
32768
32767
32769
32768
32767
32769
32768
32767
32769
32768
32768
32767
32769
32768
32767
32769
32768
32767
32769
32768
32767
32769
32768
32767
32769
32768
32767
32769
32768
32767
32769
32768
32768
32767
32769
32768
32767
32769
32768
32767
32769
32768
32767
32769
32768
32767
32769
32768
32767
32769
32768
32767
32769
32768
32768
32767
32769
32768
32767
32769
32768
32767
32769
32768
32767
32769
32768
32767
32769
32768
32767
32769
32768
32767
32769
32768
32768
32767
32769
32768
32767
32769
32768
32767
32769
32768
32767
32769
32768
32767
32769
32768
32767
32769
32768
32768
32767
32769
32768
32767
32769
32768
32767
32769
32768
32767
32769
32768
32767
32769
32768
32767
32769
32768
32767
32769
32768
32768
32767
32769
32768
32767
32769
32768
32767
32769
32768
32767
32769
32768
32767
32769
32768
32767
32769
32768
32767
32769
32768
32768
32767
32769
32768
32767
32769
32768
32767
32769
32768
32767
32769
32768
32767
32769
32768
32767
32769
32768
32767
32769
32768
32768
32767
32769
32768
32767
32769
32768
32767
32769
32768
32767
32769
32768
32767
32769
32768
32767
32769
32768
32767
32769
32768
32768
32767
32769
32768
32767
32769
32768
32767
32769
32768
32767
32769
32768
32767
32769
32768
32767
32769
32768
32767
32769
32768
32768
32767
32769
32768
32767
32769
32768
32767
32769
32768
32767
32769
32768
32767
32769
32768
32767
32769
32768
32768
32767
32769
32768
32767
32769
32768
32767
32769
32768
32767
32769
32768
32767
32769
32768
32767
32769
32768
32767
32769
32768
32768
32767
32769
32768
32767
32769
32768
32767
32769
32768
32767
32769
32768
32767
32769
32768
32767
32769
32768
32767
32769
32768
32768
32767
32769
32768
32767
32769
32768
32767
32769
32768
