32770
32767
32806
33006
32864
33442
41359
17412
34653
35344
33871
32821
33155
32358
32758
32811
32943
32731
32721
33962
30417
34847
30931
34397
32398
31321
33994
32304
33305
32760
32781
40003
17357
41511
32197
38236
21677
37062
34408
31858
37452
24160
37810
31216
33883
32426
32606
33722
31884
32653
36891
35539
15335
45415
34035
25403
36452
42610
15597
39392
33904
33799
31436
32763
33674
31888
33851
31623
33286
32546
32914
33405
32377
36325
24955
36711
32827
32938
33021
32101
33020
32443
33394
32206
33835
31341
33620
32774
34371
29612
33264
34445
31046
33627
33288
32290
32349
33431
32276
33195
32492
33144
32714
33902
29584
34917
31994
33375
32873
32245
33406
32132
33452
31837
35716
28755
33530
39997
20484
38288
36102
27332
34438
33611
32944
32343
32845
33862
56603
58226
32999
33005
31989
33349
32528
34045
30447
34315
42795
12366
42182
32881
33428
32491
52589
54823
28806
34744
31804
33777
32320
32997
32731
32556
33001
33455
31302
33659
32690
36948
23982
37319
32714
33069
32221
45464
8004
45424
32572
32513
32759
40672
24557
26046
40048
32531
32820
33091
32479
32458
33231
33416
31391
33308
33051
32300
33227
32458
32962
32887
34640
29180
33966
32934
34265
30329
33429
33222
35405
27340
35482
32871
32927
32524
32939
32404
33151
32527
33544
31359
33510
33066
32612
32448
33157
35293
27127
37160
29457
35018
33752
29504
35696
30565
35858
28806
35006
32496
32935
32681
32381
33935
56162
55753
34069
33048
33227
31059
32579
33741
32927
32595
32647
33512
31691
32917
33538
31820
33272
33378
31823
36853
27499
34844
29121
36185
32095
32811
34596
29622
34586
32346
32979
34115
30712
33705
31721
33538
34261
29640
35215
31879
33305
33704
29345
34923
32465
33690
31739
32352
33866
32439
32948
33042
31400
34945
29954
35177
32074
31385
34146
33020
31809
33202
32891
35093
28749
33549
33829
32614
32862
32417
32834
32992
40155
17812
40140
33151
32376
32993
45395
7254
47354
28990
35857
30930
33552
42482
12770
43077
33078
31950
33544
32208
33695
33012
30382
33881
35503
29907
31192
35335
31647
33399
32832
32688
32519
33355
32013
33129
32785
34670
28965
35022
32026
33233
32650
33269
41525
13887
48239
21081
38853
32407
33054
32577
33207
31838
33395
32622
34842
28691
34966
32518
33260
32036
34200
30841
33819
32304
33148
34681
28803
38660
25077
35992
33424
33143
31689
33249
32841
32943
32509
32737
32966
33251
32805
31034
33807
33179
32309
32833
33617
31299
33365
32899
32910
31247
34349
33789
30392
35506
29924
35284
31377
34043
30618
33133
33690
37936
22412
37565
33276
32472
32761
32908
32271
33181
32676
32938
32709
32874
36450
24845
39556
27616
35154
34271
29934
34132
32777
32896
32664
32844
32534
32927
33378
31521
33645
44393
8896
44843
32740
34432
29536
34406
33496
32701
30180
35185
31669
33243
32757
33019
34392
29545
33520
33343
32878
33600
38367
19014
40333
32175
35011
29019
34685
33613
30896
33421
33253
32679
40394
17141
40704
34438
29083
34872
33103
31746
33468
32503
32748
32993
32721
33833
30421
33916
33304
32299
52018
52426
33110
49692
48556
34149
32229
33125
32849
33800
36611
21461
38651
32983
33858
31006
33912
33475
35331
29399
27438
40156
28016
35095
34849
29050
34613
32475
33166
32617
32594
32994
32624
32855
32900
33281
32757
30748
33972
34325
29831
34340
34494
29328
34362
32936
32801
32394
33126
35977
26376
36375
32433
31514
37257
26401
39669
24495
37539
32007
32900
34472
29732
34553
32193
33031
32880
32753
32407
33221
32480
33308
32382
32447
33079
32694
33227
32192
34715
29535
33675
36538
26729
35966
31863
34040
31077
34059
32064
33575
31801
33284
33726
32263
34266
27650
36103
38246
21152
38827
32644
32888
32550
33062
32462
32895
33725
31826
31767
35499
29336
34540
32790
34125
31140
31913
34886
30754
33326
33266
32551
33969
30527
34409
31730
33837
31640
33400
33015
32249
32909
32938
32956
32310
33089
33302
31915
37870
33339
32027
32938
33034
32551
32875
32818
35294
27874
34945
35397
27917
35072
32746
33113
32280
33103
33079
32828
31759
33558
31908
33381
32820
32803
32826
32384
35439
27741
36582
31482
31844
34743
32007
31386
33969
37635
22879
38406
31545
33246
33523
31374
34323
31021
33914
35358
27478
34890
35708
53227
59168
34374
28180
35618
33658
30812
32840
32975
33972
31355
33243
33359
31688
33254
33008
32988
32965
31267
34099
32447
32441
34133
33770
27575
36064
32724
34779
29050
33445
33792
33704
30497
34352
34057
29166
34680
32897
32501
32997
32659
33108
32371
32595
33022
33157
38545
21476
37247
32792
33846
32318
32329
33463
35239
26993
35828
33088
33241
31062
33849
33137
31472
33629
32736
33683
31834
31898
37765
24089
37914
31456
40886
18234
40538
30883
36208
28270
36293
30378
34688
31223
33390
33159
32318
33871
31497
36827
30378
27262
35470
34925
33149
36441
21549
39400
32633
33259
31856
33179
33298
32113
32294
33401
33493
31615
33496
32689
31999
32931
33122
32924
33674
30592
34191
32242
32768
33025
32827
32960
32135
33140
33293
32858
31263
33194
36738
25952
35945
33048
32503
32842
32808
32593
33116
32504
33008
32418
37471
23579
37567
32944
35164
26907
36664
36904
22605
38999
31444
34188
30077
34557
32275
33165
36133
25930
36471
32207
32979
33153
35079
27348
37220
30813
31734
38223
25392
39383
26269
34935
34882
30542
33741
35873
31056
27162
37054
32813
33160
32475
33159
32977
37063
39355
3900
50922
45436
4771
47187
32266
33522
32114
33708
31693
34198
31075
34406
31373
33378
32544
33293
32592
32345
32922
33056
32492
33249
32368
37154
23696
37465
33051
32400
32698
33202
32508
33103
32070
33679
32511
31655
33573
32868
32728
41756
15310
40509
34590
31920
31860
33529
32760
31854
33643
32412
32995
33552
31200
33716
33141
31758
33156
33897
30817
33816
34123
29950
35122
30828
33909
32357
33004
36495
25904
35053
33711
32658
33091
34305
28734
35182
32447
32757
34180
30005
36605
28242
34757
32843
32927
37506
23425
37539
31985
33407
32436
33137
33155
32062
32724
33663
31667
32789
44416
11073
43953
30449
36640
28092
35259
38659
21908
36440
34209
32318
33070
33847
30412
33952
33324
31544
36590
26353
37452
29998
35167
32199
30689
34406
32972
38098
21503
38173
33134
32864
32828
32454
32427
33191
33001
32364
35967
28303
33118
34258
33969
29616
33570
33502
33551
31853
35850
25986
52581
796
48585
34095
37407
20350
39255
33503
32777
32872
32500
33291
33633
30382
33651
33693
31587
33147
32858
32786
32964
32599
33556
31443
33177
33029
32406
33197
32494
32966
32721
33027
32421
32686
32552
33184
32956
32428
32609
33130
32525
32877
34318
30488
33535
32974
31479
34402
34360
27995
35468
33527
31860
31896
36011
28493
34247
33204
33115
32697
31983
33412
33134
32137
33705
31296
32862
33792
32073
33218
32294
33900
31094
33995
32213
32735
33997
30950
33824
32071
33164
32754
33984
31202
32558
33448
33086
37084
22795
38176
32491
33636
31362
33413
32889
32625
32863
32661
42251
14025
42338
32185
33351
41462
14978
42916
31170
31957
33728
33175
32336
33521
31770
33155
33078
32168
33056
32769
36530
25536
35993
33046
32799
32665
43077
12715
43032
32319
31992
33505
32773
32814
32890
33282
31618
33162
32755
35083
28684
34381
33627
31923
33854
30956
33583
33861
31582
32657
32908
33247
32407
33070
38073
23090
35796
33743
33044
32828
35147
27685
36205
30668
34138
32596
32994
32717
32461
32973
32399
39456
20380
39909
30198
34315
33252
31481
33561
32603
32825
32962
32395
33121
34327
29344
35252
31378
34309
30762
34120
51823
45209
33626
34320
31897
33071
32857
32770
35347
27437
35944
31965
33356
32199
34967
29354
34346
32364
34418
30190
34906
31156
34303
31149
33832
31797
33200
32731
32758
32496
50285
49913
32896
32966
32747
31694
34302
31731
39013
20433
43821
23253
41676
24917
38847
27993
35806
31774
33037
33042
32556
47952
2970
47071
33077
33643
31347
34024
35189
27058
35099
32434
33660
35284
27314
35775
34547
28259
35871
35936
24845
36391
33237
33016
32173
33137
33626
30957
35065
30082
34212
32716
33088
31840
34260
32447
30651
34211
33065
32368
34614
34496
24027
39851
29304
34968
31931
32847
33108
32690
32818
32513
33108
33041
32060
33136
32651
34082
30046
35669
37436
20330
37907
33916
32897
32651
42481
13137
44200
29793
34651
31968
33285
33027
31944
33364
34048
29787
34987
33433
31844
29989
35639
33754
30708
32078
34229
32537
32593
32865
32824
32829
32737
32767
32850
32713
41221
16274
40796
32446
33319
32406
35019
29563
32812
33865
32831
32799
32530
32977
32299
33054
32911
32745
32799
36140
28279
31333
35291
32774
33606
35296
25064
37299
33132
31686
33967
30950
35671
29264
34195
33268
32383
32791
33075
32785
32948
31818
33466
32351
33546
31854
33130
34871
32390
28241
34782
33605
33228
31874
34893
29369
34534
32809
32727
32622
32933
32686
57262
56944
32645
33662
31452
33002
33097
32844
32653
33105
32035
34979
29220
35197
31462
33330
33180
32326
33557
31198
33579
32782
33097
32342
32922
34391
29915
34481
31811
33018
32791
34321
34329
25833
36639
32772
33156
32664
33445
30786
34229
32430
33775
33620
34354
23712
41494
26059
36582
32790
32165
39949
19090
39906
32431
33519
32201
31875
34131
33104
31537
34016
31357
32320
33335
36280
26661
35759
32815
32880
32309
33599
31599
33334
32783
36308
25806
40649
31843
21640
40658
32308
32731
33136
34569
29233
34833
32277
32053
34988
30008
33951
32899
32786
32692
33092
32048
33354
32835
34290
29043
36026
30900
33311
32113
33540
33027
32376
33073
32010
33337
32693
33013
32316
32973
32767
33306
32056
33283
35589
25928
36888
32154
33112
32748
32824
31990
33340
32846
32779
32691
32876
33182
31790
48635
2125
47823
32853
33012
32723
32512
32792
33065
46652
4646
47405
31625
34067
31437
33781
31878
33417
32674
32709
32639
32920
32761
35954
26872
35077
33343
32498
32694
34109
30586
37661
24894
36776
39571
19414
43958
23143
37458
33308
32551
32579
33764
30942
34685
30823
33743
33533
31305
33735
32348
32960
37305
23471
37834
34259
29166
34343
32779
33082
32633
32789
35054
42000
7497
46512
32870
32536
32815
33198
32092
33169
33031
32023
33335
32723
32604
32951
32315
33197
32509
33518
39009
19278
38800
33357
33002
32438
32922
36461
26366
34814
33086
34736
29500
34183
32950
32757
33757
32168
31049
34424
32393
32932
34114
29820
35183
33277
32504
28118
36594
32348
33025
33993
35973
21894
39383
32153
33003
32860
32975
32315
32943
33276
33007
30741
34595
31776
33710
31978
33047
33017
32374
32950
45136
8060
50989
21053
38578
32752
33009
33707
30651
34056
32754
31654
34643
31697
32416
33237
34370
29820
33139
37320
55441
62820
33850
30679
33627
33925
31223
33634
32401
32933
32525
35938
26860
35907
31888
35105
30558
31979
34196
32753
34684
28531
34793
32970
32889
33250
31616
33087
36062
27094
35107
33123
32453
33576
34501
28043
36448
31484
30998
34710
32953
31735
33392
32854
32862
32826
32673
32825
32168
33356
33021
34906
27426
35769
32135
34192
31661
32169
33693
32404
32887
32674
33247
32141
34195
33050
29148
35591
31146
35754
28744
37977
26695
35526
33042
38955
20374
42059
26155
38634
28597
33505
33773
32812
32945
33642
33431
28067
36111
31640
33227
33186
34851
29640
32116
34366
33513
31245
33463
35472
27198
35965
32547
32208
33056
33101
48129
5961
41813
32914
34834
32700
33286
32080
33809
31853
33778
30094
40598
20798
38640
32882
37020
24556
36164
36524
26858
35087
33482
32244
33250
31873
33313
32553
33262
32349
33560
31587
33399
32508
34640
29889
33563
32963
33505
32362
32275
32813
33453
32226
32873
33027
33445
34350
26756
36979
31628
33642
32683
31708
34353
30933
39524
21456
38558
32309
32942
32896
32774
32504
32950
32847
34652
28840
34823
32596
54454
52705
33486
35207
27857
35957
32557
31131
33945
32851
32458
33795
31301
34024
31663
33606
33662
29841
34922
33471
30133
34027
33455
31908
33102
32971
32402
33118
32643
33005
32176
33380
33019
33658
29209
35363
37038
24051
35888
34096
60956
59222
34621
34254
28156
35487
32642
32730
33027
34644
28699
34450
33200
32544
34277
33490
27638
35613
32607
36898
28428
31027
34380
33173
33006
32852
32952
32326
34518
31501
30780
34193
52037
51960
32527
33245
32244
33040
32293
33780
33448
34610
24291
38072
32636
33227
32375
32539
33145
61034
59446
33913
32527
32582
38383
21852
39420
30459
34129
32305
32995
32939
32404
33026
32704
32603
33020
33418
31369
34652
32026
30672
34676
32089
33249
33492
31130
33637
33005
32513
32997
32402
32433
33284
33195
31724
34804
31056
31730
34064
32830
35297
27525
35424
32695
38137
22221
42258
24169
37250
33777
32463
29648
35197
33593
30788
34579
30913
34040
32942
32039
34053
31254
33122
32536
33189
34033
31527
31400
34293
34376
28952
34801
49507
54309
31466
33676
34829
49791
53038
33367
34412
30082
38649
33591
15823
43940
34515
29409
34457
33048
32351
32736
33157
32296
34565
29956
34239
32215
33911
31112
33729
32818
33349
31061
33751
32562
40863
16913
40849
32560
33197
32139
47512
4186
47822
30607
35435
29755
36145
29069
34808
34674
28972
34369
32899
32511
33344
32585
32440
33272
31931
33320
32807
32624
32903
33116
32128
33093
36354
25605
35784
33277
33333
31479
33590
32668
32871
32477
32744
33346
32208
33693
31013
34026
32799
32065
33777
31752
33150
40258
17905
40269
32594
33484
31489
35915
27770
35076
34661
29572
34040
33082
32652
36844
25050
35935
33258
32740
33097
32645
32341
32962
33319
32705
31388
34015
32104
33353
32334
32885
33216
33680
30743
32695
34808
30537
33949
32424
32909
33123
32294
33056
32602
33562
31019
34162
34672
29081
33198
33406
33220
32434
34149
30587
33780
32603
33866
31917
32434
32514
33300
33090
32143
37358
24113
37059
32733
32770
33573
32944
31584
32305
33242
33098
32332
34861
29386
34843
32026
32978
32838
33913
31229
33887
30993
33734
32869
32735
32768
37237
24005
37496
33042
34249
27664
35558
33088
32573
33089
32574
39280
19861
38673
33044
32968
32689
33191
32159
32850
33204
32439
33573
31764
32384
33967
32519
49091
11130
26761
42856
32926
33543
32975
33951
33530
26798
36778
32450
33033
32400
32576
33097
33000
33240
31900
33525
31604
34728
32038
30308
34340
32864
33043
32632
33972
30558
33642
33033
36121
25832
36242
32819
32863
33228
31467
35468
28971
34811
32489
32600
35870
27641
34778
49763
49388
35035
29035
34183
32930
33645
40642
15864
39402
33897
33731
31856
32272
33925
32027
33026
33402
31533
33424
32764
34147
30128
35111
30323
34165
32808
32698
33061
32195
32888
33223
32499
32435
34095
30852
39595
20934
39299
31668
33036
32872
32980
35208
36332
17714
41866
32707
32431
33677
31503
33306
32707
33105
32716
32255
33398
32102
33024
33130
32317
33092
32438
33078
33696
31502
34796
29361
33381
34565
31202
35254
29452
34539
32313
33203
32803
32871
32521
32806
31893
34311
31495
33174
33058
32744
32601
32475
33020
33051
32320
32965
33079
32261
33262
32270
33691
31995
33386
31756
32534
33540
35667
26813
36080
32066
33078
33283
32126
35355
31856
27791
36930
31354
33258
38088
22525
38408
33384
31112
32284
33812
32987
32498
32732
33787
32375
36792
22514
39642
30789
33607
32790
33980
29957
34279
32921
32398
32985
32995
32407
33123
32372
32996
34151
29911
34828
31626
51411
45357
35490
31876
33408
32295
33214
35250
28613
33627
33045
33190
32840
32902
33081
31823
33709
34310
28496
34788
36014
26761
36212
34251
28728
34554
33157
32929
32911
31956
33389
32513
32920
33590
30891
33941
32139
35916
27370
35506
32859
32818
32207
33348
33904
55425
60922
27484
37144
29597
33821
33100
32823
33001
32243
33169
32759
33012
32515
41696
17100
36640
35301
33789
31627
33839
31838
32361
33161
33461
31601
33449
32779
32826
32656
33174
32148
33087
32852
32742
32517
34867
43632
5234
47768
32214
33643
31465
33419
32759
42229
13919
42379
32325
33558
32247
32299
33533
32356
42001
22231
26716
40272
32487
33228
32485
32754
33949
30605
34055
32225
33287
39778
18328
40027
33054
32806
33892
29333
35053
32034
33486
32415
32937
32588
32592
33957
31361
33376
32024
33763
35333
26120
36549
33325
31591
33064
33145
32430
32982
32836
32519
33124
32966
32657
32500
57774
59367
31042
34208
31703
33394
32544
34506
30636
32993
32390
33993
31800
35706
28475
34046
33903
32101
33250
35610
25270
39323
30000
31675
33572
33685
32366
33115
36826
26193
33775
33898
34517
29427
35677
30716
33645
32719
54888
53258
33704
32196
32965
32909
32740
34594
30721
31948
33335
35355
28356
35406
37450
26984
28317
37996
33782
30222
36078
30726
31292
34220
33030
32377
33911
31237
33947
32483
32109
32858
32841
33474
32365
32576
55045
58416
26144
36249
32990
32067
33054
32991
32780
33195
32138
32212
33232
32980
32477
33446
31771
34243
30980
33546
34996
29153
33551
35466
28645
34922
32737
32792
32784
32668
32776
32998
34922
27862
38988
25375
36639
32723
32424
35099
38900
14690
42364
32919
32800
33265
32688
31518
39773
22286
35506
34618
32253
33381
32510
32532
33823
30983
33998
32653
39321
18760
39920
32868
33366
32384
33544
30061
34640
32517
33674
32326
31366
33795
32893
33031
33788
29913
34148
32823
32475
32941
33200
32520
32704
32794
32689
33027
32586
32711
33215
33387
30108
34969
33449
30422
33336
33658
32234
42889
12830
42895
34868
29015
33905
32656
33287
32896
33161
34636
27500
35597
32720
33336
33349
30517
37072
26358
36483
32761
32144
32435
33476
32199
