8049
797
1762
5090
7612
2623
3047
6240
5254
2712
5886
2762
5741
7988
1883
1057
5490
6292
2834
7487
7849
3103
4093
4099
4098
4094
4093
4100
4893
3153
4531
4113
3628
4426
3888
4210
3928
4350
4174
3795
4334
4261
4412
4346
4350
3786
5487
3850
196
4100
4787
3611
5243
3599
4203
4509
3964
4397
4273
4173
4010
4545
3431
5718
2572
4011
4249
5636
3274
4149
4088
4080
4088
4094
4085
4088
4097
4096
4092
4098
4100
4099
4102
4093
4101
4092
4101
4087
4154
4001
4135
4064
4030
4136
4151
3969
3644
4493
4507
3816
1849
7927
3444
3105
3315
3415
3129
4302
3098
3332
5377
3569
5205
4798
3576
6102
3425
4237
2986
910
4384
8132
4091
4147
3920
3765
4551
3777
4128
4161
3868
4516
3842
4195
4249
3762
3942
4523
4088
3964
4123
3962
4315
4157
3959
3819
4485
3963
4142
4180
3865
4191
4229
3988
4148
3885
4345
3961
4523
3313
4511
4238
3810
4527
3570
4470
1966
6017
3369
4258
4328
6887
2497
3043
3982
4255
4357
3258
4227
4793
3235
4683
4238
3836
4316
3895
4627
3839
4068
4243
4371
4207
3470
4755
2115
1496
7050
5644
4784
4071
3633
4344
3682
4152
3841
4237
3958
3983
3906
4036
4093
4122
4101
4046
3976
2911
6629
3029
3768
4480
3924
4192
5862
5248
4863
4240
4023
4072
4094
4108
4062
4050
4069
4011
3999
4023
3934
3376
2641
3621
4532
4972
2304
5407
6552
5983
3581
3476
5803
4218
4083
4393
4390
3772
4232
4071
3751
4400
4323
3903
4566
3575
5347
3364
3824
4113
4053
2794
6202
3157
3471
4476
4510
4047
4242
3960
4364
3941
4255
4053
3902
4325
3789
4090
3998
4236
3903
4103
4018
4466
5452
5940
3727
3949
4170
4128
4037
4822
3750
3756
3759
3916
3922
4204
4521
3154
4475
5580
3419
3927
3654
3342
6049
3709
3763
3956
3908
3709
5080
4340
2825
4690
4150
4025
4623
3411
4431
4022
4035
4064
4047
3508
4468
5684
3263
3105
3170
5978
3995
4144
3752
3602
7026
1264
4244
4882
2276
5224
4385
4117
1778
6187
4301
4289
4202
4084
4214
4142
4138
4290
3996
4385
3905
4197
4007
3998
4150
4053
4043
4061
4058
4054
4079
4095
4127
3962
768
5793
5854
4054
3855
4251
3999
4069
4142
4110
4066
4043
4057
4061
4153
4259
3958
5735
2880
4310
4311
3525
3792
3962
4293
4141
4363
4368
5850
640
3916
3886
4075
4077
4053
3998
4068
4073
4000
4121
3949
4239
4133
4543
4648
4395
4438
3612
3288
3733
4042
4298
4203
4318
4341
6253
6199
4308
3994
4046
3274
857
3357
4966
3838
5619
1822
5331
3890
3959
4056
4421
3678
4614
4008
3424
5112
3057
5057
3170
5050
3091
5123
3184
4849
3515
4513
4047
3650
4583
4240
3039
5492
2872
5155
3068
5138
2727
6040
2269
6203
1073
7569
686
6855
1769
6511
2204
5158
2998
5358
3125
4770
3344
5709
1816
6570
1642
6026
2865
5055
3349
4795
3513
3683
4869
4678
2900
4166
5080
2591
3745
3439
4548
3936
3896
4345
3742
4294
4230
3944
4133
4012
4163
4175
4023
4094
4116
4037
4135
4185
3993
4228
4018
4132
4250
4020
4285
4183
4029
4393
4536
3956
3671
3529
3584
4496
3798
4041
4475
3963
3959
4188
3993
4505
3661
4087
4158
4014
4454
3766
4283
3902
4285
4180
3863
4363
3565
4656
3728
4385
4153
3589
4476
4015
4387
3674
4253
4020
4168
4015
4193
4148
4061
3993
4252
3887
4158
4309
3998
4013
4057
4116
4238
3957
4257
3979
4037
4166
4172
3930
4143
3824
4124
3431
4107
3836
3954
4630
3950
4258
4236
4106
4130
4080
4134
4009
4351
4008
3932
4163
4103
4152
4029
4094
4101
4217
3915
4262
4107
4039
4035
4080
4203
3862
4343
4220
3753
3936
4386
3127
691
3684
4357
3541
4386
4537
3661
4041
3993
4873
3348
4341
4026
3993
4530
3465
4712
3600
4263
4297
3992
4210
3630
4432
3841
4810
3099
4596
4448
3173
5141
3291
4449
4355
3447
4304
4755
3200
4564
4194
3843
4229
3749
4766
3295
4289
4526
3574
4811
3520
4430
6788
6013
2497
5241
3324
4681
4135
3839
4164
4107
4094
4104
4112
4111
4125
4143
4006
4230
4075
4085
4096
4060
4177
4027
4070
4253
3972
4145
4073
4092
4086
4144
4022
4011
4320
4112
3698
4309
3905
4076
3880
4856
3782
4097
4283
3905
4103
4271
3803
4291
4118
4228
3963
4064
4140
3987
4170
4005
4273
4061
4071
3968
4349
4000
4077
4185
3946
4122
4208
3916
4487
3525
4636
3763
4043
3820
4284
3886
3399
3487
4659
3796
3901
3425
4817
4799
4372
3687
3979
4505
4096
3540
4463
4105
4713
2555
4112
4145
3944
3894
4217
4102
4169
4034
4171
4055
4167
4067
4142
4107
4080
4195
4002
4129
4102
4103
4096
4087
4060
4146
4276
3833
4144
4099
4125
4092
4074
4156
3917
4544
3630
4238
3966
3756
3794
1281
3464
3672
4502
3940
4071
4686
3022
5541
2635
4747
4110
4421
3262
4549
4563
3209
4721
3835
4325
3956
3968
4243
3942
4184
4124
4213
3849
4250
4081
3902
4474
3754
4618
3484
4184
4552
3666
4220
4560
3100
4654
4318
3777
3873
4439
4154
4087
4006
4253
5856
1085
6116
2039
5451
3953
3823
3879
4202
4364
