4249
4540
5287
3714
3552
4423
1178
7685
3731
4024
6288
2322
4095
4096
4761
2413
4760
1792
5750
2511
4043
3824
2528
7511
1238
6750
3667
3042
4434
3960
3405
7981
4745
2912
5302
4049
3668
424
888
5522
2020
6690
4808
4266
4485
5017
7361
1455
4136
4052
4096
4097
4089
4102
4097
4096
4095
4097
4095
4096
4128
4066
4093
4099
4092
4097
4097
4095
4070
4124
4095
4097
4110
4094
8047
7361
23
4093
3970
4327
3844
4366
3868
4118
2948
5784
3294
4784
3751
4063
4137
4077
4102
4112
4087
4126
4039
4118
4097
4112
4079
4097
4098
2427
6716
3102
5161
2453
4592
5113
2034
5229
2684
5818
4539
2950
3228
4749
1524
6473
3504
3115
5302
6507
1116
1908
2826
4792
4123
5941
1402
357
2931
1608
6670
3085
4455
8185
6695
5159
3539
2321
3310
4665
3188
6198
2953
4948
600
4505
4454
3810
6308
1272
4876
2173
3285
101
6827
4773
1216
5452
2391
6797
2726
3574
4991
3968
4256
3176
5464
3565
4476
2933
4806
4974
2831
4147
3250
5565
4147
3135
4883
3899
4079
3532
4394
4682
3574
5226
3808
3090
2873
6068
7161
4598
4735
4703
4128
3002
5020
3526
2394
4978
4633
4510
1360
7188
7409
6154
2710
3717
3931
2323
5648
3882
4211
7884
5648
2880
3868
5061
2447
5276
6564
1880
4309
3877
3169
5045
2885
5480
3839
5085
4477
4270
5268
7385
4892
2685
3963
4096
4211
2529
6358
3841
3483
4905
7470
8055
4483
3268
7720
617
4058
3929
4509
3723
1355
7827
3888
2991
4705
1618
5677
2611
4297
4110
2108
5134
2784
5169
3346
2780
5622
3980
5866
583
5483
4264
3584
4711
4475
1394
3198
3855
4110
532
3092
3997
2817
7514
3556
922
6191
4038
3967
3911
4710
1066
3906
5072
3486
4283
2122
5034
3124
7910
5371
4409
4997
3568
1007
7262
96
4175
4024
5449
3284
3538
3944
2922
5607
3723
4061
4745
2096
2047
7748
1663
7374
633
5524
3943
3995
5244
3221
2454
5635
7481
2698
3582
3530
5366
4271
3863
4138
3981
4308
4344
2884
5072
4037
3110
4673
2521
6045
6658
1088
4029
4135
4088
5778
4900
3613
4613
3006
4151
4218
3459
4664
4083
4111
5092
2829
4693
1485
1921
3656
30
1756
4260
4020
5853
2415
4042
3887
7120
1942
7451
6857
2060
2599
5353
2632
5700
3918
5662
683
5801
5242
3115
4595
3685
5082
2342
2636
1967
4064
4349
1588
6980
3213
5169
1912
7161
1813
5833
2975
4676
3436
2561
5727
4054
3912
285
7025
2517
1714
1990
3088
1862
7592
3135
3723
4179
4073
4702
3362
4272
1040
1826
7854
2368
1558
3899
4735
1293
6240
3135
3648
4146
4437
4132
4454
3675
4256
4145
3849
4168
4208
2978
6137
3911
3589
3623
3103
6770
2769
2318
6726
3107
3200
4933
5264
1953
5118
4131
5067
3125
3976
4151
4128
3618
3814
5093
3996
3608
4870
4033
3654
4720
3523
3705
4415
5233
2994
4136
3152
4883
4131
2384
8114
1927
4124
4044
4149
4075
4079
4139
4032
4155
4051
4118
3685
4952
3626
4122
4097
4084
4107
4102
4081
4123
4095
4051
4114
4061
4104
4103
4868
2612
4825
4151
3664
4737
4370
3578
4320
3922
3995
4050
3723
5070
3541
4138
4108
4085
3930
4236
2939
6174
3775
3442
3359
5552
3295
3570
5306
3311
4965
3245
4334
4034
4178
4082
4123
4019
4147
4098
4163
4024
4099
4029
4166
4093
4097
4094
4111
4081
4094
4104
4077
4109
4098
4095
4096
4097
4097
4095
4093
4098
4097
4102
4082
4104
4095
4098
4116
4077
4094
4094
4060
4164
4048
4113
4117
4076
4094
4097
4131
4061
4094
4101
4083
4114
4066
4124
4060
4125
4100
4095
4108
4084
4095
4091
4096
4114
4082
4095
4094
4095
4101
4096
4101
4088
4100
4097
4108
4085
4090
4094
4088
4101
4101
4100
4107
4084
4095
4096
4096
4097
4097
4093
4062
4132
4095
4096
4134
4059
4093
4100
4084
4106
4098
4095
4074
4110
4103
4090
4149
4048
4095
4099
4058
4133
4097
4095
4120
4074
4093
4099
4088
4103
4094
4098
4100
4089
4096
4099
4082
4099
4068
4144
4162
4021
4099
4089
4071
4122
4098
4093
4089
4106
4095
4098
4094
4098
4095
4095
4099
4094
4096
4097
4096
4096
4095
4097
4072
4128
4090
4093
4140
4051
4098
4096
4089
4101
4099
4097
4112
4076
4092
4104
4086
4107
4090
4101
4086
4104
4094
4096
4097
4093
4099
4096
4078
4037
4192
4065
4202
3999
4098
4099
4078
4113
4095
4097
4109
4084
4097
4093
4098
4092
4098
4100
4093
4096
4096
4093
4084
4109
4097
4095
4070
4109
4100
4096
4174
4028
4094
4099
4091
4098
4103
4090
4116
4076
4096
4098
4091
4100
4099
4098
4053
4137
4091
4098
4125
4063
4098
4077
