3329
5039
5008
3038
1171
816
3019
4509
919
6043
4049
2494
4568
1433
7840
1674
7042
402
4244
4096
4090
4101
4097
4095
4117
4079
4094
4093
4089
4091
4123
4081
4093
4102
4102
4079
4119
4079
4077
4120
4099
4088
4118
4079
4097
4088
4092
1292
5778
4764
6752
1743
5091
3151
5342
4294
2900
2182
5218
4420
4129
2656
5256
3979
3901
4277
4780
3345
4267
4061
6074
1232
2204
8147
5879
168
7867
3209
1925
3440
7004
2822
8133
3049
6218
3738
6783
2720
5892
2198
3756
4800
4887
4610
1710
5923
3789
4302
3136
6807
4091
7773
1870
7084
2890
3132
4867
3850
4048
4307
3470
5095
3519
2285
1221
4450
4556
4394
3363
3745
4947
3672
5267
2054
5203
3627
2744
7545
2604
3722
3349
5423
3495
3725
6681
932
4917
5347
2049
2946
320
5118
3743
5024
2130
6405
1704
7296
305
5975
3574
4524
5539
2307
4540
3444
4628
4085
4546
3477
4227
4342
3412
5288
3421
3536
5021
3694
3844
4320
5340
2487
5399
1747
5805
3992
3785
4827
1047
1787
6716
2467
7481
7716
4169
5372
8031
1143
5954
2520
5778
3445
2567
6708
3108
3741
3128
7138
222
1114
7434
2150
3635
6800
2004
4624
3287
6134
3000
1283
7606
6431
1689
2941
1474
1493
1828
7868
1660
6612
3094
3077
5275
4187
4805
2788
4541
5977
470
5065
5810
1950
4091
5781
3452
5190
3050
4524
1768
416
5443
2938
5278
1908
7562
2192
4541
4141
1501
3805
3524
7870
5570
2903
2635
7515
4647
6177
2215
6632
45
5355
4427
3250
6808
1453
5278
5066
338
5967
5796
2005
6436
3224
485
5259
3425
6777
2119
1694
7892
3760
2368
3953
5202
6193
5080
1805
5972
3835
4269
3331
4055
2686
628
6186
5959
2613
508
5263
4829
3983
1181
6642
3965
4361
3191
2738
6804
4233
25
6226
3258
2778
4850
7107
6891
3364
2104
7114
4977
1229
5918
5137
2767
5395
4509
1988
6946
1176
2500
8178
5741
2918
6352
2904
4626
602
5432
2629
5397
2253
4663
2703
4724
3407
5569
3541
245
5452
3849
1380
1656
6021
4543
4456
2521
5784
3357
7581
5417
2588
6228
2748
4290
358
1311
3145
2877
113
3810
3136
7792
2694
2363
6152
3214
4201
1748
698
1928
5253
1912
7515
3522
681
3109
4059
4776
3100
5062
3101
3288
5675
5672
7907
1802
8040
6257
3528
2810
4160
8026
870
5791
1149
2696
4378
1010
5780
6968
2201
5326
2936
4210
3560
5344
2901
3569
5789
3635
3585
4352
3795
3508
5672
3912
2507
6679
797
7993
577
6073
3382
3754
4579
3664
5125
2395
5401
6157
572
4949
4840
2952
4574
3163
5414
6239
1866
4162
2956
7109
1186
4627
5351
4253
1512
5404
5037
3510
3724
5124
3367
3776
4545
4033
3215
6228
2337
4015
5714
2365
5011
3608
4556
3670
3941
3362
4902
6256
1187
5852
3365
4363
3602
4478
3688
4492
3970
4105
4087
4087
4111
4085
4125
4073
4084
4092
4134
4051
4455
3422
4452
4221
4390
3072
4677
4116
4068
4101
4098
4107
4086
4112
4087
4098
4095
4078
4105
4121
4071
4094
4121
3789
4664
3778
4187
4045
4023
2931
7002
2009
4123
4484
4561
3611
4343
4113
3737
4048
4029
4288
4330
4206
3586
3845
4847
3288
4748
3737
5150
2711
4957
3747
4177
4057
4170
3948
4184
4067
4136
4055
4127
4113
4008
4163
4083
4089
4105
4116
4078
4096
4068
4124
4101
4080
4106
4096
4124
4038
4125
4099
4097
4084
4106
4110
4081
4097
4075
4117
4092
4100
4089
4103
4093
4096
4097
4096
4099
4109
4082
4074
4129
4061
4127
4109
4074
4081
4103
4098
4107
4091
4145
4014
4153
4108
3952
4236
4084
4078
4074
4117
4092
4100
4107
4080
4115
4079
4077
4114
4112
4074
4114
4078
4124
4083
4078
4091
4124
4096
4098
4080
4086
4112
4095
4093
4105
4079
4106
4072
4142
4072
4094
4104
4089
4073
4123
4101
4113
4067
4076
4144
4071
4077
4139
4051
4120
4095
4115
4075
4098
4100
4096
4077
4112
4091
4098
4103
4086
4108
4081
4112
4085
4099
4096
4098
4093
4096
4095
4090
4091
4098
4124
4104
4077
4089
4098
4074
4124
4076
4119
4077
4125
4056
4115
4097
4096
4097
4094
4098
4095
4097
4095
4099
4099
4089
4086
4106
4107
4083
4094
4119
4078
4094
4093
4103
4106
4085
4093
4096
4095
4106
4087
4097
4113
4068
4107
4091
4104
4093
4097
4091
4101
4100
4087
4066
4106
4180
4043
4084
4104
4100
4083
4108
4100
4075
4110
4093
4096
4099
4084
4106
4095
4098
4101
4094
4095
4092
4097
4087
4114
4074
4108
4094
4102
4071
4105
4136
4059
4113
4090
4101
4085
4116
4074
4103
4104
4079
4106
4114
4072
4090
4091
4137
4069
4102
4094
4090
4102
4094
4076
4135
4086
4055
4127
4097
