4213
3740
5096
5632
4335
5822
7605
4489
4052
7814
1574
5766
1005
7865
5686
4568
7510
1417
168
4318
4345
3450
4095
4174
3993
4127
4092
4094
4098
4095
4109
4089
4086
4096
4101
4108
4098
4079
4094
4096
4102
4093
4099
4122
4068
4092
4120
4057
4122
4084
4103
4106
4106
4070
4090
4112
4101
4088
4086
4104
4089
4107
4094
4098
4094
4098
4094
4097
4096
4097
4094
4097
4096
4096
4097
4095
4096
4097
4093
4098
4098
4094
4096
4096
4096
4096
4096
4096
4096
4095
4097
4096
4096
4096
4096
4096
4096
4097
4094
4098
4116
4091
4089
4069
4124
4094
4070
4106
4104
4089
4103
4090
4103
4133
4051
4094
4106
4111
4047
4155
4078
4097
4087
4091
4112
4079
4097
4095
4114
4072
4113
4091
4102
4096
4078
4102
4095
4103
4131
4027
5271
5881
550
4262
4593
7517
7204
1687
377
1978
8186
2889
2039
7891
582
6468
5492
710
7851
1839
4228
4728
3644
6840
5585
5174
5015
1944
5376
3665
3838
4343
6152
303
6685
732
7658
1933
5150
3077
1001
2521
7215
5400
7614
5891
6423
7981
5867
3764
6477
3562
4311
4090
4613
2857
5261
4326
3390
4037
3955
3911
4969
4030
3722
6890
3045
976
4305
258
3909
3944
4307
7341
6477
2828
4073
6726
1041
4624
4346
3463
6254
7974
1212
7451
4427
2178
3064
1185
5111
3664
2117
1521
2524
1644
6617
2457
7142
7399
4679
3109
1608
5729
6396
5998
635
3684
4628
2119
7084
2832
4717
3922
3037
5963
847
6506
3896
3796
3869
3803
6576
2275
3706
5153
2725
3788
5032
4292
2895
3839
4301
4441
3700
2662
5165
2977
4798
844
3085
3403
5054
4523
6491
4136
4288
4041
4113
5689
2558
4544
3611
2832
4980
5749
7009
5712
6879
1407
5512
2610
7944
6781
1373
5574
1054
926
4859
3090
6578
1779
4152
4137
4113
4053
4004
3507
5596
4700
2066
3885
4991
3704
777
4979
2064
6792
697
7373
4514
3258
3478
2419
7860
2275
3991
2223
4566
1012
7511
4841
3090
1350
7615
1490
3973
5260
3011
3790
5913
3138
3089
4321
4111
3544
4462
3983
3919
2386
6884
2685
4770
4388
3075
5499
4084
5221
3554
4957
4853
1733
5203
4056
6866
6582
6001
1503
4671
2304
1178
3954
2913
7590
6538
3722
1897
1879
3821
3893
4247
3912
4148
3299
6089
5377
1789
4752
3950
7425
8023
1087
4187
6016
1623
4161
4481
4061
6370
2437
2975
3950
3831
4645
2712
7192
1440
5081
3589
654
4556
6528
4076
5268
479
3272
4820
4717
5433
3393
3217
6164
3970
4720
8014
4061
4179
4394
7494
2
4423
3815
4146
3954
4268
5491
2502
4098
6687
2858
2057
4225
4838
517
1136
5928
2456
2835
5464
3570
4874
3489
4072
2844
4718
5032
6084
8050
2239
1881
7210
3321
7592
1413
6616
6171
1556
4506
449
1920
3993
6767
2832
3169
944
3154
2247
4763
4410
4563
3565
4450
2572
5901
174
1288
331
7888
4187
3952
3159
4494
5650
3896
4979
2707
6515
2406
3267
3775
6447
6884
5463
1610
1367
5017
2865
4185
4115
3981
4104
4787
3072
3733
4862
3435
4527
5178
2501
4735
4504
3703
6907
2753
3814
5743
2959
4042
4102
4007
4177
4151
3977
4156
4172
4009
4060
4185
4043
4060
6572
6490
4028
4185
3985
4169
2857
4890
4504
3809
4848
4168
4071
4271
3415
4151
3988
4177
4203
3946
4085
4130
4177
3984
4069
4206
4146
4026
4073
4082
4035
4130
4170
4100
4261
3893
4094
4105
4087
4129
4054
4120
4082
4001
4176
4110
4132
4098
4057
4130
4079
4089
4103
4089
4099
4093
4105
4085
4092
4110
4097
4092
4096
4083
4061
4140
4099
4094
4097
4094
4096
4097
4097
4095
4095
4096
4099
4094
4095
4097
4098
4091
4099
4074
4127
4077
4100
4114
4079
4100
4096
4089
4110
4083
4119
4080
4099
4098
4088
4120
4046
4109
4108
4096
