3296
3444
5821
5159
2731
2325
5045
3739
4338
4654
3558
5888
3278
4095
4096
3340
1762
1834
7101
5049
3469
4011
3150
8102
1405
1815
1146
3265
6582
4473
1471
6285
3592
4142
1093
5554
4095
4097
4095
4098
4094
4097
4095
4098
4094
4097
4123
4071
4095
4093
4108
4083
4097
4101
4054
4145
4075
4107
4103
4091
4090
4103
4100
4071
4113
4097
275
6914
6474
6877
7290
4449
1815
3875
5767
4702
3194
4317
4085
4114
4093
4144
4024
4124
4003
4175
4059
4138
4132
4059
4085
4103
4112
4091
4092
4096
4028
4185
4054
4115
4216
3291
5397
4863
4879
1355
2738
6985
5757
4730
7266
1636
2804
7118
2383
4408
7639
898
5693
6933
5196
2229
3979
2626
2726
5484
3610
1182
5333
4643
5936
4332
3910
6230
735
3982
4858
3932
4218
3321
4525
5042
6273
6938
3971
3242
5925
3642
3089
4513
4208
5699
1668
5225
1655
6181
5120
1929
6271
3123
4683
2775
3918
5613
3494
4019
4570
1607
7460
3247
1462
467
4901
7840
4087
5279
47
1333
3106
2011
3174
2335
7309
1912
3250
4388
4423
3634
3798
6508
4129
2192
6650
2122
467
414
760
2553
5961
5172
2489
3815
5189
5004
2894
3904
3979
2432
959
1980
1378
3733
5289
3963
4718
3047
5369
1842
7887
2026
4042
4595
3569
4104
4041
3405
1789
6451
3881
3228
2811
5678
5563
2493
5255
3522
5189
3304
7420
1082
1492
4243
5269
5321
4043
5332
734
5895
5638
6238
3610
5344
2875
2725
5882
2733
2763
1174
1242
7705
2958
4302
4639
3788
3124
1973
1093
4133
5045
5005
2898
658
4216
2387
5738
6633
1410
1262
3499
2191
5653
4137
4771
3105
5579
6701
6086
4251
5073
5498
2709
4520
3330
4828
1106
7024
3241
882
7403
3458
7052
5837
4150
6441
2227
4846
3578
4071
3274
1672
6123
6850
51
321
4442
4348
2234
5409
4480
4056
4136
3947
3881
4500
880
1554
4422
1373
6798
4925
2799
1134
7906
3003
7377
4450
1200
3438
1173
7216
4365
4318
4070
3725
2866
122
771
7575
6150
5529
2011
5785
4262
4480
8128
5778
1019
4020
4289
3097
4307
235
5868
6108
4054
6711
1118
4166
2903
5104
4403
3943
4613
7476
2165
5477
1206
5666
6936
3909
4254
3842
4320
4810
3182
3099
1525
7626
3352
8113
4555
4071
6420
36
807
1801
4308
3202
4482
4649
4047
6077
2033
4040
4083
1453
6328
5330
3860
6224
1140
4734
3135
1363
7475
4128
3700
1864
6888
3938
4331
3968
4180
1424
6858
3835
3278
4724
4633
4400
2623
325
4245
1718
1830
4713
3440
4068
4119
4070
1926
7338
3519
2944
5655
3380
3868
4183
4172
5189
2816
4254
2572
6189
3541
4027
4068
2298
7811
2390
3881
2822
7361
140
6217
5842
2186
4218
3906
3840
4470
4114
4204
4685
3639
1925
5522
6399
2296
3975
4173
2017
6866
3382
4091
5255
680
6553
4213
5882
2049
3446
4767
4068
4136
5399
2140
3991
4837
4103
4074
4080
4166
4009
4149
4056
4138
3325
5589
3363
4087
4119
4093
4051
4155
4065
4076
4129
4049
4153
4051
4117
4098
4112
4079
4080
4116
4098
4116
4050
4147
4033
3516
5553
3257
4386
3571
3742
5006
3396
4560
3338
4739
5219
2857
3435
5091
3738
5019
3008
4217
4209
5058
3463
3296
4819
3704
4699
3734
3768
4355
4314
4066
3950
4065
4098
4329
3878
4120
4055
4049
4211
4080
4183
4017
4077
4120
3999
4183
4109
4076
4085
4055
4293
3864
4182
4101
4097
4094
4115
4081
4092
4094
4110
4083
4101
4093
4081
4111
4099
4093
4107
4079
4108
4090
4076
4116
4096
4096
4095
4101
4090
4098
4111
4044
4144
4113
4131
4031
4092
4115
4005
4176
4097
4093
4094
4104
4086
4097
4105
4092
4093
4100
4077
4121
4080
4106
4093
4093
4100
4096
4138
4053
4095
4098
4053
4139
4095
4097
4094
4098
4095
4097
4136
4060
4091
4095
4053
4139
4096
4097
4118
4074
4077
4117
4131
4059
4096
4096
4099
4094
4094
4096
4097
4097
4096
4094
4080
4116
4093
4097
4111
4081
4094
4097
4093
4099
4096
4095
4083
4103
4100
4096
4098
4098
4090
4104
4090
4096
4098
4099
4104
4093
4079
4101
4101
4097
4095
4095
4103
4090
4095
4097
4073
4117
4105
4096
4119
4063
4100
4091
4130
4066
4096
4093
4099
4092
4099
4095
4103
4092
4094
4097
4091
4103
4095
4093
4109
4083
4061
4115
4162
4047
4107
4082
4078
4146
4059
4103
4098
4092
4101
4096
4086
4107
4087
4101
4096
4098
4094
4099
4133
4017
4184
4012
4133
4100
4091
4095
4094
4104
4039
4233
