current pwr_bound is 1e-0
cfgFile=sz.config
[SZ] Reading SZ configuration file (sz.config) ...
point count: 760
pwrLength=24
pwrErrBoundBytes_size=48
pw_relBoundRatio=1.000000
hit: 758
miss: 0
length of statenum:65536
nodecount=3
treeByteSize=22
enCodeSize=95
-------insight of tdps
dataLength=760
exactDataNum=2
realPrecision=0.044922
medianValue=0.000000
reqLength=12
quantization_intervals=20000
pwrErrBoundBytes_size=48
radExpo=-5
-----------------------
timecost, 0.004871, seconds
done
input file size: 6080
output file size: 72
sz compression ratio, 84.44 
timecost, 0.003877, second
done
Max absolute error = 0.015547141432762145996
Max relative error = 199.54119053311021048
Max pw_relative err = 0.33222416918563679733
../model_comparison/inputdata/sample_1/sedov_p.dat, ../model_comparison/inputdata/sample_1/sedov_p.dat.sz.out, 760
size of double: 8
0.046749, 0.031250, -0.015499
0.046748, 0.031250, -0.015498
0.046748, 0.031250, -0.015498
0.046747, 0.031250, -0.015497
0.046746, 0.031250, -0.015496
0.046745, 0.031250, -0.015495
0.046743, 0.031250, -0.015493
0.046742, 0.031250, -0.015492
0.046749, 0.031250, -0.015499
0.046748, 0.031250, -0.015498
0.046747, 0.031250, -0.015497
0.046746, 0.031250, -0.015496
0.046745, 0.031250, -0.015495
0.046744, 0.031250, -0.015494
0.046742, 0.031250, -0.015492
0.046741, 0.031250, -0.015491
0.046748, 0.031250, -0.015498
0.046747, 0.031250, -0.015497
0.046746, 0.031250, -0.015496
0.046745, 0.031250, -0.015495
0.046744, 0.031250, -0.015494
0.046743, 0.031250, -0.015493
0.046742, 0.031250, -0.015492
0.046740, 0.031250, -0.015490
0.046748, 0.031250, -0.015498
0.046747, 0.031250, -0.015497
0.046746, 0.031250, -0.015496
0.046745, 0.031250, -0.015495
0.046743, 0.031250, -0.015493
0.046742, 0.031250, -0.015492
0.046741, 0.031250, -0.015491
0.046739, 0.031250, -0.015489
0.046747, 0.031250, -0.015497
0.046746, 0.031250, -0.015496
0.046745, 0.031250, -0.015495
0.046744, 0.031250, -0.015494
0.046743, 0.031250, -0.015493
0.046742, 0.031250, -0.015492
0.046740, 0.031250, -0.015490
0.046739, 0.031250, -0.015489
0.046740, 0.031250, -0.015490
0.046741, 0.031250, -0.015491
0.046741, 0.031250, -0.015491
0.046742, 0.031250, -0.015492
0.046742, 0.031250, -0.015492
0.046743, 0.031250, -0.015493
0.046743, 0.031250, -0.015493
0.046743, 0.031250, -0.015493
0.046740, 0.031250, -0.015490
0.046741, 0.031250, -0.015491
0.046741, 0.031250, -0.015491
0.046742, 0.031250, -0.015492
0.046742, 0.031250, -0.015492
0.046742, 0.031250, -0.015492
0.046743, 0.031250, -0.015493
0.046743, 0.031250, -0.015493
0.046740, 0.031250, -0.015490
0.046740, 0.031250, -0.015490
0.046741, 0.031250, -0.015491
0.046741, 0.031250, -0.015491
0.046742, 0.031250, -0.015492
0.046742, 0.031250, -0.015492
0.046743, 0.031250, -0.015493
0.046743, 0.031250, -0.015493
0.046740, 0.031250, -0.015490
0.046740, 0.031250, -0.015490
0.046741, 0.031250, -0.015491
0.046741, 0.031250, -0.015491
0.046742, 0.031250, -0.015492
0.046742, 0.031250, -0.015492
0.046742, 0.031250, -0.015492
0.046742, 0.031250, -0.015492
0.046739, 0.031250, -0.015489
0.046740, 0.031250, -0.015490
0.046740, 0.031250, -0.015490
0.046741, 0.031250, -0.015491
0.046741, 0.031250, -0.015491
0.046742, 0.031250, -0.015492
0.046742, 0.031250, -0.015492
0.046742, 0.031250, -0.015492
0.046730, 0.031250, -0.015480
0.046730, 0.031250, -0.015480
0.046730, 0.031250, -0.015480
0.046731, 0.031250, -0.015481
0.046732, 0.031250, -0.015482
0.046733, 0.031250, -0.015483
0.046734, 0.031250, -0.015484
0.046735, 0.031250, -0.015485
0.046733, 0.031250, -0.015483
0.046733, 0.031250, -0.015483
0.046733, 0.031250, -0.015483
0.046732, 0.031250, -0.015482
0.046732, 0.031250, -0.015482
0.046732, 0.031250, -0.015482
0.046731, 0.031250, -0.015481
0.046731, 0.031250, -0.015481
0.046733, 0.031250, -0.015483
0.046733, 0.031250, -0.015483
0.046733, 0.031250, -0.015483
0.046733, 0.031250, -0.015483
0.046733, 0.031250, -0.015483
0.046732, 0.031250, -0.015482
0.046732, 0.031250, -0.015482
0.046732, 0.031250, -0.015482
0.046734, 0.031250, -0.015484
0.046733, 0.031250, -0.015483
0.046733, 0.031250, -0.015483
0.046733, 0.031250, -0.015483
0.046733, 0.031250, -0.015483
0.046733, 0.031250, -0.015483
0.046733, 0.031250, -0.015483
0.046733, 0.031250, -0.015483
0.046734, 0.031250, -0.015484
0.046734, 0.031250, -0.015484
0.046734, 0.031250, -0.015484
0.046734, 0.031250, -0.015484
0.046734, 0.031250, -0.015484
0.046734, 0.031250, -0.015484
0.046734, 0.031250, -0.015484
0.046734, 0.031250, -0.015484
0.046739, 0.031250, -0.015489
0.046739, 0.031250, -0.015489
0.046739, 0.031250, -0.015489
0.046739, 0.031250, -0.015489
0.046739, 0.031250, -0.015489
0.046739, 0.031250, -0.015489
0.046739, 0.031250, -0.015489
0.046739, 0.031250, -0.015489
0.046739, 0.031250, -0.015489
0.046739, 0.031250, -0.015489
0.046739, 0.031250, -0.015489
0.046739, 0.031250, -0.015489
0.046739, 0.031250, -0.015489
0.046739, 0.031250, -0.015489
0.046739, 0.031250, -0.015489
0.046739, 0.031250, -0.015489
0.046739, 0.031250, -0.015489
0.046739, 0.031250, -0.015489
0.046739, 0.031250, -0.015489
0.046739, 0.031250, -0.015489
0.046739, 0.031250, -0.015489
0.046739, 0.031250, -0.015489
0.046739, 0.031250, -0.015489
0.046739, 0.031250, -0.015489
0.046739, 0.031250, -0.015489
0.046739, 0.031250, -0.015489
0.046739, 0.031250, -0.015489
0.046739, 0.031250, -0.015489
0.046739, 0.031250, -0.015489
0.046739, 0.031250, -0.015489
0.046739, 0.031250, -0.015489
0.046739, 0.031250, -0.015489
0.046739, 0.031250, -0.015489
0.046739, 0.031250, -0.015489
0.046739, 0.031250, -0.015489
0.046739, 0.031250, -0.015489
0.046739, 0.031250, -0.015489
0.046739, 0.031250, -0.015489
0.046739, 0.031250, -0.015489
0.046739, 0.031250, -0.015489
0.046739, 0.031250, -0.015489
0.046739, 0.031250, -0.015489
0.046739, 0.031250, -0.015489
0.046739, 0.031250, -0.015489
0.046739, 0.031250, -0.015489
0.046739, 0.031250, -0.015489
0.046739, 0.031250, -0.015489
0.046739, 0.031250, -0.015489
0.046739, 0.031250, -0.015489
0.046739, 0.031250, -0.015489
0.046739, 0.031250, -0.015489
0.046739, 0.031250, -0.015489
0.046739, 0.031250, -0.015489
0.046739, 0.031250, -0.015489
0.046739, 0.031250, -0.015489
0.046739, 0.031250, -0.015489
0.046739, 0.031250, -0.015489
0.046739, 0.031250, -0.015489
0.046739, 0.031250, -0.015489
0.046739, 0.031250, -0.015489
0.046739, 0.031250, -0.015489
0.046739, 0.031250, -0.015489
0.046739, 0.031250, -0.015489
0.046739, 0.031250, -0.015489
0.046739, 0.031250, -0.015489
0.046739, 0.031250, -0.015489
0.046739, 0.031250, -0.015489
0.046739, 0.031250, -0.015489
0.046739, 0.031250, -0.015489
0.046739, 0.031250, -0.015489
0.046739, 0.031250, -0.015489
0.046739, 0.031250, -0.015489
0.046739, 0.031250, -0.015489
0.046739, 0.031250, -0.015489
0.046739, 0.031250, -0.015489
0.046739, 0.031250, -0.015489
0.046739, 0.031250, -0.015489
0.046739, 0.031250, -0.015489
0.046739, 0.031250, -0.015489
0.046739, 0.031250, -0.015489
0.046733, 0.031250, -0.015483
0.046732, 0.031250, -0.015482
0.046731, 0.031250, -0.015481
0.046731, 0.031250, -0.015481
0.046730, 0.031250, -0.015480
0.046730, 0.031250, -0.015480
0.046729, 0.031250, -0.015479
0.046730, 0.031250, -0.015480
0.046733, 0.031250, -0.015483
0.046732, 0.031250, -0.015482
0.046731, 0.031250, -0.015481
0.046731, 0.031250, -0.015481
0.046730, 0.031250, -0.015480
0.046730, 0.031250, -0.015480
0.046730, 0.031250, -0.015480
0.046730, 0.031250, -0.015480
0.046734, 0.031250, -0.015484
0.046733, 0.031250, -0.015483
0.046732, 0.031250, -0.015482
0.046731, 0.031250, -0.015481
0.046730, 0.031250, -0.015480
0.046730, 0.031250, -0.015480
0.046730, 0.031250, -0.015480
0.046730, 0.031250, -0.015480
0.046734, 0.031250, -0.015484
0.046734, 0.031250, -0.015484
0.046732, 0.031250, -0.015482
0.046732, 0.031250, -0.015482
0.046732, 0.031250, -0.015482
0.046731, 0.031250, -0.015481
0.046731, 0.031250, -0.015481
0.046730, 0.031250, -0.015480
0.046735, 0.031250, -0.015485
0.046734, 0.031250, -0.015484
0.046733, 0.031250, -0.015483
0.046732, 0.031250, -0.015482
0.046731, 0.031250, -0.015481
0.046730, 0.031250, -0.015480
0.046730, 0.031250, -0.015480
0.046730, 0.031250, -0.015480
0.046734, 0.031250, -0.015484
0.046734, 0.031250, -0.015484
0.046735, 0.031250, -0.015485
0.046735, 0.031250, -0.015485
0.046736, 0.031250, -0.015486
0.046736, 0.031250, -0.015486
0.046736, 0.031250, -0.015486
0.046737, 0.031250, -0.015487
0.046730, 0.031250, -0.015480
0.046730, 0.031250, -0.015480
0.046731, 0.031250, -0.015481
0.046732, 0.031250, -0.015482
0.046732, 0.031250, -0.015482
0.046733, 0.031250, -0.015483
0.046733, 0.031250, -0.015483
0.046734, 0.031250, -0.015484
0.046730, 0.031250, -0.015480
0.046731, 0.031250, -0.015481
0.046731, 0.031250, -0.015481
0.046732, 0.031250, -0.015482
0.046733, 0.031250, -0.015483
0.046733, 0.031250, -0.015483
0.046733, 0.031250, -0.015483
0.046734, 0.031250, -0.015484
0.046730, 0.031250, -0.015480
0.046731, 0.031250, -0.015481
0.046731, 0.031250, -0.015481
0.046732, 0.031250, -0.015482
0.046732, 0.031250, -0.015482
0.046733, 0.031250, -0.015483
0.046733, 0.031250, -0.015483
0.046734, 0.031250, -0.015484
0.046730, 0.031250, -0.015480
0.046731, 0.031250, -0.015481
0.046731, 0.031250, -0.015481
0.046732, 0.031250, -0.015482
0.046732, 0.031250, -0.015482
0.046733, 0.031250, -0.015483
0.046733, 0.031250, -0.015483
0.046734, 0.031250, -0.015484
0.046719, 0.031250, -0.015469
0.046723, 0.031250, -0.015473
0.046726, 0.031250, -0.015476
0.046729, 0.031250, -0.015479
0.046731, 0.031250, -0.015481
0.046732, 0.031250, -0.015482
0.046733, 0.031250, -0.015483
0.046734, 0.031250, -0.015484
0.046720, 0.031250, -0.015470
0.046725, 0.031250, -0.015475
0.046728, 0.031250, -0.015478
0.046730, 0.031250, -0.015480
0.046732, 0.031250, -0.015482
0.046733, 0.031250, -0.015483
0.046734, 0.031250, -0.015484
0.046735, 0.031250, -0.015485
0.046722, 0.031250, -0.015472
0.046726, 0.031250, -0.015476
0.046729, 0.031250, -0.015479
0.046732, 0.031250, -0.015482
0.046733, 0.031250, -0.015483
0.046735, 0.031250, -0.015485
0.046735, 0.031250, -0.015485
0.046736, 0.031250, -0.015486
0.046724, 0.031250, -0.015474
0.046728, 0.031250, -0.015478
0.046731, 0.031250, -0.015481
0.046733, 0.031250, -0.015483
0.046735, 0.031250, -0.015485
0.046736, 0.031250, -0.015486
0.046736, 0.031250, -0.015486
0.046737, 0.031250, -0.015487
0.046726, 0.031250, -0.015476
0.046731, 0.031250, -0.015481
0.046733, 0.031250, -0.015483
0.046735, 0.031250, -0.015485
0.046736, 0.031250, -0.015486
0.046737, 0.031250, -0.015487
0.046737, 0.031250, -0.015487
0.046737, 0.031250, -0.015487
0.046739, 0.031250, -0.015489
0.046739, 0.031250, -0.015489
0.046739, 0.031250, -0.015489
0.046739, 0.031250, -0.015489
0.046739, 0.031250, -0.015489
0.046739, 0.031250, -0.015489
0.046739, 0.031250, -0.015489
0.046739, 0.031250, -0.015489
0.046739, 0.031250, -0.015489
0.046739, 0.031250, -0.015489
0.046739, 0.031250, -0.015489
0.046739, 0.031250, -0.015489
0.046739, 0.031250, -0.015489
0.046739, 0.031250, -0.015489
0.046739, 0.031250, -0.015489
0.046739, 0.031250, -0.015489
0.046739, 0.031250, -0.015489
0.046739, 0.031250, -0.015489
0.046739, 0.031250, -0.015489
0.046739, 0.031250, -0.015489
0.046739, 0.031250, -0.015489
0.046739, 0.031250, -0.015489
0.046739, 0.031250, -0.015489
0.046739, 0.031250, -0.015489
0.046739, 0.031250, -0.015489
0.046739, 0.031250, -0.015489
0.046739, 0.031250, -0.015489
0.046739, 0.031250, -0.015489
0.046739, 0.031250, -0.015489
0.046739, 0.031250, -0.015489
0.046739, 0.031250, -0.015489
0.046739, 0.031250, -0.015489
0.046739, 0.031250, -0.015489
0.046739, 0.031250, -0.015489
0.046739, 0.031250, -0.015489
0.046739, 0.031250, -0.015489
0.046739, 0.031250, -0.015489
0.046739, 0.031250, -0.015489
0.046739, 0.031250, -0.015489
0.046739, 0.031250, -0.015489
0.046789, 0.031250, -0.015539
0.046789, 0.031250, -0.015539
0.046788, 0.031250, -0.015538
0.046787, 0.031250, -0.015537
0.046787, 0.031250, -0.015537
0.046786, 0.031250, -0.015536
0.046785, 0.031250, -0.015535
0.046785, 0.031250, -0.015535
0.046791, 0.031250, -0.015541
0.046791, 0.031250, -0.015541
0.046790, 0.031250, -0.015540
0.046790, 0.031250, -0.015540
0.046789, 0.031250, -0.015539
0.046789, 0.031250, -0.015539
0.046788, 0.031250, -0.015538
0.046787, 0.031250, -0.015537
0.046793, 0.031250, -0.015543
0.046792, 0.031250, -0.015542
0.046792, 0.031250, -0.015542
0.046791, 0.031250, -0.015541
0.046790, 0.031250, -0.015540
0.046790, 0.031250, -0.015540
0.046789, 0.031250, -0.015539
0.046788, 0.031250, -0.015538
0.046794, 0.031250, -0.015544
0.046794, 0.031250, -0.015544
0.046793, 0.031250, -0.015543
0.046792, 0.031250, -0.015542
0.046792, 0.031250, -0.015542
0.046791, 0.031250, -0.015541
0.046791, 0.031250, -0.015541
0.046790, 0.031250, -0.015540
0.046797, 0.031250, -0.015547
0.046797, 0.031250, -0.015547
0.046796, 0.031250, -0.015546
0.046795, 0.031250, -0.015545
0.046795, 0.031250, -0.015545
0.046794, 0.031250, -0.015544
0.046793, 0.031250, -0.015543
0.046793, 0.031250, -0.015543
0.046752, 0.031250, -0.015502
0.046750, 0.031250, -0.015500
0.046748, 0.031250, -0.015498
0.046746, 0.031250, -0.015496
0.046743, 0.031250, -0.015493
0.046741, 0.031250, -0.015491
0.046739, 0.031250, -0.015489
0.046738, 0.031250, -0.015488
0.046757, 0.031250, -0.015507
0.046755, 0.031250, -0.015505
0.046752, 0.031250, -0.015502
0.046750, 0.031250, -0.015500
0.046747, 0.031250, -0.015497
0.046744, 0.031250, -0.015494
0.046741, 0.031250, -0.015491
0.046739, 0.031250, -0.015489
0.046765, 0.031250, -0.015515
0.046762, 0.031250, -0.015512
0.046759, 0.031250, -0.015509
0.046755, 0.031250, -0.015505
0.046751, 0.031250, -0.015501
0.046747, 0.031250, -0.015497
0.046743, 0.031250, -0.015493
0.046739, 0.031250, -0.015489
0.046774, 0.031250, -0.015524
0.046771, 0.031250, -0.015521
0.046767, 0.031250, -0.015517
0.046762, 0.031250, -0.015512
0.046757, 0.031250, -0.015507
0.046750, 0.031250, -0.015500
0.046744, 0.031250, -0.015494
0.046738, 0.031250, -0.015488
0.046783, 0.031250, -0.015533
0.046781, 0.031250, -0.015531
0.046777, 0.031250, -0.015527
0.046771, 0.031250, -0.015521
0.046763, 0.031250, -0.015513
0.046754, 0.031250, -0.015504
0.046743, 0.031250, -0.015493
0.046734, 0.031250, -0.015484
0.046739, 0.031250, -0.015489
0.046739, 0.031250, -0.015489
0.046739, 0.031250, -0.015489
0.046739, 0.031250, -0.015489
0.046739, 0.031250, -0.015489
0.046739, 0.031250, -0.015489
0.046739, 0.031250, -0.015489
0.046739, 0.031250, -0.015489
0.046739, 0.031250, -0.015489
0.046739, 0.031250, -0.015489
0.046739, 0.031250, -0.015489
0.046739, 0.031250, -0.015489
0.046740, 0.031250, -0.015490
0.046740, 0.031250, -0.015490
0.046740, 0.031250, -0.015490
0.046740, 0.031250, -0.015490
0.046739, 0.031250, -0.015489
0.046739, 0.031250, -0.015489
0.046739, 0.031250, -0.015489
0.046739, 0.031250, -0.015489
0.046740, 0.031250, -0.015490
0.046740, 0.031250, -0.015490
0.046740, 0.031250, -0.015490
0.046740, 0.031250, -0.015490
0.046739, 0.031250, -0.015489
0.046739, 0.031250, -0.015489
0.046739, 0.031250, -0.015489
0.046739, 0.031250, -0.015489
0.046739, 0.031250, -0.015489
0.046740, 0.031250, -0.015490
0.046740, 0.031250, -0.015490
0.046739, 0.031250, -0.015489
0.046739, 0.031250, -0.015489
0.046739, 0.031250, -0.015489
0.046739, 0.031250, -0.015489
0.046739, 0.031250, -0.015489
0.046739, 0.031250, -0.015489
0.046740, 0.031250, -0.015490
0.046740, 0.031250, -0.015490
0.046740, 0.031250, -0.015490
0.046739, 0.031250, -0.015489
0.046739, 0.031250, -0.015489
0.046739, 0.031250, -0.015489
0.046739, 0.031250, -0.015489
0.046739, 0.031250, -0.015489
0.046739, 0.031250, -0.015489
0.046739, 0.031250, -0.015489
0.046739, 0.031250, -0.015489
0.046739, 0.031250, -0.015489
0.046739, 0.031250, -0.015489
0.046739, 0.031250, -0.015489
0.046739, 0.031250, -0.015489
0.046739, 0.031250, -0.015489
0.046739, 0.031250, -0.015489
0.046739, 0.031250, -0.015489
0.046739, 0.031250, -0.015489
0.046739, 0.031250, -0.015489
0.046739, 0.031250, -0.015489
0.046739, 0.031250, -0.015489
0.046739, 0.031250, -0.015489
totaldiff=11.7764867842, sz=760, average absolute error value:0.0154953773
totaldiff=251.9283120925, sz=760, average relative error rate:0.3314846212
