cfgFile=sz.config
[SZ] Reading SZ configuration file (sz.config) ...
point count: 5560
datalength=5560
pwrLength=174
pwrErrBoundBytes_size=348
intvCapacity=20000
intvRadius=10000
datalength=5560
----------factors
7107
10000
11988
8012
10000
11377
8622
10001
11030
8969
10001
10771
9229
10000
10610
9390
9999
10511
9489
10001
10437
9562
10001
10368
9632
10000
10356
9644
10000
10303
9755
10001
10250
9750
9999
10238
9763
9999
13587
6413
10254
9747
9999
10260
9741
9999
10259
9741
10001
10239
9761
9999
10239
9762
9999
10241
9759
10001
10237
9763
9999
10217
9803
9999
10191
9810
10000
10198
9801
10001
10193
9807
10000
10169
9831
10000
10148
9852
12578
7421
10001
10389
9611
10000
10408
9591
10001
10410
9590
9999
10399
9602
9999
10373
9628
10000
10332
9668
9999
10284
9717
10000
10224
9776
9999
10164
9837
10000
10099
9901
10000
10038
9962
9999
9983
10018
9999
9933
3743
16523
9802
10000
10193
9806
10001
10170
9829
10001
10149
9851
9999
10178
9823
10000
10157
9843
9999
10137
9864
9999
10155
9846
10000
10112
9888
9999
10158
9842
10001
10094
9906
9999
10113
9888
9999
10101
9900
9999
13905
6095
10092
9909
9999
10038
9962
10001
9985
10015
10000
9940
10060
10000
9902
10098
9999
9873
10127
10001
9848
10151
10001
9831
10168
10001
9820
10179
10001
9814
10186
9999
9664
10337
10000
9667
10333
10000
9676
10324
10000
9282
10718
10000
9333
10667
10000
9379
10620
10002
9421
10578
10000
9459
10541
10000
9506
10494
10000
9555
10445
10000
9739
10261
10000
10090
9910
10000
11290
8710
10000
14111
5890
9998
14470
5532
9998
13439
8931
7631
10000
11639
8361
10000
11227
8773
10000
10922
9078
10000
10732
9268
10000
10608
9468
10000
10457
9543
10000
10385
9615
10000
10372
9627
10002
10316
9683
10000
10326
9673
10002
10306
9693
10000
10318
9682
10000
10313
10864
10000
9199
10801
10000
9257
10811
9999
9248
10753
10000
9300
10700
9999
9350
10651
9999
9395
10605
10001
9435
10565
9999
9472
10529
9999
9517
10484
9999
9555
10446
10000
9691
10309
9999
9905
10096
9999
10785
9216
9999
13020
6981
9999
13611
6390
9999
12983
7017
10001
12117
7882
10001
11486
8513
10001
11116
8884
9999
10843
9157
10001
10670
9330
9999
10557
9443
10001
10478
9521
10001
10308
9691
10001
10297
9702
10001
10254
13150
6870
9725
10000
10275
9725
10001
10264
9735
10001
10264
9735
10001
10266
9733
10001
10261
9738
10001
10250
9750
9999
10250
9750
10001
10217
9782
10001
10211
9788
10000
10202
9798
10000
10197
9803
10001
10195
9804
10000
13954
6045
10050
9952
9998
10067
9934
10001
10070
9929
10001
10071
9927
10003
10069
9928
10002
10066
9933
10000
10116
9885
9999
10191
9811
9996
10252
9751
9998
10273
9727
10002
10256
9741
10004
10289
9709
10000
10450
9551
9999
10638
9363
9998
10718
9284
9998
10788
9169
10001
11008
8991
10001
11187
8812
10001
10839
9160
10001
10310
9690
9999
9859
10142
9999
9496
10504
10001
8925
11074
10001
7651
12348
10001
7170
12830
9999
7773
12228
9999
7399
12602
9999
7709
12292
9999
7960
12041
10000
8168
11832
9999
8347
11654
9999
8500
11501
10000
8631
11369
10000
8748
11252
9999
8853
11147
10001
8945
11054
10001
9027
10973
10000
8946
11054
10000
9025
10975
9999
9099
4999
18603
7300
9999
13203
6798
9999
12797
7204
9999
12051
7950
9999
11462
8538
10001
11106
8893
10001
10839
9160
10001
10670
9330
10000
10440
9559
10001
10380
9620
9999
10321
9680
10000
10307
9693
10000
10264
9735
10001
6217
13783
10872
9128
10000
10663
9337
10000
10531
9469
10000
10439
9561
10000
10380
9619
10001
10309
9691
9999
10299
9701
10001
10255
9745
9999
10263
9738
10000
10247
9752
10001
10254
9745
10001
10252
9747
10001
10255
9745
19798
654
9548
9999
10446
9554
10001
10424
9665
10000
10309
9691
10000
10275
9725
10000
10233
9767
10000
10188
9812
10000
10142
9858
10000
10095
9905
10000
10051
9949
10000
10009
9991
10000
9974
10026
10000
9942
10058
10000
8920
11346
9733
10002
10250
9747
10004
10281
9717
10000
10441
9560
9998
10629
9372
10000
10702
9298
10000
10766
9233
10002
10928
9071
10000
11109
8891
10000
10789
9211
10000
10304
9497
10001
9805
10195
9999
9251
10749
10001
10428
10000
9700
10300
10000
9854
10146
10000
10674
9326
10000
12592
7409
9998
12917
7084
10000
12622
7378
10000
11983
8017
10000
11179
8820
10001
10899
9101
10000
10686
9313
10001
10550
9450
10000
10455
9545
10000
10000
10132
9868
10000
10283
9717
9999
10258
9743
10000
10291
9709
10000
10386
9700
9999
10325
9676
10000
10354
9645
10001
10371
9629
9999
10377
9624
10000
10370
9630
9999
10355
9646
10000
10326
9674
9999
10292
11292
8416
10734
9267
10000
10797
9202
10002
10967
9031
10001
11162
8837
10001
10829
9171
9999
10325
9675
10001
9882
10118
10000
9531
10469
9999
8984
11017
10000
7753
12246
10001
7285
12715
10000
7834
12165
10001
8084
11915
6176
13825
10000
10250
9749
10001
10250
9750
9999
10251
9750
9999
10245
9756
10000
10237
9763
10000
10235
9765
10000
10231
9769
9999
10225
9776
9999
10217
9784
10000
10212
9788
9999
10196
9804
10001
10184
9816
10000
10176
9649
10000
9897
10103
10000
9540
10460
9999
8980
11021
9999
7720
12281
10000
7258
12742
10000
7825
12175
10000
8048
11952
10000
8084
11916
10000
8278
11722
10000
8444
11556
10000
8589
11411
10000
8714
11286
10000
11070
8930
10000
10255
9745
10000
10259
9741
10000
10262
9738
10000
10264
9736
10000
10262
9746
10000
10256
9744
10001
10256
9743
10000
10256
9744
10000
10251
9749
10000
10251
9749
10000
10250
9750
10000
10245
9755
10000
10239
16276
3390
10095
10000
9911
10090
9999
9918
10069
10000
9936
10064
10000
9941
10059
10000
9945
10055
10001
9948
10051
10000
9953
10047
10001
9955
10044
10001
9958
10042
9999
9962
10039
9999
9965
10035
10000
9968
10032
10000
10712
9269
10019
10000
9997
10004
9998
10014
9988
9999
10030
9971
9998
10048
9954
9999
10053
9947
10000
10055
9944
10002
10050
9948
10003
10052
9946
10001
10102
9898
9998
10179
9777
9995
10298
9706
9997
10324
9676
10003
10296
9703
10001
10255
9745
10000
10261
9739
10000
10247
9753
9999
10255
9746
10000
10252
9748
10000
10255
9745
10000
10259
9757
10000
10246
9754
10000
10247
9753
10000
10251
9749
10000
10254
9746
10000
10256
9744
10000
853
19147
10000
8098
11902
10000
9473
10527
10000
9680
10320
10000
9831
10216
10001
9867
10133
9999
9913
10087
10001
9941
10059
9999
9967
10034
9999
9992
10009
9999
10017
9984
9999
10043
9958
9999
10069
10000
9528
10472
10000
9568
10432
10000
9587
10413
10000
9722
10278
10000
9885
10115
10000
10728
9273
9998
12676
7326
9998
12413
7588
10000
11409
8591
10000
11199
8801
10000
11063
8937
10000
10912
9088
10000
10740
10158
9842
10000
10115
9885
10000
10074
9926
10000
10037
9963
10000
10003
9997
10000
9976
10024
10000
9952
10048
10000
9935
10065
10000
9921
10079
10000
9911
10089
10000
9887
10113
10000
9883
10117
10000
9881
10119
1591
18409
10000
10250
9750
10000
10244
9756
10000
10240
9760
10000
10236
9764
10000
10232
9768
10000
10224
9776
10000
10218
9782
10000
10202
9798
10000
10194
9806
10000
10184
9816
10000
10179
9821
10000
10173
9827
10000
10166
10000
9564
10436
10000
9015
10985
10000
7793
12207
10000
7384
12616
10000
7970
12226
10000
8003
11997
10001
8207
11792
10001
8379
11620
10000
8526
11475
9999
8652
11348
10001
8762
11237
10000
8862
11138
10001
8949
10000
9928
10072
10000
9932
10068
10000
9949
10051
10000
9951
10049
10000
9955
10045
10000
9958
10042
10000
9961
10039
10000
9963
10037
10000
9965
10035
10000
9968
10032
10000
9969
10031
10000
9971
10029
10000
9972
10728
9272
10000
12680
7320
10000
12794
7206
10000
11178
8822
10000
10578
9422
10000
10515
9485
10000
10589
9411
10000
10580
9420
10000
10531
9469
10000
10464
9535
10002
10416
9582
10002
10355
9644
10000
10348
9651
2442
16944
10615
10000
9426
10574
10000
9463
10537
10000
9500
10500
10000
9528
10472
10000
9568
10432
10000
9602
10398
10000
9729
10271
10000
9897
10103
10000
10730
9270
10000
12692
7309
9998
12923
7078
10000
11260
8740
10000
15368
4632
10307
9692
10002
10309
9690
10000
10315
9684
10002
10315
9684
10000
10322
9678
10000
10254
9746
10000
10255
9745
10000
10255
9745
10000
10257
9743
10000
10257
9743
10000
10256
9744
10000
10252
9748
10000
10251
9749
16742
3181
10077
10000
9889
10111
10000
9837
10179
10001
9716
10283
10001
9447
10552
10001
9081
10919
10000
10000
10000
6167
13833
10000
8002
11998
10000
9140
10860
10000
9467
10532
10002
9712
10287
10000
9863
10137
10000
9909
10091
10000
9936
10064
10000
9958
10042
10000
9978
10023
9998
9998
10004
9998
10018
9983
10000
10034
9966
10000
10042
9957
10002
10042
9956
10002
10039
9959
10002
10048
9951
10000
10103
9898
9998
10188
2667
17146
10212
9788
10000
10206
9794
10000
10202
9798
10001
10193
9806
10000
10185
9815
10001
10178
9821
10000
10174
9826
10001
10165
9823
10001
10166
9834
10000
10162
9838
9999
10157
9843
10001
10139
9860
10001
10157
9843
13564
6436
8131
11868
10001
8330
11670
10000
8491
11509
10000
8627
11373
10000
8745
11254
10001
8729
11271
10000
8829
11171
10000
8919
11081
10000
8999
11001
10000
9073
10927
10000
9140
10859
10001
9201
10798
10001
9256
10744
9821
10000
10171
9829
10000
10153
9877
9999
10141
9859
10001
10099
9901
10000
10108
9892
9999
10099
9901
10001
10214
9786
9999
10207
9793
10001
10226
9774
10000
10295
9705
9999
10322
9678
10001
10352
9648
10000
11255
8745
9883
10117
9999
9826
10175
9999
9730
10270
10001
9477
10523
9999
9171
10830
9999
10000
10000
8001
11999
10000
8347
11653
10000
9124
10876
10000
9517
10483
10000
9729
10271
10000
9834
10166
10000
9888
10112
10000
9922
10078
10000
9946
10054
10000
9969
10032
9998
9991
10010
10000
10010
9990
10000
10028
9973
9998
10038
9962
10002
10048
9950
10003
10043
9954
10003
10047
9951
10001
10110
9891
9997
10207
9797
9994
10260
9740
10000
10249
9751
10000
10261
9739
10000
10233
9767
10000
10246
9754
10000
10254
9746
10000
10263
9737
10000
10265
9735
10000
10269
9731
10000
10274
9726
10000
10278
9721
10001
10282
9717
10001
10285
9715
3563
16437
9348
10651
10001
9391
10609
9999
9389
10611
10001
9428
10571
10001
9465
10535
9999
9500
10500
10001
9531
10469
9999
9559
10442
10000
9592
10408
10000
9624
10375
10001
9738
10262
10000
9888
10112
10000
10677
9323
9999
12600
7401
9999
13155
6846
9999
12080
7921
10000
10665
9334
10002
10035
9963
10002
9779
10219
10001
9797
10203
10000
9995
10004
10001
10151
9848
10001
10242
9757
10001
10256
9785
10000
10238
9762
10001
10216
9782
10002
10108
9892
10000
10062
9938
10000
10024
9975
10001
9990
10010
10000
9963
10037
10000
9942
10057
10001
9926
10074
10000
9915
10088
10000
9905
10095
10000
9901
10099
10000
9900
10100
10000
9902
10098
9999
9906
10095
9801
10198
10001
9713
10286
10001
9847
10152
10001
10012
9987
10001
10135
9864
10001
10179
9820
10001
10221
9778
10001
10208
9792
10000
10231
9768
10001
10226
9774
10000
10238
9762
10000
10241
9759
10000
10247
9753
9305
10695
10000
9523
10477
10000
9751
10249
10000
9833
10167
10000
9885
10115
10000
9920
10080
10000
9948
10053
9998
9974
10028
9998
9997
10004
10000
10017
9983
10000
10025
9975
10000
10029
9970
10002
10025
9973
7915
11918
10168
10000
9743
10257
10000
9505
10496
9999
9269
10731
10000
426
19574
10001
10000
9864
10136
10000
9268
10732
10000
9323
10677
10000
9336
10664
10000
9517
10375
9999
9745
10255
10000
9827
10174
9999
9880
10120
10001
9916
10083
10000
9946
10055
9999
9970
10031
9999
9993
10007
10000
10014
9986
10000
10022
9978
10001
10024
9974
10003
10028
9968
10003
10034
9964
10001
10096
9905
9998
10189
9815
9994
10255
9750
9996
10277
10240
10000
9920
10079
10002
9990
10009
10000
10081
9919
10000
10118
9882
10000
10160
9840
10000
10184
9816
10000
10203
9797
10000
10218
9782
10000
10229
9771
10000
10238
9762
10000
10244
9756
10000
10250
9750
10000
13497
6503
10221
9779
10000
10214
9786
10000
10186
9814
10000
10181
9819
10000
10174
9826
10000
10167
9833
10000
10158
9842
10000
10153
9847
10000
10147
9853
10000
10132
9868
10000
10149
9851
10000
10102
9898
10000
10110
9890
17177
2823
10000
10601
9398
10002
10685
9314
10000
10823
9177
10000
10594
9406
10000
10239
9761
10000
9880
10120
10000
9601
10399
10000
9138
10862
10000
8171
11829
10000
7866
12134
10000
8098
11902
10000
8305
11695
10000
8497
9863
11640
10000
10166
9834
10000
10159
9841
10000
10153
9847
10000
10147
9853
10000
10131
9870
9998
10150
9852
9998
10103
9898
10000
10123
9878
9998
10107
9894
10000
10251
9749
10000
10258
9742
10000
10275
9725
10000
10354
7347
10000
11563
8437
10000
10916
9083
10001
10586
9414
10000
10312
9687
10001
10131
9868
10001
9956
10044
10000
9839
10160
10002
9723
10276
10000
9704
10296
10000
9659
10341
10000
9705
10294
10001
9732
10268
10000
9808
10192
10000
9884
10115
10001
9959
10041
10000
10023
9977
10000
10076
9924
10000
10119
9881
10000
10151
9849
9999
10177
9824
10000
10195
9805
10000
10208
9792
10000
10219
9780
10001
10227
9773
9999
10233
9768
10000
10234
14696
5095
10001
10357
9643
10000
10377
9623
9999
10390
9610
10001
10388
9612
10000
10376
9624
10000
10355
9645
10000
10324
9676
9999
10288
9713
9999
10245
9756
10000
10200
9799
10001
10155
9844
10001
10112
9888
10000
10072
4597
15331
10141
9859
10000
10094
9906
9999
10099
9902
10000
10078
9922
10000
10204
9796
10000
10221
9779
10000
10231
9769
10000
10295
9705
10000
10323
9677
10000
10358
9642
9999
10380
9621
9999
10392
9608
10001
10390
9610
12261
7738
10001
10015
9985
10000
9989
10011
10000
9970
10030
10000
9956
10044
9999
9947
10062
10001
9928
10072
9999
9926
10074
10001
9923
10077
9999
9925
10076
9999
9928
10073
9999
9932
10068
10001
9935
10064
10001
9940
9150
10850
10000
9214
10786
10000
9195
10805
10000
9254
10746
10000
9308
10691
10002
9354
10645
10000
9401
10599
10000
9442
10558
10000
9479
10521
10000
9515
10485
10000
9547
10453
10000
9576
10424
10000
9604
10396
19260
923
9817
10000
10184
9816
10000
10185
9815
10000
10183
9817
10000
10180
9820
10000
10175
9825
10000
10172
9828
10000
10167
9833
10000
10161
9839
10000
10155
9845
10000
10149
9842
10000
10153
9846
10001
10136
9864
9999
14402
5116
10483
9999
9341
10660
10000
2692
17308
9999
10000
10021
9979
10000
9766
10234
10000
10031
9969
10000
9981
10019
10000
9902
10098
10000
9809
10191
10000
9779
10221
10000
9787
10213
10000
9807
10193
10000
3327
16901
9772
10000
10235
9765
10000
10301
9699
10000
10329
9671
10000
10367
9633
10000
10388
9612
10000
10403
9597
10000
10404
9596
10000
10394
9606
10000
10374
9626
10000
10344
9656
10000
10306
9694
10000
10263
9737
10000
17540
1943
10517
10000
8969
11031
10000
8052
12192
9999
7477
12524
9999
8052
11949
9999
8242
11759
9999
8439
11562
9999
8597
11403
10001
8728
11271
10001
8842
11157
10001
8942
11057
10001
9029
10970
10001
9106
10894
9999
14077
5923
10001
9827
10172
10001
9802
10197
10001
9793
10206
10001
9790
10210
9999
9805
10195
10001
9818
10182
9999
9841
10160
9999
9874
10127
9999
9915
10086
9999
9959
10042
9999
10001
9999
10001
10036
9964
9999
10068
15480
4453
9389
10611
9999
3751
16249
10001
10000
10019
9981
10000
9787
10213
10000
10021
9979
10000
9992
10008
10000
10012
9988
10001
10009
9991
10000
9977
10022
10001
9922
10078
10000
9883
10117
9999
9878
10123
2923
17076
10242
9759
10000
10309
9690
10001
10340
9660
10000
10379
9621
9999
10404
9597
10000
10520
9479
10001
10524
9476
9999
10515
9486
9999
10490
9510
10001
10450
9550
9999
10404
9596
10001
10347
9653
10000
10288
9712
9561
10439
10000
9590
10410
10000
9603
10397
10000
9629
10371
10000
9650
10350
10000
9675
10325
10000
9701
10299
10000
9721
10279
10000
9821
10179
10000
10324
9676
10000
11381
8619
10000
13503
6497
10000
13485
6515
14764
5236
9784
10216
10000
9800
10200
10000
9829
10171
10000
9871
10129
10000
9917
10083
10000
9963
10037
10000
10004
9996
10000
10039
9961
10000
10066
9934
10000
10087
9913
10000
10102
9898
10000
10112
9888
10000
10118
9882
15898
4055
10047
10000
9958
10042
10000
9963
10037
10000
9968
10032
10000
9972
10028
10000
9976
10024
10000
9980
10020
10000
9982
10018
10000
9987
10013
10000
9990
10010
10000
9991
10009
10000
9993
10007
10000
9994
10006
10000
13062
6955
9983
10000
10018
9982
10000
10009
9991
10000
9988
10013
9998
9968
10033
10000
9956
10045
9998
9962
10039
10000
9965
10034
10002
9966
10032
10002
9964
10035
10000
9971
10029
10000
10025
9976
9998
10103
9900
9996
7130
12872
9983
10017
10000
9976
10024
10000
9962
10038
10000
9944
10056
10000
9916
10084
10000
9857
10143
10000
9776
10224
10000
9550
10450
10000
9410
10590
10000
4627
15373
10000
10000
10019
9981
10000
9794
10206
14435
5565
10466
9534
10000
10188
9812
10000
9805
10195
10000
9490
10510
10000
9014
10986
10000
8278
11722
10000
8017
11983
10000
8428
11572
10000
8550
11450
10000
8700
11300
10000
8400
11600
10000
8546
11454
10000
8673
11327
10000
9572
10428
10000
9600
10400
10000
9625
10375
10000
9650
10349
10002
9666
10333
10000
9702
10298
10000
9701
10299
10000
9733
10267
10000
9918
10082
10000
10513
9487
10000
11798
8202
10000
13956
6044
10000
13197
18135
10000
9964
10036
10000
9969
10031
10000
9973
10027
10000
9977
10023
9999
9982
10015
10001
9986
10013
10001
9987
10013
10000
9989
10010
10001
9991
10008
10001
9991
10009
9999
9993
10008
10000
9992
10007
10001
9992
8347
6763
14898
9999
19769
232
9999
10018
9986
10000
9838
10161
10001
10015
9984
10001
9994
10006
10000
10008
9991
10001
10010
9990
10000
10014
9986
9999
10019
9981
10001
10022
9978
10000
10029
9971
9999
10040
9961
9999
10000
9458
10542
10000
9495
10505
10000
9528
10472
10000
9559
10441
10000
9588
10412
10000
9614
10386
10000
9640
10360
10000
9662
10338
10000
9681
10319
10000
9706
10294
10000
9717
10283
10000
9699
10301
10000
9775
9913
10001
10065
9934
10001
10030
9969
10001
9976
10023
10000
9900
10100
10000
9803
10197
10000
9694
10306
10000
9589
10411
10000
9622
10378
10000
9595
10405
10000
9590
10411
9999
9611
10390
9999
9647
10353
10000
15779
4166
10055
10000
9928
10073
9999
9917
10083
10000
9909
10091
10001
9902
10097
10000
9906
10094
10000
9906
10094
10001
9907
10092
10000
9912
10088
10001
9916
10083
10000
9923
10077
10000
9928
10072
10001
9933
10066
10000
7857
12143
10000
10044
9956
10000
10052
9948
10000
10060
9940
10000
10065
9935
10000
10070
9930
10000
10072
9928
10000
10073
9928
9999
10072
9928
10001
10068
9932
9999
10064
9936
10001
10054
9945
10000
10038
9963
9999
10010
6234
13782
9974
10000
10230
9770
9999
10280
9721
9999
10349
9652
10000
10461
9538
10001
10493
9507
10000
10529
9471
10000
10547
9452
10001
10552
9448
9999
10543
9458
10000
10517
9510
10000
10455
9545
10000
10409
9591
9999
10767
9234
9894
10106
10000
9894
10106
10000
9897
10103
10000
9901
10099
10000
9907
10093
10000
9913
10087
10000
9919
10081
10000
9926
10070
10000
9936
10064
10000
9942
10058
10000
9948
10052
10000
9952
10049
9999
9957
10043
12172
7893
9935
10000
10067
9932
10002
10064
9935
10001
10059
9940
10001
10061
9938
10000
10107
9893
10000
10173
9829
9997
10220
9782
9998
10239
9761
10002
10227
9771
10002
10250
9748
10002
10380
9620
9999
10536
9465
9999
5143
14828
10030
9999
9963
10037
10000
9948
10058
10000
9917
10083
10000
9862
10138
10000
9791
10209
10000
9584
10416
10000
9498
10502
10000
6411
13589
10000
17681
2319
10000
10015
9985
10000
9822
10178
10000
10015
9985
10000
5847
13632
10522
9998
9465
10536
10000
9382
10618
10000
9617
10383
10000
9928
10072
10000
10258
9742
10000
10310
9690
10000
10397
9603
10000
10514
9486
10000
10530
9470
10000
10553
9476
10000
10527
9474
9999
10522
9478
10000
12746
7498
9756
10000
10186
9814
10000
10129
9871
10000
10074
9926
10001
10024
9975
10001
9982
10017
10000
9946
10054
10000
9916
10084
10001
9896
10103
10000
9880
10120
10000
9868
10132
10000
9859
10141
10001
9853
10146
10001
8198
11793
10009
9999
9962
10039
9999
9915
10086
9999
9847
10153
10000
9752
10248
10000
9615
10385
10000
9429
10572
9998
9565
10436
10000
9765
10236
9999
10202
9798
10000
10260
9740
10000
10325
9675
10000
10437
9564
9999
13406
6595
9998
10180
9823
9997
10225
9777
9998
10222
9778
10002
10213
9785
10003
10236
9762
10001
10351
9648
10000
10481
9519
10000
10521
9480
9999
10545
9455
10000
10592
9407
10002
10562
9437
10000
10333
9667
10000
10069
4991
15210
9730
10000
10272
9729
9999
10268
9732
10000
10256
9744
10000
10238
9762
10000
10212
9788
10000
10182
9818
10001
10147
9852
10000
10112
9888
10000
10076
9924
10001
10039
9960
10000
10007
9993
10001
9975
10025
9999
9950
10050
10000
9928
10072
10001
9908
10091
10000
9896
10104
10000
9885
10115
10000
9878
10122
10001
9872
10128
9999
9872
10128
10000
9866
10134
10000
9868
10132
10000
9871
10129
10000
9874
10127
9999
9878
10122
10000
9883
8920
11130
10067
10000
9936
10065
9999
9939
10062
9999
9942
10059
9999
9945
10055
10000
9948
10052
10001
9948
10051
10001
9950
10049
10000
9952
10048
10001
9951
10048
10000
9952
10048
10000
9950
10050
10000
9946
10054
10000
9272
10820
9908
10000
10099
9901
10000
10104
9896
10000
10109
9891
10000
10112
9888
10001
10113
9886
10000
10116
9884
10001
10114
9886
9999
10114
9886
10001
10110
9889
10000
10105
9895
10000
10096
9904
10000
10078
9922
10000
10000
9489
10511
10001
9522
10477
10000
9556
10444
10000
9584
10417
9999
9612
10388
10000
9637
10363
10000
9660
10341
9999
9682
10318
10000
9702
10299
9999
9721
10279
10000
9739
10261
10000
9755
10245
10001
9769
9633
10367
10000
9680
10319
10001
9716
10284
10000
9746
10254
10000
9779
10221
10000
9809
10191
10000
9841
10159
10000
9871
10100
10000
9923
10077
10000
9946
10053
10001
9967
10033
10000
9987
10013
9999
10006
9995
10000
10022
9977
10001
10036
9964
10000
10049
9951
10000
10060
9940
10000
10070
9930
10000
10078
9922
10000
10085
9915
10000
10091
9909
10000
10097
9902
10001
10101
9899
10000
10104
9895
10001
10107
9893
10000
10110
9889
10001
9893
10107
9677
10323
10000
10650
9350
10000
10900
9100
10000
10008
9992
10000
9890
10110
10000
10004
9996
10000
9994
10006
10000
10007
9993
10000
10009
9991
10000
10013
9987
10000
10017
9983
10000
10022
9978
10000
10028
9973
8278
11636
10085
10000
9936
10064
10000
9957
10042
10001
9976
10024
10000
9994
10006
10000
10009
9991
10000
10024
9976
10000
10037
9962
10001
10048
9952
10000
10057
9943
10000
10065
9935
10000
10072
9928
10000
10078
9921
10001
13183
6817
9942
10058
10000
9929
10070
10001
9918
10082
10000
9910
10090
10000
9904
10096
10000
9901
10098
10001
9900
10100
10000
9900
10095
10000
9907
10093
10000
9909
10091
10000
9914
10086
10000
9917
10083
10000
9922
10078
9500
10500
10000
10128
9872
10000
10133
9867
10000
10138
9862
10000
10141
9859
10000
10141
9852
10000
10146
9854
10000
10139
9861
10000
10130
9870
10000
10118
9882
10000
10103
9897
10000
10085
9915
10000
10067
9933
10000
10047
7468
12485
9908
10092
10000
9915
10085
10000
9922
10078
10000
9930
10070
10000
9940
10060
10000
9951
10049
10000
9961
10039
10000
9972
10028
10000
9984
10016
10000
9994
10006
10000
10006
9993
10002
10014
9985
10000
10025
9975
13888
6112
10000
9831
10169
10000
9694
10306
10001
9569
10430
10000
9472
10528
10001
9410
10589
10000
9397
10603
10000
9400
10600
10000
9412
10588
10000
9432
10568
10000
9455
10545
10000
9391
10609
10000
9422
10578
10000
9455
5824
14496
10225
10000
9790
10210
10000
9803
10197
10000
9816
10184
10000
9828
10172
10000
9840
10160
10000
9850
10150
10000
9860
10140
10000
9869
10131
10001
9877
10122
10000
9887
10113
10000
9895
10105
10000
9903
10097
10000
11643
8357
9851
10149
10000
9860
10140
10001
9869
10130
10000
9880
10120
10000
9889
10111
10000
9898
10102
10000
9905
10095
10000
9913
10087
10001
9919
10080
10000
9927
10073
10000
9934
10066
10000
9941
10059
10000
9946
10054
10000
9956
10044
10000
9951
10049
10000
9983
10017
10000
9899
10103
9996
10740
9265
9994
17330
2676
9994
10948
9055
10000
10033
9967
10001
10121
9878
10001
10064
9935
10000
10062
9938
10000
10046
9953
10002
10035
9964
10000
10250
9750
10040
9960
10000
10044
9956
10000
10049
9951
10000
10054
9946
10000
10058
9942
10000
10061
9939
10001
10064
9935
10000
10069
9931
10000
10073
9927
10000
10076
9924
10000
10079
9921
10000
10083
9917
10000
10086
9914
11463
8563
9974
10000
10015
9985
10000
10004
9996
10000
9994
10006
10000
9984
10016
10000
9974
10026
10000
9967
10033
10000
9960
10040
10000
9954
10046
10000
9949
10051
10000
9946
10054
10000
9944
10056
10000
9943
10057
10000
7859
12141
10042
9958
10000
10043
9957
10001
10043
9956
10000
10045
9955
10000
10048
9952
10000
10050
9949
10002
10051
9948
10000
10054
9946
10000
10058
9942
10000
10060
9940
10000
10063
9937
10000
10065
9935
10000
10069
9931
11156
8796
10048
10000
9955
10045
10000
9957
10041
10000
9961
10039
10000
9963
10037
10000
9966
10034
10000
9968
10032
10000
9970
10030
10000
9972
10028
10000
9974
10026
10000
9975
10025
10000
9977
10023
10000
9979
10021
10000
10092
9908
9573
10427
10000
9572
10428
10000
9576
10424
10000
9586
10414
10000
9599
10401
10000
9614
10386
10000
9630
10370
10000
9647
10353
10000
9664
10336
10000
9682
10318
10000
9683
10317
10000
9700
10300
10000
9718
10282
10000
9734
10266
10000
9751
10248
10001
9767
10232
10001
9781
10219
10000
9796
10204
10000
9808
10192
10000
9822
10178
10000
9835
10165
10000
9847
10153
10000
9858
10142
10000
9870
10130
10000
9880
10120
10000
9891
10109
10000
18041
1959
10000
9990
10010
10000
9984
10016
10000
9978
10022
10000
9973
10027
10000
9968
10029
10000
9968
10032
10000
9965
10035
10000
9963
10037
10000
9962
10038
10000
9961
10039
10000
9961
10039
10000
9962
10037
10001
9963
8218
11589
10230
10000
9779
10220
10001
9789
10222
10000
9788
10212
10000
9799
10201
10000
9811
10189
10000
9822
10178
9999
9835
10166
10000
9845
10154
10001
9856
10144
10000
9867
10133
10000
9879
10120
10001
9890
10110
9999
9683
10318
10079
9921
10000
10093
9907
10000
10102
9898
10000
10107
9893
10000
10107
9893
10000
10104
9896
10000
10098
9902
10000
10093
9907
10000
10089
9911
10000
10087
9913
10000
10088
9912
10000
10085
9915
9999
10087
9914
10000
10085
9915
10000
10085
9915
9999
10085
9916
10000
10083
9917
10000
10082
9918
10000
10080
9920
10000
10080
9919
10001
10079
9920
10001
10073
9927
10000
10071
9929
10000
10070
9930
10000
10069
9931
10000
10067
9933
10000
11636
8425
9939
10000
10060
9940
10000
10060
9939
10001
10059
9941
9999
10059
9941
10001
10053
9947
10000
10050
9950
10000
10048
9952
10000
10045
9955
9999
10043
9958
10000
10038
9962
10000
10034
9966
10000
10030
9970
10000
9946
10053
9974
10027
10000
9972
10027
10001
9972
10028
9999
9973
10027
10001
9972
10028
9999
9973
10028
10000
9973
10027
9999
9975
10026
9999
9976
10025
10000
9975
10025
10000
9976
10024
10000
9978
10021
10001
9979
10021
10263
9736
10001
9808
10192
10000
9792
10207
10001
9783
10217
10000
9779
10221
10000
9781
10218
10001
9783
10217
10000
9787
10213
10000
9794
10205
10001
9801
10199
9999
9810
10191
10000
9817
10183
10000
9826
10174
10000
9836
12258
7887
10019
10000
9980
10020
10000
9984
10016
10000
9992
10008
10000
10017
9983
10000
10039
9961
10000
10090
9910
10000
10102
9898
9999
10002
9999
9999
9993
10008
9999
10000
10001
10000
10001
9999
10000
10006
9994
10000
8358
11642
10000
10026
9974
10000
10027
9973
10000
10028
9971
10001
10029
9971
10000
10030
9969
10001
10031
9969
9999
10033
9967
10001
10032
9968
10000
10033
9967
10000
10033
9967
10000
10034
9966
10000
10034
9966
10000
10036
9891
10073
10000
10011
9989
9999
10013
9988
10000
10012
9988
10000
10012
9988
10000
10014
9985
10001
10014
9986
10000
10015
9985
10000
10015
9985
10000
10016
9984
9999
10018
9983
10000
10017
9983
10000
10018
9982
10000
10019
11159
8818
10004
10001
9993
10007
9999
9993
10008
10000
9990
10010
10000
9989
10011
10000
9989
10011
10000
9988
10012
10000
9988
10011
10001
9988
10012
10000
9987
10013
10000
9987
10014
9999
9988
10012
10001
9987
10012
10000
8841
11159
10006
9995
9999
10007
9993
10000
10007
9993
10000
10006
9995
9999
10007
9993
10000
10007
9993
10001
10006
9993
10000
10008
9992
10001
10006
9994
9999
10008
9993
9999
10009
9991
10000
10009
9992
9999
10010
9990
10185
9816
9999
10018
9983
9999
10019
9981
10001
10018
9982
9999
10020
9980
10001
10020
9979
10000
10022
9978
10001
10021
9978
10001
10021
9979
9999
10024
9976
10000
10024
9977
9999
10025
9975
10001
10024
9975
10001
10025
10431
9544
10020
9980
9999
10021
9979
10001
10019
9980
10001
10018
9981
10000
10018
9983
9999
10017
9983
10001
10014
9985
10001
10013
9987
9999
10013
9987
10001
10010
9989
10001
10009
9990
10001
10007
9992
10001
10006
9993
9381
10620
10013
9986
10001
10014
9985
10000
10016
9984
10000
10016
9985
9999
10017
9983
10001
10016
9983
10001
10017
9982
10000
10019
9981
10001
10018
9981
10000
10020
9980
10000
10020
9980
10001
10018
9982
9999
10020
9980
10001
10019
9980
10001
10019
9980
10001
10019
9980
10001
10019
9980
10001
10019
9980
10001
10019
9980
10000
10020
9981
9999
10020
9980
10000
10020
9980
10000
10019
9981
10001
10017
9982
10001
10017
9982
10000
10017
9984
9999
10061
9931
10009
9999
9993
10007
10000
9993
10007
10000
9993
10007
10001
9991
10008
10001
9991
10008
10001
9991
10009
9999
9992
10009
9999
9993
10007
10001
9992
10007
10000
9994
10006
10000
9994
10007
9999
9996
10004
10000
9560
10447
9993
10001
10006
9993
10001
10006
9994
9999
10008
9993
9999
10009
9991
10000
10009
9992
9999
10009
9992
9999
10010
9990
10001
10009
9990
10001
10009
9991
9999
10011
9989
10001
10010
9990
9999
10012
9988
10001
10376
9623
9994
10006
10001
9992
10008
9999
9994
10006
10001
9993
10006
10000
9995
10005
10000
9995
10006
9999
9995
10006
9999
9997
10003
10001
9998
10001
10000
10002
9998
10001
10003
9997
9999
10010
9990
10000
10013
9987
9587
10413
10000
10004
9996
10000
10004
9996
10000
10004
9996
10001
10002
9998
9999
10004
9997
9999
10004
9996
10001
10003
9997
9999
10005
9995
10000
10005
9996
9999
10005
9996
9999
10005
9996
9999
10006
9994
10001
10005
10009
9985
10001
9999
10001
9999
10001
9999
10001
10000
9999
10000
10001
10000
9999
10001
9999
10001
10000
9999
10000
10001
10000
9999
10001
9999
10001
10000
9999
10001
10000
9999
10000
10001
10000
9999
10001
10000
9999
10001
10082
9918
9999
10001
10000
9999
10001
10000
9999
10001
10000
9999
10001
10000
9999
10001
10000
9999
10002
9998
10000
10002
9998
10001
10000
10000
9999
10002
9998
10000
10002
9999
9999
10002
9998
10001
10001
9998
10001
10001
10215
9783
10007
9994
9999
10007
9993
10000
10006
9995
9999
10006
9994
10001
10004
9995
10001
10004
9995
10000
10005
9995
10001
10003
9996
10000
10004
9996
10001
10002
9997
10000
10003
9997
10001
10000
10000
9999
10002
9998
9887
10119
9994
10001
10005
9994
10000
10006
9995
9999
10006
9994
10001
10005
9994
10000
10006
9995
9999
10006
9994
10001
10005
9994
10000
10006
9994
10001
10004
9996
9999
10005
9996
9999
10005
9996
9999
10005
9995
10001
9881
10118
10000
10001
9999
10000
10001
9999
10000
10001
9999
10000
10001
9999
10000
10001
9999
10000
10001
9999
10000
10001
9999
10000
10001
9999
10000
10001
9999
10000
10001
9999
10000
10001
9999
10000
10001
9999
10000
10001
10127
9872
9994
10006
10001
9993
10007
9999
9995
10005
10001
9994
10005
10000
9996
10004
10001
9995
10004
10000
9997
10003
10000
9997
10003
10001
9995
10005
9999
9997
10004
9999
9997
10004
9999
9998
10002
10000
9998
10003
10054
9945
10001
9999
10000
10000
10001
9999
10000
10000
10001
9999
10000
10001
9999
10000
10001
9999
10001
10000
9999
10000
10002
9998
10001
10001
9998
10001
10002
9997
10000
10005
9995
10000
10005
9996
9999
10006
9995
9999
10015
9986
9999
10000
10001
9999
10007
9993
10000
10006
9994
10000
10006
9994
10001
10004
9996
9999
10006
9994
10000
10006
9994
10001
10004
9996
9999
10006
9994
10000
10006
9994
10001
10004
9995
10000
10005
9995
10001
10003
9887
10109
10000
10000
10001
9998
10002
9999
10000
10000
10001
9999
10000
10000
10000
10001
9999
10000
10000
10001
9999
10000
10000
10000
10001
9999
10000
10000
10001
9999
10000
10001
9998
10002
9999
10000
10000
10001
9999
10000
----------
hit: 5489
miss: 69
length of statenum:65536
nodecount=2931
treeByteSize=26380
enCodeSize=5579
timecost, 0.006515, seconds
done
44480
18143
sz compression ratio, 2.45 
