cfgFile=sz.config
[SZ] Reading SZ configuration file (sz.config) ...
point count: 2800
datalength=2800
pwrLength=88
pwrErrBoundBytes_size=176
intvCapacity=20000
intvRadius=10000
datalength=2800
----------factors
3166
95
12242
18362
251
3052
1284
6733
11691
182
583
17260
17339
6265
10580
16716
3539
14007
10105
6970
11818
1691
1321
15141
4463
15572
14925
8471
11655
16758
2659
18967
6288
2791
582
17613
1045
13817
11792
10458
18148
15787
827
11104
6923
10276
5929
614
4961
534
13771
2395
12925
5186
6829
4376
11993
19266
15081
17469
19427
7734
1076
11302
11346
6879
18103
19047
15037
7545
17010
8054
17351
5121
8779
8886
17324
4342
18561
17287
12693
4013
12439
57
7945
9226
1535
4442
5500
19817
10222
4827
19465
1293
11233
10585
11740
16225
15074
14795
18270
15236
9060
15731
5082
18570
12825
1041
18815
11103
17329
2120
3882
7873
10479
954
14932
13833
11579
8334
14300
3879
16671
9991
1722
8324
19438
2479
13169
4047
10088
15276
12150
12990
15577
9223
4284
7062
6200
5924
11541
4908
8108
15155
10312
3902
16658
9185
13649
12990
16586
3179
872
8457
1454
773
7608
17247
13927
17312
13738
988
275
5205
6945
14992
3706
8759
16279
17232
17081
12644
6833
1772
18868
2260
9729
14811
17250
2875
3511
9608
17159
11076
18540
7002
1858
19606
6270
7595
9353
13512
7792
6426
10887
4253
6333
4425
821
1152
1446
14719
17765
9784
9962
8305
11499
7151
7972
12931
18700
2389
17226
5504
8769
1492
14873
17590
19020
18041
12696
7071
14124
15737
5632
638
1102
922
15935
12230
15556
1245
403
2600
2401
16600
6085
2450
214
8942
19977
5327
8397
18569
14495
13821
12006
4467
1858
13010
4446
18160
2722
7451
13024
17659
17781
13716
13031
13642
16417
10401
12412
4157
18692
17132
1318
16552
5347
14173
11135
----------
hit: 271
miss: 2527
length of statenum:65536
nodecount=539
treeByteSize=4852
enCodeSize=924
timecost, 0.004405, seconds
done
22400
14294
sz compression ratio, 1.57 
