current pwr_bound is 1e-1
cfgFile=sz.config
[SZ] Reading SZ configuration file (sz.config) ...
point count: 960
pwrLength=30
pwrErrBoundBytes_size=60
pw_relBoundRatio=0.100000
hit: 958
miss: 0
length of statenum:65536
nodecount=9
treeByteSize=64
enCodeSize=123
-------insight of tdps
dataLength=960
exactDataNum=2
realPrecision=29.000000
medianValue=0.000000
reqLength=16
quantization_intervals=20000
pwrErrBoundBytes_size=60
radExpo=8
-----------------------
timecost, 0.004083, seconds
done
input file size: 7680
output file size: 115
sz compression ratio, 66.78 
timecost, 0.003936, second
done
Max absolute error = 28.1541748046875
Max relative error = 0.74841847885166723486
Max pw_relative err = 0.088578085892388525036
../model_comparison/inputdata/sample_1/yf17_t.dat, ../model_comparison/inputdata/sample_1/yf17_t.dat.sz.out, 960
size of double: 8
300.005554, 288.000000, -12.005554
300.004669, 288.000000, -12.004669
300.008148, 288.000000, -12.008148
300.009247, 288.000000, -12.009247
300.008362, 288.000000, -12.008362
300.004974, 288.000000, -12.004974
300.001343, 288.000000, -12.001343
299.999329, 288.000000, -11.999329
300.000916, 288.000000, -12.000916
299.999146, 288.000000, -11.999146
300.000366, 288.000000, -12.000366
299.998444, 288.000000, -11.998444
300.000092, 288.000000, -12.000092
299.998505, 288.000000, -11.998505
299.999603, 288.000000, -11.999603
299.998444, 288.000000, -11.998444
299.999481, 288.000000, -11.999481
299.998322, 288.000000, -11.998322
299.998169, 288.000000, -11.998169
299.997772, 288.000000, -11.997772
299.997742, 288.000000, -11.997742
299.997803, 288.000000, -11.997803
299.997803, 288.000000, -11.997803
299.998260, 288.000000, -11.998260
299.997772, 288.000000, -11.997772
299.998230, 288.000000, -11.998230
299.997742, 288.000000, -11.997742
299.999420, 288.000000, -11.999420
300.001343, 288.000000, -12.001343
300.001312, 288.000000, -12.001312
300.001434, 288.000000, -12.001434
299.997437, 288.000000, -11.997437
299.997406, 288.000000, -11.997406
299.997528, 288.000000, -11.997528
299.997498, 288.000000, -11.997498
299.997437, 288.000000, -11.997437
299.997589, 288.000000, -11.997589
300.003937, 288.000000, -12.003937
300.004028, 288.000000, -12.004028
300.004639, 288.000000, -12.004639
302.943451, 288.000000, -14.943451
303.039368, 288.000000, -15.039368
301.270508, 288.000000, -13.270508
301.679352, 288.000000, -13.679352
301.539398, 288.000000, -13.539398
301.787323, 288.000000, -13.787323
301.541901, 288.000000, -13.541901
301.392181, 288.000000, -13.392181
314.321686, 288.000000, -26.321686
305.201569, 288.000000, -17.201569
302.689362, 288.000000, -14.689362
302.808563, 288.000000, -14.808563
308.431396, 288.000000, -20.431396
306.646271, 288.000000, -18.646271
301.092865, 288.000000, -13.092865
333.778717, 346.000000, 12.221283
319.755890, 346.000000, 26.244110
301.997681, 288.000000, -13.997681
301.366119, 288.000000, -13.366119
308.437683, 288.000000, -20.437683
301.126953, 288.000000, -13.126953
301.233765, 288.000000, -13.233765
301.234680, 288.000000, -13.234680
302.584564, 288.000000, -14.584564
301.893799, 288.000000, -13.893799
302.127075, 288.000000, -14.127075
301.343964, 288.000000, -13.343964
305.612244, 288.000000, -17.612244
301.478760, 288.000000, -13.478760
301.035889, 288.000000, -13.035889
301.058899, 288.000000, -13.058899
302.271820, 288.000000, -14.271820
304.145691, 288.000000, -16.145691
301.604004, 288.000000, -13.604004
302.642090, 288.000000, -14.642090
302.441925, 288.000000, -14.441925
301.048645, 288.000000, -13.048645
312.183228, 288.000000, -24.183228
303.075836, 288.000000, -15.075836
301.722107, 288.000000, -13.722107
303.835175, 288.000000, -15.835175
303.216919, 288.000000, -15.216919
303.481842, 288.000000, -15.481842
303.016174, 288.000000, -15.016174
305.479858, 288.000000, -17.479858
300.877594, 288.000000, -12.877594
301.763977, 288.000000, -13.763977
301.528259, 288.000000, -13.528259
311.305420, 288.000000, -23.305420
304.210205, 288.000000, -16.210205
300.970856, 288.000000, -12.970856
303.220459, 288.000000, -15.220459
304.525635, 288.000000, -16.525635
305.217896, 288.000000, -17.217896
304.056030, 288.000000, -16.056030
303.098938, 288.000000, -15.098938
303.094238, 288.000000, -15.094238
303.043457, 288.000000, -15.043457
300.007416, 288.000000, -12.007416
304.236847, 288.000000, -16.236847
299.898315, 288.000000, -11.898315
299.507629, 288.000000, -11.507629
300.049988, 288.000000, -12.049988
302.104919, 288.000000, -14.104919
301.898041, 288.000000, -13.898041
301.908325, 288.000000, -13.908325
301.915741, 288.000000, -13.915741
301.665009, 288.000000, -13.665009
302.793793, 288.000000, -14.793793
302.775299, 288.000000, -14.775299
302.827942, 288.000000, -14.827942
302.441772, 288.000000, -14.441772
301.827057, 288.000000, -13.827057
305.955170, 288.000000, -17.955170
302.915863, 288.000000, -14.915863
312.380676, 288.000000, -24.380676
304.115051, 288.000000, -16.115051
303.206421, 288.000000, -15.206421
303.690948, 288.000000, -15.690948
302.883331, 288.000000, -14.883331
301.878876, 288.000000, -13.878876
301.737091, 288.000000, -13.737091
299.766724, 288.000000, -11.766724
301.258362, 288.000000, -13.258362
300.350128, 288.000000, -12.350128
299.646301, 288.000000, -11.646301
299.651215, 288.000000, -11.651215
301.129272, 288.000000, -13.129272
298.357239, 288.000000, -10.357239
298.502594, 288.000000, -10.502594
299.965820, 288.000000, -11.965820
300.979645, 288.000000, -12.979645
299.598969, 288.000000, -11.598969
302.860748, 288.000000, -14.860748
303.107727, 288.000000, -15.107727
301.454498, 288.000000, -13.454498
300.307678, 288.000000, -12.307678
297.525269, 288.000000, -9.525269
297.455048, 288.000000, -9.455048
299.688538, 288.000000, -11.688538
299.720703, 288.000000, -11.720703
299.735657, 288.000000, -11.735657
301.016541, 288.000000, -13.016541
299.534760, 288.000000, -11.534760
301.735657, 288.000000, -13.735657
301.733643, 288.000000, -13.733643
301.597504, 288.000000, -13.597504
300.366669, 288.000000, -12.366669
300.770325, 288.000000, -12.770325
298.371246, 288.000000, -10.371246
297.865906, 288.000000, -9.865906
299.423187, 288.000000, -11.423187
299.437622, 288.000000, -11.437622
299.039032, 288.000000, -11.039032
299.095001, 288.000000, -11.095001
299.825317, 288.000000, -11.825317
299.802948, 288.000000, -11.802948
301.900543, 288.000000, -13.900543
298.382660, 288.000000, -10.382660
297.587189, 288.000000, -9.587189
305.622467, 288.000000, -17.622467
301.268646, 288.000000, -13.268646
299.752380, 288.000000, -11.752380
300.075134, 288.000000, -12.075134
297.991974, 288.000000, -9.991974
297.995392, 288.000000, -9.995392
297.936310, 288.000000, -9.936310
299.102448, 288.000000, -11.102448
299.217499, 288.000000, -11.217499
301.173309, 288.000000, -13.173309
301.196625, 288.000000, -13.196625
301.229156, 288.000000, -13.229156
300.579803, 288.000000, -12.579803
300.110321, 288.000000, -12.110321
300.552277, 288.000000, -12.552277
299.871155, 288.000000, -11.871155
299.071014, 288.000000, -11.071014
300.284943, 288.000000, -12.284943
301.163849, 288.000000, -13.163849
298.896851, 288.000000, -10.896851
299.417999, 288.000000, -11.417999
300.940063, 288.000000, -12.940063
300.459991, 288.000000, -12.459991
300.529358, 288.000000, -12.529358
300.515381, 288.000000, -12.515381
300.437347, 288.000000, -12.437347
300.547485, 288.000000, -12.547485
301.411774, 288.000000, -13.411774
300.140839, 288.000000, -12.140839
299.908875, 288.000000, -11.908875
299.899445, 288.000000, -11.899445
300.057983, 288.000000, -12.057983
297.907837, 288.000000, -9.907837
297.729919, 288.000000, -9.729919
302.185577, 288.000000, -14.185577
302.386963, 288.000000, -14.386963
297.950562, 288.000000, -9.950562
298.174011, 288.000000, -10.174011
298.257965, 288.000000, -10.257965
301.567993, 288.000000, -13.567993
299.892914, 288.000000, -11.892914
302.865875, 288.000000, -14.865875
302.595764, 288.000000, -14.595764
297.244904, 288.000000, -9.244904
297.034607, 288.000000, -9.034607
298.107513, 288.000000, -10.107513
306.303162, 288.000000, -18.303162
303.013153, 288.000000, -15.013153
303.259155, 288.000000, -15.259155
303.014954, 288.000000, -15.014954
303.072144, 288.000000, -15.072144
301.876678, 288.000000, -13.876678
301.750366, 288.000000, -13.750366
302.159973, 288.000000, -14.159973
317.845825, 346.000000, 28.154175
298.270172, 288.000000, -10.270172
298.304016, 288.000000, -10.304016
298.369720, 288.000000, -10.369720
305.626740, 288.000000, -17.626740
303.446075, 288.000000, -15.446075
302.017792, 288.000000, -14.017792
299.757843, 288.000000, -11.757843
299.800415, 288.000000, -11.800415
301.747833, 288.000000, -13.747833
301.382782, 288.000000, -13.382782
301.441711, 288.000000, -13.441711
301.697113, 288.000000, -13.697113
301.236389, 288.000000, -13.236389
301.380646, 288.000000, -13.380646
303.016174, 288.000000, -15.016174
301.139282, 288.000000, -13.139282
301.145508, 288.000000, -13.145508
301.280029, 288.000000, -13.280029
301.207428, 288.000000, -13.207428
299.982391, 288.000000, -11.982391
299.912079, 288.000000, -11.912079
300.027130, 288.000000, -12.027130
302.058441, 288.000000, -14.058441
301.663513, 288.000000, -13.663513
299.609558, 288.000000, -11.609558
305.591736, 288.000000, -17.591736
305.342133, 288.000000, -17.342133
304.647583, 288.000000, -16.647583
304.420929, 288.000000, -16.420929
313.972748, 288.000000, -25.972748
305.152832, 288.000000, -17.152832
305.638550, 288.000000, -17.638550
307.157318, 288.000000, -19.157318
302.436554, 288.000000, -14.436554
307.607361, 288.000000, -19.607361
306.565674, 288.000000, -18.565674
305.535492, 288.000000, -17.535492
305.378754, 288.000000, -17.378754
304.624084, 288.000000, -16.624084
304.048248, 288.000000, -16.048248
304.152405, 288.000000, -16.152405
303.990570, 288.000000, -15.990570
304.048645, 288.000000, -16.048645
304.086792, 288.000000, -16.086792
303.932953, 288.000000, -15.932953
307.757385, 288.000000, -19.757385
306.998962, 288.000000, -18.998962
307.101257, 288.000000, -19.101257
307.721619, 288.000000, -19.721619
306.302979, 288.000000, -18.302979
306.441986, 288.000000, -18.441986
307.279572, 288.000000, -19.279572
307.386017, 288.000000, -19.386017
307.379913, 288.000000, -19.379913
305.520844, 288.000000, -17.520844
305.122589, 288.000000, -17.122589
304.540802, 288.000000, -16.540802
300.717621, 288.000000, -12.717621
303.174316, 288.000000, -15.174316
303.308380, 288.000000, -15.308380
300.309174, 288.000000, -12.309174
302.752106, 288.000000, -14.752106
302.868225, 288.000000, -14.868225
302.579926, 288.000000, -14.579926
302.123871, 288.000000, -14.123871
304.489319, 288.000000, -16.489319
303.901520, 288.000000, -15.901520
303.596039, 288.000000, -15.596039
303.089325, 288.000000, -15.089325
303.877380, 288.000000, -15.877380
304.469269, 288.000000, -16.469269
304.377136, 288.000000, -16.377136
302.616425, 288.000000, -14.616425
303.119873, 288.000000, -15.119873
301.687866, 288.000000, -13.687866
299.479370, 288.000000, -11.479370
301.927704, 288.000000, -13.927704
306.470856, 288.000000, -18.470856
302.153564, 288.000000, -14.153564
302.105835, 288.000000, -14.105835
308.380585, 288.000000, -20.380585
302.156677, 288.000000, -14.156677
306.748383, 288.000000, -18.748383
307.284393, 288.000000, -19.284393
302.929016, 288.000000, -14.929016
305.605072, 288.000000, -17.605072
305.787262, 288.000000, -17.787262
300.234497, 288.000000, -12.234497
300.105408, 288.000000, -12.105408
300.083710, 288.000000, -12.083710
306.605530, 288.000000, -18.605530
299.094391, 288.000000, -11.094391
299.676910, 288.000000, -11.676910
299.507233, 288.000000, -11.507233
299.447266, 288.000000, -11.447266
303.037872, 288.000000, -15.037872
302.952698, 288.000000, -14.952698
302.487671, 288.000000, -14.487671
302.322449, 288.000000, -14.322449
302.720856, 288.000000, -14.720856
300.353363, 288.000000, -12.353363
300.169891, 288.000000, -12.169891
300.115723, 288.000000, -12.115723
300.257446, 288.000000, -12.257446
299.975891, 288.000000, -11.975891
302.494904, 288.000000, -14.494904
302.985870, 288.000000, -14.985870
303.289795, 288.000000, -15.289795
302.435699, 288.000000, -14.435699
305.275970, 288.000000, -17.275970
304.760986, 288.000000, -16.760986
304.702301, 288.000000, -16.702301
302.515442, 288.000000, -14.515442
303.540527, 288.000000, -15.540527
300.577179, 288.000000, -12.577179
301.438263, 288.000000, -13.438263
305.195099, 288.000000, -17.195099
304.607697, 288.000000, -16.607697
304.263062, 288.000000, -16.263062
300.421692, 288.000000, -12.421692
300.425018, 288.000000, -12.425018
300.575989, 288.000000, -12.575989
299.674988, 288.000000, -11.674988
299.624542, 288.000000, -11.624542
310.093384, 288.000000, -22.093384
309.238892, 288.000000, -21.238892
309.692352, 288.000000, -21.692352
309.071228, 288.000000, -21.071228
308.322479, 288.000000, -20.322479
305.259949, 288.000000, -17.259949
305.801727, 288.000000, -17.801727
304.847809, 288.000000, -16.847809
299.298340, 288.000000, -11.298340
299.148834, 288.000000, -11.148834
298.569336, 288.000000, -10.569336
304.933441, 288.000000, -16.933441
304.695099, 288.000000, -16.695099
305.262756, 288.000000, -17.262756
305.314545, 288.000000, -17.314545
301.092682, 288.000000, -13.092682
304.539307, 288.000000, -16.539307
301.108429, 288.000000, -13.108429
304.341431, 288.000000, -16.341431
303.792358, 288.000000, -15.792358
309.792572, 288.000000, -21.792572
298.020599, 288.000000, -10.020599
297.492523, 288.000000, -9.492523
301.014404, 288.000000, -13.014404
300.918121, 288.000000, -12.918121
301.474670, 288.000000, -13.474670
301.674011, 288.000000, -13.674011
302.799805, 288.000000, -14.799805
303.960968, 288.000000, -15.960968
303.696503, 288.000000, -15.696503
300.862030, 288.000000, -12.862030
300.590973, 288.000000, -12.590973
300.346130, 288.000000, -12.346130
303.506378, 288.000000, -15.506378
304.036407, 288.000000, -16.036407
301.150848, 288.000000, -13.150848
301.351654, 288.000000, -13.351654
301.559174, 288.000000, -13.559174
304.594635, 288.000000, -16.594635
304.531494, 288.000000, -16.531494
304.140106, 288.000000, -16.140106
302.690826, 288.000000, -14.690826
302.072235, 288.000000, -14.072235
302.142059, 288.000000, -14.142059
300.424377, 288.000000, -12.424377
300.564911, 288.000000, -12.564911
300.373108, 288.000000, -12.373108
301.388397, 288.000000, -13.388397
301.399872, 288.000000, -13.399872
301.225464, 288.000000, -13.225464
301.186890, 288.000000, -13.186890
307.773163, 288.000000, -19.773163
302.432922, 288.000000, -14.432922
299.659119, 288.000000, -11.659119
308.193237, 288.000000, -20.193237
298.798584, 288.000000, -10.798584
305.480011, 288.000000, -17.480011
306.478424, 288.000000, -18.478424
306.656311, 288.000000, -18.656311
305.794617, 288.000000, -17.794617
302.911316, 288.000000, -14.911316
301.387207, 288.000000, -13.387207
300.014801, 288.000000, -12.014801
301.746887, 288.000000, -13.746887
301.617462, 288.000000, -13.617462
301.543518, 288.000000, -13.543518
301.384979, 288.000000, -13.384979
301.604950, 288.000000, -13.604950
303.774445, 288.000000, -15.774445
301.697205, 288.000000, -13.697205
301.134460, 288.000000, -13.134460
306.183441, 288.000000, -18.183441
306.627716, 288.000000, -18.627716
305.300049, 288.000000, -17.300049
308.468445, 288.000000, -20.468445
307.569244, 288.000000, -19.569244
309.102661, 288.000000, -21.102661
303.909363, 288.000000, -15.909363
303.496216, 288.000000, -15.496216
301.543671, 288.000000, -13.543671
301.378967, 288.000000, -13.378967
301.109070, 288.000000, -13.109070
301.125671, 288.000000, -13.125671
309.312012, 288.000000, -21.312012
308.492889, 288.000000, -20.492889
301.665131, 288.000000, -13.665131
299.918823, 288.000000, -11.918823
301.784241, 288.000000, -13.784241
301.914246, 288.000000, -13.914246
302.296875, 288.000000, -14.296875
304.044403, 288.000000, -16.044403
304.132568, 288.000000, -16.132568
303.845306, 288.000000, -15.845306
303.969513, 288.000000, -15.969513
304.123230, 288.000000, -16.123230
305.051941, 288.000000, -17.051941
304.263397, 288.000000, -16.263397
304.526428, 288.000000, -16.526428
302.965820, 288.000000, -14.965820
302.664520, 288.000000, -14.664520
302.894989, 288.000000, -14.894989
307.260651, 288.000000, -19.260651
304.993195, 288.000000, -16.993195
301.607422, 288.000000, -13.607422
301.623932, 288.000000, -13.623932
301.876740, 288.000000, -13.876740
297.058716, 288.000000, -9.058716
301.574310, 288.000000, -13.574310
300.136627, 288.000000, -12.136627
299.825378, 288.000000, -11.825378
299.921234, 288.000000, -11.921234
299.970215, 288.000000, -11.970215
305.301483, 288.000000, -17.301483
304.328461, 288.000000, -16.328461
304.614441, 288.000000, -16.614441
304.130798, 288.000000, -16.130798
304.709351, 288.000000, -16.709351
305.536407, 288.000000, -17.536407
304.905182, 288.000000, -16.905182
303.972992, 288.000000, -15.972992
304.375458, 288.000000, -16.375458
305.221222, 288.000000, -17.221222
305.396301, 288.000000, -17.396301
305.168457, 288.000000, -17.168457
302.270752, 288.000000, -14.270752
301.106049, 288.000000, -13.106049
299.881073, 288.000000, -11.881073
299.803009, 288.000000, -11.803009
299.696198, 288.000000, -11.696198
304.685455, 288.000000, -16.685455
303.493622, 288.000000, -15.493622
301.885101, 288.000000, -13.885101
304.091034, 288.000000, -16.091034
304.523712, 288.000000, -16.523712
304.474884, 288.000000, -16.474884
304.722198, 288.000000, -16.722198
303.930145, 288.000000, -15.930145
301.842102, 288.000000, -13.842102
301.937439, 288.000000, -13.937439
304.515747, 288.000000, -16.515747
302.084961, 288.000000, -14.084961
305.737976, 288.000000, -17.737976
306.242615, 288.000000, -18.242615
305.651978, 288.000000, -17.651978
300.021118, 288.000000, -12.021118
302.946808, 288.000000, -14.946808
302.846130, 288.000000, -14.846130
300.982056, 288.000000, -12.982056
302.095856, 288.000000, -14.095856
301.852692, 288.000000, -13.852692
301.981323, 288.000000, -13.981323
301.515289, 288.000000, -13.515289
299.866058, 288.000000, -11.866058
302.384491, 288.000000, -14.384491
301.834351, 288.000000, -13.834351
300.723145, 288.000000, -12.723145
308.311188, 288.000000, -20.311188
304.113037, 288.000000, -16.113037
304.287842, 288.000000, -16.287842
300.977997, 288.000000, -12.977997
301.081848, 288.000000, -13.081848
totaldiff=12930.5303955078, sz=960, average absolute error value:13.4693024953
totaldiff=42.8259758285, sz=960, average relative error rate:0.0446103915
