current pwr_bound is 1e-11
cfgFile=sz.config
[SZ] Reading SZ configuration file (sz.config) ...
point count: 55692
pwrLength=1741
pwrErrBoundBytes_size=3482
pw_relBoundRatio=0.000000
hit: 2103
miss: 53587
length of statenum:65536
nodecount=2953
treeByteSize=26578
enCodeSize=15780
-------insight of tdps
dataLength=55692
exactDataNum=53589
realPrecision=0.000000
medianValue=0.000000
reqLength=49
quantization_intervals=20000
pwrErrBoundBytes_size=3482
radExpo=0
-----------------------
timecost, 0.012239, seconds
done
input file size: 445536
output file size: 174307
sz compression ratio, 2.56 
timecost, 0.006952, second
done
Max absolute error = 9.9797947683555321419E-12
Max relative error = 7.6039890331804119952E-12
Max pw_relative err = 9.9658314781300132689E-12
../model_comparison/inputdata/original/bump.dat, ../model_comparison/inputdata/original/bump.dat.sz.out, 55692
size of double: 8
0.878264, 0.878264, -0.000000
0.877647, 0.877647, -0.000000
0.878264, 0.878264, -0.000000
0.877647, 0.877647, -0.000000
0.877647, 0.877647, -0.000000
0.877647, 0.877647, -0.000000
0.876108, 0.876108, -0.000000
0.876108, 0.876108, -0.000000
0.876108, 0.876108, -0.000000
0.878142, 0.878142, -0.000000
0.878142, 0.878142, -0.000000
0.878142, 0.878142, -0.000000
0.878108, 0.878108, -0.000000
0.878108, 0.878108, -0.000000
0.878108, 0.878108, -0.000000
0.878462, 0.878462, -0.000000
0.878462, 0.878462, -0.000000
0.878462, 0.878462, -0.000000
0.878907, 0.878907, -0.000000
0.878907, 0.878907, -0.000000
0.878907, 0.878907, -0.000000
0.879378, 0.879378, -0.000000
0.879378, 0.879378, -0.000000
0.879378, 0.879378, -0.000000
0.879893, 0.879893, -0.000000
0.879893, 0.879893, -0.000000
0.879893, 0.879893, -0.000000
0.880489, 0.880489, -0.000000
0.880489, 0.880489, -0.000000
0.880489, 0.880489, -0.000000
0.881238, 0.881238, -0.000000
0.881238, 0.881238, -0.000000
0.881238, 0.881238, -0.000000
0.882170, 0.882170, -0.000000
0.882170, 0.882170, -0.000000
0.882170, 0.882170, -0.000000
0.883345, 0.883345, -0.000000
0.883345, 0.883345, -0.000000
0.883345, 0.883345, -0.000000
0.884758, 0.884758, -0.000000
0.884758, 0.884758, -0.000000
0.884758, 0.884758, -0.000000
0.886264, 0.886264, -0.000000
0.886264, 0.886264, -0.000000
0.886264, 0.886264, -0.000000
0.887784, 0.887784, -0.000000
0.887784, 0.887784, -0.000000
0.887784, 0.887784, -0.000000
0.889306, 0.889306, -0.000000
0.889306, 0.889306, -0.000000
0.889306, 0.889306, -0.000000
0.890908, 0.890908, -0.000000
0.890908, 0.890908, -0.000000
0.890908, 0.890908, -0.000000
0.893410, 0.893410, -0.000000
0.893410, 0.893410, -0.000000
0.893410, 0.893410, -0.000000
0.897265, 0.897265, -0.000000
0.897265, 0.897265, -0.000000
0.897265, 0.897265, -0.000000
0.902269, 0.902269, -0.000000
0.902269, 0.902269, -0.000000
0.902269, 0.902269, -0.000000
0.907751, 0.907751, -0.000000
0.907751, 0.907751, -0.000000
0.907751, 0.907751, -0.000000
0.913092, 0.913092, -0.000000
0.913092, 0.913092, -0.000000
0.913092, 0.913092, -0.000000
0.919233, 0.919233, -0.000000
0.919233, 0.919233, -0.000000
0.919233, 0.919233, -0.000000
0.928425, 0.928425, -0.000000
0.928425, 0.928425, -0.000000
0.928425, 0.928425, -0.000000
0.941154, 0.941154, -0.000000
0.941154, 0.941154, -0.000000
0.941154, 0.941154, -0.000000
0.955785, 0.955785, -0.000000
0.955785, 0.955785, -0.000000
0.955785, 0.955785, -0.000000
0.972430, 0.972430, -0.000000
0.972430, 0.972430, -0.000000
0.972430, 0.972430, -0.000000
0.992474, 0.992474, -0.000000
0.992474, 0.992474, -0.000000
0.992474, 0.992474, -0.000000
1.014292, 1.014292, -0.000000
1.014292, 1.014292, -0.000000
1.014292, 1.014292, -0.000000
1.028987, 1.028987, -0.000000
1.028987, 1.028987, -0.000000
1.028987, 1.028987, -0.000000
1.033146, 1.033146, -0.000000
1.033146, 1.033146, -0.000000
1.033146, 1.033146, -0.000000
1.028845, 1.028845, -0.000000
1.028845, 1.028845, -0.000000
1.028845, 1.028845, -0.000000
1.017315, 1.017315, -0.000000
1.017315, 1.017315, -0.000000
1.017315, 1.017315, -0.000000
0.994072, 0.994072, -0.000000
0.994072, 0.994072, -0.000000
0.994072, 0.994072, -0.000000
0.945851, 0.945851, -0.000000
0.945851, 0.945851, -0.000000
0.945851, 0.945851, -0.000000
0.891370, 0.891370, -0.000000
0.891370, 0.891370, -0.000000
0.891370, 0.891370, -0.000000
0.850339, 0.850339, -0.000000
0.850339, 0.850339, -0.000000
0.850339, 0.850339, -0.000000
0.814785, 0.814785, -0.000000
0.814785, 0.814785, -0.000000
0.814785, 0.814785, -0.000000
0.783797, 0.783797, -0.000000
0.783797, 0.783797, -0.000000
0.783797, 0.783797, -0.000000
0.756466, 0.756466, -0.000000
0.756466, 0.756466, -0.000000
0.756466, 0.756466, -0.000000
0.732139, 0.732139, -0.000000
0.732139, 0.732139, -0.000000
0.732139, 0.732139, -0.000000
0.710324, 0.710324, -0.000000
0.710324, 0.710324, -0.000000
0.710324, 0.710324, -0.000000
0.690647, 0.690647, -0.000000
0.690647, 0.690647, -0.000000
0.690647, 0.690647, -0.000000
0.672817, 0.672817, -0.000000
0.672817, 0.672817, -0.000000
0.672817, 0.672817, -0.000000
0.656599, 0.656599, -0.000000
0.656599, 0.656599, -0.000000
0.656599, 0.656599, -0.000000
0.641790, 0.641790, -0.000000
0.641790, 0.641790, -0.000000
0.641790, 0.641790, -0.000000
0.628241, 0.628241, -0.000000
0.628241, 0.628241, -0.000000
0.628241, 0.628241, -0.000000
0.615806, 0.615806, -0.000000
0.615806, 0.615806, -0.000000
0.615806, 0.615806, -0.000000
0.604377, 0.604377, -0.000000
0.604377, 0.604377, -0.000000
0.604377, 0.604377, -0.000000
0.593841, 0.593841, -0.000000
0.593841, 0.593841, -0.000000
0.593841, 0.593841, -0.000000
0.584121, 0.584121, -0.000000
0.584121, 0.584121, -0.000000
0.584121, 0.584121, -0.000000
0.575142, 0.575142, -0.000000
0.575142, 0.575142, -0.000000
0.575142, 0.575142, -0.000000
0.566828, 0.566828, -0.000000
0.566828, 0.566828, -0.000000
0.566828, 0.566828, -0.000000
0.559127, 0.559127, -0.000000
0.559127, 0.559127, -0.000000
0.559127, 0.559127, -0.000000
0.551982, 0.551982, -0.000000
0.551982, 0.551982, -0.000000
0.551982, 0.551982, -0.000000
0.545354, 0.545354, -0.000000
0.545354, 0.545354, -0.000000
0.545354, 0.545354, -0.000000
0.539183, 0.539183, -0.000000
0.539183, 0.539183, -0.000000
0.539183, 0.539183, -0.000000
0.533445, 0.533445, -0.000000
0.533445, 0.533445, -0.000000
0.533445, 0.533445, -0.000000
0.528072, 0.528072, -0.000000
0.528072, 0.528072, -0.000000
0.528072, 0.528072, -0.000000
0.523165, 0.523165, -0.000000
0.523165, 0.523165, -0.000000
0.523165, 0.523165, -0.000000
0.518782, 0.518782, -0.000000
0.518782, 0.518782, -0.000000
0.518782, 0.518782, -0.000000
0.516349, 0.516349, -0.000000
0.516349, 0.516349, -0.000000
0.516349, 0.516349, -0.000000
0.517702, 0.517702, -0.000000
0.517702, 0.517702, -0.000000
0.517702, 0.517702, -0.000000
0.531669, 0.531669, -0.000000
0.531669, 0.531669, -0.000000
0.531669, 0.531669, -0.000000
0.574154, 0.574154, -0.000000
0.574154, 0.574154, -0.000000
0.574154, 0.574154, -0.000000
0.619296, 0.619296, -0.000000
0.619296, 0.619296, -0.000000
0.619296, 0.619296, -0.000000
0.653784, 0.653784, -0.000000
0.653784, 0.653784, -0.000000
0.653784, 0.653784, -0.000000
0.677486, 0.677486, -0.000000
0.677486, 0.677486, -0.000000
0.677486, 0.677486, -0.000000
0.693901, 0.693901, -0.000000
0.693901, 0.693901, -0.000000
0.693901, 0.693901, -0.000000
0.706171, 0.706171, -0.000000
0.706171, 0.706171, -0.000000
0.706171, 0.706171, -0.000000
0.715365, 0.715365, -0.000000
0.715365, 0.715365, -0.000000
0.715365, 0.715365, -0.000000
0.722633, 0.722633, -0.000000
0.722633, 0.722633, -0.000000
0.722633, 0.722633, -0.000000
0.728703, 0.728703, -0.000000
0.728703, 0.728703, -0.000000
0.728703, 0.728703, -0.000000
0.733906, 0.733906, -0.000000
0.733906, 0.733906, -0.000000
0.733906, 0.733906, -0.000000
0.738288, 0.738288, -0.000000
0.738288, 0.738288, -0.000000
0.738288, 0.738288, -0.000000
0.742537, 0.742537, -0.000000
0.742537, 0.742537, -0.000000
0.742537, 0.742537, -0.000000
0.746153, 0.746153, -0.000000
0.746153, 0.746153, -0.000000
0.746153, 0.746153, -0.000000
0.749860, 0.749860, -0.000000
0.749860, 0.749860, -0.000000
0.749860, 0.749860, -0.000000
0.753369, 0.753369, -0.000000
0.753369, 0.753369, -0.000000
0.753369, 0.753369, -0.000000
0.757007, 0.757007, -0.000000
0.757007, 0.757007, -0.000000
0.757007, 0.757007, -0.000000
0.760574, 0.760574, -0.000000
0.760574, 0.760574, -0.000000
0.760574, 0.760574, -0.000000
0.764180, 0.764180, -0.000000
0.764180, 0.764180, -0.000000
0.764180, 0.764180, -0.000000
0.767885, 0.767885, -0.000000
0.767885, 0.767885, -0.000000
0.767885, 0.767885, -0.000000
0.771678, 0.771678, -0.000000
0.771678, 0.771678, -0.000000
0.771678, 0.771678, -0.000000
0.775394, 0.775394, -0.000000
0.775394, 0.775394, -0.000000
0.775394, 0.775394, -0.000000
0.779178, 0.779178, -0.000000
0.779178, 0.779178, -0.000000
0.779178, 0.779178, -0.000000
0.783054, 0.783054, -0.000000
0.783054, 0.783054, -0.000000
0.783054, 0.783054, -0.000000
0.787041, 0.787041, -0.000000
0.787041, 0.787041, -0.000000
0.787041, 0.787041, -0.000000
0.790834, 0.790834, -0.000000
0.790834, 0.790834, -0.000000
0.790834, 0.790834, -0.000000
0.794702, 0.794702, -0.000000
0.794702, 0.794702, -0.000000
0.794702, 0.794702, -0.000000
0.798633, 0.798633, -0.000000
0.798633, 0.798633, -0.000000
0.798633, 0.798633, -0.000000
0.802621, 0.802621, -0.000000
0.802621, 0.802621, -0.000000
0.802621, 0.802621, -0.000000
0.806376, 0.806376, -0.000000
0.806376, 0.806376, -0.000000
0.806376, 0.806376, -0.000000
0.810119, 0.810119, -0.000000
0.810119, 0.810119, -0.000000
0.810119, 0.810119, -0.000000
0.813954, 0.813954, -0.000000
0.813954, 0.813954, -0.000000
0.813954, 0.813954, -0.000000
0.817763, 0.817763, -0.000000
0.817763, 0.817763, -0.000000
0.817763, 0.817763, -0.000000
0.821310, 0.821310, -0.000000
0.821310, 0.821310, -0.000000
0.821310, 0.821310, -0.000000
0.824831, 0.824831, -0.000000
0.824831, 0.824831, -0.000000
0.824831, 0.824831, -0.000000
0.828379, 0.828379, -0.000000
0.828379, 0.828379, -0.000000
0.828379, 0.828379, -0.000000
0.831891, 0.831891, -0.000000
0.831891, 0.831891, -0.000000
0.831891, 0.831891, -0.000000
0.835091, 0.835091, -0.000000
0.835091, 0.835091, -0.000000
0.835091, 0.835091, -0.000000
0.838175, 0.838175, -0.000000
0.838175, 0.838175, -0.000000
0.838175, 0.838175, -0.000000
0.841390, 0.841390, -0.000000
0.841390, 0.841390, -0.000000
0.841390, 0.841390, -0.000000
0.844532, 0.844532, -0.000000
0.844532, 0.844532, -0.000000
0.844532, 0.844532, -0.000000
0.847289, 0.847289, -0.000000
0.847289, 0.847289, -0.000000
0.847289, 0.847289, -0.000000
0.849704, 0.849704, -0.000000
0.849704, 0.849704, -0.000000
0.849704, 0.849704, -0.000000
0.852580, 0.852580, -0.000000
0.852580, 0.852580, -0.000000
0.852580, 0.852580, -0.000000
0.855144, 0.855144, -0.000000
0.855144, 0.855144, -0.000000
0.855144, 0.855144, -0.000000
0.857340, 0.857340, -0.000000
0.857340, 0.857340, -0.000000
0.857340, 0.857340, -0.000000
0.859847, 0.859847, -0.000000
0.859847, 0.859847, -0.000000
0.859847, 0.859847, -0.000000
0.861671, 0.861671, -0.000000
0.861671, 0.861671, -0.000000
0.861671, 0.861671, -0.000000
0.864216, 0.864216, -0.000000
0.864216, 0.864216, -0.000000
0.864216, 0.864216, -0.000000
0.865745, 0.865745, -0.000000
0.865745, 0.865745, -0.000000
0.865745, 0.865745, -0.000000
0.867552, 0.867552, -0.000000
0.867552, 0.867552, -0.000000
0.867552, 0.867552, -0.000000
0.869166, 0.869166, -0.000000
0.869166, 0.869166, -0.000000
0.869166, 0.869166, -0.000000
0.872965, 0.872965, -0.000000
0.872965, 0.872965, -0.000000
0.872965, 0.872965, -0.000000
0.876421, 0.876421, -0.000000
0.876421, 0.876421, -0.000000
0.876421, 0.876421, -0.000000
0.880361, 0.880361, -0.000000
0.880361, 0.880361, -0.000000
0.880361, 0.880361, -0.000000
0.885686, 0.885686, -0.000000
0.885686, 0.885686, -0.000000
0.885686, 0.885686, -0.000000
0.891505, 0.891505, -0.000000
0.891505, 0.891505, -0.000000
0.891505, 0.891505, -0.000000
0.897821, 0.897821, -0.000000
0.897821, 0.897821, -0.000000
0.897821, 0.897821, -0.000000
0.904444, 0.904444, -0.000000
0.904444, 0.904444, -0.000000
0.904444, 0.904444, -0.000000
0.911096, 0.911096, -0.000000
0.911096, 0.911096, -0.000000
0.911096, 0.911096, -0.000000
0.917549, 0.917549, -0.000000
0.917549, 0.917549, -0.000000
0.917549, 0.917549, -0.000000
0.923586, 0.923586, -0.000000
0.923586, 0.923586, -0.000000
0.923586, 0.923586, -0.000000
0.928984, 0.928984, -0.000000
0.928984, 0.928984, -0.000000
0.928984, 0.928984, -0.000000
0.933575, 0.933575, -0.000000
0.933575, 0.933575, -0.000000
0.933575, 0.933575, -0.000000
0.937222, 0.937222, -0.000000
0.937222, 0.937222, -0.000000
0.937222, 0.937222, -0.000000
0.939870, 0.939870, -0.000000
0.939870, 0.939870, -0.000000
0.939870, 0.939870, -0.000000
0.941490, 0.941490, -0.000000
0.941490, 0.941490, -0.000000
0.941490, 0.941490, -0.000000
0.942119, 0.942119, -0.000000
0.942119, 0.942119, -0.000000
0.942119, 0.942119, -0.000000
0.941828, 0.941828, -0.000000
0.941828, 0.941828, -0.000000
0.941828, 0.941828, -0.000000
0.940722, 0.940722, -0.000000
0.940722, 0.940722, -0.000000
0.940722, 0.940722, -0.000000
0.938924, 0.938924, -0.000000
0.938924, 0.938924, -0.000000
0.938924, 0.938924, -0.000000
0.936566, 0.936566, -0.000000
0.936566, 0.936566, -0.000000
0.936566, 0.936566, -0.000000
0.933779, 0.933779, -0.000000
0.933779, 0.933779, -0.000000
0.933779, 0.933779, -0.000000
0.930685, 0.930685, -0.000000
0.930685, 0.930685, -0.000000
0.930685, 0.930685, -0.000000
0.927397, 0.927397, -0.000000
0.927397, 0.927397, -0.000000
0.927397, 0.927397, -0.000000
0.924010, 0.924010, -0.000000
0.924010, 0.924010, -0.000000
0.924010, 0.924010, -0.000000
0.920604, 0.920604, -0.000000
0.920604, 0.920604, -0.000000
0.920604, 0.920604, -0.000000
0.917244, 0.917244, -0.000000
0.917244, 0.917244, -0.000000
0.917244, 0.917244, -0.000000
0.913978, 0.913978, -0.000000
0.913978, 0.913978, -0.000000
0.913978, 0.913978, -0.000000
0.910841, 0.910841, -0.000000
0.910841, 0.910841, -0.000000
0.910841, 0.910841, -0.000000
0.907860, 0.907860, -0.000000
0.907860, 0.907860, -0.000000
0.907860, 0.907860, -0.000000
0.905052, 0.905052, -0.000000
0.905052, 0.905052, -0.000000
0.905052, 0.905052, -0.000000
0.902425, 0.902425, -0.000000
0.902425, 0.902425, -0.000000
0.902425, 0.902425, -0.000000
0.899983, 0.899983, -0.000000
0.899983, 0.899983, -0.000000
0.899983, 0.899983, -0.000000
0.897724, 0.897724, -0.000000
0.897724, 0.897724, -0.000000
0.897724, 0.897724, -0.000000
0.895642, 0.895642, -0.000000
0.895642, 0.895642, -0.000000
0.895642, 0.895642, -0.000000
0.893731, 0.893731, -0.000000
0.893731, 0.893731, -0.000000
0.893731, 0.893731, -0.000000
0.891982, 0.891982, -0.000000
0.891982, 0.891982, -0.000000
0.891982, 0.891982, -0.000000
0.890384, 0.890384, -0.000000
0.890384, 0.890384, -0.000000
0.890384, 0.890384, -0.000000
0.888927, 0.888927, -0.000000
0.888927, 0.888927, -0.000000
0.888927, 0.888927, -0.000000
0.887600, 0.887600, -0.000000
0.887600, 0.887600, -0.000000
0.887600, 0.887600, -0.000000
0.886393, 0.886393, -0.000000
0.886393, 0.886393, -0.000000
0.886393, 0.886393, -0.000000
0.885296, 0.885296, -0.000000
0.885296, 0.885296, -0.000000
0.885296, 0.885296, -0.000000
0.884298, 0.884298, -0.000000
0.884298, 0.884298, -0.000000
0.884298, 0.884298, -0.000000
0.883389, 0.883389, -0.000000
0.883389, 0.883389, -0.000000
0.883389, 0.883389, -0.000000
0.882561, 0.882561, -0.000000
0.882561, 0.882561, -0.000000
0.882561, 0.882561, -0.000000
0.881806, 0.881806, -0.000000
0.881806, 0.881806, -0.000000
0.881806, 0.881806, -0.000000
0.881114, 0.881114, -0.000000
0.881114, 0.881114, -0.000000
0.881114, 0.881114, -0.000000
0.880478, 0.880478, -0.000000
0.880478, 0.880478, -0.000000
0.880478, 0.880478, -0.000000
0.879891, 0.879891, -0.000000
0.879891, 0.879891, -0.000000
0.879891, 0.879891, -0.000000
0.879344, 0.879344, -0.000000
0.879344, 0.879344, -0.000000
0.879344, 0.879344, -0.000000
0.878829, 0.878829, -0.000000
0.878829, 0.878829, -0.000000
0.878829, 0.878829, -0.000000
0.878337, 0.878337, -0.000000
0.878337, 0.878337, -0.000000
totaldiff=0.0000001204, sz=55692, average absolute error value:0.0000000000
totaldiff=0.0000001289, sz=55692, average relative error rate:0.0000000000
