...............
2800
...............
2800
cfgFile=sz.config
[SZ] Reading SZ configuration file (sz.config) ...
sz_compress
SZ_compress_args
SZ_double
SZ_compress_args_double
min:3.477810
max:144298000.000000
ebm:4
2-PW_REL
28599
22072
43969
10679
24840
54604
2385
56319
46966
29197
45302
56591
14390
41941
21432
23195
14691
850
39904
5605
15972
49793
7323
51909
916
32977
6537
58982
55124
49946
26594
29501
34459
47010
23863
40151
9415
29866
60156
31946
57787
41758
32511
58763
28752
58899
61049
19300
54088
8185
61117
7238
42260
39836
29144
22445
30764
47357
58192
37578
21208
19359
52041
32437
27855
49504
3046
43110
51001
8493
40768
51352
16402
57499
14098
25539
35710
30568
51780
35939
17832
40751
17267
58554
29655
7452
44739
52648
21073
34124
42508
18546
40519
26463
61225
6250
32342
62416
43230
59119
15183
62173
31977
48146
25853
55334
10891
55020
31041
17361
34044
30617
63638
22779
28960
35660
30184
58608
62582
17908
64623
61981
57004
34446
49145
15376
37034
9352
46416
35675
13033
49173
161
63572
27255
61565
37984
26085
26868
35183
55652
13593
47178
5414
50904
29807
36481
40867
20446
34019
61808
35213
55731
43635
61423
35643
38579
8170
60685
19618
53413
14144
34369
35652
16180
55330
22084
48298
30104
27246
63870
29403
31912
27586
36671
33242
39027
29852
34015
13772
48156
41824
33416
9229
59860
63825
6603
57137
7443
59086
40270
22920
28054
25001
54044
49838
38783
56822
28615
40006
19619
44337
48779
545
48824
20815
63615
3331
51609
28124
11386
59663
61831
23423
31017
2976
51043
48628
63098
16951
60105
26586
12749
40577
28711
48276
20840
19840
20445
7866
43615
44454
13231
42813
25343
64541
451
31892
51442
16330
39773
38109
31819
47320
53712
45414
28322
45190
2108
65081
7902
37601
43401
10402
42684
41059
27499
12864
40469
41575
14400
60132
21125
31666
39832
18890
49349
25199
21882
44710
48571
52359
61850
48586
43651
41511
36869
18324
44654
26535
30224
50785
17929
30049
42903
11723
52134
11078
29776
61056
8674
34779
34844
37247
31835
25783
32947
64801
1276
53193
47302
15611
11923
12657
4087
63741
62275
30108
51490
61233
42219
10769
64226
57704
50229
55542
36989
3994
45553
55039
41488
35326
56809
58028
1362
25185
38858
9593
51958
32435
38328
65390
51615
15903
5213
7072
20197
24512
5831
60179
34805
63022
11924
1670
58071
61695
59453
42480
35876
54442
61226
29991
14985
37050
60481
30353
43814
50599
30047
53617
1119
48540
32113
28027
35173
40383
48446
42982
17908
17812
16185
27943
45794
62620
52371
58331
64164
44921
21144
50313
33978
24124
63640
63973
9736
65140
63798
58606
37736
21156
12464
49083
65131
6005
51693
57255
38021
59694
42175
1094
63151
58430
8608
21149
42855
1955
59928
13071
29580
39836
1643
48961
24118
37270
33516
58789
8645
51740
9143
57691
44736
58289
40160
59863
1850
17644
18582
21812
50979
32871
17506
15825
8595
23611
60966
46170
22648
61930
54345
15759
44455
51044
59945
63055
57716
53254
12614
28538
14142
1976
36751
57733
16194
48318
46105
64761
37807
60872
58417
3444
16359
20749
3225
7177
13319
19783
43250
61824
52029
60051
64370
5487
59334
4834
27650
62510
15900
19051
12123
50644
20117
48062
14156
18378
60032
36624
25162
54697
2580
13760
13853
5390
6813
23919
11752
42777
65287
523
53121
977
52837
64314
46559
54035
43519
59990
1821
14903
57314
9630
22135
22698
37332
40887
3853
54486
52900
296
60683
45298
29886
62408
2692
57839
59359
26513
53273
28856
3365
7575
43146
1859
60440
53870
36407
61217
28859
40657
52056
48970
58299
50944
46925
7187
37581
48036
17773
29943
27817
41027
18071
3832
22747
5510
23752
10044
47207
27276
19439
3102
35017
57004
57925
29866
9038
32896
39939
38187
33373
26576
58717
31332
35423
30891
24855
39896
38226
24864
24439
62909
37246
40313
22608
35712
42572
14793
6511
25371
38418
58546
47130
60687
51034
13557
16243
32726
64364
49832
57073
36394
34498
14590
29144
48998
21505
44378
21454
17165
61857
40037
25704
60469
33672
57719
52204
32896
50012
15055
24715
61400
62075
48301
53954
30949
13073
32326
41976
46865
2261
56145
50941
1370
20042
27280
25858
58682
63260
10650
7892
59872
37208
35182
64884
53011
24898
56313
55227
34963
4520
59100
15398
30567
42666
22092
51303
19612
38663
9859
56407
58489
62959
53588
41942
30407
20329
44620
22400
++++++++++++++
sz compression ratio, 3.60 
