...............
2826
...............
2826
cfgFile=sz.config
[SZ] Reading SZ configuration file (sz.config) ...
sz_compress
SZ_compress_args
SZ_double
SZ_compress_args_double
min:3.629250
max:118486000.000000
ebm:4
2-PW_REL
20032
49299
37725
22299
63352
14071
62329
13782
35026
42447
41202
15891
16993
2644
35526
485
49194
65310
9520
63835
10541
7847
47487
12871
61271
30298
49456
29750
28123
59701
43292
58510
43333
48613
29270
3962
35533
20932
38920
6994
9464
20618
6648
1720
60696
30781
53811
54236
34273
62997
26894
57919
46306
13604
30854
51065
36349
42314
11950
57900
25825
1544
35071
46138
16386
25711
38299
9773
410
47179
24185
25676
7117
63834
40806
20920
25214
62160
63776
46593
61024
18987
44566
43830
49906
48683
15467
64741
52376
37990
806
42344
63363
450
45749
12122
40464
59695
50625
47651
32509
40252
28455
49244
14471
38778
18518
20693
38501
45275
9740
10242
62746
19603
52931
59896
62957
28595
38477
28182
20450
41234
48376
3828
43311
23542
38274
46863
48597
17786
51745
38020
35847
61640
51854
32921
39631
16288
43620
11503
37453
43518
52512
60384
61541
28214
63842
16818
49478
64467
38805
14883
18709
57140
50841
5303
57059
41533
14172
24991
19149
13806
47612
25711
10244
51533
48219
41770
34894
20418
38949
35773
30572
22749
56957
3492
36704
12047
33230
53882
1327
45530
29267
26435
17882
43526
35581
36973
40388
63872
39647
22715
22199
55065
11489
39504
36355
4465
39986
6881
37523
23970
30787
49352
37537
58672
19738
26815
49493
8291
43034
7956
52385
29522
5614
46370
43622
51244
63811
54937
50523
41299
20757
39253
61598
42155
11387
19748
29485
4559
55556
33513
46498
6671
59807
2375
52151
54951
18357
30656
22876
5232
8608
16772
32922
50928
50223
28286
19434
29115
44416
12136
23650
30408
48159
27864
18276
12395
18319
32366
32508
32679
29344
34559
39262
36066
26941
46127
22552
20181
18731
24663
27594
2351
37250
14919
65301
46763
58635
15896
3443
55457
49722
24438
50521
53379
58659
58770
19077
60838
37954
11542
61766
5349
16119
58743
34777
43146
34302
24847
1217
22267
17060
46623
13306
27754
45283
16337
62876
55216
10571
390
44060
22214
19824
52597
60733
47648
6098
1838
942
43039
60278
28610
43748
38173
32047
52598
28313
59818
27513
29808
27404
55965
53734
18295
600
49780
60469
32204
60361
62369
7715
570
52213
4605
58602
50325
9470
47702
31687
54557
8748
19463
32680
50707
51059
29497
29599
15897
41290
25394
45693
54356
15594
46409
44008
36670
5887
1329
41785
54271
35597
40765
17874
22463
14617
17815
37825
39340
5451
12150
58678
2748
14764
57938
24084
60466
809
23016
39692
56433
41089
54774
13019
42985
4453
25004
29330
59159
11479
48108
30283
29596
50665
12765
37595
28770
31392
33073
64711
9547
30897
14803
52481
39078
42758
16467
29037
42830
46938
20244
15511
39265
44367
12266
20464
5788
38427
62131
26528
1839
12065
33386
12288
41284
9047
47083
22132
39819
12010
41627
18006
35289
9259
27237
24907
63782
38692
51698
17384
34835
43353
63961
10727
45684
45413
58194
49639
44771
299
3687
41341
22005
20683
31883
5014
25365
30744
7727
9368
15526
22443
19155
3473
19712
47291
39150
3920
19830
49363
14594
44924
37763
22224
60139
1259
1491
20074
21761
28629
30708
14880
12878
13453
32139
28683
32417
27388
49383
43123
40100
55796
2816
30345
26162
40578
3380
6553
51356
9712
25160
20881
16883
11323
15543
17028
36496
39546
48556
56339
39451
56645
61281
57132
58772
2721
16733
59329
43251
6000
16455
46640
51406
52545
20984
45964
24178
23192
41848
31241
54206
43387
33740
63599
27026
20075
4818
25038
36924
40503
62716
15403
45875
57505
25821
3304
53402
43093
3107
44682
11005
35136
29904
10933
51371
26064
11861
45333
15051
54519
6286
5697
1167
57597
11532
64061
4683
56439
19528
6776
36659
47587
65087
20619
3740
7069
37519
10181
41309
26582
24354
28801
14043
21887
30950
33161
12653
1997
41375
5753
27892
32767
31352
19815
33882
19217
18862
4506
50310
49123
43712
46838
27343
29860
46120
61048
58629
7833
43549
44626
53565
36187
57971
57070
62305
495
44630
10641
16557
51864
13788
15955
45153
32324
40503
13409
45994
33604
36545
52113
12501
33433
53595
45719
61980
21950
41105
16784
22849
62751
63365
14294
60142
59176
8557
38356
63801
33612
4309
17809
44463
3802
57000
47261
11890
64175
43616
122608
++++++++++++++
sz compression ratio, 3.57 
