...............
971
...............
971
cfgFile=sz.config
[SZ] Reading SZ configuration file (sz.config) ...
sz_compress
SZ_compress_args
SZ_double
SZ_compress_args_double
min:67254.132812
max:152280.484375
ebm:4
2-PW_REL
49282
34196
44088
31032
905
60537
37265
23420
56647
44045
35482
16087
28772
40576
32796
41845
44828
64806
25872
32607
41189
58398
16205
15056
45437
33012
28569
33648
42335
27216
20276
50221
3735
21903
51860
26259
58020
5639
26598
52798
25705
31731
31306
42197
29324
28436
31343
31639
32252
38490
26225
39207
44392
20572
16376
47903
35962
29596
32910
35202
32532
30583
32762
32776
32767
32768
32768
32768
32788
32760
32756
32742
32809
32736
32799
32746
32775
32766
32765
32780
32756
32785
32764
32763
32779
32736
32800
32732
32786
32775
34987
30664
33458
24911
39031
31377
48230
13197
41450
27769
35848
32827
31344
35728
29008
34660
32378
32770
29620
38703
31306
30837
33793
32443
32846
32817
32724
32773
32750
38089
28725
23089
40220
39713
20762
46073
24327
31135
34644
30362
35781
40371
17301
41245
37393
27347
32541
34395
32961
29629
32383
34752
42466
18135
34347
41904
24927
38161
31405
29877
29828
41482
26691
40251
27542
23945
43343
28703
37013
24019
38493
29240
46971
18322
43238
25629
32933
27081
45933
32340
21666
36381
59928
51047
33690
38376
21628
45931
25561
30943
39834
30078
32289
32494
32522
35123
30032
32898
34294
32339
32003
34252
31111
32586
34253
32189
32382
33599
30756
36069
30094
34026
31667
34124
31178
34320
31224
35196
30757
32125
35747
29978
32794
35095
31846
30395
34466
35044
31551
31267
32796
34418
29551
36095
33159
30305
33993
30936
36249
29589
34884
32434
31191
35667
29627
34603
31506
33440
33657
30661
35407
30613
33595
36006
27829
32270
38155
24851
39845
30320
32952
32847
33241
28685
41229
27179
32041
32965
32271
33602
37204
25545
36137
33247
33729
30387
33487
34827
29771
35279
32167
34355
29747
32146
34079
34363
29292
36739
31303
32518
29657
40390
25791
35815
42964
11791
50438
15020
46420
26866
31859
37836
31254
33980
31461
31726
35945
29498
30675
36286
33993
30033
37270
28105
33131
33742
28724
39638
35268
22116
37609
33958
28707
37997
49242
53452
29965
38005
26707
35452
32373
32339
31842
35197
32065
30003
35070
37188
30825
23248
43248
27886
33873
34454
29372
41851
15556
45703
30011
31081
37938
45773
51450
50471
57193
30444
29025
35553
28977
38197
29104
34050
39069
22273
38202
38609
19186
40548
30489
31289
40531
26564
29374
38069
31439
36232
33484
25147
38640
31047
33174
31155
34793
33833
27525
35749
36362
26589
35441
34418
31801
34313
25305
41097
30122
30315
35905
30451
33476
31349
38607
27808
33590
34106
32609
29139
38489
29851
32636
33029
31064
35833
31174
33726
30726
31365
38696
30556
28432
39477
27562
43136
19314
34972
38584
29711
34195
29240
34270
30823
35500
32587
31575
34403
39282
18802
39599
34549
32333
29098
31575
42623
23708
36753
39621
16546
39529
31012
47372
12322
45485
27630
33942
26130
44340
27206
37010
27462
33094
37453
29460
34417
25376
42643
27911
38185
24850
36515
31892
33212
29283
31219
46442
20746
34581
38191
30458
29611
37170
27743
30768
44909
21988
39220
29584
30141
33934
36545
26899
36158
34701
30863
30947
33950
32941
30511
38974
32114
29240
29896
39214
36179
20644
38806
29976
42514
17595
43235
30984
31860
33394
35470
26262
37596
26148
41896
29654
36719
26769
29456
37831
32310
34387
30560
35107
28005
34361
36420
29930
32748
29693
40987
26486
35080
33785
29743
35490
31511
33094
29905
34830
30629
38646
30333
33104
31749
31415
30418
40097
31203
30677
31674
34429
29387
38081
30462
37464
21262
36578
38800
30628
31482
29680
33598
40204
28218
32578
28329
42345
22654
38184
35664
28123
33799
31600
35859
28414
34426
32750
37091
29250
31065
30528
41858
27683
33138
31818
33886
32543
30004
35191
34205
29778
36084
29559
35421
29579
35848
32420
31880
32716
33653
27409
41203
29060
31023
34872
31689
31783
38309
26602
30174
42938
28342
32631
32430
31166
35598
26998
38160
32395
32497
31729
32909
33065
33204
31276
34387
31128
33085
35245
29863
36307
27483
36050
33435
31741
32598
33245
30568
36347
31197
33004
32079
32048
34127
33194
32522
30551
34896
33446
30346
35030
31879
32759
33073
32184
33048
32731
32901
32645
32817
327768
++++++++++++++
sz compression ratio, 2.04 
