...............
971
...............
971
cfgFile=sz.config
[SZ] Reading SZ configuration file (sz.config) ...
sz_compress
SZ_compress_args
SZ_double
SZ_compress_args_double
min:295.388885
max:351.395935
ebm:4
2-PW_REL
32290
32962
30477
34607
32134
33672
33079
37096
22557
37899
35142
29593
35743
34366
23900
35023
35273
33187
33079
32341
32683
32968
32985
32264
35811
26627
37878
31031
34013
31183
33321
29240
39275
25649
37147
32016
33529
32959
31289
33387
33691
31292
35455
29753
33751
31454
34125
32768
32768
32769
32767
32768
32768
32962
32563
32776
32783
32765
32774
32773
32772
32769
32771
32790
32778
32766
32807
32785
32816
32814
32765
32767
32915
32572
32530
32511
33157
33366
32294
32510
32733
32704
32764
32793
32764
32806
32794
32763
32813
32787
32713
32869
32786
32684
32755
32892
32849
32776
33530
31724
32756
32774
32782
32778
32780
32777
32775
32776
32779
32775
32775
32775
32776
32774
32773
32773
32773
32773
32772
32771
32769
32770
32766
32760
32768
32794
32788
32770
32784
32778
32767
32791
32466
32902
32875
34469
31153
32596
32570
32677
32671
32671
32840
32931
32898
33004
32847
32975
32705
32660
32675
32807
33016
32716
32892
31616
33506
32766
32751
32762
32781
32774
32747
32772
32776
32779
32765
32760
32771
32761
32784
32776
32763
32766
32775
32770
32776
32757
32774
32768
32783
32751
32781
32755
32783
32765
32776
32745
32772
32784
32778
32747
32760
32793
32760
32783
32759
32758
32804
32715
32845
32223
32976
32845
32793
32828
33311
32345
32735
32753
32760
32772
32711
32794
32759
32712
32834
32782
32739
32786
32797
32784
32773
32762
32824
32745
32743
32778
32754
35766
27744
34060
33419
33012
32783
32766
32723
32765
32767
32755
32730
32711
32730
32751
32772
32773
32770
32771
32769
32776
32824
32717
32781
32766
32754
32768
34344
30084
32759
33381
33273
32972
32750
32784
32754
32757
32759
32707
32726
32709
32759
32771
32774
32766
32812
36092
27846
34447
32845
32901
32835
32939
32843
34402
31334
32170
32629
27972
37812
32994
33152
33019
32811
26373
38192
32629
32655
29154
36382
32756
32745
32783
32785
32773
32833
32779
32762
32770
32650
32712
32713
32812
32782
32720
32963
32784
32760
32726
32729
32744
32790
32775
32792
32778
32748
32796
32778
32742
32752
32800
32757
32783
32816
32809
32793
32815
32884
33262
34290
30388
32194
33898
32235
33276
33021
26516
38342
32730
32763
32740
32753
32928
32647
32679
32735
32735
32755
32820
32847
32805
32854
32243
33400
32612
32695
32746
32967
32710
32628
32731
32721
32793
32846
32794
32668
32823
32722
32796
32781
32848
32752
32764
32786
32777
32774
32792
32660
32768
32669
32888
32788
32837
32735
32761
32772
32751
32774
32790
32471
32978
32814
32762
32802
32765
32758
32412
34899
30805
32604
32829
32817
32804
32792
32788
32789
32782
32789
32792
32783
32773
32782
32774
32756
32771
32764
32764
32763
32761
32760
32757
32758
32761
32745
34790
30692
33134
32673
32938
31845
32142
34048
32746
32738
32743
32725
32732
32743
32753
32783
32781
32789
32813
32828
32834
32892
32770
32705
32794
32666
32716
32774
32818
32841
32847
32861
32882
32691
33888
28919
35213
32728
32745
32731
32727
32733
32731
32775
32778
32790
32794
32823
32833
32844
32884
32726
32736
32745
32670
32733
32786
32829
32838
32844
32859
32909
32738
33029
31449
33344
32877
31691
33798
32767
32773
32774
32771
35503
32186
31102
31890
33549
26590
38604
32737
32783
32747
32797
32739
32771
32772
32765
32758
32811
32722
32804
32721
32818
32716
32815
32723
32818
32716
32814
32706
32833
32728
32812
32710
32826
32725
32807
32726
32817
32710
32815
32761
32735
32814
32739
32796
32742
32803
32736
32787
32745
32802
32756
32770
32766
32781
32761
32789
32754
32772
32762
32788
32757
32794
32773
32782
32764
32781
32782
32775
32791
32767
32820
32742
32831
32736
28999
36304
32783
32768
32771
32769
32771
32770
32767
32768
32773
32764
32774
32769
32769
32770
32772
32769
32772
32768
32772
32761
32781
32766
32773
32769
32771
32776
32770
32782
32773
32784
32778
32785
32766
32766
33535
31871
32788
32740
32776
32767
32754
32779
32758
32773
32772
32749
32787
32760
32766
32772
32766
32770
32772
32763
32770
32773
32762
32776
32767
32767
32772
32768
32780
32757
32770
32778
32763
32770
32768
32772
3277768
++++++++++++++
sz compression ratio, 2.28 
