...............
971
...............
971
cfgFile=sz.config
[SZ] Reading SZ configuration file (sz.config) ...
sz_compress
SZ_compress_args
SZ_double
SZ_compress_args_double
min:37248.417969
max:171879.359375
ebm:4
2-PW_REL
61014
15034
54117
13438
42780
49900
7692
30933
44267
35025
34949
30236
25769
46629
60609
14771
5848
62477
49052
1066
14285
56978
27534
39786
31050
33427
27698
35875
32692
46953
2356
51735
30212
47419
4120
46277
52816
14192
33521
28519
17015
47877
38741
28905
49764
1981
46863
51052
5288
37468
43804
27463
32979
32769
32760
32775
32769
32767
32798
32744
32764
32764
32758
32761
32807
32747
32762
32778
32775
32745
32802
32742
32742
32801
32773
32755
32801
32744
32770
32755
32763
28741
40588
35184
18050
46242
25549
33728
36582
29387
34200
31408
34559
33052
26776
40343
31051
30019
34380
33233
32814
30702
34433
32600
32488
33028
33750
31690
33014
32716
35611
28652
30053
38586
35327
20955
43564
26933
38369
23442
47977
16147
46274
23330
31450
41033
25342
41422
29542
25393
39431
31792
37089
26134
40938
23924
30875
38767
31212
35919
32237
24411
43275
25969
43842
20592
36760
50426
27615
39492
710
25659
31490
35410
35731
34692
23827
39616
31616
33542
29172
42920
12555
53906
32749
13749
46545
24428
43961
28251
29156
35656
31847
32589
33081
31839
34251
31911
30078
39108
28497
33293
33452
33211
31679
32245
34034
32137
34509
29732
34416
32069
30759
37893
30551
32213
31658
34738
31877
32216
36608
28068
33988
34627
29726
31060
39988
27519
34190
32277
34056
30039
35975
29443
37216
27499
35380
32043
33361
34775
30281
33386
31861
33507
32754
33393
31907
32950
33110
31819
34423
31830
31990
34053
32210
32418
33078
34498
30378
34703
29279
35307
32612
32307
33854
28238
50022
9028
43603
29338
36658
30351
37795
24676
38147
32876
34663
25758
40859
25524
38612
28382
35528
30428
35266
31799
30499
36646
31302
32241
31330
37286
27013
38950
28337
37729
23911
39570
29877
32083
36785
29659
33554
31565
35797
31139
28589
37983
36235
29194
31052
28872
40885
28900
29399
42571
22419
38371
29150
36506
31278
31255
34462
32898
33786
30890
33407
35468
27563
34158
35230
29686
32761
35188
31842
34339
31267
33383
29423
39417
27483
34702
31106
34465
29625
37747
30032
33407
32834
55812
61657
29042
32350
31916
38378
26364
34957
62841
30995
30598
40269
20297
37847
33587
35859
29975
36535
26748
34640
33259
31512
36797
28842
34522
34210
27186
35546
35295
29662
36242
31474
27404
42630
25684
34495
31772
36751
29831
29199
38408
32270
30199
32556
34410
35885
26320
45592
12579
43187
34230
29364
35556
32380
33024
31633
32708
30672
40032
27617
35873
25738
35535
30566
40626
27438
34391
33785
32612
28718
36304
32587
33137
31509
30882
36529
32961
27110
35727
38975
21835
39676
31604
30936
33816
36952
26958
36653
31750
30001
36960
46727
49495
33994
28781
35302
34214
30567
34919
33453
29274
37491
27931
30121
47109
14435
39531
35495
30815
36507
30792
33647
26979
34981
30336
47233
17511
40535
16557
47109
40476
24842
34924
29713
33708
30462
33807
31626
35209
31849
46336
14623
22961
52715
26386
35016
32358
25121
45293
28268
28725
35957
22163
53213
21883
33508
33365
30159
35564
31543
38544
19829
46033
25323
34957
30268
36302
30534
33089
26576
44558
28325
31249
30825
41249
26414
32312
31234
38668
30530
30002
36049
26145
39886
31361
32936
29021
41139
27346
22230
53802
23874
29309
34616
29281
38223
31855
24283
49021
15256
48420
27320
31191
32717
33744
31337
34155
31340
31607
35036
35032
26642
38241
29474
38433
25487
35871
31954
30921
32859
38412
28136
35201
28536
39031
26283
39028
30757
33173
28336
35186
36893
25279
39381
30046
34479
31153
32929
32023
34500
31109
32036
35120
32127
32059
33124
32348
31952
34958
32512
30561
36356
28183
38185
27878
35514
31777
32292
33439
32168
34199
30402
34583
35632
27870
33954
33802
31126
33453
31429
34661
35844
29567
32862
31132
37093
28590
33531
34571
32992
29057
34647
34120
31925
32235
34243
31722
32309
33412
32677
31503
35832
30239
32653
35092
30281
34083
32066
33429
32177
32552
31747
33889
35770
28726
35208
31750
33141
32081
33298
32204
33315
32594
32782
32754
32755
32789
32753
32809
32736
32751
32762
32821
32705
33269
31828
33266
32939
33179
31344
33574
32798
32728
32774
327768
++++++++++++++
sz compression ratio, 2.07 
