current pwr_bound is 5e-2
cfgFile=sz.config
[SZ] Reading SZ configuration file (sz.config) ...
point count: 20694
pwrLength=647
pwrErrBoundBytes_size=1294
pw_relBoundRatio=0.050000
hit: 20481
miss: 211
length of statenum:65536
nodecount=4971
treeByteSize=44740
enCodeSize=22091
-------insight of tdps
dataLength=20694
exactDataNum=213
realPrecision=0.006592
medianValue=0.000000
reqLength=34
quantization_intervals=20000
pwrErrBoundBytes_size=1294
radExpo=6
-----------------------
timecost, 0.007574, seconds
done
input file size: 165552
output file size: 42966
sz compression ratio, 3.85 
timecost, 0.004860, second
done
Max absolute error = 0.24566283716782066904
Max relative error = 0.001610081112558626017
Max pw_relative err = 0.04953581182611375977
../model_comparison/inputdata/original/dpot.dat, ../model_comparison/inputdata/original/dpot.dat.sz.out, 20694
size of double: 8
0.368178, 0.368176, -0.000003
-1.369298, -1.369293, 0.000005
-0.904911, -0.904613, 0.000297
-0.242216, -0.242180, 0.000036
-0.242667, -0.243809, -0.001142
0.073371, 0.074387, 0.001016
-0.222956, -0.222652, 0.000303
-0.413475, -0.412270, 0.001206
-0.344750, -0.345539, -0.000789
0.499311, 0.500000, 0.000689
0.781399, 0.781574, 0.000175
-0.131451, -0.130699, 0.000752
-0.706581, -0.706059, 0.000522
0.045989, 0.046707, 0.000718
0.781507, 0.782383, 0.000876
-0.024831, -0.024910, -0.000079
0.088649, 0.088207, -0.000441
1.804921, 1.805328, 0.000408
1.931853, 1.930653, -0.001201
1.589558, 1.589668, 0.000110
1.034103, 1.033840, -0.000263
-0.188667, -0.188492, 0.000175
-0.990327, -0.990902, -0.000575
-2.038825, -2.039894, -0.001069
-1.609788, -1.609394, 0.000394
-5.069481, -5.070496, -0.001015
-3.826901, -3.827007, -0.000106
-4.100094, -4.099632, 0.000462
-2.010608, -2.011417, -0.000809
-0.587339, -0.587265, 0.000074
-0.380273, -0.381374, -0.001102
-1.221357, -1.220406, 0.000951
-1.993141, -1.993031, 0.000110
-0.811884, -0.810822, 0.001063
0.379526, 0.379688, 0.000162
0.469251, 0.470345, 0.001094
-0.374178, -0.372837, 0.001341
-1.584565, -1.585403, -0.000839
-1.950584, -1.951290, -0.000706
-2.603841, -2.603554, 0.000288
-1.683900, -1.682819, 0.001081
-1.914095, -1.915894, -0.001799
-1.502508, -1.501507, 0.001001
-0.176337, -0.178185, -0.001847
2.364846, 2.365353, 0.000507
2.753652, 2.754837, 0.001185
1.975693, 1.973911, -0.001782
0.422375, 0.421013, -0.001362
-0.170587, -0.168995, 0.001592
-0.886920, -0.887665, -0.000745
-1.679096, -1.681042, -0.001945
-1.946687, -1.947319, -0.000632
-1.242541, -1.242405, 0.000136
0.316583, 0.317490, 0.000907
1.608236, 1.607609, -0.000627
3.109394, 3.109398, 0.000004
3.265360, 3.266460, 0.001101
1.615892, 1.613953, -0.001939
-0.041930, -0.042706, -0.000776
-0.842062, -0.840233, 0.001830
0.766513, 0.765316, -0.001197
2.743317, 2.744400, 0.001083
5.643727, 5.644871, 0.001144
6.219766, 6.221123, 0.001357
5.023449, 5.020031, -0.003418
5.471904, 5.469330, -0.002575
4.166876, 4.170582, 0.003705
4.807365, 4.805428, -0.001938
4.040765, 4.043789, 0.003024
4.644611, 4.649338, 0.004726
2.447164, 2.442387, -0.004777
-0.319764, -0.321205, -0.001441
-1.859921, -1.864094, -0.004172
-2.129135, -2.127686, 0.001449
-4.741988, -4.744793, -0.002805
-5.853150, -5.857994, -0.004845
-7.844394, -7.840336, 0.004058
-6.581496, -6.580490, 0.001006
-4.860668, -4.861660, -0.000992
-6.276986, -6.277596, -0.000610
-4.962145, -4.959156, 0.002989
-5.816181, -5.818451, -0.002270
-4.574234, -4.578136, -0.003903
-3.499850, -3.503838, -0.003987
-0.497837, -0.495945, 0.001892
1.645271, 1.642807, -0.002464
-0.143893, -0.144222, -0.000330
-3.120205, -3.122658, -0.002453
-2.881395, -2.878437, 0.002958
0.413964, 0.412659, -0.001306
3.149193, 3.147114, -0.002079
2.654673, 2.658913, 0.004240
0.099996, 0.100399, 0.000403
-2.085054, -2.087021, -0.001967
-3.579903, -3.581081, -0.001178
-3.593231, -3.590767, 0.002465
-2.450383, -2.439320, 0.011063
-1.746887, -1.740997, 0.005890
-0.291284, -0.278027, 0.013258
3.019338, 3.025764, 0.006426
5.100474, 5.111782, 0.011308
4.105571, 4.110886, 0.005314
3.154963, 3.166630, 0.011667
4.408344, 4.403038, -0.005306
5.951606, 5.950970, -0.000636
5.707885, 5.714722, 0.006836
3.863303, 3.864216, 0.000913
2.090294, 2.098671, 0.008377
1.570263, 1.579220, 0.008957
3.503740, 3.495316, -0.008425
5.681613, 5.694614, 0.013002
7.603301, 7.610710, 0.007409
8.021434, 8.025829, 0.004395
7.482339, 7.478058, -0.004281
5.788301, 5.797474, 0.009173
4.328478, 4.315132, -0.013346
5.455935, 5.466579, 0.010644
8.933719, 8.940292, 0.006573
11.673635, 11.677677, 0.004042
10.996685, 10.988304, -0.008381
8.287344, 8.288189, 0.000845
5.978226, 5.984558, 0.006332
5.074019, 5.068623, -0.005396
6.104812, 6.106789, 0.001976
8.177164, 8.164486, -0.012678
9.440996, 9.429214, -0.011782
6.915643, 6.927341, 0.011699
1.401033, 1.395195, -0.005838
-2.416192, -2.418201, -0.002009
-4.009127, -4.018707, -0.009580
-6.806351, -6.800854, 0.005497
-11.383022, -11.387688, -0.004666
-13.424204, -13.417881, 0.006323
-10.484035, -10.485184, -0.001149
-7.237075, -7.230221, 0.006855
-6.766953, -6.768227, -0.001274
-6.452453, -6.456623, -0.004171
-3.037244, -3.029785, 0.007459
-1.968182, -1.966228, 0.001954
-0.223786, -0.215172, 0.008614
3.015217, 3.018307, 0.003090
3.112905, 3.115067, 0.002161
-1.407666, -1.407314, 0.000352
-5.151974, -5.156258, -0.004283
-3.642915, -3.641529, 0.001386
1.093429, 1.095856, 0.002426
3.702649, 3.706287, 0.003638
1.836951, 1.826485, -0.010466
-1.146506, -1.149021, -0.002515
-2.693593, -2.685074, 0.008519
-2.792526, -2.803158, -0.010632
-1.883798, -1.889992, -0.006194
-0.635859, -0.633076, 0.002783
1.397116, 1.397278, 0.000162
4.709073, 4.716694, 0.007621
7.291976, 7.284157, -0.007819
7.084326, 7.080135, -0.004190
6.477405, 6.467911, -0.009494
9.428384, 9.422092, -0.006292
14.230846, 14.223930, -0.006915
16.633137, 16.564831, -0.068306
14.707114, 14.640106, -0.067007
10.116296, 10.090382, -0.025914
5.881173, 5.868782, -0.012391
3.978440, 3.944057, -0.034382
4.375579, 4.316208, -0.059371
6.384755, 6.328983, -0.055772
9.294094, 9.326134, 0.032040
9.940384, 9.862347, -0.078037
8.788996, 8.757935, -0.031061
8.898709, 8.966022, 0.067313
9.871699, 9.830360, -0.041338
10.706194, 10.694698, -0.011496
12.785376, 12.707474, -0.077902
15.443538, 15.376499, -0.067038
15.584496, 15.584587, 0.000091
12.102235, 12.183300, 0.081065
7.534587, 7.469513, -0.065074
3.748069, 3.740101, -0.007968
3.539718, 3.620064, 0.080346
7.200976, 7.273464, 0.072488
11.050807, 11.090927, 0.040120
10.127368, 10.150578, 0.023209
3.748374, 3.796165, 0.047792
-1.713437, -1.737934, -0.024497
-3.668496, -3.662659, 0.005837
-5.943778, -5.915508, 0.028269
-11.393247, -11.449608, -0.056361
-16.208793, -16.163395, 0.045399
-14.935984, -14.970932, -0.034948
-9.907828, -9.840969, 0.066859
-7.152829, -7.171944, -0.019114
-5.679314, -5.674793, 0.004521
-0.779388, -0.802643, -0.023255
-0.471997, -0.477367, -0.005370
-1.042747, -1.042717, 0.000030
0.715323, 0.735683, 0.020360
2.889561, 2.889084, -0.000477
1.515202, 1.526859, 0.011658
-3.128455, -3.116615, 0.011839
-5.496904, -5.510090, -0.013186
-2.773663, -2.794189, -0.020527
1.664196, 1.656086, -0.008110
1.926485, 1.934486, 0.008002
-1.677798, -1.677738, 0.000060
-3.844750, -3.836838, 0.007913
-1.771832, -1.777187, -0.005355
0.822317, 0.844963, 0.022646
0.918315, 0.935863, 0.017549
2.125643, 2.104889, -0.020754
5.824068, 5.805164, -0.018904
8.690925, 8.708565, 0.017640
9.496355, 9.502590, 0.006235
9.379230, 9.359116, -0.020114
12.190424, 12.168766, -0.021658
18.554506, 18.540916, -0.013590
23.541967, 23.553692, 0.011725
23.597324, 23.597717, 0.000394
19.005766, 19.001118, -0.004648
12.776746, 12.763893, -0.012853
7.494595, 7.511044, 0.016449
4.105222, 4.086319, -0.018903
3.028372, 3.005344, -0.023027
5.091111, 5.111870, 0.020759
7.241589, 7.246227, 0.004639
5.729788, 5.725311, -0.004477
4.948040, 4.946583, -0.001457
8.078959, 8.082893, 0.003934
10.982365, 10.977993, -0.004372
13.086482, 13.084518, -0.001964
15.410978, 15.413700, 0.002722
16.779187, 16.778038, -0.001149
15.148904, 15.145794, -0.003110
10.707969, 10.711792, 0.003823
4.232254, 4.236774, 0.004521
-0.341120, -0.345665, -0.004545
1.747147, 1.751583, 0.004436
7.536080, 7.531937, -0.004144
9.492192, 9.490025, -0.002167
4.069602, 4.072624, 0.003022
-2.046962, -2.049854, -0.002893
-3.179642, -3.181122, -0.001480
-3.253295, -3.254772, -0.001477
-6.855677, -6.853813, 0.001864
-13.236985, -13.236057, 0.000928
-16.314768, -16.315567, -0.000799
-13.907995, -13.912167, -0.004171
-10.666516, -10.664528, 0.001988
-7.998915, -8.001362, -0.002447
-3.824663, -3.825989, -0.001326
-2.812752, -2.814190, -0.001438
-3.804377, -3.806297, -0.001921
-5.030807, -5.030338, 0.000469
-2.442419, -2.441391, 0.001028
0.097437, 0.101170, 0.003732
-0.345916, -0.343575, 0.002342
-3.040197, -3.038319, 0.001879
-3.451211, -3.451813, -0.000601
-0.039606, -0.041088, -0.001482
2.332956, 2.334480, 0.001524
-0.172710, -0.172764, -0.000054
-4.117576, -4.117508, 0.000068
-2.879975, -2.878658, 0.001317
2.930221, 2.930504, 0.000283
4.057717, 4.056072, -0.001645
1.980686, 1.982422, 0.001735
4.289740, 4.291584, 0.001844
7.918893, 7.917152, -0.001741
9.153437, 9.152096, -0.001341
9.110116, 9.109695, -0.000421
9.800134, 9.801670, 0.001536
14.776192, 14.774895, -0.001298
21.589278, 21.587963, -0.001315
25.345993, 25.346344, 0.000351
24.274886, 24.276600, 0.001714
19.720934, 19.722481, 0.001547
13.706749, 13.707424, 0.000675
7.851630, 7.852524, 0.000894
3.589428, 3.591373, 0.001946
0.805030, 0.806786, 0.001756
-0.043260, -0.044209, -0.000949
2.317372, 2.315735, -0.001637
2.819977, 2.820210, 0.000233
0.394173, 0.394997, 0.000824
1.446236, 1.446346, 0.000110
4.725453, 4.724258, -0.001195
8.583764, 8.584202, 0.000438
12.531358, 12.530083, -0.001275
14.919426, 14.946667, 0.027240
14.166134, 14.191376, 0.025241
10.288891, 10.264210, -0.024681
2.937353, 2.938606, 0.001253
-4.703306, -4.726841, -0.023535
-5.637473, -5.652054, -0.014581
0.568517, 0.559452, -0.009065
5.891570, 5.864708, -0.026862
3.014184, 3.013714, -0.000471
-3.499601, -3.518921, -0.019320
-4.192326, -4.217571, -0.025245
-1.241961, -1.234581, 0.007380
-2.093110, -2.103153, -0.010043
-7.650221, -7.672897, -0.022677
-12.604793, -12.619595, -0.014801
-13.317533, -13.318245, -0.000712
-12.299924, -12.317677, -0.017752
-11.433120, -11.430389, 0.002731
-7.832186, -7.824352, 0.007834
-6.989020, -6.993706, -0.004686
-7.635667, -7.635715, -0.000049
-10.172849, -10.146866, 0.025983
-8.841772, -8.863094, -0.021322
-5.113473, -5.087135, 0.026338
-3.406093, -3.406879, -0.000787
-3.800730, -3.822327, -0.021597
-4.218300, -4.237774, -0.019474
-1.243964, -1.254784, -0.010820
2.680392, 2.691097, 0.010705
2.284185, 2.275650, -0.008535
-1.438688, -1.424953, 0.013735
-3.046202, -3.029854, 0.016348
1.597415, 1.599621, 0.002205
6.258562, 6.256439, -0.002123
4.161999, 4.159351, -0.002648
2.563877, 2.554451, -0.009426
6.508047, 6.500332, -0.007715
9.799829, 9.789963, -0.009866
9.495893, 9.497562, 0.001669
7.318432, 7.318443, 0.000011
7.667068, 7.654949, -0.012118
12.707135, 12.694580, -0.012555
19.445508, 19.456867, 0.011359
23.804544, 23.812904, 0.008360
22.552994, 22.563473, 0.010479
17.713229, 17.704666, -0.008563
11.820689, 11.834141, 0.013452
6.049311, 6.045647, -0.003665
2.203144, 2.198559, -0.004585
0.313837, 0.320221, 0.006384
1.437124, 1.449696, 0.012572
5.315630, 5.313545, -0.002084
4.290723, 4.282864, -0.007859
0.862096, 0.873276, 0.011180
-0.278417, -0.266781, 0.011636
1.328635, 1.327538, -0.001097
5.455539, 5.464825, 0.009286
9.437407, 9.438049, 0.000642
10.889048, 10.895649, 0.006601
8.282282, 8.279030, -0.003252
1.250604, 1.260067, 0.009463
-8.029523, -8.028427, 0.001096
-12.214449, -12.203640, 0.010809
-7.638203, -7.628853, 0.009351
1.163494, 1.162487, -0.001007
4.228133, 4.229706, 0.001573
-0.695670, -0.695507, 0.000163
-3.757266, -3.755974, 0.001293
0.047073, 0.048794, 0.001721
2.628755, 2.628952, 0.000197
-1.476295, -1.475216, 0.001079
-7.012979, -7.012733, 0.000245
-9.081264, -9.080524, 0.000739
-9.860334, -9.858765, 0.001569
-12.045229, -12.047161, -0.001932
-13.641103, -13.641808, -0.000705
-10.545060, -10.546757, -0.001697
-13.502006, -13.500534, 0.001472
-11.972321, -11.973354, -0.001033
-12.519488, -12.519661, -0.000173
-10.068499, -10.069386, -0.000886
-8.112611, -8.110809, 0.001802
-8.884727, -8.884411, 0.000316
-9.228115, -9.226616, 0.001499
-5.378432, -5.380100, -0.001668
1.063941, 1.064072, 0.000131
3.636259, 3.634953, -0.001306
1.204086, 1.205345, 0.001259
-1.491226, -1.493305, -0.002079
-1.036334, -1.037659, -0.001324
3.022868, 3.022236, -0.000632
5.095986, 5.096779, 0.000793
2.670936, 2.671810, 0.000874
3.963606, 3.962418, -0.001189
10.502320, 10.504002, 0.001681
13.761333, 13.761406, 0.000073
9.980374, 9.985607, 0.005233
4.728254, 4.737152, 0.008898
4.182111, 4.185963, 0.003851
10.038768, 10.033211, -0.005557
19.333587, 19.333584, -0.000003
22.561230, 22.565598, 0.004368
17.948154, 17.951908, 0.003754
12.945782, 12.957359, 0.011578
8.843279, 8.851482, 0.008203
5.208076, 5.202637, -0.005440
4.001746, 3.991291, -0.010455
2.904303, 2.906898, 0.002596
2.739725, 2.736568, -0.003156
7.290797, 7.288895, -0.001902
11.261028, 11.257236, -0.003792
8.252359, 8.243156, -0.009203
2.134296, 2.131420, -0.002876
-1.722346, -1.720551, 0.001796
-2.127399, -2.119396, 0.008003
0.262380, 0.274727, 0.012346
3.731754, 3.735256, 0.003502
4.884456, 4.885239, 0.000782
1.260628, 1.261784, 0.001155
-6.491891, -6.500343, -0.008452
-13.062925, -13.069111, -0.006186
-12.435302, -12.426941, 0.008361
-3.913207, -3.913677, -0.000470
4.441289, 4.447243, 0.005954
5.119031, 5.114803, -0.004228
0.360389, 0.348770, -0.011619
-0.430888, -0.430935, -0.000047
3.065747, 3.054985, -0.010762
2.961017, 2.978405, 0.017388
-1.003244, -0.994659, 0.008585
-3.580060, -3.594677, -0.014617
-5.459469, -5.452507, 0.006962
-8.367062, -8.349400, 0.017662
-12.912427, -12.916214, -0.003787
-16.532254, -16.518185, 0.014070
-14.884884, -14.887733, -0.002849
-11.264678, -11.253376, 0.011302
-11.051793, -11.070190, -0.018397
-11.549949, -11.554974, -0.005024
-10.069800, -10.072960, -0.003160
-10.118768, -10.112431, 0.006338
-12.622280, -12.638229, -0.015949
-10.383970, -10.376919, 0.007052
-2.065385, -2.066780, -0.001395
3.119636, 3.126171, 0.006535
0.402990, 0.414825, 0.011836
-2.252274, -2.259411, -0.007137
-1.165961, -1.148491, 0.017470
0.373203, 0.370632, -0.002570
2.300926, 2.297958, -0.002967
1.625776, 1.627628, 0.001852
1.097733, 1.105736, 0.008003
6.548919, 6.558453, 0.009534
14.995871, 14.979919, -0.015951
17.247903, 17.241230, -0.006673
10.405998, 10.410744, 0.004746
1.745996, 1.761898, 0.015902
1.301569, 1.314224, 0.012655
11.594291, 11.591160, -0.003131
20.570494, 20.569267, -0.001227
17.031926, 17.036633, 0.004706
10.064568, 10.067474, 0.002906
7.299318, 7.298512, -0.000806
6.113512, 6.113045, -0.000467
7.294407, 7.297207, 0.002800
4.849188, 4.853928, 0.004740
2.038988, 2.040043, 0.001055
2.811341, 2.808678, -0.002664
8.589373, 8.586102, -0.003271
11.481034, 11.477295, -0.003739
6.426587, 6.428547, 0.001960
-1.475021, -1.472740, 0.002281
-6.335102, -6.330570, 0.004532
-7.751418, -7.751877, -0.000459
-4.446090, -4.445156, 0.000934
0.162390, 0.164299, 0.001909
3.310802, 3.313793, 0.002992
2.218402, 2.218170, -0.000232
-3.713442, -3.717785, -0.004343
-9.698124, -9.698662, -0.000538
-7.179034, -7.178074, 0.000960
0.657184, 0.654526, -0.002658
6.033715, 6.038883, 0.005168
4.723427, 4.718651, -0.004776
-0.962787, -0.959003, 0.003783
-2.153279, -2.155701, -0.002422
-0.190545, -0.185406, 0.005139
1.961174, 1.964577, 0.003403
2.360436, 2.362606, 0.002170
0.115814, 0.110245, -0.005569
-3.700352, -3.703152, -0.002800
-7.024111, -7.022408, 0.001704
-13.377018, -13.365101, 0.011918
-17.032585, -17.035919, -0.003334
-11.035483, -11.003613, 0.031870
-8.352707, -8.346306, 0.006401
-11.265219, -11.243687, 0.021532
-10.724343, -10.695755, 0.028588
-7.820629, -7.827511, -0.006882
-7.781430, -7.771767, 0.009663
-9.344597, -9.333210, 0.011387
-4.377906, -4.355591, 0.022315
2.763136, 2.731403, -0.031733
-0.886186, -0.869102, 0.017083
-8.864820, -8.899296, -0.034475
-4.269805, -4.273239, -0.003434
2.100817, 2.110630, 0.009813
2.652116, 2.658562, 0.006445
0.729834, 0.745556, 0.015722
-1.278944, -1.308075, -0.029131
0.779896, 0.786732, 0.006836
6.445099, 6.467476, 0.022377
totaldiff=284.3331102115, sz=20694, average absolute error value:0.0137398816
totaldiff=152.4914277447, sz=20694, average relative error rate:0.0073688715
