current pwr_bound is 5e-0
cfgFile=sz.config
[SZ] Reading SZ configuration file (sz.config) ...
point count: 2040
pwrLength=64
pwrErrBoundBytes_size=128
pw_relBoundRatio=5.000000
hit: 2038
miss: 0
length of statenum:65536
nodecount=185
treeByteSize=1296
enCodeSize=853
-------insight of tdps
dataLength=2040
exactDataNum=2
realPrecision=0.656250
medianValue=0.000000
reqLength=17
quantization_intervals=20000
pwrErrBoundBytes_size=128
radExpo=6
-----------------------
timecost, 0.004113, seconds
done
input file size: 16320
output file size: 1660
sz compression ratio, 9.83 
timecost, 0.003799, second
done
Max absolute error = 16.53852526598738848
Max relative error = 0.13729209377269613324
Max pw_relative err = 4.9006365160140141768
../model_comparison/inputdata/sample_10/dpot.dat, ../model_comparison/inputdata/sample_10/dpot.dat.sz.out, 2040
size of double: 8
23.711977, 23.500000, -0.211977
22.353690, 22.000000, -0.353690
18.947618, 20.500000, 1.552382
11.847015, 12.000000, 0.152985
5.801209, 3.500000, -2.301209
5.079766, 2.000000, -3.079766
6.413643, 7.500000, 1.086357
7.002142, 6.000000, -1.002142
5.366651, 4.500000, -0.866651
2.124963, 3.000000, 0.875037
-2.009706, -5.500000, -3.490294
-8.125345, -7.000000, 1.125345
-13.989339, -15.500000, -1.510661
-14.521848, -17.000000, -2.478152
-10.321462, -11.500000, -1.178538
-6.716421, -6.000000, 0.716421
-4.405727, -7.500000, -3.094273
0.712774, -2.000000, -2.712774
6.083452, 3.500000, -2.583452
4.436652, 2.000000, -2.436652
-1.367246, 0.500000, 1.867246
-3.197159, -1.000000, 2.197159
-4.170788, -2.500000, 1.670788
-5.323967, -4.000000, 1.323967
-1.226969, 1.500000, 2.726969
2.729098, 0.000000, -2.729098
2.881998, 5.500000, 2.618002
-5.950155, -3.000000, 2.950155
-11.276640, -11.500000, -0.223360
-16.195011, -13.000000, 3.195011
-25.542133, -28.500000, -2.957867
-33.175469, -30.000000, 3.175469
-31.275124, -31.500000, -0.224876
-23.818913, -23.500000, 0.318913
-15.039447, -15.500000, -0.460553
-5.631662, -7.500000, -1.868338
2.543720, 0.500000, -2.043720
8.963656, 8.500000, -0.463656
11.760676, 11.750000, -0.010676
11.254003, 10.250000, -1.004003
12.184466, 13.500000, 1.315534
17.166640, 16.750000, -0.416640
15.124365, 15.250000, 0.125635
6.807106, 9.000000, 2.192894
-0.481193, -2.000000, -1.518807
-7.612863, -8.250000, -0.637137
-14.907617, -14.500000, 0.407617
-16.383307, -16.000000, 0.383307
-9.731734, -8.000000, 1.731734
1.155299, 0.000000, -1.155299
13.417157, 12.750000, -0.667157
22.723028, 20.750000, -1.973028
28.501099, 28.750000, 0.248901
35.504793, 36.750000, 1.245207
47.117604, 44.750000, -2.367604
54.734487, 52.750000, -1.984487
53.498187, 51.250000, -2.248187
45.655828, 45.000000, -0.655828
39.747633, 38.750000, -0.997633
38.158916, 37.250000, -0.908916
33.752803, 35.750000, 1.997197
28.377893, 29.500000, 1.122107
29.228535, 28.000000, -1.228535
31.644007, 31.250000, -0.394007
26.876212, 25.500000, -1.376212
20.495205, 19.750000, -0.745205
24.040410, 23.000000, -1.040410
27.580962, 26.250000, -1.330962
21.143367, 20.500000, -0.643367
14.419119, 14.750000, 0.330881
13.719864, 15.000000, 1.280136
21.396185, 21.250000, -0.146185
34.519271, 33.500000, -1.019271
35.675576, 36.750000, 1.074424
23.893980, 25.000000, 1.106020
16.329936, 16.250000, -0.079936
12.642732, 13.500000, 0.857268
5.037842, 4.750000, -0.287842
-4.925719, -4.000000, 0.925719
-13.847731, -12.750000, 1.097731
17.080312, 17.500000, 0.419688
34.339050, 35.750000, 1.410950
45.450411, 45.000000, -0.450411
37.116837, 36.250000, -0.866837
25.159591, 24.500000, -0.659591
21.927995, 21.750000, -0.177995
21.429736, 22.000000, 0.570264
13.760294, 13.250000, -0.510294
2.104586, 1.500000, -0.604586
-4.769660, -4.250000, 0.519660
-0.308234, -1.000000, -0.691766
12.677624, 11.250000, -1.427624
19.722768, 20.500000, 0.777232
20.983087, 20.750000, -0.233087
24.205697, 24.000000, -0.205697
20.294583, 21.250000, 0.955417
6.020741, 7.500000, 1.479259
-7.843651, -6.250000, 1.593651
-15.645503, -14.500000, 1.145503
-17.954181, -17.250000, 0.704181
-19.389864, -20.000000, -0.610136
-23.533078, -22.750000, 0.783078
-29.258612, -31.000000, -1.741388
-30.852253, -28.250000, 2.602253
-24.094064, -25.500000, -1.405936
-13.484793, -11.750000, 1.734793
0.558342, 2.000000, 1.441658
19.131748, 21.250000, 2.118252
25.773138, 24.000000, -1.773138
12.712311, 10.250000, -2.462311
-1.128231, -3.500000, -2.371769
-7.694245, -6.250000, 1.444245
-11.437184, -9.000000, 2.437184
-7.927752, -6.250000, 1.677752
-1.235631, -3.500000, -2.264369
3.475734, 4.750000, 1.274266
8.644886, 7.500000, -1.144886
9.959167, 10.250000, 0.290833
3.407163, 2.000000, -1.407163
-0.936802, -0.750000, 0.186802
11.044273, 13.000000, 1.955727
8.608528, 10.250000, 1.641472
8.807836, 7.500000, -1.307836
10.771711, 10.250000, -0.521711
8.720066, 7.500000, -1.220066
6.074961, 4.750000, -1.324961
8.904245, 7.500000, -1.404245
-4.018607, -6.250000, -2.231393
-26.578375, -32.500000, -5.921625
-50.710973, -46.250000, 4.460973
-57.857050, -60.000000, -2.142950
-37.007620, -36.250000, 0.757620
-9.556599, -12.500000, -2.943401
-2.142149, -1.250000, 0.892149
-12.935701, -15.000000, -2.064299
-23.641478, -28.750000, -5.108522
-27.319510, -30.000000, -2.680490
-27.436904, -31.250000, -3.813096
-28.656987, -32.500000, -3.843013
-33.979958, -33.750000, 0.229958
-39.245690, -35.000000, 4.245690
-41.340638, -36.250000, 5.090638
-43.655799, -37.500000, 6.155799
-48.262790, -51.250000, -2.987210
-48.723713, -52.500000, -3.776287
-40.099472, -41.250000, -1.150528
-26.065947, -30.000000, -3.934053
-8.044867, -6.250000, 1.794867
6.588734, 5.000000, -1.588734
1.251114, 3.750000, 2.498886
-14.507623, -10.000000, 4.507623
-16.619862, -11.250000, 5.369862
-3.253609, 0.000000, 3.253609
10.661099, 11.250000, 0.588901
14.418635, 10.000000, -4.418635
6.089593, 8.750000, 2.660407
-8.519108, -5.000000, 3.519108
-18.581455, -18.750000, -0.168545
-21.887668, -20.000000, 1.887668
-21.084538, -21.250000, -0.165462
15.131000, 15.750000, 0.619000
24.620669, 23.000000, -1.620669
29.876252, 30.250000, 0.373748
32.105083, 33.250000, 1.144917
26.661973, 27.750000, 1.088027
13.852119, 13.750000, -0.102119
1.476740, -0.250000, -1.726740
0.427250, -1.500000, -1.927250
8.753690, 10.000000, 1.246310
14.810500, 13.000000, -1.810500
17.916080, 16.000000, -1.916080
21.280374, 23.250000, 1.969626
20.545529, 22.000000, 1.454471
12.699408, 12.250000, -0.449408
3.604900, 2.500000, -1.104900
6.161355, 5.500000, -0.661355
9.783689, 8.500000, -1.283689
11.758445, 11.500000, -0.258445
16.989506, 18.750000, 1.760494
29.442091, 30.250000, 0.807909
40.398947, 41.750000, 1.351053
34.202596, 36.250000, 2.047404
19.104535, 18.000000, -1.104535
7.590782, 8.250000, 0.659218
-4.928279, -5.750000, -0.821721
-13.094466, -11.250000, 1.844466
-9.422441, -8.250000, 1.172441
-9.572614, -9.500000, 0.072614
-15.441285, -15.000000, 0.441285
-14.276098, -16.250000, -1.973902
-7.242426, -9.000000, -1.757574
-4.963947, -6.000000, -1.036053
-6.602044, -8.250000, -1.647956
-14.654261, -15.750000, -1.095739
-25.654370, -23.250000, 2.404370
-29.832467, -30.750000, -0.917533
-27.167734, -27.750000, -0.582266
-21.267725, -19.500000, 1.767725
-12.773730, -11.250000, 1.523730
-2.736201, -3.000000, -0.263799
-43.643045, -42.000000, 1.643045
-37.207824, -39.000000, -1.792176
-26.426725, -25.500000, 0.926725
-22.728297, -22.500000, 0.228297
-18.995659, -19.500000, -0.504341
-15.158528, -16.500000, -1.341472
-16.234634, -18.750000, -2.515366
-20.400426, -21.000000, -0.599574
-17.982544, -18.000000, -0.017456
-14.401027, -15.000000, -0.598973
-12.516841, -12.000000, 0.516841
-11.651250, -14.250000, -2.598750
-10.624728, -11.250000, -0.625272
-4.797037, -3.000000, 1.797037
5.015247, 5.250000, 0.234753
6.004272, 8.250000, 2.245728
0.545028, 0.750000, 0.204972
3.485741, 3.750000, 0.264259
16.436162, 17.250000, 0.813838
34.195726, 36.000000, 1.804274
49.312061, 49.500000, 0.187939
49.520727, 47.250000, -2.270727
36.188273, 34.500000, -1.688273
21.386413, 21.750000, 0.363587
-0.573238, -2.000000, -1.426762
-23.679595, -25.750000, -2.070405
-37.727520, -38.500000, -0.772480
-41.424841, -40.250000, 1.174841
-37.324858, -36.500000, 0.824858
-28.381241, -27.250000, 1.131241
-19.157259, -18.000000, 1.157259
-6.473025, -8.750000, -2.276975
3.947757, 6.000000, 2.052243
1.245203, -1.250000, -2.495203
-2.898697, -3.000000, -0.101303
-11.712886, -10.250000, 1.462886
-22.684446, -23.000000, -0.315554
-32.873128, -30.250000, 2.623128
-35.834891, -37.500000, -1.665109
-38.174548, -39.250000, -1.075452
24.674771, 25.000000, 0.325229
33.934447, 34.250000, 0.315553
32.274773, 32.500000, 0.225227
32.371713, 30.750000, -1.621713
24.241791, 23.500000, -0.741791
14.575150, 16.250000, 1.674850
3.996078, 3.500000, -0.496078
-3.551641, -3.750000, -0.198359
-4.167923, -5.500000, -1.332077
-7.243614, -7.250000, -0.006386
-7.162182, -9.000000, -1.837818
-3.378865, -5.250000, -1.871135
1.785775, 4.000000, 2.214225
6.587525, 7.750000, 1.162475
8.990469, 11.500000, 2.509531
11.315471, 9.750000, -1.565471
9.912054, 8.000000, -1.912054
3.088051, 6.250000, 3.161949
-13.548885, -22.500000, -8.951115
-24.124049, -24.250000, -0.125951
-24.432642, -26.000000, -1.567358
-26.983773, -27.750000, -0.766227
-37.922571, -29.500000, 8.422571
-44.814520, -58.250000, -13.435480
-40.801875, -33.000000, 7.801875
-27.420652, -34.750000, -7.329348
-23.308101, -36.500000, -13.191899
-24.996707, -38.250000, -13.253293
-33.324463, -40.000000, -6.675537
-35.294716, -41.750000, -6.455284
-31.342417, -43.500000, -12.157583
-28.475043, -18.250000, 10.225043
-24.343738, -20.000000, 4.343738
-24.464974, -21.750000, 2.714974
-22.649773, -23.500000, -0.850227
-21.394065, -25.250000, -3.855935
-22.739647, -27.000000, -4.260353
-23.577151, -28.750000, -5.172849
-20.550358, -30.500000, -9.949642
-19.650074, -32.250000, -12.599926
-16.695305, -7.000000, 9.695305
-12.018589, -8.750000, 3.268589
-5.317959, -10.500000, -5.182041
-2.794654, -12.250000, -9.455346
3.357451, 13.000000, 9.642549
8.680751, 11.250000, 2.569249
11.120047, 9.500000, -1.620047
8.402378, 7.750000, -0.652378
-0.262425, -1.500000, -1.237575
-8.583336, -8.250000, 0.333336
-7.726268, -7.500000, 0.226268
-3.466074, -4.250000, -0.783926
15.717119, 16.500000, 0.782881
35.456069, 34.750000, -0.706069
33.990685, 33.000000, -0.990685
46.929854, 46.250000, -0.679854
39.910435, 39.500000, -0.410435
25.561687, 25.250000, -0.311687
7.558454, 8.500000, 0.941546
-14.783156, -15.750000, -0.966844
-33.482661, -32.500000, 0.982661
-40.008440, -39.250000, 0.758440
-34.903046, -36.000000, -1.096954
-24.294705, -25.250000, -0.955295
-11.564909, -12.000000, -0.435091
4.088193, 3.750000, -0.338193
17.364437, 17.000000, -0.364437
19.715657, 20.250000, 0.534343
10.333058, 11.000000, 0.666942
-6.067879, -5.750000, 0.317879
-21.712211, -22.500000, -0.787789
-32.461217, -31.750000, 0.711217
-39.773218, -41.000000, -1.226782
-45.617126, -45.250000, 0.367126
-51.941139, -52.000000, -0.058861
-59.781180, -58.750000, 1.031180
-65.727842, -65.500000, 0.227842
-63.297698, -62.250000, 1.047698
-55.076825, -54.000000, 1.076825
-50.227044, -50.750000, -0.522956
-49.284357, -47.500000, 1.784357
-43.760062, -44.250000, -0.489938
-29.215520, -30.500000, -1.284480
-7.595649, -6.250000, 1.345649
6.046153, 7.500000, 1.453847
6.098874, 5.500000, -0.598874
8.584092, 8.750000, 0.165908
18.720494, 17.250000, -1.470494
17.419392, 15.250000, -2.169392
2.506053, 2.750000, 0.243947
-7.677796, -9.750000, -2.072204
-7.061101, -6.500000, 0.561101
-4.016896, -3.250000, 0.766896
-7.819938, -5.250000, 2.569938
-17.127887, -17.750000, -0.622113
-24.529703, -25.000000, -0.470297
-25.649015, -27.000000, -1.350985
-19.278862, -18.500000, 0.778862
-8.562358, -10.000000, -1.437642
-0.546582, -1.500000, -0.953418
3.374499, 1.750000, -1.624499
2.461049, 5.000000, 2.538951
-0.687644, -2.250000, -1.562356
-1.210214, 1.000000, 2.210214
0.902318, -1.000000, -1.902318
7.110407, 7.500000, 0.389593
15.758539, 16.000000, 0.241461
24.630386, 24.500000, -0.130386
27.887411, 27.750000, -0.137411
22.853849, 20.500000, -2.353849
20.389226, 18.500000, -1.889226
20.752475, 21.750000, 0.997525
25.010441, 25.000000, -0.010441
30.638753, 28.250000, -2.388753
27.337135, 31.500000, 4.162865
13.090564, 14.750000, 1.659436
4.319086, 8.000000, 3.680914
5.332965, 1.250000, -4.082965
-2.979581, -5.500000, -2.520419
-18.483420, -22.250000, -3.766580
4.364665, 1.000000, -3.364665
-2.896762, -5.750000, -2.853238
-1.000969, -2.500000, -1.499031
2.373119, 0.750000, -1.623119
4.709767, 4.000000, -0.709767
14.792656, 17.250000, 2.457344
20.905117, 20.500000, -0.405117
16.049023, 13.750000, -2.299023
7.781305, 7.000000, -0.781305
8.023979, 10.250000, 2.226021
16.543189, 13.500000, -3.043189
26.844143, 26.750000, -0.094143
38.524848, 40.000000, 1.475152
40.753448, 43.250000, 2.496552
33.059606, 36.500000, 3.440394
27.943802, 29.750000, 1.806198
27.846913, 23.000000, -4.846913
24.402824, 26.250000, 1.847176
22.681521, 19.500000, -3.181521
24.569613, 22.750000, -1.819613
22.230204, 26.000000, 3.769796
15.760359, 19.250000, 3.489641
3.976180, 2.500000, -1.476180
-12.022236, -14.250000, -2.227764
-17.615816, -22.000000, -4.384184
-11.738184, -11.750000, -0.011816
-1.279032, -1.500000, -0.220968
8.526010, 8.750000, 0.223990
20.665381, 19.000000, -1.665381
32.765254, 29.250000, -3.515254
32.405860, 30.500000, -1.905860
19.616753, 22.750000, 3.133247
3.250315, 6.000000, 2.749685
-4.919604, -1.750000, 3.169604
3.697972, -0.500000, -4.197972
14.918938, 18.750000, 3.831062
15.119254, 11.000000, -4.119254
14.654093, 12.250000, -2.404093
16.720602, 13.500000, -3.220602
9.944711, 5.750000, -4.194711
27.919872, 25.000000, -2.919872
19.831163, 17.250000, -2.581163
19.434173, 18.500000, -0.934173
22.027935, 19.750000, -2.277935
23.462721, 21.000000, -2.462721
23.912206, 22.250000, -1.662206
17.555161, 14.500000, -3.055161
9.165521, 6.750000, -2.415521
5.850492, 8.000000, 2.149508
2.402451, 0.250000, -2.152451
-5.458891, -7.500000, -2.041109
-6.166043, -6.250000, -0.083957
0.942678, 4.000000, 3.057322
1.612789, 5.250000, 3.637211
-4.994966, -2.500000, 2.494966
-12.471484, -10.250000, 2.221484
-12.525325, -12.687500, -0.162175
-5.290721, -5.562500, -0.271779
-4.323828, -4.812500, -0.488672
-8.404621, -8.312500, 0.092121
-9.631634, -9.687500, -0.055866
-4.855787, -4.687500, 0.168287
0.859309, 1.375000, 0.515691
-0.112121, 0.000000, 0.112121
-0.651239, -0.312500, 0.338739
10.775127, 11.062500, 0.287373
22.099064, 22.437500, 0.338436
21.992351, 22.125000, 0.132649
22.681886, 22.875000, 0.193114
24.611180, 24.687500, 0.076320
16.844215, 16.937500, 0.093285
9.861975, 10.250000, 0.388025
12.746764, 13.125000, 0.378236
16.571192, 17.062500, 0.491308
16.122972, 15.687500, -0.435472
18.682493, 18.562500, -0.119993
20.802163, 20.375000, -0.427163
11.685617, 11.562500, -0.123117
-0.576369, -0.437500, 0.138869
-2.143359, -1.812500, 0.330859
-0.405271, 0.000000, 0.405271
-2.889769, -2.437500, 0.452269
-7.092801, -7.000000, 0.092801
-7.412517, -7.312500, 0.100017
-4.618156, -4.437500, 0.180656
-3.758550, -3.687500, 0.071050
0.303061, 0.250000, -0.053061
2.295296, 2.062500, -0.232796
-0.155503, -0.625000, -0.469497
-2.513291, -1.812500, 0.700791
-4.036739, -4.500000, -0.463261
-6.909045, -7.187500, -0.278455
-10.456528, -9.875000, 0.581528
-10.485508, -11.062500, -0.576992
-9.245617, -9.250000, -0.004383
-4.112370, -4.437500, -0.325130
2.146508, 1.875000, -0.271508
8.006072, 8.187500, 0.181428
10.358032, 10.000000, -0.358032
15.866036, 16.312500, 0.446464
20.647915, 21.125000, 0.477085
18.476213, 18.437500, -0.038713
16.293898, 15.750000, -0.543898
14.243419, 14.562500, 0.319081
6.031705, 5.875000, -0.156705
-6.284889, -5.812500, 0.472389
-16.234397, -16.000000, 0.234397
-17.745539, -17.187500, 0.558039
-12.024946, -12.375000, -0.350054
-7.565786, -7.562500, 0.003286
-5.997817, -5.750000, 0.247817
-1.033058, -0.937500, 0.095558
6.269602, 6.875000, 0.605398
11.453249, 11.687500, 0.234251
12.860886, 13.500000, 0.639114
8.271040, 7.812500, -0.458540
-2.257589, -2.375000, -0.117411
-10.950407, -11.062500, -0.112093
-19.474123, -19.750000, -0.275877
-28.413427, -28.437500, -0.024073
-29.598604, -29.250000, 0.348604
-27.367940, -27.437500, -0.069560
-28.661061, -28.250000, 0.411061
-31.390799, -31.687500, -0.296701
-27.507381, -27.250000, 0.257381
-20.092442, -20.187500, -0.095058
-16.110263, -15.750000, 0.360263
-18.773680, -19.187500, -0.413820
-25.303546, -25.250000, 0.053546
-25.702023, -26.062500, -0.360477
-17.920145, -17.687500, 0.232645
-11.859070, -11.937500, -0.078430
-13.825633, -14.062500, -0.236867
-16.314772, -16.187500, 0.127272
-17.377497, -17.000000, 0.377497
-21.858898, -21.750000, 0.108898
-24.861405, -25.187500, -0.326095
-22.370078, -22.062500, 0.307578
-17.729492, -17.625000, 0.104492
-9.109771, -9.250000, -0.140229
totaldiff=3608.8723591738, sz=2040, average absolute error value:1.7690550780
totaldiff=1238.2408195939, sz=2040, average relative error rate:0.6069807939
