...............
640
...............
640
cfgFile=sz.config
[SZ] Reading SZ configuration file (sz.config) ...
sz_compress
SZ_compress_args
SZ_double
SZ_compress_args_double
min:0.000000
max:122.961000
ebm:0
3-Not PW
checkRadius=0.009999
interval=0.000002
intvRadius=5000
intvCapacity=10000
0.000001
5000
0.000001
5000
0.000001
5000
0.000001
5000
0.000001
5000
0.000001
5000
0.000001
5000
0.000001
5000
0.000001
5000
0.000001
5000
0.000001
5000
0.000001
5000
0.000001
5000
0.000001
5000
0.000001
5000
0.000001
5000
0.000001
5000
0.000001
5000
0.000001
5000
0.000001
5000
0.000001
5000
0.000001
5000
0.000001
5000
0.000001
5000
0.000001
5000
0.000001
5000
0.000001
5000
0.000001
5000
0.000001
5000
0.000001
5000
0.000001
5000
0.000001
5000
0.000001
5000
0.000001
5000
0.000001
5000
0.000001
5000
0.000001
5000
0.000001
5000
0.000001
5000
0.000001
5000
0.000001
5000
0.000001
5000
0.000001
5000
0.000001
5000
0.000001
5000
0.000001
5000
0.000001
5000
0.000001
5000
0.000001
5000
0.000001
5000
0.000001
5000
0.000001
5000
0.000001
5000
0.000001
5000
0.000001
5000
0.000001
5000
0.000001
5000
0.000001
5000
0.000001
5000
0.000001
5000
0.000001
5000
0.000001
5000
0.000001
5000
0.000001
5000
0.000001
5000
0.000001
5000
0.000001
5000
0.000001
5000
0.000001
5000
0.000001
5000
0.000001
5000
0.000001
5000
0.000001
5000
0.000001
5000
0.000001
5000
0.000001
5000
0.000001
5000
0.000001
5000
0.000001
5000
0.000001
5000
0.000001
5000
0.000001
5000
0.000001
5000
0.000001
5000
0.000001
5000
0.000001
5000
0.000001
5000
0.000001
5000
0.000001
5000
0.000001
5000
0.000001
5000
0.000001
5000
0.000001
5000
0.000001
5000
0.000001
5000
0.000001
5000
0.000001
5000
0.000001
5000
0.000001
5000
0.000001
5000
0.000001
5000
0.000001
5000
0.000001
5000
0.000001
5000
0.000001
5000
0.000001
5000
0.000001
5000
0.000001
5000
0.000001
5000
0.000001
5000
0.000001
5000
0.000001
5000
0.000001
5000
0.000001
5000
0.000001
5000
0.000001
5000
0.000001
5000
0.000001
5000
0.000001
5000
0.000001
5000
0.000001
5000
0.000001
5000
0.000001
5000
0.000001
5000
0.000001
5000
0.000001
5000
0.000001
5000
0.000001
5000
0.000001
5000
0.000001
5000
0.000001
5000
0.000001
5000
0.000001
5000
0.000001
5000
0.000001
5000
0.000001
5000
0.000001
5000
0.000001
5000
0.000001
5000
0.000001
5000
0.000001
5000
0.000001
5000
0.000001
5000
0.000001
5000
0.000001
5000
0.000001
5000
0.000001
5000
0.000001
5000
0.000001
5000
0.000001
5000
0.000001
5000
0.000001
5000
0.000001
5000
0.000001
5000
0.000001
5000
0.000001
5000
0.000001
5000
0.000001
5000
0.000001
5000
0.000001
5000
0.000001
5000
0.000001
5000
0.000001
5000
0.000001
5000
0.000001
5000
0.000001
5000
0.000001
5000
0.000001
5000
0.000001
5000
0.000001
5000
0.000001
5000
0.000001
5000
0.000001
5000
0.000001
5000
0.000001
5000
0.000001
5000
0.000001
5000
0.000001
5000
0.000001
5000
0.000001
5000
0.000001
5000
0.000001
5000
0.000001
5000
0.000001
5000
0.000001
5000
0.000001
5000
0.000001
5000
0.000001
5000
0.000001
5000
0.000001
5000
0.000001
5000
0.000001
5000
0.000001
5000
0.000001
5000
0.000001
5000
0.000001
5000
0.000001
5000
0.000001
5000
0.000001
5000
0.000001
5000
0.000001
5000
0.000001
5000
0.000001
5000
0.000001
5000
0.000001
5000
0.000001
5000
0.000001
5000
0.000001
5000
0.000001
5000
0.000001
5000
0.000001
5000
0.000001
5000
0.000001
5000
0.000001
5000
0.000001
5000
0.000001
5000
0.000001
5000
0.000001
5000
0.000001
5000
0.000001
5000
0.000001
5000
0.000001
5000
0.000001
5000
0.000001
5000
0.000001
5000
0.000001
5000
0.000001
5000
0.000001
5000
0.000001
5000
0.000001
5000
0.000001
5000
0.000001
5000
0.000001
5000
0.000001
5000
0.000001
5000
0.000001
5000
0.000001
5000
0.000001
5000
0.000001
5000
0.000001
5000
0.000001
5000
0.000001
5000
0.000001
5000
0.000001
5000
0.000001
5000
0.000001
5000
0.000001
5000
0.000001
5000
0.000001
5000
0.000001
5000
0.000001
5000
0.000001
5000
0.000001
5000
0.000001
5000
0.000001
5000
0.000001
5000
0.000001
5000
0.000001
5000
0.000001
5000
0.000001
5000
0.000001
5000
0.000001
5000
0.000001
5000
0.000001
5000
0.000001
5000
0.000001
5000
0.000001
5000
0.000001
5000
0.000001
5000
0.000001
5000
0.000001
5000
0.000001
5000
0.000001
5000
0.000001
5000
0.000001
5000
0.000001
5000
0.000001
5000
0.000001
5000
0.000001
5000
0.000001
5000
0.000001
5000
0.000001
5000
0.000001
5000
0.000001
5000
0.000001
5000
0.000001
5000
0.000001
5000
0.000001
5000
0.000001
5000
0.000001
5000
0.000001
5000
0.000001
5000
0.000001
5000
0.000001
5000
0.000001
5000
0.000001
5000
0.000001
5000
0.000001
5000
0.000001
5000
0.000001
5000
0.000001
5000
0.000001
5000
0.000001
5000
0.000001
5000
0.000001
5000
0.000001
5000
0.000001
5000
0.000001
5000
0.000001
5000
0.000001
5000
0.000001
5000
0.000001
5000
0.000001
5000
0.000001
5000
0.000001
5000
0.000001
5000
0.000001
5000
0.000001
5000
0.000001
5000
0.000001
5000
0.000001
5000
0.000001
5000
0.000001
5000
0.000001
5000
0.000001
5000
0.000001
5000
0.000001
5000
0.000001
5000
0.000001
5000
0.000001
5000
0.000001
5000
0.000001
5000
0.000001
5000
0.000001
5000
0.000001
5000
0.000001
5000
0.000001
5000
0.000001
5000
0.000001
5000
0.000001
5000
0.000001
5000
0.000001
5000
0.000001
5000
0.000001
5000
0.000001
5000
0.000001
5000
0.000001
5000
0.000001
5000
0.000001
5000
0.000001
5000
0.000001
5000
0.000001
5000
0.000001
5000
0.000001
5000
0.000001
5000
0.000001
5000
0.000001
5000
0.000001
5000
0.000001
5000
0.000001
5000
0.000001
5000
0.000001
5000
0.000001
5000
0.000001
5000
0.000001
5000
0.000001
5000
0.000001
5000
0.000001
5000
0.000001
5000
0.000001
5000
0.000001
5000
0.000001
5000
0.000001
5000
0.000001
5000
0.000001
5000
0.000001
5000
0.000001
5000
0.000001
5000
0.000001
5000
0.000001
5000
0.000001
5000
0.000001
5000
0.000001
5000
0.000001
5000
0.000001
5000
0.000001
5000
0.000001
5000
0.000001
5000
0.000001
5000
0.000001
5000
0.000001
5000
0.000001
5000
0.000001
5000
0.000001
5000
0.000001
5000
0.000001
5000
0.000001
5000
0.000001
5000
0.000001
5000
0.000001
5000
0.000001
5000
0.000001
5000
0.000001
5000
0.000001
5000
0.000001
5000
0.000001
5000
0.000001
5000
0.000001
5000
0.000001
5000
0.000001
5000
0.000001
5000
0.000001
5000
0.000001
5000
0.000001
5000
0.000001
5000
0.000001
5000
0.000001
5000
0.000001
5000
0.000001
5000
0.000001
5000
0.000001
5000
0.000001
5000
0.000001
5000
0.000001
5000
0.000001
5000
0.000001
5000
0.000001
5000
0.000001
5000
0.000001
5000
0.000001
5000
0.000001
5000
0.000001
5000
0.000001
5000
0.000001
5000
0.000001
5000
0.000001
5000
0.000001
5000
0.000001
5000
0.000001
5000
0.000001
5000
0.000001
5000
0.000001
5000
0.000001
5000
0.000001
5000
0.000001
5000
0.000001
5000
0.000001
5000
0.000001
5000
0.000001
5000
0.000001
5000
0.000001
5000
0.000001
5000
0.000001
5000
0.000001
5000
0.000001
5000
0.000001
5000
0.000001
5000
0.000001
5000
0.000001
5000
0.000001
5000
0.000001
5000
0.000001
5000
0.000001
5000
0.000001
5000
0.000001
5000
0.000001
5000
0.000001
5000
0.000001
5000
0.000001
5000
0.000001
5000
0.000001
5000
0.000001
5000
0.000001
5000
0.000001
5000
0.000001
5000
0.000001
5000
0.000001
5000
0.000001
5000
0.000001
5000
0.000001
5000
0.000001
5000
0.000001
5000
0.000001
5000
0.000001
5000
0.000001
5000
0.000001
5000
0.000001
5000
0.000001
5000
0.000001
5000
0.000001
5000
0.000001
5000
0.000001
5000
0.000001
5000
0.000001
5000
0.000001
5000
0.000001
5000
0.000001
5000
0.000001
5000
0.000001
5000
0.000001
5000
0.000001
5000
0.000001
5000
0.000001
5000
0.000001
5000
0.000001
5000
0.000001
5000
0.000001
5000
0.000001
5000
0.000001
5000
0.000001
5000
0.000001
5000
0.000001
5000
0.000001
5000
0.000001
5000
0.000001
5000
0.000001
5000
0.000001
5000
0.000001
5000
0.000001
5000
0.000001
5000
0.000001
5000
0.000001
5000
0.000001
5000
0.000001
5000
0.000001
5000
0.000001
5000
0.000001
5000
timecost, 0.001478, seconds
done
5120
++++++++++++++
sz compression ratio, 10.20 
