current pwr_bound is 1e-1
cfgFile=sz.config
[SZ] Reading SZ configuration file (sz.config) ...
point count: 640
pwrLength=20
pwrErrBoundBytes_size=40
pw_relBoundRatio=0.100000
hit: 638
miss: 0
length of statenum:65536
nodecount=37
treeByteSize=260
enCodeSize=172
-------insight of tdps
dataLength=640
exactDataNum=2
realPrecision=0.097656
medianValue=0.000000
reqLength=15
quantization_intervals=20000
pwrErrBoundBytes_size=40
radExpo=-1
-----------------------
timecost, 0.004088, seconds
done
input file size: 5120
output file size: 272
sz compression ratio, 18.82 
timecost, 0.004228, second
done
Max absolute error = 0.080902343750000049738
Max relative error = 0.080902910070370537277
Max pw_relative err = 0.089916469852736921609
../model_comparison/inputdata/sample_1/astro.dat, ../model_comparison/inputdata/sample_1/astro.dat.sz.out, 640
size of double: 8
0.999986, 0.937500, -0.062486
0.999986, 0.937500, -0.062486
0.999986, 0.937500, -0.062486
0.999987, 0.937500, -0.062487
0.999987, 0.937500, -0.062487
0.999987, 0.937500, -0.062487
0.999987, 0.937500, -0.062487
0.999988, 0.937500, -0.062488
0.999988, 0.937500, -0.062488
0.999988, 0.937500, -0.062488
0.999988, 0.937500, -0.062488
0.999989, 0.937500, -0.062489
0.999989, 0.937500, -0.062489
0.999989, 0.937500, -0.062489
0.999989, 0.937500, -0.062489
0.999989, 0.937500, -0.062489
0.999990, 0.937500, -0.062490
0.999990, 0.937500, -0.062490
0.999990, 0.937500, -0.062490
0.999990, 0.937500, -0.062490
0.999990, 0.937500, -0.062490
0.999990, 0.937500, -0.062490
0.999991, 0.937500, -0.062491
0.999991, 0.937500, -0.062491
0.999991, 0.937500, -0.062491
0.999991, 0.937500, -0.062491
0.999991, 0.937500, -0.062491
0.999991, 0.937500, -0.062491
0.999992, 0.937500, -0.062492
0.999992, 0.937500, -0.062492
0.999992, 0.937500, -0.062492
0.999992, 0.937500, -0.062492
0.999992, 0.937500, -0.062492
0.999992, 0.937500, -0.062492
0.999992, 0.937500, -0.062492
0.999992, 0.937500, -0.062492
0.999993, 0.937500, -0.062493
0.999993, 0.937500, -0.062493
0.999993, 0.937500, -0.062493
0.999993, 0.937500, -0.062493
0.999912, 0.937500, -0.062412
0.999910, 0.937500, -0.062410
0.999909, 0.937500, -0.062409
0.999908, 0.937500, -0.062408
0.999906, 0.937500, -0.062406
0.999905, 0.937500, -0.062405
0.999904, 0.937500, -0.062404
0.999903, 0.937500, -0.062403
0.999902, 0.937500, -0.062402
0.999901, 0.937500, -0.062401
0.999901, 0.937500, -0.062401
0.999900, 0.937500, -0.062400
0.999900, 0.937500, -0.062400
0.999899, 0.937500, -0.062399
0.999899, 0.937500, -0.062399
0.999899, 0.937500, -0.062399
0.999899, 0.937500, -0.062399
0.999899, 0.937500, -0.062399
0.999899, 0.937500, -0.062399
0.999900, 0.937500, -0.062400
0.999900, 0.937500, -0.062400
0.999901, 0.937500, -0.062401
0.999901, 0.937500, -0.062401
0.999902, 0.937500, -0.062402
0.999903, 0.937500, -0.062403
0.999904, 0.937500, -0.062404
0.999905, 0.937500, -0.062405
0.999906, 0.937500, -0.062406
0.999908, 0.937500, -0.062408
0.999909, 0.937500, -0.062409
0.999910, 0.937500, -0.062410
0.999912, 0.937500, -0.062412
0.999913, 0.937500, -0.062413
0.999915, 0.937500, -0.062415
0.999917, 0.937500, -0.062417
0.999918, 0.937500, -0.062418
0.999920, 0.937500, -0.062420
0.999922, 0.937500, -0.062422
0.999923, 0.937500, -0.062423
0.999925, 0.937500, -0.062425
0.999975, 0.937500, -0.062475
0.999975, 0.937500, -0.062475
0.999976, 0.937500, -0.062476
0.999976, 0.937500, -0.062476
0.999977, 0.937500, -0.062477
0.999978, 0.937500, -0.062478
0.999978, 0.937500, -0.062478
0.999979, 0.937500, -0.062479
0.999979, 0.937500, -0.062479
0.999980, 0.937500, -0.062480
0.999980, 0.937500, -0.062480
0.999981, 0.937500, -0.062481
0.999981, 0.937500, -0.062481
0.999981, 0.937500, -0.062481
0.999982, 0.937500, -0.062482
0.999982, 0.937500, -0.062482
0.999983, 0.937500, -0.062483
0.999983, 0.937500, -0.062483
0.999983, 0.937500, -0.062483
0.999984, 0.937500, -0.062484
0.999984, 0.937500, -0.062484
0.999984, 0.937500, -0.062484
0.999985, 0.937500, -0.062485
0.999985, 0.937500, -0.062485
0.999985, 0.937500, -0.062485
0.999986, 0.937500, -0.062486
0.999986, 0.937500, -0.062486
0.999986, 0.937500, -0.062486
0.999986, 0.937500, -0.062486
0.999987, 0.937500, -0.062487
0.999987, 0.937500, -0.062487
0.999987, 0.937500, -0.062487
0.999987, 0.937500, -0.062487
0.999988, 0.937500, -0.062488
0.999988, 0.937500, -0.062488
0.999988, 0.937500, -0.062488
0.999988, 0.937500, -0.062488
0.999988, 0.937500, -0.062488
0.999989, 0.937500, -0.062489
0.999989, 0.937500, -0.062489
0.998600, 0.937500, -0.061100
0.999279, 0.937500, -0.061779
0.999503, 0.937500, -0.062003
0.999345, 0.937500, -0.061845
0.998862, 0.937500, -0.061362
0.996275, 0.937500, -0.058775
0.966146, 0.937500, -0.028646
0.891568, 0.937500, 0.045932
0.802656, 0.816406, 0.013750
0.779247, 0.816406, 0.037159
0.886359, 0.937500, 0.051141
0.967673, 0.937500, -0.030173
0.986936, 0.937500, -0.049436
0.932505, 0.937500, 0.004995
0.768547, 0.816406, 0.047859
0.615538, 0.574219, -0.041319
0.659054, 0.695312, 0.036258
0.804643, 0.816406, 0.011763
0.871503, 0.816406, -0.055097
0.933650, 0.937500, 0.003850
0.976681, 0.937500, -0.039181
0.990898, 0.937500, -0.053398
0.994425, 0.937500, -0.056925
0.995150, 0.937500, -0.057650
0.994427, 0.937500, -0.056927
0.991535, 0.937500, -0.054035
0.981607, 0.937500, -0.044107
0.952540, 0.937500, -0.015040
0.902657, 0.937500, 0.034843
0.839983, 0.816406, -0.023577
0.761272, 0.816406, 0.055134
0.779880, 0.816406, 0.036526
0.922999, 0.937500, 0.014501
0.991096, 0.937500, -0.053596
0.999481, 1.058594, 0.059113
0.998982, 1.058594, 0.059612
0.997510, 0.937500, -0.060010
0.994877, 0.937500, -0.057377
0.992475, 0.937500, -0.054975
0.993159, 0.937500, -0.055659
0.999951, 0.937500, -0.062451
0.999972, 0.937500, -0.062472
0.999973, 0.937500, -0.062473
0.999974, 0.937500, -0.062474
0.999974, 0.937500, -0.062474
0.999975, 0.937500, -0.062475
0.999976, 0.937500, -0.062476
0.999976, 0.937500, -0.062476
0.999977, 0.937500, -0.062477
0.999977, 0.937500, -0.062477
0.999978, 0.937500, -0.062478
0.999978, 0.937500, -0.062478
0.999979, 0.937500, -0.062479
0.999979, 0.937500, -0.062479
0.999980, 0.937500, -0.062480
0.999980, 0.937500, -0.062480
0.999981, 0.937500, -0.062481
0.999981, 0.937500, -0.062481
0.999982, 0.937500, -0.062482
0.999982, 0.937500, -0.062482
0.999982, 0.937500, -0.062482
0.999983, 0.937500, -0.062483
0.999983, 0.937500, -0.062483
0.999983, 0.937500, -0.062483
0.999984, 0.937500, -0.062484
0.999984, 0.937500, -0.062484
0.999984, 0.937500, -0.062484
0.999985, 0.937500, -0.062485
0.999985, 0.937500, -0.062485
0.999985, 0.937500, -0.062485
0.999985, 0.937500, -0.062485
0.999986, 0.937500, -0.062486
0.999986, 0.937500, -0.062486
0.999986, 0.937500, -0.062486
0.999987, 0.937500, -0.062487
0.999987, 0.937500, -0.062487
0.999987, 0.937500, -0.062487
0.999987, 0.937500, -0.062487
0.999988, 0.937500, -0.062488
0.999988, 0.937500, -0.062488
0.952898, 0.937500, -0.015398
0.957001, 0.937500, -0.019501
0.980620, 0.937500, -0.043120
0.989994, 0.937500, -0.052494
0.986881, 0.937500, -0.049381
0.987373, 0.937500, -0.049873
0.992266, 0.937500, -0.054766
0.992688, 0.937500, -0.055188
0.991442, 0.937500, -0.053942
0.993725, 0.937500, -0.056225
0.995306, 0.937500, -0.057806
0.994780, 0.937500, -0.057280
0.993491, 0.937500, -0.055991
0.994013, 0.937500, -0.056513
0.996190, 0.937500, -0.058690
0.997215, 0.937500, -0.059715
0.997353, 0.937500, -0.059853
0.997434, 0.937500, -0.059934
0.997580, 0.937500, -0.060080
0.997783, 0.937500, -0.060283
0.998063, 0.937500, -0.060563
0.998364, 0.937500, -0.060864
0.998497, 0.937500, -0.060997
0.998433, 0.937500, -0.060933
0.998370, 0.937500, -0.060870
0.998390, 0.937500, -0.060890
0.998429, 0.937500, -0.060929
0.998471, 0.937500, -0.060971
0.998531, 0.937500, -0.061031
0.998640, 0.937500, -0.061140
0.998840, 0.937500, -0.061340
0.999110, 0.937500, -0.061610
0.999340, 0.937500, -0.061840
0.999429, 0.937500, -0.061929
0.999359, 0.937500, -0.061859
0.999202, 0.937500, -0.061702
0.999081, 0.937500, -0.061581
0.999059, 0.937500, -0.061559
0.999133, 0.937500, -0.061633
0.999279, 0.937500, -0.061779
0.989617, 0.937500, -0.052117
0.990318, 0.937500, -0.052818
0.990017, 0.937500, -0.052517
0.987453, 0.937500, -0.049953
0.985317, 0.937500, -0.047817
0.986883, 0.937500, -0.049383
0.992048, 0.937500, -0.054548
0.996669, 0.937500, -0.059169
0.998592, 0.937500, -0.061092
0.998896, 0.937500, -0.061396
0.998860, 0.937500, -0.061360
0.999029, 0.937500, -0.061529
0.999265, 0.937500, -0.061765
0.999353, 0.937500, -0.061853
0.999279, 0.937500, -0.061779
0.999043, 0.937500, -0.061543
0.999015, 0.937500, -0.061515
0.999247, 0.937500, -0.061747
0.999429, 0.937500, -0.061929
0.999078, 0.937500, -0.061578
0.945551, 0.937500, -0.008051
0.756785, 0.789062, 0.032277
0.764129, 0.789062, 0.024934
0.975278, 0.937500, -0.037778
0.998123, 0.937500, -0.060623
0.993820, 0.937500, -0.056320
0.988663, 0.937500, -0.051163
0.993861, 0.937500, -0.056361
0.999446, 0.937500, -0.061946
0.999968, 0.937500, -0.062468
0.999975, 0.937500, -0.062475
0.999976, 0.937500, -0.062476
0.999976, 0.937500, -0.062476
0.999977, 0.937500, -0.062477
0.999977, 0.937500, -0.062477
0.999978, 0.937500, -0.062478
0.999978, 0.937500, -0.062478
0.999979, 0.937500, -0.062479
0.999979, 0.937500, -0.062479
0.999980, 0.937500, -0.062480
0.999990, 0.937500, -0.062490
0.999990, 0.937500, -0.062490
0.999990, 0.937500, -0.062490
0.999990, 0.937500, -0.062490
0.999990, 0.937500, -0.062490
0.999987, 0.937500, -0.062487
0.999626, 0.937500, -0.062126
0.998683, 0.937500, -0.061183
0.999479, 0.937500, -0.061979
0.999870, 0.937500, -0.062370
0.999837, 0.937500, -0.062337
0.999816, 0.937500, -0.062316
0.999809, 0.937500, -0.062309
0.999879, 0.937500, -0.062379
0.999883, 0.937500, -0.062383
0.999327, 0.937500, -0.061827
0.997087, 0.937500, -0.059587
0.996236, 0.937500, -0.058736
0.997887, 0.937500, -0.060387
0.998652, 0.937500, -0.061152
0.994155, 0.937500, -0.056655
0.928177, 0.937500, 0.009323
0.981906, 0.937500, -0.044406
0.998511, 0.937500, -0.061011
0.999214, 0.937500, -0.061714
0.997580, 0.937500, -0.060080
0.991919, 0.937500, -0.054419
0.988101, 0.937500, -0.050601
0.990917, 0.937500, -0.053417
0.991693, 0.937500, -0.054193
0.990152, 0.937500, -0.052652
0.992425, 0.937500, -0.054925
0.995930, 0.937500, -0.058430
0.991368, 0.937500, -0.053868
0.954862, 0.937500, -0.017362
0.942753, 0.937500, -0.005253
0.980627, 0.937500, -0.043127
0.994442, 0.937500, -0.056942
0.996909, 0.937500, -0.059409
0.994047, 0.937500, -0.056547
0.808692, 0.803223, -0.005469
0.372329, 0.375977, 0.003648
0.062001, 0.058594, -0.003407
0.000000, -0.002441, -0.002441
0.000000, -0.002441, -0.002441
0.000000, -0.002441, -0.002441
0.000000, -0.002441, -0.002441
0.000000, -0.002441, -0.002441
0.000000, -0.002441, -0.002441
0.000000, -0.002441, -0.002441
0.000000, -0.002441, -0.002441
0.000000, -0.002441, -0.002441
0.000000, -0.002441, -0.002441
0.062825, 0.058594, -0.004231
0.374744, 0.375977, 0.001233
0.810709, 0.815430, 0.004721
0.995121, 0.998535, 0.003414
0.938277, 0.937500, -0.000777
0.787792, 0.791016, 0.003224
0.718535, 0.717773, -0.000762
0.822085, 0.827637, 0.005552
0.928291, 0.925293, -0.002998
0.955829, 0.961914, 0.006085
0.934162, 0.937500, 0.003338
0.941862, 0.937500, -0.004362
0.977589, 0.974121, -0.003468
0.994151, 0.998535, 0.004384
0.994297, 0.998535, 0.004238
0.993282, 0.998535, 0.005253
0.994662, 0.998535, 0.003873
0.995337, 0.998535, 0.003198
0.994256, 0.998535, 0.004279
0.992613, 0.998535, 0.005922
0.992034, 0.998535, 0.006501
0.993031, 0.998535, 0.005504
0.994838, 0.998535, 0.003697
0.996267, 0.998535, 0.002268
0.996729, 0.998535, 0.001806
0.996762, 0.998535, 0.001773
0.996926, 0.998535, 0.001609
0.998978, 0.998535, -0.000443
0.999145, 0.998535, -0.000610
0.999570, 0.998535, -0.001035
0.999730, 0.998535, -0.001195
0.999653, 0.998535, -0.001118
0.999691, 0.998535, -0.001156
0.999873, 0.998535, -0.001338
0.999961, 0.998535, -0.001426
0.999618, 0.998535, -0.001083
0.861076, 0.826660, -0.034416
0.883697, 0.826660, -0.057037
0.987941, 0.998535, 0.010594
0.999833, 0.998535, -0.001298
0.999575, 0.998535, -0.001040
0.996515, 0.998535, 0.002020
0.967642, 0.998535, 0.030893
0.939007, 0.998535, 0.059528
0.982735, 0.998535, 0.015800
0.997966, 0.998535, 0.000569
0.999462, 0.998535, -0.000927
0.999331, 0.998535, -0.000796
0.999260, 0.998535, -0.000725
0.999201, 0.998535, -0.000666
0.998229, 0.998535, 0.000306
0.987476, 0.998535, 0.011059
0.899750, 0.818848, -0.080902
0.955701, 0.998535, 0.042834
0.992577, 0.998535, 0.005958
0.999003, 0.998535, -0.000468
0.999579, 0.998535, -0.001044
0.999398, 0.998535, -0.000863
0.997390, 0.998535, 0.001145
0.983703, 0.998535, 0.014832
0.972491, 0.998535, 0.026044
0.990520, 0.998535, 0.008015
0.963689, 0.998535, 0.034846
0.946345, 0.998535, 0.052190
0.967538, 0.998535, 0.030997
0.984471, 0.998535, 0.014064
0.993548, 0.998535, 0.004987
0.999990, 0.998535, -0.001455
0.999990, 0.998535, -0.001455
0.999990, 0.998535, -0.001455
0.999990, 0.998535, -0.001455
0.999990, 0.998535, -0.001455
0.999990, 0.998535, -0.001455
0.999990, 0.998535, -0.001455
0.999948, 0.998535, -0.001413
0.998878, 0.998535, -0.000343
0.997908, 0.998535, 0.000627
0.999358, 0.998535, -0.000823
0.999904, 0.998535, -0.001369
0.999959, 0.998535, -0.001424
0.999925, 0.998535, -0.001390
0.999856, 0.998535, -0.001321
0.999846, 0.998535, -0.001311
0.999911, 0.998535, -0.001376
0.999879, 0.998535, -0.001344
0.999426, 0.998535, -0.000891
0.998273, 0.998535, 0.000262
0.997799, 0.998535, 0.000736
0.998706, 0.998535, -0.000171
0.999567, 0.998535, -0.001032
0.999730, 0.998535, -0.001195
0.999409, 0.998535, -0.000874
0.999441, 0.998535, -0.000906
0.999776, 0.998535, -0.001241
0.999896, 0.998535, -0.001361
0.999699, 0.998535, -0.001164
0.975456, 0.998535, 0.023079
0.812622, 0.842285, 0.029663
0.958585, 0.998535, 0.039950
0.995886, 0.998535, 0.002649
0.998690, 0.998535, -0.000155
0.999170, 0.998535, -0.000635
0.999342, 0.998535, -0.000807
0.998650, 0.998535, -0.000115
0.992730, 0.998535, 0.005805
0.967689, 0.998535, 0.030846
0.920898, 0.998535, 0.077637
0.999987, 0.998535, -0.001452
0.999987, 0.998535, -0.001452
0.999987, 0.998535, -0.001452
0.999988, 0.998535, -0.001453
0.999988, 0.998535, -0.001453
0.999988, 0.998535, -0.001453
0.999988, 0.998535, -0.001453
0.999988, 0.998535, -0.001453
0.999989, 0.998535, -0.001454
0.999989, 0.998535, -0.001454
0.999989, 0.998535, -0.001454
0.999989, 0.998535, -0.001454
0.999989, 0.998535, -0.001454
0.999990, 0.998535, -0.001455
0.999990, 0.998535, -0.001455
0.999990, 0.998535, -0.001455
0.999990, 0.998535, -0.001455
0.999990, 0.998535, -0.001455
0.999991, 0.998535, -0.001456
0.999991, 0.998535, -0.001456
0.999991, 0.998535, -0.001456
0.999991, 0.998535, -0.001456
0.999991, 0.998535, -0.001456
0.999991, 0.998535, -0.001456
0.999991, 0.998535, -0.001456
0.999992, 0.998535, -0.001457
0.999992, 0.998535, -0.001457
0.999992, 0.998535, -0.001457
0.999992, 0.998535, -0.001457
0.999992, 0.998535, -0.001457
0.999992, 0.998535, -0.001457
0.999992, 0.998535, -0.001457
0.999992, 0.998535, -0.001457
0.999992, 0.998535, -0.001457
0.999992, 0.998535, -0.001457
0.999992, 0.998535, -0.001457
0.999992, 0.998535, -0.001457
0.999992, 0.998535, -0.001457
0.999992, 0.998535, -0.001457
0.999991, 0.998535, -0.001456
0.999985, 0.998535, -0.001450
0.999985, 0.998535, -0.001450
0.999985, 0.998535, -0.001450
0.999986, 0.998535, -0.001451
0.999986, 0.998535, -0.001451
0.999986, 0.998535, -0.001451
0.999987, 0.998535, -0.001452
0.999987, 0.998535, -0.001452
0.999987, 0.998535, -0.001452
0.999987, 0.998535, -0.001452
0.999988, 0.998535, -0.001453
0.999988, 0.998535, -0.001453
0.999988, 0.998535, -0.001453
0.999988, 0.998535, -0.001453
0.999988, 0.998535, -0.001453
0.999989, 0.998535, -0.001454
0.999989, 0.998535, -0.001454
0.999989, 0.998535, -0.001454
0.999989, 0.998535, -0.001454
0.999989, 0.998535, -0.001454
totaldiff=19.6807258312, sz=640, average absolute error value:0.0307511341
totaldiff=30.0269816875, sz=640, average relative error rate:0.0469171589
