cfgFile=sz.config
[SZ] Reading SZ configuration file (sz.config) ...
point count: 200
datalength=200
pwrLength=7
pwrErrBoundBytes_size=14
intvCapacity=20000
intvRadius=10000
datalength=200
----------factors
10000
10000
10000
10000
10000
10000
10000
10000
10000
10000
10000
10000
10000
10000
10000
10000
10000
10000
10000
10000
10000
10000
10000
10000
10000
10000
10000
10000
10000
10000
10000
10000
10000
10000
10000
10000
10000
10000
10000
10000
10000
10000
10000
10000
10000
10000
10000
10000
10000
10000
10000
10000
10000
10000
10000
10000
10000
10000
10000
10000
10000
10000
10000
10000
10000
10000
10000
10000
10000
10000
10000
10000
10000
10000
10000
10000
10000
10000
----------
hit: 78
miss: 120
length of statenum:65536
nodecount=3
treeByteSize=22
enCodeSize=25
timecost, 0.007093, seconds
done
1600
588
sz compression ratio, 2.72 
