current pwr_bound is 1e-5
cfgFile=sz.config
[SZ] Reading SZ configuration file (sz.config) ...
PointCnt=9680
quantization_intervals=4096
2015
1982
2044
2074
2044
2086
2073
2044
2093
2066
1994
2148
2068
1962
2036
2171
2130
2056
2809
1005
2036
2053
2063
2058
2060
2056
2056
2055
2060
2054
2056
2055
2055
2055
2053
2052
2054
2053
2312
1792
2062
2054
2026
2053
2055
2060
2044
2042
2049
2042
2064
2055
2044
2046
2054
2051
2055
2038
2053
2050
2061
2032
2060
2036
2063
2045
2055
2026
2052
2063
2059
2027
2039
2073
2042
2061
2040
2037
792
3261
2051
2050
2049
2051
2049
2049
2049
2049
2050
2048
2050
2047
2051
2050
2047
2050
2049
2049
2048
2050
2046
2052
2048
2046
2051
2047
2052
2058
3350
765
2008
2046
2041
2042
2048
2056
2032
2061
732
3370
2048
2048
2048
2048
2048
2048
2048
2048
2048
2048
2048
2048
2048
2048
2048
2048
2048
2048
2048
2048
2048
2048
2048
2048
2048
2048
2048
2048
2048
2048
2048
2048
2048
2048
2048
2048
2048
2048
249
3866
3129
1573
2251
2340
1543
2550
1534
2506
1918
2193
696
2028
3868
3949
1754
1177
1255
1540
3321
2192
1986
2906
329
2381
3158
834
2400
2477
1495
2326
3275
474
2011
2123
2815
1460
1703
3549
347
2764
1642
2559
2283
1515
2076
2213
1977
1937
2137
2314
1807
1999
2061
2233
1929
1977
2223
1837
2833
60
3457
3277
777
876
3255
3203
2765
991
975
2778
3523
893
1273
1699
1983
2456
3537
2862
2396
457
2147
2518
2719
1346
1963
384
2818
4086
866
1900
2297
1914
3517
3134
2708
1727
2074
1450
3183
773
1635
3122
2045
3100
1816
400
3827
125
3011
2038
2043
2053
2099
2101
1802
2456
853
2968
2867
451
3486
2139
938
1614
3503
3370
4040
744
2406
1809
218
635
2115
2488
1712
2185
2093
2454
1333
1555
3471
1724
2594
1082
2014
1116
2499
2519
2187
2941
950
2440
1995
854
3108
2725
809
2714
2164
1650
2205
2087
2138
1833
2219
1922
2129
1901
2140
2098
2007
2078
2031
2121
2244
1999
1284
2651
2020
2002
2297
1869
2174
1942
1517
2820
1303
2497
2050
2043
2049
2066
1952
2219
2027
1761
2245
2813
1732
1270
2571
2183
1446
2576
1934
1496
2565
2241
1864
2018
1954
1455
3277
717
2801
2604
1529
1437
3097
1453
2119
1803
2591
1655
2272
1692
2512
1412
2775
918
2774
2276
2349
1784
1770
1638
2622
2150
2246
1320
2813
1357
2108
2400
2192
1714
2085
2280
1394
2450
2488
1590
2054
2002
1806
2532
2164
1482
2256
2531
1648
2117
1943
2114
2145
1948
2022
2010
2020
2307
1714
2164
2325
1582
2527
1519
2630
2073
1745
1354
3411
1358
1358
2702
2813
1326
1287
2768
2073
2024
2061
2034
2074
2024
2061
1820
2310
2004
2124
2012
1925
2204
2011
2027
2159
1847
2276
1943
1932
2263
2553
1448
1948
1584
2479
2299
2283
2048
2048
2048
2048
2048
2048
2048
2048
2048
2048
2048
2048
2048
2048
2048
2048
2048
2048
2048
2048
2048
2048
2048
2048
2048
2048
2048
2048
2048
2048
2048
2048
2048
2048
2048
2048
2048
2048
2048
2048
2048
2048
2048
2048
2048
2048
2048
2048
2048
2048
2048
2048
2048
2048
2048
2048
2048
2048
2048
2048
2048
2048
2048
2048
2048
2048
2048
2048
2048
2048
2048
2048
2048
2048
2048
2048
2048
2048
2048
2048
2048
2048
2048
2048
2048
2048
2048
2048
2048
2048
2048
2048
2048
2048
2048
2048
2048
2048
2048
2048
2048
2048
2048
2048
2048
2048
2048
2048
2048
2048
2048
2048
2048
2048
2048
2048
2048
2048
2048
2048
2048
2048
2048
2048
2048
2048
2048
2048
2048
2048
2048
2048
2048
2048
2048
2048
2048
2048
2048
2048
2048
2048
2048
2048
2048
2048
2048
2048
2048
2048
2048
2048
2048
2048
2048
2048
2054
2042
2048
2049
2045
2051
2048
2045
2050
2047
2051
2048
2046
2048
2048
2047
2049
2047
2048
2050
2046
2051
2046
2046
2050
2047
2050
2046
2049
2052
2044
2048
2048
2048
2048
2048
2047
2050
2047
2048
2044
2053
2049
2044
2049
2050
2047
2048
2047
2051
2045
2049
2048
2049
2045
2052
2046
2049
2047
2048
2048
2049
2047
2048
2048
2048
2048
2048
2048
2049
2046
2049
2049
2047
2047
2050
2047
2046
2050
2049
2042
2052
2050
2047
2048
2047
2049
2047
2057
2039
2049
2048
2048
2048
2048
2047
2049
2048
2047
2050
2046
2051
2046
2048
2046
2049
2050
2049
2046
2047
2048
2050
2048
2048
2046
2048
2049
2049
2046
2050
2038
2057
2048
2048
2048
2048
2052
2045
2046
2050
2046
2050
2046
2048
2049
2047
2049
2050
2046
2048
2047
2051
2044
2051
2047
2049
2047
2045
2051
2049
2046
2051
2045
2048
2050
2047
2047
2049
2050
2042
2057
2041
2050
2049
2046
2050
2046
2048
2051
2044
2050
2049
2046
2048
2051
2044
2050
2049
2046
2050
2047
2047
2049
2048
2048
2048
2050
2052
2042
2048
2048
2045
2051
2049
2047
2047
2048
2051
2045
2050
2040
2055
2057
2039
2048
2049
2046
2048
2049
2047
2049
2048
2049
2047
2047
2049
2048
2048
2047
2050
2047
2048
2048
2048
2047
2049
2048
2048
2047
2050
2047
2048
2048
2049
2046
2048
2049
2047
2051
2045
2547
1566
1730
2420
1954
2115
1963
2064
3176
2496
2988
784
1405
1410
3363
3314
2030
2279
1699
2206
1874
2910
615
2677
2128
2251
2161
1294
2660
1835
1846
3372
2899
1602
1966
1702
2780
1214
2508
1433
2732
2311
509
3297
1707
2939
1326
2590
1913
1537
1916
1724
2585
3235
1043
1062
3425
1382
2158
1875
2772
1841
471
2699
2642
4054
160
1246
3109
277
3487
3810
3814
1575
1544
2550
2566
1554
1715
2429
2333
2088
1546
3155
3678
1146
2623
955
3009
1439
1328
3503
714
2956
1726
3711
3151
2066
1979
2165
1563
2492
2105
2288
1575
2558
727
109
1605
2596
2373
2033
1988
2542
1688
2438
2992
1449
2485
1351
2993
1506
2369
1310
1982
1878
2439
1599
3075
400
116
2123
2085
1781
1889
1971
3357
652
2934
901
3491
847
2697
2044
1354
2734
2540
762
2449
2347
1735
2519
1912
1983
1750
2394
2904
958
2130
1451
2735
3904
557
1617
941
3046
2401
1255
2791
1194
2843
2011
1478
2319
2293
1616
2618
1213
2557
1978
2075
2004
2408
1426
2682
1364
2613
1554
2295
2095
2391
1502
2276
1840
2701
1494
1792
3761
1845
3559
462
3437
1813
1530
2503
1877
2287
1723
2057
2433
1616
2283
2131
1914
1597
2727
1474
2730
1768
2611
2735
3369
2728
2587
1429
2246
1455
2734
1541
3352
3524
2176
3026
493
3111
1322
2358
2100
1660
2615
1915
2001
2032
2155
1373
2832
1782
2238
1683
2212
2335
1592
2228
2077
1970
2418
946
3645
1852
2265
2122
1884
2051
3382
937
340
3920
1236
2515
1774
1959
2932
1581
1784
2192
1945
2260
1885
2184
2889
819
1877
2462
2180
1853
2123
2186
2094
1955
2119
2604
673
3578
216
3324
1768
2163
1698
2411
2080
1948
1977
2102
2343
1485
2319
1996
2120
2065
1970
2083
2019
2061
2118
1856
2206
1994
2077
2042
2058
2049
2058
2277
1715
2034
2185
1955
2240
1799
2132
2157
1938
2072
2036
2186
1771
2208
2058
2043
2037
2057
2040
2056
2048
2041
2093
1986
2106
1943
2127
2132
2018
2033
1808
2238
2049
2049
2045
2048
2050
2048
2047
2049
2049
2052
2037
2052
2053
2048
2044
2059
2039
2037
2056
2050
2050
2044
2049
2049
2112
1912
2119
2048
2050
2046
2049
2046
2050
2049
2046
2047
2050
2048
2051
2043
2051
2047
2054
2038
2053
2046
2049
2050
2041
2058
2040
2052
2041
2053
2052
2048
2046
2048
2044
2053
2038
2060
2048
2038
2060
2043
2047
2050
2046
2031
2065
2048
2048
2047
2048
2051
2046
2044
2003
2242
2017
1857
2358
1619
1912
2403
2155
1996
1791
2827
811
2674
2447
1625
1800
2287
2385
1426
2680
1466
2626
1778
1990
2085
2171
1658
2114
2254
2044
2022
2042
2088
2529
1157
2591
1905
2444
1286
2167
2159
2168
2109
2189
1947
1979
2037
2203
1566
2277
2212
2106
1918
2033
2056
2204
1578
2690
1592
1844
2716
1490
2483
1659
2171
2346
1945
1936
1954
1884
2126
2109
2186
1952
2258
1806
2146
1928
2185
2188
2157
1512
1963
2865
1397
2697
2605
3335
2904
1283
668
3085
2174
1561
3170
980
2853
1305
2417
1938
3934
2561
2723
1727
2386
1006
3572
463
3179
1648
2239
1833
2023
1478
1866
2832
2173
450
2614
1530
3577
447
2940
2120
1530
3134
1212
2071
2204
1745
2390
1895
2245
1462
2979
1427
2440
1178
2695
2141
1962
3633
3569
1963
1911
1971
2446
2019
1855
1977
2164
3739
2019
3812
3716
3789
2799
709
1547
1680
3082
2738
285
2134
2898
3018
1960
3190
3434
439
2429
2911
159
3394
3857
194
2117
3054
1352
2132
2162
1947
1846
2336
2095
1991
1638
2522
1732
2667
1372
2331
2227
1844
1914
2126
1973
2439
1694
2135
1878
2016
2865
1043
2277
2590
1611
1812
2262
1864
3168
701
2445
2478
303
586
3223
3951
2328
654
2528
1477
4023
494
3158
3376
3686
1307
2831
619
3854
1074
2235
1314
2810
2547
344
4035
1139
2154
711
1202
1347
1993
2333
746
4075
958
3998
2751
3069
1535
3167
130
139
1949
621
1244
1447
2252
3113
3454
3341
3449
1634
1231
235
3484
2344
1895
1421
2808
1615
2632
273
601
2144
2326
1949
3157
1880
148
3133
2325
2720
814
2052
3359
453
2302
3305
3108
1535
2604
1671
1829
2174
3661
2743
2062
2136
2525
1368
3044
268
3152
1448
2389
2049
2818
936
2751
1816
3899
4080
3342
1574
203
2741
2566
2886
687
2510
2060
1991
2157
2374
1621
2855
3256
1006
1935
2705
2304
2402
782
2736
1779
1880
3846
1617
3052
503
3299
1646
3144
3902
1606
2237
2421
1367
3267
1665
513
3582
718
3155
1255
3320
759
2922
2379
1530
2317
269
3512
1117
3519
96
3528
2205
631
2383
3064
367
2030
1183
2500
1386
2415
2245
2686
3523
2761
686
2169
2731
1536
371
2927
1753
988
3846
1991
504
2689
3469
1938
2347
2046
2325
1222
2862
1150
3070
1321
3044
706
2458
2668
1229
2551
2995
3239
2011
1443
3662
373
3293
1454
1979
1470
1155
3515
1445
936
1838
2899
2128
1809
2542
2118
1312
2340
2942
2535
3269
1911
1784
2575
795
3301
1601
1309
3033
773
2637
2089
2258
1994
3324
92
538
1579
3696
3469
2863
673
2411
2468
2771
2135
777
2631
2081
2681
617
2533
1368
2918
2190
1104
2791
1611
1856
3604
3103
3505
2339
2672
2909
2147
336
2907
442
3366
1567
1567
2169
2855
899
3266
1659
2328
1382
2613
2942
1360
1473
2575
2023
785
3528
1216
2589
1433
3986
1460
1761
2147
2322
1647
477
3600
123
1831
4019
1116
3427
900
2355
3147
397
2194
2978
2133
930
3087
1408
3474
915
1155
3312
1074
3580
25
3313
2184
1434
2969
3122
2013
1091
2669
2651
3672
3569
2061
2922
2075
1654
2178
2393
3561
2396
1159
2744
1807
1919
1824
2404
3155
332
2998
563
3813
1420
2311
1482
2322
2041
2614
221
993
2076
2025
2353
1733
1462
2547
2613
1487
2130
2299
1999
1665
2127
1836
2387
2072
2008
2037
2505
1294
2289
2211
1904
2116
2017
2065
2440
1591
2122
2036
1728
2742
1701
2043
2051
2053
1965
2113
2051
2056
2026
2149
2050
1935
2178
1925
2038
2078
2031
2098
2056
1959
1831
2298
2188
1835
2137
2050
2055
2038
2041
1705
2555
1883
2043
2082
1926
2507
1690
2037
2041
2050
2078
1626
2445
2012
2145
1980
2071
2023
2060
2112
1995
2046
2024
2412
1320
2794
930
3448
1417
1903
2303
1936
2048
2046
2030
2059
1709
2368
2498
1370
2314
2224
1487
2440
2026
2572
1521
2080
1728
2292
2733
712
2728
2077
2106
1979
2040
1741
2694
1700
1996
2374
1368
2440
2080
2049
2027
2263
1622
2445
1569
2369
2497
1566
2160
1975
3356
3530
2000
1957
2155
2058
2914
383
3123
1181
2621
2051
2561
1562
2012
2072
2006
2043
2141
2016
1402
2987
1942
1870
1815
2191
2263
1914
2205
1431
2482
2052
2266
2176
1720
2017
2039
2082
2068
2059
1849
1951
2262
2406
1742
2042
2046
1782
2541
1818
2114
1994
2026
2250
1337
2578
2806
668
2767
2131
1868
1805
2309
2002
2704
654
3113
1756
1868
2223
2096
1982
2206
1835
1827
2345
2344
1736
1803
2549
1553
2267
2067
2068
2163
1901
2070
2068
2365
1556
2319
1900
2098
1812
2471
1105
3527
1032
2297
2282
1550
2404
2068
1970
2043
2181
1838
2135
2081
1698
2354
2253
1850
2090
1995
2046
2199
1583
1883
2986
1613
2089
1903
2633
1206
2061
2625
1802
2099
2010
1947
2146
2046
2026
1829
2511
1782
2113
2014
2119
1977
2042
1695
2393
2074
2024
2047
2071
2035
2601
703
2827
2081
1994
2092
2020
2985
1081
1835
2295
1769
2628
1760
1787
2467
1897
1835
2329
1987
2047
1969
2110
2064
2310
1846
1964
1758
2327
2066
2042
2082
2107
1981
2036
2059
2019
1820
2736
1405
2249
2253
1399
3100
767
2700
2777
1173
2448
1803
1677
3083
498
3690
791
2532
1897
2149
2144
2070
2001
2034
2068
2624
1320
2008
2615
1306
2391
2093
2024
2071
2044
2367
1717
2017
1461
2681
2619
1374
2104
2102
1958
2119
2013
2098
1730
2942
798
3183
1577
2053
2051
2275
1777
1847
2266
2080
2009
1700
2397
1955
2141
2432
1811
1915
2287
1388
2479
2157
1904
2160
1896
1762
2360
2102
1882
2816
1433
1658
2432
2070
1999
2317
1658
1900
2354
2681
1340
2166
1991
2049
2070
2035
2053
2057
2037
1458
2653
2011
2117
2514
1535
2042
2075
2040
2045
1694
2401
2299
1850
1651
2374
2452
1138
2757
1815
2092
2286
1814
2040
1693
2530
1946
1736
2312
2030
2063
2098
2676
902
2541
1785
2694
1662
2041
2073
2371
821
3034
1981
1964
2144
2036
1978
2059
2119
2592
1352
1796
2433
1999
1872
2239
2348
1762
2499
995
2660
2022
2076
2051
2005
2096
1933
2155
2012
2063
2037
2045
2097
2418
1989
1265
4011
3125
2183
1557
2191
2339
2011
1994
2104
1797
2289
2329
1630
2148
2064
2043
2100
2127
2333
1621
1692
2084
2415
1872
2905
1345
1885
2268
1803
2144
2024
2200
2010
2036
2374
1397
2787
1281
2354
2114
2415
1578
1684
2610
1961
2562
1528
2048
1748
2357
2049
2070
1961
2138
2028
1989
2064
2105
2031
2299
1171
2659
2047
2044
2071
2020
2042
2055
2068
2691
1366
1735
2639
1639
2083
2168
2300
1323
2545
2274
1970
1640
2841
1532
1725
2134
1769
2510
2442
1672
2046
2263
1577
2676
1672
2026
1860
2328
1569
2371
2401
1784
1978
2125
2163
1920
2410
1089
2513
2424
1800
2247
1829
1928
2210
2209
2010
1816
2121
2123
1998
2104
1913
2076
2286
1630
2348
1951
2060
2078
3353
2937
2827
1362
2607
1843
1952
1585
2574
3672
3960
1683
2025
1628
2537
2452
1633
2564
746
2532
2362
1637
2405
2037
2257
1868
2363
1718
2050
1931
2079
2203
1857
2027
2393
1990
1511
2524
2218
1708
2140
2035
2037
2079
2178
1683
2225
2087
2076
1654
2385
2838
1322
1257
2843
2025
2598
899
3136
1623
1969
3150
3477
2070
1953
2091
2123
1983
2590
1552
1579
3149
3012
1306
2202
1175
2553
2631
3934
4078
2034
2104
2051
1930
2778
1410
1254
2533
2243
2040
2707
1679
1895
1979
1554
3509
1138
1073
3121
1985
1748
2196
2333
1852
2072
2017
1962
2249
1927
2037
1989
2130
2750
1277
2334
1843
1330
2970
2560
1246
2094
1140
3187
2316
1741
1205
2620
2322
2285
1361
1597
3347
2256
1811
1662
2560
1914
2037
1945
1671
3105
731
2763
2434
1719
1764
3051
1201
2149
2048
2050
2045
2046
1694
2247
2299
2041
1987
2298
1576
2243
2876
1313
2104
835
3097
1638
3122
1409
2087
1946
1922
1830
2477
2085
2613
1367
1889
3436
900
2105
1947
1860
1583
3544
845
2577
430
3245
2285
2110
3291
775
1135
2964
2237
2027
1210
3841
893
2107
2455
1643
1872
2117
2030
1506
2821
1900
1580
2534
1868
2190
2115
1951
2215
1791
2227
1969
2160
2182
1472
2374
3895
2380
1960
1354
2269
2271
2637
840
3000
1733
1964
2449
1735
2077
1531
2849
1902
1828
2941
471
3105
1698
1962
2099
1373
2495
2435
1937
2402
1687
1008
247
2058
2134
2038
2116
1866
2196
1979
2111
3532
337
198
4054
2298
1844
1893
2235
2014
2087
1990
2954
3390
1905
2233
2331
1933
1800
1919
2277
1813
3133
1094
1649
1890
2540
1780
2643
1852
2432
1695
1853
2311
1863
2005
1980
2217
1877
2223
1584
2470
1402
2861
1948
1757
3066
1157
1346
3911
263
3374
2040
1094
2347
2107
1969
2250
1893
2549
1599
1711
2057
2210
2106
1744
2123
2040
335
991
2114
1789
2238
2108
1886
2234
2032
1689
1997
2502
3179
1008
579
1362
2482
1625
1790
1966
2219
2099
1852
2286
2528
1500
2222
1921
1871
2370
752
3205
2131
1942
1918
2194
2063
1981
1952
2231
1817
2318
1809
2199
1926
2217
3128
826
1983
2271
1875
2149
1933
2066
2137
2362
1672
2261
791
3210
1938
2028
2105
1995
2061
2218
1771
2311
1954
1898
2228
2121
1826
2071
2099
3664
2034
1942
2089
2034
2070
1856
2461
1782
1989
2575
1269
2967
1251
3007
1231
2105
2323
1972
1479
2376
1981
2135
2544
1482
2181
2051
974
3109
2160
2193
2728
1005
1163
3180
1935
2267
1939
2095
2351
1597
2508
868
2985
2873
3130
2216
2025
2006
2016
2366
1641
1780
2525
1800
1767
2287
2149
1833
2001
2211
2174
1778
2199
1990
2120
2373
1710
1914
2294
1837
2155
2049
2074
1912
2077
2194
1934
2008
2092
2100
2052
2865
322
2968
2034
1969
2170
1019
3496
648
800
2005
1762
2108
2187
1905
2312
1507
1881
2594
3292
988
362
3583
2907
1163
1974
2219
1552
2187
2665
1682
2066
2285
1895
1859
2278
1825
2038
2158
1703
3059
1257
2224
1901
2099
2104
2120
1911
2303
1779
2013
2206
1620
1559
2936
2029
2068
2591
1669
1823
2389
1351
2476
2639
1589
732
3660
1570
1728
3146
505
3456
1376
2042
2143
2041
2353
1667
625
3530
3210
1328
1614
2005
2047
1967
1397
2383
3175
1330
1987
1454
3636
773
2881
1576
1398
3421
287
2979
2172
2031
1539
3260
1429
2608
1410
2063
972
3012
2935
554
2779
2139
2275
1734
1057
3027
2729
1446
1566
2341
2146
2395
443
3317
2034
1949
2864
1272
2076
1997
2768
1539
1823
2205
1781
2171
2013
1414
3171
1147
2296
2157
1949
2101
2113
2120
1970
1968
1988
2146
2074
2011
2072
2059
2056
2008
2365
2015
1759
2225
1811
2078
2132
1807
2219
2112
1626
2440
2081
1559
3023
1547
2056
2062
2025
2260
1531
2319
2317
2469
438
3507
1553
1981
2116
2107
2025
1603
2908
1601
2023
1119
720
1735
3132
555
3088
1021
3544
1272
2446
1213
2492
2062
2056
3372
2994
4041
788
1957
2107
1020
3122
2869
1141
1980
2020
3209
3445
1829
1885
2295
1976
1941
3178
3225
1962
2019
2109
2954
1087
2477
1635
2106
695
1310
1998
2130
2716
482
3333
1971
3886
89
1853
2413
694
3169
4082
2077
1087
3337
862
2693
2783
1347
2141
1657
2277
2261
2681
1898
1917
2447
2077
2003
1948
2242
2161
2447
1857
1651
1315
2771
2031
1505
3000
1213
2451
2162
2113
1929
1639
2028
3668
2645
2074
1652
1899
1933
2134
1977
2306
1479
2366
1441
2771
2000
2838
1365
2065
2232
1774
1960
1429
3526
1211
2039
2186
1904
2001
2142
2100
2178
1800
813
3326
2536
1841
1827
1839
2262
2446
1541
2043
2950
1163
2171
1379
3157
1317
2283
1881
2173
1902
2227
2022
2252
1891
1953
2204
1942
2068
2280
1838
1165
2701
2026
1905
1394
2817
2040
2296
1706
2489
2018
2389
767
2658
1064
3705
1677
2619
94
3573
1552
1718
3072
868
2554
1955
2262
1570
3085
1739
1434
2547
1999
1609
2368
1259
2945
2283
1672
1969
1464
2698
1967
2034
2215
2862
793
2211
2290
1482
3632
1059
1950
2174
1910
2871
318
2992
1845
2336
1745
2315
2218
1894
1957
2045
2384
3145
2852
568
2961
1479
3047
1019
1120
3172
1817
2145
2077
2077
2070
1939
2982
3055
1803
2759
704
3414
1268
2524
1812
2010
2700
1316
2363
1027
677
2144
1437
3421
3756
2805
739
2311
2980
1445
2539
1812
852
2893
2119
1606
2747
2027
2061
2251
153
3472
3597
2244
2983
2122
1623
3194
103
2317
2350
2256
2052
3186
105
2826
2175
1916
2996
647
2647
1904
2756
454
3001
2030
2374
2338
1417
1851
2167
2398
1593
2376
1243
2548
3024
1359
1845
2269
1796
1607
3275
1297
1407
3396
1434
2036
2862
752
2473
1715
2611
2115
1542
2255
2237
1952
1941
2122
3504
1199
1807
1722
1885
3621
1933
137
2927
1931
2168
2122
1979
2069
2032
2195
1888
2065
2304
1775
2128
3527
687
1634
68
1766
2032
1986
2058
3372
627
2329
80
736
3674
564
1849
3429
1353
1944
1600
2292
2130
2208
1222
3467
1585
1602
1891
3220
1187
2215
1671
2270
2090
2156
26
1992
2168
2371
1527
1241
2864
1808
3291
1061
2134
1830
1516
2606
2002
2388
1741
2130
2413
1310
3270
1222
1426
1970
1046
3125
436
3131
1929
1998
2119
2065
1936
2628
705
2832
2774
2152
79
3371
1751
2687
1507
2043
2129
2256
1741
2119
2862
909
1956
2052
2173
2360
2352
2702
971
2276
1811
1169
3031
1984
2992
1173
1251
2848
2795
1343
1967
3675
3522
3683
1063
2040
1958
1993
2165
2061
2009
1687
2379
2451
1242
3450
1035
2159
1131
2896
1768
2656
1749
2260
1796
1937
2091
1917
3104
375
3860
1467
1624
2001
2146
2171
1848
1610
2504
2424
1644
2274
1360
2482
1968
2192
2572
1489
2408
1792
2417
2619
787
2757
2418
1584
1793
4026
545
1559
1599
2705
2233
1541
2474
2511
886
2808
2008
1814
2301
3367
346
2344
2194
1553
2423
2083
2003
2254
1536
3126
2097
1393
2128
3172
1539
1162
2903
2510
1825
2127
1680
1793
2234
1764
2477
1795
2258
2036
2021
1822
2451
1824
2780
1325
2417
3103
619
2197
2004
1965
2223
1617
2637
1861
1940
1910
2240
2390
1318
3009
1500
2249
1798
1559
2759
1745
2022
2425
1085
2793
2351
1533
2191
2012
2049
2007
2141
1963
2181
1913
1941
2218
2474
1525
1843
1958
2451
2437
1374
2344
1950
2359
1770
1725
2804
883
3063
963
2890
2541
2606
946
1194
3704
1191
2102
1388
2624
2009
2327
2735
1177
2241
1231
3327
1327
2333
1675
2106
1676
2473
1922
3892
3098
2124
2072
1932
2131
1845
2274
1967
2061
2999
1004
2322
2863
989
378
1536
2410
1020
3662
1453
1790
1030
3869
2975
1994
953
2516
2216
1575
2333
2281
1757
2620
1615
2056
2080
2364
1746
1530
3831
639
728
3524
2064
2017
2096
2987
273
3114
2603
1098
1553
2478
2511
2535
740
2146
3403
3583
970
3260
1870
2023
1963
1615
3073
1929
1334
2300
1986
2128
1010
3568
1565
2072
2981
153
3474
1148
2486
2980
1105
1308
3457
1192
2216
2093
2869
766
2139
2272
2259
1928
2005
2281
1832
2043
2113
1932
2156
2027
2114
1214
3251
1294
2460
3693
316
751
3153
2263
1965
781
3085
2100
2389
1079
4067
583
1744
3301
1311
2766
1523
1831
1921
2269
2703
1384
2052
373
3913
1924
2528
790
2952
2576
1793
2565
686
2658
2031
2655
1538
1647
2252
2626
1402
1422
2924
1806
2281
1849
2600
3325
578
2695
1947
1860
1565
2306
1128
3364
1470
2397
1874
2302
1755
2736
1621
1902
2173
2268
1801
1674
2539
1843
2918
337
3672
654
3410
1346
1251
3004
757
2548
2064
1583
3502
34
3794
967
3354
1045
2055
2029
1923
2059
2394
1317
2092
2702
2060
2821
1603
1594
2323
395
3875
770
2916
2020
2446
1690
1785
2111
2348
1878
1996
2525
2012
1909
1684
624
1322
2012
1901
2835
1533
2683
1445
678
3255
2129
2013
2072
2029
2161
1911
2035
2063
2036
2096
1598
2474
1518
2644
3023
673
834
3385
3363
156
2291
3546
526
1827
2648
2198
1757
1666
2898
1476
2186
2042
2145
2071
903
3970
2100
1026
2098
2343
1530
2276
1993
2218
1858
2180
2000
1972
2250
2019
1497
2591
2396
2561
283
2871
1283
2879
3951
3568
2016
3857
589
1759
2295
2019
599
3513
2935
1161
1723
1499
2252
2400
2354
1754
2155
1791
2267
2038
1914
2271
1862
2053
1986
2137
2066
2665
1159
2248
2115
2622
269
3249
255
2572
525
1307
2331
1037
3136
1651
2141
2779
1174
2036
1881
2300
2636
1319
1352
3846
1
3368
1558
2618
1957
1254
2703
3054
3217
2897
1286
925
3354
1635
2204
1983
1731
1914
2425
3049
1282
2505
1769
1320
2373
2331
2031
2783
1372
1933
1578
1927
2862
1961
3487
586
805
3161
2017
2387
2340
1626
1464
2514
2378
1757
1637
2805
1739
1604
2503
2080
1618
49
867
3810
1718
2619
1404
944
3781
1411
2124
1394
2804
1979
1974
2198
2275
1819
2472
1087
2582
2084
2248
1722
2169
2052
1231
2869
2742
3218
4043
1898
1648
2440
400
3355
1147
2867
2909
1119
2098
1867
2052
2998
1329
2108
2035
1574
2505
1742
2236
1911
2505
1682
1884
2798
3217
738
2897
2734
688
2870
1788
1994
2099
2078
2028
1997
2118
2020
2015
2066
2033
2097
2009
2024
2108
2011
2078
1961
2326
2207
1675
2028
2048
2081
2081
1963
1962
1577
3361
1316
2035
2083
2022
2093
2018
2000
2097
2132
1953
2214
1934
1842
1720
2552
1949
2145
2033
2078
2055
1959
2231
1872
1777
2736
1716
1996
2148
2005
2576
299
3294
2306
2359
1418
936
3180
2454
2183
1393
2186
2192
2131
949
3585
512
2832
2159
2144
1819
2075
2064
2037
2111
2382
3505
126
1963
2283
2478
1575
1885
2227
1438
2684
2186
2095
1780
1908
1318
3086
1894
1876
1391
2769
3194
645
2585
1181
2778
1987
2357
1712
3137
55
2992
2075
2210
1895
1970
2120
2096
1972
2050
2031
2134
1973
2091
3057
900
1493
2536
2169
3027
1008
2164
2243
1681
2149
1878
2297
2024
2095
2015
2109
2373
1761
1936
2095
1981
2081
2129
2169
1045
3128
2894
849
2059
1601
2597
1578
2488
1997
2058
2164
3451
1721
23
1134
3812
2132
2396
3525
2675
1390
2721
1253
2111
2832
2030
1249
3070
1756
1960
1624
1947
3888
489
2734
2529
886
2296
1205
2860
2419
1639
2112
2083
2085
1580
2471
1995
2185
1510
2079
785
2641
1650
1120
3931
805
2940
800
2384
3185
797
2337
1273
2613
1578
2542
2733
1497
1746
2227
1964
2059
2187
2232
1934
1867
2008
2160
2046
2073
2149
1695
2220
2263
1659
2223
2475
1333
2005
2561
1840
2149
2074
1886
2138
2100
1937
2318
1825
2096
2088
1944
2011
2183
1922
2172
1823
2756
1472
2023
2107
2052
2133
1996
1986
2066
2157
918
3010
2525
1614
2539
1647
2004
1979
1612
2589
2410
1548
2154
2121
1895
1715
2446
2898
288
2961
2326
1854
1589
2413
2081
1994
2043
2090
1971
2107
2501
1235
2399
2104
2120
1905
2027
2139
1586
2558
2104
2641
1234
2439
829
3023
1949
2053
2032
2712
965
1824
2836
973
2531
2009
2158
2498
621
703
2100
1982
2020
2232
1990
1889
2161
2246
576
3303
2209
3000
342
2505
2274
1854
2126
2205
2155
1876
1879
1584
2768
2431
1548
2193
1639
2357
1891
2235
2143
1673
1831
2362
2139
2144
1941
2019
2117
2035
1927
2337
1739
2371
1804
2021
2289
1784
2284
1881
2576
1495
1240
2900
2081
2025
2266
1808
2088
2091
1925
1612
2782
1782
2112
2056
3002
1015
1079
274
780
3385
2148
2093
3161
910
1941
1947
2340
1793
2134
2005
1576
2690
2047
1981
3055
922
2738
2346
595
3470
1164
2475
1346
2860
2383
1030
218
2057
1416
2635
2246
3856
2021
2207
2113
2007
1953
1687
2551
2039
1939
2041
1466
2210
2409
2023
2090
2001
2121
1968
2082
2835
931
2249
2101
2053
2114
1936
2164
2021
2481
1693
2104
1709
2372
1840
2411
1863
2168
1849
2189
1767
1558
2707
2332
1737
2126
1852
2438
1779
1891
2332
1875
2193
1962
2126
1342
2666
3128
902
2153
2471
432
3572
1153
3073
1644
1962
1984
2109
2050
2000
2136
2017
1977
2140
2016
2241
1843
2001
2111
2183
1618
2343
3875
1027
2059
2065
2049
2015
2089
2022
2089
2015
2093
1999
2081
1953
2139
2021
2011
2045
2139
2073
1791
2713
1440
1298
3283
1709
1964
2079
2278
1858
2020
2209
2486
1405
2151
2518
482
2741
4073
3381
984
2385
2255
1867
2028
2078
1983
2195
2074
1784
2303
1982
1902
3039
931
3188
639
3989
2674
382
2892
2005
2094
1966
1894
1901
2770
1671
2067
2045
913
3439
1260
3213
1423
2265
1711
2028
2155
3454
3437
2111
2035
1478
2464
1101
3362
2033
2090
2069
1409
3141
2043
1476
2180
2116
2005
2090
1795
2109
2149
2288
1536
2438
1765
2186
2195
1836
2104
2441
1603
1934
2060
2504
1582
1811
2714
1512
2094
1850
2197
2460
1693
1382
3077
2428
1417
3526
999
2266
2004
2143
1988
2038
1790
2215
2293
2176
2283
2608
990
1574
1401
2969
2215
2082
2048
2018
2076
2025
2097
1985
2090
2059
1987
2097
2072
2011
2041
2075
2017
2058
2137
1952
2073
1947
2151
2039
2048
2021
2054
2006
2589
1583
1960
2165
1928
2112
2021
2059
2141
1933
2091
2420
1688
2265
1766
2043
2011
2104
1948
2293
1964
1824
2128
2081
2634
1409
2005
1995
3099
1006
1705
2507
2788
1756
1417
1919
2158
2526
2270
1590
2126
1960
2151
2002
2400
1701
2479
997
2109
1923
2787
1389
2286
2597
1532
2076
1829
2174
2186
1979
1747
2324
2009
2075
2057
2026
2069
2058
2263
1968
1474
2655
1693
2312
1633
3903
3548
2150
2296
2003
1722
2130
2080
1734
2188
2146
1313
3727
1088
2081
2089
1983
2363
1669
1727
3166
744
2373
2471
1900
1801
3309
40
2006
2446
1617
2123
1579
2593
1382
2960
2022
1902
1937
2315
1649
2528
1361
2466
2615
1463
1985
2058
1820
2141
2449
1852
2161
1728
2296
1798
2326
2745
1187
2236
1778
2283
1762
2304
2017
2070
2027
2070
2022
2062
2063
2023
2069
2051
2032
2030
2391
1698
2059
1989
2189
1685
2351
1988
1990
3047
365
2995
1877
2068
2186
1865
2157
2345
1603
1639
2540
2056
2107
1965
2069
2064
2022
2035
2072
2031
2067
2046
2026
2045
2068
2052
2046
2047
2549
1513
2033
2087
2007
2125
1785
2304
2070
1249
2916
1994
2059
2874
1077
2884
1154
2366
412
3301
2174
2624
1529
2950
996
2661
1960
1346
2426
1676
2928
1822
1369
2497
2212
141
3596
2065
2066
2205
2825
1078
1845
2189
2660
1476
2297
1745
2223
1884
2273
1729
2222
2379
1746
2120
2045
2033
2061
2052
2035
2062
2056
2176
1922
1991
2132
1356
2662
2816
1265
2367
1699
2372
1412
2649
1989
1824
1997
1970
2208
2089
1554
3597
774
2391
1910
2034
2016
2117
2042
1960
3399
4041
1569
2338
2167
1629
2790
2482
1148
1982
1445
2618
2183
2034
1857
2200
2069
2038
2056
2064
1992
2107
2007
2223
1704
2602
1567
2195
1887
2214
1667
2652
1766
2048
2099
2003
2222
1920
1977
2117
1906
2165
2040
2004
2099
2070
2735
1107
2292
1762
2313
2294
1121
2883
1901
2050
2017
2099
2001
2122
2218
1889
1507
2878
1705
2030
2064
2135
173
3925
2128
1928
2116
2080
1912
1819
569
4063
1689
2213
1941
1703
2286
2256
1952
2534
1511
2190
2032
1999
2000
2057
2060
2260
1383
2534
2382
1998
1496
1976
2336
2004
1990
2568
1700
1950
2006
2220
2273
1664
2323
1946
1952
2068
2869
920
2182
2135
2054
2159
1665
2735
1763
1971
2127
1952
2103
1980
2120
2131
1937
2173
1859
2157
1947
1965
2079
2342
2025
1864
2072
2100
1997
2079
2021
2057
2088
2011
2035
2050
2460
1601
1689
2372
2127
2072
2186
1825
2130
1914
2271
1934
2071
1654
2469
2311
1773
1964
2217
1261
3421
1325
2058
2659
844
2659
2020
2096
2047
2083
1884
2182
2003
2093
2028
2017
2058
2064
2038
2060
2046
2057
2028
2214
1832
2109
1614
2383
2086
2220
3528
3238
2046
2063
2037
2909
1091
2728
1213
2567
1658
2018
2128
1947
2398
1059
2220
2640
2128
2672
1036
2697
1801
1981
2090
2053
2052
1954
2092
2104
2008
2026
1676
2700
1911
1987
1836
2615
1361
3405
553
1792
2727
2023
2987
712
2384
1828
2326
2086
2018
2041
2073
2069
2032
2024
2038
2065
2167
1859
2282
1768
2194
2016
2153
1998
2043
2064
2001
2008
2071
1981
2041
2211
1822
2202
2046
2093
1983
2161
1817
2141
1876
2515
1853
2079
1236
2743
2110
1974
2087
2039
2050
2058
2096
1959
2076
2086
2563
1508
2160
1876
2148
1838
2270
1520
2678
2054
2029
1887
2076
2379
1629
2117
1213
3410
1513
2076
2015
2084
2019
2623
1555
1241
3519
1168
2096
2071
2039
2164
1916
2107
2071
2086
2011
2098
2201
2040
1307
2590
2085
2073
1921
2131
2090
2110
1962
1990
2009
2099
2255
2098
1655
2274
1976
1965
2158
2029
2040
2058
2056
2033
2071
2035
2041
2060
2057
2022
2053
1713
2804
2124
1523
1989
2138
1942
2098
2150
1907
2097
2125
2022
1871
2217
2069
2030
2041
2093
1423
3854
722
1629
2585
2196
1919
1876
2275
1887
1564
3144
1513
3369
3061
2017
2177
1736
2833
1419
2105
1668
2467
2045
2042
2394
1432
2234
3177
969
1900
2538
1494
2190
2145
1486
2619
2029
2086
2013
2079
2255
1799
2057
2043
2034
2082
2071
2007
2057
2033
2087
1958
2128
2726
940
2567
1916
2170
1832
2042
2182
2379
1628
2112
2007
2189
2005
1808
2261
2439
1207
2962
1603
2106
1818
2167
1323
2830
2609
1444
2086
1916
2086
2099
1988
2367
1830
2036
1783
2318
2054
2050
1862
2487
1960
1865
1888
2434
2808
3139
2240
2383
995
2658
2048
1989
2025
2111
2101
2008
2001
2054
2089
2285
1156
3014
1701
2051
2067
1942
2649
1338
2243
1967
2050
2160
1985
1976
2127
1683
2984
1360
2201
2239
1811
1962
2160
2012
2122
2022
2054
1999
2362
1646
2088
1795
2381
2032
2139
1984
2134
1843
2145
2068
2101
1939
2095
2522
1506
2198
1956
2492
1162
2515
2073
2019
2219
1856
2065
2267
1780
2140
2018
1950
2156
1734
2406
1958
2166
1955
2043
1974
2096
2294
1825
1930
2146
2074
2135
1583
2777
1662
2075
2664
1349
2154
2032
1924
2172
2117
1716
3429
3305
2053
2239
1809
2095
2036
1759
2513
1884
2104
2336
1680
1691
3701
3434
2120
2018
2156
2117
1896
2037
2053
2026
2051
2083
1583
2573
1903
2885
1400
1848
2047
1871
2307
2217
1891
1853
2316
1957
2060
2182
1882
1861
2281
2018
2058
2151
1838
2287
2007
1918
2036
1898
2228
2163
2025
1988
1933
2309
1873
2088
1877
2192
2055
2043
2134
2035
1977
1894
2202
2073
2156
1907
2053
1906
2196
2043
2541
1454
2119
1841
2286
2040
2073
1914
2164
2120
1672
2591
1813
2050
2043
2047
2041
2663
850
2635
1768
2755
1174
3250
1254
2041
1763
2382
2053
2043
2050
2189
1913
2023
2070
2057
2029
1924
2250
1940
2097
2008
2060
2069
2046
2040
2048
2056
2043
2056
2046
2045
2039
2056
2047
2054
2048
2036
2054
2056
2036
2052
2058
2032
2055
2055
2036
2059
2036
2062
2040
2043
2050
2053
2045
2057
2032
2060
2044
2045
2051
2054
2045
2038
2063
2031
2341
1726
1948
2089
2138
2058
2054
2034
2054
2046
2055
2030
2064
2041
2051
2050
2051
2038
2060
2175
1901
2065
2029
1957
2148
2051
2056
2038
2054
2047
2056
2034
2051
2054
2048
2044
2048
2328
1694
2080
1934
2211
2041
2050
2039
2064
2040
2042
2053
2060
2026
2065
2039
2060
2035
2048
2055
2050
2036
2059
2039
2062
2043
2032
2061
2056
2032
2054
2049
2052
2048
2046
2046
2048
2057
2031
2054
2053
2043
2049
2050
2041
2054
2053
2048
2041
2053
2039
2058
2046
2044
2045
2059
2047
2042
2040
2058
2052
2045
2051
2032
2068
2030
2067
2035
2052
2048
2048
2048
2133
1875
2352
1616
2263
2049
2049
2043
2054
2035
2070
2027
2065
2040
2041
2060
1838
2322
1905
2040
2424
1756
2047
2043
2047
2000
1985
2343
1870
2256
1622
2183
2222
1951
2050
2052
2048
2054
2040
2041
2058
2054
2041
2042
2059
2032
2060
2056
2028
2066
2033
2055
2055
2049
2025
2073
2037
2050
2047
2049
2038
2063
2046
2039
2050
2051
2049
2124
1894
2125
2050
2045
1753
2447
1961
2121
2058
1940
2059
2050
2047
2044
2050
2049
2051
2039
2052
2044
2062
2034
2108
1941
2094
1960
2226
1964
2048
2051
2045
2041
2060
2041
2049
2050
2041
2057
2042
2052
2045
2055
2037
2055
2055
2016
2084
2035
2047
2049
2052
2043
2057
2242
1641
2255
2047
2039
2060
2051
2040
2042
2058
2041
2059
2035
2054
2098
1951
2234
1885
2111
1989
1935
2179
1980
2189
1985
2040
2275
1597
2265
2058
2042
2055
1974
2185
1963
2091
1985
2074
2053
2105
2001
2046
1774
2298
2300
2041
1631
2424
1856
2065
2043
2048
2034
2068
2037
2056
2037
2046
2061
1927
2186
2236
1618
2331
1992
1971
2862
692
2530
2351
1809
2176
1790
2276
2019
2045
1904
2338
1904
2112
1963
1989
2166
2013
2243
1904
2001
1903
2214
2027
2001
2051
2071
3348
462
2656
1510
2145
908
3267
2122
1982
2603
1528
2052
1880
1985
2368
1909
2428
1723
2037
2155
1620
2397
1980
2535
1617
2078
2057
1932
2096
1977
2132
2071
2046
2074
1859
2166
2076
2047
2056
2334
1726
1894
2216
2017
2239
2028
1950
1509
2933
1862
1803
2136
1938
2184
1680
2318
2090
2039
2423
1600
2167
2076
1631
2797
1655
2077
1984
2090
2041
2041
2059
2058
2133
1849
2002
2020
2195
2283
1793
2083
2046
2064
2078
2046
2024
2216
1779
2292
1895
1610
2928
1598
2086
2010
2078
2027
2086
2023
2033
2056
2040
2074
2010
2008
2176
1985
2040
2026
2077
2360
1343
2544
1929
2069
1891
2164
2081
2047
2062
2022
2091
2002
1864
2679
2029
1627
1858
2249
2175
1745
1978
2285
2062
2028
2091
2016
2037
1756
2702
1796
2885
875
1457
2901
2020
2069
2029
2057
1982
2111
2055
2027
2163
2033
1639
2249
2491
1548
2359
1927
1776
2565
1557
2316
2206
1795
2012
2312
1869
1751
2348
2103
2026
2011
2049
2083
1949
2399
1700
2073
2093
2116
2087
1924
2045
2064
1850
2450
1733
2267
1945
2102
1983
2054
2001
2099
2041
2178
2621
683
2483
2443
1658
2230
2185
2105
1900
2133
1955
1984
2130
1879
2112
2336
1949
1878
2151
2018
2029
2029
2177
2112
1746
2200
2001
1988
2180
2213
1832
2066
2158
1858
2129
2029
1873
3206
331
2798
2058
2090
2000
2045
2076
2053
2002
1964
2058
2225
1917
2230
1908
2057
1938
2252
2010
1962
2130
1992
2021
2061
1952
2156
2206
1886
2053
1922
2244
2035
1990
1883
2233
2183
1939
2011
2531
1423
1630
2640
2196
1713
2229
1964
2247
1797
2290
1900
2017
2094
2169
2314
1077
2593
2022
2220
1922
2178
1695
2267
2285
1785
2065
2372
1602
2073
2514
1431
2316
2099
2103
1811
2204
2022
2077
2058
1849
2340
1791
2366
1719
2325
1803
2165
2010
2240
1866
2089
1960
2163
2018
2010
2120
1976
2081
1977
2152
2016
2031
2108
2006
2025
2060
2042
1890
2208
2249
1839
2048
2078
1937
2245
1714
2451
1799
2094
2226
1897
2070
2026
2015
2100
1993
2100
2032
2116
1933
2096
2047
2053
1944
2167
1999
2080
2038
2097
2031
2141
1921
2089
1974
2002
2220
2037
1969
2052
2059
2062
1983
2103
2008
2114
2003
2057
2075
1974
2103
2026
2085
2010
2026
2138
2018
2002
2024
2161
1840
2305
1810
2291
1835
2207
2026
2013
1946
2236
1803
2248
1971
2231
1855
1989
2256
1948
2109
1879
2149
1964
2202
1988
1963
2104
2153
1853
2168
2059
2064
1982
2079
2036
2060
2043
2005
2122
2019
2041
2050
2049
2049
2055
2040
2049
2047
2049
2047
2044
2054
2043
2050
2049
2048
2049
2048
2052
2041
2046
2061
2039
2049
2040
2057
2046
2053
2036
2058
2044
2048
2049
2048
2071
2030
2042
2044
2055
2047
2057
2030
2065
2027
2034
2080
2043
2067
2031
2041
2054
2048
2043
2051
2047
2049
2048
2047
2051
2033
2062
2046
2049
2048
2050
2045
2051
2043
2051
2048
2049
2047
2048
2049
2047
2048
2048
2049
2047
2048
2053
2043
2047
2049
2049
2047
2048
2048
2048
2047
2049
2049
2047
2048
2049
2047
2048
2049
2047
2048
2049
2047
2048
2049
2047
2048
2048
2049
2047
2049
2047
2051
2046
2047
2047
2050
2048
2047
2049
2047
2048
2048
2048
2050
2046
2048
2049
2047
2048
2045
2052
2055
2041
2047
2048
2049
2049
2045
2050
2047
2048
2049
2046
2050
2048
2047
2049
2046
2041
2236
1688
2238
2038
2049
2047
2048
2049
2047
2048
2048
2049
2047
2049
2047
2049
2047
2048
2048
2049
2048
2047
2048
2049
2047
2047
2049
2042
2054
2049
2047
2049
2048
2046
2050
2048
2050
2045
2047
2049
2049
2046
2042
2054
2050
2046
2053
2045
2047
2051
2045
2032
2104
1987
2069
2048
2049
2047
2048
2049
2046
2049
2052
2044
2047
2051
2043
2051
2049
2047
2049
2053
2035
2056
2049
2046
2049
2046
2050
2048
2048
2046
2060
2037
2049
2046
2048
2061
2020
2069
2044
2047
2047
2049
2048
2047
2051
2045
2050
2047
2051
2045
2048
2051
2033
2060
2048
2049
2047
2048
2049
2047
2048
2049
2047
2048
2049
2047
2048
2049
2047
2048
2049
2047
2048
2049
2047
2048
2049
2047
2048
2049
2047
2048
2049
2047
2048
2049
2047
2049
2046
2050
2047
2049
2047
2048
2049
2047
2048
2049
2047
2048
2049
2047
2049
2047
2048
2048
2049
2047
2048
2049
2048
2049
2047
2048
2048
2047
2047
2049
2050
2045
2050
2046
2050
2048
2045
2049
2049
2049
2047
2048
2049
2047
2049
2047
2048
2048
2049
2047
2049
2047
2048
2050
2047
2048
2046
2049
2049
2047
2048
2048
2050
2043
2052
2047
2049
2047
2051
2048
2060
2039
2040
2051
2042
2053
2050
2044
2049
2051
2044
2050
2048
2053
2041
2050
2031
2066
2047
2048
2048
2049
2047
2048
2049
2047
2048
2049
2047
2048
2049
2047
2060
2039
2050
2039
2064
2026
2049
2073
2033
2060
2034
2015
2082
2049
2051
2043
2050
2041
2055
2047
2047
2051
2047
2048
2047
2047
2049
2048
2048
2057
2035
2052
2048
2049
2047
2048
2049
2048
2047
2048
2048
2049
2047
2048
2057
2039
2049
2047
2049
2047
2048
2049
2047
2048
2048
2049
2047
2049
2047
2039
2058
2047
2059
2027
2058
2060
2037
2046
2048
2049
2048
2052
2045
2044
2050
2049
2049
2047
2048
2049
2049
2047
2048
2048
2043
2047
2054
2046
2050
2051
2041
2054
2042
2054
2042
2053
2048
2044
2052
2046
2047
2054
2040
2049
2051
2046
2050
2046
2050
2047
2048
2048
2048
2049
2047
2048
2049
2048
2047
2055
2044
2044
2050
2048
2048
2047
2049
2047
2048
2048
2049
2047
2048
2049
2047
2048
2049
2046
2049
2050
2046
2048
2048
2049
2047
2047
2049
2049
2047
2047
2050
2046
2050
2047
2048
2048
2049
2047
2049
2049
2048
2046
2072
2012
2064
2040
2054
2032
2054
2057
2047
2048
2048
2049
2047
2048
2049
2047
2048
2049
2047
2048
2049
2048
2047
2048
2048
2049
2047
2048
2049
2048
2047
2048
2049
2047
2049
2047
2048
2048
2049
2047
2050
2045
2050
2047
2049
2047
2047
2050
2048
2047
2049
2047
2047
2050
2049
2044
2050
2048
2049
2047
2048
2049
2047
2048
2048
2052
2042
2050
2048
2048
2048
2049
2050
2042
2052
2048
2049
2051
2036
2056
2047
2048
2048
2049
2047
2049
2047
2049
2047
2048
2049
2047
2048
2048
2049
2047
2048
2049
2047
2055
2042
2045
2051
2046
2050
2047
2050
2044
2052
2047
2047
2047
2050
2049
2046
2048
2047
2050
2048
2047
2049
2047
2049
2048
2046
2050
2047
2048
2048
2048
2049
2048
2046
2047
2050
2053
2043
2048
2048
2049
2042
2054
2046
2050
2050
2045
2048
2048
2049
2049
2046
2049
2046
2049
2051
2037
2057
2047
2058
2038
2048
2049
2047
2049
2048
2046
2050
2046
2053
2044
2047
2051
2046
2049
2047
2049
2047
2048
2048
2048
2048
2049
2048
2048
2046
2051
2046
2050
2046
2047
2050
2046
2050
2049
2043
2052
2047
2049
2040
2055
2049
2047
2051
2046
2047
2048
2049
2047
2049
2047
2048
2047
2051
2045
2049
2049
2048
2047
2048
2049
2048
2047
2049
2047
2048
2048
2048
2049
2047
2049
2047
2049
2046
2050
2050
2045
2048
2049
2044
2051
2049
2047
2049
2047
2049
2047
2048
2047
2049
2049
2048
2048
2046
2050
2048
2046
2050
2047
2047
2052
2046
2047
2049
2046
2050
2048
2047
2048
2049
2048
2047
2046
2053
2045
2048
2049
2048
2043
2055
2045
2049
2046
2049
2049
2046
2050
2047
2048
2048
2049
2046
2052
2045
2046
2053
2045
2049
2043
2056
2044
2049
2047
2048
2048
2049
2047
2049
2047
2048
2049
2047
2048
2048
2049
2045
2049
2053
2044
2048
2048
2048
2048
2048
2049
2047
2049
2046
2051
2046
2048
2049
2046
2050
2047
2049
2047
2048
2049
2047
2049
2046
2050
2046
2050
2047
2048
2049
2047
2048
2048
2049
2048
2047
2048
2049
2047
2049
2048
2039
2057
2047
2048
2049
2047
2048
2049
2047
2049
2047
2048
2049
2047
2048
2048
2049
2047
2048
2049
2047
2048
2049
2047
2048
2049
2047
2048
2049
2047
2048
2049
2047
2048
2049
2047
2048
2049
2047
2048
2049
2047
2048
2049
2047
2048
2049
2047
2048
2049
2047
2048
2048
2049
2047
2049
2047
2048
2049
2047
2048
2049
2047
2048
2049
2047
2048
2049
2047
2049
2047
2048
2049
2047
2048
2048
2049
2047
2048
2049
2051
2046
2047
2046
2049
2047
2050
2047
2049
2047
2050
2046
2049
2047
2048
2049
2047
2049
2046
2049
2049
2047
2049
2047
2049
2047
2049
2047
2048
2049
2048
2047
2047
2049
2048
2048
2051
2046
2045
2049
2049
2048
2051
2046
2046
2050
2046
2049
2048
2049
2046
2050
2047
2048
2049
2048
2046
2050
2046
2050
2047
2048
2049
2047
2048
2049
2048
2047
2049
2048
2047
2047
2051
2046
2049
2048
2047
2048
2049
2046
2048
2050
2047
2048
2049
2047
2047
2049
2049
2048
2047
2048
2048
2049
2047
2049
2047
2048
2048
2049
2047
2048
2049
2048
2046
2050
2048
2048
2048
2047
2047
2050
2047
2048
2047
2049
2049
2047
2049
2047
2052
2044
2048
2048
2047
2051
2046
2047
2050
2046
2050
2047
2049
2048
2047
2047
2049
2049
2052
2044
2042
2053
2046
2050
2048
2049
2047
2048
2049
2048
2047
2048
2049
2047
2049
2048
2048
2046
2050
2047
2049
2047
2048
2050
2046
2047
2050
2047
2049
2046
2049
2049
2048
2047
2049
2046
2050
2047
2049
2046
2051
2046
2047
2050
2048
2047
2048
2048
2050
2045
2049
2049
2049
2046
2049
2046
2050
2048
2047
2046
2045
2055
2047
2048
2047
2049
2046
2049
2049
2047
2048
2049
2048
2047
2048
2049
2046
2049
2048
2049
2047
2047
2049
2049
2048
2047
2049
2048
2048
2047
2049
2048
2047
2048
2049
2047
2048
2046
2052
2046
2049
2047
2049
2046
2050
2048
2046
2050
2046
2050
2046
2051
2048
2046
2049
2049
2041
2052
2048
2050
2051
2045
2048
2047
2045
2050
2051
2044
2051
2046
2056
2041
2048
2049
2044
2055
2042
2048
2050
2050
2049
2045
2043
2052
2050
2050
2052
2041
2037
2061
2046
2048
2046
2055
2044
2050
2048
2042
2043
2058
2046
2051
2047
2046
2044
2065
2035
2048
2047
2049
2053
2042
2050
2050
2036
2056
2052
2042
2050
2051
2058
2035
2052
2044
2048
2058
2024
2064
2047
2049
2047
2048
2049
2047
2048
2048
2049
2047
2049
2053
2043
2046
2049
2048
2049
2048
2047
2048
2049
2047
2049
2046
2057
2040
2048
2048
2049
2047
2048
2048
2039
2058
2046
2049
2050
2045
2052
2046
2049
2043
2053
2047
2045
2052
2046
2050
2049
2045
2047
2049
2051
2041
2047
2055
2045
2050
2046
2051
2047
2046
2051
2047
2045
2051
2048
2048
2046
2050
2049
2043
2050
2050
2047
2048
2050
2045
2049
2049
2048
2047
2048
2049
2047
2048
2049
2047
2048
2049
2046
2050
2047
2048
2049
2048
2047
2048
2049
2047
2049
2047
2048
2048
2049
2047
2048
2049
2047
2049
2047
2048
2049
2047
2048
2049
2047
2048
2049
2048
2046
2050
2047
2048
2049
2047
2056
2040
2049
2048
2047
2048
2049
2046
2049
2048
2049
2048
2047
2048
2049
2047
2048
2049
2048
2048
2046
2051
2046
2048
2046
2052
2038
2056
2048
2049
2047
2048
2049
2047
2048
2049
2047
2048
2049
2047
2048
2049
2047
2048
2049
2047
2049
2047
2048
2048
2049
2047
2048
2049
2047
2048
2049
2047
2049
2047
2048
2048
2049
2047
2048
2049
2047
2048
2049
2047
2049
2047
2048
2048
2049
2047
2048
2049
2047
2048
2049
2047
2048
2049
2047
2048
2049
2048
2047
2049
2047
2047
2051
2046
2048
2049
2047
2048
2048
2048
2048
2049
2047
2048
2049
2047
2049
2048
2047
2049
2047
2048
2049
2048
2047
2049
2046
2049
2048
2048
2049
2047
2048
2050
2046
2048
2048
2049
2047
2048
2048
2049
2048
2047
2048
2048
2048
2048
2051
2043
2050
2048
2049
2048
2048
2046
2050
2047
2048
2050
2045
2051
2045
2049
2048
2049
2047
2048
2049
2047
2048
2065
2019
2058
2049
2048
2049
2049
2048
2049
2048
2045
2057
2038
2042
2057
2046
2051
2046
2048
2051
2043
2051
2053
2037
2067
2021
2060
2049
2049
2047
2049
2047
2048
2049
2047
2048
2049
2047
2048
2049
2047
2048
2048
2048
2049
2047
2049
2047
2050
2046
2048
2048
2048
2049
2048
2046
2049
2049
2047
2049
2047
2048
2049
2047
2048
2049
2047
2049
2047
2049
2045
2050
2049
2047
2048
2049
2046
2050
2047
2049
2046
2048
2050
2047
2048
2051
2045
2046
2050
2046
2051
2049
2046
2049
2045
2051
2048
2048
2048
2047
2047
2049
2048
2050
2047
2050
2045
2049
2047
2048
2049
2047
2048
2048
2049
2047
2048
2049
2047
2048
2049
2047
2048
2049
2047
2049
2047
2048
2049
2047
2048
2049
2047
2048
2048
2049
2047
2049
2047
2048
2049
2047
2048
2049
2047
2052
2044
2048
2052
2045
2047
2047
2049
2048
2049
2049
2042
2051
2053
2044
2046
2050
2049
2047
2048
2049
2048
2048
2047
2049
2047
2049
2047
2048
2049
2047
2048
2049
2047
2048
2047
2050
2048
2046
2049
2049
2044
2051
2048
2049
2047
2048
2049
2047
2050
2046
2049
2048
2046
2051
2044
2052
2044
2050
2049
2047
2048
2049
2047
2048
2049
2047
2047
2050
2047
2049
2046
2049
2050
2046
2049
2047
2048
2049
2047
2056
2041
2046
2050
2047
2048
2049
2047
2047
2049
2049
2048
2044
2051
2048
2050
2046
2047
2051
2046
2049
2050
2045
2044
2051
2049
2051
2045
2047
2053
2044
2041
2072
2017
2070
2040
2062
2043
2039
2038
2038
2067
2049
2049
2048
2048
2047
2046
2045
2052
2050
2055
2042
2047
2044
2052
2048
2055
2040
2049
2048
2050
2045
2048
2048
2037
2060
2044
2065
2034
2048
2049
2048
2047
2048
2049
2047
2049
2038
2067
2043
2038
2054
2047
2049
2047
2047
2037
2066
2040
2048
2073
2030
2033
2060
2042
2054
2043
2055
2042
2050
2047
2052
2022
2071
2052
2045
2041
2049
2059
2046
2043
2053
2043
2051
2051
2042
2049
2048
2047
2060
2037
2048
2048
2048
2049
2047
2048
2048
2049
2047
2048
2051
2045
2049
2047
2045
2051
2048
2050
2048
2046
2048
2048
2049
2047
2048
2049
2047
2048
2048
2049
2046
2050
2048
2047
2049
2047
2049
2047
2052
2045
2047
2049
2045
2050
2048
2048
2049
2050
2045
2049
2047
2048
2049
2047
2048
2048
2048
2049
2047
2048
2049
2048
2047
2048
2048
2049
2047
2049
2047
2048
2048
2048
2048
2049
2047
2048
2049
2048
2042
2054
2047
2048
2048
2049
2046
2050
2047
2048
2049
2047
2049
2047
2051
2045
2048
2049
2046
2051
2045
2051
2043
2053
2046
2048
2048
2048
2049
2048
2047
2048
2048
2049
2047
2049
2048
2046
2050
2047
2041
2071
2025
2048
2052
2056
2042
2048
2049
2057
2060
2041
2012
2070
2073
1992
2074
2069
2063
1996
2062
2039
2107
2014
1984
2104
2048
2037
2056
2059
2057
2026
2079
2038
2059
2023
1971
2131
2052
2021
2117
1918
2163
2029
2021
2055
2039
2053
2079
1982
2081
2068
2010
2067
2056
2028
2065
2050
2045
2048
2046
2051
2050
2043
2049
2048
2050
2049
2050
2050
2036
2053
2049
2047
2049
2049
2046
2050
2047
2048
2048
2050
2046
2049
2048
2046
2049
2048
2049
2045
2052
2046
2048
2048
2049
2047
2048
2048
2048
2049
2047
2048
2049
2047
2049
2047
2048
2049
2047
2048
2049
2047
2048
2049
2047
2048
2049
2047
2048
2049
2047
2047
2050
2046
2049
2047
2051
2046
2049
2048
2049
2045
2050
2046
2050
2047
2049
2047
2049
2048
2046
2049
2049
2048
2047
2049
2047
2048
2049
2047
2048
2048
2048
2049
2047
2048
2048
2049
2047
2049
2046
2048
2052
2045
2049
2047
2049
2047
2047
2050
2046
2052
2043
2050
2048
2049
2047
2048
2066
2031
2049
2043
2053
2045
2048
2049
2049
2046
2050
2048
2046
2049
2048
2051
2043
2050
2049
2047
2049
2032
2071
2041
2047
2047
2049
2049
2048
2047
2049
2048
2048
2046
2049
2049
2047
2049
2048
2046
2049
2047
2050
2047
2052
2045
2047
2048
2046
2050
2049
2047
2048
2047
2046
2058
2041
2049
2046
2050
2047
2052
2044
2048
2048
2049
2047
2048
2049
2047
2049
2047
2048
2049
2047
2049
2046
2049
2049
2047
2049
2047
2048
2048
2049
2047
2049
2047
2048
2049
2047
2048
2049
2047
2048
2050
2046
2048
2049
2045
2050
2049
2038
2058
2047
2048
2049
2047
2048
2057
2040
2039
2056
2048
2049
2048
2046
2050
2047
2048
2058
2038
2048
2048
2048
2048
2049
2048
2047
2050
2044
2051
2046
2052
2045
2047
2050
2048
2048
2046
2050
2046
2050
2046
2051
2047
2048
2048
2047
2045
2052
2047
2047
2049
2048
2050
2048
2047
2047
2050
2046
2048
2048
2048
2048
2050
2042
2053
2048
2048
2047
2049
2043
2052
2049
2047
2049
2047
2049
2045
2051
2048
2042
2053
2049
2047
2048
2048
2049
2047
2048
2049
2047
2049
2048
2047
2048
2048
2050
2048
2053
2042
2047
2038
2058
2051
2050
2045
2038
2057
2048
2047
2048
2049
2048
2047
2047
2051
2052
2035
2053
2059
hit: 9252
miss: 428
hitRatio: 0.955785
outlierSize: 1544
nodecount=4407
treeByteSize=39664
enCodeSize=10670
/outSize/=52046
gZIP Compression output size: 29537
timecost, 0.130127, seconds
done
input file size: 77440
output file size: 29537
sz compression ratio, 2.62 
