current pwr_bound is 1e-5
cfgFile=sz.config
[SZ] Reading SZ configuration file (sz.config) ...
PointCnt=640
quantization_intervals=8192
4096
4096
4096
4096
4096
4096
4096
4096
4096
4096
4096
4096
4096
4096
4096
4096
4096
4096
4096
4096
4096
4096
4096
4096
4096
4096
4096
4096
4096
4096
4096
4096
4096
4096
4096
4096
4096
4096
4092
4100
4096
4096
4096
4096
4096
4096
4096
4096
4096
4096
4096
4096
4096
4096
4096
4096
4096
4096
4096
4096
4096
4096
4096
4096
4096
4096
4096
4096
4096
4096
4096
4096
4096
4097
4095
4096
4096
4096
4098
4094
4097
4095
4096
4096
4096
4096
4096
4096
4096
4096
4096
4096
4096
4096
4096
4096
4096
4096
4096
4096
4096
4096
4096
4096
4096
4096
4096
4096
4096
4096
4096
4096
4096
4096
4096
4096
4096
4096
4015
4217
4069
4074
4077
3973
2492
1506
2895
1932
5015
3701
2492
1679
3199
3861
3975
3914
3505
2491
2350
3023
2751
3351
4014
3999
4115
4355
4416
3742
4094
4096
4096
4096
4097
4095
4096
4096
4096
4096
4097
4095
4096
4096
4096
4096
4097
4095
4096
4096
4096
4096
4097
4095
4096
4096
4096
4096
4097
4095
4096
4096
4096
4097
4095
4096
4096
4096
1498
6920
5174
3309
3408
4294
4339
3850
4003
4291
4058
3979
4054
4196
4187
4033
4046
4094
4099
4100
4099
4098
4087
4084
4097
4100
4097
4096
4097
4099
4100
4100
4094
4089
4087
4092
4097
4102
4101
4100
3581
4640
4043
3978
4117
4292
4283
4068
3955
4011
4078
4107
4099
4089
4087
4088
4109
4114
4093
4059
500
2260
4038
4796
4123
3753
4061
4096
4095
4097
4096
4096
4095
4097
4096
4096
4096
4096
4095
4097
4096
4095
4073
4055
4193
4073
4073
4097
4096
4101
4092
4065
4003
4173
4234
4047
3806
702
2047
3219
3966
3874
4198
4462
3984
3967
4307
4164
3651
2333
5443
6853
2769
3470
3802
4096
4096
4096
4096
4096
4096
4096
4096
6324
3123
6104
3505
2622
4063
4159
4187
4143
4074
4040
4071
4104
4205
3987
4111
4080
4083
4102
4105
4090
4071
3388
3933
2592
4110
2436
3296
4000
4101
4096
4043
3526
2985
2323
3754
4052
3990
3416
4240
5799
1483
4648
6342
3847
3639
3942
3721
4096
4095
4097
4096
4096
4094
4035
4102
4238
4043
4067
4091
4093
4101
4100
4089
4071
4053
4138
4181
4093
4053
4066
4118
4114
4083
4077
2613
1969
3952
4076
4044
3773
2917
2754
4096
4096
4096
4096
4096
4096
4096
4096
4096
4096
4096
4096
4096
4096
4096
4096
4096
4096
4096
4096
4096
4096
4096
4096
4096
4096
4096
4096
4096
4096
4096
4096
4096
4096
4096
4096
4096
4096
4096
4096
4096
4096
4096
4096
4096
4096
4096
4096
4096
4096
4096
4096
4096
4096
4096
4096
4096
4096
4096
4096
4096
4096
4096
4096
4096
4096
4096
4096
4096
4096
4096
4096
4096
4096
4096
4096
4096
4096
4093
4099
4096
4096
4096
4096
4096
4096
4096
4096
4096
4096
4096
4096
4096
4096
4096
4096
4096
4096
4096
4096
4096
4096
4096
4096
4096
4096
4096
4096
4096
4096
4096
4096
4096
4096
4096
4096
4096
4096
4099
4093
4096
4096
4096
4096
4096
4096
4096
4096
4096
4096
4096
4096
4096
4096
4096
4096
4096
4096
4096
4096
4096
4096
4096
4096
4095
4097
4096
4096
4096
4096
4096
4096
4096
4096
4096
4096
4096
4096
4097
4095
4096
4096
4096
4096
4096
4096
4096
4096
4096
4096
4096
4096
4096
4096
4096
4096
4096
4096
4096
4096
4096
4096
4096
4096
4096
4096
4096
4096
4096
4096
4096
4096
4096
4096
4096
4096
4096
4096
hit: 590
miss: 50
hitRatio: 0.921875
outlierSize: 179
nodecount=333
treeByteSize=2998
enCodeSize=337
/outSize/=3571
gZIP Compression output size: 1819
timecost, 0.130353, seconds
done
input file size: 5120
output file size: 1819
sz compression ratio, 2.81 
