current pwr_bound is 5e-3
cfgFile=sz.config
[SZ] Reading SZ configuration file (sz.config) ...
point count: 9680
pwrLength=303
pwrErrBoundBytes_size=606
pw_relBoundRatio=0.005000
hit: 9678
miss: 0
length of statenum:65536
nodecount=85
treeByteSize=596
enCodeSize=3260
-------insight of tdps
dataLength=9680
exactDataNum=2
realPrecision=1.437500
medianValue=0.000000
reqLength=20
quantization_intervals=20000
pwrErrBoundBytes_size=606
radExpo=8
-----------------------
timecost, 0.004523, seconds
done
input file size: 77440
output file size: 3083
sz compression ratio, 25.12 
timecost, 0.003950, second
done
Max absolute error = 1.498931884765625
Max relative error = 0.029465615150282616769
Max pw_relative err = 0.0049943408587557452244
../model_comparison/inputdata/sample_10/yf17_t.dat, ../model_comparison/inputdata/sample_10/yf17_t.dat.sz.out, 9680
size of double: 8
314.142670, 314.000000, -0.142670
313.640564, 313.000000, -0.640564
312.940399, 312.000000, -0.940399
311.858429, 311.000000, -0.858429
310.752106, 310.000000, -0.752106
309.794952, 309.000000, -0.794952
308.816376, 308.000000, -0.816376
308.059998, 307.000000, -1.059998
307.451996, 306.000000, -1.451996
306.817444, 308.000000, 1.182556
306.446625, 307.000000, 0.553375
306.186249, 306.000000, -0.186249
305.605682, 305.000000, -0.605682
305.613434, 307.000000, 1.386566
305.733032, 306.000000, 0.266968
305.351471, 305.000000, -0.351471
304.902405, 304.000000, -0.902405
305.171234, 306.000000, 0.828766
305.920349, 305.000000, -0.920349
306.718445, 307.000000, 0.281555
311.976746, 312.000000, 0.023254
311.121521, 311.000000, -0.121521
310.190491, 310.000000, -0.190491
309.296143, 309.000000, -0.296143
308.489471, 308.000000, -0.489471
307.738953, 307.000000, -0.738953
307.055969, 306.000000, -1.055969
306.425262, 305.000000, -1.425262
305.838867, 307.000000, 1.161133
305.297791, 306.000000, 0.702209
304.818542, 305.000000, 0.181458
304.382568, 304.000000, -0.382568
303.989655, 303.000000, -0.989655
303.639282, 305.000000, 1.360718
303.328125, 304.000000, 0.671875
303.057251, 303.000000, -0.057251
302.815613, 302.000000, -0.815613
302.601471, 304.000000, 1.398529
302.418274, 303.000000, 0.581726
302.263580, 302.000000, -0.263580
303.658539, 304.000000, 0.341461
303.552856, 303.000000, -0.552856
303.531525, 305.000000, 1.468475
303.541077, 304.000000, 0.458923
303.422943, 303.000000, -0.422943
303.337402, 302.000000, -1.337402
303.291840, 304.000000, 0.708160
303.315491, 303.000000, -0.315491
303.315735, 302.000000, -1.315735
303.277527, 304.000000, 0.722473
303.249451, 303.000000, -0.249451
303.182800, 302.000000, -1.182800
303.213501, 304.000000, 0.786499
303.285583, 303.000000, -0.285583
303.332733, 302.000000, -1.332733
303.365723, 304.000000, 0.634277
303.440094, 303.000000, -0.440094
303.524353, 305.000000, 1.475647
303.656586, 304.000000, 0.343414
303.724396, 303.000000, -0.724396
303.825684, 305.000000, 1.174316
303.933136, 304.000000, 0.066864
304.125122, 303.000000, -1.125122
304.216278, 305.000000, 0.783722
304.381012, 304.125000, -0.256012
304.474670, 303.250000, -1.224670
304.654724, 305.250000, 0.595276
304.818268, 304.375000, -0.443268
305.028259, 306.375000, 1.346741
305.100647, 305.500000, 0.399353
305.198364, 304.625000, -0.573364
305.386383, 306.625000, 1.238617
305.638458, 305.750000, 0.111542
305.768005, 304.875000, -0.893005
305.846863, 306.875000, 1.028137
306.070831, 306.000000, -0.070831
306.253540, 305.125000, -1.128540
306.518494, 307.125000, 0.606506
306.735962, 306.250000, -0.485962
306.890656, 308.250000, 1.359344
299.681976, 298.750000, -0.931976
299.581268, 300.750000, 1.168732
299.498260, 299.875000, 0.376740
299.429047, 299.000000, -0.429047
299.364105, 298.125000, -1.239105
299.318481, 300.125000, 0.806519
299.277069, 299.250000, -0.027069
299.240051, 298.375000, -0.865051
299.211884, 300.375000, 1.163116
299.191772, 299.500000, 0.308228
299.176361, 298.625000, -0.551361
299.166626, 297.750000, -1.416626
299.163635, 299.750000, 0.586365
299.162933, 298.875000, -0.287933
299.173218, 298.000000, -1.173218
299.194366, 300.000000, 0.805634
299.210510, 299.125000, -0.085510
299.240845, 298.250000, -0.990845
299.276855, 300.250000, 0.973145
299.317780, 299.375000, 0.057220
299.361389, 298.500000, -0.861389
299.412811, 300.500000, 1.087189
299.454498, 299.625000, 0.170502
299.519043, 298.750000, -0.769043
299.581757, 300.750000, 1.168243
299.637085, 299.875000, 0.237915
299.705383, 299.000000, -0.705383
299.770630, 301.000000, 1.229370
299.856842, 300.125000, 0.268158
300.005798, 299.250000, -0.755798
307.782166, 307.000000, -0.782166
308.037811, 309.000000, 0.962189
308.060669, 308.125000, 0.064331
308.070007, 307.250000, -0.820007
308.042419, 309.250000, 1.207581
307.977539, 308.375000, 0.397461
307.914307, 307.500000, -0.414307
307.894836, 306.625000, -1.269836
307.782471, 308.625000, 0.842529
307.747498, 307.750000, 0.002502
300.002686, 301.125000, 1.122314
300.002533, 300.250000, 0.247467
300.002594, 299.375000, -0.627594
300.003571, 301.375000, 1.371429
300.002533, 300.500000, 0.497467
300.002258, 299.625000, -0.377258
300.004181, 298.750000, -1.254181
300.002167, 300.750000, 0.747833
300.002502, 299.750000, -0.252502
300.002625, 298.750000, -1.252625
300.002563, 300.750000, 0.747437
300.002899, 299.750000, -0.252899
300.001648, 298.750000, -1.251648
300.002930, 300.750000, 0.747070
300.002930, 299.750000, -0.252930
300.002686, 298.750000, -1.252686
300.002106, 300.750000, 0.747894
300.002655, 299.750000, -0.252655
300.002563, 298.750000, -1.252563
300.001495, 300.750000, 0.748505
300.002502, 299.750000, -0.252502
300.002594, 298.750000, -1.252594
300.001587, 300.750000, 0.748413
300.002625, 299.750000, -0.252625
300.001556, 298.750000, -1.251556
300.002625, 300.750000, 0.747375
300.002808, 299.750000, -0.252808
300.001556, 298.750000, -1.251556
300.002411, 300.750000, 0.747589
300.001709, 299.750000, -0.251709
300.003204, 298.750000, -1.253204
300.001495, 300.750000, 0.748505
300.003754, 299.750000, -0.253754
300.002899, 298.750000, -1.252899
300.001465, 300.750000, 0.748535
300.002777, 299.750000, -0.252777
300.001617, 298.750000, -1.251617
300.002777, 300.750000, 0.747223
300.002838, 299.750000, -0.252838
300.001770, 298.750000, -1.251770
326.208557, 324.750000, -1.458557
312.449310, 311.750000, -0.699310
311.965576, 310.750000, -1.215576
330.724548, 330.750000, 0.025452
309.406647, 308.750000, -0.656647
325.868958, 325.750000, -0.118958
312.830139, 312.750000, -0.080139
312.533875, 311.750000, -0.783875
329.701141, 328.750000, -0.951141
309.083160, 309.750000, 0.666840
325.305878, 326.750000, 1.444122
313.077637, 313.750000, 0.672363
313.523376, 312.750000, -0.773376
303.423737, 302.750000, -0.673737
329.376526, 328.750000, -0.626526
313.669189, 312.750000, -0.919189
308.614777, 308.750000, 0.135223
309.892151, 310.750000, 0.857849
308.388763, 309.750000, 1.361237
308.075073, 308.750000, 0.674927
309.470673, 310.750000, 1.279327
307.905975, 306.750000, -1.155975
309.289551, 308.750000, -0.539551
307.656769, 307.750000, 0.093231
308.704803, 309.750000, 1.045197
308.991516, 308.750000, -0.241516
310.134338, 310.750000, 0.615662
303.350983, 303.750000, 0.399017
324.529388, 323.750000, -0.779388
313.948395, 313.750000, -0.198395
303.248260, 303.750000, 0.501740
303.214905, 302.750000, -0.464905
314.315369, 313.750000, -0.565369
323.696991, 324.750000, 1.053009
327.975220, 326.750000, -1.225220
314.680420, 313.750000, -0.930420
314.993805, 315.750000, 0.756195
310.655914, 311.750000, 1.094086
303.347473, 304.750000, 1.402527
303.498322, 303.750000, 0.251678
304.487305, 305.750000, 1.262695
305.115845, 304.750000, -0.365845
310.771576, 309.750000, -1.021576
306.356049, 305.750000, -0.606049
303.891235, 304.750000, 0.858765
307.931641, 306.750000, -1.181641
304.857727, 305.750000, 0.892273
303.843811, 304.750000, 0.906189
305.349792, 306.750000, 1.400208
303.609009, 302.750000, -0.859009
303.498840, 304.750000, 1.251160
310.577209, 309.750000, -0.827209
308.437469, 308.750000, 0.312531
306.076996, 304.750000, -1.326996
304.159912, 303.750000, -0.409912
306.733795, 305.750000, -0.983795
305.859650, 304.750000, -1.109650
302.967010, 303.750000, 0.782990
308.870758, 308.750000, -0.120758
304.809570, 304.750000, -0.059570
304.936127, 303.750000, -1.186127
302.687195, 302.750000, 0.062805
303.432953, 304.750000, 1.317047
305.556183, 306.750000, 1.193817
304.556427, 305.875000, 1.318573
303.720490, 305.000000, 1.279510
303.855499, 304.125000, 0.269501
303.570648, 303.250000, -0.320648
302.631683, 302.375000, -0.256683
302.218719, 301.500000, -0.718719
303.365906, 303.500000, 0.134094
303.095886, 302.625000, -0.470886
302.543182, 301.750000, -0.793182
302.061279, 300.875000, -1.186279
302.669708, 302.875000, 0.205292
302.575043, 302.000000, -0.575043
302.067688, 301.125000, -0.942688
302.588013, 303.125000, 0.536987
301.865051, 302.250000, 0.384949
305.747833, 307.125000, 1.377167
297.978851, 297.625000, -0.353851
305.635651, 305.375000, -0.260651
297.659637, 298.750000, 1.090363
297.940399, 297.875000, -0.065399
305.419952, 305.625000, 0.205048
297.925720, 299.000000, 1.074280
305.180420, 303.875000, -1.305420
304.989655, 305.875000, 0.885345
297.931610, 299.250000, 1.318390
297.945038, 298.375000, 0.429962
304.723358, 306.125000, 1.401642
315.708984, 316.750000, 1.041016
297.440765, 298.625000, 1.184235
304.505066, 303.500000, -1.005066
297.978394, 296.875000, -1.103394
304.244904, 304.625000, 0.380096
297.456207, 298.000000, 0.543793
303.864349, 302.875000, -0.989349
304.078644, 304.875000, 0.796356
298.004272, 298.250000, 0.245728
304.032806, 303.125000, -0.907806
314.332794, 313.750000, -0.582794
305.406830, 304.250000, -1.156830
305.122345, 306.250000, 1.127655
298.066345, 296.750000, -1.316345
303.782440, 304.500000, 0.717560
304.955261, 303.625000, -1.330261
304.077850, 302.750000, -1.327850
302.825287, 301.875000, -0.950287
303.961426, 303.875000, -0.086426
313.823120, 314.500000, 0.676880
303.571747, 305.000000, 1.428253
298.087463, 298.375000, 0.287537
304.636383, 303.250000, -1.386383
313.223999, 313.875000, 0.651001
312.489746, 313.000000, 0.510254
312.332214, 312.125000, -0.207214
314.932892, 314.125000, -0.807892
303.317413, 304.625000, 1.307587
304.491852, 303.750000, -0.741852
309.592987, 308.625000, -0.967987
310.587769, 310.625000, 0.037231
311.082550, 309.750000, -1.332550
301.827484, 303.125000, 1.297516
297.084381, 296.500000, -0.584381
304.280487, 304.250000, -0.030487
304.548737, 303.375000, -1.173737
303.954620, 305.375000, 1.420380
304.816437, 304.500000, -0.316437
304.896545, 303.625000, -1.271545
313.584503, 314.250000, 0.665497
305.520203, 304.750000, -0.770203
303.817719, 303.875000, 0.057281
305.986755, 305.875000, -0.111755
306.275635, 305.000000, -1.275635
306.714935, 307.000000, 0.285065
303.648193, 303.250000, -0.398193
307.238770, 308.125000, 0.886230
303.349121, 304.375000, 1.025879
297.047455, 297.750000, 0.702545
297.034271, 296.875000, -0.159271
297.008087, 296.000000, -1.008087
303.139465, 303.750000, 0.610535
307.917999, 308.625000, 0.707001
303.036530, 302.000000, -1.036530
308.577423, 309.750000, 1.172577
302.853516, 303.125000, 0.271484
302.770813, 302.250000, -0.520813
302.632141, 301.375000, -1.257141
302.460846, 303.375000, 0.914154
302.320099, 302.500000, 0.179901
302.480560, 301.625000, -0.855560
302.946594, 303.625000, 0.678406
301.974426, 302.750000, 0.775574
303.390961, 304.750000, 1.359039
297.805878, 298.125000, 0.319122
297.613953, 297.250000, -0.363953
302.220245, 302.125000, -0.095245
297.469330, 298.375000, 0.905670
301.143616, 300.375000, -0.768616
305.351349, 305.250000, -0.101349
303.051056, 304.375000, 1.323944
298.210999, 297.750000, -0.460999
311.250122, 311.250000, -0.000122
302.741241, 301.750000, -0.991241
302.758240, 303.750000, 0.991760
310.515137, 311.500000, 0.984863
305.045074, 304.875000, -0.170074
311.241486, 312.625000, 1.383514
309.805145, 308.875000, -0.930145
310.458435, 310.875000, 0.416565
309.714691, 310.000000, 0.285309
298.248291, 297.625000, -0.623291
304.672638, 305.375000, 0.702362
302.815826, 301.625000, -1.190826
301.356323, 300.750000, -0.606323
302.469208, 302.750000, 0.280792
301.615967, 301.875000, 0.259033
301.561920, 301.000000, -0.561920
301.779510, 303.000000, 1.220490
304.369659, 305.000000, 0.630341
302.773712, 304.125000, 1.351288
298.283905, 297.500000, -0.783905
302.137390, 302.375000, 0.237610
304.087646, 304.375000, 0.287354
309.240387, 309.250000, 0.009613
308.732147, 308.375000, -0.357147
308.029388, 307.500000, -0.529388
301.856750, 300.875000, -0.981750
298.334991, 297.125000, -1.209991
297.568634, 296.250000, -1.318634
297.618103, 298.250000, 0.631897
302.900452, 303.125000, 0.224548
301.747314, 302.250000, 0.502686
302.891235, 304.250000, 1.358765
303.724976, 303.375000, -0.349976
297.563629, 296.750000, -0.813629
297.609039, 298.750000, 1.140961
301.626007, 300.750000, -0.876007
298.384705, 297.000000, -1.384705
299.039978, 299.000000, -0.039978
300.380341, 301.000000, 0.619659
299.387451, 300.125000, 0.737549
299.312073, 299.250000, -0.062073
299.465149, 298.375000, -1.090149
300.149048, 300.375000, 0.225952
299.570679, 299.500000, -0.070679
299.994324, 298.625000, -1.369324
299.674927, 300.625000, 0.950073
299.835358, 299.750000, -0.085358
299.136780, 298.875000, -0.261780
298.976837, 298.000000, -0.976837
299.103241, 300.000000, 0.896759
298.994568, 299.125000, 0.130432
299.064697, 298.250000, -0.814697
299.032013, 300.250000, 1.217987
299.423340, 299.375000, -0.048340
300.967102, 301.375000, 0.407898
302.222015, 303.375000, 1.152985
299.004120, 299.625000, 0.620880
299.316284, 298.750000, -0.566284
299.465424, 300.750000, 1.284576
299.343292, 299.875000, 0.531708
300.678284, 301.875000, 1.196716
300.970856, 301.000000, 0.029144
301.998291, 303.000000, 1.001709
302.399475, 302.125000, -0.274475
299.699738, 298.375000, -1.324738
301.514923, 300.375000, -1.139923
298.971008, 299.500000, 0.528992
299.054230, 298.625000, -0.429230
299.150269, 297.750000, -1.400269
299.215363, 299.750000, 0.534637
299.286499, 298.875000, -0.411499
299.463867, 300.875000, 1.411133
299.077728, 300.000000, 0.922272
299.695435, 299.125000, -0.570435
300.189545, 301.125000, 0.935455
299.004272, 300.250000, 1.245728
298.969574, 299.375000, 0.405426
303.422424, 304.250000, 0.827576
306.020386, 306.250000, 0.229614
304.056549, 305.375000, 1.318451
305.161682, 304.500000, -0.661682
307.052704, 306.500000, -0.552704
305.419495, 305.625000, 0.205505
306.884888, 307.625000, 0.740112
307.673187, 306.750000, -0.923187
305.236420, 305.875000, 0.638580
305.820953, 305.000000, -0.820953
307.541107, 307.000000, -0.541107
308.180817, 309.000000, 0.819183
308.645416, 308.125000, -0.520416
308.559296, 307.250000, -1.309296
305.002899, 306.375000, 1.372101
308.639709, 308.375000, -0.264709
304.482178, 304.375000, -0.107178
304.736298, 303.375000, -1.361298
308.246216, 308.375000, 0.128784
308.715881, 307.375000, -1.340881
305.609467, 306.375000, 0.765533
308.646912, 308.375000, -0.271912
308.195892, 307.375000, -0.820892
308.166870, 309.375000, 1.208130
306.695770, 305.375000, -1.320770
308.411041, 307.375000, -1.036041
307.819031, 306.375000, -1.444031
308.539642, 308.375000, -0.164642
307.175964, 307.375000, 0.199036
308.535980, 309.375000, 0.839020
306.160248, 305.375000, -0.785248
308.050537, 307.375000, -0.675537
303.320496, 303.375000, 0.054504
302.837219, 302.375000, -0.462219
303.696625, 304.375000, 0.678375
306.315948, 306.375000, 0.059052
307.395355, 308.375000, 0.979645
306.839661, 307.375000, 0.535339
303.878510, 303.375000, -0.503510
304.288574, 305.375000, 1.086426
305.289337, 304.375000, -0.914337
307.456757, 306.375000, -1.081757
305.355988, 305.375000, 0.019012
307.734589, 307.375000, -0.359589
306.068085, 306.375000, 0.306915
304.750946, 305.375000, 0.624054
305.495209, 304.375000, -1.120209
307.084961, 306.375000, -0.709961
306.720764, 305.375000, -1.345764
306.566559, 307.375000, 0.808441
307.778931, 306.375000, -1.403931
305.154785, 305.375000, 0.220215
304.888947, 304.375000, -0.513947
307.198334, 306.375000, -0.823334
306.826019, 305.375000, -1.451019
306.488190, 307.375000, 0.886810
305.881256, 306.375000, 0.493744
303.854828, 302.375000, -1.479828
304.665161, 304.375000, -0.290161
306.156921, 306.375000, 0.218079
304.325531, 305.375000, 1.049469
303.723511, 304.375000, 0.651489
305.946259, 306.375000, 0.428741
305.824951, 305.375000, -0.449951
306.105072, 307.375000, 1.269928
305.772369, 306.375000, 0.602631
305.829773, 305.375000, -0.454773
306.453491, 307.375000, 0.921509
306.485596, 306.375000, -0.110596
306.373810, 305.375000, -0.998810
306.036499, 307.375000, 1.338501
305.530701, 306.375000, 0.844299
306.549408, 305.375000, -1.174408
305.607635, 304.375000, -1.232635
305.343445, 306.375000, 1.031555
306.707642, 305.375000, -1.332642
305.337372, 304.375000, -0.962372
306.774872, 306.375000, -0.399872
305.115936, 305.375000, 0.259064
306.860413, 307.375000, 0.514587
308.754272, 309.375000, 0.620728
308.877533, 308.375000, -0.502533
304.927917, 304.375000, -0.552917
308.969696, 309.375000, 0.405304
308.965424, 308.375000, -0.590424
304.915710, 304.375000, -0.540710
304.700653, 303.375000, -1.325653
308.970978, 308.375000, -0.595978
309.005096, 310.375000, 1.369904
304.585480, 303.375000, -1.210480
304.382660, 305.375000, 0.992340
304.326141, 304.375000, 0.048859
304.124847, 303.375000, -0.749847
304.006897, 305.375000, 1.368103
303.803528, 304.375000, 0.571472
303.753845, 303.375000, -0.378845
303.558868, 302.375000, -1.183868
303.443329, 304.375000, 0.931671
301.992493, 303.375000, 1.382507
302.075958, 302.375000, 0.299042
totaldiff=7010.2944946289, sz=9680, average absolute error value:0.7242039767
totaldiff=23.2204595894, sz=9680, average relative error rate:0.0023988078
