current pwr_bound is 5e-8
cfgFile=sz.config
[SZ] Reading SZ configuration file (sz.config) ...
point count: 9680
pwrLength=303
pwrErrBoundBytes_size=606
pw_relBoundRatio=0.000000
hit: 4432
miss: 5246
length of statenum:65536
nodecount=5085
treeByteSize=45766
enCodeSize=7291
-------insight of tdps
dataLength=9680
exactDataNum=5248
realPrecision=0.000015
medianValue=0.000000
reqLength=37
quantization_intervals=20000
pwrErrBoundBytes_size=606
radExpo=8
-----------------------
timecost, 0.006208, seconds
done
input file size: 77440
output file size: 43678
sz compression ratio, 1.77 
timecost, 0.006291, second
done
Max absolute error = 1.430511474609375E-05
Max relative error = 2.8120624430838563316E-07
Max pw_relative err = 4.8017037213075797537E-08
../model_comparison/inputdata/sample_10/yf17_t.dat, ../model_comparison/inputdata/sample_10/yf17_t.dat.sz.out, 9680
size of double: 8
314.142670, 314.142670, 0.000000
313.640564, 313.640564, 0.000000
312.940399, 312.940410, 0.000010
311.858429, 311.858429, 0.000000
310.752106, 310.752117, 0.000011
309.794952, 309.794955, 0.000003
308.816376, 308.816389, 0.000013
308.059998, 308.059996, -0.000002
307.451996, 307.451983, -0.000012
306.817444, 306.817452, 0.000009
306.446625, 306.446631, 0.000007
306.186249, 306.186261, 0.000012
305.605682, 305.605682, 0.000000
305.613434, 305.613434, 0.000000
305.733032, 305.733026, -0.000007
305.351471, 305.351471, 0.000000
304.902405, 304.902392, -0.000012
305.171234, 305.171234, 0.000000
305.920349, 305.920349, 0.000000
306.718445, 306.718451, 0.000007
311.976746, 311.976746, 0.000000
311.121521, 311.121521, 0.000000
310.190491, 310.190495, 0.000004
309.296143, 309.296157, 0.000014
308.489471, 308.489476, 0.000005
307.738953, 307.738967, 0.000014
307.055969, 307.055982, 0.000012
306.425262, 306.425265, 0.000003
305.838867, 305.838865, -0.000002
305.297791, 305.297787, -0.000004
304.818542, 304.818556, 0.000013
304.382568, 304.382577, 0.000009
303.989655, 303.989643, -0.000011
303.639282, 303.639281, -0.000001
303.328125, 303.328121, -0.000004
303.057251, 303.057257, 0.000006
302.815613, 302.815601, -0.000011
302.601471, 302.601470, -0.000001
302.418274, 302.418262, -0.000011
302.263580, 302.263584, 0.000004
303.658539, 303.658539, 0.000000
303.552856, 303.552856, 0.000000
303.531525, 303.531520, -0.000005
303.541077, 303.541078, 0.000001
303.422943, 303.422949, 0.000006
303.337402, 303.337399, -0.000003
303.291840, 303.291850, 0.000010
303.315491, 303.315480, -0.000010
303.315735, 303.315725, -0.000010
303.277527, 303.277537, 0.000010
303.249451, 303.249460, 0.000010
303.182800, 303.182802, 0.000002
303.213501, 303.213498, -0.000003
303.285583, 303.285583, 0.000000
303.332733, 303.332747, 0.000013
303.365723, 303.365719, -0.000004
303.440094, 303.440081, -0.000013
303.524353, 303.524346, -0.000007
303.656586, 303.656594, 0.000009
303.724396, 303.724393, -0.000003
303.825684, 303.825687, 0.000004
303.933136, 303.933131, -0.000005
304.125122, 304.125128, 0.000006
304.216278, 304.216282, 0.000004
304.381012, 304.381021, 0.000009
304.474670, 304.474658, -0.000012
304.654724, 304.654711, -0.000013
304.818268, 304.818267, -0.000001
305.028259, 305.028268, 0.000009
305.100647, 305.100649, 0.000002
305.198364, 305.198366, 0.000002
305.386383, 305.386372, -0.000011
305.638458, 305.638472, 0.000013
305.768005, 305.768000, -0.000006
305.846863, 305.846855, -0.000008
306.070831, 306.070840, 0.000009
306.253540, 306.253553, 0.000013
306.518494, 306.518484, -0.000010
306.735962, 306.735965, 0.000003
306.890656, 306.890652, -0.000004
299.681976, 299.681976, 0.000000
299.581268, 299.581268, 0.000000
299.498260, 299.498269, 0.000009
299.429047, 299.429047, 0.000000
299.364105, 299.364111, 0.000006
299.318481, 299.318480, -0.000001
299.277069, 299.277078, 0.000009
299.240051, 299.240050, -0.000001
299.211884, 299.211892, 0.000009
299.191772, 299.191775, 0.000003
299.176361, 299.176359, -0.000002
299.166626, 299.166619, -0.000007
299.163635, 299.163650, 0.000014
299.162933, 299.162927, -0.000007
299.173218, 299.173231, 0.000013
299.194366, 299.194356, -0.000010
299.210510, 299.210514, 0.000004
299.240845, 299.240833, -0.000011
299.276855, 299.276858, 0.000003
299.317780, 299.317791, 0.000011
299.361389, 299.361384, -0.000005
299.412811, 299.412812, 0.000001
299.454498, 299.454484, -0.000014
299.519043, 299.519038, -0.000005
299.581757, 299.581759, 0.000003
299.637085, 299.637090, 0.000005
299.705383, 299.705369, -0.000014
299.770630, 299.770633, 0.000003
299.856842, 299.856828, -0.000014
300.005798, 300.005787, -0.000011
307.782166, 307.782166, 0.000000
308.037811, 308.037811, 0.000000
308.060669, 308.060671, 0.000002
308.070007, 308.070020, 0.000012
308.042419, 308.042414, -0.000006
307.977539, 307.977528, -0.000011
307.914307, 307.914297, -0.000010
307.894836, 307.894851, 0.000014
307.782471, 307.782485, 0.000014
307.747498, 307.747488, -0.000010
300.002686, 300.002686, 0.000000
300.002533, 300.002533, 0.000000
300.002594, 300.002587, -0.000007
300.003571, 300.003558, -0.000012
300.002533, 300.002519, -0.000014
300.002258, 300.002248, -0.000010
300.004181, 300.004194, 0.000013
300.002167, 300.002179, 0.000012
300.002502, 300.002500, -0.000003
300.002625, 300.002613, -0.000011
300.002563, 300.002549, -0.000014
300.002899, 300.002899, 0.000000
300.001648, 300.001653, 0.000005
300.002930, 300.002919, -0.000010
300.002930, 300.002944, 0.000014
300.002686, 300.002673, -0.000012
300.002106, 300.002107, 0.000001
300.002655, 300.002664, 0.000009
300.002563, 300.002570, 0.000007
300.001495, 300.001501, 0.000006
300.002502, 300.002501, -0.000001
300.002594, 300.002585, -0.000009
300.001587, 300.001575, -0.000011
300.002625, 300.002635, 0.000010
300.001556, 300.001566, 0.000010
300.002625, 300.002625, 0.000001
300.002808, 300.002798, -0.000010
300.001556, 300.001552, -0.000005
300.002411, 300.002404, -0.000007
300.001709, 300.001719, 0.000010
300.003204, 300.003193, -0.000011
300.001495, 300.001503, 0.000008
300.003754, 300.003745, -0.000009
300.002899, 300.002913, 0.000013
300.001465, 300.001459, -0.000006
300.002777, 300.002785, 0.000008
300.001617, 300.001627, 0.000010
300.002777, 300.002775, -0.000002
300.002838, 300.002830, -0.000009
300.001770, 300.001760, -0.000010
326.208557, 326.208557, 0.000000
312.449310, 312.449310, 0.000000
311.965576, 311.965576, 0.000000
330.724548, 330.724548, 0.000000
309.406647, 309.406647, 0.000000
325.868958, 325.868958, 0.000000
312.830139, 312.830139, 0.000000
312.533875, 312.533875, 0.000000
329.701141, 329.701141, 0.000000
309.083160, 309.083160, 0.000000
325.305878, 325.305878, 0.000000
313.077637, 313.077637, 0.000000
313.523376, 313.523376, 0.000000
303.423737, 303.423737, 0.000000
329.376526, 329.376526, 0.000000
313.669189, 313.669189, 0.000000
308.614777, 308.614777, 0.000000
309.892151, 309.892151, 0.000000
308.388763, 308.388763, 0.000000
308.075073, 308.075073, 0.000000
309.470673, 309.470673, 0.000000
307.905975, 307.905975, 0.000000
309.289551, 309.289551, 0.000000
307.656769, 307.656769, 0.000000
308.704803, 308.704803, 0.000000
308.991516, 308.991516, 0.000000
310.134338, 310.134338, 0.000000
303.350983, 303.350983, 0.000000
324.529388, 324.529388, 0.000000
313.948395, 313.948395, 0.000000
303.248260, 303.248259, -0.000002
303.214905, 303.214905, 0.000000
314.315369, 314.315369, 0.000000
323.696991, 323.696991, 0.000000
327.975220, 327.975220, 0.000000
314.680420, 314.680420, 0.000000
314.993805, 314.993805, 0.000000
310.655914, 310.655914, 0.000000
303.347473, 303.347473, 0.000000
303.498322, 303.498322, 0.000000
304.487305, 304.487305, 0.000000
305.115845, 305.115845, 0.000000
310.771576, 310.771576, 0.000000
306.356049, 306.356049, 0.000000
303.891235, 303.891235, 0.000000
307.931641, 307.931641, 0.000000
304.857727, 304.857727, 0.000000
303.843811, 303.843811, 0.000000
305.349792, 305.349792, 0.000000
303.609009, 303.609009, 0.000000
303.498840, 303.498840, 0.000000
310.577209, 310.577209, 0.000000
308.437469, 308.437469, 0.000000
306.076996, 306.077005, 0.000010
304.159912, 304.159912, 0.000000
306.733795, 306.733795, 0.000000
305.859650, 305.859650, 0.000000
302.967010, 302.967010, 0.000000
308.870758, 308.870758, 0.000000
304.809570, 304.809570, 0.000000
304.936127, 304.936127, 0.000000
302.687195, 302.687195, 0.000000
303.432953, 303.432953, 0.000000
305.556183, 305.556183, 0.000000
304.556427, 304.556427, 0.000000
303.720490, 303.720485, -0.000005
303.855499, 303.855499, 0.000000
303.570648, 303.570648, 0.000000
302.631683, 302.631683, 0.000000
302.218719, 302.218719, 0.000000
303.365906, 303.365906, 0.000000
303.095886, 303.095886, 0.000000
302.543182, 302.543177, -0.000006
302.061279, 302.061273, -0.000007
302.669708, 302.669708, 0.000000
302.575043, 302.575043, 0.000000
302.067688, 302.067688, 0.000000
302.588013, 302.588013, 0.000000
301.865051, 301.865051, 0.000000
305.747833, 305.747833, 0.000000
297.978851, 297.978851, 0.000000
305.635651, 305.635651, 0.000000
297.659637, 297.659637, 0.000000
297.940399, 297.940399, 0.000000
305.419952, 305.419952, 0.000000
297.925720, 297.925720, 0.000000
305.180420, 305.180420, 0.000000
304.989655, 304.989655, 0.000000
297.931610, 297.931610, 0.000000
297.945038, 297.945038, 0.000000
304.723358, 304.723358, 0.000000
315.708984, 315.708984, 0.000000
297.440765, 297.440765, 0.000000
304.505066, 304.505066, 0.000000
297.978394, 297.978394, 0.000000
304.244904, 304.244904, 0.000000
297.456207, 297.456207, 0.000000
303.864349, 303.864349, 0.000000
304.078644, 304.078644, 0.000000
298.004272, 298.004272, 0.000000
304.032806, 304.032806, 0.000000
314.332794, 314.332794, 0.000000
305.406830, 305.406830, 0.000000
305.122345, 305.122345, 0.000000
298.066345, 298.066345, 0.000000
303.782440, 303.782440, 0.000000
304.955261, 304.955261, 0.000000
304.077850, 304.077850, 0.000000
302.825287, 302.825287, 0.000000
303.961426, 303.961426, 0.000000
313.823120, 313.823120, 0.000000
303.571747, 303.571747, 0.000000
298.087463, 298.087463, 0.000000
304.636383, 304.636383, 0.000000
313.223999, 313.223999, 0.000000
312.489746, 312.489746, 0.000000
312.332214, 312.332214, 0.000000
314.932892, 314.932892, 0.000000
303.317413, 303.317413, 0.000000
304.491852, 304.491852, 0.000000
309.592987, 309.592987, 0.000000
310.587769, 310.587769, 0.000000
311.082550, 311.082550, 0.000000
301.827484, 301.827484, 0.000000
297.084381, 297.084381, 0.000000
304.280487, 304.280487, 0.000000
304.548737, 304.548737, 0.000000
303.954620, 303.954620, 0.000000
304.816437, 304.816437, 0.000000
304.896545, 304.896545, 0.000000
313.584503, 313.584503, 0.000000
305.520203, 305.520203, 0.000000
303.817719, 303.817719, 0.000000
305.986755, 305.986755, 0.000000
306.275635, 306.275635, 0.000000
306.714935, 306.714935, 0.000000
303.648193, 303.648193, 0.000000
307.238770, 307.238770, 0.000000
303.349121, 303.349121, 0.000000
297.047455, 297.047455, 0.000000
297.034271, 297.034271, 0.000000
297.008087, 297.008080, -0.000008
303.139465, 303.139465, 0.000000
307.917999, 307.917999, 0.000000
303.036530, 303.036530, 0.000000
308.577423, 308.577423, 0.000000
302.853516, 302.853516, 0.000000
302.770813, 302.770813, 0.000000
302.632141, 302.632146, 0.000005
302.460846, 302.460840, -0.000006
302.320099, 302.320104, 0.000005
302.480560, 302.480560, 0.000000
302.946594, 302.946594, 0.000000
301.974426, 301.974426, 0.000000
303.390961, 303.390961, 0.000000
297.805878, 297.805878, 0.000000
297.613953, 297.613953, 0.000000
302.220245, 302.220245, 0.000000
297.469330, 297.469330, 0.000000
301.143616, 301.143616, 0.000000
305.351349, 305.351349, 0.000000
303.051056, 303.051056, 0.000000
298.210999, 298.210999, 0.000000
311.250122, 311.250122, 0.000000
302.741241, 302.741241, 0.000000
302.758240, 302.758240, 0.000000
310.515137, 310.515137, 0.000000
305.045074, 305.045074, 0.000000
311.241486, 311.241486, 0.000000
309.805145, 309.805145, 0.000000
310.458435, 310.458435, 0.000000
309.714691, 309.714691, 0.000000
298.248291, 298.248291, 0.000000
304.672638, 304.672638, 0.000000
302.815826, 302.815826, 0.000000
301.356323, 301.356323, 0.000000
302.469208, 302.469208, 0.000000
301.615967, 301.615967, 0.000000
301.561920, 301.561920, 0.000000
301.779510, 301.779507, -0.000004
304.369659, 304.369659, 0.000000
302.773712, 302.773712, 0.000000
298.283905, 298.283905, 0.000000
302.137390, 302.137390, 0.000000
304.087646, 304.087646, 0.000000
309.240387, 309.240387, 0.000000
308.732147, 308.732147, 0.000000
308.029388, 308.029377, -0.000011
301.856750, 301.856750, 0.000000
298.334991, 298.334991, 0.000000
297.568634, 297.568634, 0.000000
297.618103, 297.618103, 0.000000
302.900452, 302.900452, 0.000000
301.747314, 301.747314, 0.000000
302.891235, 302.891235, 0.000000
303.724976, 303.724976, 0.000000
297.563629, 297.563629, 0.000000
297.609039, 297.609039, 0.000000
301.626007, 301.626007, 0.000000
298.384705, 298.384705, 0.000000
299.039978, 299.039978, 0.000000
300.380341, 300.380341, 0.000000
299.387451, 299.387451, 0.000000
299.312073, 299.312073, 0.000000
299.465149, 299.465135, -0.000014
300.149048, 300.149048, 0.000000
299.570679, 299.570679, 0.000000
299.994324, 299.994324, 0.000000
299.674927, 299.674927, 0.000000
299.835358, 299.835358, 0.000000
299.136780, 299.136780, 0.000000
298.976837, 298.976837, 0.000000
299.103241, 299.103251, 0.000010
298.994568, 298.994572, 0.000004
299.064697, 299.064695, -0.000002
299.032013, 299.032025, 0.000012
299.423340, 299.423340, 0.000000
300.967102, 300.967102, 0.000000
302.222015, 302.222025, 0.000010
299.004120, 299.004120, 0.000000
299.316284, 299.316284, 0.000000
299.465424, 299.465433, 0.000010
299.343292, 299.343304, 0.000011
300.678284, 300.678284, 0.000000
300.970856, 300.970856, 0.000000
301.998291, 301.998291, 0.000000
302.399475, 302.399475, 0.000000
299.699738, 299.699738, 0.000000
301.514923, 301.514923, 0.000000
298.971008, 298.971008, 0.000000
299.054230, 299.054230, 0.000000
299.150269, 299.150282, 0.000013
299.215363, 299.215351, -0.000011
299.286499, 299.286510, 0.000011
299.463867, 299.463863, -0.000004
299.077728, 299.077728, 0.000000
299.695435, 299.695435, 0.000000
300.189545, 300.189534, -0.000010
299.004272, 299.004272, 0.000000
298.969574, 298.969574, 0.000000
303.422424, 303.422424, 0.000000
306.020386, 306.020386, 0.000000
304.056549, 304.056549, 0.000000
305.161682, 305.161682, 0.000000
307.052704, 307.052704, 0.000000
305.419495, 305.419495, 0.000000
306.884888, 306.884888, 0.000000
307.673187, 307.673187, 0.000000
305.236420, 305.236420, 0.000000
305.820953, 305.820953, 0.000000
307.541107, 307.541107, 0.000000
308.180817, 308.180817, 0.000000
308.645416, 308.645419, 0.000003
308.559296, 308.559296, 0.000000
305.002899, 305.002899, 0.000000
308.639709, 308.639709, 0.000000
304.482178, 304.482178, 0.000000
304.736298, 304.736298, 0.000000
308.246216, 308.246216, 0.000000
308.715881, 308.715881, 0.000000
305.609467, 305.609467, 0.000000
308.646912, 308.646912, 0.000000
308.195892, 308.195892, 0.000000
308.166870, 308.166870, 0.000000
306.695770, 306.695770, 0.000000
308.411041, 308.411041, 0.000000
307.819031, 307.819031, 0.000000
308.539642, 308.539642, 0.000000
307.175964, 307.175964, 0.000000
308.535980, 308.535980, 0.000000
306.160248, 306.160248, 0.000000
308.050537, 308.050537, 0.000000
303.320496, 303.320496, 0.000000
302.837219, 302.837219, 0.000000
303.696625, 303.696625, 0.000000
306.315948, 306.315948, 0.000000
307.395355, 307.395355, 0.000000
306.839661, 306.839661, 0.000000
303.878510, 303.878510, 0.000000
304.288574, 304.288574, 0.000000
305.289337, 305.289337, 0.000000
307.456757, 307.456757, 0.000000
305.355988, 305.355988, 0.000000
307.734589, 307.734589, 0.000000
306.068085, 306.068085, 0.000000
304.750946, 304.750946, 0.000000
305.495209, 305.495209, 0.000000
307.084961, 307.084961, 0.000000
306.720764, 306.720764, 0.000000
306.566559, 306.566560, 0.000001
307.778931, 307.778931, 0.000000
305.154785, 305.154785, 0.000000
304.888947, 304.888947, 0.000000
307.198334, 307.198334, 0.000000
306.826019, 306.826019, 0.000000
306.488190, 306.488176, -0.000013
305.881256, 305.881243, -0.000013
303.854828, 303.854828, 0.000000
304.665161, 304.665161, 0.000000
306.156921, 306.156921, 0.000000
304.325531, 304.325531, 0.000000
303.723511, 303.723511, 0.000000
305.946259, 305.946259, 0.000000
305.824951, 305.824951, 0.000000
306.105072, 306.105072, 0.000000
305.772369, 305.772369, 0.000000
305.829773, 305.829773, 0.000000
306.453491, 306.453491, 0.000000
306.485596, 306.485596, 0.000000
306.373810, 306.373813, 0.000003
306.036499, 306.036487, -0.000012
305.530701, 305.530705, 0.000005
306.549408, 306.549408, 0.000000
305.607635, 305.607635, 0.000000
305.343445, 305.343445, 0.000000
306.707642, 306.707642, 0.000000
305.337372, 305.337372, 0.000000
306.774872, 306.774872, 0.000000
305.115936, 305.115936, 0.000000
306.860413, 306.860413, 0.000000
308.754272, 308.754275, 0.000003
308.877533, 308.877533, 0.000000
304.927917, 304.927917, 0.000000
308.969696, 308.969696, 0.000000
308.965424, 308.965424, 0.000000
304.915710, 304.915710, 0.000000
304.700653, 304.700653, 0.000000
308.970978, 308.970978, 0.000000
309.005096, 309.005096, 0.000000
304.585480, 304.585480, 0.000000
304.382660, 304.382660, 0.000000
304.326141, 304.326152, 0.000010
304.124847, 304.124840, -0.000008
304.006897, 304.006898, 0.000001
303.803528, 303.803516, -0.000011
303.753845, 303.753838, -0.000008
303.558868, 303.558882, 0.000013
303.443329, 303.443335, 0.000006
301.992493, 301.992493, 0.000000
302.075958, 302.075958, 0.000000
totaldiff=0.0327215195, sz=9680, average absolute error value:0.0000033803
totaldiff=0.0001088972, sz=9680, average relative error rate:0.0000000112
